age+0 Sat Jan 01 11:16:00 CST 1 creation
sleepiness-50 Sat Jan 01 11:17:00 CST 1 Working
income+10 Sat Jan 01 11:17:00 CST 1 New Income
debt-10 Sat Jan 01 11:17:00 CST 1 Payment
sleepiness-50 Sat Jan 01 11:58:00 CST 1 Working
income+10 Sat Jan 01 11:58:00 CST 1 New Income
debt-10 Sat Jan 01 11:58:00 CST 1 Payment
companionship+10 Sat Jan 01 15:46:00 CST 1 Procreating
sleepiness-10 Sat Jan 01 15:46:00 CST 1 Procreating
sleepiness+100 Sun Jan 02 01:18:00 CST 1 Going home
sleepiness-50 Sun Jan 02 01:28:00 CST 1 Working
income+10 Sun Jan 02 01:28:00 CST 1 New Income
debt-10 Sun Jan 02 01:28:00 CST 1 Payment
sleepiness-50 Sun Jan 02 02:07:00 CST 1 Working
income+10 Sun Jan 02 02:07:00 CST 1 New Income
debt-10 Sun Jan 02 02:07:00 CST 1 Payment
sleepiness+100 Sun Jan 02 02:49:00 CST 1 Going home
sleepiness-50 Sun Jan 02 03:47:00 CST 1 Working
income+10 Sun Jan 02 03:47:00 CST 1 New Income
debt-10 Sun Jan 02 03:47:00 CST 1 Payment
sleepiness-50 Sun Jan 02 04:19:00 CST 1 Working
income+10 Sun Jan 02 04:19:00 CST 1 New Income
debt-10 Sun Jan 02 04:19:00 CST 1 Payment
sleepiness+100 Sun Jan 02 04:38:00 CST 1 Going home
sleepiness-50 Sun Jan 02 05:37:00 CST 1 Working
income+10 Sun Jan 02 05:37:00 CST 1 New Income
debt-10 Sun Jan 02 05:37:00 CST 1 Payment
sleepiness-50 Sun Jan 02 06:29:00 CST 1 Working
income+10 Sun Jan 02 06:29:00 CST 1 New Income
debt-10 Sun Jan 02 06:29:00 CST 1 Payment
sleepiness+100 Sun Jan 02 07:33:00 CST 1 Going home
sleepiness-50 Sun Jan 02 08:34:00 CST 1 Working
income+10 Sun Jan 02 08:34:00 CST 1 New Income
debt-10 Sun Jan 02 08:34:00 CST 1 Payment
income+0 Sun Jan 02 09:22:00 CST 1 Bought a House
bills+0 Sun Jan 02 09:22:00 CST 1 Bought a House
taxes+0 Sun Jan 02 09:22:00 CST 1 Bought a House
savings+67 Sun Jan 02 09:22:00 CST 1 Bought a House
debt+33 Sun Jan 02 09:22:00 CST 1 Bought a House
sleepiness-50 Sun Jan 02 09:23:00 CST 1 Working
income+10 Sun Jan 02 09:23:00 CST 1 New Income
debt-10 Sun Jan 02 09:23:00 CST 1 Payment
thirst+90 Wed Jan 05 10:36:00 CST 1 Getting water
thirst+90 Tue Jan 11 16:34:00 CST 1 Getting water
