age+0 Mon Jan 10 04:43:00 CST 1 creation
sleepiness-50 Mon Jan 10 05:13:00 CST 1 Working
income+10 Mon Jan 10 05:13:00 CST 1 New Income
debt-10 Mon Jan 10 05:13:00 CST 1 Payment
sleepiness-50 Mon Jan 10 05:39:00 CST 1 Working
income+10 Mon Jan 10 05:39:00 CST 1 New Income
debt-10 Mon Jan 10 05:39:00 CST 1 Payment
thirst+90 Tue Jan 11 10:21:00 CST 1 Getting water
sleepiness+100 Wed Jan 12 21:25:00 CST 1 Going home
sleepiness-50 Wed Jan 12 23:17:00 CST 1 Working
income+10 Wed Jan 12 23:17:00 CST 1 New Income
debt-10 Wed Jan 12 23:17:00 CST 1 Payment
sleepiness-50 Thu Jan 13 02:39:00 CST 1 Working
income+10 Thu Jan 13 02:39:00 CST 1 New Income
debt-10 Thu Jan 13 02:39:00 CST 1 Payment
sleepiness+100 Thu Jan 13 05:09:00 CST 1 Going home
sleepiness-50 Thu Jan 13 08:07:00 CST 1 Working
income+10 Thu Jan 13 08:07:00 CST 1 New Income
debt-10 Thu Jan 13 08:07:00 CST 1 Payment
sleepiness-50 Thu Jan 13 09:28:00 CST 1 Working
income+10 Thu Jan 13 09:28:00 CST 1 New Income
debt-10 Thu Jan 13 09:28:00 CST 1 Payment
sleepiness+100 Fri Jan 14 00:18:00 CST 1 Going home
sleepiness-50 Fri Jan 14 05:05:00 CST 1 Working
income+10 Fri Jan 14 05:05:00 CST 1 New Income
debt-10 Fri Jan 14 05:05:00 CST 1 Payment
sleepiness-50 Fri Jan 14 08:36:00 CST 1 Working
income+10 Fri Jan 14 08:36:00 CST 1 New Income
debt-10 Fri Jan 14 08:36:00 CST 1 Payment
companionship+10 Fri Jan 14 11:04:00 CST 1 Procreating
sleepiness-10 Fri Jan 14 11:04:00 CST 1 Procreating
sleepiness+100 Fri Jan 14 23:43:00 CST 1 Going home
sleepiness-50 Sat Jan 15 00:37:00 CST 1 Working
income+10 Sat Jan 15 00:37:00 CST 1 New Income
debt-10 Sat Jan 15 00:37:00 CST 1 Payment
sleepiness-50 Sat Jan 15 01:03:00 CST 1 Working
income+10 Sat Jan 15 01:03:00 CST 1 New Income
savings+10 Sat Jan 15 01:03:00 CST 1 Payment
sleepiness+100 Sat Jan 15 01:47:00 CST 1 Going home
