age+0 Sat Jan 01 11:16:00 CST 1 creation
sleepiness-50 Sat Jan 01 11:17:00 CST 1 Working
income+10 Sat Jan 01 11:17:00 CST 1 New Income
debt-10 Sat Jan 01 11:17:00 CST 1 Payment
sleepiness-50 Sat Jan 01 11:58:00 CST 1 Working
income+10 Sat Jan 01 11:58:00 CST 1 New Income
debt-10 Sat Jan 01 11:58:00 CST 1 Payment
sleepiness+100 Sun Jan 02 01:14:00 CST 1 Going home
sleepiness-50 Sun Jan 02 01:52:00 CST 1 Working
income+10 Sun Jan 02 01:52:00 CST 1 New Income
debt-10 Sun Jan 02 01:52:00 CST 1 Payment
sleepiness-50 Sun Jan 02 02:31:00 CST 1 Working
income+10 Sun Jan 02 02:31:00 CST 1 New Income
debt-10 Sun Jan 02 02:31:00 CST 1 Payment
income+0 Sun Jan 02 02:37:00 CST 1 Bought a House
bills+0 Sun Jan 02 02:37:00 CST 1 Bought a House
taxes+0 Sun Jan 02 02:37:00 CST 1 Bought a House
savings+88 Sun Jan 02 02:37:00 CST 1 Bought a House
debt+12 Sun Jan 02 02:37:00 CST 1 Bought a House
sleepiness+100 Sun Jan 02 02:43:00 CST 1 Going home
sleepiness-50 Sun Jan 02 03:18:00 CST 1 Working
income+10 Sun Jan 02 03:18:00 CST 1 New Income
debt-10 Sun Jan 02 03:18:00 CST 1 Payment
sleepiness-50 Sun Jan 02 03:50:00 CST 1 Working
income+10 Sun Jan 02 03:50:00 CST 1 New Income
debt-10 Sun Jan 02 03:50:00 CST 1 Payment
companionship+10 Mon Jan 03 04:17:00 CST 1 Procreating
sleepiness-10 Mon Jan 03 04:17:00 CST 1 Procreating
thirst+90 Mon Jan 03 17:46:00 CST 1 Getting water
thirst+90 Sun Jan 09 23:43:00 CST 1 Getting water
sleepiness+100 Thu Jan 13 02:30:00 CST 1 Going home
sleepiness-50 Thu Jan 13 03:06:00 CST 1 Working
income+10 Thu Jan 13 03:06:00 CST 1 New Income
debt-10 Thu Jan 13 03:06:00 CST 1 Payment
sleepiness-50 Thu Jan 13 03:45:00 CST 1 Working
income+10 Thu Jan 13 03:45:00 CST 1 New Income
debt-10 Thu Jan 13 03:45:00 CST 1 Payment
sleepiness+100 Thu Jan 13 04:11:00 CST 1 Going home
sleepiness-50 Thu Jan 13 04:47:00 CST 1 Working
income+10 Thu Jan 13 04:47:00 CST 1 New Income
debt-10 Thu Jan 13 04:47:00 CST 1 Payment
sleepiness-50 Thu Jan 13 05:26:00 CST 1 Working
income+10 Thu Jan 13 05:26:00 CST 1 New Income
debt-10 Thu Jan 13 05:26:00 CST 1 Payment
sleepiness+100 Thu Jan 13 05:52:00 CST 1 Going home
sleepiness-50 Thu Jan 13 06:27:00 CST 1 Working
income+10 Thu Jan 13 06:27:00 CST 1 New Income
debt-10 Thu Jan 13 06:27:00 CST 1 Payment
sleepiness-50 Thu Jan 13 07:06:00 CST 1 Working
income+10 Thu Jan 13 07:06:00 CST 1 New Income
debt-10 Thu Jan 13 07:06:00 CST 1 Payment
sleepiness+100 Thu Jan 13 07:32:00 CST 1 Going home
sleepiness-50 Thu Jan 13 08:08:00 CST 1 Working
income+10 Thu Jan 13 08:08:00 CST 1 New Income
debt-10 Thu Jan 13 08:08:00 CST 1 Payment
sleepiness-50 Thu Jan 13 08:47:00 CST 1 Working
income+10 Thu Jan 13 08:47:00 CST 1 New Income
debt-10 Thu Jan 13 08:47:00 CST 1 Payment
sleepiness+100 Thu Jan 13 21:20:00 CST 1 Going home
sleepiness-50 Thu Jan 13 21:56:00 CST 1 Working
income+10 Thu Jan 13 21:56:00 CST 1 New Income
savings+10 Thu Jan 13 21:56:00 CST 1 Payment
sleepiness-50 Thu Jan 13 22:46:00 CST 1 Working
income+10 Thu Jan 13 22:46:00 CST 1 New Income
savings+10 Thu Jan 13 22:46:00 CST 1 Payment
sleepiness+100 Thu Jan 13 23:12:00 CST 1 Going home
sleepiness-50 Thu Jan 13 23:48:00 CST 1 Working
income+10 Thu Jan 13 23:48:00 CST 1 New Income
savings+10 Thu Jan 13 23:48:00 CST 1 Payment
sleepiness-50 Fri Jan 14 00:25:00 CST 1 Working
income+10 Fri Jan 14 00:25:00 CST 1 New Income
savings+10 Fri Jan 14 00:25:00 CST 1 Payment
sleepiness+100 Fri Jan 14 00:51:00 CST 1 Going home
sleepiness-50 Fri Jan 14 01:26:00 CST 1 Working
income+10 Fri Jan 14 01:26:00 CST 1 New Income
savings+10 Fri Jan 14 01:26:00 CST 1 Payment
sleepiness-50 Fri Jan 14 02:05:00 CST 1 Working
income+10 Fri Jan 14 02:05:00 CST 1 New Income
savings+10 Fri Jan 14 02:05:00 CST 1 Payment
sleepiness+100 Fri Jan 14 02:31:00 CST 1 Going home
sleepiness-50 Fri Jan 14 03:07:00 CST 1 Working
income+10 Fri Jan 14 03:07:00 CST 1 New Income
savings+10 Fri Jan 14 03:07:00 CST 1 Payment
sleepiness-50 Fri Jan 14 03:57:00 CST 1 Working
income+10 Fri Jan 14 03:57:00 CST 1 New Income
savings+10 Fri Jan 14 03:57:00 CST 1 Payment
sleepiness+100 Fri Jan 14 04:23:00 CST 1 Going home
sleepiness-50 Fri Jan 14 05:39:00 CST 1 Working
income+10 Fri Jan 14 05:39:00 CST 1 New Income
savings+10 Fri Jan 14 05:39:00 CST 1 Payment
sleepiness-50 Fri Jan 14 05:49:00 CST 1 Working
income+10 Fri Jan 14 05:49:00 CST 1 New Income
savings+10 Fri Jan 14 05:49:00 CST 1 Payment
sleepiness+100 Fri Jan 14 06:15:00 CST 1 Going home
sleepiness-50 Fri Jan 14 06:54:00 CST 1 Working
income+10 Fri Jan 14 06:54:00 CST 1 New Income
savings+10 Fri Jan 14 06:54:00 CST 1 Payment
sleepiness-50 Fri Jan 14 07:07:00 CST 1 Working
income+10 Fri Jan 14 07:07:00 CST 1 New Income
savings+10 Fri Jan 14 07:07:00 CST 1 Payment
sleepiness+100 Fri Jan 14 07:35:00 CST 1 Going home
sleepiness-50 Fri Jan 14 08:44:00 CST 1 Working
income+10 Fri Jan 14 08:44:00 CST 1 New Income
savings+10 Fri Jan 14 08:44:00 CST 1 Payment
sleepiness-50 Fri Jan 14 09:04:00 CST 1 Working
income+10 Fri Jan 14 09:04:00 CST 1 New Income
savings+10 Fri Jan 14 09:04:00 CST 1 Payment
sleepiness+100 Fri Jan 14 21:29:00 CST 1 Going home
sleepiness-50 Fri Jan 14 22:36:00 CST 1 Working
income+10 Fri Jan 14 22:36:00 CST 1 New Income
savings+10 Fri Jan 14 22:36:00 CST 1 Payment
sleepiness-50 Fri Jan 14 23:23:00 CST 1 Working
income+10 Fri Jan 14 23:23:00 CST 1 New Income
savings+10 Fri Jan 14 23:23:00 CST 1 Payment
sleepiness+100 Sat Jan 15 00:30:00 CST 1 Going home
sleepiness-50 Sat Jan 15 01:21:00 CST 1 Working
income+10 Sat Jan 15 01:21:00 CST 1 New Income
savings+10 Sat Jan 15 01:21:00 CST 1 Payment
sleepiness-50 Sat Jan 15 02:07:00 CST 1 Working
income+10 Sat Jan 15 02:07:00 CST 1 New Income
savings+10 Sat Jan 15 02:07:00 CST 1 Payment
sleepiness+100 Sat Jan 15 03:14:00 CST 1 Going home
sleepiness-50 Sat Jan 15 04:20:00 CST 1 Working
income+10 Sat Jan 15 04:20:00 CST 1 New Income
savings+10 Sat Jan 15 04:20:00 CST 1 Payment
sleepiness-50 Sat Jan 15 05:06:00 CST 1 Working
income+10 Sat Jan 15 05:06:00 CST 1 New Income
savings+10 Sat Jan 15 05:06:00 CST 1 Payment
sleepiness+100 Sat Jan 15 06:15:00 CST 1 Going home
sleepiness-50 Sat Jan 15 07:20:00 CST 1 Working
income+10 Sat Jan 15 07:20:00 CST 1 New Income
savings+10 Sat Jan 15 07:20:00 CST 1 Payment
sleepiness-50 Sat Jan 15 07:41:00 CST 1 Working
income+10 Sat Jan 15 07:41:00 CST 1 New Income
savings+10 Sat Jan 15 07:41:00 CST 1 Payment
