age+0 Sat Jan 01 01:31:00 CST 1 creation
sleepiness-50 Sat Jan 01 02:24:00 CST 1 Working
income+10 Sat Jan 01 02:24:00 CST 1 New Income
debt-10 Sat Jan 01 02:24:00 CST 1 Payment
sleepiness-50 Sat Jan 01 04:51:00 CST 1 Working
income+10 Sat Jan 01 04:51:00 CST 1 New Income
debt-10 Sat Jan 01 04:51:00 CST 1 Payment
sleepiness+100 Sat Jan 01 07:07:00 CST 1 Going home
sleepiness-50 Sat Jan 01 10:20:00 CST 1 Working
income+10 Sat Jan 01 10:20:00 CST 1 New Income
debt-10 Sat Jan 01 10:20:00 CST 1 Payment
sleepiness-50 Sat Jan 01 14:40:00 CST 1 Working
income+10 Sat Jan 01 14:40:00 CST 1 New Income
debt-10 Sat Jan 01 14:40:00 CST 1 Payment
sleepiness+100 Sat Jan 01 22:39:00 CST 1 Going home
sleepiness-50 Sun Jan 02 01:44:00 CST 1 Working
income+10 Sun Jan 02 01:44:00 CST 1 New Income
debt-10 Sun Jan 02 01:44:00 CST 1 Payment
sleepiness-50 Sun Jan 02 01:51:00 CST 1 Working
income+10 Sun Jan 02 01:51:00 CST 1 New Income
debt-10 Sun Jan 02 01:51:00 CST 1 Payment
sleepiness+100 Sun Jan 02 05:00:00 CST 1 Going home
sleepiness-50 Sun Jan 02 10:06:00 CST 1 Working
income+10 Sun Jan 02 10:06:00 CST 1 New Income
debt-10 Sun Jan 02 10:06:00 CST 1 Payment
income+0 Sun Jan 02 10:18:00 CST 1 Bought a House
bills+0 Sun Jan 02 10:18:00 CST 1 Bought a House
taxes+0 Sun Jan 02 10:18:00 CST 1 Bought a House
savings+75 Sun Jan 02 10:18:00 CST 1 Bought a House
debt+25 Sun Jan 02 10:18:00 CST 1 Bought a House
sleepiness-50 Sun Jan 02 15:49:00 CST 1 Working
income+10 Sun Jan 02 15:49:00 CST 1 New Income
debt-10 Sun Jan 02 15:49:00 CST 1 Payment
thirst+90 Mon Jan 03 08:23:00 CST 1 Getting water
