age+0 Sat Jan 01 11:16:00 CST 1 creation
sleepiness-50 Sat Jan 01 11:17:00 CST 1 Working
income+10 Sat Jan 01 11:17:00 CST 1 New Income
debt-10 Sat Jan 01 11:17:00 CST 1 Payment
sleepiness-50 Sat Jan 01 11:58:00 CST 1 Working
income+10 Sat Jan 01 11:58:00 CST 1 New Income
debt-10 Sat Jan 01 11:58:00 CST 1 Payment
companionship+10 Sat Jan 01 17:44:00 CST 1 Procreating
sleepiness-10 Sat Jan 01 17:44:00 CST 1 Procreating
sleepiness+100 Sun Jan 02 01:18:00 CST 1 Going home
sleepiness-50 Sun Jan 02 01:28:00 CST 1 Working
income+10 Sun Jan 02 01:28:00 CST 1 New Income
debt-10 Sun Jan 02 01:28:00 CST 1 Payment
sleepiness-50 Sun Jan 02 02:05:00 CST 1 Working
income+10 Sun Jan 02 02:05:00 CST 1 New Income
debt-10 Sun Jan 02 02:05:00 CST 1 Payment
sleepiness+100 Sun Jan 02 03:08:00 CST 1 Going home
sleepiness-50 Sun Jan 02 04:06:00 CST 1 Working
income+10 Sun Jan 02 04:06:00 CST 1 New Income
savings+10 Sun Jan 02 04:06:00 CST 1 Payment
income+0 Sun Jan 02 04:38:00 CST 1 Bought a House
bills+0 Sun Jan 02 04:38:00 CST 1 Bought a House
taxes+0 Sun Jan 02 04:38:00 CST 1 Bought a House
savings+58 Sun Jan 02 04:38:00 CST 1 Bought a House
debt+42 Sun Jan 02 04:38:00 CST 1 Bought a House
sleepiness-50 Sun Jan 02 04:47:00 CST 1 Working
income+10 Sun Jan 02 04:47:00 CST 1 New Income
debt-10 Sun Jan 02 04:47:00 CST 1 Payment
thirst+90 Mon Jan 03 18:36:00 CST 1 Getting water
N/A+0 Tue Jan 11 00:00:00 CST 1 death
