age+0 Sat Jan 01 01:31:00 CST 1 creation
sleepiness-50 Sat Jan 01 01:32:00 CST 1 Working
income+10 Sat Jan 01 01:32:00 CST 1 New Income
debt-10 Sat Jan 01 01:32:00 CST 1 Payment
sleepiness-50 Sat Jan 01 02:15:00 CST 1 Working
income+10 Sat Jan 01 02:15:00 CST 1 New Income
debt-10 Sat Jan 01 02:15:00 CST 1 Payment
sleepiness+100 Sat Jan 01 04:07:00 CST 1 Going home
sleepiness-50 Sat Jan 01 04:22:00 CST 1 Working
income+10 Sat Jan 01 04:22:00 CST 1 New Income
debt-10 Sat Jan 01 04:22:00 CST 1 Payment
income+0 Sat Jan 01 05:10:00 CST 1 Bought a House
bills+0 Sat Jan 01 05:10:00 CST 1 Bought a House
taxes+0 Sat Jan 01 05:10:00 CST 1 Bought a House
savings+38 Sat Jan 01 05:10:00 CST 1 Bought a House
debt+62 Sat Jan 01 05:10:00 CST 1 Bought a House
sleepiness-50 Sat Jan 01 05:11:00 CST 1 Working
income+10 Sat Jan 01 05:11:00 CST 1 New Income
debt-10 Sat Jan 01 05:11:00 CST 1 Payment
thirst+90 Tue Jan 04 17:42:00 CST 1 Getting water
sleepiness+100 Sat Jan 08 01:39:00 CST 1 Going home
sleepiness-50 Sat Jan 08 01:49:00 CST 1 Working
income+10 Sat Jan 08 01:49:00 CST 1 New Income
debt-10 Sat Jan 08 01:49:00 CST 1 Payment
sleepiness-50 Sat Jan 08 02:38:00 CST 1 Working
income+10 Sat Jan 08 02:38:00 CST 1 New Income
debt-10 Sat Jan 08 02:38:00 CST 1 Payment
sleepiness+100 Sat Jan 08 02:46:00 CST 1 Going home
sleepiness-50 Sat Jan 08 03:25:00 CST 1 Working
income+10 Sat Jan 08 03:25:00 CST 1 New Income
debt-10 Sat Jan 08 03:25:00 CST 1 Payment
sleepiness-50 Sat Jan 08 04:14:00 CST 1 Working
income+10 Sat Jan 08 04:14:00 CST 1 New Income
debt-10 Sat Jan 08 04:14:00 CST 1 Payment
sleepiness+100 Sat Jan 08 04:23:00 CST 1 Going home
sleepiness-50 Sat Jan 08 05:03:00 CST 1 Working
income+10 Sat Jan 08 05:03:00 CST 1 New Income
debt-10 Sat Jan 08 05:03:00 CST 1 Payment
sleepiness-50 Sat Jan 08 05:56:00 CST 1 Working
income+10 Sat Jan 08 05:56:00 CST 1 New Income
debt-10 Sat Jan 08 05:56:00 CST 1 Payment
trust+10 Sat Jan 08 09:13:00 CST 1 Voting
sleepiness+100 Sat Jan 08 23:37:00 CST 1 Going home
sleepiness-50 Sat Jan 08 23:54:00 CST 1 Working
income+10 Sat Jan 08 23:54:00 CST 1 New Income
debt-10 Sat Jan 08 23:54:00 CST 1 Payment
sleepiness-50 Sun Jan 09 00:41:00 CST 1 Working
income+10 Sun Jan 09 00:41:00 CST 1 New Income
debt-10 Sun Jan 09 00:41:00 CST 1 Payment
sleepiness+100 Sun Jan 09 00:50:00 CST 1 Going home
sleepiness-50 Sun Jan 09 01:44:00 CST 1 Working
income+10 Sun Jan 09 01:44:00 CST 1 New Income
debt-10 Sun Jan 09 01:44:00 CST 1 Payment
sleepiness-50 Sun Jan 09 02:33:00 CST 1 Working
income+10 Sun Jan 09 02:33:00 CST 1 New Income
savings+10 Sun Jan 09 02:33:00 CST 1 Payment
sleepiness+100 Sun Jan 09 02:42:00 CST 1 Going home
sleepiness-50 Sun Jan 09 03:36:00 CST 1 Working
income+10 Sun Jan 09 03:36:00 CST 1 New Income
savings+10 Sun Jan 09 03:36:00 CST 1 Payment
sleepiness-50 Sun Jan 09 04:25:00 CST 1 Working
income+10 Sun Jan 09 04:25:00 CST 1 New Income
savings+10 Sun Jan 09 04:25:00 CST 1 Payment
sleepiness+100 Sun Jan 09 04:34:00 CST 1 Going home
sleepiness-50 Sun Jan 09 05:28:00 CST 1 Working
income+10 Sun Jan 09 05:28:00 CST 1 New Income
savings+10 Sun Jan 09 05:28:00 CST 1 Payment
sleepiness-50 Sun Jan 09 06:17:00 CST 1 Working
income+10 Sun Jan 09 06:17:00 CST 1 New Income
savings+10 Sun Jan 09 06:17:00 CST 1 Payment
sleepiness+100 Sun Jan 09 06:26:00 CST 1 Going home
sleepiness-50 Sun Jan 09 07:20:00 CST 1 Working
income+10 Sun Jan 09 07:20:00 CST 1 New Income
savings+10 Sun Jan 09 07:20:00 CST 1 Payment
sleepiness-50 Sun Jan 09 08:09:00 CST 1 Working
income+10 Sun Jan 09 08:09:00 CST 1 New Income
savings+10 Sun Jan 09 08:09:00 CST 1 Payment
sleepiness+100 Sun Jan 09 21:03:00 CST 1 Going home
sleepiness-50 Sun Jan 09 21:57:00 CST 1 Working
income+10 Sun Jan 09 21:57:00 CST 1 New Income
savings+10 Sun Jan 09 21:57:00 CST 1 Payment
sleepiness-50 Sun Jan 09 22:46:00 CST 1 Working
income+10 Sun Jan 09 22:46:00 CST 1 New Income
savings+10 Sun Jan 09 22:46:00 CST 1 Payment
sleepiness+100 Sun Jan 09 22:55:00 CST 1 Going home
sleepiness-50 Sun Jan 09 23:49:00 CST 1 Working
income+10 Sun Jan 09 23:49:00 CST 1 New Income
savings+10 Sun Jan 09 23:49:00 CST 1 Payment
sleepiness-50 Mon Jan 10 00:36:00 CST 1 Working
income+10 Mon Jan 10 00:36:00 CST 1 New Income
savings+10 Mon Jan 10 00:36:00 CST 1 Payment
sleepiness+100 Mon Jan 10 00:45:00 CST 1 Going home
sleepiness-50 Mon Jan 10 01:39:00 CST 1 Working
income+10 Mon Jan 10 01:39:00 CST 1 New Income
savings+10 Mon Jan 10 01:39:00 CST 1 Payment
sleepiness-50 Mon Jan 10 02:28:00 CST 1 Working
income+10 Mon Jan 10 02:28:00 CST 1 New Income
savings+10 Mon Jan 10 02:28:00 CST 1 Payment
sleepiness+100 Mon Jan 10 02:37:00 CST 1 Going home
sleepiness-50 Mon Jan 10 03:31:00 CST 1 Working
income+10 Mon Jan 10 03:31:00 CST 1 New Income
savings+10 Mon Jan 10 03:31:00 CST 1 Payment
sleepiness-50 Mon Jan 10 04:20:00 CST 1 Working
income+10 Mon Jan 10 04:20:00 CST 1 New Income
savings+10 Mon Jan 10 04:20:00 CST 1 Payment
sleepiness+100 Mon Jan 10 04:29:00 CST 1 Going home
sleepiness-50 Mon Jan 10 05:23:00 CST 1 Working
income+10 Mon Jan 10 05:23:00 CST 1 New Income
savings+10 Mon Jan 10 05:23:00 CST 1 Payment
sleepiness-50 Mon Jan 10 06:15:00 CST 1 Working
income+10 Mon Jan 10 06:15:00 CST 1 New Income
savings+10 Mon Jan 10 06:15:00 CST 1 Payment
sleepiness+100 Mon Jan 10 06:39:00 CST 1 Going home
sleepiness-50 Mon Jan 10 07:34:00 CST 1 Working
income+10 Mon Jan 10 07:34:00 CST 1 New Income
savings+10 Mon Jan 10 07:34:00 CST 1 Payment
sleepiness-50 Mon Jan 10 08:00:00 CST 1 Working
income+10 Mon Jan 10 08:00:00 CST 1 New Income
savings+10 Mon Jan 10 08:00:00 CST 1 Payment
sleepiness+100 Mon Jan 10 21:05:00 CST 1 Going home
sleepiness-50 Mon Jan 10 22:00:00 CST 1 Working
income+10 Mon Jan 10 22:00:00 CST 1 New Income
savings+10 Mon Jan 10 22:00:00 CST 1 Payment
sleepiness-50 Mon Jan 10 22:26:00 CST 1 Working
income+10 Mon Jan 10 22:26:00 CST 1 New Income
savings+10 Mon Jan 10 22:26:00 CST 1 Payment
sleepiness+100 Mon Jan 10 22:37:00 CST 1 Going home
sleepiness-50 Mon Jan 10 23:34:00 CST 1 Working
income+10 Mon Jan 10 23:34:00 CST 1 New Income
savings+10 Mon Jan 10 23:34:00 CST 1 Payment
sleepiness-50 Tue Jan 11 00:05:00 CST 1 Working
income+10 Tue Jan 11 00:05:00 CST 1 New Income
savings+10 Tue Jan 11 00:05:00 CST 1 Payment
sleepiness+100 Tue Jan 11 00:18:00 CST 1 Going home
sleepiness-50 Tue Jan 11 00:39:00 CST 1 Working
income+10 Tue Jan 11 00:39:00 CST 1 New Income
savings+10 Tue Jan 11 00:39:00 CST 1 Payment
sleepiness-50 Tue Jan 11 01:11:00 CST 1 Working
income+10 Tue Jan 11 01:11:00 CST 1 New Income
savings+10 Tue Jan 11 01:11:00 CST 1 Payment
sleepiness+100 Tue Jan 11 01:24:00 CST 1 Going home
sleepiness-50 Tue Jan 11 01:45:00 CST 1 Working
income+10 Tue Jan 11 01:45:00 CST 1 New Income
savings+10 Tue Jan 11 01:45:00 CST 1 Payment
sleepiness-50 Tue Jan 11 02:25:00 CST 1 Working
income+10 Tue Jan 11 02:25:00 CST 1 New Income
savings+10 Tue Jan 11 02:25:00 CST 1 Payment
sleepiness+100 Tue Jan 11 03:13:00 CST 1 Going home
sleepiness-50 Tue Jan 11 03:34:00 CST 1 Working
income+10 Tue Jan 11 03:34:00 CST 1 New Income
savings+10 Tue Jan 11 03:34:00 CST 1 Payment
sleepiness-50 Tue Jan 11 04:24:00 CST 1 Working
income+10 Tue Jan 11 04:24:00 CST 1 New Income
savings+10 Tue Jan 11 04:24:00 CST 1 Payment
sleepiness+100 Tue Jan 11 04:39:00 CST 1 Going home
sleepiness-50 Tue Jan 11 05:27:00 CST 1 Working
income+10 Tue Jan 11 05:27:00 CST 1 New Income
savings+10 Tue Jan 11 05:27:00 CST 1 Payment
sleepiness-50 Tue Jan 11 06:16:00 CST 1 Working
income+10 Tue Jan 11 06:16:00 CST 1 New Income
savings+10 Tue Jan 11 06:16:00 CST 1 Payment
sleepiness+100 Tue Jan 11 06:31:00 CST 1 Going home
sleepiness-50 Tue Jan 11 07:29:00 CST 1 Working
income+10 Tue Jan 11 07:29:00 CST 1 New Income
savings+10 Tue Jan 11 07:29:00 CST 1 Payment
sleepiness-50 Tue Jan 11 08:26:00 CST 1 Working
income+10 Tue Jan 11 08:26:00 CST 1 New Income
savings+10 Tue Jan 11 08:26:00 CST 1 Payment
sleepiness+100 Tue Jan 11 21:14:00 CST 1 Going home
sleepiness-50 Tue Jan 11 21:56:00 CST 1 Working
income+10 Tue Jan 11 21:56:00 CST 1 New Income
savings+10 Tue Jan 11 21:56:00 CST 1 Payment
sleepiness-50 Tue Jan 11 22:29:00 CST 1 Working
income+10 Tue Jan 11 22:29:00 CST 1 New Income
savings+10 Tue Jan 11 22:29:00 CST 1 Payment
sleepiness+100 Tue Jan 11 22:45:00 CST 1 Going home
sleepiness-50 Tue Jan 11 23:07:00 CST 1 Working
income+10 Tue Jan 11 23:07:00 CST 1 New Income
savings+10 Tue Jan 11 23:07:00 CST 1 Payment
sleepiness-50 Tue Jan 11 23:39:00 CST 1 Working
income+10 Tue Jan 11 23:39:00 CST 1 New Income
savings+10 Tue Jan 11 23:39:00 CST 1 Payment
sleepiness+100 Tue Jan 11 23:55:00 CST 1 Going home
sleepiness-50 Wed Jan 12 00:15:00 CST 1 Working
income+10 Wed Jan 12 00:15:00 CST 1 New Income
savings+10 Wed Jan 12 00:15:00 CST 1 Payment
sleepiness-50 Wed Jan 12 00:47:00 CST 1 Working
income+10 Wed Jan 12 00:47:00 CST 1 New Income
savings+10 Wed Jan 12 00:47:00 CST 1 Payment
sleepiness+100 Wed Jan 12 01:03:00 CST 1 Going home
sleepiness-50 Wed Jan 12 01:25:00 CST 1 Working
income+10 Wed Jan 12 01:25:00 CST 1 New Income
savings+10 Wed Jan 12 01:25:00 CST 1 Payment
sleepiness-50 Wed Jan 12 01:58:00 CST 1 Working
income+10 Wed Jan 12 01:58:00 CST 1 New Income
savings+10 Wed Jan 12 01:58:00 CST 1 Payment
sleepiness+100 Wed Jan 12 02:14:00 CST 1 Going home
sleepiness-50 Wed Jan 12 02:36:00 CST 1 Working
income+10 Wed Jan 12 02:36:00 CST 1 New Income
savings+10 Wed Jan 12 02:36:00 CST 1 Payment
sleepiness-50 Wed Jan 12 03:08:00 CST 1 Working
income+10 Wed Jan 12 03:08:00 CST 1 New Income
savings+10 Wed Jan 12 03:08:00 CST 1 Payment
sleepiness+100 Wed Jan 12 03:24:00 CST 1 Going home
sleepiness-50 Wed Jan 12 03:47:00 CST 1 Working
income+10 Wed Jan 12 03:47:00 CST 1 New Income
savings+10 Wed Jan 12 03:47:00 CST 1 Payment
sleepiness-50 Wed Jan 12 04:19:00 CST 1 Working
income+10 Wed Jan 12 04:19:00 CST 1 New Income
savings+10 Wed Jan 12 04:19:00 CST 1 Payment
sleepiness+100 Wed Jan 12 04:35:00 CST 1 Going home
sleepiness-50 Wed Jan 12 04:57:00 CST 1 Working
income+10 Wed Jan 12 04:57:00 CST 1 New Income
savings+10 Wed Jan 12 04:57:00 CST 1 Payment
sleepiness-50 Wed Jan 12 05:29:00 CST 1 Working
income+10 Wed Jan 12 05:29:00 CST 1 New Income
savings+10 Wed Jan 12 05:29:00 CST 1 Payment
thirst+90 Thu Jan 13 04:26:00 CST 1 Getting water
