age+0 Sat Jan 01 01:31:00 CST 1 creation
sleepiness-50 Sat Jan 01 01:32:00 CST 1 Working
income+10 Sat Jan 01 01:32:00 CST 1 New Income
debt-10 Sat Jan 01 01:32:00 CST 1 Payment
sleepiness-50 Sat Jan 01 02:16:00 CST 1 Working
income+10 Sat Jan 01 02:16:00 CST 1 New Income
debt-10 Sat Jan 01 02:16:00 CST 1 Payment
sleepiness+100 Sat Jan 01 05:31:00 CST 1 Going home
sleepiness-50 Sat Jan 01 06:13:00 CST 1 Working
income+10 Sat Jan 01 06:13:00 CST 1 New Income
debt-10 Sat Jan 01 06:13:00 CST 1 Payment
sleepiness-50 Sat Jan 01 06:45:00 CST 1 Working
income+10 Sat Jan 01 06:45:00 CST 1 New Income
debt-10 Sat Jan 01 06:45:00 CST 1 Payment
sleepiness+100 Sat Jan 01 07:39:00 CST 1 Going home
sleepiness-50 Sat Jan 01 07:34:00 CST 1 Working
income+10 Sat Jan 01 07:34:00 CST 1 New Income
debt-10 Sat Jan 01 07:34:00 CST 1 Payment
sleepiness-50 Sat Jan 01 08:11:00 CST 1 Working
income+10 Sat Jan 01 08:11:00 CST 1 New Income
debt-10 Sat Jan 01 08:11:00 CST 1 Payment
sleepiness+100 Sat Jan 01 21:13:00 CST 1 Going home
sleepiness-50 Sat Jan 01 21:55:00 CST 1 Working
income+10 Sat Jan 01 21:55:00 CST 1 New Income
debt-10 Sat Jan 01 21:55:00 CST 1 Payment
income+0 Sat Jan 01 22:27:00 CST 1 Bought a House
bills+0 Sat Jan 01 22:27:00 CST 1 Bought a House
taxes+0 Sat Jan 01 22:27:00 CST 1 Bought a House
savings+80 Sat Jan 01 22:27:00 CST 1 Bought a House
debt+20 Sat Jan 01 22:27:00 CST 1 Bought a House
sleepiness-50 Sat Jan 01 22:28:00 CST 1 Working
income+10 Sat Jan 01 22:28:00 CST 1 New Income
debt-10 Sat Jan 01 22:28:00 CST 1 Payment
thirst+90 Thu Jan 06 08:12:00 CST 1 Getting water
companionship+10 Sat Jan 08 01:32:00 CST 1 Procreating
sleepiness-10 Sat Jan 08 01:32:00 CST 1 Procreating
thirst+90 Wed Jan 12 16:10:00 CST 1 Getting water
sleepiness+100 Thu Jan 13 21:30:00 CST 1 Going home
sleepiness-50 Thu Jan 13 22:20:00 CST 1 Working
income+10 Thu Jan 13 22:20:00 CST 1 New Income
debt-10 Thu Jan 13 22:20:00 CST 1 Payment
sleepiness-50 Thu Jan 13 23:09:00 CST 1 Working
income+10 Thu Jan 13 23:09:00 CST 1 New Income
debt-10 Thu Jan 13 23:09:00 CST 1 Payment
sleepiness+100 Thu Jan 13 23:18:00 CST 1 Going home
sleepiness-50 Fri Jan 14 00:07:00 CST 1 Working
income+10 Fri Jan 14 00:07:00 CST 1 New Income
debt-10 Fri Jan 14 00:07:00 CST 1 Payment
sleepiness-50 Fri Jan 14 00:56:00 CST 1 Working
income+10 Fri Jan 14 00:56:00 CST 1 New Income
debt-10 Fri Jan 14 00:56:00 CST 1 Payment
sleepiness+100 Fri Jan 14 01:05:00 CST 1 Going home
sleepiness-50 Fri Jan 14 01:44:00 CST 1 Working
income+10 Fri Jan 14 01:44:00 CST 1 New Income
debt-10 Fri Jan 14 01:44:00 CST 1 Payment
sleepiness-50 Fri Jan 14 02:38:00 CST 1 Working
income+10 Fri Jan 14 02:38:00 CST 1 New Income
debt-10 Fri Jan 14 02:38:00 CST 1 Payment
sleepiness+100 Fri Jan 14 03:32:00 CST 1 Going home
sleepiness-50 Fri Jan 14 03:55:00 CST 1 Working
income+10 Fri Jan 14 03:55:00 CST 1 New Income
debt-10 Fri Jan 14 03:55:00 CST 1 Payment
sleepiness-50 Fri Jan 14 04:44:00 CST 1 Working
income+10 Fri Jan 14 04:44:00 CST 1 New Income
debt-10 Fri Jan 14 04:44:00 CST 1 Payment
sleepiness+100 Fri Jan 14 04:56:00 CST 1 Going home
sleepiness-50 Fri Jan 14 05:14:00 CST 1 Working
income+10 Fri Jan 14 05:14:00 CST 1 New Income
debt-10 Fri Jan 14 05:14:00 CST 1 Payment
sleepiness-50 Fri Jan 14 06:02:00 CST 1 Working
income+10 Fri Jan 14 06:02:00 CST 1 New Income
savings+10 Fri Jan 14 06:02:00 CST 1 Payment
sleepiness+100 Fri Jan 14 06:13:00 CST 1 Going home
sleepiness-50 Fri Jan 14 06:31:00 CST 1 Working
income+10 Fri Jan 14 06:31:00 CST 1 New Income
savings+10 Fri Jan 14 06:31:00 CST 1 Payment
sleepiness-50 Fri Jan 14 07:17:00 CST 1 Working
income+10 Fri Jan 14 07:17:00 CST 1 New Income
savings+10 Fri Jan 14 07:17:00 CST 1 Payment
sleepiness+100 Fri Jan 14 21:03:00 CST 1 Going home
sleepiness-50 Fri Jan 14 21:56:00 CST 1 Working
income+10 Fri Jan 14 21:56:00 CST 1 New Income
savings+10 Fri Jan 14 21:56:00 CST 1 Payment
sleepiness-50 Fri Jan 14 22:15:00 CST 1 Working
income+10 Fri Jan 14 22:15:00 CST 1 New Income
savings+10 Fri Jan 14 22:15:00 CST 1 Payment
sleepiness+100 Fri Jan 14 23:05:00 CST 1 Going home
sleepiness-50 Sat Jan 15 00:39:00 CST 1 Working
income+10 Sat Jan 15 00:39:00 CST 1 New Income
savings+10 Sat Jan 15 00:39:00 CST 1 Payment
sleepiness-50 Sat Jan 15 00:18:00 CST 1 Working
income+10 Sat Jan 15 00:18:00 CST 1 New Income
savings+10 Sat Jan 15 00:18:00 CST 1 Payment
sleepiness+100 Sat Jan 15 00:38:00 CST 1 Going home
sleepiness-50 Sat Jan 15 01:16:00 CST 1 Working
income+10 Sat Jan 15 01:16:00 CST 1 New Income
savings+10 Sat Jan 15 01:16:00 CST 1 Payment
sleepiness-50 Sat Jan 15 01:42:00 CST 1 Working
income+10 Sat Jan 15 01:42:00 CST 1 New Income
savings+10 Sat Jan 15 01:42:00 CST 1 Payment
sleepiness+100 Sat Jan 15 01:58:00 CST 1 Going home
sleepiness-50 Sat Jan 15 02:31:00 CST 1 Working
income+10 Sat Jan 15 02:31:00 CST 1 New Income
savings+10 Sat Jan 15 02:31:00 CST 1 Payment
sleepiness-50 Sat Jan 15 02:56:00 CST 1 Working
income+10 Sat Jan 15 02:56:00 CST 1 New Income
savings+10 Sat Jan 15 02:56:00 CST 1 Payment
sleepiness+100 Sat Jan 15 03:53:00 CST 1 Going home
