age+0 Wed Jan 12 04:40:00 CST 1 creation
hunger+100 Wed Jan 12 05:36:00 CST 1 Getting food
sleepiness-50 Wed Jan 12 06:54:00 CST 1 Working
income+10 Wed Jan 12 06:54:00 CST 1 New Income
debt-10 Wed Jan 12 06:54:00 CST 1 Payment
sleepiness-50 Wed Jan 12 08:18:00 CST 1 Working
income+10 Wed Jan 12 08:18:00 CST 1 New Income
debt-10 Wed Jan 12 08:18:00 CST 1 Payment
companionship+10 Wed Jan 12 11:44:00 CST 1 Procreating
sleepiness-10 Wed Jan 12 11:44:00 CST 1 Procreating
thirst+90 Wed Jan 12 15:39:00 CST 1 Getting water
sleepiness+100 Fri Jan 14 02:00:00 CST 1 Going home
sleepiness-50 Fri Jan 14 06:33:00 CST 1 Working
income+10 Fri Jan 14 06:33:00 CST 1 New Income
debt-10 Fri Jan 14 06:33:00 CST 1 Payment
sleepiness-50 Fri Jan 14 10:11:00 CST 1 Working
income+10 Fri Jan 14 10:11:00 CST 1 New Income
debt-10 Fri Jan 14 10:11:00 CST 1 Payment
sleepiness+100 Sat Jan 15 00:02:00 CST 1 Going home
sleepiness-50 Sat Jan 15 04:24:00 CST 1 Working
income+10 Sat Jan 15 04:24:00 CST 1 New Income
debt-10 Sat Jan 15 04:24:00 CST 1 Payment
