age+0 Sat Jan 01 01:31:00 CST 1 creation
sleepiness-50 Sat Jan 01 01:32:00 CST 1 Working
income+10 Sat Jan 01 01:32:00 CST 1 New Income
debt-10 Sat Jan 01 01:32:00 CST 1 Payment
income+0 Sat Jan 01 02:15:00 CST 1 Bought a House
bills+0 Sat Jan 01 02:15:00 CST 1 Bought a House
taxes+0 Sat Jan 01 02:15:00 CST 1 Bought a House
savings+80 Sat Jan 01 02:15:00 CST 1 Bought a House
debt+20 Sat Jan 01 02:15:00 CST 1 Bought a House
sleepiness-50 Sat Jan 01 02:16:00 CST 1 Working
income+10 Sat Jan 01 02:16:00 CST 1 New Income
debt-10 Sat Jan 01 02:16:00 CST 1 Payment
thirst+90 Sun Jan 02 10:47:00 CST 1 Getting water
sleepiness+100 Fri Jan 07 00:49:00 CST 1 Going home
sleepiness-50 Fri Jan 07 01:05:00 CST 1 Working
income+10 Fri Jan 07 01:05:00 CST 1 New Income
debt-10 Fri Jan 07 01:05:00 CST 1 Payment
sleepiness-50 Fri Jan 07 01:19:00 CST 1 Working
income+10 Fri Jan 07 01:19:00 CST 1 New Income
debt-10 Fri Jan 07 01:19:00 CST 1 Payment
sleepiness+100 Fri Jan 07 01:32:00 CST 1 Going home
sleepiness-50 Fri Jan 07 02:24:00 CST 1 Working
income+10 Fri Jan 07 02:24:00 CST 1 New Income
debt-10 Fri Jan 07 02:24:00 CST 1 Payment
sleepiness-50 Fri Jan 07 02:38:00 CST 1 Working
income+10 Fri Jan 07 02:38:00 CST 1 New Income
debt-10 Fri Jan 07 02:38:00 CST 1 Payment
sleepiness+100 Fri Jan 07 02:51:00 CST 1 Going home
sleepiness-50 Fri Jan 07 03:43:00 CST 1 Working
income+10 Fri Jan 07 03:43:00 CST 1 New Income
debt-10 Fri Jan 07 03:43:00 CST 1 Payment
sleepiness-50 Fri Jan 07 03:56:00 CST 1 Working
income+10 Fri Jan 07 03:56:00 CST 1 New Income
debt-10 Fri Jan 07 03:56:00 CST 1 Payment
sleepiness+100 Fri Jan 07 04:09:00 CST 1 Going home
sleepiness-50 Fri Jan 07 05:01:00 CST 1 Working
income+10 Fri Jan 07 05:01:00 CST 1 New Income
debt-10 Fri Jan 07 05:01:00 CST 1 Payment
sleepiness-50 Fri Jan 07 05:14:00 CST 1 Working
income+10 Fri Jan 07 05:14:00 CST 1 New Income
debt-10 Fri Jan 07 05:14:00 CST 1 Payment
sleepiness+100 Fri Jan 07 05:27:00 CST 1 Going home
sleepiness-50 Fri Jan 07 06:19:00 CST 1 Working
income+10 Fri Jan 07 06:19:00 CST 1 New Income
debt-10 Fri Jan 07 06:19:00 CST 1 Payment
sleepiness-50 Fri Jan 07 06:32:00 CST 1 Working
income+10 Fri Jan 07 06:32:00 CST 1 New Income
savings+10 Fri Jan 07 06:32:00 CST 1 Payment
sleepiness+100 Fri Jan 07 06:45:00 CST 1 Going home
sleepiness-50 Fri Jan 07 07:37:00 CST 1 Working
income+10 Fri Jan 07 07:37:00 CST 1 New Income
savings+10 Fri Jan 07 07:37:00 CST 1 Payment
sleepiness-50 Fri Jan 07 07:50:00 CST 1 Working
income+10 Fri Jan 07 07:50:00 CST 1 New Income
savings+10 Fri Jan 07 07:50:00 CST 1 Payment
sleepiness+100 Fri Jan 07 08:03:00 CST 1 Going home
sleepiness-50 Fri Jan 07 08:55:00 CST 1 Working
income+10 Fri Jan 07 08:55:00 CST 1 New Income
savings+10 Fri Jan 07 08:55:00 CST 1 Payment
sleepiness-50 Fri Jan 07 09:08:00 CST 1 Working
income+10 Fri Jan 07 09:08:00 CST 1 New Income
savings+10 Fri Jan 07 09:08:00 CST 1 Payment
sleepiness+100 Fri Jan 07 21:07:00 CST 1 Going home
sleepiness-50 Fri Jan 07 22:39:00 CST 1 Working
income+10 Fri Jan 07 22:39:00 CST 1 New Income
savings+10 Fri Jan 07 22:39:00 CST 1 Payment
sleepiness-50 Fri Jan 07 22:12:00 CST 1 Working
income+10 Fri Jan 07 22:12:00 CST 1 New Income
savings+10 Fri Jan 07 22:12:00 CST 1 Payment
sleepiness+100 Fri Jan 07 22:25:00 CST 1 Going home
sleepiness-50 Fri Jan 07 23:17:00 CST 1 Working
income+10 Fri Jan 07 23:17:00 CST 1 New Income
savings+10 Fri Jan 07 23:17:00 CST 1 Payment
sleepiness-50 Fri Jan 07 23:30:00 CST 1 Working
income+10 Fri Jan 07 23:30:00 CST 1 New Income
savings+10 Fri Jan 07 23:30:00 CST 1 Payment
sleepiness+100 Fri Jan 07 23:43:00 CST 1 Going home
sleepiness-50 Sat Jan 08 00:33:00 CST 1 Working
income+10 Sat Jan 08 00:33:00 CST 1 New Income
savings+10 Sat Jan 08 00:33:00 CST 1 Payment
sleepiness-50 Sat Jan 08 00:46:00 CST 1 Working
income+10 Sat Jan 08 00:46:00 CST 1 New Income
savings+10 Sat Jan 08 00:46:00 CST 1 Payment
trust+10 Sat Jan 08 01:35:00 CST 1 Voting
sleepiness+100 Sat Jan 08 02:41:00 CST 1 Going home
sleepiness-50 Sat Jan 08 03:01:00 CST 1 Working
income+10 Sat Jan 08 03:01:00 CST 1 New Income
savings+10 Sat Jan 08 03:01:00 CST 1 Payment
sleepiness-50 Sat Jan 08 03:49:00 CST 1 Working
income+10 Sat Jan 08 03:49:00 CST 1 New Income
savings+10 Sat Jan 08 03:49:00 CST 1 Payment
sleepiness+100 Sat Jan 08 04:05:00 CST 1 Going home
sleepiness-50 Sat Jan 08 04:51:00 CST 1 Working
income+10 Sat Jan 08 04:51:00 CST 1 New Income
savings+10 Sat Jan 08 04:51:00 CST 1 Payment
sleepiness-50 Sat Jan 08 05:40:00 CST 1 Working
income+10 Sat Jan 08 05:40:00 CST 1 New Income
savings+10 Sat Jan 08 05:40:00 CST 1 Payment
sleepiness+100 Sat Jan 08 05:56:00 CST 1 Going home
sleepiness-50 Sat Jan 08 06:42:00 CST 1 Working
income+10 Sat Jan 08 06:42:00 CST 1 New Income
savings+10 Sat Jan 08 06:42:00 CST 1 Payment
sleepiness-50 Sat Jan 08 07:31:00 CST 1 Working
income+10 Sat Jan 08 07:31:00 CST 1 New Income
savings+10 Sat Jan 08 07:31:00 CST 1 Payment
sleepiness+100 Sat Jan 08 07:47:00 CST 1 Going home
sleepiness-50 Sat Jan 08 08:32:00 CST 1 Working
income+10 Sat Jan 08 08:32:00 CST 1 New Income
savings+10 Sat Jan 08 08:32:00 CST 1 Payment
sleepiness-50 Sat Jan 08 09:21:00 CST 1 Working
income+10 Sat Jan 08 09:21:00 CST 1 New Income
savings+10 Sat Jan 08 09:21:00 CST 1 Payment
sleepiness+100 Sat Jan 08 21:10:00 CST 1 Going home
sleepiness-50 Sat Jan 08 21:42:00 CST 1 Working
income+10 Sat Jan 08 21:42:00 CST 1 New Income
savings+10 Sat Jan 08 21:42:00 CST 1 Payment
sleepiness-50 Sat Jan 08 22:32:00 CST 1 Working
income+10 Sat Jan 08 22:32:00 CST 1 New Income
savings+10 Sat Jan 08 22:32:00 CST 1 Payment
sleepiness+100 Sat Jan 08 22:48:00 CST 1 Going home
sleepiness-50 Sat Jan 08 23:34:00 CST 1 Working
income+10 Sat Jan 08 23:34:00 CST 1 New Income
savings+10 Sat Jan 08 23:34:00 CST 1 Payment
sleepiness-50 Sun Jan 09 00:21:00 CST 1 Working
income+10 Sun Jan 09 00:21:00 CST 1 New Income
savings+10 Sun Jan 09 00:21:00 CST 1 Payment
sleepiness+100 Sun Jan 09 00:37:00 CST 1 Going home
sleepiness-50 Sun Jan 09 01:23:00 CST 1 Working
income+10 Sun Jan 09 01:23:00 CST 1 New Income
savings+10 Sun Jan 09 01:23:00 CST 1 Payment
sleepiness-50 Sun Jan 09 02:12:00 CST 1 Working
income+10 Sun Jan 09 02:12:00 CST 1 New Income
savings+10 Sun Jan 09 02:12:00 CST 1 Payment
thirst+90 Sun Jan 09 22:06:00 CST 1 Getting water
