age+0 Tue Jan 04 01:24:00 CST 1 creation
sleepiness-50 Tue Jan 04 01:33:00 CST 1 Working
income+10 Tue Jan 04 01:33:00 CST 1 New Income
debt-10 Tue Jan 04 01:33:00 CST 1 Payment
sleepiness-50 Tue Jan 04 01:40:00 CST 1 Working
income+10 Tue Jan 04 01:40:00 CST 1 New Income
debt-10 Tue Jan 04 01:40:00 CST 1 Payment
thirst+90 Sat Jan 08 23:09:00 CST 1 Getting water
companionship+10 Mon Jan 10 04:43:00 CST 1 Procreating
sleepiness-10 Mon Jan 10 04:43:00 CST 1 Procreating
sleepiness+100 Wed Jan 12 23:48:00 CST 1 Going home
sleepiness-50 Thu Jan 13 00:07:00 CST 1 Working
income+10 Thu Jan 13 00:07:00 CST 1 New Income
debt-10 Thu Jan 13 00:07:00 CST 1 Payment
sleepiness-50 Thu Jan 13 00:20:00 CST 1 Working
income+10 Thu Jan 13 00:20:00 CST 1 New Income
debt-10 Thu Jan 13 00:20:00 CST 1 Payment
sleepiness+100 Thu Jan 13 00:31:00 CST 1 Going home
sleepiness-50 Thu Jan 13 01:06:00 CST 1 Working
income+10 Thu Jan 13 01:06:00 CST 1 New Income
debt-10 Thu Jan 13 01:06:00 CST 1 Payment
sleepiness-50 Thu Jan 13 01:55:00 CST 1 Working
income+10 Thu Jan 13 01:55:00 CST 1 New Income
debt-10 Thu Jan 13 01:55:00 CST 1 Payment
sleepiness+100 Thu Jan 13 02:04:00 CST 1 Going home
sleepiness-50 Thu Jan 13 02:47:00 CST 1 Working
income+10 Thu Jan 13 02:47:00 CST 1 New Income
debt-10 Thu Jan 13 02:47:00 CST 1 Payment
sleepiness-50 Thu Jan 13 03:37:00 CST 1 Working
income+10 Thu Jan 13 03:37:00 CST 1 New Income
savings+10 Thu Jan 13 03:37:00 CST 1 Payment
sleepiness+100 Thu Jan 13 03:48:00 CST 1 Going home
sleepiness-50 Thu Jan 13 04:14:00 CST 1 Working
income+10 Thu Jan 13 04:14:00 CST 1 New Income
savings+10 Thu Jan 13 04:14:00 CST 1 Payment
sleepiness-50 Thu Jan 13 05:03:00 CST 1 Working
income+10 Thu Jan 13 05:03:00 CST 1 New Income
savings+10 Thu Jan 13 05:03:00 CST 1 Payment
sleepiness+100 Thu Jan 13 05:18:00 CST 1 Going home
sleepiness-50 Thu Jan 13 05:57:00 CST 1 Working
income+10 Thu Jan 13 05:57:00 CST 1 New Income
savings+10 Thu Jan 13 05:57:00 CST 1 Payment
sleepiness-50 Thu Jan 13 06:17:00 CST 1 Working
income+10 Thu Jan 13 06:17:00 CST 1 New Income
savings+10 Thu Jan 13 06:17:00 CST 1 Payment
sleepiness+100 Thu Jan 13 06:30:00 CST 1 Going home
sleepiness-50 Thu Jan 13 07:26:00 CST 1 Working
income+10 Thu Jan 13 07:26:00 CST 1 New Income
savings+10 Thu Jan 13 07:26:00 CST 1 Payment
sleepiness-50 Thu Jan 13 07:46:00 CST 1 Working
income+10 Thu Jan 13 07:46:00 CST 1 New Income
savings+10 Thu Jan 13 07:46:00 CST 1 Payment
sleepiness+100 Thu Jan 13 08:39:00 CST 1 Going home
sleepiness-50 Thu Jan 13 08:56:00 CST 1 Working
income+10 Thu Jan 13 08:56:00 CST 1 New Income
savings+10 Thu Jan 13 08:56:00 CST 1 Payment
sleepiness-50 Thu Jan 13 09:16:00 CST 1 Working
income+10 Thu Jan 13 09:16:00 CST 1 New Income
savings+10 Thu Jan 13 09:16:00 CST 1 Payment
sleepiness+100 Thu Jan 13 21:07:00 CST 1 Going home
sleepiness-50 Thu Jan 13 22:04:00 CST 1 Working
income+10 Thu Jan 13 22:04:00 CST 1 New Income
savings+10 Thu Jan 13 22:04:00 CST 1 Payment
sleepiness-50 Thu Jan 13 22:26:00 CST 1 Working
income+10 Thu Jan 13 22:26:00 CST 1 New Income
savings+10 Thu Jan 13 22:26:00 CST 1 Payment
sleepiness+100 Thu Jan 13 23:26:00 CST 1 Going home
sleepiness-50 Fri Jan 14 00:05:00 CST 1 Working
income+10 Fri Jan 14 00:05:00 CST 1 New Income
savings+10 Fri Jan 14 00:05:00 CST 1 Payment
sleepiness-50 Fri Jan 14 00:54:00 CST 1 Working
income+10 Fri Jan 14 00:54:00 CST 1 New Income
savings+10 Fri Jan 14 00:54:00 CST 1 Payment
sleepiness+100 Fri Jan 14 01:11:00 CST 1 Going home
sleepiness-50 Fri Jan 14 01:47:00 CST 1 Working
income+10 Fri Jan 14 01:47:00 CST 1 New Income
savings+10 Fri Jan 14 01:47:00 CST 1 Payment
sleepiness-50 Fri Jan 14 02:24:00 CST 1 Working
income+10 Fri Jan 14 02:24:00 CST 1 New Income
savings+10 Fri Jan 14 02:24:00 CST 1 Payment
sleepiness+100 Fri Jan 14 03:04:00 CST 1 Going home
sleepiness-50 Fri Jan 14 03:33:00 CST 1 Working
income+10 Fri Jan 14 03:33:00 CST 1 New Income
savings+10 Fri Jan 14 03:33:00 CST 1 Payment
sleepiness-50 Fri Jan 14 04:06:00 CST 1 Working
income+10 Fri Jan 14 04:06:00 CST 1 New Income
savings+10 Fri Jan 14 04:06:00 CST 1 Payment
sleepiness+100 Fri Jan 14 04:22:00 CST 1 Going home
sleepiness-50 Fri Jan 14 05:20:00 CST 1 Working
income+10 Fri Jan 14 05:20:00 CST 1 New Income
savings+10 Fri Jan 14 05:20:00 CST 1 Payment
sleepiness-50 Fri Jan 14 05:51:00 CST 1 Working
income+10 Fri Jan 14 05:51:00 CST 1 New Income
savings+10 Fri Jan 14 05:51:00 CST 1 Payment
sleepiness+100 Fri Jan 14 06:06:00 CST 1 Going home
sleepiness-50 Fri Jan 14 06:47:00 CST 1 Working
income+10 Fri Jan 14 06:47:00 CST 1 New Income
savings+10 Fri Jan 14 06:47:00 CST 1 Payment
sleepiness-50 Fri Jan 14 06:54:00 CST 1 Working
income+10 Fri Jan 14 06:54:00 CST 1 New Income
savings+10 Fri Jan 14 06:54:00 CST 1 Payment
sleepiness+100 Fri Jan 14 07:47:00 CST 1 Going home
sleepiness-50 Fri Jan 14 08:44:00 CST 1 Working
income+10 Fri Jan 14 08:44:00 CST 1 New Income
savings+10 Fri Jan 14 08:44:00 CST 1 Payment
sleepiness-50 Fri Jan 14 09:35:00 CST 1 Working
income+10 Fri Jan 14 09:35:00 CST 1 New Income
savings+10 Fri Jan 14 09:35:00 CST 1 Payment
sleepiness+100 Fri Jan 14 21:13:00 CST 1 Going home
sleepiness-50 Fri Jan 14 21:42:00 CST 1 Working
income+10 Fri Jan 14 21:42:00 CST 1 New Income
savings+10 Fri Jan 14 21:42:00 CST 1 Payment
sleepiness-50 Fri Jan 14 22:01:00 CST 1 Working
income+10 Fri Jan 14 22:01:00 CST 1 New Income
savings+10 Fri Jan 14 22:01:00 CST 1 Payment
sleepiness+100 Fri Jan 14 22:20:00 CST 1 Going home
sleepiness-50 Fri Jan 14 23:19:00 CST 1 Working
income+10 Fri Jan 14 23:19:00 CST 1 New Income
savings+10 Fri Jan 14 23:19:00 CST 1 Payment
sleepiness-50 Sat Jan 15 00:07:00 CST 1 Working
income+10 Sat Jan 15 00:07:00 CST 1 New Income
savings+10 Sat Jan 15 00:07:00 CST 1 Payment
sleepiness+100 Sat Jan 15 01:11:00 CST 1 Going home
sleepiness-50 Sat Jan 15 02:12:00 CST 1 Working
income+10 Sat Jan 15 02:12:00 CST 1 New Income
savings+10 Sat Jan 15 02:12:00 CST 1 Payment
sleepiness-50 Sat Jan 15 02:25:00 CST 1 Working
income+10 Sat Jan 15 02:25:00 CST 1 New Income
savings+10 Sat Jan 15 02:25:00 CST 1 Payment
sleepiness+100 Sat Jan 15 03:25:00 CST 1 Going home
sleepiness-50 Sat Jan 15 04:25:00 CST 1 Working
income+10 Sat Jan 15 04:25:00 CST 1 New Income
savings+10 Sat Jan 15 04:25:00 CST 1 Payment
