age+0 Sat Jan 01 22:33:00 CST 1 creation
sleepiness-50 Sat Jan 01 22:34:00 CST 1 Working
income+10 Sat Jan 01 22:34:00 CST 1 New Income
debt-10 Sat Jan 01 22:34:00 CST 1 Payment
sleepiness-50 Sat Jan 01 22:54:00 CST 1 Working
income+10 Sat Jan 01 22:54:00 CST 1 New Income
debt-10 Sat Jan 01 22:54:00 CST 1 Payment
sleepiness+100 Sun Jan 02 02:53:00 CST 1 Going home
sleepiness-50 Sun Jan 02 03:27:00 CST 1 Working
income+10 Sun Jan 02 03:27:00 CST 1 New Income
debt-10 Sun Jan 02 03:27:00 CST 1 Payment
sleepiness-50 Sun Jan 02 04:00:00 CST 1 Working
income+10 Sun Jan 02 04:00:00 CST 1 New Income
debt-10 Sun Jan 02 04:00:00 CST 1 Payment
income+0 Sun Jan 02 04:06:00 CST 1 Bought a House
bills+0 Sun Jan 02 04:06:00 CST 1 Bought a House
taxes+0 Sun Jan 02 04:06:00 CST 1 Bought a House
savings+89 Sun Jan 02 04:06:00 CST 1 Bought a House
debt+11 Sun Jan 02 04:06:00 CST 1 Bought a House
sleepiness+100 Sun Jan 02 04:10:00 CST 1 Going home
sleepiness-50 Sun Jan 02 05:09:00 CST 1 Working
income+10 Sun Jan 02 05:09:00 CST 1 New Income
debt-10 Sun Jan 02 05:09:00 CST 1 Payment
sleepiness-50 Sun Jan 02 05:44:00 CST 1 Working
income+10 Sun Jan 02 05:44:00 CST 1 New Income
debt-10 Sun Jan 02 05:44:00 CST 1 Payment
companionship+10 Mon Jan 03 04:10:00 CST 1 Procreating
sleepiness-10 Mon Jan 03 04:10:00 CST 1 Procreating
thirst+90 Mon Jan 03 06:53:00 CST 1 Getting water
thirst+90 Sun Jan 09 12:50:00 CST 1 Getting water
