age+0 Sat Jan 01 11:16:00 CST 1 creation
sleepiness-50 Sat Jan 01 11:17:00 CST 1 Working
income+10 Sat Jan 01 11:17:00 CST 1 New Income
debt-10 Sat Jan 01 11:17:00 CST 1 Payment
sleepiness-50 Sat Jan 01 11:58:00 CST 1 Working
income+10 Sat Jan 01 11:58:00 CST 1 New Income
debt-10 Sat Jan 01 11:58:00 CST 1 Payment
sleepiness+100 Sun Jan 02 00:52:00 CST 1 Going home
sleepiness-50 Sun Jan 02 01:14:00 CST 1 Working
income+10 Sun Jan 02 01:14:00 CST 1 New Income
debt-10 Sun Jan 02 01:14:00 CST 1 Payment
income+0 Sun Jan 02 01:46:00 CST 1 Bought a House
bills+0 Sun Jan 02 01:46:00 CST 1 Bought a House
taxes+0 Sun Jan 02 01:46:00 CST 1 Bought a House
savings+66 Sun Jan 02 01:46:00 CST 1 Bought a House
debt+34 Sun Jan 02 01:46:00 CST 1 Bought a House
sleepiness-50 Sun Jan 02 01:52:00 CST 1 Working
income+10 Sun Jan 02 01:52:00 CST 1 New Income
debt-10 Sun Jan 02 01:52:00 CST 1 Payment
N/A+0 Wed Jan 05 00:00:00 CST 1 death
