age+0 Sat Jan 01 23:02:00 CST 1 creation
sleepiness-50 Sat Jan 01 23:07:00 CST 1 Working
income+10 Sat Jan 01 23:07:00 CST 1 New Income
debt-10 Sat Jan 01 23:07:00 CST 1 Payment
sleepiness-50 Sat Jan 01 23:21:00 CST 1 Working
income+10 Sat Jan 01 23:21:00 CST 1 New Income
debt-10 Sat Jan 01 23:21:00 CST 1 Payment
sleepiness+100 Sun Jan 02 03:14:00 CST 1 Going home
sleepiness-50 Sun Jan 02 04:12:00 CST 1 Working
income+10 Sun Jan 02 04:12:00 CST 1 New Income
debt-10 Sun Jan 02 04:12:00 CST 1 Payment
sleepiness-50 Sun Jan 02 04:52:00 CST 1 Working
income+10 Sun Jan 02 04:52:00 CST 1 New Income
debt-10 Sun Jan 02 04:52:00 CST 1 Payment
sleepiness+100 Sun Jan 02 05:30:00 CST 1 Going home
sleepiness-50 Sun Jan 02 05:53:00 CST 1 Working
income+10 Sun Jan 02 05:53:00 CST 1 New Income
debt-10 Sun Jan 02 05:53:00 CST 1 Payment
income+0 Sun Jan 02 06:39:00 CST 1 Bought a House
bills+0 Sun Jan 02 06:39:00 CST 1 Bought a House
taxes+0 Sun Jan 02 06:39:00 CST 1 Bought a House
savings+55 Sun Jan 02 06:39:00 CST 1 Bought a House
debt+45 Sun Jan 02 06:39:00 CST 1 Bought a House
sleepiness-50 Sun Jan 02 06:00:00 CST 1 Working
income+10 Sun Jan 02 06:00:00 CST 1 New Income
debt-10 Sun Jan 02 06:00:00 CST 1 Payment
thirst+90 Tue Jan 04 16:47:00 CST 1 Getting water
companionship+10 Sat Jan 08 04:42:00 CST 1 Procreating
sleepiness-10 Sat Jan 08 04:42:00 CST 1 Procreating
thirst+90 Tue Jan 11 03:42:00 CST 1 Getting water
