age+0 Sat Jan 01 11:16:00 CST 1 creation
sleepiness-50 Sat Jan 01 14:46:00 CST 1 Working
income+10 Sat Jan 01 14:46:00 CST 1 New Income
debt-10 Sat Jan 01 14:46:00 CST 1 Payment
income+0 Sat Jan 01 14:57:00 CST 1 Bought a House
bills+0 Sat Jan 01 14:57:00 CST 1 Bought a House
taxes+0 Sat Jan 01 14:57:00 CST 1 Bought a House
savings+52 Sat Jan 01 14:57:00 CST 1 Bought a House
debt+48 Sat Jan 01 14:57:00 CST 1 Bought a House
sleepiness-50 Sat Jan 01 17:32:00 CST 1 Working
income+10 Sat Jan 01 17:32:00 CST 1 New Income
debt-10 Sat Jan 01 17:32:00 CST 1 Payment
companionship+10 Fri Jan 07 05:33:00 CST 1 Procreating
sleepiness-10 Fri Jan 07 05:33:00 CST 1 Procreating
thirst+90 Fri Jan 07 06:12:00 CST 1 Getting water
sleepiness+100 Sun Jan 09 02:46:00 CST 1 Going home
sleepiness-50 Sun Jan 09 07:02:00 CST 1 Working
income+10 Sun Jan 09 07:02:00 CST 1 New Income
debt-10 Sun Jan 09 07:02:00 CST 1 Payment
sleepiness-50 Sun Jan 09 10:32:00 CST 1 Working
income+10 Sun Jan 09 10:32:00 CST 1 New Income
debt-10 Sun Jan 09 10:32:00 CST 1 Payment
sleepiness+100 Sun Jan 09 23:07:00 CST 1 Going home
sleepiness-50 Mon Jan 10 04:24:00 CST 1 Working
income+10 Mon Jan 10 04:24:00 CST 1 New Income
debt-10 Mon Jan 10 04:24:00 CST 1 Payment
sleepiness-50 Mon Jan 10 09:53:00 CST 1 Working
income+10 Mon Jan 10 09:53:00 CST 1 New Income
debt-10 Mon Jan 10 09:53:00 CST 1 Payment
sleepiness+100 Mon Jan 10 21:32:00 CST 1 Going home
sleepiness-50 Tue Jan 11 03:35:00 CST 1 Working
income+10 Tue Jan 11 03:35:00 CST 1 New Income
debt-10 Tue Jan 11 03:35:00 CST 1 Payment
sleepiness-50 Tue Jan 11 06:49:00 CST 1 Working
income+10 Tue Jan 11 06:49:00 CST 1 New Income
debt-10 Tue Jan 11 06:49:00 CST 1 Payment
sleepiness+100 Tue Jan 11 10:45:00 CST 1 Going home
sleepiness-50 Tue Jan 11 14:23:00 CST 1 Working
income+10 Tue Jan 11 14:23:00 CST 1 New Income
debt-10 Tue Jan 11 14:23:00 CST 1 Payment
sleepiness-50 Tue Jan 11 17:04:00 CST 1 Working
income+10 Tue Jan 11 17:04:00 CST 1 New Income
debt-10 Tue Jan 11 17:04:00 CST 1 Payment
sleepiness+100 Wed Jan 12 01:27:00 CST 1 Going home
sleepiness-50 Wed Jan 12 03:22:00 CST 1 Working
income+10 Wed Jan 12 03:22:00 CST 1 New Income
debt-10 Wed Jan 12 03:22:00 CST 1 Payment
sleepiness-50 Wed Jan 12 03:42:00 CST 1 Working
income+10 Wed Jan 12 03:42:00 CST 1 New Income
savings+10 Wed Jan 12 03:42:00 CST 1 Payment
sleepiness+100 Wed Jan 12 05:29:00 CST 1 Going home
sleepiness-50 Wed Jan 12 09:26:00 CST 1 Working
income+10 Wed Jan 12 09:26:00 CST 1 New Income
savings+10 Wed Jan 12 09:26:00 CST 1 Payment
sleepiness-50 Wed Jan 12 14:00:00 CST 1 Working
income+10 Wed Jan 12 14:00:00 CST 1 New Income
savings+10 Wed Jan 12 14:00:00 CST 1 Payment
sleepiness+100 Wed Jan 12 22:20:00 CST 1 Going home
sleepiness-50 Thu Jan 13 01:27:00 CST 1 Working
income+10 Thu Jan 13 01:27:00 CST 1 New Income
savings+10 Thu Jan 13 01:27:00 CST 1 Payment
sleepiness-50 Thu Jan 13 03:41:00 CST 1 Working
income+10 Thu Jan 13 03:41:00 CST 1 New Income
savings+10 Thu Jan 13 03:41:00 CST 1 Payment
sleepiness+100 Thu Jan 13 08:36:00 CST 1 Going home
sleepiness-50 Thu Jan 13 11:56:00 CST 1 Working
income+10 Thu Jan 13 11:56:00 CST 1 New Income
savings+10 Thu Jan 13 11:56:00 CST 1 Payment
sleepiness-50 Thu Jan 13 14:01:00 CST 1 Working
income+10 Thu Jan 13 14:01:00 CST 1 New Income
savings+10 Thu Jan 13 14:01:00 CST 1 Payment
sleepiness+100 Fri Jan 14 00:34:00 CST 1 Going home
sleepiness-50 Fri Jan 14 03:47:00 CST 1 Working
income+10 Fri Jan 14 03:47:00 CST 1 New Income
savings+10 Fri Jan 14 03:47:00 CST 1 Payment
sleepiness-50 Fri Jan 14 07:22:00 CST 1 Working
income+10 Fri Jan 14 07:22:00 CST 1 New Income
savings+10 Fri Jan 14 07:22:00 CST 1 Payment
sleepiness+100 Fri Jan 14 12:10:00 CST 1 Going home
sleepiness-50 Fri Jan 14 13:21:00 CST 1 Working
income+10 Fri Jan 14 13:21:00 CST 1 New Income
savings+10 Fri Jan 14 13:21:00 CST 1 Payment
sleepiness-50 Fri Jan 14 15:43:00 CST 1 Working
income+10 Fri Jan 14 15:43:00 CST 1 New Income
savings+10 Fri Jan 14 15:43:00 CST 1 Payment
sleepiness+100 Fri Jan 14 23:42:00 CST 1 Going home
sleepiness-50 Sat Jan 15 04:44:00 CST 1 Working
income+10 Sat Jan 15 04:44:00 CST 1 New Income
savings+10 Sat Jan 15 04:44:00 CST 1 Payment
sleepiness-50 Sat Jan 15 06:56:00 CST 1 Working
income+10 Sat Jan 15 06:56:00 CST 1 New Income
savings+10 Sat Jan 15 06:56:00 CST 1 Payment
sleepiness+100 Sat Jan 15 11:23:00 CST 1 Going home
