age+0 Sat Jan 08 04:42:00 CST 1 creation
sleepiness-50 Sat Jan 08 04:50:00 CST 1 Working
income+10 Sat Jan 08 04:50:00 CST 1 New Income
debt-10 Sat Jan 08 04:50:00 CST 1 Payment
sleepiness-50 Sat Jan 08 06:13:00 CST 1 Working
income+10 Sat Jan 08 06:13:00 CST 1 New Income
debt-10 Sat Jan 08 06:13:00 CST 1 Payment
thirst+90 Tue Jan 11 11:56:00 CST 1 Getting water
sleepiness+100 Wed Jan 12 23:13:00 CST 1 Going home
sleepiness-50 Thu Jan 13 03:07:00 CST 1 Working
income+10 Thu Jan 13 03:07:00 CST 1 New Income
debt-10 Thu Jan 13 03:07:00 CST 1 Payment
sleepiness-50 Thu Jan 13 07:06:00 CST 1 Working
income+10 Thu Jan 13 07:06:00 CST 1 New Income
debt-10 Thu Jan 13 07:06:00 CST 1 Payment
sleepiness+100 Thu Jan 13 09:11:00 CST 1 Going home
sleepiness-50 Thu Jan 13 11:31:00 CST 1 Working
income+10 Thu Jan 13 11:31:00 CST 1 New Income
debt-10 Thu Jan 13 11:31:00 CST 1 Payment
sleepiness-50 Thu Jan 13 13:46:00 CST 1 Working
income+10 Thu Jan 13 13:46:00 CST 1 New Income
savings+10 Thu Jan 13 13:46:00 CST 1 Payment
sleepiness+100 Thu Jan 13 22:43:00 CST 1 Going home
sleepiness-50 Fri Jan 14 01:47:00 CST 1 Working
income+10 Fri Jan 14 01:47:00 CST 1 New Income
savings+10 Fri Jan 14 01:47:00 CST 1 Payment
sleepiness-50 Fri Jan 14 03:31:00 CST 1 Working
income+10 Fri Jan 14 03:31:00 CST 1 New Income
savings+10 Fri Jan 14 03:31:00 CST 1 Payment
sleepiness+100 Fri Jan 14 07:33:00 CST 1 Going home
sleepiness-50 Fri Jan 14 11:34:00 CST 1 Working
income+10 Fri Jan 14 11:34:00 CST 1 New Income
savings+10 Fri Jan 14 11:34:00 CST 1 Payment
sleepiness-50 Fri Jan 14 14:03:00 CST 1 Working
income+10 Fri Jan 14 14:03:00 CST 1 New Income
savings+10 Fri Jan 14 14:03:00 CST 1 Payment
sleepiness+100 Sat Jan 15 01:02:00 CST 1 Going home
sleepiness-50 Sat Jan 15 04:48:00 CST 1 Working
income+10 Sat Jan 15 04:48:00 CST 1 New Income
savings+10 Sat Jan 15 04:48:00 CST 1 Payment
sleepiness-50 Sat Jan 15 08:50:00 CST 1 Working
income+10 Sat Jan 15 08:50:00 CST 1 New Income
savings+10 Sat Jan 15 08:50:00 CST 1 Payment
