age+0 Sat Jan 01 16:50:00 CST 1 creation
sleepiness-50 Sat Jan 01 18:23:00 CST 1 Working
income+10 Sat Jan 01 18:23:00 CST 1 New Income
debt-10 Sat Jan 01 18:23:00 CST 1 Payment
sleepiness-50 Sat Jan 01 22:18:00 CST 1 Working
income+10 Sat Jan 01 22:18:00 CST 1 New Income
debt-10 Sat Jan 01 22:18:00 CST 1 Payment
companionship+10 Sun Jan 02 03:30:00 CST 1 Procreating
sleepiness-10 Sun Jan 02 03:30:00 CST 1 Procreating
sleepiness+100 Sun Jan 02 07:51:00 CST 1 Going home
sleepiness-50 Sun Jan 02 12:34:00 CST 1 Working
income+10 Sun Jan 02 12:34:00 CST 1 New Income
debt-10 Sun Jan 02 12:34:00 CST 1 Payment
sleepiness-50 Sun Jan 02 15:58:00 CST 1 Working
income+10 Sun Jan 02 15:58:00 CST 1 New Income
debt-10 Sun Jan 02 15:58:00 CST 1 Payment
sleepiness+100 Sun Jan 02 23:38:00 CST 1 Going home
sleepiness-50 Mon Jan 03 02:23:00 CST 1 Working
income+10 Mon Jan 03 02:23:00 CST 1 New Income
debt-10 Mon Jan 03 02:23:00 CST 1 Payment
sleepiness-50 Mon Jan 03 04:47:00 CST 1 Working
income+10 Mon Jan 03 04:47:00 CST 1 New Income
debt-10 Mon Jan 03 04:47:00 CST 1 Payment
sleepiness+100 Mon Jan 03 06:44:00 CST 1 Going home
sleepiness-50 Mon Jan 03 11:54:00 CST 1 Working
income+10 Mon Jan 03 11:54:00 CST 1 New Income
debt-10 Mon Jan 03 11:54:00 CST 1 Payment
sleepiness-50 Mon Jan 03 13:44:00 CST 1 Working
income+10 Mon Jan 03 13:44:00 CST 1 New Income
debt-10 Mon Jan 03 13:44:00 CST 1 Payment
sleepiness+100 Tue Jan 04 01:01:00 CST 1 Going home
sleepiness-50 Tue Jan 04 02:38:00 CST 1 Working
income+10 Tue Jan 04 02:38:00 CST 1 New Income
debt-10 Tue Jan 04 02:38:00 CST 1 Payment
sleepiness-50 Tue Jan 04 03:11:00 CST 1 Working
income+10 Tue Jan 04 03:11:00 CST 1 New Income
debt-10 Tue Jan 04 03:11:00 CST 1 Payment
sleepiness+100 Tue Jan 04 04:04:00 CST 1 Going home
sleepiness-50 Tue Jan 04 05:11:00 CST 1 Working
income+10 Tue Jan 04 05:11:00 CST 1 New Income
savings+10 Tue Jan 04 05:11:00 CST 1 Payment
income+0 Tue Jan 04 05:42:00 CST 1 Bought a House
bills+0 Tue Jan 04 05:42:00 CST 1 Bought a House
taxes+0 Tue Jan 04 05:42:00 CST 1 Bought a House
savings+62 Tue Jan 04 05:42:00 CST 1 Bought a House
debt+38 Tue Jan 04 05:42:00 CST 1 Bought a House
sleepiness-50 Tue Jan 04 07:44:00 CST 1 Working
income+10 Tue Jan 04 07:44:00 CST 1 New Income
debt-10 Tue Jan 04 07:44:00 CST 1 Payment
thirst+90 Tue Jan 04 21:51:00 CST 1 Getting water
thirst+90 Tue Jan 11 03:47:00 CST 1 Getting water
