age+0 Sat Jan 01 11:16:00 CST 1 creation
thirst+99 Sat Jan 01 11:18:00 CST 1 Getting water
sleepiness-50 Sat Jan 01 11:30:00 CST 1 Working
income+10 Sat Jan 01 11:30:00 CST 1 New Income
debt-10 Sat Jan 01 11:30:00 CST 1 Payment
sleepiness-50 Sat Jan 01 12:05:00 CST 1 Working
income+10 Sat Jan 01 12:05:00 CST 1 New Income
debt-10 Sat Jan 01 12:05:00 CST 1 Payment
companionship+10 Sat Jan 01 18:12:00 CST 1 Procreating
sleepiness-10 Sat Jan 01 18:12:00 CST 1 Procreating
sleepiness+100 Sun Jan 02 01:18:00 CST 1 Going home
sleepiness-50 Sun Jan 02 02:13:00 CST 1 Working
income+10 Sun Jan 02 02:13:00 CST 1 New Income
debt-10 Sun Jan 02 02:13:00 CST 1 Payment
sleepiness-50 Sun Jan 02 03:14:00 CST 1 Working
income+10 Sun Jan 02 03:14:00 CST 1 New Income
debt-10 Sun Jan 02 03:14:00 CST 1 Payment
sleepiness+100 Sun Jan 02 03:55:00 CST 1 Going home
sleepiness-50 Sun Jan 02 04:30:00 CST 1 Working
income+10 Sun Jan 02 04:30:00 CST 1 New Income
debt-10 Sun Jan 02 04:30:00 CST 1 Payment
sleepiness-50 Sun Jan 02 05:09:00 CST 1 Working
income+10 Sun Jan 02 05:09:00 CST 1 New Income
debt-10 Sun Jan 02 05:09:00 CST 1 Payment
sleepiness+100 Sun Jan 02 05:47:00 CST 1 Going home
sleepiness-50 Sun Jan 02 06:05:00 CST 1 Working
income+10 Sun Jan 02 06:05:00 CST 1 New Income
debt-10 Sun Jan 02 06:05:00 CST 1 Payment
sleepiness-50 Sun Jan 02 06:54:00 CST 1 Working
income+10 Sun Jan 02 06:54:00 CST 1 New Income
debt-10 Sun Jan 02 06:54:00 CST 1 Payment
sleepiness+100 Sun Jan 02 07:16:00 CST 1 Going home
sleepiness-50 Sun Jan 02 08:06:00 CST 1 Working
income+10 Sun Jan 02 08:06:00 CST 1 New Income
debt-10 Sun Jan 02 08:06:00 CST 1 Payment
income+0 Sun Jan 02 08:54:00 CST 1 Bought a House
bills+0 Sun Jan 02 08:54:00 CST 1 Bought a House
taxes+0 Sun Jan 02 08:54:00 CST 1 Bought a House
savings+57 Sun Jan 02 08:54:00 CST 1 Bought a House
debt+43 Sun Jan 02 08:54:00 CST 1 Bought a House
sleepiness-50 Sun Jan 02 08:55:00 CST 1 Working
income+10 Sun Jan 02 08:55:00 CST 1 New Income
debt-10 Sun Jan 02 08:55:00 CST 1 Payment
N/A+0 Wed Jan 05 00:00:00 CST 1 death
