age+0 Wed Jan 05 01:24:00 CST 1 creation
sleepiness-50 Wed Jan 05 02:56:00 CST 1 Working
income+10 Wed Jan 05 02:56:00 CST 1 New Income
debt-10 Wed Jan 05 02:56:00 CST 1 Payment
sleepiness-50 Wed Jan 05 07:38:00 CST 1 Working
income+10 Wed Jan 05 07:38:00 CST 1 New Income
debt-10 Wed Jan 05 07:38:00 CST 1 Payment
thirst+90 Sat Jan 08 07:43:00 CST 1 Getting water
companionship+10 Mon Jan 10 04:44:00 CST 1 Procreating
sleepiness-10 Mon Jan 10 04:44:00 CST 1 Procreating
thirst+90 Fri Jan 14 18:44:00 CST 1 Getting water
sleepiness+100 Fri Jan 14 22:31:00 CST 1 Going home
sleepiness-50 Sat Jan 15 01:41:00 CST 1 Working
income+10 Sat Jan 15 01:41:00 CST 1 New Income
savings+10 Sat Jan 15 01:41:00 CST 1 Payment
sleepiness-50 Sat Jan 15 04:07:00 CST 1 Working
income+10 Sat Jan 15 04:07:00 CST 1 New Income
savings+10 Sat Jan 15 04:07:00 CST 1 Payment
trust+10 Sat Jan 15 05:54:00 CST 1 Voting
sleepiness+100 Sat Jan 15 09:12:00 CST 1 Going home
sleepiness-50 Sat Jan 15 09:38:00 CST 1 Working
income+10 Sat Jan 15 09:38:00 CST 1 New Income
savings+10 Sat Jan 15 09:38:00 CST 1 Payment
sleepiness-50 Sat Jan 15 10:25:00 CST 1 Working
income+10 Sat Jan 15 10:25:00 CST 1 New Income
savings+10 Sat Jan 15 10:25:00 CST 1 Payment
