age+0 Sat Jan 01 11:16:00 CST 1 creation
sleepiness-50 Sat Jan 01 11:17:00 CST 1 Working
income+10 Sat Jan 01 11:17:00 CST 1 New Income
debt-10 Sat Jan 01 11:17:00 CST 1 Payment
sleepiness-50 Sat Jan 01 11:58:00 CST 1 Working
income+10 Sat Jan 01 11:58:00 CST 1 New Income
debt-10 Sat Jan 01 11:58:00 CST 1 Payment
sleepiness+100 Sun Jan 02 00:36:00 CST 1 Going home
sleepiness-50 Sun Jan 02 01:05:00 CST 1 Working
income+10 Sun Jan 02 01:05:00 CST 1 New Income
debt-10 Sun Jan 02 01:05:00 CST 1 Payment
sleepiness-50 Sun Jan 02 01:37:00 CST 1 Working
income+10 Sun Jan 02 01:37:00 CST 1 New Income
debt-10 Sun Jan 02 01:37:00 CST 1 Payment
sleepiness+100 Sun Jan 02 01:52:00 CST 1 Going home
sleepiness-50 Sun Jan 02 02:23:00 CST 1 Working
income+10 Sun Jan 02 02:23:00 CST 1 New Income
debt-10 Sun Jan 02 02:23:00 CST 1 Payment
sleepiness-50 Sun Jan 02 03:16:00 CST 1 Working
income+10 Sun Jan 02 03:16:00 CST 1 New Income
debt-10 Sun Jan 02 03:16:00 CST 1 Payment
sleepiness+100 Sun Jan 02 03:56:00 CST 1 Going home
sleepiness-50 Sun Jan 02 04:38:00 CST 1 Working
income+10 Sun Jan 02 04:38:00 CST 1 New Income
debt-10 Sun Jan 02 04:38:00 CST 1 Payment
income+0 Sun Jan 02 05:09:00 CST 1 Bought a House
bills+0 Sun Jan 02 05:09:00 CST 1 Bought a House
taxes+0 Sun Jan 02 05:09:00 CST 1 Bought a House
savings+54 Sun Jan 02 05:09:00 CST 1 Bought a House
debt+46 Sun Jan 02 05:09:00 CST 1 Bought a House
sleepiness-50 Sun Jan 02 05:10:00 CST 1 Working
income+10 Sun Jan 02 05:10:00 CST 1 New Income
debt-10 Sun Jan 02 05:10:00 CST 1 Payment
companionship+10 Mon Jan 03 04:10:00 CST 1 Procreating
sleepiness-10 Mon Jan 03 04:10:00 CST 1 Procreating
N/A+0 Thu Jan 06 00:00:00 CST 1 death
