age+0 Sat Jan 01 01:31:00 CST 1 creation
sleepiness-50 Sat Jan 01 01:32:00 CST 1 Working
income+10 Sat Jan 01 01:32:00 CST 1 New Income
debt-10 Sat Jan 01 01:32:00 CST 1 Payment
sleepiness-50 Sat Jan 01 02:16:00 CST 1 Working
income+10 Sat Jan 01 02:16:00 CST 1 New Income
debt-10 Sat Jan 01 02:16:00 CST 1 Payment
sleepiness+100 Sat Jan 01 03:45:00 CST 1 Going home
sleepiness-50 Sat Jan 01 04:42:00 CST 1 Working
income+10 Sat Jan 01 04:42:00 CST 1 New Income
debt-10 Sat Jan 01 04:42:00 CST 1 Payment
sleepiness-50 Sat Jan 01 04:55:00 CST 1 Working
income+10 Sat Jan 01 04:55:00 CST 1 New Income
debt-10 Sat Jan 01 04:55:00 CST 1 Payment
sleepiness+100 Sat Jan 01 05:14:00 CST 1 Going home
sleepiness-50 Sat Jan 01 06:10:00 CST 1 Working
income+10 Sat Jan 01 06:10:00 CST 1 New Income
debt-10 Sat Jan 01 06:10:00 CST 1 Payment
sleepiness-50 Sat Jan 01 06:23:00 CST 1 Working
income+10 Sat Jan 01 06:23:00 CST 1 New Income
debt-10 Sat Jan 01 06:23:00 CST 1 Payment
sleepiness+100 Sat Jan 01 06:42:00 CST 1 Going home
sleepiness-50 Sat Jan 01 07:41:00 CST 1 Working
income+10 Sat Jan 01 07:41:00 CST 1 New Income
debt-10 Sat Jan 01 07:41:00 CST 1 Payment
income+0 Sat Jan 01 07:53:00 CST 1 Bought a House
bills+0 Sat Jan 01 07:53:00 CST 1 Bought a House
taxes+0 Sat Jan 01 07:53:00 CST 1 Bought a House
savings+52 Sat Jan 01 07:53:00 CST 1 Bought a House
debt+48 Sat Jan 01 07:53:00 CST 1 Bought a House
sleepiness-50 Sat Jan 01 07:54:00 CST 1 Working
income+10 Sat Jan 01 07:54:00 CST 1 New Income
debt-10 Sat Jan 01 07:54:00 CST 1 Payment
companionship+10 Sat Jan 01 09:30:00 CST 1 Procreating
sleepiness-10 Sat Jan 01 09:30:00 CST 1 Procreating
thirst+90 Tue Jan 04 07:51:00 CST 1 Getting water
thirst+90 Mon Jan 10 13:41:00 CST 1 Getting water
sleepiness+100 Mon Jan 10 23:25:00 CST 1 Going home
sleepiness-50 Tue Jan 11 00:20:00 CST 1 Working
income+10 Tue Jan 11 00:20:00 CST 1 New Income
debt-10 Tue Jan 11 00:20:00 CST 1 Payment
sleepiness-50 Tue Jan 11 00:33:00 CST 1 Working
income+10 Tue Jan 11 00:33:00 CST 1 New Income
debt-10 Tue Jan 11 00:33:00 CST 1 Payment
sleepiness+100 Tue Jan 11 00:50:00 CST 1 Going home
sleepiness-50 Tue Jan 11 01:11:00 CST 1 Working
income+10 Tue Jan 11 01:11:00 CST 1 New Income
debt-10 Tue Jan 11 01:11:00 CST 1 Payment
sleepiness-50 Tue Jan 11 01:24:00 CST 1 Working
income+10 Tue Jan 11 01:24:00 CST 1 New Income
debt-10 Tue Jan 11 01:24:00 CST 1 Payment
sleepiness+100 Tue Jan 11 01:41:00 CST 1 Going home
sleepiness-50 Tue Jan 11 02:04:00 CST 1 Working
income+10 Tue Jan 11 02:04:00 CST 1 New Income
debt-10 Tue Jan 11 02:04:00 CST 1 Payment
sleepiness-50 Tue Jan 11 02:43:00 CST 1 Working
income+10 Tue Jan 11 02:43:00 CST 1 New Income
debt-10 Tue Jan 11 02:43:00 CST 1 Payment
sleepiness+100 Tue Jan 11 03:02:00 CST 1 Going home
sleepiness-50 Tue Jan 11 03:31:00 CST 1 Working
income+10 Tue Jan 11 03:31:00 CST 1 New Income
debt-10 Tue Jan 11 03:31:00 CST 1 Payment
sleepiness-50 Tue Jan 11 04:09:00 CST 1 Working
income+10 Tue Jan 11 04:09:00 CST 1 New Income
debt-10 Tue Jan 11 04:09:00 CST 1 Payment
sleepiness+100 Tue Jan 11 04:28:00 CST 1 Going home
sleepiness-50 Tue Jan 11 04:57:00 CST 1 Working
income+10 Tue Jan 11 04:57:00 CST 1 New Income
debt-10 Tue Jan 11 04:57:00 CST 1 Payment
sleepiness-50 Tue Jan 11 05:36:00 CST 1 Working
income+10 Tue Jan 11 05:36:00 CST 1 New Income
savings+10 Tue Jan 11 05:36:00 CST 1 Payment
sleepiness+100 Tue Jan 11 05:54:00 CST 1 Going home
sleepiness-50 Tue Jan 11 06:23:00 CST 1 Working
income+10 Tue Jan 11 06:23:00 CST 1 New Income
savings+10 Tue Jan 11 06:23:00 CST 1 Payment
sleepiness-50 Tue Jan 11 07:13:00 CST 1 Working
income+10 Tue Jan 11 07:13:00 CST 1 New Income
savings+10 Tue Jan 11 07:13:00 CST 1 Payment
sleepiness+100 Tue Jan 11 07:32:00 CST 1 Going home
sleepiness-50 Tue Jan 11 08:00:00 CST 1 Working
income+10 Tue Jan 11 08:00:00 CST 1 New Income
savings+10 Tue Jan 11 08:00:00 CST 1 Payment
sleepiness-50 Tue Jan 11 08:39:00 CST 1 Working
income+10 Tue Jan 11 08:39:00 CST 1 New Income
savings+10 Tue Jan 11 08:39:00 CST 1 Payment
sleepiness+100 Tue Jan 11 21:13:00 CST 1 Going home
sleepiness-50 Tue Jan 11 21:42:00 CST 1 Working
income+10 Tue Jan 11 21:42:00 CST 1 New Income
savings+10 Tue Jan 11 21:42:00 CST 1 Payment
sleepiness-50 Tue Jan 11 22:32:00 CST 1 Working
income+10 Tue Jan 11 22:32:00 CST 1 New Income
savings+10 Tue Jan 11 22:32:00 CST 1 Payment
sleepiness+100 Tue Jan 11 22:51:00 CST 1 Going home
sleepiness-50 Tue Jan 11 23:19:00 CST 1 Working
income+10 Tue Jan 11 23:19:00 CST 1 New Income
savings+10 Tue Jan 11 23:19:00 CST 1 Payment
sleepiness-50 Wed Jan 12 00:07:00 CST 1 Working
income+10 Wed Jan 12 00:07:00 CST 1 New Income
savings+10 Wed Jan 12 00:07:00 CST 1 Payment
sleepiness+100 Wed Jan 12 00:26:00 CST 1 Going home
sleepiness-50 Wed Jan 12 00:55:00 CST 1 Working
income+10 Wed Jan 12 00:55:00 CST 1 New Income
savings+10 Wed Jan 12 00:55:00 CST 1 Payment
sleepiness-50 Wed Jan 12 01:45:00 CST 1 Working
income+10 Wed Jan 12 01:45:00 CST 1 New Income
savings+10 Wed Jan 12 01:45:00 CST 1 Payment
sleepiness+100 Wed Jan 12 02:04:00 CST 1 Going home
sleepiness-50 Wed Jan 12 02:33:00 CST 1 Working
income+10 Wed Jan 12 02:33:00 CST 1 New Income
savings+10 Wed Jan 12 02:33:00 CST 1 Payment
sleepiness-50 Wed Jan 12 03:23:00 CST 1 Working
income+10 Wed Jan 12 03:23:00 CST 1 New Income
savings+10 Wed Jan 12 03:23:00 CST 1 Payment
sleepiness+100 Wed Jan 12 03:42:00 CST 1 Going home
sleepiness-50 Wed Jan 12 04:11:00 CST 1 Working
income+10 Wed Jan 12 04:11:00 CST 1 New Income
savings+10 Wed Jan 12 04:11:00 CST 1 Payment
sleepiness-50 Wed Jan 12 04:50:00 CST 1 Working
income+10 Wed Jan 12 04:50:00 CST 1 New Income
savings+10 Wed Jan 12 04:50:00 CST 1 Payment
sleepiness+100 Wed Jan 12 05:09:00 CST 1 Going home
sleepiness-50 Wed Jan 12 05:44:00 CST 1 Working
income+10 Wed Jan 12 05:44:00 CST 1 New Income
savings+10 Wed Jan 12 05:44:00 CST 1 Payment
sleepiness-50 Wed Jan 12 06:34:00 CST 1 Working
income+10 Wed Jan 12 06:34:00 CST 1 New Income
savings+10 Wed Jan 12 06:34:00 CST 1 Payment
sleepiness+100 Wed Jan 12 06:56:00 CST 1 Going home
sleepiness-50 Wed Jan 12 07:37:00 CST 1 Working
income+10 Wed Jan 12 07:37:00 CST 1 New Income
savings+10 Wed Jan 12 07:37:00 CST 1 Payment
sleepiness-50 Wed Jan 12 08:27:00 CST 1 Working
income+10 Wed Jan 12 08:27:00 CST 1 New Income
savings+10 Wed Jan 12 08:27:00 CST 1 Payment
sleepiness+100 Wed Jan 12 21:16:00 CST 1 Going home
sleepiness-50 Wed Jan 12 21:57:00 CST 1 Working
income+10 Wed Jan 12 21:57:00 CST 1 New Income
savings+10 Wed Jan 12 21:57:00 CST 1 Payment
sleepiness-50 Wed Jan 12 22:51:00 CST 1 Working
income+10 Wed Jan 12 22:51:00 CST 1 New Income
savings+10 Wed Jan 12 22:51:00 CST 1 Payment
sleepiness+100 Fri Jan 14 00:01:00 CST 1 Going home
sleepiness-50 Thu Jan 13 00:23:00 CST 1 Working
income+10 Thu Jan 13 00:23:00 CST 1 New Income
savings+10 Thu Jan 13 00:23:00 CST 1 Payment
sleepiness-50 Thu Jan 13 01:02:00 CST 1 Working
income+10 Thu Jan 13 01:02:00 CST 1 New Income
savings+10 Thu Jan 13 01:02:00 CST 1 Payment
sleepiness+100 Thu Jan 13 01:26:00 CST 1 Going home
sleepiness-50 Thu Jan 13 02:33:00 CST 1 Working
income+10 Thu Jan 13 02:33:00 CST 1 New Income
savings+10 Thu Jan 13 02:33:00 CST 1 Payment
sleepiness-50 Thu Jan 13 03:23:00 CST 1 Working
income+10 Thu Jan 13 03:23:00 CST 1 New Income
savings+10 Thu Jan 13 03:23:00 CST 1 Payment
sleepiness+100 Thu Jan 13 03:47:00 CST 1 Going home
sleepiness-50 Thu Jan 13 04:54:00 CST 1 Working
income+10 Thu Jan 13 04:54:00 CST 1 New Income
savings+10 Thu Jan 13 04:54:00 CST 1 Payment
sleepiness-50 Thu Jan 13 05:33:00 CST 1 Working
income+10 Thu Jan 13 05:33:00 CST 1 New Income
savings+10 Thu Jan 13 05:33:00 CST 1 Payment
sleepiness+100 Thu Jan 13 05:57:00 CST 1 Going home
sleepiness-50 Thu Jan 13 06:53:00 CST 1 Working
income+10 Thu Jan 13 06:53:00 CST 1 New Income
savings+10 Thu Jan 13 06:53:00 CST 1 Payment
sleepiness-50 Thu Jan 13 07:43:00 CST 1 Working
income+10 Thu Jan 13 07:43:00 CST 1 New Income
savings+10 Thu Jan 13 07:43:00 CST 1 Payment
sleepiness+100 Thu Jan 13 08:07:00 CST 1 Going home
sleepiness-50 Thu Jan 13 09:14:00 CST 1 Working
income+10 Thu Jan 13 09:14:00 CST 1 New Income
savings+10 Thu Jan 13 09:14:00 CST 1 Payment
sleepiness-50 Thu Jan 13 10:12:00 CST 1 Working
income+10 Thu Jan 13 10:12:00 CST 1 New Income
savings+10 Thu Jan 13 10:12:00 CST 1 Payment
sleepiness+100 Thu Jan 13 21:20:00 CST 1 Going home
sleepiness-50 Thu Jan 13 21:44:00 CST 1 Working
income+10 Thu Jan 13 21:44:00 CST 1 New Income
savings+10 Thu Jan 13 21:44:00 CST 1 Payment
sleepiness-50 Thu Jan 13 22:34:00 CST 1 Working
income+10 Thu Jan 13 22:34:00 CST 1 New Income
savings+10 Thu Jan 13 22:34:00 CST 1 Payment
sleepiness+100 Thu Jan 13 23:00:00 CST 1 Going home
sleepiness-50 Thu Jan 13 23:24:00 CST 1 Working
income+10 Thu Jan 13 23:24:00 CST 1 New Income
savings+10 Thu Jan 13 23:24:00 CST 1 Payment
sleepiness-50 Fri Jan 14 00:12:00 CST 1 Working
income+10 Fri Jan 14 00:12:00 CST 1 New Income
savings+10 Fri Jan 14 00:12:00 CST 1 Payment
sleepiness+100 Fri Jan 14 00:38:00 CST 1 Going home
sleepiness-50 Fri Jan 14 01:02:00 CST 1 Working
income+10 Fri Jan 14 01:02:00 CST 1 New Income
savings+10 Fri Jan 14 01:02:00 CST 1 Payment
sleepiness-50 Fri Jan 14 01:52:00 CST 1 Working
income+10 Fri Jan 14 01:52:00 CST 1 New Income
savings+10 Fri Jan 14 01:52:00 CST 1 Payment
sleepiness+100 Fri Jan 14 02:18:00 CST 1 Going home
sleepiness-50 Fri Jan 14 02:42:00 CST 1 Working
income+10 Fri Jan 14 02:42:00 CST 1 New Income
savings+10 Fri Jan 14 02:42:00 CST 1 Payment
sleepiness-50 Fri Jan 14 03:31:00 CST 1 Working
income+10 Fri Jan 14 03:31:00 CST 1 New Income
savings+10 Fri Jan 14 03:31:00 CST 1 Payment
sleepiness+100 Fri Jan 14 03:57:00 CST 1 Going home
sleepiness-50 Fri Jan 14 04:21:00 CST 1 Working
income+10 Fri Jan 14 04:21:00 CST 1 New Income
savings+10 Fri Jan 14 04:21:00 CST 1 Payment
sleepiness-50 Fri Jan 14 05:27:00 CST 1 Working
income+10 Fri Jan 14 05:27:00 CST 1 New Income
savings+10 Fri Jan 14 05:27:00 CST 1 Payment
sleepiness+100 Fri Jan 14 06:13:00 CST 1 Going home
sleepiness-50 Fri Jan 14 07:39:00 CST 1 Working
income+10 Fri Jan 14 07:39:00 CST 1 New Income
savings+10 Fri Jan 14 07:39:00 CST 1 Payment
sleepiness-50 Fri Jan 14 07:45:00 CST 1 Working
income+10 Fri Jan 14 07:45:00 CST 1 New Income
savings+10 Fri Jan 14 07:45:00 CST 1 Payment
sleepiness+100 Fri Jan 14 21:21:00 CST 1 Going home
sleepiness-50 Fri Jan 14 22:39:00 CST 1 Working
income+10 Fri Jan 14 22:39:00 CST 1 New Income
savings+10 Fri Jan 14 22:39:00 CST 1 Payment
sleepiness-50 Fri Jan 14 22:30:00 CST 1 Working
income+10 Fri Jan 14 22:30:00 CST 1 New Income
savings+10 Fri Jan 14 22:30:00 CST 1 Payment
sleepiness+100 Fri Jan 14 22:57:00 CST 1 Going home
sleepiness-50 Sat Jan 15 00:07:00 CST 1 Working
income+10 Sat Jan 15 00:07:00 CST 1 New Income
savings+10 Sat Jan 15 00:07:00 CST 1 Payment
sleepiness-50 Sat Jan 15 00:25:00 CST 1 Working
income+10 Sat Jan 15 00:25:00 CST 1 New Income
savings+10 Sat Jan 15 00:25:00 CST 1 Payment
sleepiness+100 Sat Jan 15 01:13:00 CST 1 Going home
sleepiness-50 Sat Jan 15 02:26:00 CST 1 Working
income+10 Sat Jan 15 02:26:00 CST 1 New Income
savings+10 Sat Jan 15 02:26:00 CST 1 Payment
sleepiness-50 Sat Jan 15 02:51:00 CST 1 Working
income+10 Sat Jan 15 02:51:00 CST 1 New Income
savings+10 Sat Jan 15 02:51:00 CST 1 Payment
sleepiness+100 Sat Jan 15 03:26:00 CST 1 Going home
