age+0 Sat Jan 01 01:31:00 CST 1 creation
sleepiness-50 Sat Jan 01 05:09:00 CST 1 Working
income+10 Sat Jan 01 05:09:00 CST 1 New Income
debt-10 Sat Jan 01 05:09:00 CST 1 Payment
sleepiness-50 Sat Jan 01 07:11:00 CST 1 Working
income+10 Sat Jan 01 07:11:00 CST 1 New Income
debt-10 Sat Jan 01 07:11:00 CST 1 Payment
sleepiness+100 Sat Jan 01 09:48:00 CST 1 Going home
sleepiness-50 Sat Jan 01 11:21:00 CST 1 Working
income+10 Sat Jan 01 11:21:00 CST 1 New Income
debt-10 Sat Jan 01 11:21:00 CST 1 Payment
sleepiness-50 Sat Jan 01 15:36:00 CST 1 Working
income+10 Sat Jan 01 15:36:00 CST 1 New Income
debt-10 Sat Jan 01 15:36:00 CST 1 Payment
sleepiness+100 Sun Jan 02 00:11:00 CST 1 Going home
sleepiness-50 Sun Jan 02 03:41:00 CST 1 Working
income+10 Sun Jan 02 03:41:00 CST 1 New Income
debt-10 Sun Jan 02 03:41:00 CST 1 Payment
sleepiness-50 Sun Jan 02 08:28:00 CST 1 Working
income+10 Sun Jan 02 08:28:00 CST 1 New Income
debt-10 Sun Jan 02 08:28:00 CST 1 Payment
thirst+90 Sun Jan 02 16:18:00 CST 1 Getting water
sleepiness+100 Mon Jan 03 01:37:00 CST 1 Going home
sleepiness-50 Mon Jan 03 03:38:00 CST 1 Working
income+10 Mon Jan 03 03:38:00 CST 1 New Income
debt-10 Mon Jan 03 03:38:00 CST 1 Payment
income+0 Mon Jan 03 04:27:00 CST 1 Bought a House
bills+0 Mon Jan 03 04:27:00 CST 1 Bought a House
taxes+0 Mon Jan 03 04:27:00 CST 1 Bought a House
savings+66 Mon Jan 03 04:27:00 CST 1 Bought a House
debt+34 Mon Jan 03 04:27:00 CST 1 Bought a House
sleepiness-50 Mon Jan 03 06:07:00 CST 1 Working
income+10 Mon Jan 03 06:07:00 CST 1 New Income
debt-10 Mon Jan 03 06:07:00 CST 1 Payment
thirst+90 Sun Jan 09 08:29:00 CST 1 Getting water
companionship+10 Wed Jan 12 05:27:00 CST 1 Procreating
sleepiness-10 Wed Jan 12 05:27:00 CST 1 Procreating
