age+0 Sat Jan 01 11:16:00 CST 1 creation
thirst+93 Sat Jan 01 11:31:00 CST 1 Getting water
sleepiness-50 Sat Jan 01 11:44:00 CST 1 Working
income+10 Sat Jan 01 11:44:00 CST 1 New Income
debt-10 Sat Jan 01 11:44:00 CST 1 Payment
sleepiness-50 Sat Jan 01 11:56:00 CST 1 Working
income+10 Sat Jan 01 11:56:00 CST 1 New Income
savings+10 Sat Jan 01 11:56:00 CST 1 Payment
sleepiness+100 Sun Jan 02 00:33:00 CST 1 Going home
sleepiness-50 Sun Jan 02 01:26:00 CST 1 Working
income+10 Sun Jan 02 01:26:00 CST 1 New Income
savings+10 Sun Jan 02 01:26:00 CST 1 Payment
income+0 Sun Jan 02 01:58:00 CST 1 Bought a House
bills+0 Sun Jan 02 01:58:00 CST 1 Bought a House
taxes+0 Sun Jan 02 01:58:00 CST 1 Bought a House
savings+50 Sun Jan 02 01:58:00 CST 1 Bought a House
debt+50 Sun Jan 02 01:58:00 CST 1 Bought a House
sleepiness-50 Sun Jan 02 02:04:00 CST 1 Working
income+10 Sun Jan 02 02:04:00 CST 1 New Income
debt-10 Sun Jan 02 02:04:00 CST 1 Payment
thirst+90 Sat Jan 08 00:24:00 CST 1 Getting water
companionship+10 Mon Jan 10 04:42:00 CST 1 Procreating
sleepiness-10 Mon Jan 10 04:42:00 CST 1 Procreating
thirst+90 Fri Jan 14 11:14:00 CST 1 Getting water
sleepiness+100 Fri Jan 14 22:31:00 CST 1 Going home
sleepiness-50 Fri Jan 14 23:00:00 CST 1 Working
income+10 Fri Jan 14 23:00:00 CST 1 New Income
debt-10 Fri Jan 14 23:00:00 CST 1 Payment
sleepiness-50 Fri Jan 14 23:51:00 CST 1 Working
income+10 Fri Jan 14 23:51:00 CST 1 New Income
debt-10 Fri Jan 14 23:51:00 CST 1 Payment
sleepiness+100 Sat Jan 15 00:35:00 CST 1 Going home
sleepiness-50 Sat Jan 15 01:34:00 CST 1 Working
income+10 Sat Jan 15 01:34:00 CST 1 New Income
debt-10 Sat Jan 15 01:34:00 CST 1 Payment
sleepiness-50 Sat Jan 15 02:20:00 CST 1 Working
income+10 Sat Jan 15 02:20:00 CST 1 New Income
debt-10 Sat Jan 15 02:20:00 CST 1 Payment
sleepiness+100 Sat Jan 15 03:14:00 CST 1 Going home
sleepiness-50 Sat Jan 15 03:56:00 CST 1 Working
income+10 Sat Jan 15 03:56:00 CST 1 New Income
debt-10 Sat Jan 15 03:56:00 CST 1 Payment
sleepiness-50 Sat Jan 15 04:48:00 CST 1 Working
income+10 Sat Jan 15 04:48:00 CST 1 New Income
debt-10 Sat Jan 15 04:48:00 CST 1 Payment
sleepiness+100 Sat Jan 15 05:19:00 CST 1 Going home
sleepiness-50 Sat Jan 15 06:19:00 CST 1 Working
income+10 Sat Jan 15 06:19:00 CST 1 New Income
debt-10 Sat Jan 15 06:19:00 CST 1 Payment
sleepiness-50 Sat Jan 15 07:05:00 CST 1 Working
income+10 Sat Jan 15 07:05:00 CST 1 New Income
debt-10 Sat Jan 15 07:05:00 CST 1 Payment
sleepiness+100 Sat Jan 15 08:07:00 CST 1 Going home
sleepiness-50 Sat Jan 15 09:07:00 CST 1 Working
income+10 Sat Jan 15 09:07:00 CST 1 New Income
debt-10 Sat Jan 15 09:07:00 CST 1 Payment
sleepiness-50 Sat Jan 15 09:53:00 CST 1 Working
income+10 Sat Jan 15 09:53:00 CST 1 New Income
savings+10 Sat Jan 15 09:53:00 CST 1 Payment
