age+0 Wed Jan 12 01:32:00 CST 1 creation
income+0 Wed Jan 12 01:32:00 CST 1 Bought a House
bills+0 Wed Jan 12 01:32:00 CST 1 Bought a House
taxes+0 Wed Jan 12 01:32:00 CST 1 Bought a House
savings+94 Wed Jan 12 01:32:00 CST 1 Bought a House
debt+6 Wed Jan 12 01:32:00 CST 1 Bought a House
sleepiness-50 Wed Jan 12 01:43:00 CST 1 Working
income+10 Wed Jan 12 01:43:00 CST 1 New Income
debt-10 Wed Jan 12 01:43:00 CST 1 Payment
sleepiness-50 Wed Jan 12 02:15:00 CST 1 Working
income+10 Wed Jan 12 02:15:00 CST 1 New Income
debt-10 Wed Jan 12 02:15:00 CST 1 Payment
sleepiness+100 Fri Jan 14 01:01:00 CST 1 Going home
sleepiness-50 Fri Jan 14 06:57:00 CST 1 Working
income+10 Fri Jan 14 06:57:00 CST 1 New Income
debt-10 Fri Jan 14 06:57:00 CST 1 Payment
sleepiness-50 Fri Jan 14 12:14:00 CST 1 Working
income+10 Fri Jan 14 12:14:00 CST 1 New Income
debt-10 Fri Jan 14 12:14:00 CST 1 Payment
sleepiness+100 Sat Jan 15 00:36:00 CST 1 Going home
sleepiness-50 Sat Jan 15 02:56:00 CST 1 Working
income+10 Sat Jan 15 02:56:00 CST 1 New Income
debt-10 Sat Jan 15 02:56:00 CST 1 Payment
