age+0 Sat Jan 01 01:31:00 CST 1 creation
income+0 Sat Jan 01 01:31:00 CST 1 Bought a House
bills+0 Sat Jan 01 01:31:00 CST 1 Bought a House
taxes+0 Sat Jan 01 01:31:00 CST 1 Bought a House
savings+51 Sat Jan 01 01:31:00 CST 1 Bought a House
debt+49 Sat Jan 01 01:31:00 CST 1 Bought a House
thirst+92 Sat Jan 01 01:33:00 CST 1 Getting water
sleepiness-50 Sat Jan 01 01:46:00 CST 1 Working
income+10 Sat Jan 01 01:46:00 CST 1 New Income
debt-10 Sat Jan 01 01:46:00 CST 1 Payment
sleepiness-50 Sat Jan 01 02:39:00 CST 1 Working
income+10 Sat Jan 01 02:39:00 CST 1 New Income
debt-10 Sat Jan 01 02:39:00 CST 1 Payment
companionship+10 Sat Jan 01 06:39:00 CST 1 Procreating
sleepiness-10 Sat Jan 01 06:39:00 CST 1 Procreating
sleepiness+100 Sat Jan 01 08:21:00 CST 1 Going home
sleepiness-50 Sat Jan 01 09:22:00 CST 1 Working
income+10 Sat Jan 01 09:22:00 CST 1 New Income
debt-10 Sat Jan 01 09:22:00 CST 1 Payment
sleepiness-50 Sat Jan 01 09:42:00 CST 1 Working
income+10 Sat Jan 01 09:42:00 CST 1 New Income
debt-10 Sat Jan 01 09:42:00 CST 1 Payment
sleepiness+100 Sat Jan 01 21:11:00 CST 1 Going home
sleepiness-50 Sat Jan 01 22:12:00 CST 1 Working
income+10 Sat Jan 01 22:12:00 CST 1 New Income
debt-10 Sat Jan 01 22:12:00 CST 1 Payment
sleepiness-50 Sat Jan 01 23:02:00 CST 1 Working
income+10 Sat Jan 01 23:02:00 CST 1 New Income
debt-10 Sat Jan 01 23:02:00 CST 1 Payment
sleepiness+100 Sat Jan 01 23:25:00 CST 1 Going home
sleepiness-50 Sat Jan 01 23:49:00 CST 1 Working
income+10 Sat Jan 01 23:49:00 CST 1 New Income
debt-10 Sat Jan 01 23:49:00 CST 1 Payment
sleepiness-50 Sun Jan 02 00:45:00 CST 1 Working
income+10 Sun Jan 02 00:45:00 CST 1 New Income
debt-10 Sun Jan 02 00:45:00 CST 1 Payment
thirst+90 Fri Jan 07 19:58:00 CST 1 Getting water
sleepiness+100 Fri Jan 14 05:09:00 CST 1 Going home
sleepiness-50 Fri Jan 14 05:37:00 CST 1 Working
income+10 Fri Jan 14 05:37:00 CST 1 New Income
debt-10 Fri Jan 14 05:37:00 CST 1 Payment
sleepiness-50 Fri Jan 14 05:56:00 CST 1 Working
income+10 Fri Jan 14 05:56:00 CST 1 New Income
debt-10 Fri Jan 14 05:56:00 CST 1 Payment
sleepiness+100 Fri Jan 14 06:05:00 CST 1 Going home
sleepiness-50 Fri Jan 14 06:54:00 CST 1 Working
income+10 Fri Jan 14 06:54:00 CST 1 New Income
savings+10 Fri Jan 14 06:54:00 CST 1 Payment
sleepiness-50 Fri Jan 14 07:07:00 CST 1 Working
income+10 Fri Jan 14 07:07:00 CST 1 New Income
savings+10 Fri Jan 14 07:07:00 CST 1 Payment
sleepiness+100 Fri Jan 14 07:56:00 CST 1 Going home
sleepiness-50 Fri Jan 14 08:45:00 CST 1 Working
income+10 Fri Jan 14 08:45:00 CST 1 New Income
savings+10 Fri Jan 14 08:45:00 CST 1 Payment
sleepiness-50 Fri Jan 14 09:17:00 CST 1 Working
income+10 Fri Jan 14 09:17:00 CST 1 New Income
savings+10 Fri Jan 14 09:17:00 CST 1 Payment
thirst+90 Fri Jan 14 09:40:00 CST 1 Getting water
sleepiness+100 Fri Jan 14 21:11:00 CST 1 Going home
sleepiness-50 Fri Jan 14 22:01:00 CST 1 Working
income+10 Fri Jan 14 22:01:00 CST 1 New Income
savings+10 Fri Jan 14 22:01:00 CST 1 Payment
sleepiness-50 Fri Jan 14 22:49:00 CST 1 Working
income+10 Fri Jan 14 22:49:00 CST 1 New Income
savings+10 Fri Jan 14 22:49:00 CST 1 Payment
sleepiness+100 Fri Jan 14 23:00:00 CST 1 Going home
sleepiness-50 Fri Jan 14 23:11:00 CST 1 Working
income+10 Fri Jan 14 23:11:00 CST 1 New Income
savings+10 Fri Jan 14 23:11:00 CST 1 Payment
sleepiness-50 Sat Jan 15 00:39:00 CST 1 Working
income+10 Sat Jan 15 00:39:00 CST 1 New Income
savings+10 Sat Jan 15 00:39:00 CST 1 Payment
sleepiness+100 Sat Jan 15 00:08:00 CST 1 Going home
sleepiness-50 Sat Jan 15 00:57:00 CST 1 Working
income+10 Sat Jan 15 00:57:00 CST 1 New Income
savings+10 Sat Jan 15 00:57:00 CST 1 Payment
sleepiness-50 Sat Jan 15 01:46:00 CST 1 Working
income+10 Sat Jan 15 01:46:00 CST 1 New Income
savings+10 Sat Jan 15 01:46:00 CST 1 Payment
sleepiness+100 Sat Jan 15 01:56:00 CST 1 Going home
sleepiness-50 Sat Jan 15 02:36:00 CST 1 Working
income+10 Sat Jan 15 02:36:00 CST 1 New Income
savings+10 Sat Jan 15 02:36:00 CST 1 Payment
sleepiness-50 Sat Jan 15 03:24:00 CST 1 Working
income+10 Sat Jan 15 03:24:00 CST 1 New Income
savings+10 Sat Jan 15 03:24:00 CST 1 Payment
sleepiness+100 Sat Jan 15 03:35:00 CST 1 Going home
sleepiness-50 Sat Jan 15 03:44:00 CST 1 Working
income+10 Sat Jan 15 03:44:00 CST 1 New Income
savings+10 Sat Jan 15 03:44:00 CST 1 Payment
sleepiness-50 Sat Jan 15 04:15:00 CST 1 Working
income+10 Sat Jan 15 04:15:00 CST 1 New Income
savings+10 Sat Jan 15 04:15:00 CST 1 Payment
sleepiness+100 Sat Jan 15 04:24:00 CST 1 Going home
