age+0 Sat Jan 01 14:08:00 CST 1 creation
sleepiness-50 Sat Jan 01 17:15:00 CST 1 Working
income+10 Sat Jan 01 17:15:00 CST 1 New Income
debt-10 Sat Jan 01 17:15:00 CST 1 Payment
sleepiness-50 Sat Jan 01 20:31:00 CST 1 Working
income+10 Sat Jan 01 20:31:00 CST 1 New Income
debt-10 Sat Jan 01 20:31:00 CST 1 Payment
sleepiness+100 Sun Jan 02 01:22:00 CST 1 Going home
sleepiness-50 Sun Jan 02 04:02:00 CST 1 Working
income+10 Sun Jan 02 04:02:00 CST 1 New Income
debt-10 Sun Jan 02 04:02:00 CST 1 Payment
sleepiness-50 Sun Jan 02 08:21:00 CST 1 Working
income+10 Sun Jan 02 08:21:00 CST 1 New Income
savings+10 Sun Jan 02 08:21:00 CST 1 Payment
income+0 Sun Jan 02 08:39:00 CST 1 Bought a House
bills+0 Sun Jan 02 08:39:00 CST 1 Bought a House
taxes+0 Sun Jan 02 08:39:00 CST 1 Bought a House
savings+38 Sun Jan 02 08:39:00 CST 1 Bought a House
debt+62 Sun Jan 02 08:39:00 CST 1 Bought a House
thirst+90 Tue Jan 04 10:36:00 CST 1 Getting water
thirst+90 Mon Jan 10 16:33:00 CST 1 Getting water
companionship+10 Sat Jan 15 05:31:00 CST 1 Procreating
sleepiness-10 Sat Jan 15 05:31:00 CST 1 Procreating
