age+0 Sat Jan 01 17:41:00 CST 1 creation
sleepiness-50 Sat Jan 01 17:46:00 CST 1 Working
income+10 Sat Jan 01 17:46:00 CST 1 New Income
debt-10 Sat Jan 01 17:46:00 CST 1 Payment
sleepiness-50 Sat Jan 01 18:35:00 CST 1 Working
income+10 Sat Jan 01 18:35:00 CST 1 New Income
debt-10 Sat Jan 01 18:35:00 CST 1 Payment
thirst+90 Thu Jan 06 05:33:00 CST 1 Getting water
companionship+10 Sat Jan 08 01:25:00 CST 1 Procreating
sleepiness-10 Sat Jan 08 01:25:00 CST 1 Procreating
thirst+90 Wed Jan 12 13:29:00 CST 1 Getting water
sleepiness+100 Wed Jan 12 23:36:00 CST 1 Going home
sleepiness-50 Wed Jan 12 23:46:00 CST 1 Working
income+10 Wed Jan 12 23:46:00 CST 1 New Income
debt-10 Wed Jan 12 23:46:00 CST 1 Payment
sleepiness-50 Thu Jan 13 00:34:00 CST 1 Working
income+10 Thu Jan 13 00:34:00 CST 1 New Income
debt-10 Thu Jan 13 00:34:00 CST 1 Payment
sleepiness+100 Thu Jan 13 00:46:00 CST 1 Going home
sleepiness-50 Thu Jan 13 01:38:00 CST 1 Working
income+10 Thu Jan 13 01:38:00 CST 1 New Income
debt-10 Thu Jan 13 01:38:00 CST 1 Payment
sleepiness-50 Thu Jan 13 02:28:00 CST 1 Working
income+10 Thu Jan 13 02:28:00 CST 1 New Income
debt-10 Thu Jan 13 02:28:00 CST 1 Payment
sleepiness+100 Thu Jan 13 02:40:00 CST 1 Going home
sleepiness-50 Thu Jan 13 03:32:00 CST 1 Working
income+10 Thu Jan 13 03:32:00 CST 1 New Income
savings+10 Thu Jan 13 03:32:00 CST 1 Payment
sleepiness-50 Thu Jan 13 04:28:00 CST 1 Working
income+10 Thu Jan 13 04:28:00 CST 1 New Income
savings+10 Thu Jan 13 04:28:00 CST 1 Payment
sleepiness+100 Thu Jan 13 05:04:00 CST 1 Going home
sleepiness-50 Thu Jan 13 05:36:00 CST 1 Working
income+10 Thu Jan 13 05:36:00 CST 1 New Income
savings+10 Thu Jan 13 05:36:00 CST 1 Payment
sleepiness-50 Thu Jan 13 06:25:00 CST 1 Working
income+10 Thu Jan 13 06:25:00 CST 1 New Income
savings+10 Thu Jan 13 06:25:00 CST 1 Payment
sleepiness+100 Thu Jan 13 06:35:00 CST 1 Going home
sleepiness-50 Thu Jan 13 07:20:00 CST 1 Working
income+10 Thu Jan 13 07:20:00 CST 1 New Income
savings+10 Thu Jan 13 07:20:00 CST 1 Payment
sleepiness-50 Thu Jan 13 08:09:00 CST 1 Working
income+10 Thu Jan 13 08:09:00 CST 1 New Income
savings+10 Thu Jan 13 08:09:00 CST 1 Payment
sleepiness+100 Thu Jan 13 21:05:00 CST 1 Going home
sleepiness-50 Thu Jan 13 22:00:00 CST 1 Working
income+10 Thu Jan 13 22:00:00 CST 1 New Income
savings+10 Thu Jan 13 22:00:00 CST 1 Payment
sleepiness-50 Thu Jan 13 22:57:00 CST 1 Working
income+10 Thu Jan 13 22:57:00 CST 1 New Income
savings+10 Thu Jan 13 22:57:00 CST 1 Payment
sleepiness+100 Thu Jan 13 23:38:00 CST 1 Going home
sleepiness-50 Fri Jan 14 00:16:00 CST 1 Working
income+10 Fri Jan 14 00:16:00 CST 1 New Income
savings+10 Fri Jan 14 00:16:00 CST 1 Payment
sleepiness-50 Fri Jan 14 01:05:00 CST 1 Working
income+10 Fri Jan 14 01:05:00 CST 1 New Income
savings+10 Fri Jan 14 01:05:00 CST 1 Payment
sleepiness+100 Fri Jan 14 01:20:00 CST 1 Going home
sleepiness-50 Fri Jan 14 02:00:00 CST 1 Working
income+10 Fri Jan 14 02:00:00 CST 1 New Income
savings+10 Fri Jan 14 02:00:00 CST 1 Payment
sleepiness-50 Fri Jan 14 02:49:00 CST 1 Working
income+10 Fri Jan 14 02:49:00 CST 1 New Income
savings+10 Fri Jan 14 02:49:00 CST 1 Payment
sleepiness+100 Fri Jan 14 03:04:00 CST 1 Going home
sleepiness-50 Fri Jan 14 03:46:00 CST 1 Working
income+10 Fri Jan 14 03:46:00 CST 1 New Income
savings+10 Fri Jan 14 03:46:00 CST 1 Payment
sleepiness-50 Fri Jan 14 04:00:00 CST 1 Working
income+10 Fri Jan 14 04:00:00 CST 1 New Income
savings+10 Fri Jan 14 04:00:00 CST 1 Payment
sleepiness+100 Fri Jan 14 04:17:00 CST 1 Going home
sleepiness-50 Fri Jan 14 04:53:00 CST 1 Working
income+10 Fri Jan 14 04:53:00 CST 1 New Income
savings+10 Fri Jan 14 04:53:00 CST 1 Payment
sleepiness-50 Fri Jan 14 05:06:00 CST 1 Working
income+10 Fri Jan 14 05:06:00 CST 1 New Income
savings+10 Fri Jan 14 05:06:00 CST 1 Payment
sleepiness+100 Fri Jan 14 05:20:00 CST 1 Going home
sleepiness-50 Fri Jan 14 05:56:00 CST 1 Working
income+10 Fri Jan 14 05:56:00 CST 1 New Income
savings+10 Fri Jan 14 05:56:00 CST 1 Payment
sleepiness-50 Fri Jan 14 06:15:00 CST 1 Working
income+10 Fri Jan 14 06:15:00 CST 1 New Income
savings+10 Fri Jan 14 06:15:00 CST 1 Payment
sleepiness+100 Fri Jan 14 06:30:00 CST 1 Going home
sleepiness-50 Fri Jan 14 07:14:00 CST 1 Working
income+10 Fri Jan 14 07:14:00 CST 1 New Income
savings+10 Fri Jan 14 07:14:00 CST 1 Payment
sleepiness-50 Fri Jan 14 07:46:00 CST 1 Working
income+10 Fri Jan 14 07:46:00 CST 1 New Income
savings+10 Fri Jan 14 07:46:00 CST 1 Payment
sleepiness+100 Fri Jan 14 21:10:00 CST 1 Going home
sleepiness-50 Fri Jan 14 21:34:00 CST 1 Working
income+10 Fri Jan 14 21:34:00 CST 1 New Income
savings+10 Fri Jan 14 21:34:00 CST 1 Payment
sleepiness-50 Fri Jan 14 22:25:00 CST 1 Working
income+10 Fri Jan 14 22:25:00 CST 1 New Income
savings+10 Fri Jan 14 22:25:00 CST 1 Payment
sleepiness+100 Fri Jan 14 23:16:00 CST 1 Going home
sleepiness-50 Sat Jan 15 00:14:00 CST 1 Working
income+10 Sat Jan 15 00:14:00 CST 1 New Income
savings+10 Sat Jan 15 00:14:00 CST 1 Payment
sleepiness-50 Sat Jan 15 00:22:00 CST 1 Working
income+10 Sat Jan 15 00:22:00 CST 1 New Income
savings+10 Sat Jan 15 00:22:00 CST 1 Payment
trust+10 Sat Jan 15 02:33:00 CST 1 Voting
