age+0 Sat Jan 08 18:52:00 CST 1 creation
thirst+96 Sat Jan 08 19:00:00 CST 1 Getting water
sleepiness-50 Sat Jan 08 22:02:00 CST 1 Working
income+10 Sat Jan 08 22:02:00 CST 1 New Income
debt-10 Sat Jan 08 22:02:00 CST 1 Payment
sleepiness-50 Sat Jan 08 22:22:00 CST 1 Working
income+10 Sat Jan 08 22:22:00 CST 1 New Income
debt-10 Sat Jan 08 22:22:00 CST 1 Payment
sleepiness+100 Wed Jan 12 23:48:00 CST 1 Going home
sleepiness-50 Thu Jan 13 02:37:00 CST 1 Working
income+10 Thu Jan 13 02:37:00 CST 1 New Income
debt-10 Thu Jan 13 02:37:00 CST 1 Payment
sleepiness-50 Thu Jan 13 06:17:00 CST 1 Working
income+10 Thu Jan 13 06:17:00 CST 1 New Income
debt-10 Thu Jan 13 06:17:00 CST 1 Payment
sleepiness+100 Thu Jan 13 09:32:00 CST 1 Going home
sleepiness-50 Thu Jan 13 13:29:00 CST 1 Working
income+10 Thu Jan 13 13:29:00 CST 1 New Income
debt-10 Thu Jan 13 13:29:00 CST 1 Payment
sleepiness-50 Thu Jan 13 16:04:00 CST 1 Working
income+10 Thu Jan 13 16:04:00 CST 1 New Income
savings+10 Thu Jan 13 16:04:00 CST 1 Payment
sleepiness+100 Thu Jan 13 23:55:00 CST 1 Going home
sleepiness-50 Fri Jan 14 02:44:00 CST 1 Working
income+10 Fri Jan 14 02:44:00 CST 1 New Income
savings+10 Fri Jan 14 02:44:00 CST 1 Payment
sleepiness-50 Fri Jan 14 06:18:00 CST 1 Working
income+10 Fri Jan 14 06:18:00 CST 1 New Income
savings+10 Fri Jan 14 06:18:00 CST 1 Payment
sleepiness+100 Fri Jan 14 11:00:00 CST 1 Going home
sleepiness-50 Fri Jan 14 12:57:00 CST 1 Working
income+10 Fri Jan 14 12:57:00 CST 1 New Income
savings+10 Fri Jan 14 12:57:00 CST 1 Payment
sleepiness-50 Fri Jan 14 15:12:00 CST 1 Working
income+10 Fri Jan 14 15:12:00 CST 1 New Income
savings+10 Fri Jan 14 15:12:00 CST 1 Payment
sleepiness+100 Fri Jan 14 23:44:00 CST 1 Going home
sleepiness-50 Sat Jan 15 03:30:00 CST 1 Working
income+10 Sat Jan 15 03:30:00 CST 1 New Income
savings+10 Sat Jan 15 03:30:00 CST 1 Payment
sleepiness-50 Sat Jan 15 05:42:00 CST 1 Working
income+10 Sat Jan 15 05:42:00 CST 1 New Income
savings+10 Sat Jan 15 05:42:00 CST 1 Payment
sleepiness+100 Sat Jan 15 06:28:00 CST 1 Going home
sleepiness-50 Sat Jan 15 10:58:00 CST 1 Working
income+10 Sat Jan 15 10:58:00 CST 1 New Income
savings+10 Sat Jan 15 10:58:00 CST 1 Payment
