age+0 Fri Jan 07 04:42:00 CST 1 creation
sleepiness-50 Fri Jan 07 04:49:00 CST 1 Working
income+10 Fri Jan 07 04:49:00 CST 1 New Income
debt-10 Fri Jan 07 04:49:00 CST 1 Payment
sleepiness-50 Fri Jan 07 05:39:00 CST 1 Working
income+10 Fri Jan 07 05:39:00 CST 1 New Income
debt-10 Fri Jan 07 05:39:00 CST 1 Payment
thirst+90 Mon Jan 10 10:28:00 CST 1 Getting water
sleepiness+100 Tue Jan 11 10:20:00 CST 1 Going home
sleepiness-50 Tue Jan 11 14:17:00 CST 1 Working
income+10 Tue Jan 11 14:17:00 CST 1 New Income
debt-10 Tue Jan 11 14:17:00 CST 1 Payment
sleepiness-50 Tue Jan 11 16:39:00 CST 1 Working
income+10 Tue Jan 11 16:39:00 CST 1 New Income
debt-10 Tue Jan 11 16:39:00 CST 1 Payment
sleepiness+100 Wed Jan 12 00:13:00 CST 1 Going home
sleepiness-50 Wed Jan 12 01:36:00 CST 1 Working
income+10 Wed Jan 12 01:36:00 CST 1 New Income
debt-10 Wed Jan 12 01:36:00 CST 1 Payment
sleepiness-50 Wed Jan 12 04:49:00 CST 1 Working
income+10 Wed Jan 12 04:49:00 CST 1 New Income
savings+10 Wed Jan 12 04:49:00 CST 1 Payment
sleepiness+100 Wed Jan 12 08:53:00 CST 1 Going home
sleepiness-50 Wed Jan 12 11:49:00 CST 1 Working
income+10 Wed Jan 12 11:49:00 CST 1 New Income
savings+10 Wed Jan 12 11:49:00 CST 1 Payment
sleepiness-50 Wed Jan 12 16:56:00 CST 1 Working
income+10 Wed Jan 12 16:56:00 CST 1 New Income
savings+10 Wed Jan 12 16:56:00 CST 1 Payment
sleepiness+100 Thu Jan 13 01:00:00 CST 1 Going home
sleepiness-50 Thu Jan 13 02:31:00 CST 1 Working
income+10 Thu Jan 13 02:31:00 CST 1 New Income
savings+10 Thu Jan 13 02:31:00 CST 1 Payment
sleepiness-50 Thu Jan 13 08:22:00 CST 1 Working
income+10 Thu Jan 13 08:22:00 CST 1 New Income
savings+10 Thu Jan 13 08:22:00 CST 1 Payment
