age+0 Sat Jan 01 11:16:00 CST 1 creation
sleepiness-50 Sat Jan 01 15:39:00 CST 1 Working
income+10 Sat Jan 01 15:39:00 CST 1 New Income
debt-10 Sat Jan 01 15:39:00 CST 1 Payment
sleepiness-50 Sat Jan 01 17:34:00 CST 1 Working
income+10 Sat Jan 01 17:34:00 CST 1 New Income
debt-10 Sat Jan 01 17:34:00 CST 1 Payment
sleepiness+100 Sat Jan 01 22:55:00 CST 1 Going home
sleepiness-50 Sun Jan 02 03:02:00 CST 1 Working
income+10 Sun Jan 02 03:02:00 CST 1 New Income
debt-10 Sun Jan 02 03:02:00 CST 1 Payment
sleepiness-50 Sun Jan 02 05:06:00 CST 1 Working
income+10 Sun Jan 02 05:06:00 CST 1 New Income
debt-10 Sun Jan 02 05:06:00 CST 1 Payment
income+0 Sun Jan 02 05:55:00 CST 1 Bought a House
bills+0 Sun Jan 02 05:55:00 CST 1 Bought a House
taxes+0 Sun Jan 02 05:55:00 CST 1 Bought a House
savings+52 Sun Jan 02 05:55:00 CST 1 Bought a House
debt+48 Sun Jan 02 05:55:00 CST 1 Bought a House
sleepiness+100 Sun Jan 02 07:44:00 CST 1 Going home
sleepiness-50 Sun Jan 02 11:51:00 CST 1 Working
income+10 Sun Jan 02 11:51:00 CST 1 New Income
debt-10 Sun Jan 02 11:51:00 CST 1 Payment
sleepiness-50 Sun Jan 02 15:27:00 CST 1 Working
income+10 Sun Jan 02 15:27:00 CST 1 New Income
debt-10 Sun Jan 02 15:27:00 CST 1 Payment
N/A+0 Wed Jan 05 00:00:00 CST 1 death
