age+0 Wed Jan 05 03:14:00 CST 1 creation
sleepiness-50 Wed Jan 05 03:55:00 CST 1 Working
income+10 Wed Jan 05 03:55:00 CST 1 New Income
debt-10 Wed Jan 05 03:55:00 CST 1 Payment
sleepiness-50 Wed Jan 05 04:44:00 CST 1 Working
income+10 Wed Jan 05 04:44:00 CST 1 New Income
debt-10 Wed Jan 05 04:44:00 CST 1 Payment
sleepiness+100 Thu Jan 06 22:00:00 CST 1 Going home
sleepiness-50 Fri Jan 07 00:55:00 CST 1 Working
income+10 Fri Jan 07 00:55:00 CST 1 New Income
debt-10 Fri Jan 07 00:55:00 CST 1 Payment
sleepiness-50 Fri Jan 07 02:38:00 CST 1 Working
income+10 Fri Jan 07 02:38:00 CST 1 New Income
savings+10 Fri Jan 07 02:38:00 CST 1 Payment
sleepiness+100 Fri Jan 07 04:29:00 CST 1 Going home
sleepiness-50 Fri Jan 07 08:54:00 CST 1 Working
income+10 Fri Jan 07 08:54:00 CST 1 New Income
savings+10 Fri Jan 07 08:54:00 CST 1 Payment
sleepiness-50 Fri Jan 07 10:58:00 CST 1 Working
income+10 Fri Jan 07 10:58:00 CST 1 New Income
savings+10 Fri Jan 07 10:58:00 CST 1 Payment
sleepiness+100 Sat Jan 08 00:04:00 CST 1 Going home
sleepiness-50 Sat Jan 08 03:57:00 CST 1 Working
income+10 Sat Jan 08 03:57:00 CST 1 New Income
savings+10 Sat Jan 08 03:57:00 CST 1 Payment
sleepiness-50 Sat Jan 08 06:37:00 CST 1 Working
income+10 Sat Jan 08 06:37:00 CST 1 New Income
savings+10 Sat Jan 08 06:37:00 CST 1 Payment
thirst+90 Sat Jan 08 19:33:00 CST 1 Getting water
thirst+90 Sat Jan 15 01:26:00 CST 1 Getting water
