age+0 Sat Jan 01 11:16:00 CST 1 creation
sleepiness-50 Sat Jan 01 11:17:00 CST 1 Working
income+10 Sat Jan 01 11:17:00 CST 1 New Income
debt-10 Sat Jan 01 11:17:00 CST 1 Payment
sleepiness-50 Sat Jan 01 11:58:00 CST 1 Working
income+10 Sat Jan 01 11:58:00 CST 1 New Income
debt-10 Sat Jan 01 11:58:00 CST 1 Payment
sleepiness+100 Sat Jan 01 22:26:00 CST 1 Going home
sleepiness-50 Sat Jan 01 23:18:00 CST 1 Working
income+10 Sat Jan 01 23:18:00 CST 1 New Income
debt-10 Sat Jan 01 23:18:00 CST 1 Payment
sleepiness-50 Sat Jan 01 23:50:00 CST 1 Working
income+10 Sat Jan 01 23:50:00 CST 1 New Income
debt-10 Sat Jan 01 23:50:00 CST 1 Payment
sleepiness+100 Sun Jan 02 00:03:00 CST 1 Going home
sleepiness-50 Sun Jan 02 00:32:00 CST 1 Working
income+10 Sun Jan 02 00:32:00 CST 1 New Income
debt-10 Sun Jan 02 00:32:00 CST 1 Payment
sleepiness-50 Sun Jan 02 01:04:00 CST 1 Working
income+10 Sun Jan 02 01:04:00 CST 1 New Income
debt-10 Sun Jan 02 01:04:00 CST 1 Payment
sleepiness+100 Sun Jan 02 01:19:00 CST 1 Going home
sleepiness-50 Sun Jan 02 01:50:00 CST 1 Working
income+10 Sun Jan 02 01:50:00 CST 1 New Income
debt-10 Sun Jan 02 01:50:00 CST 1 Payment
sleepiness-50 Sun Jan 02 02:40:00 CST 1 Working
income+10 Sun Jan 02 02:40:00 CST 1 New Income
debt-10 Sun Jan 02 02:40:00 CST 1 Payment
sleepiness+100 Sun Jan 02 02:52:00 CST 1 Going home
sleepiness-50 Sun Jan 02 03:26:00 CST 1 Working
income+10 Sun Jan 02 03:26:00 CST 1 New Income
debt-10 Sun Jan 02 03:26:00 CST 1 Payment
sleepiness-50 Sun Jan 02 04:39:00 CST 1 Working
income+10 Sun Jan 02 04:39:00 CST 1 New Income
debt-10 Sun Jan 02 04:39:00 CST 1 Payment
sleepiness+100 Sun Jan 02 04:09:00 CST 1 Going home
sleepiness-50 Sun Jan 02 05:08:00 CST 1 Working
income+10 Sun Jan 02 05:08:00 CST 1 New Income
savings+10 Sun Jan 02 05:08:00 CST 1 Payment
income+0 Sun Jan 02 05:39:00 CST 1 Bought a House
bills+0 Sun Jan 02 05:39:00 CST 1 Bought a House
taxes+0 Sun Jan 02 05:39:00 CST 1 Bought a House
savings+60 Sun Jan 02 05:39:00 CST 1 Bought a House
debt+40 Sun Jan 02 05:39:00 CST 1 Bought a House
sleepiness-50 Sun Jan 02 05:40:00 CST 1 Working
income+10 Sun Jan 02 05:40:00 CST 1 New Income
debt-10 Sun Jan 02 05:40:00 CST 1 Payment
thirst+90 Sun Jan 02 14:26:00 CST 1 Getting water
thirst+90 Sat Jan 08 20:21:00 CST 1 Getting water
companionship+10 Mon Jan 10 04:42:00 CST 1 Procreating
sleepiness-10 Mon Jan 10 04:42:00 CST 1 Procreating
sleepiness+100 Sat Jan 15 02:56:00 CST 1 Going home
sleepiness-50 Sat Jan 15 03:43:00 CST 1 Working
income+10 Sat Jan 15 03:43:00 CST 1 New Income
debt-10 Sat Jan 15 03:43:00 CST 1 Payment
sleepiness-50 Sat Jan 15 04:30:00 CST 1 Working
income+10 Sat Jan 15 04:30:00 CST 1 New Income
debt-10 Sat Jan 15 04:30:00 CST 1 Payment
sleepiness+100 Sat Jan 15 05:19:00 CST 1 Going home
sleepiness-50 Sat Jan 15 06:07:00 CST 1 Working
income+10 Sat Jan 15 06:07:00 CST 1 New Income
debt-10 Sat Jan 15 06:07:00 CST 1 Payment
sleepiness-50 Sat Jan 15 06:54:00 CST 1 Working
income+10 Sat Jan 15 06:54:00 CST 1 New Income
debt-10 Sat Jan 15 06:54:00 CST 1 Payment
sleepiness+100 Sat Jan 15 07:44:00 CST 1 Going home
sleepiness-50 Sat Jan 15 08:16:00 CST 1 Working
income+10 Sat Jan 15 08:16:00 CST 1 New Income
debt-10 Sat Jan 15 08:16:00 CST 1 Payment
sleepiness-50 Sat Jan 15 08:51:00 CST 1 Working
income+10 Sat Jan 15 08:51:00 CST 1 New Income
debt-10 Sat Jan 15 08:51:00 CST 1 Payment
