age+0 Sat Jan 01 01:31:00 CST 1 creation
sleepiness-50 Sat Jan 01 01:33:00 CST 1 Working
income+10 Sat Jan 01 01:33:00 CST 1 New Income
debt-10 Sat Jan 01 01:33:00 CST 1 Payment
sleepiness-50 Sat Jan 01 02:22:00 CST 1 Working
income+10 Sat Jan 01 02:22:00 CST 1 New Income
debt-10 Sat Jan 01 02:22:00 CST 1 Payment
sleepiness+100 Sat Jan 01 07:03:00 CST 1 Going home
sleepiness-50 Sat Jan 01 07:52:00 CST 1 Working
income+10 Sat Jan 01 07:52:00 CST 1 New Income
debt-10 Sat Jan 01 07:52:00 CST 1 Payment
sleepiness-50 Sat Jan 01 08:05:00 CST 1 Working
income+10 Sat Jan 01 08:05:00 CST 1 New Income
debt-10 Sat Jan 01 08:05:00 CST 1 Payment
income+0 Sat Jan 01 08:11:00 CST 1 Bought a House
bills+0 Sat Jan 01 08:11:00 CST 1 Bought a House
taxes+0 Sat Jan 01 08:11:00 CST 1 Bought a House
savings+47 Sat Jan 01 08:11:00 CST 1 Bought a House
debt+53 Sat Jan 01 08:11:00 CST 1 Bought a House
thirst+90 Mon Jan 03 17:17:00 CST 1 Getting water
companionship+10 Tue Jan 04 01:32:00 CST 1 Procreating
sleepiness-10 Tue Jan 04 01:32:00 CST 1 Procreating
thirst+90 Mon Jan 10 01:13:00 CST 1 Getting water
sleepiness+100 Tue Jan 11 09:16:00 CST 1 Going home
sleepiness-50 Tue Jan 11 09:51:00 CST 1 Working
income+10 Tue Jan 11 09:51:00 CST 1 New Income
debt-10 Tue Jan 11 09:51:00 CST 1 Payment
sleepiness-50 Tue Jan 11 09:58:00 CST 1 Working
income+10 Tue Jan 11 09:58:00 CST 1 New Income
debt-10 Tue Jan 11 09:58:00 CST 1 Payment
sleepiness+100 Tue Jan 11 21:06:00 CST 1 Going home
sleepiness-50 Tue Jan 11 22:39:00 CST 1 Working
income+10 Tue Jan 11 22:39:00 CST 1 New Income
debt-10 Tue Jan 11 22:39:00 CST 1 Payment
sleepiness-50 Tue Jan 11 22:06:00 CST 1 Working
income+10 Tue Jan 11 22:06:00 CST 1 New Income
debt-10 Tue Jan 11 22:06:00 CST 1 Payment
sleepiness+100 Tue Jan 11 22:18:00 CST 1 Going home
sleepiness-50 Tue Jan 11 23:11:00 CST 1 Working
income+10 Tue Jan 11 23:11:00 CST 1 New Income
debt-10 Tue Jan 11 23:11:00 CST 1 Payment
sleepiness-50 Tue Jan 11 23:21:00 CST 1 Working
income+10 Tue Jan 11 23:21:00 CST 1 New Income
debt-10 Tue Jan 11 23:21:00 CST 1 Payment
sleepiness+100 Tue Jan 11 23:35:00 CST 1 Going home
sleepiness-50 Wed Jan 12 00:09:00 CST 1 Working
income+10 Wed Jan 12 00:09:00 CST 1 New Income
debt-10 Wed Jan 12 00:09:00 CST 1 Payment
sleepiness-50 Wed Jan 12 00:42:00 CST 1 Working
income+10 Wed Jan 12 00:42:00 CST 1 New Income
debt-10 Wed Jan 12 00:42:00 CST 1 Payment
sleepiness+100 Wed Jan 12 00:50:00 CST 1 Going home
sleepiness-50 Wed Jan 12 01:06:00 CST 1 Working
income+10 Wed Jan 12 01:06:00 CST 1 New Income
debt-10 Wed Jan 12 01:06:00 CST 1 Payment
sleepiness-50 Wed Jan 12 01:39:00 CST 1 Working
income+10 Wed Jan 12 01:39:00 CST 1 New Income
debt-10 Wed Jan 12 01:39:00 CST 1 Payment
sleepiness+100 Wed Jan 12 01:47:00 CST 1 Going home
sleepiness-50 Wed Jan 12 02:03:00 CST 1 Working
income+10 Wed Jan 12 02:03:00 CST 1 New Income
savings+10 Wed Jan 12 02:03:00 CST 1 Payment
sleepiness-50 Wed Jan 12 02:42:00 CST 1 Working
income+10 Wed Jan 12 02:42:00 CST 1 New Income
savings+10 Wed Jan 12 02:42:00 CST 1 Payment
sleepiness+100 Wed Jan 12 03:22:00 CST 1 Going home
sleepiness-50 Wed Jan 12 04:39:00 CST 1 Working
income+10 Wed Jan 12 04:39:00 CST 1 New Income
savings+10 Wed Jan 12 04:39:00 CST 1 Payment
sleepiness-50 Wed Jan 12 04:48:00 CST 1 Working
income+10 Wed Jan 12 04:48:00 CST 1 New Income
savings+10 Wed Jan 12 04:48:00 CST 1 Payment
sleepiness+100 Wed Jan 12 05:02:00 CST 1 Going home
sleepiness-50 Wed Jan 12 05:40:00 CST 1 Working
income+10 Wed Jan 12 05:40:00 CST 1 New Income
savings+10 Wed Jan 12 05:40:00 CST 1 Payment
sleepiness-50 Wed Jan 12 06:29:00 CST 1 Working
income+10 Wed Jan 12 06:29:00 CST 1 New Income
savings+10 Wed Jan 12 06:29:00 CST 1 Payment
sleepiness+100 Wed Jan 12 06:43:00 CST 1 Going home
sleepiness-50 Wed Jan 12 07:21:00 CST 1 Working
income+10 Wed Jan 12 07:21:00 CST 1 New Income
savings+10 Wed Jan 12 07:21:00 CST 1 Payment
sleepiness-50 Wed Jan 12 08:10:00 CST 1 Working
income+10 Wed Jan 12 08:10:00 CST 1 New Income
savings+10 Wed Jan 12 08:10:00 CST 1 Payment
sleepiness+100 Wed Jan 12 21:08:00 CST 1 Going home
sleepiness-50 Wed Jan 12 21:45:00 CST 1 Working
income+10 Wed Jan 12 21:45:00 CST 1 New Income
savings+10 Wed Jan 12 21:45:00 CST 1 Payment
sleepiness-50 Wed Jan 12 22:34:00 CST 1 Working
income+10 Wed Jan 12 22:34:00 CST 1 New Income
savings+10 Wed Jan 12 22:34:00 CST 1 Payment
sleepiness+100 Wed Jan 12 22:48:00 CST 1 Going home
sleepiness-50 Wed Jan 12 23:25:00 CST 1 Working
income+10 Wed Jan 12 23:25:00 CST 1 New Income
savings+10 Wed Jan 12 23:25:00 CST 1 Payment
sleepiness-50 Thu Jan 13 00:12:00 CST 1 Working
income+10 Thu Jan 13 00:12:00 CST 1 New Income
savings+10 Thu Jan 13 00:12:00 CST 1 Payment
sleepiness+100 Thu Jan 13 00:26:00 CST 1 Going home
sleepiness-50 Thu Jan 13 01:03:00 CST 1 Working
income+10 Thu Jan 13 01:03:00 CST 1 New Income
savings+10 Thu Jan 13 01:03:00 CST 1 Payment
sleepiness-50 Thu Jan 13 01:52:00 CST 1 Working
income+10 Thu Jan 13 01:52:00 CST 1 New Income
savings+10 Thu Jan 13 01:52:00 CST 1 Payment
sleepiness+100 Thu Jan 13 02:06:00 CST 1 Going home
sleepiness-50 Thu Jan 13 02:44:00 CST 1 Working
income+10 Thu Jan 13 02:44:00 CST 1 New Income
savings+10 Thu Jan 13 02:44:00 CST 1 Payment
sleepiness-50 Thu Jan 13 03:33:00 CST 1 Working
income+10 Thu Jan 13 03:33:00 CST 1 New Income
savings+10 Thu Jan 13 03:33:00 CST 1 Payment
sleepiness+100 Thu Jan 13 03:47:00 CST 1 Going home
sleepiness-50 Thu Jan 13 04:25:00 CST 1 Working
income+10 Thu Jan 13 04:25:00 CST 1 New Income
savings+10 Thu Jan 13 04:25:00 CST 1 Payment
sleepiness-50 Thu Jan 13 05:14:00 CST 1 Working
income+10 Thu Jan 13 05:14:00 CST 1 New Income
savings+10 Thu Jan 13 05:14:00 CST 1 Payment
sleepiness+100 Thu Jan 13 05:28:00 CST 1 Going home
sleepiness-50 Thu Jan 13 06:05:00 CST 1 Working
income+10 Thu Jan 13 06:05:00 CST 1 New Income
savings+10 Thu Jan 13 06:05:00 CST 1 Payment
sleepiness-50 Thu Jan 13 06:54:00 CST 1 Working
income+10 Thu Jan 13 06:54:00 CST 1 New Income
savings+10 Thu Jan 13 06:54:00 CST 1 Payment
sleepiness+100 Thu Jan 13 07:08:00 CST 1 Going home
sleepiness-50 Thu Jan 13 07:46:00 CST 1 Working
income+10 Thu Jan 13 07:46:00 CST 1 New Income
savings+10 Thu Jan 13 07:46:00 CST 1 Payment
sleepiness-50 Thu Jan 13 08:38:00 CST 1 Working
income+10 Thu Jan 13 08:38:00 CST 1 New Income
savings+10 Thu Jan 13 08:38:00 CST 1 Payment
sleepiness+100 Thu Jan 13 21:11:00 CST 1 Going home
sleepiness-50 Thu Jan 13 21:24:00 CST 1 Working
income+10 Thu Jan 13 21:24:00 CST 1 New Income
savings+10 Thu Jan 13 21:24:00 CST 1 Payment
sleepiness-50 Thu Jan 13 22:14:00 CST 1 Working
income+10 Thu Jan 13 22:14:00 CST 1 New Income
savings+10 Thu Jan 13 22:14:00 CST 1 Payment
sleepiness+100 Thu Jan 13 22:28:00 CST 1 Going home
sleepiness-50 Thu Jan 13 23:23:00 CST 1 Working
income+10 Thu Jan 13 23:23:00 CST 1 New Income
savings+10 Thu Jan 13 23:23:00 CST 1 Payment
sleepiness-50 Fri Jan 14 00:11:00 CST 1 Working
income+10 Fri Jan 14 00:11:00 CST 1 New Income
savings+10 Fri Jan 14 00:11:00 CST 1 Payment
sleepiness+100 Fri Jan 14 00:25:00 CST 1 Going home
sleepiness-50 Fri Jan 14 01:20:00 CST 1 Working
income+10 Fri Jan 14 01:20:00 CST 1 New Income
savings+10 Fri Jan 14 01:20:00 CST 1 Payment
sleepiness-50 Fri Jan 14 02:14:00 CST 1 Working
income+10 Fri Jan 14 02:14:00 CST 1 New Income
savings+10 Fri Jan 14 02:14:00 CST 1 Payment
sleepiness+100 Fri Jan 14 02:28:00 CST 1 Going home
sleepiness-50 Fri Jan 14 03:14:00 CST 1 Working
income+10 Fri Jan 14 03:14:00 CST 1 New Income
savings+10 Fri Jan 14 03:14:00 CST 1 Payment
sleepiness-50 Fri Jan 14 03:47:00 CST 1 Working
income+10 Fri Jan 14 03:47:00 CST 1 New Income
savings+10 Fri Jan 14 03:47:00 CST 1 Payment
sleepiness+100 Fri Jan 14 04:04:00 CST 1 Going home
sleepiness-50 Fri Jan 14 04:18:00 CST 1 Working
income+10 Fri Jan 14 04:18:00 CST 1 New Income
savings+10 Fri Jan 14 04:18:00 CST 1 Payment
sleepiness-50 Fri Jan 14 05:07:00 CST 1 Working
income+10 Fri Jan 14 05:07:00 CST 1 New Income
savings+10 Fri Jan 14 05:07:00 CST 1 Payment
sleepiness+100 Fri Jan 14 05:20:00 CST 1 Going home
sleepiness-50 Fri Jan 14 05:34:00 CST 1 Working
income+10 Fri Jan 14 05:34:00 CST 1 New Income
savings+10 Fri Jan 14 05:34:00 CST 1 Payment
sleepiness-50 Fri Jan 14 06:02:00 CST 1 Working
income+10 Fri Jan 14 06:02:00 CST 1 New Income
savings+10 Fri Jan 14 06:02:00 CST 1 Payment
sleepiness+100 Fri Jan 14 06:17:00 CST 1 Going home
sleepiness-50 Fri Jan 14 06:49:00 CST 1 Working
income+10 Fri Jan 14 06:49:00 CST 1 New Income
savings+10 Fri Jan 14 06:49:00 CST 1 Payment
sleepiness-50 Fri Jan 14 07:35:00 CST 1 Working
income+10 Fri Jan 14 07:35:00 CST 1 New Income
savings+10 Fri Jan 14 07:35:00 CST 1 Payment
sleepiness+100 Fri Jan 14 21:10:00 CST 1 Going home
sleepiness-50 Fri Jan 14 21:54:00 CST 1 Working
income+10 Fri Jan 14 21:54:00 CST 1 New Income
savings+10 Fri Jan 14 21:54:00 CST 1 Payment
sleepiness-50 Fri Jan 14 22:31:00 CST 1 Working
income+10 Fri Jan 14 22:31:00 CST 1 New Income
savings+10 Fri Jan 14 22:31:00 CST 1 Payment
sleepiness+100 Fri Jan 14 22:47:00 CST 1 Going home
sleepiness-50 Fri Jan 14 23:26:00 CST 1 Working
income+10 Fri Jan 14 23:26:00 CST 1 New Income
savings+10 Fri Jan 14 23:26:00 CST 1 Payment
sleepiness-50 Sat Jan 15 00:12:00 CST 1 Working
income+10 Sat Jan 15 00:12:00 CST 1 New Income
savings+10 Sat Jan 15 00:12:00 CST 1 Payment
trust+10 Sat Jan 15 04:16:00 CST 1 Voting
