age+0 Sat Jan 01 01:31:00 CST 1 creation
sleepiness-50 Sat Jan 01 01:32:00 CST 1 Working
income+10 Sat Jan 01 01:32:00 CST 1 New Income
debt-10 Sat Jan 01 01:32:00 CST 1 Payment
sleepiness-50 Sat Jan 01 02:15:00 CST 1 Working
income+10 Sat Jan 01 02:15:00 CST 1 New Income
debt-10 Sat Jan 01 02:15:00 CST 1 Payment
sleepiness+100 Sat Jan 01 05:24:00 CST 1 Going home
sleepiness-50 Sat Jan 01 06:00:00 CST 1 Working
income+10 Sat Jan 01 06:00:00 CST 1 New Income
debt-10 Sat Jan 01 06:00:00 CST 1 Payment
sleepiness-50 Sat Jan 01 06:33:00 CST 1 Working
income+10 Sat Jan 01 06:33:00 CST 1 New Income
debt-10 Sat Jan 01 06:33:00 CST 1 Payment
income+0 Sat Jan 01 06:39:00 CST 1 Bought a House
bills+0 Sat Jan 01 06:39:00 CST 1 Bought a House
taxes+0 Sat Jan 01 06:39:00 CST 1 Bought a House
savings+73 Sat Jan 01 06:39:00 CST 1 Bought a House
debt+27 Sat Jan 01 06:39:00 CST 1 Bought a House
sleepiness+100 Sat Jan 01 06:47:00 CST 1 Going home
sleepiness-50 Sat Jan 01 07:23:00 CST 1 Working
income+10 Sat Jan 01 07:23:00 CST 1 New Income
debt-10 Sat Jan 01 07:23:00 CST 1 Payment
sleepiness-50 Sat Jan 01 08:01:00 CST 1 Working
income+10 Sat Jan 01 08:01:00 CST 1 New Income
debt-10 Sat Jan 01 08:01:00 CST 1 Payment
thirst+90 Mon Jan 03 17:11:00 CST 1 Getting water
N/A+0 Wed Jan 05 00:00:00 CST 1 death
