age+0 Sat Jan 01 19:41:00 CST 1 creation
sleepiness-50 Sat Jan 01 20:33:00 CST 1 Working
income+10 Sat Jan 01 20:33:00 CST 1 New Income
debt-10 Sat Jan 01 20:33:00 CST 1 Payment
sleepiness-50 Sat Jan 01 21:23:00 CST 1 Working
income+10 Sat Jan 01 21:23:00 CST 1 New Income
debt-10 Sat Jan 01 21:23:00 CST 1 Payment
thirst+90 Mon Jan 03 23:42:00 CST 1 Getting water
thirst+90 Mon Jan 10 05:32:00 CST 1 Getting water
sleepiness+100 Wed Jan 12 04:11:00 CST 1 Going home
sleepiness-50 Wed Jan 12 07:19:00 CST 1 Working
income+10 Wed Jan 12 07:19:00 CST 1 New Income
debt-10 Wed Jan 12 07:19:00 CST 1 Payment
sleepiness-50 Wed Jan 12 08:26:00 CST 1 Working
income+10 Wed Jan 12 08:26:00 CST 1 New Income
debt-10 Wed Jan 12 08:26:00 CST 1 Payment
sleepiness+100 Thu Jan 13 00:12:00 CST 1 Going home
sleepiness-50 Thu Jan 13 02:31:00 CST 1 Working
income+10 Thu Jan 13 02:31:00 CST 1 New Income
debt-10 Thu Jan 13 02:31:00 CST 1 Payment
sleepiness-50 Thu Jan 13 06:30:00 CST 1 Working
income+10 Thu Jan 13 06:30:00 CST 1 New Income
debt-10 Thu Jan 13 06:30:00 CST 1 Payment
sleepiness+100 Thu Jan 13 10:12:00 CST 1 Going home
sleepiness-50 Thu Jan 13 13:52:00 CST 1 Working
income+10 Thu Jan 13 13:52:00 CST 1 New Income
debt-10 Thu Jan 13 13:52:00 CST 1 Payment
sleepiness-50 Thu Jan 13 18:03:00 CST 1 Working
income+10 Thu Jan 13 18:03:00 CST 1 New Income
debt-10 Thu Jan 13 18:03:00 CST 1 Payment
sleepiness+100 Fri Jan 14 00:33:00 CST 1 Going home
sleepiness-50 Fri Jan 14 02:55:00 CST 1 Working
income+10 Fri Jan 14 02:55:00 CST 1 New Income
debt-10 Fri Jan 14 02:55:00 CST 1 Payment
sleepiness-50 Fri Jan 14 05:42:00 CST 1 Working
income+10 Fri Jan 14 05:42:00 CST 1 New Income
debt-10 Fri Jan 14 05:42:00 CST 1 Payment
