age+0 Sun Jan 09 01:58:00 CST 1 creation
sleepiness-50 Sun Jan 09 02:03:00 CST 1 Working
income+10 Sun Jan 09 02:03:00 CST 1 New Income
debt-10 Sun Jan 09 02:03:00 CST 1 Payment
sleepiness-50 Sun Jan 09 02:35:00 CST 1 Working
income+10 Sun Jan 09 02:35:00 CST 1 New Income
debt-10 Sun Jan 09 02:35:00 CST 1 Payment
companionship+10 Sun Jan 09 05:18:00 CST 1 Procreating
sleepiness-10 Sun Jan 09 05:18:00 CST 1 Procreating
thirst+90 Thu Jan 13 01:18:00 CST 1 Getting water
sleepiness+100 Fri Jan 14 21:22:00 CST 1 Going home
sleepiness-50 Fri Jan 14 22:11:00 CST 1 Working
income+10 Fri Jan 14 22:11:00 CST 1 New Income
debt-10 Fri Jan 14 22:11:00 CST 1 Payment
sleepiness-50 Fri Jan 14 22:24:00 CST 1 Working
income+10 Fri Jan 14 22:24:00 CST 1 New Income
debt-10 Fri Jan 14 22:24:00 CST 1 Payment
sleepiness+100 Fri Jan 14 22:45:00 CST 1 Going home
sleepiness-50 Fri Jan 14 23:16:00 CST 1 Working
income+10 Fri Jan 14 23:16:00 CST 1 New Income
savings+10 Fri Jan 14 23:16:00 CST 1 Payment
sleepiness-50 Fri Jan 14 23:42:00 CST 1 Working
income+10 Fri Jan 14 23:42:00 CST 1 New Income
savings+10 Fri Jan 14 23:42:00 CST 1 Payment
sleepiness+100 Sat Jan 15 00:01:00 CST 1 Going home
sleepiness-50 Sat Jan 15 00:21:00 CST 1 Working
income+10 Sat Jan 15 00:21:00 CST 1 New Income
savings+10 Sat Jan 15 00:21:00 CST 1 Payment
sleepiness-50 Sat Jan 15 00:28:00 CST 1 Working
income+10 Sat Jan 15 00:28:00 CST 1 New Income
savings+10 Sat Jan 15 00:28:00 CST 1 Payment
sleepiness+100 Sat Jan 15 01:29:00 CST 1 Going home
sleepiness-50 Sat Jan 15 02:12:00 CST 1 Working
income+10 Sat Jan 15 02:12:00 CST 1 New Income
savings+10 Sat Jan 15 02:12:00 CST 1 Payment
sleepiness-50 Sat Jan 15 02:38:00 CST 1 Working
income+10 Sat Jan 15 02:38:00 CST 1 New Income
savings+10 Sat Jan 15 02:38:00 CST 1 Payment
trust+10 Sat Jan 15 04:00:00 CST 1 Voting
