age+0 Sat Jan 01 01:31:00 CST 1 creation
sleepiness-50 Sat Jan 01 02:00:00 CST 1 Working
income+10 Sat Jan 01 02:00:00 CST 1 New Income
debt-10 Sat Jan 01 02:00:00 CST 1 Payment
sleepiness-50 Sat Jan 01 04:03:00 CST 1 Working
income+10 Sat Jan 01 04:03:00 CST 1 New Income
debt-10 Sat Jan 01 04:03:00 CST 1 Payment
sleepiness+100 Sat Jan 01 06:06:00 CST 1 Going home
sleepiness-50 Sat Jan 01 09:38:00 CST 1 Working
income+10 Sat Jan 01 09:38:00 CST 1 New Income
debt-10 Sat Jan 01 09:38:00 CST 1 Payment
sleepiness-50 Sat Jan 01 13:57:00 CST 1 Working
income+10 Sat Jan 01 13:57:00 CST 1 New Income
debt-10 Sat Jan 01 13:57:00 CST 1 Payment
sleepiness+100 Sat Jan 01 22:39:00 CST 1 Going home
sleepiness-50 Sun Jan 02 01:44:00 CST 1 Working
income+10 Sun Jan 02 01:44:00 CST 1 New Income
debt-10 Sun Jan 02 01:44:00 CST 1 Payment
sleepiness-50 Sun Jan 02 01:51:00 CST 1 Working
income+10 Sun Jan 02 01:51:00 CST 1 New Income
debt-10 Sun Jan 02 01:51:00 CST 1 Payment
income+0 Sun Jan 02 01:57:00 CST 1 Bought a House
bills+0 Sun Jan 02 01:57:00 CST 1 Bought a House
taxes+0 Sun Jan 02 01:57:00 CST 1 Bought a House
savings+86 Sun Jan 02 01:57:00 CST 1 Bought a House
debt+14 Sun Jan 02 01:57:00 CST 1 Bought a House
sleepiness+100 Sun Jan 02 05:39:00 CST 1 Going home
sleepiness-50 Sun Jan 02 10:06:00 CST 1 Working
income+10 Sun Jan 02 10:06:00 CST 1 New Income
debt-10 Sun Jan 02 10:06:00 CST 1 Payment
sleepiness-50 Sun Jan 02 15:49:00 CST 1 Working
income+10 Sun Jan 02 15:49:00 CST 1 New Income
debt-10 Sun Jan 02 15:49:00 CST 1 Payment
N/A+0 Wed Jan 05 00:00:00 CST 1 death
