age+0 Sat Jan 01 11:16:00 CST 1 creation
sleepiness-50 Sat Jan 01 13:28:00 CST 1 Working
income+10 Sat Jan 01 13:28:00 CST 1 New Income
debt-10 Sat Jan 01 13:28:00 CST 1 Payment
sleepiness-50 Sat Jan 01 16:09:00 CST 1 Working
income+10 Sat Jan 01 16:09:00 CST 1 New Income
debt-10 Sat Jan 01 16:09:00 CST 1 Payment
income+0 Sat Jan 01 16:21:00 CST 1 Bought a House
bills+0 Sat Jan 01 16:21:00 CST 1 Bought a House
taxes+0 Sat Jan 01 16:21:00 CST 1 Bought a House
savings+58 Sat Jan 01 16:21:00 CST 1 Bought a House
debt+42 Sat Jan 01 16:21:00 CST 1 Bought a House
companionship+10 Sat Jan 01 21:55:00 CST 1 Procreating
sleepiness-10 Sat Jan 01 21:55:00 CST 1 Procreating
thirst+90 Thu Jan 06 15:26:00 CST 1 Getting water
sleepiness+100 Sun Jan 09 02:37:00 CST 1 Going home
sleepiness-50 Sun Jan 09 04:56:00 CST 1 Working
income+10 Sun Jan 09 04:56:00 CST 1 New Income
debt-10 Sun Jan 09 04:56:00 CST 1 Payment
sleepiness-50 Sun Jan 09 05:22:00 CST 1 Working
income+10 Sun Jan 09 05:22:00 CST 1 New Income
debt-10 Sun Jan 09 05:22:00 CST 1 Payment
sleepiness+100 Sun Jan 09 07:39:00 CST 1 Going home
sleepiness-50 Sun Jan 09 09:22:00 CST 1 Working
income+10 Sun Jan 09 09:22:00 CST 1 New Income
debt-10 Sun Jan 09 09:22:00 CST 1 Payment
sleepiness-50 Sun Jan 09 10:12:00 CST 1 Working
income+10 Sun Jan 09 10:12:00 CST 1 New Income
debt-10 Sun Jan 09 10:12:00 CST 1 Payment
sleepiness+100 Sun Jan 09 22:36:00 CST 1 Going home
sleepiness-50 Mon Jan 10 00:50:00 CST 1 Working
income+10 Mon Jan 10 00:50:00 CST 1 New Income
debt-10 Mon Jan 10 00:50:00 CST 1 Payment
sleepiness-50 Mon Jan 10 01:29:00 CST 1 Working
income+10 Mon Jan 10 01:29:00 CST 1 New Income
debt-10 Mon Jan 10 01:29:00 CST 1 Payment
sleepiness+100 Mon Jan 10 03:36:00 CST 1 Going home
sleepiness-50 Mon Jan 10 05:45:00 CST 1 Working
income+10 Mon Jan 10 05:45:00 CST 1 New Income
debt-10 Mon Jan 10 05:45:00 CST 1 Payment
sleepiness-50 Mon Jan 10 11:15:00 CST 1 Working
income+10 Mon Jan 10 11:15:00 CST 1 New Income
debt-10 Mon Jan 10 11:15:00 CST 1 Payment
sleepiness+100 Mon Jan 10 23:50:00 CST 1 Going home
sleepiness-50 Tue Jan 11 02:44:00 CST 1 Working
income+10 Tue Jan 11 02:44:00 CST 1 New Income
debt-10 Tue Jan 11 02:44:00 CST 1 Payment
sleepiness-50 Tue Jan 11 02:57:00 CST 1 Working
income+10 Tue Jan 11 02:57:00 CST 1 New Income
debt-10 Tue Jan 11 02:57:00 CST 1 Payment
sleepiness+100 Tue Jan 11 05:18:00 CST 1 Going home
sleepiness-50 Tue Jan 11 08:40:00 CST 1 Working
income+10 Tue Jan 11 08:40:00 CST 1 New Income
savings+10 Tue Jan 11 08:40:00 CST 1 Payment
sleepiness-50 Tue Jan 11 11:27:00 CST 1 Working
income+10 Tue Jan 11 11:27:00 CST 1 New Income
savings+10 Tue Jan 11 11:27:00 CST 1 Payment
sleepiness+100 Tue Jan 11 23:19:00 CST 1 Going home
sleepiness-50 Wed Jan 12 02:05:00 CST 1 Working
income+10 Wed Jan 12 02:05:00 CST 1 New Income
savings+10 Wed Jan 12 02:05:00 CST 1 Payment
sleepiness-50 Wed Jan 12 05:48:00 CST 1 Working
income+10 Wed Jan 12 05:48:00 CST 1 New Income
savings+10 Wed Jan 12 05:48:00 CST 1 Payment
sleepiness+100 Wed Jan 12 08:19:00 CST 1 Going home
sleepiness-50 Wed Jan 12 11:52:00 CST 1 Working
income+10 Wed Jan 12 11:52:00 CST 1 New Income
savings+10 Wed Jan 12 11:52:00 CST 1 Payment
sleepiness-50 Wed Jan 12 16:50:00 CST 1 Working
income+10 Wed Jan 12 16:50:00 CST 1 New Income
savings+10 Wed Jan 12 16:50:00 CST 1 Payment
sleepiness+100 Wed Jan 12 22:42:00 CST 1 Going home
sleepiness-50 Thu Jan 13 01:35:00 CST 1 Working
income+10 Thu Jan 13 01:35:00 CST 1 New Income
savings+10 Thu Jan 13 01:35:00 CST 1 Payment
sleepiness-50 Thu Jan 13 03:55:00 CST 1 Working
income+10 Thu Jan 13 03:55:00 CST 1 New Income
savings+10 Thu Jan 13 03:55:00 CST 1 Payment
sleepiness+100 Thu Jan 13 08:11:00 CST 1 Going home
sleepiness-50 Thu Jan 13 09:36:00 CST 1 Working
income+10 Thu Jan 13 09:36:00 CST 1 New Income
savings+10 Thu Jan 13 09:36:00 CST 1 Payment
sleepiness-50 Thu Jan 13 11:27:00 CST 1 Working
income+10 Thu Jan 13 11:27:00 CST 1 New Income
savings+10 Thu Jan 13 11:27:00 CST 1 Payment
sleepiness+100 Thu Jan 13 22:10:00 CST 1 Going home
sleepiness-50 Thu Jan 13 23:17:00 CST 1 Working
income+10 Thu Jan 13 23:17:00 CST 1 New Income
savings+10 Thu Jan 13 23:17:00 CST 1 Payment
sleepiness-50 Fri Jan 14 00:44:00 CST 1 Working
income+10 Fri Jan 14 00:44:00 CST 1 New Income
savings+10 Fri Jan 14 00:44:00 CST 1 Payment
sleepiness+100 Fri Jan 14 02:11:00 CST 1 Going home
sleepiness-50 Fri Jan 14 04:46:00 CST 1 Working
income+10 Fri Jan 14 04:46:00 CST 1 New Income
savings+10 Fri Jan 14 04:46:00 CST 1 Payment
sleepiness-50 Fri Jan 14 08:40:00 CST 1 Working
income+10 Fri Jan 14 08:40:00 CST 1 New Income
savings+10 Fri Jan 14 08:40:00 CST 1 Payment
sleepiness+100 Fri Jan 14 23:47:00 CST 1 Going home
sleepiness-50 Sat Jan 15 01:50:00 CST 1 Working
income+10 Sat Jan 15 01:50:00 CST 1 New Income
savings+10 Sat Jan 15 01:50:00 CST 1 Payment
sleepiness-50 Sat Jan 15 05:37:00 CST 1 Working
income+10 Sat Jan 15 05:37:00 CST 1 New Income
savings+10 Sat Jan 15 05:37:00 CST 1 Payment
