age+0 Sat Jan 01 11:16:00 CST 1 creation
sleepiness-50 Sat Jan 01 11:17:00 CST 1 Working
income+10 Sat Jan 01 11:17:00 CST 1 New Income
debt-10 Sat Jan 01 11:17:00 CST 1 Payment
sleepiness-50 Sat Jan 01 11:58:00 CST 1 Working
income+10 Sat Jan 01 11:58:00 CST 1 New Income
savings+10 Sat Jan 01 11:58:00 CST 1 Payment
companionship+10 Sat Jan 01 13:20:00 CST 1 Procreating
sleepiness-10 Sat Jan 01 13:20:00 CST 1 Procreating
sleepiness+100 Sun Jan 02 01:18:00 CST 1 Going home
sleepiness-50 Sun Jan 02 01:28:00 CST 1 Working
income+10 Sun Jan 02 01:28:00 CST 1 New Income
savings+10 Sun Jan 02 01:28:00 CST 1 Payment
income+0 Sun Jan 02 02:39:00 CST 1 Bought a House
bills+0 Sun Jan 02 02:39:00 CST 1 Bought a House
taxes+0 Sun Jan 02 02:39:00 CST 1 Bought a House
savings+50 Sun Jan 02 02:39:00 CST 1 Bought a House
debt+50 Sun Jan 02 02:39:00 CST 1 Bought a House
sleepiness-50 Sun Jan 02 02:07:00 CST 1 Working
income+10 Sun Jan 02 02:07:00 CST 1 New Income
debt-10 Sun Jan 02 02:07:00 CST 1 Payment
thirst+90 Fri Jan 07 20:20:00 CST 1 Getting water
sleepiness+100 Wed Jan 12 08:56:00 CST 1 Going home
sleepiness-50 Wed Jan 12 09:55:00 CST 1 Working
income+10 Wed Jan 12 09:55:00 CST 1 New Income
debt-10 Wed Jan 12 09:55:00 CST 1 Payment
sleepiness-50 Wed Jan 12 10:45:00 CST 1 Working
income+10 Wed Jan 12 10:45:00 CST 1 New Income
debt-10 Wed Jan 12 10:45:00 CST 1 Payment
sleepiness+100 Wed Jan 12 21:12:00 CST 1 Going home
sleepiness-50 Wed Jan 12 21:42:00 CST 1 Working
income+10 Wed Jan 12 21:42:00 CST 1 New Income
debt-10 Wed Jan 12 21:42:00 CST 1 Payment
sleepiness-50 Wed Jan 12 22:32:00 CST 1 Working
income+10 Wed Jan 12 22:32:00 CST 1 New Income
debt-10 Wed Jan 12 22:32:00 CST 1 Payment
sleepiness+100 Wed Jan 12 22:50:00 CST 1 Going home
sleepiness-50 Wed Jan 12 23:20:00 CST 1 Working
income+10 Wed Jan 12 23:20:00 CST 1 New Income
debt-10 Wed Jan 12 23:20:00 CST 1 Payment
sleepiness-50 Thu Jan 13 00:16:00 CST 1 Working
income+10 Thu Jan 13 00:16:00 CST 1 New Income
debt-10 Thu Jan 13 00:16:00 CST 1 Payment
sleepiness+100 Thu Jan 13 01:06:00 CST 1 Going home
sleepiness-50 Thu Jan 13 02:10:00 CST 1 Working
income+10 Thu Jan 13 02:10:00 CST 1 New Income
debt-10 Thu Jan 13 02:10:00 CST 1 Payment
sleepiness-50 Thu Jan 13 02:24:00 CST 1 Working
income+10 Thu Jan 13 02:24:00 CST 1 New Income
debt-10 Thu Jan 13 02:24:00 CST 1 Payment
sleepiness+100 Thu Jan 13 02:48:00 CST 1 Going home
sleepiness-50 Thu Jan 13 03:52:00 CST 1 Working
income+10 Thu Jan 13 03:52:00 CST 1 New Income
debt-10 Thu Jan 13 03:52:00 CST 1 Payment
sleepiness-50 Thu Jan 13 04:05:00 CST 1 Working
income+10 Thu Jan 13 04:05:00 CST 1 New Income
savings+10 Thu Jan 13 04:05:00 CST 1 Payment
sleepiness+100 Thu Jan 13 04:29:00 CST 1 Going home
sleepiness-50 Thu Jan 13 04:52:00 CST 1 Working
income+10 Thu Jan 13 04:52:00 CST 1 New Income
savings+10 Thu Jan 13 04:52:00 CST 1 Payment
sleepiness-50 Thu Jan 13 05:41:00 CST 1 Working
income+10 Thu Jan 13 05:41:00 CST 1 New Income
savings+10 Thu Jan 13 05:41:00 CST 1 Payment
sleepiness+100 Thu Jan 13 06:06:00 CST 1 Going home
sleepiness-50 Thu Jan 13 06:55:00 CST 1 Working
income+10 Thu Jan 13 06:55:00 CST 1 New Income
savings+10 Thu Jan 13 06:55:00 CST 1 Payment
sleepiness-50 Thu Jan 13 07:44:00 CST 1 Working
income+10 Thu Jan 13 07:44:00 CST 1 New Income
savings+10 Thu Jan 13 07:44:00 CST 1 Payment
sleepiness+100 Thu Jan 13 08:09:00 CST 1 Going home
sleepiness-50 Thu Jan 13 08:51:00 CST 1 Working
income+10 Thu Jan 13 08:51:00 CST 1 New Income
savings+10 Thu Jan 13 08:51:00 CST 1 Payment
sleepiness-50 Thu Jan 13 09:40:00 CST 1 Working
income+10 Thu Jan 13 09:40:00 CST 1 New Income
savings+10 Thu Jan 13 09:40:00 CST 1 Payment
sleepiness+100 Thu Jan 13 21:19:00 CST 1 Going home
sleepiness-50 Thu Jan 13 22:08:00 CST 1 Working
income+10 Thu Jan 13 22:08:00 CST 1 New Income
savings+10 Thu Jan 13 22:08:00 CST 1 Payment
sleepiness-50 Thu Jan 13 22:57:00 CST 1 Working
income+10 Thu Jan 13 22:57:00 CST 1 New Income
savings+10 Thu Jan 13 22:57:00 CST 1 Payment
sleepiness+100 Thu Jan 13 23:22:00 CST 1 Going home
sleepiness-50 Fri Jan 14 00:03:00 CST 1 Working
income+10 Fri Jan 14 00:03:00 CST 1 New Income
savings+10 Fri Jan 14 00:03:00 CST 1 Payment
sleepiness-50 Fri Jan 14 00:52:00 CST 1 Working
income+10 Fri Jan 14 00:52:00 CST 1 New Income
savings+10 Fri Jan 14 00:52:00 CST 1 Payment
sleepiness+100 Fri Jan 14 01:17:00 CST 1 Going home
sleepiness-50 Fri Jan 14 02:06:00 CST 1 Working
income+10 Fri Jan 14 02:06:00 CST 1 New Income
savings+10 Fri Jan 14 02:06:00 CST 1 Payment
sleepiness-50 Fri Jan 14 02:55:00 CST 1 Working
income+10 Fri Jan 14 02:55:00 CST 1 New Income
savings+10 Fri Jan 14 02:55:00 CST 1 Payment
sleepiness+100 Fri Jan 14 03:20:00 CST 1 Going home
sleepiness-50 Fri Jan 14 04:08:00 CST 1 Working
income+10 Fri Jan 14 04:08:00 CST 1 New Income
savings+10 Fri Jan 14 04:08:00 CST 1 Payment
sleepiness-50 Fri Jan 14 04:57:00 CST 1 Working
income+10 Fri Jan 14 04:57:00 CST 1 New Income
savings+10 Fri Jan 14 04:57:00 CST 1 Payment
sleepiness+100 Fri Jan 14 05:22:00 CST 1 Going home
sleepiness-50 Fri Jan 14 06:04:00 CST 1 Working
income+10 Fri Jan 14 06:04:00 CST 1 New Income
savings+10 Fri Jan 14 06:04:00 CST 1 Payment
sleepiness-50 Fri Jan 14 06:53:00 CST 1 Working
income+10 Fri Jan 14 06:53:00 CST 1 New Income
savings+10 Fri Jan 14 06:53:00 CST 1 Payment
sleepiness+100 Fri Jan 14 07:18:00 CST 1 Going home
sleepiness-50 Fri Jan 14 08:07:00 CST 1 Working
income+10 Fri Jan 14 08:07:00 CST 1 New Income
savings+10 Fri Jan 14 08:07:00 CST 1 Payment
sleepiness-50 Fri Jan 14 08:56:00 CST 1 Working
income+10 Fri Jan 14 08:56:00 CST 1 New Income
savings+10 Fri Jan 14 08:56:00 CST 1 Payment
sleepiness+100 Fri Jan 14 21:18:00 CST 1 Going home
sleepiness-50 Fri Jan 14 22:22:00 CST 1 Working
income+10 Fri Jan 14 22:22:00 CST 1 New Income
savings+10 Fri Jan 14 22:22:00 CST 1 Payment
sleepiness-50 Fri Jan 14 22:42:00 CST 1 Working
income+10 Fri Jan 14 22:42:00 CST 1 New Income
savings+10 Fri Jan 14 22:42:00 CST 1 Payment
sleepiness+100 Fri Jan 14 23:47:00 CST 1 Going home
sleepiness-50 Sat Jan 15 00:09:00 CST 1 Working
income+10 Sat Jan 15 00:09:00 CST 1 New Income
savings+10 Sat Jan 15 00:09:00 CST 1 Payment
sleepiness-50 Sat Jan 15 00:22:00 CST 1 Working
income+10 Sat Jan 15 00:22:00 CST 1 New Income
savings+10 Sat Jan 15 00:22:00 CST 1 Payment
sleepiness+100 Sat Jan 15 00:43:00 CST 1 Going home
sleepiness-50 Sat Jan 15 01:32:00 CST 1 Working
income+10 Sat Jan 15 01:32:00 CST 1 New Income
savings+10 Sat Jan 15 01:32:00 CST 1 Payment
sleepiness-50 Sat Jan 15 01:47:00 CST 1 Working
income+10 Sat Jan 15 01:47:00 CST 1 New Income
savings+10 Sat Jan 15 01:47:00 CST 1 Payment
sleepiness+100 Sat Jan 15 02:08:00 CST 1 Going home
sleepiness-50 Sat Jan 15 02:50:00 CST 1 Working
income+10 Sat Jan 15 02:50:00 CST 1 New Income
savings+10 Sat Jan 15 02:50:00 CST 1 Payment
sleepiness-50 Sat Jan 15 03:39:00 CST 1 Working
income+10 Sat Jan 15 03:39:00 CST 1 New Income
savings+10 Sat Jan 15 03:39:00 CST 1 Payment
trust+10 Sat Jan 15 07:48:00 CST 1 Voting
companionship+10 Sat Jan 15 12:21:00 CST 1 Procreating
sleepiness-10 Sat Jan 15 12:21:00 CST 1 Procreating
