age+0 Sat Jan 01 18:26:00 CST 1 creation
sleepiness-50 Sat Jan 01 21:13:00 CST 1 Working
income+10 Sat Jan 01 21:13:00 CST 1 New Income
debt-10 Sat Jan 01 21:13:00 CST 1 Payment
sleepiness-50 Sun Jan 02 01:49:00 CST 1 Working
income+10 Sun Jan 02 01:49:00 CST 1 New Income
debt-10 Sun Jan 02 01:49:00 CST 1 Payment
sleepiness+100 Sun Jan 02 05:46:00 CST 1 Going home
sleepiness-50 Sun Jan 02 09:34:00 CST 1 Working
income+10 Sun Jan 02 09:34:00 CST 1 New Income
debt-10 Sun Jan 02 09:34:00 CST 1 Payment
sleepiness-50 Sun Jan 02 14:19:00 CST 1 Working
income+10 Sun Jan 02 14:19:00 CST 1 New Income
debt-10 Sun Jan 02 14:19:00 CST 1 Payment
sleepiness+100 Mon Jan 03 00:53:00 CST 1 Going home
sleepiness-50 Mon Jan 03 04:39:00 CST 1 Working
income+10 Mon Jan 03 04:39:00 CST 1 New Income
savings+10 Mon Jan 03 04:39:00 CST 1 Payment
sleepiness-50 Mon Jan 03 05:07:00 CST 1 Working
income+10 Mon Jan 03 05:07:00 CST 1 New Income
savings+10 Mon Jan 03 05:07:00 CST 1 Payment
thirst+90 Tue Jan 04 03:44:00 CST 1 Getting water
thirst+90 Mon Jan 10 09:42:00 CST 1 Getting water
