age+0 Sat Jan 01 11:16:00 CST 1 creation
thirst+93 Sat Jan 01 11:22:00 CST 1 Getting water
sleepiness-50 Sat Jan 01 13:51:00 CST 1 Working
income+10 Sat Jan 01 13:51:00 CST 1 New Income
debt-10 Sat Jan 01 13:51:00 CST 1 Payment
sleepiness-50 Sat Jan 01 16:27:00 CST 1 Working
income+10 Sat Jan 01 16:27:00 CST 1 New Income
debt-10 Sat Jan 01 16:27:00 CST 1 Payment
companionship+10 Sat Jan 01 22:33:00 CST 1 Procreating
sleepiness-10 Sat Jan 01 22:33:00 CST 1 Procreating
sleepiness+100 Sun Jan 02 03:01:00 CST 1 Going home
sleepiness-50 Sun Jan 02 05:40:00 CST 1 Working
income+10 Sun Jan 02 05:40:00 CST 1 New Income
savings+10 Sun Jan 02 05:40:00 CST 1 Payment
sleepiness-50 Sun Jan 02 10:39:00 CST 1 Working
income+10 Sun Jan 02 10:39:00 CST 1 New Income
savings+10 Sun Jan 02 10:39:00 CST 1 Payment
income+0 Sun Jan 02 10:18:00 CST 1 Bought a House
bills+0 Sun Jan 02 10:18:00 CST 1 Bought a House
taxes+0 Sun Jan 02 10:18:00 CST 1 Bought a House
savings+42 Sun Jan 02 10:18:00 CST 1 Bought a House
debt+58 Sun Jan 02 10:18:00 CST 1 Bought a House
N/A+0 Tue Jan 04 00:00:00 CST 1 death
