age+0 Sat Jan 01 11:16:00 CST 1 creation
sleepiness-50 Sat Jan 01 14:09:00 CST 1 Working
income+10 Sat Jan 01 14:09:00 CST 1 New Income
debt-10 Sat Jan 01 14:09:00 CST 1 Payment
sleepiness-50 Sat Jan 01 16:47:00 CST 1 Working
income+10 Sat Jan 01 16:47:00 CST 1 New Income
debt-10 Sat Jan 01 16:47:00 CST 1 Payment
companionship+10 Sat Jan 01 23:10:00 CST 1 Procreating
sleepiness-10 Sat Jan 01 23:10:00 CST 1 Procreating
sleepiness+100 Sun Jan 02 03:38:00 CST 1 Going home
sleepiness-50 Sun Jan 02 08:02:00 CST 1 Working
income+10 Sun Jan 02 08:02:00 CST 1 New Income
debt-10 Sun Jan 02 08:02:00 CST 1 Payment
income+0 Sun Jan 02 08:33:00 CST 1 Bought a House
bills+0 Sun Jan 02 08:33:00 CST 1 Bought a House
taxes+0 Sun Jan 02 08:33:00 CST 1 Bought a House
savings+69 Sun Jan 02 08:33:00 CST 1 Bought a House
debt+31 Sun Jan 02 08:33:00 CST 1 Bought a House
sleepiness-50 Sun Jan 02 12:47:00 CST 1 Working
income+10 Sun Jan 02 12:47:00 CST 1 New Income
debt-10 Sun Jan 02 12:47:00 CST 1 Payment
thirst+90 Thu Jan 06 02:18:00 CST 1 Getting water
thirst+90 Wed Jan 12 08:16:00 CST 1 Getting water
