age+0 Sat Jan 01 11:16:00 CST 1 creation
sleepiness-50 Sat Jan 01 14:06:00 CST 1 Working
income+10 Sat Jan 01 14:06:00 CST 1 New Income
debt-10 Sat Jan 01 14:06:00 CST 1 Payment
sleepiness-50 Sat Jan 01 16:50:00 CST 1 Working
income+10 Sat Jan 01 16:50:00 CST 1 New Income
debt-10 Sat Jan 01 16:50:00 CST 1 Payment
thirst+90 Tue Jan 04 10:39:00 CST 1 Getting water
sleepiness+100 Thu Jan 06 22:34:00 CST 1 Going home
sleepiness-50 Fri Jan 07 00:40:00 CST 1 Working
income+10 Fri Jan 07 00:40:00 CST 1 New Income
debt-10 Fri Jan 07 00:40:00 CST 1 Payment
sleepiness-50 Fri Jan 07 00:47:00 CST 1 Working
income+10 Fri Jan 07 00:47:00 CST 1 New Income
savings+10 Fri Jan 07 00:47:00 CST 1 Payment
sleepiness+100 Fri Jan 07 02:33:00 CST 1 Going home
sleepiness-50 Fri Jan 07 04:58:00 CST 1 Working
income+10 Fri Jan 07 04:58:00 CST 1 New Income
savings+10 Fri Jan 07 04:58:00 CST 1 Payment
sleepiness-50 Fri Jan 07 09:20:00 CST 1 Working
income+10 Fri Jan 07 09:20:00 CST 1 New Income
savings+10 Fri Jan 07 09:20:00 CST 1 Payment
sleepiness+100 Fri Jan 07 23:20:00 CST 1 Going home
sleepiness-50 Sat Jan 08 02:20:00 CST 1 Working
income+10 Sat Jan 08 02:20:00 CST 1 New Income
savings+10 Sat Jan 08 02:20:00 CST 1 Payment
sleepiness-50 Sat Jan 08 04:54:00 CST 1 Working
income+10 Sat Jan 08 04:54:00 CST 1 New Income
savings+10 Sat Jan 08 04:54:00 CST 1 Payment
sleepiness+100 Sat Jan 08 06:13:00 CST 1 Going home
sleepiness-50 Sat Jan 08 09:43:00 CST 1 Working
income+10 Sat Jan 08 09:43:00 CST 1 New Income
savings+10 Sat Jan 08 09:43:00 CST 1 Payment
sleepiness-50 Sat Jan 08 09:50:00 CST 1 Working
income+10 Sat Jan 08 09:50:00 CST 1 New Income
savings+10 Sat Jan 08 09:50:00 CST 1 Payment
sleepiness+100 Sat Jan 08 23:43:00 CST 1 Going home
sleepiness-50 Sun Jan 09 03:50:00 CST 1 Working
income+10 Sun Jan 09 03:50:00 CST 1 New Income
savings+10 Sun Jan 09 03:50:00 CST 1 Payment
sleepiness-50 Sun Jan 09 04:40:00 CST 1 Working
income+10 Sun Jan 09 04:40:00 CST 1 New Income
savings+10 Sun Jan 09 04:40:00 CST 1 Payment
sleepiness+100 Sun Jan 09 08:07:00 CST 1 Going home
sleepiness-50 Sun Jan 09 09:10:00 CST 1 Working
income+10 Sun Jan 09 09:10:00 CST 1 New Income
savings+10 Sun Jan 09 09:10:00 CST 1 Payment
sleepiness-50 Sun Jan 09 09:23:00 CST 1 Working
income+10 Sun Jan 09 09:23:00 CST 1 New Income
savings+10 Sun Jan 09 09:23:00 CST 1 Payment
sleepiness+100 Sun Jan 09 21:53:00 CST 1 Going home
sleepiness-50 Mon Jan 10 00:55:00 CST 1 Working
income+10 Mon Jan 10 00:55:00 CST 1 New Income
savings+10 Mon Jan 10 00:55:00 CST 1 Payment
sleepiness-50 Mon Jan 10 01:02:00 CST 1 Working
income+10 Mon Jan 10 01:02:00 CST 1 New Income
savings+10 Mon Jan 10 01:02:00 CST 1 Payment
sleepiness+100 Mon Jan 10 04:04:00 CST 1 Going home
sleepiness-50 Mon Jan 10 07:14:00 CST 1 Working
income+10 Mon Jan 10 07:14:00 CST 1 New Income
savings+10 Mon Jan 10 07:14:00 CST 1 Payment
sleepiness-50 Mon Jan 10 12:07:00 CST 1 Working
income+10 Mon Jan 10 12:07:00 CST 1 New Income
savings+10 Mon Jan 10 12:07:00 CST 1 Payment
sleepiness+100 Mon Jan 10 23:21:00 CST 1 Going home
sleepiness-50 Tue Jan 11 03:00:00 CST 1 Working
income+10 Tue Jan 11 03:00:00 CST 1 New Income
savings+10 Tue Jan 11 03:00:00 CST 1 Payment
sleepiness-50 Tue Jan 11 03:20:00 CST 1 Working
income+10 Tue Jan 11 03:20:00 CST 1 New Income
savings+10 Tue Jan 11 03:20:00 CST 1 Payment
sleepiness+100 Tue Jan 11 06:16:00 CST 1 Going home
sleepiness-50 Tue Jan 11 08:29:00 CST 1 Working
income+10 Tue Jan 11 08:29:00 CST 1 New Income
savings+10 Tue Jan 11 08:29:00 CST 1 Payment
sleepiness-50 Tue Jan 11 08:49:00 CST 1 Working
income+10 Tue Jan 11 08:49:00 CST 1 New Income
savings+10 Tue Jan 11 08:49:00 CST 1 Payment
sleepiness+100 Tue Jan 11 22:28:00 CST 1 Going home
sleepiness-50 Tue Jan 11 23:55:00 CST 1 Working
income+10 Tue Jan 11 23:55:00 CST 1 New Income
savings+10 Tue Jan 11 23:55:00 CST 1 Payment
sleepiness-50 Wed Jan 12 00:32:00 CST 1 Working
income+10 Wed Jan 12 00:32:00 CST 1 New Income
savings+10 Wed Jan 12 00:32:00 CST 1 Payment
sleepiness+100 Wed Jan 12 01:14:00 CST 1 Going home
sleepiness-50 Wed Jan 12 04:29:00 CST 1 Working
income+10 Wed Jan 12 04:29:00 CST 1 New Income
savings+10 Wed Jan 12 04:29:00 CST 1 Payment
sleepiness-50 Wed Jan 12 06:07:00 CST 1 Working
income+10 Wed Jan 12 06:07:00 CST 1 New Income
savings+10 Wed Jan 12 06:07:00 CST 1 Payment
sleepiness+100 Wed Jan 12 09:41:00 CST 1 Going home
sleepiness-50 Wed Jan 12 12:25:00 CST 1 Working
income+10 Wed Jan 12 12:25:00 CST 1 New Income
savings+10 Wed Jan 12 12:25:00 CST 1 Payment
sleepiness-50 Wed Jan 12 18:15:00 CST 1 Working
income+10 Wed Jan 12 18:15:00 CST 1 New Income
savings+10 Wed Jan 12 18:15:00 CST 1 Payment
sleepiness+100 Thu Jan 13 00:21:00 CST 1 Going home
sleepiness-50 Thu Jan 13 01:02:00 CST 1 Working
income+10 Thu Jan 13 01:02:00 CST 1 New Income
savings+10 Thu Jan 13 01:02:00 CST 1 Payment
sleepiness-50 Thu Jan 13 03:52:00 CST 1 Working
income+10 Thu Jan 13 03:52:00 CST 1 New Income
savings+10 Thu Jan 13 03:52:00 CST 1 Payment
sleepiness+100 Thu Jan 13 06:27:00 CST 1 Going home
sleepiness-50 Thu Jan 13 08:09:00 CST 1 Working
income+10 Thu Jan 13 08:09:00 CST 1 New Income
savings+10 Thu Jan 13 08:09:00 CST 1 Payment
sleepiness-50 Thu Jan 13 08:35:00 CST 1 Working
income+10 Thu Jan 13 08:35:00 CST 1 New Income
savings+10 Thu Jan 13 08:35:00 CST 1 Payment
sleepiness+100 Thu Jan 13 21:54:00 CST 1 Going home
sleepiness-50 Fri Jan 14 00:09:00 CST 1 Working
income+10 Fri Jan 14 00:09:00 CST 1 New Income
savings+10 Fri Jan 14 00:09:00 CST 1 Payment
sleepiness-50 Fri Jan 14 01:31:00 CST 1 Working
income+10 Fri Jan 14 01:31:00 CST 1 New Income
savings+10 Fri Jan 14 01:31:00 CST 1 Payment
sleepiness+100 Fri Jan 14 03:51:00 CST 1 Going home
sleepiness-50 Fri Jan 14 06:29:00 CST 1 Working
income+10 Fri Jan 14 06:29:00 CST 1 New Income
savings+10 Fri Jan 14 06:29:00 CST 1 Payment
sleepiness-50 Fri Jan 14 08:23:00 CST 1 Working
income+10 Fri Jan 14 08:23:00 CST 1 New Income
savings+10 Fri Jan 14 08:23:00 CST 1 Payment
sleepiness+100 Fri Jan 14 21:57:00 CST 1 Going home
sleepiness-50 Sat Jan 15 00:12:00 CST 1 Working
income+10 Sat Jan 15 00:12:00 CST 1 New Income
savings+10 Sat Jan 15 00:12:00 CST 1 Payment
sleepiness-50 Sat Jan 15 03:22:00 CST 1 Working
income+10 Sat Jan 15 03:22:00 CST 1 New Income
savings+10 Sat Jan 15 03:22:00 CST 1 Payment
sleepiness+100 Sat Jan 15 06:48:00 CST 1 Going home
sleepiness-50 Sat Jan 15 09:36:00 CST 1 Working
income+10 Sat Jan 15 09:36:00 CST 1 New Income
savings+10 Sat Jan 15 09:36:00 CST 1 Payment
