age+0 Sat Jan 01 01:31:00 CST 1 creation
sleepiness-50 Sat Jan 01 01:33:00 CST 1 Working
income+10 Sat Jan 01 01:33:00 CST 1 New Income
debt-10 Sat Jan 01 01:33:00 CST 1 Payment
sleepiness-50 Sat Jan 01 02:22:00 CST 1 Working
income+10 Sat Jan 01 02:22:00 CST 1 New Income
debt-10 Sat Jan 01 02:22:00 CST 1 Payment
sleepiness+100 Sat Jan 01 06:34:00 CST 1 Going home
sleepiness-50 Sat Jan 01 07:33:00 CST 1 Working
income+10 Sat Jan 01 07:33:00 CST 1 New Income
debt-10 Sat Jan 01 07:33:00 CST 1 Payment
sleepiness-50 Sat Jan 01 07:46:00 CST 1 Working
income+10 Sat Jan 01 07:46:00 CST 1 New Income
debt-10 Sat Jan 01 07:46:00 CST 1 Payment
sleepiness+100 Sat Jan 01 07:58:00 CST 1 Going home
sleepiness-50 Sat Jan 01 08:34:00 CST 1 Working
income+10 Sat Jan 01 08:34:00 CST 1 New Income
debt-10 Sat Jan 01 08:34:00 CST 1 Payment
income+0 Sat Jan 01 09:22:00 CST 1 Bought a House
bills+0 Sat Jan 01 09:22:00 CST 1 Bought a House
taxes+0 Sat Jan 01 09:22:00 CST 1 Bought a House
savings+89 Sat Jan 01 09:22:00 CST 1 Bought a House
debt+11 Sat Jan 01 09:22:00 CST 1 Bought a House
sleepiness-50 Sat Jan 01 09:26:00 CST 1 Working
income+10 Sat Jan 01 09:26:00 CST 1 New Income
debt-10 Sat Jan 01 09:26:00 CST 1 Payment
companionship+10 Sat Jan 01 11:30:00 CST 1 Procreating
sleepiness-10 Sat Jan 01 11:30:00 CST 1 Procreating
thirst+90 Sun Jan 02 07:54:00 CST 1 Getting water
thirst+90 Sat Jan 08 13:44:00 CST 1 Getting water
sleepiness+100 Wed Jan 12 04:40:00 CST 1 Going home
sleepiness-50 Wed Jan 12 05:08:00 CST 1 Working
income+10 Wed Jan 12 05:08:00 CST 1 New Income
debt-10 Wed Jan 12 05:08:00 CST 1 Payment
sleepiness-50 Wed Jan 12 05:58:00 CST 1 Working
income+10 Wed Jan 12 05:58:00 CST 1 New Income
debt-10 Wed Jan 12 05:58:00 CST 1 Payment
sleepiness+100 Wed Jan 12 06:08:00 CST 1 Going home
sleepiness-50 Wed Jan 12 06:36:00 CST 1 Working
income+10 Wed Jan 12 06:36:00 CST 1 New Income
debt-10 Wed Jan 12 06:36:00 CST 1 Payment
sleepiness-50 Wed Jan 12 07:31:00 CST 1 Working
income+10 Wed Jan 12 07:31:00 CST 1 New Income
debt-10 Wed Jan 12 07:31:00 CST 1 Payment
sleepiness+100 Wed Jan 12 21:04:00 CST 1 Going home
sleepiness-50 Wed Jan 12 21:36:00 CST 1 Working
income+10 Wed Jan 12 21:36:00 CST 1 New Income
debt-10 Wed Jan 12 21:36:00 CST 1 Payment
sleepiness-50 Wed Jan 12 21:49:00 CST 1 Working
income+10 Wed Jan 12 21:49:00 CST 1 New Income
debt-10 Wed Jan 12 21:49:00 CST 1 Payment
sleepiness+100 Wed Jan 12 22:39:00 CST 1 Going home
sleepiness-50 Wed Jan 12 22:31:00 CST 1 Working
income+10 Wed Jan 12 22:31:00 CST 1 New Income
debt-10 Wed Jan 12 22:31:00 CST 1 Payment
sleepiness-50 Wed Jan 12 22:44:00 CST 1 Working
income+10 Wed Jan 12 22:44:00 CST 1 New Income
debt-10 Wed Jan 12 22:44:00 CST 1 Payment
sleepiness+100 Wed Jan 12 22:54:00 CST 1 Going home
sleepiness-50 Wed Jan 12 23:29:00 CST 1 Working
income+10 Wed Jan 12 23:29:00 CST 1 New Income
debt-10 Wed Jan 12 23:29:00 CST 1 Payment
sleepiness-50 Thu Jan 13 00:00:00 CST 1 Working
income+10 Thu Jan 13 00:00:00 CST 1 New Income
savings+10 Thu Jan 13 00:00:00 CST 1 Payment
sleepiness+100 Thu Jan 13 00:15:00 CST 1 Going home
sleepiness-50 Thu Jan 13 00:31:00 CST 1 Working
income+10 Thu Jan 13 00:31:00 CST 1 New Income
savings+10 Thu Jan 13 00:31:00 CST 1 Payment
sleepiness-50 Thu Jan 13 01:03:00 CST 1 Working
income+10 Thu Jan 13 01:03:00 CST 1 New Income
savings+10 Thu Jan 13 01:03:00 CST 1 Payment
sleepiness+100 Thu Jan 13 01:18:00 CST 1 Going home
sleepiness-50 Thu Jan 13 01:34:00 CST 1 Working
income+10 Thu Jan 13 01:34:00 CST 1 New Income
savings+10 Thu Jan 13 01:34:00 CST 1 Payment
sleepiness-50 Thu Jan 13 02:11:00 CST 1 Working
income+10 Thu Jan 13 02:11:00 CST 1 New Income
savings+10 Thu Jan 13 02:11:00 CST 1 Payment
sleepiness+100 Thu Jan 13 03:00:00 CST 1 Going home
sleepiness-50 Thu Jan 13 04:01:00 CST 1 Working
income+10 Thu Jan 13 04:01:00 CST 1 New Income
savings+10 Thu Jan 13 04:01:00 CST 1 Payment
sleepiness-50 Thu Jan 13 04:08:00 CST 1 Working
income+10 Thu Jan 13 04:08:00 CST 1 New Income
savings+10 Thu Jan 13 04:08:00 CST 1 Payment
sleepiness+100 Thu Jan 13 04:25:00 CST 1 Going home
sleepiness-50 Thu Jan 13 05:26:00 CST 1 Working
income+10 Thu Jan 13 05:26:00 CST 1 New Income
savings+10 Thu Jan 13 05:26:00 CST 1 Payment
sleepiness-50 Thu Jan 13 05:33:00 CST 1 Working
income+10 Thu Jan 13 05:33:00 CST 1 New Income
savings+10 Thu Jan 13 05:33:00 CST 1 Payment
sleepiness+100 Thu Jan 13 05:50:00 CST 1 Going home
sleepiness-50 Thu Jan 13 06:51:00 CST 1 Working
income+10 Thu Jan 13 06:51:00 CST 1 New Income
savings+10 Thu Jan 13 06:51:00 CST 1 Payment
sleepiness-50 Thu Jan 13 07:41:00 CST 1 Working
income+10 Thu Jan 13 07:41:00 CST 1 New Income
savings+10 Thu Jan 13 07:41:00 CST 1 Payment
sleepiness+100 Thu Jan 13 08:39:00 CST 1 Going home
sleepiness-50 Thu Jan 13 08:43:00 CST 1 Working
income+10 Thu Jan 13 08:43:00 CST 1 New Income
savings+10 Thu Jan 13 08:43:00 CST 1 Payment
sleepiness-50 Thu Jan 13 09:22:00 CST 1 Working
income+10 Thu Jan 13 09:22:00 CST 1 New Income
savings+10 Thu Jan 13 09:22:00 CST 1 Payment
sleepiness+100 Thu Jan 13 21:12:00 CST 1 Going home
sleepiness-50 Thu Jan 13 21:57:00 CST 1 Working
income+10 Thu Jan 13 21:57:00 CST 1 New Income
savings+10 Thu Jan 13 21:57:00 CST 1 Payment
sleepiness-50 Thu Jan 13 22:50:00 CST 1 Working
income+10 Thu Jan 13 22:50:00 CST 1 New Income
savings+10 Thu Jan 13 22:50:00 CST 1 Payment
sleepiness+100 Thu Jan 13 23:51:00 CST 1 Going home
sleepiness-50 Fri Jan 14 00:52:00 CST 1 Working
income+10 Fri Jan 14 00:52:00 CST 1 New Income
savings+10 Fri Jan 14 00:52:00 CST 1 Payment
sleepiness-50 Fri Jan 14 01:39:00 CST 1 Working
income+10 Fri Jan 14 01:39:00 CST 1 New Income
savings+10 Fri Jan 14 01:39:00 CST 1 Payment
sleepiness+100 Fri Jan 14 01:21:00 CST 1 Going home
sleepiness-50 Fri Jan 14 01:48:00 CST 1 Working
income+10 Fri Jan 14 01:48:00 CST 1 New Income
savings+10 Fri Jan 14 01:48:00 CST 1 Payment
sleepiness-50 Fri Jan 14 01:55:00 CST 1 Working
income+10 Fri Jan 14 01:55:00 CST 1 New Income
savings+10 Fri Jan 14 01:55:00 CST 1 Payment
sleepiness+100 Fri Jan 14 02:17:00 CST 1 Going home
sleepiness-50 Fri Jan 14 02:37:00 CST 1 Working
income+10 Fri Jan 14 02:37:00 CST 1 New Income
savings+10 Fri Jan 14 02:37:00 CST 1 Payment
sleepiness-50 Fri Jan 14 02:50:00 CST 1 Working
income+10 Fri Jan 14 02:50:00 CST 1 New Income
savings+10 Fri Jan 14 02:50:00 CST 1 Payment
sleepiness+100 Fri Jan 14 03:12:00 CST 1 Going home
sleepiness-50 Fri Jan 14 04:14:00 CST 1 Working
income+10 Fri Jan 14 04:14:00 CST 1 New Income
savings+10 Fri Jan 14 04:14:00 CST 1 Payment
sleepiness-50 Fri Jan 14 04:21:00 CST 1 Working
income+10 Fri Jan 14 04:21:00 CST 1 New Income
savings+10 Fri Jan 14 04:21:00 CST 1 Payment
sleepiness+100 Fri Jan 14 04:42:00 CST 1 Going home
sleepiness-50 Fri Jan 14 05:25:00 CST 1 Working
income+10 Fri Jan 14 05:25:00 CST 1 New Income
savings+10 Fri Jan 14 05:25:00 CST 1 Payment
sleepiness-50 Fri Jan 14 05:32:00 CST 1 Working
income+10 Fri Jan 14 05:32:00 CST 1 New Income
savings+10 Fri Jan 14 05:32:00 CST 1 Payment
sleepiness+100 Fri Jan 14 05:52:00 CST 1 Going home
sleepiness-50 Fri Jan 14 06:51:00 CST 1 Working
income+10 Fri Jan 14 06:51:00 CST 1 New Income
savings+10 Fri Jan 14 06:51:00 CST 1 Payment
sleepiness-50 Fri Jan 14 07:38:00 CST 1 Working
income+10 Fri Jan 14 07:38:00 CST 1 New Income
savings+10 Fri Jan 14 07:38:00 CST 1 Payment
sleepiness+100 Fri Jan 14 21:15:00 CST 1 Going home
sleepiness-50 Fri Jan 14 22:15:00 CST 1 Working
income+10 Fri Jan 14 22:15:00 CST 1 New Income
savings+10 Fri Jan 14 22:15:00 CST 1 Payment
sleepiness-50 Fri Jan 14 22:35:00 CST 1 Working
income+10 Fri Jan 14 22:35:00 CST 1 New Income
savings+10 Fri Jan 14 22:35:00 CST 1 Payment
sleepiness+100 Fri Jan 14 23:37:00 CST 1 Going home
sleepiness-50 Sat Jan 15 00:24:00 CST 1 Working
income+10 Sat Jan 15 00:24:00 CST 1 New Income
savings+10 Sat Jan 15 00:24:00 CST 1 Payment
sleepiness-50 Sat Jan 15 00:44:00 CST 1 Working
income+10 Sat Jan 15 00:44:00 CST 1 New Income
savings+10 Sat Jan 15 00:44:00 CST 1 Payment
sleepiness+100 Sat Jan 15 01:46:00 CST 1 Going home
sleepiness-50 Sat Jan 15 02:29:00 CST 1 Working
income+10 Sat Jan 15 02:29:00 CST 1 New Income
savings+10 Sat Jan 15 02:29:00 CST 1 Payment
sleepiness-50 Sat Jan 15 03:17:00 CST 1 Working
income+10 Sat Jan 15 03:17:00 CST 1 New Income
savings+10 Sat Jan 15 03:17:00 CST 1 Payment
sleepiness+100 Sat Jan 15 04:19:00 CST 1 Going home
