age+0 Tue Jan 11 09:30:00 CST 1 creation
sleepiness-50 Tue Jan 11 09:33:00 CST 1 Working
income+10 Tue Jan 11 09:33:00 CST 1 New Income
debt-10 Tue Jan 11 09:33:00 CST 1 Payment
sleepiness-50 Tue Jan 11 09:46:00 CST 1 Working
income+10 Tue Jan 11 09:46:00 CST 1 New Income
savings+10 Tue Jan 11 09:46:00 CST 1 Payment
sleepiness+100 Thu Jan 13 01:03:00 CST 1 Going home
sleepiness-50 Thu Jan 13 01:44:00 CST 1 Working
income+10 Thu Jan 13 01:44:00 CST 1 New Income
savings+10 Thu Jan 13 01:44:00 CST 1 Payment
sleepiness-50 Thu Jan 13 02:34:00 CST 1 Working
income+10 Thu Jan 13 02:34:00 CST 1 New Income
savings+10 Thu Jan 13 02:34:00 CST 1 Payment
sleepiness+100 Thu Jan 13 02:56:00 CST 1 Going home
sleepiness-50 Thu Jan 13 03:37:00 CST 1 Working
income+10 Thu Jan 13 03:37:00 CST 1 New Income
savings+10 Thu Jan 13 03:37:00 CST 1 Payment
sleepiness-50 Thu Jan 13 04:27:00 CST 1 Working
income+10 Thu Jan 13 04:27:00 CST 1 New Income
savings+10 Thu Jan 13 04:27:00 CST 1 Payment
sleepiness+100 Thu Jan 13 04:49:00 CST 1 Going home
sleepiness-50 Thu Jan 13 05:24:00 CST 1 Working
income+10 Thu Jan 13 05:24:00 CST 1 New Income
savings+10 Thu Jan 13 05:24:00 CST 1 Payment
sleepiness-50 Thu Jan 13 06:14:00 CST 1 Working
income+10 Thu Jan 13 06:14:00 CST 1 New Income
savings+10 Thu Jan 13 06:14:00 CST 1 Payment
sleepiness+100 Thu Jan 13 06:36:00 CST 1 Going home
sleepiness-50 Thu Jan 13 07:39:00 CST 1 Working
income+10 Thu Jan 13 07:39:00 CST 1 New Income
savings+10 Thu Jan 13 07:39:00 CST 1 Payment
sleepiness-50 Thu Jan 13 07:31:00 CST 1 Working
income+10 Thu Jan 13 07:31:00 CST 1 New Income
savings+10 Thu Jan 13 07:31:00 CST 1 Payment
sleepiness+100 Thu Jan 13 07:55:00 CST 1 Going home
sleepiness-50 Thu Jan 13 08:20:00 CST 1 Working
income+10 Thu Jan 13 08:20:00 CST 1 New Income
savings+10 Thu Jan 13 08:20:00 CST 1 Payment
sleepiness-50 Thu Jan 13 08:33:00 CST 1 Working
income+10 Thu Jan 13 08:33:00 CST 1 New Income
savings+10 Thu Jan 13 08:33:00 CST 1 Payment
sleepiness+100 Thu Jan 13 21:16:00 CST 1 Going home
sleepiness-50 Thu Jan 13 22:24:00 CST 1 Working
income+10 Thu Jan 13 22:24:00 CST 1 New Income
savings+10 Thu Jan 13 22:24:00 CST 1 Payment
sleepiness-50 Thu Jan 13 22:37:00 CST 1 Working
income+10 Thu Jan 13 22:37:00 CST 1 New Income
savings+10 Thu Jan 13 22:37:00 CST 1 Payment
sleepiness+100 Thu Jan 13 23:39:00 CST 1 Going home
sleepiness-50 Fri Jan 14 00:05:00 CST 1 Working
income+10 Fri Jan 14 00:05:00 CST 1 New Income
savings+10 Fri Jan 14 00:05:00 CST 1 Payment
sleepiness-50 Fri Jan 14 00:18:00 CST 1 Working
income+10 Fri Jan 14 00:18:00 CST 1 New Income
savings+10 Fri Jan 14 00:18:00 CST 1 Payment
sleepiness+100 Fri Jan 14 00:40:00 CST 1 Going home
sleepiness-50 Fri Jan 14 01:48:00 CST 1 Working
income+10 Fri Jan 14 01:48:00 CST 1 New Income
savings+10 Fri Jan 14 01:48:00 CST 1 Payment
sleepiness-50 Fri Jan 14 02:14:00 CST 1 Working
income+10 Fri Jan 14 02:14:00 CST 1 New Income
savings+10 Fri Jan 14 02:14:00 CST 1 Payment
sleepiness+100 Fri Jan 14 03:17:00 CST 1 Going home
sleepiness-50 Fri Jan 14 04:27:00 CST 1 Working
income+10 Fri Jan 14 04:27:00 CST 1 New Income
savings+10 Fri Jan 14 04:27:00 CST 1 Payment
sleepiness-50 Fri Jan 14 04:46:00 CST 1 Working
income+10 Fri Jan 14 04:46:00 CST 1 New Income
savings+10 Fri Jan 14 04:46:00 CST 1 Payment
sleepiness+100 Fri Jan 14 05:12:00 CST 1 Going home
sleepiness-50 Fri Jan 14 06:23:00 CST 1 Working
income+10 Fri Jan 14 06:23:00 CST 1 New Income
savings+10 Fri Jan 14 06:23:00 CST 1 Payment
sleepiness-50 Fri Jan 14 06:54:00 CST 1 Working
income+10 Fri Jan 14 06:54:00 CST 1 New Income
savings+10 Fri Jan 14 06:54:00 CST 1 Payment
sleepiness+100 Fri Jan 14 08:05:00 CST 1 Going home
sleepiness-50 Fri Jan 14 09:15:00 CST 1 Working
income+10 Fri Jan 14 09:15:00 CST 1 New Income
savings+10 Fri Jan 14 09:15:00 CST 1 Payment
sleepiness-50 Fri Jan 14 10:02:00 CST 1 Working
income+10 Fri Jan 14 10:02:00 CST 1 New Income
savings+10 Fri Jan 14 10:02:00 CST 1 Payment
sleepiness+100 Fri Jan 14 21:24:00 CST 1 Going home
sleepiness-50 Fri Jan 14 22:20:00 CST 1 Working
income+10 Fri Jan 14 22:20:00 CST 1 New Income
savings+10 Fri Jan 14 22:20:00 CST 1 Payment
sleepiness-50 Fri Jan 14 22:33:00 CST 1 Working
income+10 Fri Jan 14 22:33:00 CST 1 New Income
savings+10 Fri Jan 14 22:33:00 CST 1 Payment
sleepiness+100 Fri Jan 14 23:03:00 CST 1 Going home
sleepiness-50 Sat Jan 15 00:05:00 CST 1 Working
income+10 Sat Jan 15 00:05:00 CST 1 New Income
savings+10 Sat Jan 15 00:05:00 CST 1 Payment
sleepiness-50 Sat Jan 15 00:29:00 CST 1 Working
income+10 Sat Jan 15 00:29:00 CST 1 New Income
savings+10 Sat Jan 15 00:29:00 CST 1 Payment
trust+10 Sat Jan 15 03:26:00 CST 1 Voting
