age+0 Sat Jan 01 01:31:00 CST 1 creation
sleepiness-50 Sat Jan 01 04:25:00 CST 1 Working
income+10 Sat Jan 01 04:25:00 CST 1 New Income
debt-10 Sat Jan 01 04:25:00 CST 1 Payment
sleepiness-50 Sat Jan 01 07:03:00 CST 1 Working
income+10 Sat Jan 01 07:03:00 CST 1 New Income
debt-10 Sat Jan 01 07:03:00 CST 1 Payment
income+0 Sat Jan 01 07:51:00 CST 1 Bought a House
bills+0 Sat Jan 01 07:51:00 CST 1 Bought a House
taxes+0 Sat Jan 01 07:51:00 CST 1 Bought a House
savings+38 Sat Jan 01 07:51:00 CST 1 Bought a House
debt+62 Sat Jan 01 07:51:00 CST 1 Bought a House
sleepiness+100 Sat Jan 01 09:40:00 CST 1 Going home
sleepiness-50 Sat Jan 01 11:31:00 CST 1 Working
income+10 Sat Jan 01 11:31:00 CST 1 New Income
debt-10 Sat Jan 01 11:31:00 CST 1 Payment
sleepiness-50 Sat Jan 01 12:57:00 CST 1 Working
income+10 Sat Jan 01 12:57:00 CST 1 New Income
debt-10 Sat Jan 01 12:57:00 CST 1 Payment
thirst+90 Thu Jan 06 13:07:00 CST 1 Getting water
sleepiness+100 Mon Jan 10 06:23:00 CST 1 Going home
sleepiness-50 Mon Jan 10 10:58:00 CST 1 Working
income+10 Mon Jan 10 10:58:00 CST 1 New Income
debt-10 Mon Jan 10 10:58:00 CST 1 Payment
sleepiness-50 Mon Jan 10 14:20:00 CST 1 Working
income+10 Mon Jan 10 14:20:00 CST 1 New Income
debt-10 Mon Jan 10 14:20:00 CST 1 Payment
sleepiness+100 Tue Jan 11 01:08:00 CST 1 Going home
sleepiness-50 Tue Jan 11 04:33:00 CST 1 Working
income+10 Tue Jan 11 04:33:00 CST 1 New Income
debt-10 Tue Jan 11 04:33:00 CST 1 Payment
sleepiness-50 Tue Jan 11 09:03:00 CST 1 Working
income+10 Tue Jan 11 09:03:00 CST 1 New Income
debt-10 Tue Jan 11 09:03:00 CST 1 Payment
sleepiness+100 Wed Jan 12 01:00:00 CST 1 Going home
sleepiness-50 Wed Jan 12 01:56:00 CST 1 Working
income+10 Wed Jan 12 01:56:00 CST 1 New Income
debt-10 Wed Jan 12 01:56:00 CST 1 Payment
sleepiness-50 Wed Jan 12 02:15:00 CST 1 Working
income+10 Wed Jan 12 02:15:00 CST 1 New Income
debt-10 Wed Jan 12 02:15:00 CST 1 Payment
sleepiness+100 Wed Jan 12 03:09:00 CST 1 Going home
sleepiness-50 Wed Jan 12 04:24:00 CST 1 Working
income+10 Wed Jan 12 04:24:00 CST 1 New Income
debt-10 Wed Jan 12 04:24:00 CST 1 Payment
sleepiness-50 Wed Jan 12 07:47:00 CST 1 Working
income+10 Wed Jan 12 07:47:00 CST 1 New Income
debt-10 Wed Jan 12 07:47:00 CST 1 Payment
thirst+90 Fri Jan 14 05:09:00 CST 1 Getting water
