age+0 Sun Jan 02 07:32:00 CST 1 creation
thirst+98 Sun Jan 02 07:40:00 CST 1 Getting water
sleepiness-50 Sun Jan 02 07:51:00 CST 1 Working
income+10 Sun Jan 02 07:51:00 CST 1 New Income
debt-10 Sun Jan 02 07:51:00 CST 1 Payment
sleepiness-50 Sun Jan 02 08:40:00 CST 1 Working
income+10 Sun Jan 02 08:40:00 CST 1 New Income
debt-10 Sun Jan 02 08:40:00 CST 1 Payment
thirst+90 Sat Jan 08 14:34:00 CST 1 Getting water
sleepiness+100 Wed Jan 12 23:15:00 CST 1 Going home
sleepiness-50 Thu Jan 13 00:04:00 CST 1 Working
income+10 Thu Jan 13 00:04:00 CST 1 New Income
debt-10 Thu Jan 13 00:04:00 CST 1 Payment
sleepiness-50 Thu Jan 13 00:54:00 CST 1 Working
income+10 Thu Jan 13 00:54:00 CST 1 New Income
debt-10 Thu Jan 13 00:54:00 CST 1 Payment
sleepiness+100 Thu Jan 13 01:03:00 CST 1 Going home
sleepiness-50 Thu Jan 13 01:45:00 CST 1 Working
income+10 Thu Jan 13 01:45:00 CST 1 New Income
debt-10 Thu Jan 13 01:45:00 CST 1 Payment
sleepiness-50 Thu Jan 13 02:34:00 CST 1 Working
income+10 Thu Jan 13 02:34:00 CST 1 New Income
debt-10 Thu Jan 13 02:34:00 CST 1 Payment
sleepiness+100 Thu Jan 13 02:43:00 CST 1 Going home
sleepiness-50 Thu Jan 13 03:36:00 CST 1 Working
income+10 Thu Jan 13 03:36:00 CST 1 New Income
debt-10 Thu Jan 13 03:36:00 CST 1 Payment
sleepiness-50 Thu Jan 13 04:25:00 CST 1 Working
income+10 Thu Jan 13 04:25:00 CST 1 New Income
debt-10 Thu Jan 13 04:25:00 CST 1 Payment
sleepiness+100 Thu Jan 13 04:34:00 CST 1 Going home
sleepiness-50 Thu Jan 13 05:15:00 CST 1 Working
income+10 Thu Jan 13 05:15:00 CST 1 New Income
debt-10 Thu Jan 13 05:15:00 CST 1 Payment
sleepiness-50 Thu Jan 13 06:05:00 CST 1 Working
income+10 Thu Jan 13 06:05:00 CST 1 New Income
savings+10 Thu Jan 13 06:05:00 CST 1 Payment
sleepiness+100 Thu Jan 13 06:14:00 CST 1 Going home
sleepiness-50 Thu Jan 13 07:06:00 CST 1 Working
income+10 Thu Jan 13 07:06:00 CST 1 New Income
savings+10 Thu Jan 13 07:06:00 CST 1 Payment
sleepiness-50 Thu Jan 13 07:56:00 CST 1 Working
income+10 Thu Jan 13 07:56:00 CST 1 New Income
savings+10 Thu Jan 13 07:56:00 CST 1 Payment
companionship+10 Thu Jan 13 13:34:00 CST 1 Procreating
sleepiness-10 Thu Jan 13 13:34:00 CST 1 Procreating
sleepiness+100 Fri Jan 14 02:30:00 CST 1 Going home
sleepiness-50 Fri Jan 14 03:00:00 CST 1 Working
income+10 Fri Jan 14 03:00:00 CST 1 New Income
savings+10 Fri Jan 14 03:00:00 CST 1 Payment
sleepiness-50 Fri Jan 14 03:50:00 CST 1 Working
income+10 Fri Jan 14 03:50:00 CST 1 New Income
savings+10 Fri Jan 14 03:50:00 CST 1 Payment
sleepiness+100 Fri Jan 14 04:02:00 CST 1 Going home
sleepiness-50 Fri Jan 14 04:54:00 CST 1 Working
income+10 Fri Jan 14 04:54:00 CST 1 New Income
savings+10 Fri Jan 14 04:54:00 CST 1 Payment
sleepiness-50 Fri Jan 14 05:50:00 CST 1 Working
income+10 Fri Jan 14 05:50:00 CST 1 New Income
savings+10 Fri Jan 14 05:50:00 CST 1 Payment
sleepiness+100 Fri Jan 14 06:14:00 CST 1 Going home
sleepiness-50 Fri Jan 14 07:12:00 CST 1 Working
income+10 Fri Jan 14 07:12:00 CST 1 New Income
savings+10 Fri Jan 14 07:12:00 CST 1 Payment
sleepiness-50 Fri Jan 14 07:38:00 CST 1 Working
income+10 Fri Jan 14 07:38:00 CST 1 New Income
savings+10 Fri Jan 14 07:38:00 CST 1 Payment
sleepiness+100 Fri Jan 14 07:56:00 CST 1 Going home
sleepiness-50 Fri Jan 14 08:11:00 CST 1 Working
income+10 Fri Jan 14 08:11:00 CST 1 New Income
savings+10 Fri Jan 14 08:11:00 CST 1 Payment
sleepiness-50 Fri Jan 14 08:37:00 CST 1 Working
income+10 Fri Jan 14 08:37:00 CST 1 New Income
savings+10 Fri Jan 14 08:37:00 CST 1 Payment
sleepiness+100 Fri Jan 14 21:11:00 CST 1 Going home
sleepiness-50 Fri Jan 14 21:51:00 CST 1 Working
income+10 Fri Jan 14 21:51:00 CST 1 New Income
savings+10 Fri Jan 14 21:51:00 CST 1 Payment
sleepiness-50 Fri Jan 14 22:04:00 CST 1 Working
income+10 Fri Jan 14 22:04:00 CST 1 New Income
savings+10 Fri Jan 14 22:04:00 CST 1 Payment
sleepiness+100 Fri Jan 14 22:21:00 CST 1 Going home
sleepiness-50 Fri Jan 14 23:17:00 CST 1 Working
income+10 Fri Jan 14 23:17:00 CST 1 New Income
savings+10 Fri Jan 14 23:17:00 CST 1 Payment
sleepiness-50 Sat Jan 15 00:02:00 CST 1 Working
income+10 Sat Jan 15 00:02:00 CST 1 New Income
savings+10 Sat Jan 15 00:02:00 CST 1 Payment
sleepiness+100 Sat Jan 15 00:19:00 CST 1 Going home
sleepiness-50 Sat Jan 15 00:58:00 CST 1 Working
income+10 Sat Jan 15 00:58:00 CST 1 New Income
savings+10 Sat Jan 15 00:58:00 CST 1 Payment
sleepiness-50 Sat Jan 15 01:48:00 CST 1 Working
income+10 Sat Jan 15 01:48:00 CST 1 New Income
savings+10 Sat Jan 15 01:48:00 CST 1 Payment
sleepiness+100 Sat Jan 15 02:45:00 CST 1 Going home
sleepiness-50 Sat Jan 15 03:03:00 CST 1 Working
income+10 Sat Jan 15 03:03:00 CST 1 New Income
savings+10 Sat Jan 15 03:03:00 CST 1 Payment
sleepiness-50 Sat Jan 15 03:50:00 CST 1 Working
income+10 Sat Jan 15 03:50:00 CST 1 New Income
savings+10 Sat Jan 15 03:50:00 CST 1 Payment
sleepiness+100 Sat Jan 15 04:17:00 CST 1 Going home
sleepiness-50 Sat Jan 15 05:11:00 CST 1 Working
income+10 Sat Jan 15 05:11:00 CST 1 New Income
savings+10 Sat Jan 15 05:11:00 CST 1 Payment
sleepiness-50 Sat Jan 15 05:26:00 CST 1 Working
income+10 Sat Jan 15 05:26:00 CST 1 New Income
savings+10 Sat Jan 15 05:26:00 CST 1 Payment
sleepiness+100 Sat Jan 15 06:18:00 CST 1 Going home
sleepiness-50 Sat Jan 15 07:13:00 CST 1 Working
income+10 Sat Jan 15 07:13:00 CST 1 New Income
savings+10 Sat Jan 15 07:13:00 CST 1 Payment
sleepiness-50 Sat Jan 15 07:31:00 CST 1 Working
income+10 Sat Jan 15 07:31:00 CST 1 New Income
savings+10 Sat Jan 15 07:31:00 CST 1 Payment
