age+0 Sat Jan 01 21:37:00 CST 1 creation
sleepiness-50 Sun Jan 02 00:24:00 CST 1 Working
income+10 Sun Jan 02 00:24:00 CST 1 New Income
debt-10 Sun Jan 02 00:24:00 CST 1 Payment
sleepiness-50 Sun Jan 02 02:45:00 CST 1 Working
income+10 Sun Jan 02 02:45:00 CST 1 New Income
debt-10 Sun Jan 02 02:45:00 CST 1 Payment
sleepiness+100 Sun Jan 02 05:23:00 CST 1 Going home
sleepiness-50 Sun Jan 02 09:11:00 CST 1 Working
income+10 Sun Jan 02 09:11:00 CST 1 New Income
debt-10 Sun Jan 02 09:11:00 CST 1 Payment
sleepiness-50 Sun Jan 02 13:56:00 CST 1 Working
income+10 Sun Jan 02 13:56:00 CST 1 New Income
debt-10 Sun Jan 02 13:56:00 CST 1 Payment
sleepiness+100 Mon Jan 03 00:53:00 CST 1 Going home
sleepiness-50 Mon Jan 03 04:39:00 CST 1 Working
income+10 Mon Jan 03 04:39:00 CST 1 New Income
debt-10 Mon Jan 03 04:39:00 CST 1 Payment
sleepiness-50 Mon Jan 03 05:07:00 CST 1 Working
income+10 Mon Jan 03 05:07:00 CST 1 New Income
debt-10 Mon Jan 03 05:07:00 CST 1 Payment
income+0 Mon Jan 03 05:26:00 CST 1 Bought a House
bills+0 Mon Jan 03 05:26:00 CST 1 Bought a House
taxes+0 Mon Jan 03 05:26:00 CST 1 Bought a House
savings+71 Mon Jan 03 05:26:00 CST 1 Bought a House
debt+29 Mon Jan 03 05:26:00 CST 1 Bought a House
sleepiness+100 Mon Jan 03 08:08:00 CST 1 Going home
sleepiness-50 Mon Jan 03 12:53:00 CST 1 Working
income+10 Mon Jan 03 12:53:00 CST 1 New Income
debt-10 Mon Jan 03 12:53:00 CST 1 Payment
sleepiness-50 Mon Jan 03 14:43:00 CST 1 Working
income+10 Mon Jan 03 14:43:00 CST 1 New Income
debt-10 Mon Jan 03 14:43:00 CST 1 Payment
thirst+90 Tue Jan 04 18:21:00 CST 1 Getting water
companionship+10 Wed Jan 05 03:19:00 CST 1 Procreating
sleepiness-10 Wed Jan 05 03:19:00 CST 1 Procreating
thirst+90 Tue Jan 11 03:46:00 CST 1 Getting water
