age+0 Sun Jan 02 03:50:00 CST 1 creation
thirst+90 Sun Jan 02 03:52:00 CST 1 Getting water
sleepiness-50 Sun Jan 02 03:57:00 CST 1 Working
income+10 Sun Jan 02 03:57:00 CST 1 New Income
debt-10 Sun Jan 02 03:57:00 CST 1 Payment
sleepiness-50 Sun Jan 02 04:04:00 CST 1 Working
income+10 Sun Jan 02 04:04:00 CST 1 New Income
debt-10 Sun Jan 02 04:04:00 CST 1 Payment
companionship+10 Sun Jan 02 09:32:00 CST 1 Procreating
sleepiness-10 Sun Jan 02 09:32:00 CST 1 Procreating
thirst+90 Sat Jan 08 15:48:00 CST 1 Getting water
sleepiness+100 Wed Jan 12 23:24:00 CST 1 Going home
sleepiness-50 Thu Jan 13 00:19:00 CST 1 Working
income+10 Thu Jan 13 00:19:00 CST 1 New Income
debt-10 Thu Jan 13 00:19:00 CST 1 Payment
sleepiness-50 Thu Jan 13 01:09:00 CST 1 Working
income+10 Thu Jan 13 01:09:00 CST 1 New Income
debt-10 Thu Jan 13 01:09:00 CST 1 Payment
sleepiness+100 Thu Jan 13 01:26:00 CST 1 Going home
sleepiness-50 Thu Jan 13 01:47:00 CST 1 Working
income+10 Thu Jan 13 01:47:00 CST 1 New Income
debt-10 Thu Jan 13 01:47:00 CST 1 Payment
sleepiness-50 Thu Jan 13 02:37:00 CST 1 Working
income+10 Thu Jan 13 02:37:00 CST 1 New Income
savings+10 Thu Jan 13 02:37:00 CST 1 Payment
sleepiness+100 Thu Jan 13 02:54:00 CST 1 Going home
sleepiness-50 Thu Jan 13 03:15:00 CST 1 Working
income+10 Thu Jan 13 03:15:00 CST 1 New Income
savings+10 Thu Jan 13 03:15:00 CST 1 Payment
sleepiness-50 Thu Jan 13 04:02:00 CST 1 Working
income+10 Thu Jan 13 04:02:00 CST 1 New Income
savings+10 Thu Jan 13 04:02:00 CST 1 Payment
sleepiness+100 Thu Jan 13 04:47:00 CST 1 Going home
sleepiness-50 Thu Jan 13 05:35:00 CST 1 Working
income+10 Thu Jan 13 05:35:00 CST 1 New Income
savings+10 Thu Jan 13 05:35:00 CST 1 Payment
sleepiness-50 Thu Jan 13 06:08:00 CST 1 Working
income+10 Thu Jan 13 06:08:00 CST 1 New Income
savings+10 Thu Jan 13 06:08:00 CST 1 Payment
sleepiness+100 Thu Jan 13 06:26:00 CST 1 Going home
sleepiness-50 Thu Jan 13 06:48:00 CST 1 Working
income+10 Thu Jan 13 06:48:00 CST 1 New Income
savings+10 Thu Jan 13 06:48:00 CST 1 Payment
sleepiness-50 Thu Jan 13 07:21:00 CST 1 Working
income+10 Thu Jan 13 07:21:00 CST 1 New Income
savings+10 Thu Jan 13 07:21:00 CST 1 Payment
sleepiness+100 Thu Jan 13 07:39:00 CST 1 Going home
sleepiness-50 Thu Jan 13 08:01:00 CST 1 Working
income+10 Thu Jan 13 08:01:00 CST 1 New Income
savings+10 Thu Jan 13 08:01:00 CST 1 Payment
sleepiness-50 Thu Jan 13 08:34:00 CST 1 Working
income+10 Thu Jan 13 08:34:00 CST 1 New Income
savings+10 Thu Jan 13 08:34:00 CST 1 Payment
sleepiness+100 Thu Jan 13 21:12:00 CST 1 Going home
sleepiness-50 Thu Jan 13 21:34:00 CST 1 Working
income+10 Thu Jan 13 21:34:00 CST 1 New Income
savings+10 Thu Jan 13 21:34:00 CST 1 Payment
sleepiness-50 Thu Jan 13 22:07:00 CST 1 Working
income+10 Thu Jan 13 22:07:00 CST 1 New Income
savings+10 Thu Jan 13 22:07:00 CST 1 Payment
sleepiness+100 Thu Jan 13 22:25:00 CST 1 Going home
sleepiness-50 Thu Jan 13 22:47:00 CST 1 Working
income+10 Thu Jan 13 22:47:00 CST 1 New Income
savings+10 Thu Jan 13 22:47:00 CST 1 Payment
sleepiness-50 Thu Jan 13 23:19:00 CST 1 Working
income+10 Thu Jan 13 23:19:00 CST 1 New Income
savings+10 Thu Jan 13 23:19:00 CST 1 Payment
sleepiness+100 Thu Jan 13 23:37:00 CST 1 Going home
sleepiness-50 Fri Jan 14 00:39:00 CST 1 Working
income+10 Fri Jan 14 00:39:00 CST 1 New Income
savings+10 Fri Jan 14 00:39:00 CST 1 Payment
sleepiness-50 Fri Jan 14 00:29:00 CST 1 Working
income+10 Fri Jan 14 00:29:00 CST 1 New Income
savings+10 Fri Jan 14 00:29:00 CST 1 Payment
sleepiness+100 Fri Jan 14 00:47:00 CST 1 Going home
sleepiness-50 Fri Jan 14 01:09:00 CST 1 Working
income+10 Fri Jan 14 01:09:00 CST 1 New Income
savings+10 Fri Jan 14 01:09:00 CST 1 Payment
sleepiness-50 Fri Jan 14 01:41:00 CST 1 Working
income+10 Fri Jan 14 01:41:00 CST 1 New Income
savings+10 Fri Jan 14 01:41:00 CST 1 Payment
sleepiness+100 Fri Jan 14 02:39:00 CST 1 Going home
sleepiness-50 Fri Jan 14 02:22:00 CST 1 Working
income+10 Fri Jan 14 02:22:00 CST 1 New Income
savings+10 Fri Jan 14 02:22:00 CST 1 Payment
sleepiness-50 Fri Jan 14 02:54:00 CST 1 Working
income+10 Fri Jan 14 02:54:00 CST 1 New Income
savings+10 Fri Jan 14 02:54:00 CST 1 Payment
sleepiness+100 Fri Jan 14 03:11:00 CST 1 Going home
sleepiness-50 Fri Jan 14 04:09:00 CST 1 Working
income+10 Fri Jan 14 04:09:00 CST 1 New Income
savings+10 Fri Jan 14 04:09:00 CST 1 Payment
sleepiness-50 Fri Jan 14 04:42:00 CST 1 Working
income+10 Fri Jan 14 04:42:00 CST 1 New Income
savings+10 Fri Jan 14 04:42:00 CST 1 Payment
sleepiness+100 Fri Jan 14 05:36:00 CST 1 Going home
sleepiness-50 Fri Jan 14 06:14:00 CST 1 Working
income+10 Fri Jan 14 06:14:00 CST 1 New Income
savings+10 Fri Jan 14 06:14:00 CST 1 Payment
sleepiness-50 Fri Jan 14 07:00:00 CST 1 Working
income+10 Fri Jan 14 07:00:00 CST 1 New Income
savings+10 Fri Jan 14 07:00:00 CST 1 Payment
sleepiness+100 Fri Jan 14 07:16:00 CST 1 Going home
sleepiness-50 Fri Jan 14 08:11:00 CST 1 Working
income+10 Fri Jan 14 08:11:00 CST 1 New Income
savings+10 Fri Jan 14 08:11:00 CST 1 Payment
sleepiness-50 Fri Jan 14 08:31:00 CST 1 Working
income+10 Fri Jan 14 08:31:00 CST 1 New Income
savings+10 Fri Jan 14 08:31:00 CST 1 Payment
sleepiness+100 Fri Jan 14 21:13:00 CST 1 Going home
sleepiness-50 Fri Jan 14 22:09:00 CST 1 Working
income+10 Fri Jan 14 22:09:00 CST 1 New Income
savings+10 Fri Jan 14 22:09:00 CST 1 Payment
sleepiness-50 Fri Jan 14 22:28:00 CST 1 Working
income+10 Fri Jan 14 22:28:00 CST 1 New Income
savings+10 Fri Jan 14 22:28:00 CST 1 Payment
sleepiness+100 Fri Jan 14 23:28:00 CST 1 Going home
sleepiness-50 Sun Jan 16 00:01:00 CST 1 Working
income+10 Sun Jan 16 00:01:00 CST 1 New Income
savings+10 Sun Jan 16 00:01:00 CST 1 Payment
sleepiness-50 Sat Jan 15 00:52:00 CST 1 Working
income+10 Sat Jan 15 00:52:00 CST 1 New Income
savings+10 Sat Jan 15 00:52:00 CST 1 Payment
trust+10 Sat Jan 15 03:10:00 CST 1 Voting
