age+0 Sat Jan 01 01:31:00 CST 1 creation
sleepiness-50 Sat Jan 01 02:07:00 CST 1 Working
income+10 Sat Jan 01 02:07:00 CST 1 New Income
debt-10 Sat Jan 01 02:07:00 CST 1 Payment
sleepiness-50 Sat Jan 01 04:16:00 CST 1 Working
income+10 Sat Jan 01 04:16:00 CST 1 New Income
debt-10 Sat Jan 01 04:16:00 CST 1 Payment
sleepiness+100 Sat Jan 01 06:25:00 CST 1 Going home
sleepiness-50 Sat Jan 01 09:57:00 CST 1 Working
income+10 Sat Jan 01 09:57:00 CST 1 New Income
debt-10 Sat Jan 01 09:57:00 CST 1 Payment
income+0 Sat Jan 01 10:29:00 CST 1 Bought a House
bills+0 Sat Jan 01 10:29:00 CST 1 Bought a House
taxes+0 Sat Jan 01 10:29:00 CST 1 Bought a House
savings+81 Sat Jan 01 10:29:00 CST 1 Bought a House
debt+19 Sat Jan 01 10:29:00 CST 1 Bought a House
sleepiness-50 Sat Jan 01 14:17:00 CST 1 Working
income+10 Sat Jan 01 14:17:00 CST 1 New Income
debt-10 Sat Jan 01 14:17:00 CST 1 Payment
companionship+10 Sat Jan 01 15:58:00 CST 1 Procreating
sleepiness-10 Sat Jan 01 15:58:00 CST 1 Procreating
thirst+90 Thu Jan 06 06:19:00 CST 1 Getting water
thirst+90 Wed Jan 12 12:09:00 CST 1 Getting water
sleepiness+100 Wed Jan 12 23:36:00 CST 1 Going home
sleepiness-50 Thu Jan 13 01:39:00 CST 1 Working
income+10 Thu Jan 13 01:39:00 CST 1 New Income
debt-10 Thu Jan 13 01:39:00 CST 1 Payment
sleepiness-50 Thu Jan 13 05:32:00 CST 1 Working
income+10 Thu Jan 13 05:32:00 CST 1 New Income
debt-10 Thu Jan 13 05:32:00 CST 1 Payment
sleepiness+100 Thu Jan 13 08:13:00 CST 1 Going home
sleepiness-50 Thu Jan 13 10:50:00 CST 1 Working
income+10 Thu Jan 13 10:50:00 CST 1 New Income
debt-10 Thu Jan 13 10:50:00 CST 1 Payment
sleepiness-50 Thu Jan 13 13:41:00 CST 1 Working
income+10 Thu Jan 13 13:41:00 CST 1 New Income
debt-10 Thu Jan 13 13:41:00 CST 1 Payment
sleepiness+100 Thu Jan 13 23:21:00 CST 1 Going home
sleepiness-50 Fri Jan 14 01:56:00 CST 1 Working
income+10 Fri Jan 14 01:56:00 CST 1 New Income
debt-10 Fri Jan 14 01:56:00 CST 1 Payment
sleepiness-50 Fri Jan 14 05:15:00 CST 1 Working
income+10 Fri Jan 14 05:15:00 CST 1 New Income
debt-10 Fri Jan 14 05:15:00 CST 1 Payment
sleepiness+100 Fri Jan 14 07:58:00 CST 1 Going home
sleepiness-50 Fri Jan 14 11:39:00 CST 1 Working
income+10 Fri Jan 14 11:39:00 CST 1 New Income
debt-10 Fri Jan 14 11:39:00 CST 1 Payment
sleepiness-50 Fri Jan 14 12:36:00 CST 1 Working
income+10 Fri Jan 14 12:36:00 CST 1 New Income
debt-10 Fri Jan 14 12:36:00 CST 1 Payment
sleepiness+100 Fri Jan 14 23:11:00 CST 1 Going home
sleepiness-50 Sat Jan 15 00:25:00 CST 1 Working
income+10 Sat Jan 15 00:25:00 CST 1 New Income
debt-10 Sat Jan 15 00:25:00 CST 1 Payment
sleepiness-50 Sat Jan 15 03:05:00 CST 1 Working
income+10 Sat Jan 15 03:05:00 CST 1 New Income
savings+10 Sat Jan 15 03:05:00 CST 1 Payment
