age+0 Sat Jan 01 14:21:00 CST 1 creation
sleepiness-50 Sat Jan 01 14:26:00 CST 1 Working
income+10 Sat Jan 01 14:26:00 CST 1 New Income
debt-10 Sat Jan 01 14:26:00 CST 1 Payment
sleepiness-50 Sat Jan 01 15:15:00 CST 1 Working
income+10 Sat Jan 01 15:15:00 CST 1 New Income
debt-10 Sat Jan 01 15:15:00 CST 1 Payment
companionship+10 Sun Jan 02 04:13:00 CST 1 Procreating
sleepiness-10 Sun Jan 02 04:13:00 CST 1 Procreating
thirst+90 Fri Jan 07 10:55:00 CST 1 Getting water
sleepiness+100 Wed Jan 12 23:24:00 CST 1 Going home
sleepiness-50 Thu Jan 13 00:15:00 CST 1 Working
income+10 Thu Jan 13 00:15:00 CST 1 New Income
debt-10 Thu Jan 13 00:15:00 CST 1 Payment
sleepiness-50 Thu Jan 13 01:04:00 CST 1 Working
income+10 Thu Jan 13 01:04:00 CST 1 New Income
debt-10 Thu Jan 13 01:04:00 CST 1 Payment
sleepiness+100 Thu Jan 13 01:15:00 CST 1 Going home
sleepiness-50 Thu Jan 13 01:58:00 CST 1 Working
income+10 Thu Jan 13 01:58:00 CST 1 New Income
savings+10 Thu Jan 13 01:58:00 CST 1 Payment
sleepiness-50 Thu Jan 13 02:31:00 CST 1 Working
income+10 Thu Jan 13 02:31:00 CST 1 New Income
savings+10 Thu Jan 13 02:31:00 CST 1 Payment
sleepiness+100 Thu Jan 13 02:40:00 CST 1 Going home
sleepiness-50 Thu Jan 13 03:16:00 CST 1 Working
income+10 Thu Jan 13 03:16:00 CST 1 New Income
savings+10 Thu Jan 13 03:16:00 CST 1 Payment
sleepiness-50 Thu Jan 13 03:49:00 CST 1 Working
income+10 Thu Jan 13 03:49:00 CST 1 New Income
savings+10 Thu Jan 13 03:49:00 CST 1 Payment
sleepiness+100 Thu Jan 13 03:58:00 CST 1 Going home
sleepiness-50 Thu Jan 13 04:35:00 CST 1 Working
income+10 Thu Jan 13 04:35:00 CST 1 New Income
savings+10 Thu Jan 13 04:35:00 CST 1 Payment
sleepiness-50 Thu Jan 13 05:07:00 CST 1 Working
income+10 Thu Jan 13 05:07:00 CST 1 New Income
savings+10 Thu Jan 13 05:07:00 CST 1 Payment
sleepiness+100 Thu Jan 13 05:16:00 CST 1 Going home
sleepiness-50 Thu Jan 13 05:53:00 CST 1 Working
income+10 Thu Jan 13 05:53:00 CST 1 New Income
savings+10 Thu Jan 13 05:53:00 CST 1 Payment
sleepiness-50 Thu Jan 13 06:33:00 CST 1 Working
income+10 Thu Jan 13 06:33:00 CST 1 New Income
savings+10 Thu Jan 13 06:33:00 CST 1 Payment
sleepiness+100 Thu Jan 13 07:29:00 CST 1 Going home
sleepiness-50 Thu Jan 13 07:53:00 CST 1 Working
income+10 Thu Jan 13 07:53:00 CST 1 New Income
savings+10 Thu Jan 13 07:53:00 CST 1 Payment
sleepiness-50 Thu Jan 13 08:53:00 CST 1 Working
income+10 Thu Jan 13 08:53:00 CST 1 New Income
savings+10 Thu Jan 13 08:53:00 CST 1 Payment
sleepiness+100 Thu Jan 13 21:15:00 CST 1 Going home
sleepiness-50 Thu Jan 13 22:05:00 CST 1 Working
income+10 Thu Jan 13 22:05:00 CST 1 New Income
savings+10 Thu Jan 13 22:05:00 CST 1 Payment
sleepiness-50 Thu Jan 13 22:31:00 CST 1 Working
income+10 Thu Jan 13 22:31:00 CST 1 New Income
savings+10 Thu Jan 13 22:31:00 CST 1 Payment
sleepiness+100 Thu Jan 13 22:51:00 CST 1 Going home
sleepiness-50 Thu Jan 13 23:29:00 CST 1 Working
income+10 Thu Jan 13 23:29:00 CST 1 New Income
savings+10 Thu Jan 13 23:29:00 CST 1 Payment
sleepiness-50 Thu Jan 13 23:55:00 CST 1 Working
income+10 Thu Jan 13 23:55:00 CST 1 New Income
savings+10 Thu Jan 13 23:55:00 CST 1 Payment
sleepiness+100 Fri Jan 14 00:13:00 CST 1 Going home
sleepiness-50 Fri Jan 14 00:51:00 CST 1 Working
income+10 Fri Jan 14 00:51:00 CST 1 New Income
savings+10 Fri Jan 14 00:51:00 CST 1 Payment
sleepiness-50 Fri Jan 14 01:17:00 CST 1 Working
income+10 Fri Jan 14 01:17:00 CST 1 New Income
savings+10 Fri Jan 14 01:17:00 CST 1 Payment
sleepiness+100 Fri Jan 14 01:37:00 CST 1 Going home
sleepiness-50 Fri Jan 14 02:15:00 CST 1 Working
income+10 Fri Jan 14 02:15:00 CST 1 New Income
savings+10 Fri Jan 14 02:15:00 CST 1 Payment
sleepiness-50 Fri Jan 14 02:50:00 CST 1 Working
income+10 Fri Jan 14 02:50:00 CST 1 New Income
savings+10 Fri Jan 14 02:50:00 CST 1 Payment
sleepiness+100 Fri Jan 14 03:15:00 CST 1 Going home
sleepiness-50 Fri Jan 14 04:19:00 CST 1 Working
income+10 Fri Jan 14 04:19:00 CST 1 New Income
savings+10 Fri Jan 14 04:19:00 CST 1 Payment
sleepiness-50 Fri Jan 14 04:45:00 CST 1 Working
income+10 Fri Jan 14 04:45:00 CST 1 New Income
savings+10 Fri Jan 14 04:45:00 CST 1 Payment
sleepiness+100 Fri Jan 14 05:05:00 CST 1 Going home
sleepiness-50 Fri Jan 14 05:46:00 CST 1 Working
income+10 Fri Jan 14 05:46:00 CST 1 New Income
savings+10 Fri Jan 14 05:46:00 CST 1 Payment
sleepiness-50 Fri Jan 14 06:39:00 CST 1 Working
income+10 Fri Jan 14 06:39:00 CST 1 New Income
savings+10 Fri Jan 14 06:39:00 CST 1 Payment
sleepiness+100 Fri Jan 14 06:19:00 CST 1 Going home
sleepiness-50 Fri Jan 14 06:40:00 CST 1 Working
income+10 Fri Jan 14 06:40:00 CST 1 New Income
savings+10 Fri Jan 14 06:40:00 CST 1 Payment
sleepiness-50 Fri Jan 14 07:10:00 CST 1 Working
income+10 Fri Jan 14 07:10:00 CST 1 New Income
savings+10 Fri Jan 14 07:10:00 CST 1 Payment
sleepiness+100 Fri Jan 14 08:09:00 CST 1 Going home
sleepiness-50 Fri Jan 14 09:08:00 CST 1 Working
income+10 Fri Jan 14 09:08:00 CST 1 New Income
savings+10 Fri Jan 14 09:08:00 CST 1 Payment
sleepiness-50 Fri Jan 14 09:24:00 CST 1 Working
income+10 Fri Jan 14 09:24:00 CST 1 New Income
savings+10 Fri Jan 14 09:24:00 CST 1 Payment
thirst+90 Fri Jan 14 17:58:00 CST 1 Getting water
sleepiness+100 Fri Jan 14 21:37:00 CST 1 Going home
sleepiness-50 Fri Jan 14 22:28:00 CST 1 Working
income+10 Fri Jan 14 22:28:00 CST 1 New Income
savings+10 Fri Jan 14 22:28:00 CST 1 Payment
sleepiness-50 Fri Jan 14 22:41:00 CST 1 Working
income+10 Fri Jan 14 22:41:00 CST 1 New Income
savings+10 Fri Jan 14 22:41:00 CST 1 Payment
sleepiness+100 Fri Jan 14 23:43:00 CST 1 Going home
sleepiness-50 Sat Jan 15 00:42:00 CST 1 Working
income+10 Sat Jan 15 00:42:00 CST 1 New Income
savings+10 Sat Jan 15 00:42:00 CST 1 Payment
sleepiness-50 Sat Jan 15 00:57:00 CST 1 Working
income+10 Sat Jan 15 00:57:00 CST 1 New Income
savings+10 Sat Jan 15 00:57:00 CST 1 Payment
sleepiness+100 Sat Jan 15 02:39:00 CST 1 Going home
sleepiness-50 Sat Jan 15 03:04:00 CST 1 Working
income+10 Sat Jan 15 03:04:00 CST 1 New Income
savings+10 Sat Jan 15 03:04:00 CST 1 Payment
sleepiness-50 Sat Jan 15 03:29:00 CST 1 Working
income+10 Sat Jan 15 03:29:00 CST 1 New Income
savings+10 Sat Jan 15 03:29:00 CST 1 Payment
sleepiness+100 Sat Jan 15 03:53:00 CST 1 Going home
