age+0 Sat Jan 01 11:16:00 CST 1 creation
sleepiness-50 Sat Jan 01 11:17:00 CST 1 Working
income+10 Sat Jan 01 11:17:00 CST 1 New Income
debt-10 Sat Jan 01 11:17:00 CST 1 Payment
sleepiness-50 Sat Jan 01 11:58:00 CST 1 Working
income+10 Sat Jan 01 11:58:00 CST 1 New Income
debt-10 Sat Jan 01 11:58:00 CST 1 Payment
sleepiness+100 Sun Jan 02 01:39:00 CST 1 Going home
sleepiness-50 Sun Jan 02 01:51:00 CST 1 Working
income+10 Sun Jan 02 01:51:00 CST 1 New Income
debt-10 Sun Jan 02 01:51:00 CST 1 Payment
income+0 Sun Jan 02 02:29:00 CST 1 Bought a House
bills+0 Sun Jan 02 02:29:00 CST 1 Bought a House
taxes+0 Sun Jan 02 02:29:00 CST 1 Bought a House
savings+60 Sun Jan 02 02:29:00 CST 1 Bought a House
debt+40 Sun Jan 02 02:29:00 CST 1 Bought a House
sleepiness-50 Sun Jan 02 02:30:00 CST 1 Working
income+10 Sun Jan 02 02:30:00 CST 1 New Income
debt-10 Sun Jan 02 02:30:00 CST 1 Payment
companionship+10 Sun Jan 02 06:52:00 CST 1 Procreating
sleepiness-10 Sun Jan 02 06:52:00 CST 1 Procreating
thirst+90 Wed Jan 05 23:26:00 CST 1 Getting water
thirst+90 Wed Jan 12 05:21:00 CST 1 Getting water
sleepiness+100 Thu Jan 13 02:16:00 CST 1 Going home
sleepiness-50 Thu Jan 13 02:45:00 CST 1 Working
income+10 Thu Jan 13 02:45:00 CST 1 New Income
debt-10 Thu Jan 13 02:45:00 CST 1 Payment
sleepiness-50 Thu Jan 13 03:34:00 CST 1 Working
income+10 Thu Jan 13 03:34:00 CST 1 New Income
debt-10 Thu Jan 13 03:34:00 CST 1 Payment
sleepiness+100 Thu Jan 13 03:43:00 CST 1 Going home
sleepiness-50 Thu Jan 13 04:24:00 CST 1 Working
income+10 Thu Jan 13 04:24:00 CST 1 New Income
debt-10 Thu Jan 13 04:24:00 CST 1 Payment
sleepiness-50 Thu Jan 13 05:14:00 CST 1 Working
income+10 Thu Jan 13 05:14:00 CST 1 New Income
debt-10 Thu Jan 13 05:14:00 CST 1 Payment
sleepiness+100 Thu Jan 13 05:23:00 CST 1 Going home
sleepiness-50 Thu Jan 13 06:15:00 CST 1 Working
income+10 Thu Jan 13 06:15:00 CST 1 New Income
debt-10 Thu Jan 13 06:15:00 CST 1 Payment
sleepiness-50 Thu Jan 13 07:05:00 CST 1 Working
income+10 Thu Jan 13 07:05:00 CST 1 New Income
debt-10 Thu Jan 13 07:05:00 CST 1 Payment
sleepiness+100 Thu Jan 13 07:14:00 CST 1 Going home
sleepiness-50 Thu Jan 13 08:06:00 CST 1 Working
income+10 Thu Jan 13 08:06:00 CST 1 New Income
debt-10 Thu Jan 13 08:06:00 CST 1 Payment
sleepiness-50 Thu Jan 13 08:56:00 CST 1 Working
income+10 Thu Jan 13 08:56:00 CST 1 New Income
debt-10 Thu Jan 13 08:56:00 CST 1 Payment
sleepiness+100 Thu Jan 13 21:03:00 CST 1 Going home
sleepiness-50 Thu Jan 13 21:56:00 CST 1 Working
income+10 Thu Jan 13 21:56:00 CST 1 New Income
debt-10 Thu Jan 13 21:56:00 CST 1 Payment
sleepiness-50 Thu Jan 13 22:45:00 CST 1 Working
income+10 Thu Jan 13 22:45:00 CST 1 New Income
savings+10 Thu Jan 13 22:45:00 CST 1 Payment
sleepiness+100 Thu Jan 13 22:54:00 CST 1 Going home
sleepiness-50 Thu Jan 13 23:36:00 CST 1 Working
income+10 Thu Jan 13 23:36:00 CST 1 New Income
savings+10 Thu Jan 13 23:36:00 CST 1 Payment
sleepiness-50 Fri Jan 14 00:13:00 CST 1 Working
income+10 Fri Jan 14 00:13:00 CST 1 New Income
savings+10 Fri Jan 14 00:13:00 CST 1 Payment
sleepiness+100 Fri Jan 14 00:21:00 CST 1 Going home
sleepiness-50 Fri Jan 14 01:13:00 CST 1 Working
income+10 Fri Jan 14 01:13:00 CST 1 New Income
savings+10 Fri Jan 14 01:13:00 CST 1 Payment
sleepiness-50 Fri Jan 14 01:52:00 CST 1 Working
income+10 Fri Jan 14 01:52:00 CST 1 New Income
savings+10 Fri Jan 14 01:52:00 CST 1 Payment
sleepiness+100 Fri Jan 14 02:00:00 CST 1 Going home
sleepiness-50 Fri Jan 14 02:52:00 CST 1 Working
income+10 Fri Jan 14 02:52:00 CST 1 New Income
savings+10 Fri Jan 14 02:52:00 CST 1 Payment
sleepiness-50 Fri Jan 14 03:30:00 CST 1 Working
income+10 Fri Jan 14 03:30:00 CST 1 New Income
savings+10 Fri Jan 14 03:30:00 CST 1 Payment
sleepiness+100 Fri Jan 14 03:43:00 CST 1 Going home
sleepiness-50 Fri Jan 14 03:53:00 CST 1 Working
income+10 Fri Jan 14 03:53:00 CST 1 New Income
savings+10 Fri Jan 14 03:53:00 CST 1 Payment
sleepiness-50 Fri Jan 14 04:43:00 CST 1 Working
income+10 Fri Jan 14 04:43:00 CST 1 New Income
savings+10 Fri Jan 14 04:43:00 CST 1 Payment
sleepiness+100 Fri Jan 14 04:55:00 CST 1 Going home
sleepiness-50 Fri Jan 14 05:52:00 CST 1 Working
income+10 Fri Jan 14 05:52:00 CST 1 New Income
savings+10 Fri Jan 14 05:52:00 CST 1 Payment
sleepiness-50 Fri Jan 14 06:18:00 CST 1 Working
income+10 Fri Jan 14 06:18:00 CST 1 New Income
savings+10 Fri Jan 14 06:18:00 CST 1 Payment
sleepiness+100 Fri Jan 14 06:36:00 CST 1 Going home
sleepiness-50 Fri Jan 14 06:51:00 CST 1 Working
income+10 Fri Jan 14 06:51:00 CST 1 New Income
savings+10 Fri Jan 14 06:51:00 CST 1 Payment
sleepiness-50 Fri Jan 14 07:17:00 CST 1 Working
income+10 Fri Jan 14 07:17:00 CST 1 New Income
savings+10 Fri Jan 14 07:17:00 CST 1 Payment
sleepiness+100 Fri Jan 14 07:35:00 CST 1 Going home
sleepiness-50 Fri Jan 14 07:50:00 CST 1 Working
income+10 Fri Jan 14 07:50:00 CST 1 New Income
savings+10 Fri Jan 14 07:50:00 CST 1 Payment
sleepiness-50 Fri Jan 14 08:16:00 CST 1 Working
income+10 Fri Jan 14 08:16:00 CST 1 New Income
savings+10 Fri Jan 14 08:16:00 CST 1 Payment
sleepiness+100 Fri Jan 14 21:11:00 CST 1 Going home
sleepiness-50 Fri Jan 14 21:51:00 CST 1 Working
income+10 Fri Jan 14 21:51:00 CST 1 New Income
savings+10 Fri Jan 14 21:51:00 CST 1 Payment
sleepiness-50 Fri Jan 14 22:04:00 CST 1 Working
income+10 Fri Jan 14 22:04:00 CST 1 New Income
savings+10 Fri Jan 14 22:04:00 CST 1 Payment
sleepiness+100 Fri Jan 14 22:21:00 CST 1 Going home
sleepiness-50 Fri Jan 14 23:17:00 CST 1 Working
income+10 Fri Jan 14 23:17:00 CST 1 New Income
savings+10 Fri Jan 14 23:17:00 CST 1 Payment
sleepiness-50 Sat Jan 15 00:02:00 CST 1 Working
income+10 Sat Jan 15 00:02:00 CST 1 New Income
savings+10 Sat Jan 15 00:02:00 CST 1 Payment
sleepiness+100 Sat Jan 15 00:19:00 CST 1 Going home
sleepiness-50 Sat Jan 15 00:58:00 CST 1 Working
income+10 Sat Jan 15 00:58:00 CST 1 New Income
savings+10 Sat Jan 15 00:58:00 CST 1 Payment
sleepiness-50 Sat Jan 15 01:48:00 CST 1 Working
income+10 Sat Jan 15 01:48:00 CST 1 New Income
savings+10 Sat Jan 15 01:48:00 CST 1 Payment
sleepiness+100 Sat Jan 15 02:45:00 CST 1 Going home
sleepiness-50 Sat Jan 15 03:03:00 CST 1 Working
income+10 Sat Jan 15 03:03:00 CST 1 New Income
savings+10 Sat Jan 15 03:03:00 CST 1 Payment
sleepiness-50 Sat Jan 15 03:50:00 CST 1 Working
income+10 Sat Jan 15 03:50:00 CST 1 New Income
savings+10 Sat Jan 15 03:50:00 CST 1 Payment
sleepiness+100 Sat Jan 15 04:17:00 CST 1 Going home
sleepiness-50 Sat Jan 15 05:11:00 CST 1 Working
income+10 Sat Jan 15 05:11:00 CST 1 New Income
savings+10 Sat Jan 15 05:11:00 CST 1 Payment
sleepiness-50 Sat Jan 15 05:26:00 CST 1 Working
income+10 Sat Jan 15 05:26:00 CST 1 New Income
savings+10 Sat Jan 15 05:26:00 CST 1 Payment
sleepiness+100 Sat Jan 15 06:18:00 CST 1 Going home
sleepiness-50 Sat Jan 15 07:13:00 CST 1 Working
income+10 Sat Jan 15 07:13:00 CST 1 New Income
savings+10 Sat Jan 15 07:13:00 CST 1 Payment
sleepiness-50 Sat Jan 15 07:31:00 CST 1 Working
income+10 Sat Jan 15 07:31:00 CST 1 New Income
savings+10 Sat Jan 15 07:31:00 CST 1 Payment
