age+0 Sat Jan 01 15:27:00 CST 1 creation
hunger+96 Sat Jan 01 15:51:00 CST 1 Getting food
sleepiness-50 Sat Jan 01 16:00:00 CST 1 Working
income+10 Sat Jan 01 16:00:00 CST 1 New Income
debt-10 Sat Jan 01 16:00:00 CST 1 Payment
sleepiness-50 Sat Jan 01 16:07:00 CST 1 Working
income+10 Sat Jan 01 16:07:00 CST 1 New Income
debt-10 Sat Jan 01 16:07:00 CST 1 Payment
sleepiness+100 Sat Jan 01 23:36:00 CST 1 Going home
sleepiness-50 Sat Jan 01 23:46:00 CST 1 Working
income+10 Sat Jan 01 23:46:00 CST 1 New Income
debt-10 Sat Jan 01 23:46:00 CST 1 Payment
sleepiness-50 Sun Jan 02 00:16:00 CST 1 Working
income+10 Sun Jan 02 00:16:00 CST 1 New Income
debt-10 Sun Jan 02 00:16:00 CST 1 Payment
sleepiness+100 Sun Jan 02 00:30:00 CST 1 Going home
sleepiness-50 Sun Jan 02 01:05:00 CST 1 Working
income+10 Sun Jan 02 01:05:00 CST 1 New Income
debt-10 Sun Jan 02 01:05:00 CST 1 Payment
sleepiness-50 Sun Jan 02 01:37:00 CST 1 Working
income+10 Sun Jan 02 01:37:00 CST 1 New Income
debt-10 Sun Jan 02 01:37:00 CST 1 Payment
sleepiness+100 Sun Jan 02 01:51:00 CST 1 Going home
sleepiness-50 Sun Jan 02 02:32:00 CST 1 Working
income+10 Sun Jan 02 02:32:00 CST 1 New Income
debt-10 Sun Jan 02 02:32:00 CST 1 Payment
sleepiness-50 Sun Jan 02 03:05:00 CST 1 Working
income+10 Sun Jan 02 03:05:00 CST 1 New Income
debt-10 Sun Jan 02 03:05:00 CST 1 Payment
income+0 Sun Jan 02 03:11:00 CST 1 Bought a House
bills+0 Sun Jan 02 03:11:00 CST 1 Bought a House
taxes+0 Sun Jan 02 03:11:00 CST 1 Bought a House
savings+62 Sun Jan 02 03:11:00 CST 1 Bought a House
debt+38 Sun Jan 02 03:11:00 CST 1 Bought a House
sleepiness+100 Sun Jan 02 03:24:00 CST 1 Going home
sleepiness-50 Sun Jan 02 04:22:00 CST 1 Working
income+10 Sun Jan 02 04:22:00 CST 1 New Income
debt-10 Sun Jan 02 04:22:00 CST 1 Payment
sleepiness-50 Sun Jan 02 05:01:00 CST 1 Working
income+10 Sun Jan 02 05:01:00 CST 1 New Income
debt-10 Sun Jan 02 05:01:00 CST 1 Payment
thirst+90 Thu Jan 06 06:09:00 CST 1 Getting water
thirst+90 Wed Jan 12 12:06:00 CST 1 Getting water
