age+0 Sat Jan 01 01:31:00 CST 1 creation
sleepiness-50 Sat Jan 01 04:43:00 CST 1 Working
income+10 Sat Jan 01 04:43:00 CST 1 New Income
debt-10 Sat Jan 01 04:43:00 CST 1 Payment
income+0 Sat Jan 01 05:02:00 CST 1 Bought a House
bills+0 Sat Jan 01 05:02:00 CST 1 Bought a House
taxes+0 Sat Jan 01 05:02:00 CST 1 Bought a House
savings+93 Sat Jan 01 05:02:00 CST 1 Bought a House
debt+7 Sat Jan 01 05:02:00 CST 1 Bought a House
sleepiness-50 Sat Jan 01 06:52:00 CST 1 Working
income+10 Sat Jan 01 06:52:00 CST 1 New Income
debt-10 Sat Jan 01 06:52:00 CST 1 Payment
thirst+90 Sun Jan 02 15:51:00 CST 1 Getting water
sleepiness+100 Fri Jan 07 23:37:00 CST 1 Going home
sleepiness-50 Sat Jan 08 02:28:00 CST 1 Working
income+10 Sat Jan 08 02:28:00 CST 1 New Income
debt-10 Sat Jan 08 02:28:00 CST 1 Payment
sleepiness-50 Sat Jan 08 04:51:00 CST 1 Working
income+10 Sat Jan 08 04:51:00 CST 1 New Income
debt-10 Sat Jan 08 04:51:00 CST 1 Payment
sleepiness+100 Sat Jan 08 07:13:00 CST 1 Going home
sleepiness-50 Sat Jan 08 07:55:00 CST 1 Working
income+10 Sat Jan 08 07:55:00 CST 1 New Income
debt-10 Sat Jan 08 07:55:00 CST 1 Payment
sleepiness-50 Sat Jan 08 08:02:00 CST 1 Working
income+10 Sat Jan 08 08:02:00 CST 1 New Income
debt-10 Sat Jan 08 08:02:00 CST 1 Payment
sleepiness+100 Sat Jan 08 21:33:00 CST 1 Going home
sleepiness-50 Sat Jan 08 23:50:00 CST 1 Working
income+10 Sat Jan 08 23:50:00 CST 1 New Income
debt-10 Sat Jan 08 23:50:00 CST 1 Payment
sleepiness-50 Sun Jan 09 03:23:00 CST 1 Working
income+10 Sun Jan 09 03:23:00 CST 1 New Income
debt-10 Sun Jan 09 03:23:00 CST 1 Payment
sleepiness+100 Sun Jan 09 05:12:00 CST 1 Going home
sleepiness-50 Sun Jan 09 06:39:00 CST 1 Working
income+10 Sun Jan 09 06:39:00 CST 1 New Income
debt-10 Sun Jan 09 06:39:00 CST 1 Payment
sleepiness-50 Sun Jan 09 06:52:00 CST 1 Working
income+10 Sun Jan 09 06:52:00 CST 1 New Income
debt-10 Sun Jan 09 06:52:00 CST 1 Payment
sleepiness+100 Sun Jan 09 07:55:00 CST 1 Going home
sleepiness-50 Sun Jan 09 09:09:00 CST 1 Working
income+10 Sun Jan 09 09:09:00 CST 1 New Income
debt-10 Sun Jan 09 09:09:00 CST 1 Payment
sleepiness-50 Sun Jan 09 11:27:00 CST 1 Working
income+10 Sun Jan 09 11:27:00 CST 1 New Income
savings+10 Sun Jan 09 11:27:00 CST 1 Payment
sleepiness+100 Sun Jan 09 22:10:00 CST 1 Going home
sleepiness-50 Mon Jan 10 01:51:00 CST 1 Working
income+10 Mon Jan 10 01:51:00 CST 1 New Income
savings+10 Mon Jan 10 01:51:00 CST 1 Payment
sleepiness-50 Mon Jan 10 04:10:00 CST 1 Working
income+10 Mon Jan 10 04:10:00 CST 1 New Income
savings+10 Mon Jan 10 04:10:00 CST 1 Payment
sleepiness+100 Mon Jan 10 07:14:00 CST 1 Going home
sleepiness-50 Mon Jan 10 08:44:00 CST 1 Working
income+10 Mon Jan 10 08:44:00 CST 1 New Income
savings+10 Mon Jan 10 08:44:00 CST 1 Payment
sleepiness-50 Mon Jan 10 09:33:00 CST 1 Working
income+10 Mon Jan 10 09:33:00 CST 1 New Income
savings+10 Mon Jan 10 09:33:00 CST 1 Payment
thirst+90 Mon Jan 10 12:31:00 CST 1 Getting water
sleepiness+100 Mon Jan 10 22:14:00 CST 1 Going home
sleepiness-50 Tue Jan 11 01:30:00 CST 1 Working
income+10 Tue Jan 11 01:30:00 CST 1 New Income
savings+10 Tue Jan 11 01:30:00 CST 1 Payment
sleepiness-50 Tue Jan 11 01:37:00 CST 1 Working
income+10 Tue Jan 11 01:37:00 CST 1 New Income
savings+10 Tue Jan 11 01:37:00 CST 1 Payment
sleepiness+100 Tue Jan 11 04:33:00 CST 1 Going home
sleepiness-50 Tue Jan 11 06:10:00 CST 1 Working
income+10 Tue Jan 11 06:10:00 CST 1 New Income
savings+10 Tue Jan 11 06:10:00 CST 1 Payment
sleepiness-50 Tue Jan 11 08:25:00 CST 1 Working
income+10 Tue Jan 11 08:25:00 CST 1 New Income
savings+10 Tue Jan 11 08:25:00 CST 1 Payment
sleepiness+100 Tue Jan 11 23:25:00 CST 1 Going home
sleepiness-50 Wed Jan 12 01:39:00 CST 1 Working
income+10 Wed Jan 12 01:39:00 CST 1 New Income
savings+10 Wed Jan 12 01:39:00 CST 1 Payment
sleepiness-50 Wed Jan 12 03:45:00 CST 1 Working
income+10 Wed Jan 12 03:45:00 CST 1 New Income
savings+10 Wed Jan 12 03:45:00 CST 1 Payment
sleepiness+100 Wed Jan 12 06:06:00 CST 1 Going home
sleepiness-50 Wed Jan 12 07:29:00 CST 1 Working
income+10 Wed Jan 12 07:29:00 CST 1 New Income
savings+10 Wed Jan 12 07:29:00 CST 1 Payment
sleepiness-50 Wed Jan 12 08:53:00 CST 1 Working
income+10 Wed Jan 12 08:53:00 CST 1 New Income
savings+10 Wed Jan 12 08:53:00 CST 1 Payment
companionship+10 Wed Jan 12 12:12:00 CST 1 Procreating
sleepiness-10 Wed Jan 12 12:12:00 CST 1 Procreating
sleepiness+100 Wed Jan 12 23:43:00 CST 1 Going home
sleepiness-50 Thu Jan 13 03:10:00 CST 1 Working
income+10 Thu Jan 13 03:10:00 CST 1 New Income
savings+10 Thu Jan 13 03:10:00 CST 1 Payment
sleepiness-50 Thu Jan 13 07:03:00 CST 1 Working
income+10 Thu Jan 13 07:03:00 CST 1 New Income
savings+10 Thu Jan 13 07:03:00 CST 1 Payment
sleepiness+100 Thu Jan 13 09:03:00 CST 1 Going home
sleepiness-50 Thu Jan 13 10:01:00 CST 1 Working
income+10 Thu Jan 13 10:01:00 CST 1 New Income
savings+10 Thu Jan 13 10:01:00 CST 1 Payment
sleepiness-50 Thu Jan 13 13:29:00 CST 1 Working
income+10 Thu Jan 13 13:29:00 CST 1 New Income
savings+10 Thu Jan 13 13:29:00 CST 1 Payment
sleepiness+100 Thu Jan 13 23:11:00 CST 1 Going home
sleepiness-50 Fri Jan 14 02:12:00 CST 1 Working
income+10 Fri Jan 14 02:12:00 CST 1 New Income
savings+10 Fri Jan 14 02:12:00 CST 1 Payment
sleepiness-50 Fri Jan 14 05:09:00 CST 1 Working
income+10 Fri Jan 14 05:09:00 CST 1 New Income
savings+10 Fri Jan 14 05:09:00 CST 1 Payment
sleepiness+100 Fri Jan 14 08:47:00 CST 1 Going home
sleepiness-50 Fri Jan 14 11:21:00 CST 1 Working
income+10 Fri Jan 14 11:21:00 CST 1 New Income
savings+10 Fri Jan 14 11:21:00 CST 1 Payment
sleepiness-50 Fri Jan 14 12:35:00 CST 1 Working
income+10 Fri Jan 14 12:35:00 CST 1 New Income
savings+10 Fri Jan 14 12:35:00 CST 1 Payment
sleepiness+100 Fri Jan 14 22:33:00 CST 1 Going home
sleepiness-50 Fri Jan 14 23:49:00 CST 1 Working
income+10 Fri Jan 14 23:49:00 CST 1 New Income
savings+10 Fri Jan 14 23:49:00 CST 1 Payment
sleepiness-50 Sat Jan 15 02:26:00 CST 1 Working
income+10 Sat Jan 15 02:26:00 CST 1 New Income
savings+10 Sat Jan 15 02:26:00 CST 1 Payment
sleepiness+100 Sat Jan 15 04:04:00 CST 1 Going home
