age+0 Sat Jan 01 11:16:00 CST 1 creation
sleepiness-50 Sat Jan 01 12:14:00 CST 1 Working
income+10 Sat Jan 01 12:14:00 CST 1 New Income
debt-10 Sat Jan 01 12:14:00 CST 1 Payment
sleepiness-50 Sat Jan 01 14:30:00 CST 1 Working
income+10 Sat Jan 01 14:30:00 CST 1 New Income
debt-10 Sat Jan 01 14:30:00 CST 1 Payment
companionship+10 Sat Jan 01 18:26:00 CST 1 Procreating
sleepiness-10 Sat Jan 01 18:26:00 CST 1 Procreating
sleepiness+100 Sun Jan 02 01:18:00 CST 1 Going home
sleepiness-50 Sun Jan 02 03:57:00 CST 1 Working
income+10 Sun Jan 02 03:57:00 CST 1 New Income
debt-10 Sun Jan 02 03:57:00 CST 1 Payment
sleepiness-50 Sun Jan 02 08:15:00 CST 1 Working
income+10 Sun Jan 02 08:15:00 CST 1 New Income
debt-10 Sun Jan 02 08:15:00 CST 1 Payment
sleepiness+100 Mon Jan 03 00:39:00 CST 1 Going home
sleepiness-50 Mon Jan 03 04:08:00 CST 1 Working
income+10 Mon Jan 03 04:08:00 CST 1 New Income
debt-10 Mon Jan 03 04:08:00 CST 1 Payment
sleepiness-50 Mon Jan 03 05:16:00 CST 1 Working
income+10 Mon Jan 03 05:16:00 CST 1 New Income
debt-10 Mon Jan 03 05:16:00 CST 1 Payment
sleepiness+100 Mon Jan 03 08:17:00 CST 1 Going home
sleepiness-50 Mon Jan 03 13:01:00 CST 1 Working
income+10 Mon Jan 03 13:01:00 CST 1 New Income
debt-10 Mon Jan 03 13:01:00 CST 1 Payment
sleepiness-50 Mon Jan 03 14:51:00 CST 1 Working
income+10 Mon Jan 03 14:51:00 CST 1 New Income
debt-10 Mon Jan 03 14:51:00 CST 1 Payment
sleepiness+100 Tue Jan 04 01:01:00 CST 1 Going home
sleepiness-50 Tue Jan 04 02:38:00 CST 1 Working
income+10 Tue Jan 04 02:38:00 CST 1 New Income
debt-10 Tue Jan 04 02:38:00 CST 1 Payment
sleepiness-50 Tue Jan 04 03:11:00 CST 1 Working
income+10 Tue Jan 04 03:11:00 CST 1 New Income
savings+10 Tue Jan 04 03:11:00 CST 1 Payment
sleepiness+100 Tue Jan 04 04:04:00 CST 1 Going home
sleepiness-50 Tue Jan 04 05:11:00 CST 1 Working
income+10 Tue Jan 04 05:11:00 CST 1 New Income
savings+10 Tue Jan 04 05:11:00 CST 1 Payment
income+0 Tue Jan 04 05:42:00 CST 1 Bought a House
bills+0 Tue Jan 04 05:42:00 CST 1 Bought a House
taxes+0 Tue Jan 04 05:42:00 CST 1 Bought a House
savings+58 Tue Jan 04 05:42:00 CST 1 Bought a House
debt+42 Tue Jan 04 05:42:00 CST 1 Bought a House
sleepiness-50 Tue Jan 04 07:44:00 CST 1 Working
income+10 Tue Jan 04 07:44:00 CST 1 New Income
debt-10 Tue Jan 04 07:44:00 CST 1 Payment
N/A+0 Mon Jan 10 00:00:00 CST 1 death
