age+0 Sat Jan 01 11:16:00 CST 1 creation
sleepiness-50 Sat Jan 01 12:49:00 CST 1 Working
income+10 Sat Jan 01 12:49:00 CST 1 New Income
debt-10 Sat Jan 01 12:49:00 CST 1 Payment
sleepiness-50 Sat Jan 01 15:28:00 CST 1 Working
income+10 Sat Jan 01 15:28:00 CST 1 New Income
debt-10 Sat Jan 01 15:28:00 CST 1 Payment
thirst+90 Tue Jan 04 14:10:00 CST 1 Getting water
sleepiness+100 Thu Jan 06 06:40:00 CST 1 Going home
sleepiness-50 Thu Jan 06 11:18:00 CST 1 Working
income+10 Thu Jan 06 11:18:00 CST 1 New Income
debt-10 Thu Jan 06 11:18:00 CST 1 Payment
sleepiness-50 Thu Jan 06 11:31:00 CST 1 Working
income+10 Thu Jan 06 11:31:00 CST 1 New Income
debt-10 Thu Jan 06 11:31:00 CST 1 Payment
sleepiness+100 Fri Jan 07 01:22:00 CST 1 Going home
sleepiness-50 Fri Jan 07 05:43:00 CST 1 Working
income+10 Fri Jan 07 05:43:00 CST 1 New Income
debt-10 Fri Jan 07 05:43:00 CST 1 Payment
sleepiness-50 Fri Jan 07 10:11:00 CST 1 Working
income+10 Fri Jan 07 10:11:00 CST 1 New Income
savings+10 Fri Jan 07 10:11:00 CST 1 Payment
sleepiness+100 Fri Jan 07 23:48:00 CST 1 Going home
sleepiness-50 Sat Jan 08 04:40:00 CST 1 Working
income+10 Sat Jan 08 04:40:00 CST 1 New Income
savings+10 Sat Jan 08 04:40:00 CST 1 Payment
sleepiness-50 Sat Jan 08 08:08:00 CST 1 Working
income+10 Sat Jan 08 08:08:00 CST 1 New Income
savings+10 Sat Jan 08 08:08:00 CST 1 Payment
sleepiness+100 Sat Jan 08 22:34:00 CST 1 Going home
sleepiness-50 Sun Jan 09 00:06:00 CST 1 Working
income+10 Sun Jan 09 00:06:00 CST 1 New Income
savings+10 Sun Jan 09 00:06:00 CST 1 Payment
sleepiness-50 Sun Jan 09 02:26:00 CST 1 Working
income+10 Sun Jan 09 02:26:00 CST 1 New Income
savings+10 Sun Jan 09 02:26:00 CST 1 Payment
sleepiness+100 Sun Jan 09 03:25:00 CST 1 Going home
sleepiness-50 Sun Jan 09 04:11:00 CST 1 Working
income+10 Sun Jan 09 04:11:00 CST 1 New Income
savings+10 Sun Jan 09 04:11:00 CST 1 Payment
sleepiness-50 Sun Jan 09 04:24:00 CST 1 Working
income+10 Sun Jan 09 04:24:00 CST 1 New Income
savings+10 Sun Jan 09 04:24:00 CST 1 Payment
sleepiness+100 Sun Jan 09 04:57:00 CST 1 Going home
sleepiness-50 Sun Jan 09 05:43:00 CST 1 Working
income+10 Sun Jan 09 05:43:00 CST 1 New Income
savings+10 Sun Jan 09 05:43:00 CST 1 Payment
sleepiness-50 Sun Jan 09 05:56:00 CST 1 Working
income+10 Sun Jan 09 05:56:00 CST 1 New Income
savings+10 Sun Jan 09 05:56:00 CST 1 Payment
sleepiness+100 Sun Jan 09 06:29:00 CST 1 Going home
sleepiness-50 Sun Jan 09 07:15:00 CST 1 Working
income+10 Sun Jan 09 07:15:00 CST 1 New Income
savings+10 Sun Jan 09 07:15:00 CST 1 Payment
sleepiness-50 Sun Jan 09 10:09:00 CST 1 Working
income+10 Sun Jan 09 10:09:00 CST 1 New Income
savings+10 Sun Jan 09 10:09:00 CST 1 Payment
sleepiness+100 Sun Jan 09 23:15:00 CST 1 Going home
sleepiness-50 Mon Jan 10 02:56:00 CST 1 Working
income+10 Mon Jan 10 02:56:00 CST 1 New Income
savings+10 Mon Jan 10 02:56:00 CST 1 Payment
sleepiness-50 Mon Jan 10 03:22:00 CST 1 Working
income+10 Mon Jan 10 03:22:00 CST 1 New Income
savings+10 Mon Jan 10 03:22:00 CST 1 Payment
sleepiness+100 Mon Jan 10 06:19:00 CST 1 Going home
sleepiness-50 Mon Jan 10 10:00:00 CST 1 Working
income+10 Mon Jan 10 10:00:00 CST 1 New Income
savings+10 Mon Jan 10 10:00:00 CST 1 Payment
sleepiness-50 Mon Jan 10 15:33:00 CST 1 Working
income+10 Mon Jan 10 15:33:00 CST 1 New Income
savings+10 Mon Jan 10 15:33:00 CST 1 Payment
sleepiness+100 Tue Jan 11 00:10:00 CST 1 Going home
sleepiness-50 Tue Jan 11 03:30:00 CST 1 Working
income+10 Tue Jan 11 03:30:00 CST 1 New Income
savings+10 Tue Jan 11 03:30:00 CST 1 Payment
sleepiness-50 Tue Jan 11 07:02:00 CST 1 Working
income+10 Tue Jan 11 07:02:00 CST 1 New Income
savings+10 Tue Jan 11 07:02:00 CST 1 Payment
sleepiness+100 Tue Jan 11 11:23:00 CST 1 Going home
sleepiness-50 Tue Jan 11 12:30:00 CST 1 Working
income+10 Tue Jan 11 12:30:00 CST 1 New Income
savings+10 Tue Jan 11 12:30:00 CST 1 Payment
sleepiness-50 Tue Jan 11 12:43:00 CST 1 Working
income+10 Tue Jan 11 12:43:00 CST 1 New Income
savings+10 Tue Jan 11 12:43:00 CST 1 Payment
sleepiness+100 Tue Jan 11 21:37:00 CST 1 Going home
sleepiness-50 Wed Jan 12 01:09:00 CST 1 Working
income+10 Wed Jan 12 01:09:00 CST 1 New Income
savings+10 Wed Jan 12 01:09:00 CST 1 Payment
sleepiness-50 Wed Jan 12 01:22:00 CST 1 Working
income+10 Wed Jan 12 01:22:00 CST 1 New Income
savings+10 Wed Jan 12 01:22:00 CST 1 Payment
sleepiness+100 Wed Jan 12 04:30:00 CST 1 Going home
sleepiness-50 Wed Jan 12 05:22:00 CST 1 Working
income+10 Wed Jan 12 05:22:00 CST 1 New Income
savings+10 Wed Jan 12 05:22:00 CST 1 Payment
sleepiness-50 Wed Jan 12 05:36:00 CST 1 Working
income+10 Wed Jan 12 05:36:00 CST 1 New Income
savings+10 Wed Jan 12 05:36:00 CST 1 Payment
sleepiness+100 Wed Jan 12 06:18:00 CST 1 Going home
sleepiness-50 Wed Jan 12 09:46:00 CST 1 Working
income+10 Wed Jan 12 09:46:00 CST 1 New Income
savings+10 Wed Jan 12 09:46:00 CST 1 Payment
sleepiness-50 Wed Jan 12 11:41:00 CST 1 Working
income+10 Wed Jan 12 11:41:00 CST 1 New Income
savings+10 Wed Jan 12 11:41:00 CST 1 Payment
sleepiness+100 Thu Jan 13 00:47:00 CST 1 Going home
sleepiness-50 Thu Jan 13 06:24:00 CST 1 Working
income+10 Thu Jan 13 06:24:00 CST 1 New Income
savings+10 Thu Jan 13 06:24:00 CST 1 Payment
sleepiness-50 Thu Jan 13 09:56:00 CST 1 Working
income+10 Thu Jan 13 09:56:00 CST 1 New Income
savings+10 Thu Jan 13 09:56:00 CST 1 Payment
sleepiness+100 Thu Jan 13 23:04:00 CST 1 Going home
sleepiness-50 Fri Jan 14 01:15:00 CST 1 Working
income+10 Fri Jan 14 01:15:00 CST 1 New Income
savings+10 Fri Jan 14 01:15:00 CST 1 Payment
sleepiness-50 Fri Jan 14 03:17:00 CST 1 Working
income+10 Fri Jan 14 03:17:00 CST 1 New Income
savings+10 Fri Jan 14 03:17:00 CST 1 Payment
sleepiness+100 Fri Jan 14 05:51:00 CST 1 Going home
sleepiness-50 Fri Jan 14 10:12:00 CST 1 Working
income+10 Fri Jan 14 10:12:00 CST 1 New Income
savings+10 Fri Jan 14 10:12:00 CST 1 Payment
sleepiness-50 Fri Jan 14 13:39:00 CST 1 Working
income+10 Fri Jan 14 13:39:00 CST 1 New Income
savings+10 Fri Jan 14 13:39:00 CST 1 Payment
sleepiness+100 Fri Jan 14 23:45:00 CST 1 Going home
sleepiness-50 Sat Jan 15 01:47:00 CST 1 Working
income+10 Sat Jan 15 01:47:00 CST 1 New Income
savings+10 Sat Jan 15 01:47:00 CST 1 Payment
sleepiness-50 Sat Jan 15 05:35:00 CST 1 Working
income+10 Sat Jan 15 05:35:00 CST 1 New Income
savings+10 Sat Jan 15 05:35:00 CST 1 Payment
