age+0 Sun Jan 02 04:13:00 CST 1 creation
sleepiness-50 Sun Jan 02 04:15:00 CST 1 Working
income+10 Sun Jan 02 04:15:00 CST 1 New Income
debt-10 Sun Jan 02 04:15:00 CST 1 Payment
sleepiness-50 Sun Jan 02 05:04:00 CST 1 Working
income+10 Sun Jan 02 05:04:00 CST 1 New Income
debt-10 Sun Jan 02 05:04:00 CST 1 Payment
companionship+10 Mon Jan 03 05:32:00 CST 1 Procreating
sleepiness-10 Mon Jan 03 05:32:00 CST 1 Procreating
thirst+90 Thu Jan 06 18:32:00 CST 1 Getting water
thirst+90 Thu Jan 13 00:20:00 CST 1 Getting water
sleepiness+100 Fri Jan 14 23:39:00 CST 1 Going home
sleepiness-50 Fri Jan 14 23:52:00 CST 1 Working
income+10 Fri Jan 14 23:52:00 CST 1 New Income
debt-10 Fri Jan 14 23:52:00 CST 1 Payment
sleepiness-50 Sat Jan 15 00:15:00 CST 1 Working
income+10 Sat Jan 15 00:15:00 CST 1 New Income
debt-10 Sat Jan 15 00:15:00 CST 1 Payment
sleepiness+100 Sat Jan 15 00:28:00 CST 1 Going home
sleepiness-50 Sat Jan 15 01:21:00 CST 1 Working
income+10 Sat Jan 15 01:21:00 CST 1 New Income
debt-10 Sat Jan 15 01:21:00 CST 1 Payment
sleepiness-50 Sat Jan 15 01:53:00 CST 1 Working
income+10 Sat Jan 15 01:53:00 CST 1 New Income
debt-10 Sat Jan 15 01:53:00 CST 1 Payment
sleepiness+100 Sat Jan 15 02:05:00 CST 1 Going home
sleepiness-50 Sat Jan 15 02:46:00 CST 1 Working
income+10 Sat Jan 15 02:46:00 CST 1 New Income
debt-10 Sat Jan 15 02:46:00 CST 1 Payment
sleepiness-50 Sat Jan 15 03:12:00 CST 1 Working
income+10 Sat Jan 15 03:12:00 CST 1 New Income
debt-10 Sat Jan 15 03:12:00 CST 1 Payment
sleepiness+100 Sat Jan 15 04:06:00 CST 1 Going home
