age+0 Sat Jan 01 01:31:00 CST 1 creation
sleepiness-50 Sat Jan 01 01:32:00 CST 1 Working
income+10 Sat Jan 01 01:32:00 CST 1 New Income
debt-10 Sat Jan 01 01:32:00 CST 1 Payment
sleepiness-50 Sat Jan 01 02:15:00 CST 1 Working
income+10 Sat Jan 01 02:15:00 CST 1 New Income
debt-10 Sat Jan 01 02:15:00 CST 1 Payment
sleepiness+100 Sat Jan 01 03:49:00 CST 1 Going home
sleepiness-50 Sat Jan 01 04:23:00 CST 1 Working
income+10 Sat Jan 01 04:23:00 CST 1 New Income
debt-10 Sat Jan 01 04:23:00 CST 1 Payment
sleepiness-50 Sat Jan 01 05:12:00 CST 1 Working
income+10 Sat Jan 01 05:12:00 CST 1 New Income
debt-10 Sat Jan 01 05:12:00 CST 1 Payment
income+0 Sat Jan 01 05:18:00 CST 1 Bought a House
bills+0 Sat Jan 01 05:18:00 CST 1 Bought a House
taxes+0 Sat Jan 01 05:18:00 CST 1 Bought a House
savings+55 Sat Jan 01 05:18:00 CST 1 Bought a House
debt+45 Sat Jan 01 05:18:00 CST 1 Bought a House
sleepiness+100 Sat Jan 01 05:22:00 CST 1 Going home
sleepiness-50 Sat Jan 01 06:04:00 CST 1 Working
income+10 Sat Jan 01 06:04:00 CST 1 New Income
debt-10 Sat Jan 01 06:04:00 CST 1 Payment
sleepiness-50 Sat Jan 01 06:36:00 CST 1 Working
income+10 Sat Jan 01 06:36:00 CST 1 New Income
debt-10 Sat Jan 01 06:36:00 CST 1 Payment
thirst+90 Sun Jan 02 08:07:00 CST 1 Getting water
companionship+10 Sat Jan 08 01:58:00 CST 1 Procreating
sleepiness-10 Sat Jan 08 01:58:00 CST 1 Procreating
sleepiness+100 Sat Jan 08 06:41:00 CST 1 Going home
sleepiness-50 Sat Jan 08 07:03:00 CST 1 Working
income+10 Sat Jan 08 07:03:00 CST 1 New Income
debt-10 Sat Jan 08 07:03:00 CST 1 Payment
sleepiness-50 Sat Jan 08 07:53:00 CST 1 Working
income+10 Sat Jan 08 07:53:00 CST 1 New Income
debt-10 Sat Jan 08 07:53:00 CST 1 Payment
sleepiness+100 Sat Jan 08 08:05:00 CST 1 Going home
sleepiness-50 Sat Jan 08 08:33:00 CST 1 Working
income+10 Sat Jan 08 08:33:00 CST 1 New Income
debt-10 Sat Jan 08 08:33:00 CST 1 Payment
sleepiness-50 Sat Jan 08 09:29:00 CST 1 Working
income+10 Sat Jan 08 09:29:00 CST 1 New Income
debt-10 Sat Jan 08 09:29:00 CST 1 Payment
sleepiness+100 Sat Jan 08 21:12:00 CST 1 Going home
sleepiness-50 Sat Jan 08 22:08:00 CST 1 Working
income+10 Sat Jan 08 22:08:00 CST 1 New Income
debt-10 Sat Jan 08 22:08:00 CST 1 Payment
sleepiness-50 Sat Jan 08 22:58:00 CST 1 Working
income+10 Sat Jan 08 22:58:00 CST 1 New Income
debt-10 Sat Jan 08 22:58:00 CST 1 Payment
sleepiness+100 Sat Jan 08 23:12:00 CST 1 Going home
sleepiness-50 Sun Jan 09 00:05:00 CST 1 Working
income+10 Sun Jan 09 00:05:00 CST 1 New Income
debt-10 Sun Jan 09 00:05:00 CST 1 Payment
sleepiness-50 Sun Jan 09 00:44:00 CST 1 Working
income+10 Sun Jan 09 00:44:00 CST 1 New Income
debt-10 Sun Jan 09 00:44:00 CST 1 Payment
sleepiness+100 Sun Jan 09 00:58:00 CST 1 Going home
sleepiness-50 Sun Jan 09 01:53:00 CST 1 Working
income+10 Sun Jan 09 01:53:00 CST 1 New Income
savings+10 Sun Jan 09 01:53:00 CST 1 Payment
sleepiness-50 Sun Jan 09 02:43:00 CST 1 Working
income+10 Sun Jan 09 02:43:00 CST 1 New Income
savings+10 Sun Jan 09 02:43:00 CST 1 Payment
sleepiness+100 Sun Jan 09 02:57:00 CST 1 Going home
sleepiness-50 Sun Jan 09 03:52:00 CST 1 Working
income+10 Sun Jan 09 03:52:00 CST 1 New Income
savings+10 Sun Jan 09 03:52:00 CST 1 Payment
sleepiness-50 Sun Jan 09 04:31:00 CST 1 Working
income+10 Sun Jan 09 04:31:00 CST 1 New Income
savings+10 Sun Jan 09 04:31:00 CST 1 Payment
sleepiness+100 Sun Jan 09 04:44:00 CST 1 Going home
sleepiness-50 Sun Jan 09 05:40:00 CST 1 Working
income+10 Sun Jan 09 05:40:00 CST 1 New Income
savings+10 Sun Jan 09 05:40:00 CST 1 Payment
sleepiness-50 Sun Jan 09 06:30:00 CST 1 Working
income+10 Sun Jan 09 06:30:00 CST 1 New Income
savings+10 Sun Jan 09 06:30:00 CST 1 Payment
sleepiness+100 Sun Jan 09 06:44:00 CST 1 Going home
sleepiness-50 Sun Jan 09 07:39:00 CST 1 Working
income+10 Sun Jan 09 07:39:00 CST 1 New Income
savings+10 Sun Jan 09 07:39:00 CST 1 Payment
sleepiness-50 Sun Jan 09 08:29:00 CST 1 Working
income+10 Sun Jan 09 08:29:00 CST 1 New Income
savings+10 Sun Jan 09 08:29:00 CST 1 Payment
thirst+90 Sun Jan 09 11:02:00 CST 1 Getting water
sleepiness+100 Sun Jan 09 21:16:00 CST 1 Going home
sleepiness-50 Sun Jan 09 21:29:00 CST 1 Working
income+10 Sun Jan 09 21:29:00 CST 1 New Income
savings+10 Sun Jan 09 21:29:00 CST 1 Payment
sleepiness-50 Sun Jan 09 22:19:00 CST 1 Working
income+10 Sun Jan 09 22:19:00 CST 1 New Income
savings+10 Sun Jan 09 22:19:00 CST 1 Payment
sleepiness+100 Sun Jan 09 22:33:00 CST 1 Going home
sleepiness-50 Sun Jan 09 23:28:00 CST 1 Working
income+10 Sun Jan 09 23:28:00 CST 1 New Income
savings+10 Sun Jan 09 23:28:00 CST 1 Payment
sleepiness-50 Mon Jan 10 00:05:00 CST 1 Working
income+10 Mon Jan 10 00:05:00 CST 1 New Income
savings+10 Mon Jan 10 00:05:00 CST 1 Payment
sleepiness+100 Mon Jan 10 00:19:00 CST 1 Going home
sleepiness-50 Mon Jan 10 01:14:00 CST 1 Working
income+10 Mon Jan 10 01:14:00 CST 1 New Income
savings+10 Mon Jan 10 01:14:00 CST 1 Payment
sleepiness-50 Mon Jan 10 02:04:00 CST 1 Working
income+10 Mon Jan 10 02:04:00 CST 1 New Income
savings+10 Mon Jan 10 02:04:00 CST 1 Payment
sleepiness+100 Mon Jan 10 02:18:00 CST 1 Going home
sleepiness-50 Mon Jan 10 03:13:00 CST 1 Working
income+10 Mon Jan 10 03:13:00 CST 1 New Income
savings+10 Mon Jan 10 03:13:00 CST 1 Payment
sleepiness-50 Mon Jan 10 04:03:00 CST 1 Working
income+10 Mon Jan 10 04:03:00 CST 1 New Income
savings+10 Mon Jan 10 04:03:00 CST 1 Payment
sleepiness+100 Mon Jan 10 04:17:00 CST 1 Going home
sleepiness-50 Mon Jan 10 05:14:00 CST 1 Working
income+10 Mon Jan 10 05:14:00 CST 1 New Income
savings+10 Mon Jan 10 05:14:00 CST 1 Payment
sleepiness-50 Mon Jan 10 06:03:00 CST 1 Working
income+10 Mon Jan 10 06:03:00 CST 1 New Income
savings+10 Mon Jan 10 06:03:00 CST 1 Payment
sleepiness+100 Mon Jan 10 06:15:00 CST 1 Going home
sleepiness-50 Mon Jan 10 06:36:00 CST 1 Working
income+10 Mon Jan 10 06:36:00 CST 1 New Income
savings+10 Mon Jan 10 06:36:00 CST 1 Payment
sleepiness-50 Mon Jan 10 07:25:00 CST 1 Working
income+10 Mon Jan 10 07:25:00 CST 1 New Income
savings+10 Mon Jan 10 07:25:00 CST 1 Payment
sleepiness+100 Mon Jan 10 07:37:00 CST 1 Going home
sleepiness-50 Mon Jan 10 07:58:00 CST 1 Working
income+10 Mon Jan 10 07:58:00 CST 1 New Income
savings+10 Mon Jan 10 07:58:00 CST 1 Payment
sleepiness-50 Mon Jan 10 08:53:00 CST 1 Working
income+10 Mon Jan 10 08:53:00 CST 1 New Income
savings+10 Mon Jan 10 08:53:00 CST 1 Payment
sleepiness+100 Mon Jan 10 21:07:00 CST 1 Going home
sleepiness-50 Mon Jan 10 22:05:00 CST 1 Working
income+10 Mon Jan 10 22:05:00 CST 1 New Income
savings+10 Mon Jan 10 22:05:00 CST 1 Payment
sleepiness-50 Mon Jan 10 22:31:00 CST 1 Working
income+10 Mon Jan 10 22:31:00 CST 1 New Income
savings+10 Mon Jan 10 22:31:00 CST 1 Payment
sleepiness+100 Mon Jan 10 22:44:00 CST 1 Going home
sleepiness-50 Mon Jan 10 23:42:00 CST 1 Working
income+10 Mon Jan 10 23:42:00 CST 1 New Income
savings+10 Mon Jan 10 23:42:00 CST 1 Payment
sleepiness-50 Tue Jan 11 00:06:00 CST 1 Working
income+10 Tue Jan 11 00:06:00 CST 1 New Income
savings+10 Tue Jan 11 00:06:00 CST 1 Payment
sleepiness+100 Tue Jan 11 00:19:00 CST 1 Going home
sleepiness-50 Tue Jan 11 01:18:00 CST 1 Working
income+10 Tue Jan 11 01:18:00 CST 1 New Income
savings+10 Tue Jan 11 01:18:00 CST 1 Payment
sleepiness-50 Tue Jan 11 01:38:00 CST 1 Working
income+10 Tue Jan 11 01:38:00 CST 1 New Income
savings+10 Tue Jan 11 01:38:00 CST 1 Payment
sleepiness+100 Tue Jan 11 01:52:00 CST 1 Going home
sleepiness-50 Tue Jan 11 02:51:00 CST 1 Working
income+10 Tue Jan 11 02:51:00 CST 1 New Income
savings+10 Tue Jan 11 02:51:00 CST 1 Payment
sleepiness-50 Tue Jan 11 03:11:00 CST 1 Working
income+10 Tue Jan 11 03:11:00 CST 1 New Income
savings+10 Tue Jan 11 03:11:00 CST 1 Payment
sleepiness+100 Tue Jan 11 03:25:00 CST 1 Going home
sleepiness-50 Tue Jan 11 04:24:00 CST 1 Working
income+10 Tue Jan 11 04:24:00 CST 1 New Income
savings+10 Tue Jan 11 04:24:00 CST 1 Payment
sleepiness-50 Tue Jan 11 04:49:00 CST 1 Working
income+10 Tue Jan 11 04:49:00 CST 1 New Income
savings+10 Tue Jan 11 04:49:00 CST 1 Payment
sleepiness+100 Tue Jan 11 05:49:00 CST 1 Going home
sleepiness-50 Tue Jan 11 06:47:00 CST 1 Working
income+10 Tue Jan 11 06:47:00 CST 1 New Income
savings+10 Tue Jan 11 06:47:00 CST 1 Payment
sleepiness-50 Tue Jan 11 07:19:00 CST 1 Working
income+10 Tue Jan 11 07:19:00 CST 1 New Income
savings+10 Tue Jan 11 07:19:00 CST 1 Payment
sleepiness+100 Tue Jan 11 07:34:00 CST 1 Going home
sleepiness-50 Tue Jan 11 07:50:00 CST 1 Working
income+10 Tue Jan 11 07:50:00 CST 1 New Income
savings+10 Tue Jan 11 07:50:00 CST 1 Payment
sleepiness-50 Tue Jan 11 08:22:00 CST 1 Working
income+10 Tue Jan 11 08:22:00 CST 1 New Income
savings+10 Tue Jan 11 08:22:00 CST 1 Payment
sleepiness+100 Tue Jan 11 21:09:00 CST 1 Going home
sleepiness-50 Tue Jan 11 21:25:00 CST 1 Working
income+10 Tue Jan 11 21:25:00 CST 1 New Income
savings+10 Tue Jan 11 21:25:00 CST 1 Payment
sleepiness-50 Tue Jan 11 22:02:00 CST 1 Working
income+10 Tue Jan 11 22:02:00 CST 1 New Income
savings+10 Tue Jan 11 22:02:00 CST 1 Payment
sleepiness+100 Tue Jan 11 22:32:00 CST 1 Going home
sleepiness-50 Tue Jan 11 22:55:00 CST 1 Working
income+10 Tue Jan 11 22:55:00 CST 1 New Income
savings+10 Tue Jan 11 22:55:00 CST 1 Payment
sleepiness-50 Tue Jan 11 23:45:00 CST 1 Working
income+10 Tue Jan 11 23:45:00 CST 1 New Income
savings+10 Tue Jan 11 23:45:00 CST 1 Payment
sleepiness+100 Wed Jan 12 00:00:00 CST 1 Going home
sleepiness-50 Wed Jan 12 01:39:00 CST 1 Working
income+10 Wed Jan 12 01:39:00 CST 1 New Income
savings+10 Wed Jan 12 01:39:00 CST 1 Payment
sleepiness-50 Wed Jan 12 01:48:00 CST 1 Working
income+10 Wed Jan 12 01:48:00 CST 1 New Income
savings+10 Wed Jan 12 01:48:00 CST 1 Payment
sleepiness+100 Wed Jan 12 02:07:00 CST 1 Going home
sleepiness-50 Wed Jan 12 02:24:00 CST 1 Working
income+10 Wed Jan 12 02:24:00 CST 1 New Income
savings+10 Wed Jan 12 02:24:00 CST 1 Payment
sleepiness-50 Wed Jan 12 03:13:00 CST 1 Working
income+10 Wed Jan 12 03:13:00 CST 1 New Income
savings+10 Wed Jan 12 03:13:00 CST 1 Payment
sleepiness+100 Wed Jan 12 03:32:00 CST 1 Going home
sleepiness-50 Wed Jan 12 03:49:00 CST 1 Working
income+10 Wed Jan 12 03:49:00 CST 1 New Income
savings+10 Wed Jan 12 03:49:00 CST 1 Payment
sleepiness-50 Wed Jan 12 04:38:00 CST 1 Working
income+10 Wed Jan 12 04:38:00 CST 1 New Income
savings+10 Wed Jan 12 04:38:00 CST 1 Payment
sleepiness+100 Wed Jan 12 04:57:00 CST 1 Going home
sleepiness-50 Wed Jan 12 05:14:00 CST 1 Working
income+10 Wed Jan 12 05:14:00 CST 1 New Income
savings+10 Wed Jan 12 05:14:00 CST 1 Payment
sleepiness-50 Wed Jan 12 06:03:00 CST 1 Working
income+10 Wed Jan 12 06:03:00 CST 1 New Income
savings+10 Wed Jan 12 06:03:00 CST 1 Payment
sleepiness+100 Wed Jan 12 06:22:00 CST 1 Going home
sleepiness-50 Wed Jan 12 06:39:00 CST 1 Working
income+10 Wed Jan 12 06:39:00 CST 1 New Income
savings+10 Wed Jan 12 06:39:00 CST 1 Payment
sleepiness-50 Wed Jan 12 07:28:00 CST 1 Working
income+10 Wed Jan 12 07:28:00 CST 1 New Income
savings+10 Wed Jan 12 07:28:00 CST 1 Payment
sleepiness+100 Wed Jan 12 07:47:00 CST 1 Going home
sleepiness-50 Wed Jan 12 08:04:00 CST 1 Working
income+10 Wed Jan 12 08:04:00 CST 1 New Income
savings+10 Wed Jan 12 08:04:00 CST 1 Payment
sleepiness-50 Wed Jan 12 08:53:00 CST 1 Working
income+10 Wed Jan 12 08:53:00 CST 1 New Income
savings+10 Wed Jan 12 08:53:00 CST 1 Payment
sleepiness+100 Wed Jan 12 21:13:00 CST 1 Going home
sleepiness-50 Wed Jan 12 21:30:00 CST 1 Working
income+10 Wed Jan 12 21:30:00 CST 1 New Income
savings+10 Wed Jan 12 21:30:00 CST 1 Payment
sleepiness-50 Wed Jan 12 22:19:00 CST 1 Working
income+10 Wed Jan 12 22:19:00 CST 1 New Income
savings+10 Wed Jan 12 22:19:00 CST 1 Payment
sleepiness+100 Wed Jan 12 22:38:00 CST 1 Going home
sleepiness-50 Wed Jan 12 22:55:00 CST 1 Working
income+10 Wed Jan 12 22:55:00 CST 1 New Income
savings+10 Wed Jan 12 22:55:00 CST 1 Payment
sleepiness-50 Wed Jan 12 23:44:00 CST 1 Working
income+10 Wed Jan 12 23:44:00 CST 1 New Income
savings+10 Wed Jan 12 23:44:00 CST 1 Payment
sleepiness+100 Thu Jan 13 00:01:00 CST 1 Going home
sleepiness-50 Thu Jan 13 00:18:00 CST 1 Working
income+10 Thu Jan 13 00:18:00 CST 1 New Income
savings+10 Thu Jan 13 00:18:00 CST 1 Payment
sleepiness-50 Thu Jan 13 01:07:00 CST 1 Working
income+10 Thu Jan 13 01:07:00 CST 1 New Income
savings+10 Thu Jan 13 01:07:00 CST 1 Payment
sleepiness+100 Thu Jan 13 01:26:00 CST 1 Going home
sleepiness-50 Thu Jan 13 01:43:00 CST 1 Working
income+10 Thu Jan 13 01:43:00 CST 1 New Income
savings+10 Thu Jan 13 01:43:00 CST 1 Payment
sleepiness-50 Thu Jan 13 02:38:00 CST 1 Working
income+10 Thu Jan 13 02:38:00 CST 1 New Income
savings+10 Thu Jan 13 02:38:00 CST 1 Payment
sleepiness+100 Thu Jan 13 03:42:00 CST 1 Going home
sleepiness-50 Thu Jan 13 04:18:00 CST 1 Working
income+10 Thu Jan 13 04:18:00 CST 1 New Income
savings+10 Thu Jan 13 04:18:00 CST 1 Payment
sleepiness-50 Thu Jan 13 05:08:00 CST 1 Working
income+10 Thu Jan 13 05:08:00 CST 1 New Income
savings+10 Thu Jan 13 05:08:00 CST 1 Payment
sleepiness+100 Thu Jan 13 05:25:00 CST 1 Going home
sleepiness-50 Thu Jan 13 05:49:00 CST 1 Working
income+10 Thu Jan 13 05:49:00 CST 1 New Income
savings+10 Thu Jan 13 05:49:00 CST 1 Payment
sleepiness-50 Thu Jan 13 06:38:00 CST 1 Working
income+10 Thu Jan 13 06:38:00 CST 1 New Income
savings+10 Thu Jan 13 06:38:00 CST 1 Payment
sleepiness+100 Thu Jan 13 06:55:00 CST 1 Going home
sleepiness-50 Thu Jan 13 07:18:00 CST 1 Working
income+10 Thu Jan 13 07:18:00 CST 1 New Income
savings+10 Thu Jan 13 07:18:00 CST 1 Payment
sleepiness-50 Thu Jan 13 08:08:00 CST 1 Working
income+10 Thu Jan 13 08:08:00 CST 1 New Income
savings+10 Thu Jan 13 08:08:00 CST 1 Payment
sleepiness+100 Thu Jan 13 21:11:00 CST 1 Going home
sleepiness-50 Thu Jan 13 21:35:00 CST 1 Working
income+10 Thu Jan 13 21:35:00 CST 1 New Income
savings+10 Thu Jan 13 21:35:00 CST 1 Payment
sleepiness-50 Thu Jan 13 22:25:00 CST 1 Working
income+10 Thu Jan 13 22:25:00 CST 1 New Income
savings+10 Thu Jan 13 22:25:00 CST 1 Payment
sleepiness+100 Thu Jan 13 22:42:00 CST 1 Going home
sleepiness-50 Thu Jan 13 23:05:00 CST 1 Working
income+10 Thu Jan 13 23:05:00 CST 1 New Income
savings+10 Thu Jan 13 23:05:00 CST 1 Payment
sleepiness-50 Thu Jan 13 23:55:00 CST 1 Working
income+10 Thu Jan 13 23:55:00 CST 1 New Income
savings+10 Thu Jan 13 23:55:00 CST 1 Payment
sleepiness+100 Fri Jan 14 00:10:00 CST 1 Going home
sleepiness-50 Fri Jan 14 00:34:00 CST 1 Working
income+10 Fri Jan 14 00:34:00 CST 1 New Income
savings+10 Fri Jan 14 00:34:00 CST 1 Payment
sleepiness-50 Fri Jan 14 01:24:00 CST 1 Working
income+10 Fri Jan 14 01:24:00 CST 1 New Income
savings+10 Fri Jan 14 01:24:00 CST 1 Payment
sleepiness+100 Fri Jan 14 01:41:00 CST 1 Going home
sleepiness-50 Fri Jan 14 02:04:00 CST 1 Working
income+10 Fri Jan 14 02:04:00 CST 1 New Income
savings+10 Fri Jan 14 02:04:00 CST 1 Payment
sleepiness-50 Fri Jan 14 02:54:00 CST 1 Working
income+10 Fri Jan 14 02:54:00 CST 1 New Income
savings+10 Fri Jan 14 02:54:00 CST 1 Payment
sleepiness+100 Fri Jan 14 03:10:00 CST 1 Going home
sleepiness-50 Fri Jan 14 04:09:00 CST 1 Working
income+10 Fri Jan 14 04:09:00 CST 1 New Income
savings+10 Fri Jan 14 04:09:00 CST 1 Payment
sleepiness-50 Fri Jan 14 04:47:00 CST 1 Working
income+10 Fri Jan 14 04:47:00 CST 1 New Income
savings+10 Fri Jan 14 04:47:00 CST 1 Payment
sleepiness+100 Fri Jan 14 05:04:00 CST 1 Going home
sleepiness-50 Fri Jan 14 05:20:00 CST 1 Working
income+10 Fri Jan 14 05:20:00 CST 1 New Income
savings+10 Fri Jan 14 05:20:00 CST 1 Payment
sleepiness-50 Fri Jan 14 06:08:00 CST 1 Working
income+10 Fri Jan 14 06:08:00 CST 1 New Income
savings+10 Fri Jan 14 06:08:00 CST 1 Payment
sleepiness+100 Fri Jan 14 06:24:00 CST 1 Going home
sleepiness-50 Fri Jan 14 07:21:00 CST 1 Working
income+10 Fri Jan 14 07:21:00 CST 1 New Income
savings+10 Fri Jan 14 07:21:00 CST 1 Payment
sleepiness-50 Fri Jan 14 07:41:00 CST 1 Working
income+10 Fri Jan 14 07:41:00 CST 1 New Income
savings+10 Fri Jan 14 07:41:00 CST 1 Payment
sleepiness+100 Fri Jan 14 21:14:00 CST 1 Going home
sleepiness-50 Fri Jan 14 22:12:00 CST 1 Working
income+10 Fri Jan 14 22:12:00 CST 1 New Income
savings+10 Fri Jan 14 22:12:00 CST 1 Payment
sleepiness-50 Fri Jan 14 22:31:00 CST 1 Working
income+10 Fri Jan 14 22:31:00 CST 1 New Income
savings+10 Fri Jan 14 22:31:00 CST 1 Payment
sleepiness+100 Fri Jan 14 22:51:00 CST 1 Going home
sleepiness-50 Fri Jan 14 23:51:00 CST 1 Working
income+10 Fri Jan 14 23:51:00 CST 1 New Income
savings+10 Fri Jan 14 23:51:00 CST 1 Payment
sleepiness-50 Sat Jan 15 00:01:00 CST 1 Working
income+10 Sat Jan 15 00:01:00 CST 1 New Income
savings+10 Sat Jan 15 00:01:00 CST 1 Payment
sleepiness+100 Sat Jan 15 01:02:00 CST 1 Going home
sleepiness-50 Sat Jan 15 01:21:00 CST 1 Working
income+10 Sat Jan 15 01:21:00 CST 1 New Income
savings+10 Sat Jan 15 01:21:00 CST 1 Payment
sleepiness-50 Sat Jan 15 01:41:00 CST 1 Working
income+10 Sat Jan 15 01:41:00 CST 1 New Income
savings+10 Sat Jan 15 01:41:00 CST 1 Payment
sleepiness+100 Sat Jan 15 02:00:00 CST 1 Going home
sleepiness-50 Sat Jan 15 02:43:00 CST 1 Working
income+10 Sat Jan 15 02:43:00 CST 1 New Income
savings+10 Sat Jan 15 02:43:00 CST 1 Payment
sleepiness-50 Sat Jan 15 03:31:00 CST 1 Working
income+10 Sat Jan 15 03:31:00 CST 1 New Income
savings+10 Sat Jan 15 03:31:00 CST 1 Payment
sleepiness+100 Sat Jan 15 03:51:00 CST 1 Going home
