age+0 Sat Jan 08 01:32:00 CST 1 creation
hunger+91 Sat Jan 08 01:34:00 CST 1 Getting food
sleepiness-50 Sat Jan 08 04:55:00 CST 1 Working
income+10 Sat Jan 08 04:55:00 CST 1 New Income
debt-10 Sat Jan 08 04:55:00 CST 1 Payment
sleepiness-50 Sat Jan 08 08:26:00 CST 1 Working
income+10 Sat Jan 08 08:26:00 CST 1 New Income
debt-10 Sat Jan 08 08:26:00 CST 1 Payment
thirst+90 Wed Jan 12 01:08:00 CST 1 Getting water
sleepiness+100 Wed Jan 12 22:46:00 CST 1 Going home
sleepiness-50 Thu Jan 13 00:14:00 CST 1 Working
income+10 Thu Jan 13 00:14:00 CST 1 New Income
debt-10 Thu Jan 13 00:14:00 CST 1 Payment
sleepiness-50 Thu Jan 13 02:42:00 CST 1 Working
income+10 Thu Jan 13 02:42:00 CST 1 New Income
debt-10 Thu Jan 13 02:42:00 CST 1 Payment
sleepiness+100 Thu Jan 13 05:02:00 CST 1 Going home
sleepiness-50 Thu Jan 13 07:54:00 CST 1 Working
income+10 Thu Jan 13 07:54:00 CST 1 New Income
debt-10 Thu Jan 13 07:54:00 CST 1 Payment
sleepiness-50 Thu Jan 13 09:15:00 CST 1 Working
income+10 Thu Jan 13 09:15:00 CST 1 New Income
savings+10 Thu Jan 13 09:15:00 CST 1 Payment
sleepiness+100 Thu Jan 13 23:46:00 CST 1 Going home
sleepiness-50 Fri Jan 14 02:40:00 CST 1 Working
income+10 Fri Jan 14 02:40:00 CST 1 New Income
savings+10 Fri Jan 14 02:40:00 CST 1 Payment
sleepiness-50 Fri Jan 14 05:57:00 CST 1 Working
income+10 Fri Jan 14 05:57:00 CST 1 New Income
savings+10 Fri Jan 14 05:57:00 CST 1 Payment
sleepiness+100 Fri Jan 14 08:27:00 CST 1 Going home
sleepiness-50 Fri Jan 14 11:26:00 CST 1 Working
income+10 Fri Jan 14 11:26:00 CST 1 New Income
savings+10 Fri Jan 14 11:26:00 CST 1 Payment
sleepiness-50 Fri Jan 14 12:45:00 CST 1 Working
income+10 Fri Jan 14 12:45:00 CST 1 New Income
savings+10 Fri Jan 14 12:45:00 CST 1 Payment
sleepiness+100 Fri Jan 14 23:11:00 CST 1 Going home
sleepiness-50 Sat Jan 15 00:25:00 CST 1 Working
income+10 Sat Jan 15 00:25:00 CST 1 New Income
savings+10 Sat Jan 15 00:25:00 CST 1 Payment
sleepiness-50 Sat Jan 15 03:05:00 CST 1 Working
income+10 Sat Jan 15 03:05:00 CST 1 New Income
savings+10 Sat Jan 15 03:05:00 CST 1 Payment
