age+0 Sat Jan 01 01:31:00 CST 1 creation
sleepiness-50 Sat Jan 01 05:36:00 CST 1 Working
income+10 Sat Jan 01 05:36:00 CST 1 New Income
debt-10 Sat Jan 01 05:36:00 CST 1 Payment
sleepiness-50 Sat Jan 01 09:37:00 CST 1 Working
income+10 Sat Jan 01 09:37:00 CST 1 New Income
debt-10 Sat Jan 01 09:37:00 CST 1 Payment
sleepiness+100 Sun Jan 02 00:10:00 CST 1 Going home
sleepiness-50 Sun Jan 02 03:57:00 CST 1 Working
income+10 Sun Jan 02 03:57:00 CST 1 New Income
debt-10 Sun Jan 02 03:57:00 CST 1 Payment
sleepiness-50 Sun Jan 02 08:44:00 CST 1 Working
income+10 Sun Jan 02 08:44:00 CST 1 New Income
debt-10 Sun Jan 02 08:44:00 CST 1 Payment
income+0 Sun Jan 02 09:16:00 CST 1 Bought a House
bills+0 Sun Jan 02 09:16:00 CST 1 Bought a House
taxes+0 Sun Jan 02 09:16:00 CST 1 Bought a House
savings+53 Sun Jan 02 09:16:00 CST 1 Bought a House
debt+47 Sun Jan 02 09:16:00 CST 1 Bought a House
thirst+90 Wed Jan 05 21:24:00 CST 1 Getting water
trust+10 Sat Jan 08 04:35:00 CST 1 Voting
sleepiness+100 Wed Jan 12 04:29:00 CST 1 Going home
sleepiness-50 Wed Jan 12 08:06:00 CST 1 Working
income+10 Wed Jan 12 08:06:00 CST 1 New Income
debt-10 Wed Jan 12 08:06:00 CST 1 Payment
sleepiness-50 Wed Jan 12 09:00:00 CST 1 Working
income+10 Wed Jan 12 09:00:00 CST 1 New Income
debt-10 Wed Jan 12 09:00:00 CST 1 Payment
thirst+90 Wed Jan 12 15:15:00 CST 1 Getting water
sleepiness+100 Wed Jan 12 23:53:00 CST 1 Going home
sleepiness-50 Thu Jan 13 02:28:00 CST 1 Working
income+10 Thu Jan 13 02:28:00 CST 1 New Income
debt-10 Thu Jan 13 02:28:00 CST 1 Payment
sleepiness-50 Thu Jan 13 06:34:00 CST 1 Working
income+10 Thu Jan 13 06:34:00 CST 1 New Income
debt-10 Thu Jan 13 06:34:00 CST 1 Payment
sleepiness+100 Thu Jan 13 08:37:00 CST 1 Going home
sleepiness-50 Thu Jan 13 11:29:00 CST 1 Working
income+10 Thu Jan 13 11:29:00 CST 1 New Income
debt-10 Thu Jan 13 11:29:00 CST 1 Payment
sleepiness-50 Thu Jan 13 14:57:00 CST 1 Working
income+10 Thu Jan 13 14:57:00 CST 1 New Income
debt-10 Thu Jan 13 14:57:00 CST 1 Payment
sleepiness+100 Thu Jan 13 22:39:00 CST 1 Going home
sleepiness-50 Fri Jan 14 02:35:00 CST 1 Working
income+10 Fri Jan 14 02:35:00 CST 1 New Income
debt-10 Fri Jan 14 02:35:00 CST 1 Payment
sleepiness-50 Fri Jan 14 05:11:00 CST 1 Working
income+10 Fri Jan 14 05:11:00 CST 1 New Income
debt-10 Fri Jan 14 05:11:00 CST 1 Payment
sleepiness+100 Fri Jan 14 07:50:00 CST 1 Going home
sleepiness-50 Fri Jan 14 10:56:00 CST 1 Working
income+10 Fri Jan 14 10:56:00 CST 1 New Income
debt-10 Fri Jan 14 10:56:00 CST 1 Payment
sleepiness-50 Fri Jan 14 12:33:00 CST 1 Working
income+10 Fri Jan 14 12:33:00 CST 1 New Income
debt-10 Fri Jan 14 12:33:00 CST 1 Payment
sleepiness+100 Fri Jan 14 23:10:00 CST 1 Going home
sleepiness-50 Fri Jan 14 23:53:00 CST 1 Working
income+10 Fri Jan 14 23:53:00 CST 1 New Income
savings+10 Fri Jan 14 23:53:00 CST 1 Payment
sleepiness-50 Sat Jan 15 02:18:00 CST 1 Working
income+10 Sat Jan 15 02:18:00 CST 1 New Income
savings+10 Sat Jan 15 02:18:00 CST 1 Payment
