age+0 Sat Jan 01 11:16:00 CST 1 creation
sleepiness-50 Sat Jan 01 15:30:00 CST 1 Working
income+10 Sat Jan 01 15:30:00 CST 1 New Income
debt-10 Sat Jan 01 15:30:00 CST 1 Payment
sleepiness-50 Sat Jan 01 17:49:00 CST 1 Working
income+10 Sat Jan 01 17:49:00 CST 1 New Income
debt-10 Sat Jan 01 17:49:00 CST 1 Payment
sleepiness+100 Sat Jan 01 22:55:00 CST 1 Going home
sleepiness-50 Sun Jan 02 02:44:00 CST 1 Working
income+10 Sun Jan 02 02:44:00 CST 1 New Income
debt-10 Sun Jan 02 02:44:00 CST 1 Payment
income+0 Sun Jan 02 03:16:00 CST 1 Bought a House
bills+0 Sun Jan 02 03:16:00 CST 1 Bought a House
taxes+0 Sun Jan 02 03:16:00 CST 1 Bought a House
savings+98 Sun Jan 02 03:16:00 CST 1 Bought a House
debt+2 Sun Jan 02 03:16:00 CST 1 Bought a House
sleepiness-50 Sun Jan 02 04:49:00 CST 1 Working
income+10 Sun Jan 02 04:49:00 CST 1 New Income
debt-10 Sun Jan 02 04:49:00 CST 1 Payment
thirst+90 Tue Jan 04 21:37:00 CST 1 Getting water
companionship+10 Sun Jan 09 02:38:00 CST 1 Procreating
sleepiness-10 Sun Jan 09 02:38:00 CST 1 Procreating
thirst+90 Tue Jan 11 06:27:00 CST 1 Getting water
sleepiness+100 Fri Jan 14 00:01:00 CST 1 Going home
sleepiness-50 Fri Jan 14 00:55:00 CST 1 Working
income+10 Fri Jan 14 00:55:00 CST 1 New Income
debt-10 Fri Jan 14 00:55:00 CST 1 Payment
sleepiness-50 Fri Jan 14 01:22:00 CST 1 Working
income+10 Fri Jan 14 01:22:00 CST 1 New Income
debt-10 Fri Jan 14 01:22:00 CST 1 Payment
sleepiness+100 Fri Jan 14 02:10:00 CST 1 Going home
sleepiness-50 Fri Jan 14 04:04:00 CST 1 Working
income+10 Fri Jan 14 04:04:00 CST 1 New Income
debt-10 Fri Jan 14 04:04:00 CST 1 Payment
sleepiness-50 Fri Jan 14 08:16:00 CST 1 Working
income+10 Fri Jan 14 08:16:00 CST 1 New Income
debt-10 Fri Jan 14 08:16:00 CST 1 Payment
sleepiness+100 Fri Jan 14 23:03:00 CST 1 Going home
sleepiness-50 Sat Jan 15 02:05:00 CST 1 Working
income+10 Sat Jan 15 02:05:00 CST 1 New Income
debt-10 Sat Jan 15 02:05:00 CST 1 Payment
sleepiness-50 Sat Jan 15 05:53:00 CST 1 Working
income+10 Sat Jan 15 05:53:00 CST 1 New Income
debt-10 Sat Jan 15 05:53:00 CST 1 Payment
trust+10 Sat Jan 15 08:16:00 CST 1 Voting
