age+0 Sat Jan 08 01:32:00 CST 1 creation
sleepiness-50 Sat Jan 08 01:33:00 CST 1 Working
income+10 Sat Jan 08 01:33:00 CST 1 New Income
debt-10 Sat Jan 08 01:33:00 CST 1 Payment
sleepiness-50 Sat Jan 08 02:39:00 CST 1 Working
income+10 Sat Jan 08 02:39:00 CST 1 New Income
debt-10 Sat Jan 08 02:39:00 CST 1 Payment
sleepiness+100 Sat Jan 08 03:19:00 CST 1 Going home
sleepiness-50 Sat Jan 08 04:00:00 CST 1 Working
income+10 Sat Jan 08 04:00:00 CST 1 New Income
debt-10 Sat Jan 08 04:00:00 CST 1 Payment
sleepiness-50 Sat Jan 08 04:50:00 CST 1 Working
income+10 Sat Jan 08 04:50:00 CST 1 New Income
debt-10 Sat Jan 08 04:50:00 CST 1 Payment
sleepiness+100 Sat Jan 08 04:58:00 CST 1 Going home
sleepiness-50 Sat Jan 08 05:39:00 CST 1 Working
income+10 Sat Jan 08 05:39:00 CST 1 New Income
debt-10 Sat Jan 08 05:39:00 CST 1 Payment
sleepiness-50 Sat Jan 08 06:28:00 CST 1 Working
income+10 Sat Jan 08 06:28:00 CST 1 New Income
debt-10 Sat Jan 08 06:28:00 CST 1 Payment
sleepiness+100 Sat Jan 08 06:36:00 CST 1 Going home
sleepiness-50 Sat Jan 08 07:27:00 CST 1 Working
income+10 Sat Jan 08 07:27:00 CST 1 New Income
debt-10 Sat Jan 08 07:27:00 CST 1 Payment
sleepiness-50 Sat Jan 08 08:06:00 CST 1 Working
income+10 Sat Jan 08 08:06:00 CST 1 New Income
debt-10 Sat Jan 08 08:06:00 CST 1 Payment
sleepiness+100 Sat Jan 08 21:02:00 CST 1 Going home
sleepiness-50 Sat Jan 08 21:53:00 CST 1 Working
income+10 Sat Jan 08 21:53:00 CST 1 New Income
savings+10 Sat Jan 08 21:53:00 CST 1 Payment
sleepiness-50 Sat Jan 08 22:32:00 CST 1 Working
income+10 Sat Jan 08 22:32:00 CST 1 New Income
savings+10 Sat Jan 08 22:32:00 CST 1 Payment
sleepiness+100 Sat Jan 08 22:40:00 CST 1 Going home
sleepiness-50 Sat Jan 08 23:21:00 CST 1 Working
income+10 Sat Jan 08 23:21:00 CST 1 New Income
savings+10 Sat Jan 08 23:21:00 CST 1 Payment
sleepiness-50 Mon Jan 10 00:00:00 CST 1 Working
income+10 Mon Jan 10 00:00:00 CST 1 New Income
savings+10 Mon Jan 10 00:00:00 CST 1 Payment
sleepiness+100 Sun Jan 09 00:06:00 CST 1 Going home
sleepiness-50 Sun Jan 09 00:58:00 CST 1 Working
income+10 Sun Jan 09 00:58:00 CST 1 New Income
savings+10 Sun Jan 09 00:58:00 CST 1 Payment
sleepiness-50 Sun Jan 09 01:40:00 CST 1 Working
income+10 Sun Jan 09 01:40:00 CST 1 New Income
savings+10 Sun Jan 09 01:40:00 CST 1 Payment
sleepiness+100 Sun Jan 09 01:51:00 CST 1 Going home
sleepiness-50 Sun Jan 09 02:34:00 CST 1 Working
income+10 Sun Jan 09 02:34:00 CST 1 New Income
savings+10 Sun Jan 09 02:34:00 CST 1 Payment
sleepiness-50 Sun Jan 09 02:41:00 CST 1 Working
income+10 Sun Jan 09 02:41:00 CST 1 New Income
savings+10 Sun Jan 09 02:41:00 CST 1 Payment
sleepiness+100 Sun Jan 09 02:54:00 CST 1 Going home
sleepiness-50 Sun Jan 09 03:30:00 CST 1 Working
income+10 Sun Jan 09 03:30:00 CST 1 New Income
savings+10 Sun Jan 09 03:30:00 CST 1 Payment
sleepiness-50 Sun Jan 09 03:42:00 CST 1 Working
income+10 Sun Jan 09 03:42:00 CST 1 New Income
savings+10 Sun Jan 09 03:42:00 CST 1 Payment
sleepiness+100 Sun Jan 09 04:07:00 CST 1 Going home
sleepiness-50 Sun Jan 09 04:45:00 CST 1 Working
income+10 Sun Jan 09 04:45:00 CST 1 New Income
savings+10 Sun Jan 09 04:45:00 CST 1 Payment
sleepiness-50 Sun Jan 09 04:52:00 CST 1 Working
income+10 Sun Jan 09 04:52:00 CST 1 New Income
savings+10 Sun Jan 09 04:52:00 CST 1 Payment
sleepiness+100 Sun Jan 09 05:03:00 CST 1 Going home
sleepiness-50 Sun Jan 09 05:47:00 CST 1 Working
income+10 Sun Jan 09 05:47:00 CST 1 New Income
savings+10 Sun Jan 09 05:47:00 CST 1 Payment
sleepiness-50 Sun Jan 09 06:13:00 CST 1 Working
income+10 Sun Jan 09 06:13:00 CST 1 New Income
savings+10 Sun Jan 09 06:13:00 CST 1 Payment
sleepiness+100 Sun Jan 09 06:23:00 CST 1 Going home
sleepiness-50 Sun Jan 09 07:18:00 CST 1 Working
income+10 Sun Jan 09 07:18:00 CST 1 New Income
savings+10 Sun Jan 09 07:18:00 CST 1 Payment
sleepiness-50 Sun Jan 09 07:49:00 CST 1 Working
income+10 Sun Jan 09 07:49:00 CST 1 New Income
savings+10 Sun Jan 09 07:49:00 CST 1 Payment
sleepiness+100 Sun Jan 09 21:09:00 CST 1 Going home
sleepiness-50 Sun Jan 09 21:50:00 CST 1 Working
income+10 Sun Jan 09 21:50:00 CST 1 New Income
savings+10 Sun Jan 09 21:50:00 CST 1 Payment
sleepiness-50 Sun Jan 09 22:29:00 CST 1 Working
income+10 Sun Jan 09 22:29:00 CST 1 New Income
savings+10 Sun Jan 09 22:29:00 CST 1 Payment
sleepiness+100 Sun Jan 09 22:44:00 CST 1 Going home
sleepiness-50 Sun Jan 09 23:25:00 CST 1 Working
income+10 Sun Jan 09 23:25:00 CST 1 New Income
savings+10 Sun Jan 09 23:25:00 CST 1 Payment
sleepiness-50 Mon Jan 10 00:13:00 CST 1 Working
income+10 Mon Jan 10 00:13:00 CST 1 New Income
savings+10 Mon Jan 10 00:13:00 CST 1 Payment
sleepiness+100 Mon Jan 10 00:31:00 CST 1 Going home
sleepiness-50 Mon Jan 10 01:11:00 CST 1 Working
income+10 Mon Jan 10 01:11:00 CST 1 New Income
savings+10 Mon Jan 10 01:11:00 CST 1 Payment
sleepiness-50 Mon Jan 10 02:01:00 CST 1 Working
income+10 Mon Jan 10 02:01:00 CST 1 New Income
savings+10 Mon Jan 10 02:01:00 CST 1 Payment
sleepiness+100 Mon Jan 10 02:19:00 CST 1 Going home
sleepiness-50 Mon Jan 10 03:39:00 CST 1 Working
income+10 Mon Jan 10 03:39:00 CST 1 New Income
savings+10 Mon Jan 10 03:39:00 CST 1 Payment
sleepiness-50 Mon Jan 10 03:49:00 CST 1 Working
income+10 Mon Jan 10 03:49:00 CST 1 New Income
savings+10 Mon Jan 10 03:49:00 CST 1 Payment
sleepiness+100 Mon Jan 10 04:07:00 CST 1 Going home
sleepiness-50 Mon Jan 10 04:48:00 CST 1 Working
income+10 Mon Jan 10 04:48:00 CST 1 New Income
savings+10 Mon Jan 10 04:48:00 CST 1 Payment
sleepiness-50 Mon Jan 10 05:38:00 CST 1 Working
income+10 Mon Jan 10 05:38:00 CST 1 New Income
savings+10 Mon Jan 10 05:38:00 CST 1 Payment
sleepiness+100 Mon Jan 10 05:56:00 CST 1 Going home
sleepiness-50 Mon Jan 10 06:36:00 CST 1 Working
income+10 Mon Jan 10 06:36:00 CST 1 New Income
savings+10 Mon Jan 10 06:36:00 CST 1 Payment
sleepiness-50 Mon Jan 10 07:31:00 CST 1 Working
income+10 Mon Jan 10 07:31:00 CST 1 New Income
savings+10 Mon Jan 10 07:31:00 CST 1 Payment
sleepiness+100 Mon Jan 10 21:13:00 CST 1 Going home
sleepiness-50 Mon Jan 10 21:42:00 CST 1 Working
income+10 Mon Jan 10 21:42:00 CST 1 New Income
savings+10 Mon Jan 10 21:42:00 CST 1 Payment
sleepiness-50 Mon Jan 10 22:32:00 CST 1 Working
income+10 Mon Jan 10 22:32:00 CST 1 New Income
savings+10 Mon Jan 10 22:32:00 CST 1 Payment
sleepiness+100 Mon Jan 10 22:51:00 CST 1 Going home
sleepiness-50 Mon Jan 10 23:20:00 CST 1 Working
income+10 Mon Jan 10 23:20:00 CST 1 New Income
savings+10 Mon Jan 10 23:20:00 CST 1 Payment
sleepiness-50 Mon Jan 10 23:40:00 CST 1 Working
income+10 Mon Jan 10 23:40:00 CST 1 New Income
savings+10 Mon Jan 10 23:40:00 CST 1 Payment
sleepiness+100 Mon Jan 10 23:58:00 CST 1 Going home
sleepiness-50 Tue Jan 11 00:56:00 CST 1 Working
income+10 Tue Jan 11 00:56:00 CST 1 New Income
savings+10 Tue Jan 11 00:56:00 CST 1 Payment
sleepiness-50 Tue Jan 11 01:22:00 CST 1 Working
income+10 Tue Jan 11 01:22:00 CST 1 New Income
savings+10 Tue Jan 11 01:22:00 CST 1 Payment
sleepiness+100 Tue Jan 11 02:06:00 CST 1 Going home
sleepiness-50 Tue Jan 11 02:50:00 CST 1 Working
income+10 Tue Jan 11 02:50:00 CST 1 New Income
savings+10 Tue Jan 11 02:50:00 CST 1 Payment
sleepiness-50 Tue Jan 11 03:23:00 CST 1 Working
income+10 Tue Jan 11 03:23:00 CST 1 New Income
savings+10 Tue Jan 11 03:23:00 CST 1 Payment
sleepiness+100 Tue Jan 11 03:42:00 CST 1 Going home
sleepiness-50 Tue Jan 11 04:29:00 CST 1 Working
income+10 Tue Jan 11 04:29:00 CST 1 New Income
savings+10 Tue Jan 11 04:29:00 CST 1 Payment
sleepiness-50 Tue Jan 11 04:36:00 CST 1 Working
income+10 Tue Jan 11 04:36:00 CST 1 New Income
savings+10 Tue Jan 11 04:36:00 CST 1 Payment
sleepiness+100 Tue Jan 11 04:56:00 CST 1 Going home
sleepiness-50 Tue Jan 11 06:00:00 CST 1 Working
income+10 Tue Jan 11 06:00:00 CST 1 New Income
savings+10 Tue Jan 11 06:00:00 CST 1 Payment
sleepiness-50 Tue Jan 11 06:07:00 CST 1 Working
income+10 Tue Jan 11 06:07:00 CST 1 New Income
savings+10 Tue Jan 11 06:07:00 CST 1 Payment
sleepiness+100 Tue Jan 11 06:27:00 CST 1 Going home
sleepiness-50 Tue Jan 11 07:31:00 CST 1 Working
income+10 Tue Jan 11 07:31:00 CST 1 New Income
savings+10 Tue Jan 11 07:31:00 CST 1 Payment
sleepiness-50 Tue Jan 11 07:38:00 CST 1 Working
income+10 Tue Jan 11 07:38:00 CST 1 New Income
savings+10 Tue Jan 11 07:38:00 CST 1 Payment
sleepiness+100 Tue Jan 11 07:58:00 CST 1 Going home
sleepiness-50 Tue Jan 11 09:02:00 CST 1 Working
income+10 Tue Jan 11 09:02:00 CST 1 New Income
savings+10 Tue Jan 11 09:02:00 CST 1 Payment
sleepiness-50 Tue Jan 11 09:09:00 CST 1 Working
income+10 Tue Jan 11 09:09:00 CST 1 New Income
savings+10 Tue Jan 11 09:09:00 CST 1 Payment
thirst+90 Tue Jan 11 16:35:00 CST 1 Getting water
sleepiness+100 Tue Jan 11 21:20:00 CST 1 Going home
sleepiness-50 Tue Jan 11 21:54:00 CST 1 Working
income+10 Tue Jan 11 21:54:00 CST 1 New Income
savings+10 Tue Jan 11 21:54:00 CST 1 Payment
sleepiness-50 Tue Jan 11 22:01:00 CST 1 Working
income+10 Tue Jan 11 22:01:00 CST 1 New Income
savings+10 Tue Jan 11 22:01:00 CST 1 Payment
sleepiness+100 Tue Jan 11 22:21:00 CST 1 Going home
sleepiness-50 Tue Jan 11 23:25:00 CST 1 Working
income+10 Tue Jan 11 23:25:00 CST 1 New Income
savings+10 Tue Jan 11 23:25:00 CST 1 Payment
sleepiness-50 Wed Jan 12 00:13:00 CST 1 Working
income+10 Wed Jan 12 00:13:00 CST 1 New Income
savings+10 Wed Jan 12 00:13:00 CST 1 Payment
sleepiness+100 Wed Jan 12 00:32:00 CST 1 Going home
sleepiness-50 Wed Jan 12 01:06:00 CST 1 Working
income+10 Wed Jan 12 01:06:00 CST 1 New Income
savings+10 Wed Jan 12 01:06:00 CST 1 Payment
sleepiness-50 Wed Jan 12 01:56:00 CST 1 Working
income+10 Wed Jan 12 01:56:00 CST 1 New Income
savings+10 Wed Jan 12 01:56:00 CST 1 Payment
sleepiness+100 Wed Jan 12 02:15:00 CST 1 Going home
sleepiness-50 Wed Jan 12 02:49:00 CST 1 Working
income+10 Wed Jan 12 02:49:00 CST 1 New Income
savings+10 Wed Jan 12 02:49:00 CST 1 Payment
sleepiness-50 Wed Jan 12 03:27:00 CST 1 Working
income+10 Wed Jan 12 03:27:00 CST 1 New Income
savings+10 Wed Jan 12 03:27:00 CST 1 Payment
sleepiness+100 Wed Jan 12 03:46:00 CST 1 Going home
sleepiness-50 Wed Jan 12 04:20:00 CST 1 Working
income+10 Wed Jan 12 04:20:00 CST 1 New Income
savings+10 Wed Jan 12 04:20:00 CST 1 Payment
sleepiness-50 Wed Jan 12 05:10:00 CST 1 Working
income+10 Wed Jan 12 05:10:00 CST 1 New Income
savings+10 Wed Jan 12 05:10:00 CST 1 Payment
sleepiness+100 Wed Jan 12 05:29:00 CST 1 Going home
sleepiness-50 Wed Jan 12 06:03:00 CST 1 Working
income+10 Wed Jan 12 06:03:00 CST 1 New Income
savings+10 Wed Jan 12 06:03:00 CST 1 Payment
sleepiness-50 Wed Jan 12 06:42:00 CST 1 Working
income+10 Wed Jan 12 06:42:00 CST 1 New Income
savings+10 Wed Jan 12 06:42:00 CST 1 Payment
sleepiness+100 Wed Jan 12 07:01:00 CST 1 Going home
sleepiness-50 Wed Jan 12 07:37:00 CST 1 Working
income+10 Wed Jan 12 07:37:00 CST 1 New Income
savings+10 Wed Jan 12 07:37:00 CST 1 Payment
sleepiness-50 Wed Jan 12 07:44:00 CST 1 Working
income+10 Wed Jan 12 07:44:00 CST 1 New Income
savings+10 Wed Jan 12 07:44:00 CST 1 Payment
sleepiness+100 Wed Jan 12 08:09:00 CST 1 Going home
sleepiness-50 Wed Jan 12 08:38:00 CST 1 Working
income+10 Wed Jan 12 08:38:00 CST 1 New Income
savings+10 Wed Jan 12 08:38:00 CST 1 Payment
sleepiness-50 Wed Jan 12 08:46:00 CST 1 Working
income+10 Wed Jan 12 08:46:00 CST 1 New Income
savings+10 Wed Jan 12 08:46:00 CST 1 Payment
sleepiness+100 Wed Jan 12 21:20:00 CST 1 Going home
sleepiness-50 Wed Jan 12 21:43:00 CST 1 Working
income+10 Wed Jan 12 21:43:00 CST 1 New Income
savings+10 Wed Jan 12 21:43:00 CST 1 Payment
sleepiness-50 Wed Jan 12 22:03:00 CST 1 Working
income+10 Wed Jan 12 22:03:00 CST 1 New Income
savings+10 Wed Jan 12 22:03:00 CST 1 Payment
sleepiness+100 Wed Jan 12 22:27:00 CST 1 Going home
sleepiness-50 Wed Jan 12 22:56:00 CST 1 Working
income+10 Wed Jan 12 22:56:00 CST 1 New Income
savings+10 Wed Jan 12 22:56:00 CST 1 Payment
sleepiness-50 Wed Jan 12 23:22:00 CST 1 Working
income+10 Wed Jan 12 23:22:00 CST 1 New Income
savings+10 Wed Jan 12 23:22:00 CST 1 Payment
sleepiness+100 Wed Jan 12 23:50:00 CST 1 Going home
sleepiness-50 Thu Jan 13 00:25:00 CST 1 Working
income+10 Thu Jan 13 00:25:00 CST 1 New Income
savings+10 Thu Jan 13 00:25:00 CST 1 Payment
sleepiness-50 Thu Jan 13 01:14:00 CST 1 Working
income+10 Thu Jan 13 01:14:00 CST 1 New Income
savings+10 Thu Jan 13 01:14:00 CST 1 Payment
sleepiness+100 Thu Jan 13 01:40:00 CST 1 Going home
sleepiness-50 Thu Jan 13 02:05:00 CST 1 Working
income+10 Thu Jan 13 02:05:00 CST 1 New Income
savings+10 Thu Jan 13 02:05:00 CST 1 Payment
sleepiness-50 Thu Jan 13 02:31:00 CST 1 Working
income+10 Thu Jan 13 02:31:00 CST 1 New Income
savings+10 Thu Jan 13 02:31:00 CST 1 Payment
sleepiness+100 Thu Jan 13 02:58:00 CST 1 Going home
sleepiness-50 Thu Jan 13 03:55:00 CST 1 Working
income+10 Thu Jan 13 03:55:00 CST 1 New Income
savings+10 Thu Jan 13 03:55:00 CST 1 Payment
sleepiness-50 Thu Jan 13 04:25:00 CST 1 Working
income+10 Thu Jan 13 04:25:00 CST 1 New Income
savings+10 Thu Jan 13 04:25:00 CST 1 Payment
sleepiness+100 Thu Jan 13 05:36:00 CST 1 Going home
sleepiness-50 Thu Jan 13 06:21:00 CST 1 Working
income+10 Thu Jan 13 06:21:00 CST 1 New Income
savings+10 Thu Jan 13 06:21:00 CST 1 Payment
sleepiness-50 Thu Jan 13 06:51:00 CST 1 Working
income+10 Thu Jan 13 06:51:00 CST 1 New Income
savings+10 Thu Jan 13 06:51:00 CST 1 Payment
sleepiness+100 Thu Jan 13 08:03:00 CST 1 Going home
sleepiness-50 Thu Jan 13 08:35:00 CST 1 Working
income+10 Thu Jan 13 08:35:00 CST 1 New Income
savings+10 Thu Jan 13 08:35:00 CST 1 Payment
sleepiness-50 Thu Jan 13 09:07:00 CST 1 Working
income+10 Thu Jan 13 09:07:00 CST 1 New Income
savings+10 Thu Jan 13 09:07:00 CST 1 Payment
sleepiness+100 Thu Jan 13 21:18:00 CST 1 Going home
sleepiness-50 Thu Jan 13 22:03:00 CST 1 Working
income+10 Thu Jan 13 22:03:00 CST 1 New Income
savings+10 Thu Jan 13 22:03:00 CST 1 Payment
sleepiness-50 Thu Jan 13 22:41:00 CST 1 Working
income+10 Thu Jan 13 22:41:00 CST 1 New Income
savings+10 Thu Jan 13 22:41:00 CST 1 Payment
sleepiness+100 Thu Jan 13 23:09:00 CST 1 Going home
sleepiness-50 Thu Jan 13 23:54:00 CST 1 Working
income+10 Thu Jan 13 23:54:00 CST 1 New Income
savings+10 Thu Jan 13 23:54:00 CST 1 Payment
sleepiness-50 Fri Jan 14 00:24:00 CST 1 Working
income+10 Fri Jan 14 00:24:00 CST 1 New Income
savings+10 Fri Jan 14 00:24:00 CST 1 Payment
sleepiness+100 Fri Jan 14 00:52:00 CST 1 Going home
sleepiness-50 Fri Jan 14 01:37:00 CST 1 Working
income+10 Fri Jan 14 01:37:00 CST 1 New Income
savings+10 Fri Jan 14 01:37:00 CST 1 Payment
sleepiness-50 Fri Jan 14 02:10:00 CST 1 Working
income+10 Fri Jan 14 02:10:00 CST 1 New Income
savings+10 Fri Jan 14 02:10:00 CST 1 Payment
sleepiness+100 Fri Jan 14 02:38:00 CST 1 Going home
sleepiness-50 Fri Jan 14 03:23:00 CST 1 Working
income+10 Fri Jan 14 03:23:00 CST 1 New Income
savings+10 Fri Jan 14 03:23:00 CST 1 Payment
sleepiness-50 Fri Jan 14 03:49:00 CST 1 Working
income+10 Fri Jan 14 03:49:00 CST 1 New Income
savings+10 Fri Jan 14 03:49:00 CST 1 Payment
sleepiness+100 Fri Jan 14 04:17:00 CST 1 Going home
sleepiness-50 Fri Jan 14 05:02:00 CST 1 Working
income+10 Fri Jan 14 05:02:00 CST 1 New Income
savings+10 Fri Jan 14 05:02:00 CST 1 Payment
sleepiness-50 Fri Jan 14 05:30:00 CST 1 Working
income+10 Fri Jan 14 05:30:00 CST 1 New Income
savings+10 Fri Jan 14 05:30:00 CST 1 Payment
sleepiness+100 Fri Jan 14 05:56:00 CST 1 Going home
sleepiness-50 Fri Jan 14 06:52:00 CST 1 Working
income+10 Fri Jan 14 06:52:00 CST 1 New Income
savings+10 Fri Jan 14 06:52:00 CST 1 Payment
sleepiness-50 Fri Jan 14 07:38:00 CST 1 Working
income+10 Fri Jan 14 07:38:00 CST 1 New Income
savings+10 Fri Jan 14 07:38:00 CST 1 Payment
sleepiness+100 Fri Jan 14 21:17:00 CST 1 Going home
sleepiness-50 Fri Jan 14 22:12:00 CST 1 Working
income+10 Fri Jan 14 22:12:00 CST 1 New Income
savings+10 Fri Jan 14 22:12:00 CST 1 Payment
sleepiness-50 Fri Jan 14 23:05:00 CST 1 Working
income+10 Fri Jan 14 23:05:00 CST 1 New Income
savings+10 Fri Jan 14 23:05:00 CST 1 Payment
sleepiness+100 Fri Jan 14 23:49:00 CST 1 Going home
sleepiness-50 Sat Jan 15 00:43:00 CST 1 Working
income+10 Sat Jan 15 00:43:00 CST 1 New Income
savings+10 Sat Jan 15 00:43:00 CST 1 Payment
sleepiness-50 Sat Jan 15 01:08:00 CST 1 Working
income+10 Sat Jan 15 01:08:00 CST 1 New Income
savings+10 Sat Jan 15 01:08:00 CST 1 Payment
sleepiness+100 Sat Jan 15 01:32:00 CST 1 Going home
sleepiness-50 Sat Jan 15 02:39:00 CST 1 Working
income+10 Sat Jan 15 02:39:00 CST 1 New Income
savings+10 Sat Jan 15 02:39:00 CST 1 Payment
sleepiness-50 Sat Jan 15 02:51:00 CST 1 Working
income+10 Sat Jan 15 02:51:00 CST 1 New Income
savings+10 Sat Jan 15 02:51:00 CST 1 Payment
sleepiness+100 Sat Jan 15 03:15:00 CST 1 Going home
sleepiness-50 Sat Jan 15 04:21:00 CST 1 Working
income+10 Sat Jan 15 04:21:00 CST 1 New Income
savings+10 Sat Jan 15 04:21:00 CST 1 Payment
