age+0 Sat Jan 01 01:31:00 CST 1 creation
sleepiness-50 Sat Jan 01 03:02:00 CST 1 Working
income+10 Sat Jan 01 03:02:00 CST 1 New Income
debt-10 Sat Jan 01 03:02:00 CST 1 Payment
sleepiness-50 Sat Jan 01 05:05:00 CST 1 Working
income+10 Sat Jan 01 05:05:00 CST 1 New Income
debt-10 Sat Jan 01 05:05:00 CST 1 Payment
sleepiness+100 Sat Jan 01 07:21:00 CST 1 Going home
sleepiness-50 Sat Jan 01 10:47:00 CST 1 Working
income+10 Sat Jan 01 10:47:00 CST 1 New Income
debt-10 Sat Jan 01 10:47:00 CST 1 Payment
sleepiness-50 Sat Jan 01 12:10:00 CST 1 Working
income+10 Sat Jan 01 12:10:00 CST 1 New Income
debt-10 Sat Jan 01 12:10:00 CST 1 Payment
sleepiness+100 Sun Jan 02 00:11:00 CST 1 Going home
sleepiness-50 Sun Jan 02 03:35:00 CST 1 Working
income+10 Sun Jan 02 03:35:00 CST 1 New Income
debt-10 Sun Jan 02 03:35:00 CST 1 Payment
income+0 Sun Jan 02 03:41:00 CST 1 Bought a House
bills+0 Sun Jan 02 03:41:00 CST 1 Bought a House
taxes+0 Sun Jan 02 03:41:00 CST 1 Bought a House
savings+57 Sun Jan 02 03:41:00 CST 1 Bought a House
debt+43 Sun Jan 02 03:41:00 CST 1 Bought a House
sleepiness-50 Sun Jan 02 08:22:00 CST 1 Working
income+10 Sun Jan 02 08:22:00 CST 1 New Income
debt-10 Sun Jan 02 08:22:00 CST 1 Payment
N/A+0 Tue Jan 04 00:00:00 CST 1 death
