age+0 Sat Jan 01 01:31:00 CST 1 creation
sleepiness-50 Sat Jan 01 05:45:00 CST 1 Working
income+10 Sat Jan 01 05:45:00 CST 1 New Income
debt-10 Sat Jan 01 05:45:00 CST 1 Payment
sleepiness-50 Sat Jan 01 09:45:00 CST 1 Working
income+10 Sat Jan 01 09:45:00 CST 1 New Income
debt-10 Sat Jan 01 09:45:00 CST 1 Payment
sleepiness+100 Sun Jan 02 00:10:00 CST 1 Going home
sleepiness-50 Sun Jan 02 03:46:00 CST 1 Working
income+10 Sun Jan 02 03:46:00 CST 1 New Income
debt-10 Sun Jan 02 03:46:00 CST 1 Payment
sleepiness-50 Sun Jan 02 08:33:00 CST 1 Working
income+10 Sun Jan 02 08:33:00 CST 1 New Income
debt-10 Sun Jan 02 08:33:00 CST 1 Payment
thirst+90 Sun Jan 02 15:20:00 CST 1 Getting water
sleepiness+100 Mon Jan 03 01:37:00 CST 1 Going home
sleepiness-50 Mon Jan 03 03:38:00 CST 1 Working
income+10 Mon Jan 03 03:38:00 CST 1 New Income
debt-10 Mon Jan 03 03:38:00 CST 1 Payment
sleepiness-50 Mon Jan 03 06:07:00 CST 1 Working
income+10 Mon Jan 03 06:07:00 CST 1 New Income
debt-10 Mon Jan 03 06:07:00 CST 1 Payment
sleepiness+100 Mon Jan 03 09:48:00 CST 1 Going home
sleepiness-50 Mon Jan 03 12:31:00 CST 1 Working
income+10 Mon Jan 03 12:31:00 CST 1 New Income
debt-10 Mon Jan 03 12:31:00 CST 1 Payment
sleepiness-50 Mon Jan 03 13:42:00 CST 1 Working
income+10 Mon Jan 03 13:42:00 CST 1 New Income
debt-10 Mon Jan 03 13:42:00 CST 1 Payment
sleepiness+100 Mon Jan 03 23:58:00 CST 1 Going home
sleepiness-50 Tue Jan 04 02:42:00 CST 1 Working
income+10 Tue Jan 04 02:42:00 CST 1 New Income
debt-10 Tue Jan 04 02:42:00 CST 1 Payment
sleepiness-50 Tue Jan 04 02:56:00 CST 1 Working
income+10 Tue Jan 04 02:56:00 CST 1 New Income
debt-10 Tue Jan 04 02:56:00 CST 1 Payment
sleepiness+100 Tue Jan 04 05:37:00 CST 1 Going home
sleepiness-50 Tue Jan 04 08:34:00 CST 1 Working
income+10 Tue Jan 04 08:34:00 CST 1 New Income
savings+10 Tue Jan 04 08:34:00 CST 1 Payment
sleepiness-50 Tue Jan 04 09:23:00 CST 1 Working
income+10 Tue Jan 04 09:23:00 CST 1 New Income
savings+10 Tue Jan 04 09:23:00 CST 1 Payment
income+0 Tue Jan 04 09:29:00 CST 1 Bought a House
bills+0 Tue Jan 04 09:29:00 CST 1 Bought a House
taxes+0 Tue Jan 04 09:29:00 CST 1 Bought a House
savings+46 Tue Jan 04 09:29:00 CST 1 Bought a House
debt+54 Tue Jan 04 09:29:00 CST 1 Bought a House
thirst+90 Mon Jan 10 03:10:00 CST 1 Getting water
companionship+10 Thu Jan 13 02:22:00 CST 1 Procreating
sleepiness-10 Thu Jan 13 02:22:00 CST 1 Procreating
