age+0 Sat Jan 01 15:47:00 CST 1 creation
income+0 Sat Jan 01 15:47:00 CST 1 Bought a House
bills+0 Sat Jan 01 15:47:00 CST 1 Bought a House
taxes+0 Sat Jan 01 15:47:00 CST 1 Bought a House
savings+73 Sat Jan 01 15:47:00 CST 1 Bought a House
debt+27 Sat Jan 01 15:47:00 CST 1 Bought a House
thirst+99 Sat Jan 01 16:08:00 CST 1 Getting water
sleepiness-50 Sat Jan 01 16:46:00 CST 1 Working
income+10 Sat Jan 01 16:46:00 CST 1 New Income
debt-10 Sat Jan 01 16:46:00 CST 1 Payment
sleepiness-50 Sat Jan 01 17:06:00 CST 1 Working
income+10 Sat Jan 01 17:06:00 CST 1 New Income
debt-10 Sat Jan 01 17:06:00 CST 1 Payment
companionship+10 Sat Jan 01 19:41:00 CST 1 Procreating
sleepiness-10 Sat Jan 01 19:41:00 CST 1 Procreating
thirst+90 Sat Jan 08 01:55:00 CST 1 Getting water
sleepiness+100 Wed Jan 12 04:40:00 CST 1 Going home
sleepiness-50 Wed Jan 12 08:01:00 CST 1 Working
income+10 Wed Jan 12 08:01:00 CST 1 New Income
debt-10 Wed Jan 12 08:01:00 CST 1 Payment
sleepiness-50 Wed Jan 12 10:43:00 CST 1 Working
income+10 Wed Jan 12 10:43:00 CST 1 New Income
debt-10 Wed Jan 12 10:43:00 CST 1 Payment
sleepiness+100 Wed Jan 12 22:03:00 CST 1 Going home
sleepiness-50 Thu Jan 13 02:00:00 CST 1 Working
income+10 Thu Jan 13 02:00:00 CST 1 New Income
debt-10 Thu Jan 13 02:00:00 CST 1 Payment
sleepiness-50 Thu Jan 13 05:25:00 CST 1 Working
income+10 Thu Jan 13 05:25:00 CST 1 New Income
debt-10 Thu Jan 13 05:25:00 CST 1 Payment
sleepiness+100 Thu Jan 13 09:01:00 CST 1 Going home
sleepiness-50 Thu Jan 13 12:25:00 CST 1 Working
income+10 Thu Jan 13 12:25:00 CST 1 New Income
debt-10 Thu Jan 13 12:25:00 CST 1 Payment
sleepiness-50 Thu Jan 13 15:53:00 CST 1 Working
income+10 Thu Jan 13 15:53:00 CST 1 New Income
debt-10 Thu Jan 13 15:53:00 CST 1 Payment
sleepiness+100 Fri Jan 14 00:16:00 CST 1 Going home
sleepiness-50 Fri Jan 14 02:38:00 CST 1 Working
income+10 Fri Jan 14 02:38:00 CST 1 New Income
debt-10 Fri Jan 14 02:38:00 CST 1 Payment
sleepiness-50 Fri Jan 14 05:27:00 CST 1 Working
income+10 Fri Jan 14 05:27:00 CST 1 New Income
debt-10 Fri Jan 14 05:27:00 CST 1 Payment
sleepiness+100 Fri Jan 14 07:29:00 CST 1 Going home
sleepiness-50 Fri Jan 14 11:58:00 CST 1 Working
income+10 Fri Jan 14 11:58:00 CST 1 New Income
savings+10 Fri Jan 14 11:58:00 CST 1 Payment
sleepiness-50 Fri Jan 14 14:55:00 CST 1 Working
income+10 Fri Jan 14 14:55:00 CST 1 New Income
savings+10 Fri Jan 14 14:55:00 CST 1 Payment
sleepiness+100 Fri Jan 14 22:44:00 CST 1 Going home
sleepiness-50 Sat Jan 15 01:08:00 CST 1 Working
income+10 Sat Jan 15 01:08:00 CST 1 New Income
savings+10 Sat Jan 15 01:08:00 CST 1 Payment
sleepiness-50 Sat Jan 15 03:36:00 CST 1 Working
income+10 Sat Jan 15 03:36:00 CST 1 New Income
savings+10 Sat Jan 15 03:36:00 CST 1 Payment
