age+0 Sat Jan 01 01:31:00 CST 1 creation
sleepiness-50 Sat Jan 01 04:39:00 CST 1 Working
income+10 Sat Jan 01 04:39:00 CST 1 New Income
debt-10 Sat Jan 01 04:39:00 CST 1 Payment
sleepiness-50 Sat Jan 01 06:36:00 CST 1 Working
income+10 Sat Jan 01 06:36:00 CST 1 New Income
debt-10 Sat Jan 01 06:36:00 CST 1 Payment
sleepiness+100 Sat Jan 01 09:14:00 CST 1 Going home
sleepiness-50 Sat Jan 01 12:44:00 CST 1 Working
income+10 Sat Jan 01 12:44:00 CST 1 New Income
debt-10 Sat Jan 01 12:44:00 CST 1 Payment
sleepiness-50 Sat Jan 01 18:01:00 CST 1 Working
income+10 Sat Jan 01 18:01:00 CST 1 New Income
debt-10 Sat Jan 01 18:01:00 CST 1 Payment
sleepiness+100 Sat Jan 01 23:29:00 CST 1 Going home
sleepiness-50 Sun Jan 02 02:43:00 CST 1 Working
income+10 Sun Jan 02 02:43:00 CST 1 New Income
debt-10 Sun Jan 02 02:43:00 CST 1 Payment
sleepiness-50 Sun Jan 02 07:30:00 CST 1 Working
income+10 Sun Jan 02 07:30:00 CST 1 New Income
debt-10 Sun Jan 02 07:30:00 CST 1 Payment
sleepiness+100 Mon Jan 03 01:16:00 CST 1 Going home
sleepiness-50 Mon Jan 03 03:24:00 CST 1 Working
income+10 Mon Jan 03 03:24:00 CST 1 New Income
debt-10 Mon Jan 03 03:24:00 CST 1 Payment
sleepiness-50 Mon Jan 03 05:53:00 CST 1 Working
income+10 Mon Jan 03 05:53:00 CST 1 New Income
debt-10 Mon Jan 03 05:53:00 CST 1 Payment
sleepiness+100 Mon Jan 03 09:34:00 CST 1 Going home
sleepiness-50 Mon Jan 03 12:17:00 CST 1 Working
income+10 Mon Jan 03 12:17:00 CST 1 New Income
debt-10 Mon Jan 03 12:17:00 CST 1 Payment
sleepiness-50 Mon Jan 03 13:28:00 CST 1 Working
income+10 Mon Jan 03 13:28:00 CST 1 New Income
savings+10 Mon Jan 03 13:28:00 CST 1 Payment
income+0 Mon Jan 03 13:53:00 CST 1 Bought a House
bills+0 Mon Jan 03 13:53:00 CST 1 Bought a House
taxes+0 Mon Jan 03 13:53:00 CST 1 Bought a House
savings+44 Mon Jan 03 13:53:00 CST 1 Bought a House
debt+56 Mon Jan 03 13:53:00 CST 1 Bought a House
N/A+0 Sat Jan 08 00:00:00 CST 1 death
