age+0 Sat Jan 01 01:31:00 CST 1 creation
sleepiness-50 Sat Jan 01 04:31:00 CST 1 Working
income+10 Sat Jan 01 04:31:00 CST 1 New Income
debt-10 Sat Jan 01 04:31:00 CST 1 Payment
sleepiness-50 Sat Jan 01 07:10:00 CST 1 Working
income+10 Sat Jan 01 07:10:00 CST 1 New Income
debt-10 Sat Jan 01 07:10:00 CST 1 Payment
sleepiness+100 Sat Jan 01 09:47:00 CST 1 Going home
sleepiness-50 Sat Jan 01 11:27:00 CST 1 Working
income+10 Sat Jan 01 11:27:00 CST 1 New Income
debt-10 Sat Jan 01 11:27:00 CST 1 Payment
sleepiness-50 Sat Jan 01 15:42:00 CST 1 Working
income+10 Sat Jan 01 15:42:00 CST 1 New Income
debt-10 Sat Jan 01 15:42:00 CST 1 Payment
sleepiness+100 Sun Jan 02 00:11:00 CST 1 Going home
sleepiness-50 Sun Jan 02 03:35:00 CST 1 Working
income+10 Sun Jan 02 03:35:00 CST 1 New Income
debt-10 Sun Jan 02 03:35:00 CST 1 Payment
sleepiness-50 Sun Jan 02 08:22:00 CST 1 Working
income+10 Sun Jan 02 08:22:00 CST 1 New Income
debt-10 Sun Jan 02 08:22:00 CST 1 Payment
sleepiness+100 Mon Jan 03 01:16:00 CST 1 Going home
sleepiness-50 Mon Jan 03 03:24:00 CST 1 Working
income+10 Mon Jan 03 03:24:00 CST 1 New Income
debt-10 Mon Jan 03 03:24:00 CST 1 Payment
income+0 Mon Jan 03 04:13:00 CST 1 Bought a House
bills+0 Mon Jan 03 04:13:00 CST 1 Bought a House
taxes+0 Mon Jan 03 04:13:00 CST 1 Bought a House
savings+84 Mon Jan 03 04:13:00 CST 1 Bought a House
debt+16 Mon Jan 03 04:13:00 CST 1 Bought a House
sleepiness-50 Mon Jan 03 05:53:00 CST 1 Working
income+10 Mon Jan 03 05:53:00 CST 1 New Income
debt-10 Mon Jan 03 05:53:00 CST 1 Payment
thirst+90 Tue Jan 04 10:54:00 CST 1 Getting water
N/A+0 Thu Jan 06 00:00:00 CST 1 death
