age+0 Wed Jan 12 12:12:00 CST 1 creation
sleepiness-50 Wed Jan 12 12:14:00 CST 1 Working
income+10 Wed Jan 12 12:14:00 CST 1 New Income
debt-10 Wed Jan 12 12:14:00 CST 1 Payment
sleepiness-50 Wed Jan 12 12:40:00 CST 1 Working
income+10 Wed Jan 12 12:40:00 CST 1 New Income
debt-10 Wed Jan 12 12:40:00 CST 1 Payment
companionship+10 Wed Jan 12 18:20:00 CST 1 Procreating
sleepiness-10 Wed Jan 12 18:20:00 CST 1 Procreating
sleepiness+100 Wed Jan 12 23:43:00 CST 1 Going home
sleepiness-50 Thu Jan 13 00:15:00 CST 1 Working
income+10 Thu Jan 13 00:15:00 CST 1 New Income
debt-10 Thu Jan 13 00:15:00 CST 1 Payment
sleepiness-50 Thu Jan 13 01:05:00 CST 1 Working
income+10 Thu Jan 13 01:05:00 CST 1 New Income
debt-10 Thu Jan 13 01:05:00 CST 1 Payment
sleepiness+100 Thu Jan 13 01:15:00 CST 1 Going home
sleepiness-50 Thu Jan 13 02:05:00 CST 1 Working
income+10 Thu Jan 13 02:05:00 CST 1 New Income
debt-10 Thu Jan 13 02:05:00 CST 1 Payment
sleepiness-50 Thu Jan 13 02:55:00 CST 1 Working
income+10 Thu Jan 13 02:55:00 CST 1 New Income
savings+10 Thu Jan 13 02:55:00 CST 1 Payment
sleepiness+100 Thu Jan 13 03:05:00 CST 1 Going home
sleepiness-50 Thu Jan 13 03:55:00 CST 1 Working
income+10 Thu Jan 13 03:55:00 CST 1 New Income
savings+10 Thu Jan 13 03:55:00 CST 1 Payment
sleepiness-50 Thu Jan 13 04:51:00 CST 1 Working
income+10 Thu Jan 13 04:51:00 CST 1 New Income
savings+10 Thu Jan 13 04:51:00 CST 1 Payment
sleepiness+100 Thu Jan 13 05:39:00 CST 1 Going home
sleepiness-50 Thu Jan 13 06:17:00 CST 1 Working
income+10 Thu Jan 13 06:17:00 CST 1 New Income
savings+10 Thu Jan 13 06:17:00 CST 1 Payment
sleepiness-50 Thu Jan 13 07:06:00 CST 1 Working
income+10 Thu Jan 13 07:06:00 CST 1 New Income
savings+10 Thu Jan 13 07:06:00 CST 1 Payment
sleepiness+100 Thu Jan 13 07:20:00 CST 1 Going home
sleepiness-50 Thu Jan 13 08:05:00 CST 1 Working
income+10 Thu Jan 13 08:05:00 CST 1 New Income
savings+10 Thu Jan 13 08:05:00 CST 1 Payment
sleepiness-50 Thu Jan 13 08:55:00 CST 1 Working
income+10 Thu Jan 13 08:55:00 CST 1 New Income
savings+10 Thu Jan 13 08:55:00 CST 1 Payment
sleepiness+100 Thu Jan 13 21:08:00 CST 1 Going home
sleepiness-50 Thu Jan 13 22:04:00 CST 1 Working
income+10 Thu Jan 13 22:04:00 CST 1 New Income
savings+10 Thu Jan 13 22:04:00 CST 1 Payment
sleepiness-50 Thu Jan 13 22:46:00 CST 1 Working
income+10 Thu Jan 13 22:46:00 CST 1 New Income
savings+10 Thu Jan 13 22:46:00 CST 1 Payment
sleepiness+100 Thu Jan 13 23:22:00 CST 1 Going home
sleepiness-50 Thu Jan 13 23:49:00 CST 1 Working
income+10 Thu Jan 13 23:49:00 CST 1 New Income
savings+10 Thu Jan 13 23:49:00 CST 1 Payment
sleepiness-50 Fri Jan 14 00:07:00 CST 1 Working
income+10 Fri Jan 14 00:07:00 CST 1 New Income
savings+10 Fri Jan 14 00:07:00 CST 1 Payment
sleepiness+100 Fri Jan 14 00:18:00 CST 1 Going home
sleepiness-50 Fri Jan 14 01:15:00 CST 1 Working
income+10 Fri Jan 14 01:15:00 CST 1 New Income
savings+10 Fri Jan 14 01:15:00 CST 1 Payment
sleepiness-50 Fri Jan 14 01:35:00 CST 1 Working
income+10 Fri Jan 14 01:35:00 CST 1 New Income
savings+10 Fri Jan 14 01:35:00 CST 1 Payment
sleepiness+100 Fri Jan 14 01:46:00 CST 1 Going home
sleepiness-50 Fri Jan 14 02:43:00 CST 1 Working
income+10 Fri Jan 14 02:43:00 CST 1 New Income
savings+10 Fri Jan 14 02:43:00 CST 1 Payment
sleepiness-50 Fri Jan 14 03:13:00 CST 1 Working
income+10 Fri Jan 14 03:13:00 CST 1 New Income
savings+10 Fri Jan 14 03:13:00 CST 1 Payment
sleepiness+100 Fri Jan 14 03:55:00 CST 1 Going home
sleepiness-50 Fri Jan 14 04:22:00 CST 1 Working
income+10 Fri Jan 14 04:22:00 CST 1 New Income
savings+10 Fri Jan 14 04:22:00 CST 1 Payment
sleepiness-50 Fri Jan 14 04:42:00 CST 1 Working
income+10 Fri Jan 14 04:42:00 CST 1 New Income
savings+10 Fri Jan 14 04:42:00 CST 1 Payment
sleepiness+100 Fri Jan 14 05:35:00 CST 1 Going home
sleepiness-50 Fri Jan 14 06:29:00 CST 1 Working
income+10 Fri Jan 14 06:29:00 CST 1 New Income
savings+10 Fri Jan 14 06:29:00 CST 1 Payment
sleepiness-50 Fri Jan 14 07:00:00 CST 1 Working
income+10 Fri Jan 14 07:00:00 CST 1 New Income
savings+10 Fri Jan 14 07:00:00 CST 1 Payment
sleepiness+100 Fri Jan 14 07:15:00 CST 1 Going home
sleepiness-50 Fri Jan 14 07:31:00 CST 1 Working
income+10 Fri Jan 14 07:31:00 CST 1 New Income
savings+10 Fri Jan 14 07:31:00 CST 1 Payment
sleepiness-50 Fri Jan 14 08:17:00 CST 1 Working
income+10 Fri Jan 14 08:17:00 CST 1 New Income
savings+10 Fri Jan 14 08:17:00 CST 1 Payment
sleepiness+100 Fri Jan 14 21:11:00 CST 1 Going home
sleepiness-50 Fri Jan 14 21:51:00 CST 1 Working
income+10 Fri Jan 14 21:51:00 CST 1 New Income
savings+10 Fri Jan 14 21:51:00 CST 1 Payment
sleepiness-50 Fri Jan 14 22:38:00 CST 1 Working
income+10 Fri Jan 14 22:38:00 CST 1 New Income
savings+10 Fri Jan 14 22:38:00 CST 1 Payment
sleepiness+100 Fri Jan 14 23:36:00 CST 1 Going home
sleepiness-50 Sat Jan 15 00:00:00 CST 1 Working
income+10 Sat Jan 15 00:00:00 CST 1 New Income
savings+10 Sat Jan 15 00:00:00 CST 1 Payment
sleepiness-50 Sat Jan 15 00:31:00 CST 1 Working
income+10 Sat Jan 15 00:31:00 CST 1 New Income
savings+10 Sat Jan 15 00:31:00 CST 1 Payment
trust+10 Sat Jan 15 03:15:00 CST 1 Voting
