age+0 Sat Jan 01 08:03:00 CST 1 creation
sleepiness-50 Sat Jan 01 09:20:00 CST 1 Working
income+10 Sat Jan 01 09:20:00 CST 1 New Income
debt-10 Sat Jan 01 09:20:00 CST 1 Payment
sleepiness-50 Sat Jan 01 13:56:00 CST 1 Working
income+10 Sat Jan 01 13:56:00 CST 1 New Income
savings+10 Sat Jan 01 13:56:00 CST 1 Payment
thirst+90 Fri Jan 07 15:55:00 CST 1 Getting water
sleepiness+100 Wed Jan 12 00:30:00 CST 1 Going home
sleepiness-50 Wed Jan 12 05:17:00 CST 1 Working
income+10 Wed Jan 12 05:17:00 CST 1 New Income
savings+10 Wed Jan 12 05:17:00 CST 1 Payment
sleepiness-50 Wed Jan 12 09:09:00 CST 1 Working
income+10 Wed Jan 12 09:09:00 CST 1 New Income
savings+10 Wed Jan 12 09:09:00 CST 1 Payment
sleepiness+100 Wed Jan 12 22:38:00 CST 1 Going home
sleepiness-50 Thu Jan 13 02:20:00 CST 1 Working
income+10 Thu Jan 13 02:20:00 CST 1 New Income
savings+10 Thu Jan 13 02:20:00 CST 1 Payment
sleepiness-50 Thu Jan 13 04:44:00 CST 1 Working
income+10 Thu Jan 13 04:44:00 CST 1 New Income
savings+10 Thu Jan 13 04:44:00 CST 1 Payment
sleepiness+100 Thu Jan 13 09:05:00 CST 1 Going home
sleepiness-50 Thu Jan 13 11:10:00 CST 1 Working
income+10 Thu Jan 13 11:10:00 CST 1 New Income
savings+10 Thu Jan 13 11:10:00 CST 1 Payment
sleepiness-50 Thu Jan 13 14:14:00 CST 1 Working
income+10 Thu Jan 13 14:14:00 CST 1 New Income
savings+10 Thu Jan 13 14:14:00 CST 1 Payment
sleepiness+100 Fri Jan 14 01:28:00 CST 1 Going home
sleepiness-50 Fri Jan 14 06:26:00 CST 1 Working
income+10 Fri Jan 14 06:26:00 CST 1 New Income
savings+10 Fri Jan 14 06:26:00 CST 1 Payment
sleepiness-50 Fri Jan 14 10:38:00 CST 1 Working
income+10 Fri Jan 14 10:38:00 CST 1 New Income
savings+10 Fri Jan 14 10:38:00 CST 1 Payment
sleepiness+100 Fri Jan 14 23:34:00 CST 1 Going home
sleepiness-50 Sat Jan 15 02:58:00 CST 1 Working
income+10 Sat Jan 15 02:58:00 CST 1 New Income
savings+10 Sat Jan 15 02:58:00 CST 1 Payment
