age+0 Sat Jan 01 12:03:00 CST 1 creation
sleepiness-50 Sat Jan 01 12:05:00 CST 1 Working
income+10 Sat Jan 01 12:05:00 CST 1 New Income
debt-10 Sat Jan 01 12:05:00 CST 1 Payment
sleepiness-50 Sat Jan 01 12:22:00 CST 1 Working
income+10 Sat Jan 01 12:22:00 CST 1 New Income
debt-10 Sat Jan 01 12:22:00 CST 1 Payment
sleepiness+100 Sat Jan 01 22:17:00 CST 1 Going home
sleepiness-50 Sat Jan 01 23:07:00 CST 1 Working
income+10 Sat Jan 01 23:07:00 CST 1 New Income
debt-10 Sat Jan 01 23:07:00 CST 1 Payment
sleepiness-50 Sat Jan 01 23:57:00 CST 1 Working
income+10 Sat Jan 01 23:57:00 CST 1 New Income
debt-10 Sat Jan 01 23:57:00 CST 1 Payment
sleepiness+100 Sun Jan 02 00:18:00 CST 1 Going home
sleepiness-50 Sun Jan 02 00:44:00 CST 1 Working
income+10 Sun Jan 02 00:44:00 CST 1 New Income
debt-10 Sun Jan 02 00:44:00 CST 1 Payment
sleepiness-50 Sun Jan 02 01:10:00 CST 1 Working
income+10 Sun Jan 02 01:10:00 CST 1 New Income
debt-10 Sun Jan 02 01:10:00 CST 1 Payment
sleepiness+100 Sun Jan 02 01:25:00 CST 1 Going home
sleepiness-50 Sun Jan 02 02:11:00 CST 1 Working
income+10 Sun Jan 02 02:11:00 CST 1 New Income
debt-10 Sun Jan 02 02:11:00 CST 1 Payment
sleepiness-50 Sun Jan 02 02:44:00 CST 1 Working
income+10 Sun Jan 02 02:44:00 CST 1 New Income
debt-10 Sun Jan 02 02:44:00 CST 1 Payment
thirst+90 Tue Jan 04 23:18:00 CST 1 Getting water
companionship+10 Wed Jan 05 01:32:00 CST 1 Procreating
sleepiness-10 Wed Jan 05 01:32:00 CST 1 Procreating
thirst+90 Tue Jan 11 07:17:00 CST 1 Getting water
