age+0 Sat Jan 01 05:07:00 CST 1 creation
income+0 Sat Jan 01 05:07:00 CST 1 Bought a House
bills+0 Sat Jan 01 05:07:00 CST 1 Bought a House
taxes+0 Sat Jan 01 05:07:00 CST 1 Bought a House
savings+95 Sat Jan 01 05:07:00 CST 1 Bought a House
debt+5 Sat Jan 01 05:07:00 CST 1 Bought a House
sleepiness-50 Sat Jan 01 05:14:00 CST 1 Working
income+10 Sat Jan 01 05:14:00 CST 1 New Income
debt-10 Sat Jan 01 05:14:00 CST 1 Payment
sleepiness-50 Sat Jan 01 05:47:00 CST 1 Working
income+10 Sat Jan 01 05:47:00 CST 1 New Income
debt-10 Sat Jan 01 05:47:00 CST 1 Payment
sleepiness+100 Sat Jan 01 07:42:00 CST 1 Going home
sleepiness-50 Sat Jan 01 11:27:00 CST 1 Working
income+10 Sat Jan 01 11:27:00 CST 1 New Income
debt-10 Sat Jan 01 11:27:00 CST 1 Payment
sleepiness-50 Sat Jan 01 12:50:00 CST 1 Working
income+10 Sat Jan 01 12:50:00 CST 1 New Income
debt-10 Sat Jan 01 12:50:00 CST 1 Payment
companionship+10 Sat Jan 01 17:57:00 CST 1 Procreating
sleepiness-10 Sat Jan 01 17:57:00 CST 1 Procreating
sleepiness+100 Sat Jan 01 22:35:00 CST 1 Going home
sleepiness-50 Sun Jan 02 02:19:00 CST 1 Working
income+10 Sun Jan 02 02:19:00 CST 1 New Income
debt-10 Sun Jan 02 02:19:00 CST 1 Payment
sleepiness-50 Sun Jan 02 07:06:00 CST 1 Working
income+10 Sun Jan 02 07:06:00 CST 1 New Income
debt-10 Sun Jan 02 07:06:00 CST 1 Payment
thirst+90 Thu Jan 06 02:20:00 CST 1 Getting water
thirst+90 Wed Jan 12 08:13:00 CST 1 Getting water
sleepiness+100 Fri Jan 14 05:27:00 CST 1 Going home
sleepiness-50 Fri Jan 14 09:15:00 CST 1 Working
income+10 Fri Jan 14 09:15:00 CST 1 New Income
debt-10 Fri Jan 14 09:15:00 CST 1 Payment
sleepiness-50 Fri Jan 14 11:16:00 CST 1 Working
income+10 Fri Jan 14 11:16:00 CST 1 New Income
debt-10 Fri Jan 14 11:16:00 CST 1 Payment
sleepiness+100 Sat Jan 15 02:05:00 CST 1 Going home
