age+0 Sat Jan 01 01:31:00 CST 1 creation
income+0 Sat Jan 01 01:31:00 CST 1 Bought a House
bills+0 Sat Jan 01 01:31:00 CST 1 Bought a House
taxes+0 Sat Jan 01 01:31:00 CST 1 Bought a House
savings+44 Sat Jan 01 01:31:00 CST 1 Bought a House
debt+56 Sat Jan 01 01:31:00 CST 1 Bought a House
sleepiness-50 Sat Jan 01 04:23:00 CST 1 Working
income+10 Sat Jan 01 04:23:00 CST 1 New Income
debt-10 Sat Jan 01 04:23:00 CST 1 Payment
sleepiness-50 Sat Jan 01 07:02:00 CST 1 Working
income+10 Sat Jan 01 07:02:00 CST 1 New Income
debt-10 Sat Jan 01 07:02:00 CST 1 Payment
thirst+90 Sat Jan 01 23:23:00 CST 1 Getting water
companionship+10 Sun Jan 02 03:50:00 CST 1 Procreating
sleepiness-10 Sun Jan 02 03:50:00 CST 1 Procreating
sleepiness+100 Wed Jan 05 10:40:00 CST 1 Going home
sleepiness-50 Wed Jan 05 12:40:00 CST 1 Working
income+10 Wed Jan 05 12:40:00 CST 1 New Income
debt-10 Wed Jan 05 12:40:00 CST 1 Payment
sleepiness-50 Wed Jan 05 16:24:00 CST 1 Working
income+10 Wed Jan 05 16:24:00 CST 1 New Income
debt-10 Wed Jan 05 16:24:00 CST 1 Payment
sleepiness+100 Thu Jan 06 00:57:00 CST 1 Going home
sleepiness-50 Thu Jan 06 02:20:00 CST 1 Working
income+10 Thu Jan 06 02:20:00 CST 1 New Income
debt-10 Thu Jan 06 02:20:00 CST 1 Payment
sleepiness-50 Thu Jan 06 03:48:00 CST 1 Working
income+10 Thu Jan 06 03:48:00 CST 1 New Income
debt-10 Thu Jan 06 03:48:00 CST 1 Payment
sleepiness+100 Thu Jan 06 05:24:00 CST 1 Going home
sleepiness-50 Thu Jan 06 08:06:00 CST 1 Working
income+10 Thu Jan 06 08:06:00 CST 1 New Income
debt-10 Thu Jan 06 08:06:00 CST 1 Payment
sleepiness-50 Thu Jan 06 10:30:00 CST 1 Working
income+10 Thu Jan 06 10:30:00 CST 1 New Income
debt-10 Thu Jan 06 10:30:00 CST 1 Payment
sleepiness+100 Thu Jan 06 21:49:00 CST 1 Going home
sleepiness-50 Fri Jan 07 02:11:00 CST 1 Working
income+10 Fri Jan 07 02:11:00 CST 1 New Income
debt-10 Fri Jan 07 02:11:00 CST 1 Payment
sleepiness-50 Fri Jan 07 04:33:00 CST 1 Working
income+10 Fri Jan 07 04:33:00 CST 1 New Income
debt-10 Fri Jan 07 04:33:00 CST 1 Payment
sleepiness+100 Fri Jan 07 07:10:00 CST 1 Going home
sleepiness-50 Fri Jan 07 10:31:00 CST 1 Working
income+10 Fri Jan 07 10:31:00 CST 1 New Income
savings+10 Fri Jan 07 10:31:00 CST 1 Payment
sleepiness-50 Fri Jan 07 13:06:00 CST 1 Working
income+10 Fri Jan 07 13:06:00 CST 1 New Income
savings+10 Fri Jan 07 13:06:00 CST 1 Payment
sleepiness+100 Fri Jan 07 21:42:00 CST 1 Going home
sleepiness-50 Fri Jan 07 22:56:00 CST 1 Working
income+10 Fri Jan 07 22:56:00 CST 1 New Income
savings+10 Fri Jan 07 22:56:00 CST 1 Payment
sleepiness-50 Sat Jan 08 01:57:00 CST 1 Working
income+10 Sat Jan 08 01:57:00 CST 1 New Income
savings+10 Sat Jan 08 01:57:00 CST 1 Payment
trust+10 Sat Jan 08 05:49:00 CST 1 Voting
sleepiness+100 Sat Jan 08 08:28:00 CST 1 Going home
sleepiness-50 Sat Jan 08 12:30:00 CST 1 Working
income+10 Sat Jan 08 12:30:00 CST 1 New Income
savings+10 Sat Jan 08 12:30:00 CST 1 Payment
sleepiness-50 Sat Jan 08 17:23:00 CST 1 Working
income+10 Sat Jan 08 17:23:00 CST 1 New Income
savings+10 Sat Jan 08 17:23:00 CST 1 Payment
sleepiness+100 Sun Jan 09 00:45:00 CST 1 Going home
sleepiness-50 Sun Jan 09 03:02:00 CST 1 Working
income+10 Sun Jan 09 03:02:00 CST 1 New Income
savings+10 Sun Jan 09 03:02:00 CST 1 Payment
sleepiness-50 Sun Jan 09 03:34:00 CST 1 Working
income+10 Sun Jan 09 03:34:00 CST 1 New Income
savings+10 Sun Jan 09 03:34:00 CST 1 Payment
sleepiness+100 Sun Jan 09 05:43:00 CST 1 Going home
sleepiness-50 Sun Jan 09 07:41:00 CST 1 Working
income+10 Sun Jan 09 07:41:00 CST 1 New Income
savings+10 Sun Jan 09 07:41:00 CST 1 Payment
sleepiness-50 Sun Jan 09 08:30:00 CST 1 Working
income+10 Sun Jan 09 08:30:00 CST 1 New Income
savings+10 Sun Jan 09 08:30:00 CST 1 Payment
sleepiness+100 Sun Jan 09 22:34:00 CST 1 Going home
sleepiness-50 Mon Jan 10 03:05:00 CST 1 Working
income+10 Mon Jan 10 03:05:00 CST 1 New Income
savings+10 Mon Jan 10 03:05:00 CST 1 Payment
sleepiness-50 Mon Jan 10 05:41:00 CST 1 Working
income+10 Mon Jan 10 05:41:00 CST 1 New Income
savings+10 Mon Jan 10 05:41:00 CST 1 Payment
sleepiness+100 Mon Jan 10 09:27:00 CST 1 Going home
sleepiness-50 Mon Jan 10 10:26:00 CST 1 Working
income+10 Mon Jan 10 10:26:00 CST 1 New Income
savings+10 Mon Jan 10 10:26:00 CST 1 Payment
sleepiness-50 Mon Jan 10 13:47:00 CST 1 Working
income+10 Mon Jan 10 13:47:00 CST 1 New Income
savings+10 Mon Jan 10 13:47:00 CST 1 Payment
sleepiness+100 Mon Jan 10 22:57:00 CST 1 Going home
sleepiness-50 Tue Jan 11 02:15:00 CST 1 Working
income+10 Tue Jan 11 02:15:00 CST 1 New Income
savings+10 Tue Jan 11 02:15:00 CST 1 Payment
sleepiness-50 Tue Jan 11 06:46:00 CST 1 Working
income+10 Tue Jan 11 06:46:00 CST 1 New Income
savings+10 Tue Jan 11 06:46:00 CST 1 Payment
sleepiness+100 Tue Jan 11 07:41:00 CST 1 Going home
sleepiness-50 Tue Jan 11 10:22:00 CST 1 Working
income+10 Tue Jan 11 10:22:00 CST 1 New Income
savings+10 Tue Jan 11 10:22:00 CST 1 Payment
sleepiness-50 Tue Jan 11 14:22:00 CST 1 Working
income+10 Tue Jan 11 14:22:00 CST 1 New Income
savings+10 Tue Jan 11 14:22:00 CST 1 Payment
sleepiness+100 Wed Jan 12 00:01:00 CST 1 Going home
sleepiness-50 Wed Jan 12 03:00:00 CST 1 Working
income+10 Wed Jan 12 03:00:00 CST 1 New Income
savings+10 Wed Jan 12 03:00:00 CST 1 Payment
sleepiness-50 Wed Jan 12 06:42:00 CST 1 Working
income+10 Wed Jan 12 06:42:00 CST 1 New Income
savings+10 Wed Jan 12 06:42:00 CST 1 Payment
sleepiness+100 Wed Jan 12 07:36:00 CST 1 Going home
sleepiness-50 Wed Jan 12 09:20:00 CST 1 Working
income+10 Wed Jan 12 09:20:00 CST 1 New Income
savings+10 Wed Jan 12 09:20:00 CST 1 Payment
sleepiness-50 Wed Jan 12 12:33:00 CST 1 Working
income+10 Wed Jan 12 12:33:00 CST 1 New Income
savings+10 Wed Jan 12 12:33:00 CST 1 Payment
sleepiness+100 Wed Jan 12 22:37:00 CST 1 Going home
sleepiness-50 Thu Jan 13 00:27:00 CST 1 Working
income+10 Thu Jan 13 00:27:00 CST 1 New Income
savings+10 Thu Jan 13 00:27:00 CST 1 Payment
sleepiness-50 Thu Jan 13 02:55:00 CST 1 Working
income+10 Thu Jan 13 02:55:00 CST 1 New Income
savings+10 Thu Jan 13 02:55:00 CST 1 Payment
sleepiness+100 Thu Jan 13 06:50:00 CST 1 Going home
sleepiness-50 Thu Jan 13 10:16:00 CST 1 Working
income+10 Thu Jan 13 10:16:00 CST 1 New Income
savings+10 Thu Jan 13 10:16:00 CST 1 Payment
sleepiness-50 Thu Jan 13 15:30:00 CST 1 Working
income+10 Thu Jan 13 15:30:00 CST 1 New Income
savings+10 Thu Jan 13 15:30:00 CST 1 Payment
sleepiness+100 Thu Jan 13 23:36:00 CST 1 Going home
sleepiness-50 Fri Jan 14 03:32:00 CST 1 Working
income+10 Fri Jan 14 03:32:00 CST 1 New Income
savings+10 Fri Jan 14 03:32:00 CST 1 Payment
sleepiness-50 Fri Jan 14 07:31:00 CST 1 Working
income+10 Fri Jan 14 07:31:00 CST 1 New Income
savings+10 Fri Jan 14 07:31:00 CST 1 Payment
sleepiness+100 Fri Jan 14 08:32:00 CST 1 Going home
sleepiness-50 Fri Jan 14 11:33:00 CST 1 Working
income+10 Fri Jan 14 11:33:00 CST 1 New Income
savings+10 Fri Jan 14 11:33:00 CST 1 Payment
sleepiness-50 Fri Jan 14 12:45:00 CST 1 Working
income+10 Fri Jan 14 12:45:00 CST 1 New Income
savings+10 Fri Jan 14 12:45:00 CST 1 Payment
sleepiness+100 Fri Jan 14 22:40:00 CST 1 Going home
sleepiness-50 Sat Jan 15 00:34:00 CST 1 Working
income+10 Sat Jan 15 00:34:00 CST 1 New Income
savings+10 Sat Jan 15 00:34:00 CST 1 Payment
sleepiness-50 Sat Jan 15 03:23:00 CST 1 Working
income+10 Sat Jan 15 03:23:00 CST 1 New Income
savings+10 Sat Jan 15 03:23:00 CST 1 Payment
