age+0 Sat Jan 01 01:31:00 CST 1 creation
sleepiness-50 Sat Jan 01 01:32:00 CST 1 Working
income+10 Sat Jan 01 01:32:00 CST 1 New Income
debt-10 Sat Jan 01 01:32:00 CST 1 Payment
sleepiness-50 Sat Jan 01 02:16:00 CST 1 Working
income+10 Sat Jan 01 02:16:00 CST 1 New Income
debt-10 Sat Jan 01 02:16:00 CST 1 Payment
sleepiness+100 Sat Jan 01 03:08:00 CST 1 Going home
sleepiness-50 Sat Jan 01 03:43:00 CST 1 Working
income+10 Sat Jan 01 03:43:00 CST 1 New Income
debt-10 Sat Jan 01 03:43:00 CST 1 Payment
sleepiness-50 Sat Jan 01 04:32:00 CST 1 Working
income+10 Sat Jan 01 04:32:00 CST 1 New Income
debt-10 Sat Jan 01 04:32:00 CST 1 Payment
income+0 Sat Jan 01 04:38:00 CST 1 Bought a House
bills+0 Sat Jan 01 04:38:00 CST 1 Bought a House
taxes+0 Sat Jan 01 04:38:00 CST 1 Bought a House
savings+42 Sat Jan 01 04:38:00 CST 1 Bought a House
debt+58 Sat Jan 01 04:38:00 CST 1 Bought a House
sleepiness+100 Sat Jan 01 04:42:00 CST 1 Going home
sleepiness-50 Sat Jan 01 05:23:00 CST 1 Working
income+10 Sat Jan 01 05:23:00 CST 1 New Income
debt-10 Sat Jan 01 05:23:00 CST 1 Payment
sleepiness-50 Sat Jan 01 06:15:00 CST 1 Working
income+10 Sat Jan 01 06:15:00 CST 1 New Income
debt-10 Sat Jan 01 06:15:00 CST 1 Payment
N/A+0 Tue Jan 04 00:00:00 CST 1 death
