age+0 Sat Jan 01 11:16:00 CST 1 creation
sleepiness-50 Sat Jan 01 11:17:00 CST 1 Working
income+10 Sat Jan 01 11:17:00 CST 1 New Income
debt-10 Sat Jan 01 11:17:00 CST 1 Payment
sleepiness-50 Sat Jan 01 11:58:00 CST 1 Working
income+10 Sat Jan 01 11:58:00 CST 1 New Income
debt-10 Sat Jan 01 11:58:00 CST 1 Payment
sleepiness+100 Sun Jan 02 00:41:00 CST 1 Going home
sleepiness-50 Sun Jan 02 01:33:00 CST 1 Working
income+10 Sun Jan 02 01:33:00 CST 1 New Income
debt-10 Sun Jan 02 01:33:00 CST 1 Payment
sleepiness-50 Sun Jan 02 02:12:00 CST 1 Working
income+10 Sun Jan 02 02:12:00 CST 1 New Income
savings+10 Sun Jan 02 02:12:00 CST 1 Payment
income+0 Sun Jan 02 02:43:00 CST 1 Bought a House
bills+0 Sun Jan 02 02:43:00 CST 1 Bought a House
taxes+0 Sun Jan 02 02:43:00 CST 1 Bought a House
savings+70 Sun Jan 02 02:43:00 CST 1 Bought a House
debt+30 Sun Jan 02 02:43:00 CST 1 Bought a House
sleepiness+100 Sun Jan 02 02:48:00 CST 1 Going home
sleepiness-50 Sun Jan 02 03:46:00 CST 1 Working
income+10 Sun Jan 02 03:46:00 CST 1 New Income
debt-10 Sun Jan 02 03:46:00 CST 1 Payment
sleepiness-50 Sun Jan 02 04:18:00 CST 1 Working
income+10 Sun Jan 02 04:18:00 CST 1 New Income
debt-10 Sun Jan 02 04:18:00 CST 1 Payment
thirst+90 Wed Jan 05 05:52:00 CST 1 Getting water
companionship+10 Sat Jan 08 04:42:00 CST 1 Procreating
sleepiness-10 Sat Jan 08 04:42:00 CST 1 Procreating
N/A+0 Mon Jan 10 00:00:00 CST 1 death
