age+0 Sat Jan 01 01:31:00 CST 1 creation
hunger+96 Sat Jan 01 02:07:00 CST 1 Getting food
sleepiness-50 Sat Jan 01 05:39:00 CST 1 Working
income+10 Sat Jan 01 05:39:00 CST 1 New Income
debt-10 Sat Jan 01 05:39:00 CST 1 Payment
sleepiness-50 Sat Jan 01 08:16:00 CST 1 Working
income+10 Sat Jan 01 08:16:00 CST 1 New Income
debt-10 Sat Jan 01 08:16:00 CST 1 Payment
companionship+10 Sat Jan 01 11:49:00 CST 1 Procreating
sleepiness-10 Sat Jan 01 11:49:00 CST 1 Procreating
sleepiness+100 Sat Jan 01 22:35:00 CST 1 Going home
sleepiness-50 Sun Jan 02 02:19:00 CST 1 Working
income+10 Sun Jan 02 02:19:00 CST 1 New Income
debt-10 Sun Jan 02 02:19:00 CST 1 Payment
sleepiness-50 Sun Jan 02 07:06:00 CST 1 Working
income+10 Sun Jan 02 07:06:00 CST 1 New Income
debt-10 Sun Jan 02 07:06:00 CST 1 Payment
thirst+90 Fri Jan 07 16:54:00 CST 1 Getting water
thirst+90 Thu Jan 13 22:47:00 CST 1 Getting water
sleepiness+100 Sat Jan 15 03:37:00 CST 1 Going home
