age+0 Sat Jan 01 11:16:00 CST 1 creation
income+0 Sat Jan 01 11:16:00 CST 1 Bought a House
bills+0 Sat Jan 01 11:16:00 CST 1 Bought a House
taxes+0 Sat Jan 01 11:16:00 CST 1 Bought a House
savings+78 Sat Jan 01 11:16:00 CST 1 Bought a House
debt+22 Sat Jan 01 11:16:00 CST 1 Bought a House
thirst+96 Sat Jan 01 11:21:00 CST 1 Getting water
sleepiness-50 Sat Jan 01 11:33:00 CST 1 Working
income+10 Sat Jan 01 11:33:00 CST 1 New Income
debt-10 Sat Jan 01 11:33:00 CST 1 Payment
sleepiness-50 Sat Jan 01 12:18:00 CST 1 Working
income+10 Sat Jan 01 12:18:00 CST 1 New Income
debt-10 Sat Jan 01 12:18:00 CST 1 Payment
sleepiness+100 Mon Jan 03 08:14:00 CST 1 Going home
sleepiness-50 Mon Jan 03 09:07:00 CST 1 Working
income+10 Mon Jan 03 09:07:00 CST 1 New Income
debt-10 Mon Jan 03 09:07:00 CST 1 Payment
sleepiness-50 Mon Jan 03 09:57:00 CST 1 Working
income+10 Mon Jan 03 09:57:00 CST 1 New Income
debt-10 Mon Jan 03 09:57:00 CST 1 Payment
sleepiness+100 Mon Jan 03 21:07:00 CST 1 Going home
sleepiness-50 Mon Jan 03 22:01:00 CST 1 Working
income+10 Mon Jan 03 22:01:00 CST 1 New Income
debt-10 Mon Jan 03 22:01:00 CST 1 Payment
sleepiness-50 Mon Jan 03 22:51:00 CST 1 Working
income+10 Mon Jan 03 22:51:00 CST 1 New Income
debt-10 Mon Jan 03 22:51:00 CST 1 Payment
sleepiness+100 Mon Jan 03 23:04:00 CST 1 Going home
sleepiness-50 Mon Jan 03 23:58:00 CST 1 Working
income+10 Mon Jan 03 23:58:00 CST 1 New Income
debt-10 Mon Jan 03 23:58:00 CST 1 Payment
N/A+0 Wed Jan 05 00:00:00 CST 1 death
