age+0 Sun Jan 02 06:09:00 CST 1 creation
sleepiness-50 Sun Jan 02 08:12:00 CST 1 Working
income+10 Sun Jan 02 08:12:00 CST 1 New Income
debt-10 Sun Jan 02 08:12:00 CST 1 Payment
sleepiness-50 Sun Jan 02 14:32:00 CST 1 Working
income+10 Sun Jan 02 14:32:00 CST 1 New Income
debt-10 Sun Jan 02 14:32:00 CST 1 Payment
thirst+90 Wed Jan 05 23:03:00 CST 1 Getting water
thirst+90 Wed Jan 12 04:54:00 CST 1 Getting water
sleepiness+100 Wed Jan 12 23:39:00 CST 1 Going home
sleepiness-50 Thu Jan 13 00:00:00 CST 1 Working
income+10 Thu Jan 13 00:00:00 CST 1 New Income
debt-10 Thu Jan 13 00:00:00 CST 1 Payment
sleepiness-50 Thu Jan 13 02:57:00 CST 1 Working
income+10 Thu Jan 13 02:57:00 CST 1 New Income
debt-10 Thu Jan 13 02:57:00 CST 1 Payment
sleepiness+100 Thu Jan 13 04:48:00 CST 1 Going home
sleepiness-50 Thu Jan 13 09:09:00 CST 1 Working
income+10 Thu Jan 13 09:09:00 CST 1 New Income
debt-10 Thu Jan 13 09:09:00 CST 1 Payment
sleepiness-50 Thu Jan 13 11:33:00 CST 1 Working
income+10 Thu Jan 13 11:33:00 CST 1 New Income
debt-10 Thu Jan 13 11:33:00 CST 1 Payment
