age+0 Sat Jan 01 01:31:00 CST 1 creation
sleepiness-50 Sat Jan 01 01:33:00 CST 1 Working
income+10 Sat Jan 01 01:33:00 CST 1 New Income
debt-10 Sat Jan 01 01:33:00 CST 1 Payment
sleepiness-50 Sat Jan 01 04:39:00 CST 1 Working
income+10 Sat Jan 01 04:39:00 CST 1 New Income
debt-10 Sat Jan 01 04:39:00 CST 1 Payment
sleepiness+100 Sat Jan 01 06:08:00 CST 1 Going home
sleepiness-50 Sat Jan 01 09:46:00 CST 1 Working
income+10 Sat Jan 01 09:46:00 CST 1 New Income
debt-10 Sat Jan 01 09:46:00 CST 1 Payment
income+0 Sat Jan 01 10:18:00 CST 1 Bought a House
bills+0 Sat Jan 01 10:18:00 CST 1 Bought a House
taxes+0 Sat Jan 01 10:18:00 CST 1 Bought a House
savings+70 Sat Jan 01 10:18:00 CST 1 Bought a House
debt+30 Sat Jan 01 10:18:00 CST 1 Bought a House
sleepiness-50 Sat Jan 01 14:06:00 CST 1 Working
income+10 Sat Jan 01 14:06:00 CST 1 New Income
debt-10 Sat Jan 01 14:06:00 CST 1 Payment
thirst+90 Sat Jan 01 23:23:00 CST 1 Getting water
companionship+10 Tue Jan 04 01:24:00 CST 1 Procreating
sleepiness-10 Tue Jan 04 01:24:00 CST 1 Procreating
thirst+90 Sat Jan 08 07:13:00 CST 1 Getting water
sleepiness+100 Wed Jan 12 23:29:00 CST 1 Going home
sleepiness-50 Thu Jan 13 04:08:00 CST 1 Working
income+10 Thu Jan 13 04:08:00 CST 1 New Income
debt-10 Thu Jan 13 04:08:00 CST 1 Payment
sleepiness-50 Thu Jan 13 08:00:00 CST 1 Working
income+10 Thu Jan 13 08:00:00 CST 1 New Income
debt-10 Thu Jan 13 08:00:00 CST 1 Payment
sleepiness+100 Thu Jan 13 23:11:00 CST 1 Going home
sleepiness-50 Fri Jan 14 03:21:00 CST 1 Working
income+10 Fri Jan 14 03:21:00 CST 1 New Income
debt-10 Fri Jan 14 03:21:00 CST 1 Payment
sleepiness-50 Fri Jan 14 05:56:00 CST 1 Working
income+10 Fri Jan 14 05:56:00 CST 1 New Income
debt-10 Fri Jan 14 05:56:00 CST 1 Payment
sleepiness+100 Fri Jan 14 10:41:00 CST 1 Going home
sleepiness-50 Fri Jan 14 12:30:00 CST 1 Working
income+10 Fri Jan 14 12:30:00 CST 1 New Income
debt-10 Fri Jan 14 12:30:00 CST 1 Payment
sleepiness-50 Fri Jan 14 14:47:00 CST 1 Working
income+10 Fri Jan 14 14:47:00 CST 1 New Income
debt-10 Fri Jan 14 14:47:00 CST 1 Payment
sleepiness+100 Fri Jan 14 23:50:00 CST 1 Going home
sleepiness-50 Sat Jan 15 00:56:00 CST 1 Working
income+10 Sat Jan 15 00:56:00 CST 1 New Income
debt-10 Sat Jan 15 00:56:00 CST 1 Payment
sleepiness-50 Sat Jan 15 01:15:00 CST 1 Working
income+10 Sat Jan 15 01:15:00 CST 1 New Income
debt-10 Sat Jan 15 01:15:00 CST 1 Payment
sleepiness+100 Sat Jan 15 01:57:00 CST 1 Going home
