age+0 Mon Jan 10 04:44:00 CST 1 creation
sleepiness-50 Mon Jan 10 06:07:00 CST 1 Working
income+10 Mon Jan 10 06:07:00 CST 1 New Income
debt-10 Mon Jan 10 06:07:00 CST 1 Payment
sleepiness-50 Mon Jan 10 06:14:00 CST 1 Working
income+10 Mon Jan 10 06:14:00 CST 1 New Income
debt-10 Mon Jan 10 06:14:00 CST 1 Payment
companionship+10 Thu Jan 13 05:30:00 CST 1 Procreating
sleepiness-10 Thu Jan 13 05:30:00 CST 1 Procreating
sleepiness+100 Fri Jan 14 22:39:00 CST 1 Going home
sleepiness-50 Sat Jan 15 01:47:00 CST 1 Working
income+10 Sat Jan 15 01:47:00 CST 1 New Income
debt-10 Sat Jan 15 01:47:00 CST 1 Payment
sleepiness-50 Sat Jan 15 05:09:00 CST 1 Working
income+10 Sat Jan 15 05:09:00 CST 1 New Income
debt-10 Sat Jan 15 05:09:00 CST 1 Payment
sleepiness+100 Sat Jan 15 07:31:00 CST 1 Going home
sleepiness-50 Sat Jan 15 12:26:00 CST 1 Working
income+10 Sat Jan 15 12:26:00 CST 1 New Income
debt-10 Sat Jan 15 12:26:00 CST 1 Payment
