age+0 Sat Jan 01 18:11:00 CST 1 creation
sleepiness-50 Sat Jan 01 18:17:00 CST 1 Working
income+10 Sat Jan 01 18:17:00 CST 1 New Income
debt-10 Sat Jan 01 18:17:00 CST 1 Payment
sleepiness-50 Sat Jan 01 18:37:00 CST 1 Working
income+10 Sat Jan 01 18:37:00 CST 1 New Income
debt-10 Sat Jan 01 18:37:00 CST 1 Payment
sleepiness+100 Sun Jan 02 01:52:00 CST 1 Going home
sleepiness-50 Sun Jan 02 02:11:00 CST 1 Working
income+10 Sun Jan 02 02:11:00 CST 1 New Income
debt-10 Sun Jan 02 02:11:00 CST 1 Payment
sleepiness-50 Sun Jan 02 03:01:00 CST 1 Working
income+10 Sun Jan 02 03:01:00 CST 1 New Income
debt-10 Sun Jan 02 03:01:00 CST 1 Payment
income+0 Sun Jan 02 03:07:00 CST 1 Bought a House
bills+0 Sun Jan 02 03:07:00 CST 1 Bought a House
taxes+0 Sun Jan 02 03:07:00 CST 1 Bought a House
savings+82 Sun Jan 02 03:07:00 CST 1 Bought a House
debt+18 Sun Jan 02 03:07:00 CST 1 Bought a House
sleepiness+100 Sun Jan 02 03:13:00 CST 1 Going home
sleepiness-50 Sun Jan 02 03:47:00 CST 1 Working
income+10 Sun Jan 02 03:47:00 CST 1 New Income
debt-10 Sun Jan 02 03:47:00 CST 1 Payment
sleepiness-50 Sun Jan 02 04:27:00 CST 1 Working
income+10 Sun Jan 02 04:27:00 CST 1 New Income
debt-10 Sun Jan 02 04:27:00 CST 1 Payment
companionship+10 Fri Jan 07 04:13:00 CST 1 Procreating
sleepiness-10 Fri Jan 07 04:13:00 CST 1 Procreating
thirst+90 Sat Jan 08 01:10:00 CST 1 Getting water
sleepiness+100 Thu Jan 13 05:23:00 CST 1 Going home
sleepiness-50 Thu Jan 13 05:52:00 CST 1 Working
income+10 Thu Jan 13 05:52:00 CST 1 New Income
debt-10 Thu Jan 13 05:52:00 CST 1 Payment
sleepiness-50 Thu Jan 13 06:31:00 CST 1 Working
income+10 Thu Jan 13 06:31:00 CST 1 New Income
debt-10 Thu Jan 13 06:31:00 CST 1 Payment
sleepiness+100 Thu Jan 13 06:48:00 CST 1 Going home
sleepiness-50 Thu Jan 13 07:26:00 CST 1 Working
income+10 Thu Jan 13 07:26:00 CST 1 New Income
debt-10 Thu Jan 13 07:26:00 CST 1 Payment
sleepiness-50 Thu Jan 13 08:05:00 CST 1 Working
income+10 Thu Jan 13 08:05:00 CST 1 New Income
debt-10 Thu Jan 13 08:05:00 CST 1 Payment
sleepiness+100 Thu Jan 13 21:13:00 CST 1 Going home
sleepiness-50 Thu Jan 13 22:14:00 CST 1 Working
income+10 Thu Jan 13 22:14:00 CST 1 New Income
debt-10 Thu Jan 13 22:14:00 CST 1 Payment
sleepiness-50 Thu Jan 13 23:14:00 CST 1 Working
income+10 Thu Jan 13 23:14:00 CST 1 New Income
debt-10 Thu Jan 13 23:14:00 CST 1 Payment
sleepiness+100 Thu Jan 13 23:42:00 CST 1 Going home
sleepiness-50 Fri Jan 14 00:10:00 CST 1 Working
income+10 Fri Jan 14 00:10:00 CST 1 New Income
debt-10 Fri Jan 14 00:10:00 CST 1 Payment
sleepiness-50 Fri Jan 14 00:37:00 CST 1 Working
income+10 Fri Jan 14 00:37:00 CST 1 New Income
debt-10 Fri Jan 14 00:37:00 CST 1 Payment
sleepiness+100 Fri Jan 14 01:39:00 CST 1 Going home
sleepiness-50 Fri Jan 14 01:29:00 CST 1 Working
income+10 Fri Jan 14 01:29:00 CST 1 New Income
savings+10 Fri Jan 14 01:29:00 CST 1 Payment
sleepiness-50 Fri Jan 14 02:19:00 CST 1 Working
income+10 Fri Jan 14 02:19:00 CST 1 New Income
savings+10 Fri Jan 14 02:19:00 CST 1 Payment
sleepiness+100 Fri Jan 14 02:46:00 CST 1 Going home
sleepiness-50 Fri Jan 14 03:29:00 CST 1 Working
income+10 Fri Jan 14 03:29:00 CST 1 New Income
savings+10 Fri Jan 14 03:29:00 CST 1 Payment
sleepiness-50 Fri Jan 14 04:19:00 CST 1 Working
income+10 Fri Jan 14 04:19:00 CST 1 New Income
savings+10 Fri Jan 14 04:19:00 CST 1 Payment
sleepiness+100 Fri Jan 14 04:46:00 CST 1 Going home
sleepiness-50 Fri Jan 14 05:29:00 CST 1 Working
income+10 Fri Jan 14 05:29:00 CST 1 New Income
savings+10 Fri Jan 14 05:29:00 CST 1 Payment
sleepiness-50 Fri Jan 14 06:19:00 CST 1 Working
income+10 Fri Jan 14 06:19:00 CST 1 New Income
savings+10 Fri Jan 14 06:19:00 CST 1 Payment
sleepiness+100 Fri Jan 14 06:46:00 CST 1 Going home
sleepiness-50 Fri Jan 14 07:30:00 CST 1 Working
income+10 Fri Jan 14 07:30:00 CST 1 New Income
savings+10 Fri Jan 14 07:30:00 CST 1 Payment
sleepiness-50 Fri Jan 14 08:20:00 CST 1 Working
income+10 Fri Jan 14 08:20:00 CST 1 New Income
savings+10 Fri Jan 14 08:20:00 CST 1 Payment
sleepiness+100 Fri Jan 14 21:20:00 CST 1 Going home
sleepiness-50 Fri Jan 14 22:26:00 CST 1 Working
income+10 Fri Jan 14 22:26:00 CST 1 New Income
savings+10 Fri Jan 14 22:26:00 CST 1 Payment
sleepiness-50 Fri Jan 14 22:33:00 CST 1 Working
income+10 Fri Jan 14 22:33:00 CST 1 New Income
savings+10 Fri Jan 14 22:33:00 CST 1 Payment
sleepiness+100 Fri Jan 14 22:58:00 CST 1 Going home
sleepiness-50 Fri Jan 14 23:43:00 CST 1 Working
income+10 Fri Jan 14 23:43:00 CST 1 New Income
savings+10 Fri Jan 14 23:43:00 CST 1 Payment
sleepiness-50 Fri Jan 14 23:56:00 CST 1 Working
income+10 Fri Jan 14 23:56:00 CST 1 New Income
savings+10 Fri Jan 14 23:56:00 CST 1 Payment
sleepiness+100 Sat Jan 15 00:58:00 CST 1 Going home
sleepiness-50 Sat Jan 15 02:06:00 CST 1 Working
income+10 Sat Jan 15 02:06:00 CST 1 New Income
savings+10 Sat Jan 15 02:06:00 CST 1 Payment
sleepiness-50 Sat Jan 15 02:57:00 CST 1 Working
income+10 Sat Jan 15 02:57:00 CST 1 New Income
savings+10 Sat Jan 15 02:57:00 CST 1 Payment
sleepiness+100 Sat Jan 15 04:05:00 CST 1 Going home
sleepiness-50 Sat Jan 15 04:55:00 CST 1 Working
income+10 Sat Jan 15 04:55:00 CST 1 New Income
savings+10 Sat Jan 15 04:55:00 CST 1 Payment
sleepiness-50 Sat Jan 15 05:17:00 CST 1 Working
income+10 Sat Jan 15 05:17:00 CST 1 New Income
savings+10 Sat Jan 15 05:17:00 CST 1 Payment
sleepiness+100 Sat Jan 15 06:27:00 CST 1 Going home
sleepiness-50 Sat Jan 15 07:22:00 CST 1 Working
income+10 Sat Jan 15 07:22:00 CST 1 New Income
savings+10 Sat Jan 15 07:22:00 CST 1 Payment
sleepiness-50 Sat Jan 15 07:47:00 CST 1 Working
income+10 Sat Jan 15 07:47:00 CST 1 New Income
savings+10 Sat Jan 15 07:47:00 CST 1 Payment
thirst+90 Sat Jan 15 12:34:00 CST 1 Getting water
