age+0 Sat Jan 01 01:31:00 CST 1 creation
sleepiness-50 Sat Jan 01 01:32:00 CST 1 Working
income+10 Sat Jan 01 01:32:00 CST 1 New Income
debt-10 Sat Jan 01 01:32:00 CST 1 Payment
sleepiness-50 Sat Jan 01 02:15:00 CST 1 Working
income+10 Sat Jan 01 02:15:00 CST 1 New Income
debt-10 Sat Jan 01 02:15:00 CST 1 Payment
sleepiness+100 Sat Jan 01 04:14:00 CST 1 Going home
sleepiness-50 Sat Jan 01 04:35:00 CST 1 Working
income+10 Sat Jan 01 04:35:00 CST 1 New Income
debt-10 Sat Jan 01 04:35:00 CST 1 Payment
sleepiness-50 Sat Jan 01 05:24:00 CST 1 Working
income+10 Sat Jan 01 05:24:00 CST 1 New Income
debt-10 Sat Jan 01 05:24:00 CST 1 Payment
sleepiness+100 Sat Jan 01 05:35:00 CST 1 Going home
sleepiness-50 Sat Jan 01 06:17:00 CST 1 Working
income+10 Sat Jan 01 06:17:00 CST 1 New Income
savings+10 Sat Jan 01 06:17:00 CST 1 Payment
sleepiness-50 Sat Jan 01 06:50:00 CST 1 Working
income+10 Sat Jan 01 06:50:00 CST 1 New Income
savings+10 Sat Jan 01 06:50:00 CST 1 Payment
income+0 Sat Jan 01 06:56:00 CST 1 Bought a House
bills+0 Sat Jan 01 06:56:00 CST 1 Bought a House
taxes+0 Sat Jan 01 06:56:00 CST 1 Bought a House
savings+50 Sat Jan 01 06:56:00 CST 1 Bought a House
debt+50 Sat Jan 01 06:56:00 CST 1 Bought a House
sleepiness+100 Sat Jan 01 07:04:00 CST 1 Going home
sleepiness-50 Sat Jan 01 07:43:00 CST 1 Working
income+10 Sat Jan 01 07:43:00 CST 1 New Income
debt-10 Sat Jan 01 07:43:00 CST 1 Payment
sleepiness-50 Sat Jan 01 08:03:00 CST 1 Working
income+10 Sat Jan 01 08:03:00 CST 1 New Income
debt-10 Sat Jan 01 08:03:00 CST 1 Payment
N/A+0 Tue Jan 04 00:00:00 CST 1 death
