age+0 Sat Jan 01 01:31:00 CST 1 creation
thirst+93 Sat Jan 01 02:15:00 CST 1 Getting water
sleepiness-50 Sat Jan 01 02:31:00 CST 1 Working
income+10 Sat Jan 01 02:31:00 CST 1 New Income
debt-10 Sat Jan 01 02:31:00 CST 1 Payment
sleepiness-50 Sat Jan 01 02:44:00 CST 1 Working
income+10 Sat Jan 01 02:44:00 CST 1 New Income
debt-10 Sat Jan 01 02:44:00 CST 1 Payment
income+0 Sat Jan 01 02:50:00 CST 1 Bought a House
bills+0 Sat Jan 01 02:50:00 CST 1 Bought a House
taxes+0 Sat Jan 01 02:50:00 CST 1 Bought a House
savings+70 Sat Jan 01 02:50:00 CST 1 Bought a House
debt+30 Sat Jan 01 02:50:00 CST 1 Bought a House
sleepiness+100 Sat Jan 01 05:01:00 CST 1 Going home
sleepiness-50 Sat Jan 01 05:58:00 CST 1 Working
income+10 Sat Jan 01 05:58:00 CST 1 New Income
debt-10 Sat Jan 01 05:58:00 CST 1 Payment
sleepiness-50 Sat Jan 01 06:11:00 CST 1 Working
income+10 Sat Jan 01 06:11:00 CST 1 New Income
debt-10 Sat Jan 01 06:11:00 CST 1 Payment
companionship+10 Sat Jan 01 08:03:00 CST 1 Procreating
sleepiness-10 Sat Jan 01 08:03:00 CST 1 Procreating
sleepiness+100 Thu Jan 06 23:40:00 CST 1 Going home
sleepiness-50 Fri Jan 07 00:30:00 CST 1 Working
income+10 Fri Jan 07 00:30:00 CST 1 New Income
debt-10 Fri Jan 07 00:30:00 CST 1 Payment
sleepiness-50 Fri Jan 07 01:19:00 CST 1 Working
income+10 Fri Jan 07 01:19:00 CST 1 New Income
debt-10 Fri Jan 07 01:19:00 CST 1 Payment
sleepiness+100 Fri Jan 07 01:28:00 CST 1 Going home
sleepiness-50 Fri Jan 07 01:37:00 CST 1 Working
income+10 Fri Jan 07 01:37:00 CST 1 New Income
debt-10 Fri Jan 07 01:37:00 CST 1 Payment
sleepiness-50 Fri Jan 07 02:26:00 CST 1 Working
income+10 Fri Jan 07 02:26:00 CST 1 New Income
debt-10 Fri Jan 07 02:26:00 CST 1 Payment
sleepiness+100 Fri Jan 07 02:35:00 CST 1 Going home
sleepiness-50 Fri Jan 07 02:44:00 CST 1 Working
income+10 Fri Jan 07 02:44:00 CST 1 New Income
debt-10 Fri Jan 07 02:44:00 CST 1 Payment
sleepiness-50 Fri Jan 07 03:38:00 CST 1 Working
income+10 Fri Jan 07 03:38:00 CST 1 New Income
debt-10 Fri Jan 07 03:38:00 CST 1 Payment
sleepiness+100 Fri Jan 07 04:10:00 CST 1 Going home
sleepiness-50 Fri Jan 07 04:26:00 CST 1 Working
income+10 Fri Jan 07 04:26:00 CST 1 New Income
debt-10 Fri Jan 07 04:26:00 CST 1 Payment
sleepiness-50 Fri Jan 07 04:58:00 CST 1 Working
income+10 Fri Jan 07 04:58:00 CST 1 New Income
debt-10 Fri Jan 07 04:58:00 CST 1 Payment
sleepiness+100 Fri Jan 07 05:11:00 CST 1 Going home
sleepiness-50 Fri Jan 07 05:27:00 CST 1 Working
income+10 Fri Jan 07 05:27:00 CST 1 New Income
savings+10 Fri Jan 07 05:27:00 CST 1 Payment
sleepiness-50 Fri Jan 07 06:39:00 CST 1 Working
income+10 Fri Jan 07 06:39:00 CST 1 New Income
savings+10 Fri Jan 07 06:39:00 CST 1 Payment
sleepiness+100 Fri Jan 07 06:12:00 CST 1 Going home
sleepiness-50 Fri Jan 07 06:35:00 CST 1 Working
income+10 Fri Jan 07 06:35:00 CST 1 New Income
savings+10 Fri Jan 07 06:35:00 CST 1 Payment
sleepiness-50 Fri Jan 07 07:07:00 CST 1 Working
income+10 Fri Jan 07 07:07:00 CST 1 New Income
savings+10 Fri Jan 07 07:07:00 CST 1 Payment
sleepiness+100 Fri Jan 07 07:20:00 CST 1 Going home
sleepiness-50 Fri Jan 07 07:43:00 CST 1 Working
income+10 Fri Jan 07 07:43:00 CST 1 New Income
savings+10 Fri Jan 07 07:43:00 CST 1 Payment
sleepiness-50 Fri Jan 07 08:15:00 CST 1 Working
income+10 Fri Jan 07 08:15:00 CST 1 New Income
savings+10 Fri Jan 07 08:15:00 CST 1 Payment
sleepiness+100 Fri Jan 07 21:07:00 CST 1 Going home
sleepiness-50 Fri Jan 07 21:23:00 CST 1 Working
income+10 Fri Jan 07 21:23:00 CST 1 New Income
savings+10 Fri Jan 07 21:23:00 CST 1 Payment
sleepiness-50 Fri Jan 07 21:55:00 CST 1 Working
income+10 Fri Jan 07 21:55:00 CST 1 New Income
savings+10 Fri Jan 07 21:55:00 CST 1 Payment
sleepiness+100 Fri Jan 07 22:08:00 CST 1 Going home
sleepiness-50 Fri Jan 07 22:24:00 CST 1 Working
income+10 Fri Jan 07 22:24:00 CST 1 New Income
savings+10 Fri Jan 07 22:24:00 CST 1 Payment
sleepiness-50 Fri Jan 07 22:57:00 CST 1 Working
income+10 Fri Jan 07 22:57:00 CST 1 New Income
savings+10 Fri Jan 07 22:57:00 CST 1 Payment
sleepiness+100 Fri Jan 07 23:10:00 CST 1 Going home
sleepiness-50 Fri Jan 07 23:32:00 CST 1 Working
income+10 Fri Jan 07 23:32:00 CST 1 New Income
savings+10 Fri Jan 07 23:32:00 CST 1 Payment
sleepiness-50 Sat Jan 08 00:03:00 CST 1 Working
income+10 Sat Jan 08 00:03:00 CST 1 New Income
savings+10 Sat Jan 08 00:03:00 CST 1 Payment
sleepiness+100 Sat Jan 08 00:16:00 CST 1 Going home
sleepiness-50 Sat Jan 08 00:32:00 CST 1 Working
income+10 Sat Jan 08 00:32:00 CST 1 New Income
savings+10 Sat Jan 08 00:32:00 CST 1 Payment
sleepiness-50 Sat Jan 08 01:04:00 CST 1 Working
income+10 Sat Jan 08 01:04:00 CST 1 New Income
savings+10 Sat Jan 08 01:04:00 CST 1 Payment
sleepiness+100 Sat Jan 08 01:17:00 CST 1 Going home
sleepiness-50 Sat Jan 08 01:40:00 CST 1 Working
income+10 Sat Jan 08 01:40:00 CST 1 New Income
savings+10 Sat Jan 08 01:40:00 CST 1 Payment
sleepiness-50 Sat Jan 08 02:13:00 CST 1 Working
income+10 Sat Jan 08 02:13:00 CST 1 New Income
savings+10 Sat Jan 08 02:13:00 CST 1 Payment
sleepiness+100 Sat Jan 08 02:26:00 CST 1 Going home
sleepiness-50 Sat Jan 08 02:42:00 CST 1 Working
income+10 Sat Jan 08 02:42:00 CST 1 New Income
savings+10 Sat Jan 08 02:42:00 CST 1 Payment
sleepiness-50 Sat Jan 08 03:17:00 CST 1 Working
income+10 Sat Jan 08 03:17:00 CST 1 New Income
savings+10 Sat Jan 08 03:17:00 CST 1 Payment
sleepiness+100 Sat Jan 08 04:15:00 CST 1 Going home
sleepiness-50 Sat Jan 08 05:10:00 CST 1 Working
income+10 Sat Jan 08 05:10:00 CST 1 New Income
savings+10 Sat Jan 08 05:10:00 CST 1 Payment
sleepiness-50 Sat Jan 08 06:00:00 CST 1 Working
income+10 Sat Jan 08 06:00:00 CST 1 New Income
savings+10 Sat Jan 08 06:00:00 CST 1 Payment
sleepiness+100 Sat Jan 08 06:14:00 CST 1 Going home
sleepiness-50 Sat Jan 08 07:08:00 CST 1 Working
income+10 Sat Jan 08 07:08:00 CST 1 New Income
savings+10 Sat Jan 08 07:08:00 CST 1 Payment
sleepiness-50 Sat Jan 08 07:58:00 CST 1 Working
income+10 Sat Jan 08 07:58:00 CST 1 New Income
savings+10 Sat Jan 08 07:58:00 CST 1 Payment
thirst+90 Sat Jan 08 11:48:00 CST 1 Getting water
sleepiness+100 Sat Jan 08 21:17:00 CST 1 Going home
sleepiness-50 Sat Jan 08 21:42:00 CST 1 Working
income+10 Sat Jan 08 21:42:00 CST 1 New Income
savings+10 Sat Jan 08 21:42:00 CST 1 Payment
sleepiness-50 Sat Jan 08 22:23:00 CST 1 Working
income+10 Sat Jan 08 22:23:00 CST 1 New Income
savings+10 Sat Jan 08 22:23:00 CST 1 Payment
sleepiness+100 Sat Jan 08 23:18:00 CST 1 Going home
sleepiness-50 Sun Jan 09 00:11:00 CST 1 Working
income+10 Sun Jan 09 00:11:00 CST 1 New Income
savings+10 Sun Jan 09 00:11:00 CST 1 Payment
sleepiness-50 Sun Jan 09 00:37:00 CST 1 Working
income+10 Sun Jan 09 00:37:00 CST 1 New Income
savings+10 Sun Jan 09 00:37:00 CST 1 Payment
sleepiness+100 Sun Jan 09 00:52:00 CST 1 Going home
sleepiness-50 Sun Jan 09 01:37:00 CST 1 Working
income+10 Sun Jan 09 01:37:00 CST 1 New Income
savings+10 Sun Jan 09 01:37:00 CST 1 Payment
sleepiness-50 Sun Jan 09 02:03:00 CST 1 Working
income+10 Sun Jan 09 02:03:00 CST 1 New Income
savings+10 Sun Jan 09 02:03:00 CST 1 Payment
sleepiness+100 Sun Jan 09 02:18:00 CST 1 Going home
sleepiness-50 Sun Jan 09 03:15:00 CST 1 Working
income+10 Sun Jan 09 03:15:00 CST 1 New Income
savings+10 Sun Jan 09 03:15:00 CST 1 Payment
sleepiness-50 Sun Jan 09 03:35:00 CST 1 Working
income+10 Sun Jan 09 03:35:00 CST 1 New Income
savings+10 Sun Jan 09 03:35:00 CST 1 Payment
sleepiness+100 Sun Jan 09 03:48:00 CST 1 Going home
sleepiness-50 Sun Jan 09 04:45:00 CST 1 Working
income+10 Sun Jan 09 04:45:00 CST 1 New Income
savings+10 Sun Jan 09 04:45:00 CST 1 Payment
sleepiness-50 Sun Jan 09 04:58:00 CST 1 Working
income+10 Sun Jan 09 04:58:00 CST 1 New Income
savings+10 Sun Jan 09 04:58:00 CST 1 Payment
sleepiness+100 Sun Jan 09 05:11:00 CST 1 Going home
sleepiness-50 Sun Jan 09 06:08:00 CST 1 Working
income+10 Sun Jan 09 06:08:00 CST 1 New Income
savings+10 Sun Jan 09 06:08:00 CST 1 Payment
sleepiness-50 Sun Jan 09 06:27:00 CST 1 Working
income+10 Sun Jan 09 06:27:00 CST 1 New Income
savings+10 Sun Jan 09 06:27:00 CST 1 Payment
sleepiness+100 Sun Jan 09 06:40:00 CST 1 Going home
sleepiness-50 Sun Jan 09 07:37:00 CST 1 Working
income+10 Sun Jan 09 07:37:00 CST 1 New Income
savings+10 Sun Jan 09 07:37:00 CST 1 Payment
sleepiness-50 Sun Jan 09 07:57:00 CST 1 Working
income+10 Sun Jan 09 07:57:00 CST 1 New Income
savings+10 Sun Jan 09 07:57:00 CST 1 Payment
sleepiness+100 Sun Jan 09 21:07:00 CST 1 Going home
sleepiness-50 Sun Jan 09 22:04:00 CST 1 Working
income+10 Sun Jan 09 22:04:00 CST 1 New Income
savings+10 Sun Jan 09 22:04:00 CST 1 Payment
sleepiness-50 Sun Jan 09 22:23:00 CST 1 Working
income+10 Sun Jan 09 22:23:00 CST 1 New Income
savings+10 Sun Jan 09 22:23:00 CST 1 Payment
sleepiness+100 Sun Jan 09 22:36:00 CST 1 Going home
sleepiness-50 Sun Jan 09 23:33:00 CST 1 Working
income+10 Sun Jan 09 23:33:00 CST 1 New Income
savings+10 Sun Jan 09 23:33:00 CST 1 Payment
sleepiness-50 Sun Jan 09 23:52:00 CST 1 Working
income+10 Sun Jan 09 23:52:00 CST 1 New Income
savings+10 Sun Jan 09 23:52:00 CST 1 Payment
sleepiness+100 Mon Jan 10 00:03:00 CST 1 Going home
sleepiness-50 Mon Jan 10 01:00:00 CST 1 Working
income+10 Mon Jan 10 01:00:00 CST 1 New Income
savings+10 Mon Jan 10 01:00:00 CST 1 Payment
sleepiness-50 Mon Jan 10 01:20:00 CST 1 Working
income+10 Mon Jan 10 01:20:00 CST 1 New Income
savings+10 Mon Jan 10 01:20:00 CST 1 Payment
sleepiness+100 Mon Jan 10 01:33:00 CST 1 Going home
sleepiness-50 Mon Jan 10 02:30:00 CST 1 Working
income+10 Mon Jan 10 02:30:00 CST 1 New Income
savings+10 Mon Jan 10 02:30:00 CST 1 Payment
sleepiness-50 Mon Jan 10 02:50:00 CST 1 Working
income+10 Mon Jan 10 02:50:00 CST 1 New Income
savings+10 Mon Jan 10 02:50:00 CST 1 Payment
sleepiness+100 Mon Jan 10 03:03:00 CST 1 Going home
sleepiness-50 Mon Jan 10 04:00:00 CST 1 Working
income+10 Mon Jan 10 04:00:00 CST 1 New Income
savings+10 Mon Jan 10 04:00:00 CST 1 Payment
sleepiness-50 Mon Jan 10 04:19:00 CST 1 Working
income+10 Mon Jan 10 04:19:00 CST 1 New Income
savings+10 Mon Jan 10 04:19:00 CST 1 Payment
sleepiness+100 Mon Jan 10 04:32:00 CST 1 Going home
sleepiness-50 Mon Jan 10 05:29:00 CST 1 Working
income+10 Mon Jan 10 05:29:00 CST 1 New Income
savings+10 Mon Jan 10 05:29:00 CST 1 Payment
sleepiness-50 Mon Jan 10 05:49:00 CST 1 Working
income+10 Mon Jan 10 05:49:00 CST 1 New Income
savings+10 Mon Jan 10 05:49:00 CST 1 Payment
sleepiness+100 Mon Jan 10 06:02:00 CST 1 Going home
sleepiness-50 Mon Jan 10 07:01:00 CST 1 Working
income+10 Mon Jan 10 07:01:00 CST 1 New Income
savings+10 Mon Jan 10 07:01:00 CST 1 Payment
sleepiness-50 Mon Jan 10 07:21:00 CST 1 Working
income+10 Mon Jan 10 07:21:00 CST 1 New Income
savings+10 Mon Jan 10 07:21:00 CST 1 Payment
sleepiness+100 Mon Jan 10 07:36:00 CST 1 Going home
sleepiness-50 Mon Jan 10 07:58:00 CST 1 Working
income+10 Mon Jan 10 07:58:00 CST 1 New Income
savings+10 Mon Jan 10 07:58:00 CST 1 Payment
sleepiness-50 Mon Jan 10 08:18:00 CST 1 Working
income+10 Mon Jan 10 08:18:00 CST 1 New Income
savings+10 Mon Jan 10 08:18:00 CST 1 Payment
sleepiness+100 Mon Jan 10 21:09:00 CST 1 Going home
sleepiness-50 Mon Jan 10 21:25:00 CST 1 Working
income+10 Mon Jan 10 21:25:00 CST 1 New Income
savings+10 Mon Jan 10 21:25:00 CST 1 Payment
sleepiness-50 Mon Jan 10 21:55:00 CST 1 Working
income+10 Mon Jan 10 21:55:00 CST 1 New Income
savings+10 Mon Jan 10 21:55:00 CST 1 Payment
sleepiness+100 Mon Jan 10 22:28:00 CST 1 Going home
sleepiness-50 Mon Jan 10 22:51:00 CST 1 Working
income+10 Mon Jan 10 22:51:00 CST 1 New Income
savings+10 Mon Jan 10 22:51:00 CST 1 Payment
sleepiness-50 Mon Jan 10 23:23:00 CST 1 Working
income+10 Mon Jan 10 23:23:00 CST 1 New Income
savings+10 Mon Jan 10 23:23:00 CST 1 Payment
sleepiness+100 Mon Jan 10 23:39:00 CST 1 Going home
sleepiness-50 Tue Jan 11 00:36:00 CST 1 Working
income+10 Tue Jan 11 00:36:00 CST 1 New Income
savings+10 Tue Jan 11 00:36:00 CST 1 Payment
sleepiness-50 Tue Jan 11 01:08:00 CST 1 Working
income+10 Tue Jan 11 01:08:00 CST 1 New Income
savings+10 Tue Jan 11 01:08:00 CST 1 Payment
sleepiness+100 Tue Jan 11 01:24:00 CST 1 Going home
sleepiness-50 Tue Jan 11 02:23:00 CST 1 Working
income+10 Tue Jan 11 02:23:00 CST 1 New Income
savings+10 Tue Jan 11 02:23:00 CST 1 Payment
sleepiness-50 Tue Jan 11 02:56:00 CST 1 Working
income+10 Tue Jan 11 02:56:00 CST 1 New Income
savings+10 Tue Jan 11 02:56:00 CST 1 Payment
sleepiness+100 Tue Jan 11 03:11:00 CST 1 Going home
sleepiness-50 Tue Jan 11 04:10:00 CST 1 Working
income+10 Tue Jan 11 04:10:00 CST 1 New Income
savings+10 Tue Jan 11 04:10:00 CST 1 Payment
sleepiness-50 Tue Jan 11 04:43:00 CST 1 Working
income+10 Tue Jan 11 04:43:00 CST 1 New Income
savings+10 Tue Jan 11 04:43:00 CST 1 Payment
sleepiness+100 Tue Jan 11 05:39:00 CST 1 Going home
sleepiness-50 Tue Jan 11 05:58:00 CST 1 Working
income+10 Tue Jan 11 05:58:00 CST 1 New Income
savings+10 Tue Jan 11 05:58:00 CST 1 Payment
sleepiness-50 Tue Jan 11 06:30:00 CST 1 Working
income+10 Tue Jan 11 06:30:00 CST 1 New Income
savings+10 Tue Jan 11 06:30:00 CST 1 Payment
sleepiness+100 Tue Jan 11 06:46:00 CST 1 Going home
sleepiness-50 Tue Jan 11 07:45:00 CST 1 Working
income+10 Tue Jan 11 07:45:00 CST 1 New Income
savings+10 Tue Jan 11 07:45:00 CST 1 Payment
sleepiness-50 Tue Jan 11 08:17:00 CST 1 Working
income+10 Tue Jan 11 08:17:00 CST 1 New Income
savings+10 Tue Jan 11 08:17:00 CST 1 Payment
sleepiness+100 Tue Jan 11 21:10:00 CST 1 Going home
sleepiness-50 Tue Jan 11 22:09:00 CST 1 Working
income+10 Tue Jan 11 22:09:00 CST 1 New Income
savings+10 Tue Jan 11 22:09:00 CST 1 Payment
sleepiness-50 Tue Jan 11 22:41:00 CST 1 Working
income+10 Tue Jan 11 22:41:00 CST 1 New Income
savings+10 Tue Jan 11 22:41:00 CST 1 Payment
sleepiness+100 Tue Jan 11 22:57:00 CST 1 Going home
sleepiness-50 Tue Jan 11 23:56:00 CST 1 Working
income+10 Tue Jan 11 23:56:00 CST 1 New Income
savings+10 Tue Jan 11 23:56:00 CST 1 Payment
sleepiness-50 Wed Jan 12 00:26:00 CST 1 Working
income+10 Wed Jan 12 00:26:00 CST 1 New Income
savings+10 Wed Jan 12 00:26:00 CST 1 Payment
sleepiness+100 Wed Jan 12 00:42:00 CST 1 Going home
sleepiness-50 Wed Jan 12 01:41:00 CST 1 Working
income+10 Wed Jan 12 01:41:00 CST 1 New Income
savings+10 Wed Jan 12 01:41:00 CST 1 Payment
sleepiness-50 Wed Jan 12 02:13:00 CST 1 Working
income+10 Wed Jan 12 02:13:00 CST 1 New Income
savings+10 Wed Jan 12 02:13:00 CST 1 Payment
sleepiness+100 Wed Jan 12 02:29:00 CST 1 Going home
sleepiness-50 Wed Jan 12 03:28:00 CST 1 Working
income+10 Wed Jan 12 03:28:00 CST 1 New Income
savings+10 Wed Jan 12 03:28:00 CST 1 Payment
sleepiness-50 Wed Jan 12 04:01:00 CST 1 Working
income+10 Wed Jan 12 04:01:00 CST 1 New Income
savings+10 Wed Jan 12 04:01:00 CST 1 Payment
sleepiness+100 Wed Jan 12 04:17:00 CST 1 Going home
sleepiness-50 Wed Jan 12 05:19:00 CST 1 Working
income+10 Wed Jan 12 05:19:00 CST 1 New Income
savings+10 Wed Jan 12 05:19:00 CST 1 Payment
sleepiness-50 Wed Jan 12 05:51:00 CST 1 Working
income+10 Wed Jan 12 05:51:00 CST 1 New Income
savings+10 Wed Jan 12 05:51:00 CST 1 Payment
sleepiness+100 Wed Jan 12 06:11:00 CST 1 Going home
sleepiness-50 Wed Jan 12 06:50:00 CST 1 Working
income+10 Wed Jan 12 06:50:00 CST 1 New Income
savings+10 Wed Jan 12 06:50:00 CST 1 Payment
sleepiness-50 Wed Jan 12 07:22:00 CST 1 Working
income+10 Wed Jan 12 07:22:00 CST 1 New Income
savings+10 Wed Jan 12 07:22:00 CST 1 Payment
sleepiness+100 Wed Jan 12 07:42:00 CST 1 Going home
sleepiness-50 Wed Jan 12 08:21:00 CST 1 Working
income+10 Wed Jan 12 08:21:00 CST 1 New Income
savings+10 Wed Jan 12 08:21:00 CST 1 Payment
sleepiness-50 Wed Jan 12 08:55:00 CST 1 Working
income+10 Wed Jan 12 08:55:00 CST 1 New Income
savings+10 Wed Jan 12 08:55:00 CST 1 Payment
sleepiness+100 Wed Jan 12 21:14:00 CST 1 Going home
sleepiness-50 Wed Jan 12 22:17:00 CST 1 Working
income+10 Wed Jan 12 22:17:00 CST 1 New Income
savings+10 Wed Jan 12 22:17:00 CST 1 Payment
sleepiness-50 Wed Jan 12 22:56:00 CST 1 Working
income+10 Wed Jan 12 22:56:00 CST 1 New Income
savings+10 Wed Jan 12 22:56:00 CST 1 Payment
sleepiness+100 Wed Jan 12 23:16:00 CST 1 Going home
sleepiness-50 Thu Jan 13 00:17:00 CST 1 Working
income+10 Thu Jan 13 00:17:00 CST 1 New Income
savings+10 Thu Jan 13 00:17:00 CST 1 Payment
sleepiness-50 Thu Jan 13 01:07:00 CST 1 Working
income+10 Thu Jan 13 01:07:00 CST 1 New Income
savings+10 Thu Jan 13 01:07:00 CST 1 Payment
sleepiness+100 Thu Jan 13 01:27:00 CST 1 Going home
sleepiness-50 Thu Jan 13 02:30:00 CST 1 Working
income+10 Thu Jan 13 02:30:00 CST 1 New Income
savings+10 Thu Jan 13 02:30:00 CST 1 Payment
sleepiness-50 Thu Jan 13 03:20:00 CST 1 Working
income+10 Thu Jan 13 03:20:00 CST 1 New Income
savings+10 Thu Jan 13 03:20:00 CST 1 Payment
sleepiness+100 Thu Jan 13 03:40:00 CST 1 Going home
sleepiness-50 Thu Jan 13 04:43:00 CST 1 Working
income+10 Thu Jan 13 04:43:00 CST 1 New Income
savings+10 Thu Jan 13 04:43:00 CST 1 Payment
sleepiness-50 Thu Jan 13 05:33:00 CST 1 Working
income+10 Thu Jan 13 05:33:00 CST 1 New Income
savings+10 Thu Jan 13 05:33:00 CST 1 Payment
sleepiness+100 Thu Jan 13 05:53:00 CST 1 Going home
sleepiness-50 Thu Jan 13 06:55:00 CST 1 Working
income+10 Thu Jan 13 06:55:00 CST 1 New Income
savings+10 Thu Jan 13 06:55:00 CST 1 Payment
sleepiness-50 Thu Jan 13 07:45:00 CST 1 Working
income+10 Thu Jan 13 07:45:00 CST 1 New Income
savings+10 Thu Jan 13 07:45:00 CST 1 Payment
sleepiness+100 Thu Jan 13 08:05:00 CST 1 Going home
sleepiness-50 Thu Jan 13 09:08:00 CST 1 Working
income+10 Thu Jan 13 09:08:00 CST 1 New Income
savings+10 Thu Jan 13 09:08:00 CST 1 Payment
sleepiness-50 Thu Jan 13 10:06:00 CST 1 Working
income+10 Thu Jan 13 10:06:00 CST 1 New Income
savings+10 Thu Jan 13 10:06:00 CST 1 Payment
sleepiness+100 Thu Jan 13 21:17:00 CST 1 Going home
sleepiness-50 Thu Jan 13 22:20:00 CST 1 Working
income+10 Thu Jan 13 22:20:00 CST 1 New Income
savings+10 Thu Jan 13 22:20:00 CST 1 Payment
sleepiness-50 Thu Jan 13 22:46:00 CST 1 Working
income+10 Thu Jan 13 22:46:00 CST 1 New Income
savings+10 Thu Jan 13 22:46:00 CST 1 Payment
sleepiness+100 Thu Jan 13 23:09:00 CST 1 Going home
sleepiness-50 Fri Jan 14 00:10:00 CST 1 Working
income+10 Fri Jan 14 00:10:00 CST 1 New Income
savings+10 Fri Jan 14 00:10:00 CST 1 Payment
sleepiness-50 Fri Jan 14 00:36:00 CST 1 Working
income+10 Fri Jan 14 00:36:00 CST 1 New Income
savings+10 Fri Jan 14 00:36:00 CST 1 Payment
sleepiness+100 Fri Jan 14 01:39:00 CST 1 Going home
sleepiness-50 Fri Jan 14 02:02:00 CST 1 Working
income+10 Fri Jan 14 02:02:00 CST 1 New Income
savings+10 Fri Jan 14 02:02:00 CST 1 Payment
sleepiness-50 Fri Jan 14 02:28:00 CST 1 Working
income+10 Fri Jan 14 02:28:00 CST 1 New Income
savings+10 Fri Jan 14 02:28:00 CST 1 Payment
sleepiness+100 Fri Jan 14 02:51:00 CST 1 Going home
sleepiness-50 Fri Jan 14 03:54:00 CST 1 Working
income+10 Fri Jan 14 03:54:00 CST 1 New Income
savings+10 Fri Jan 14 03:54:00 CST 1 Payment
sleepiness-50 Fri Jan 14 04:20:00 CST 1 Working
income+10 Fri Jan 14 04:20:00 CST 1 New Income
savings+10 Fri Jan 14 04:20:00 CST 1 Payment
sleepiness+100 Fri Jan 14 04:42:00 CST 1 Going home
sleepiness-50 Fri Jan 14 05:31:00 CST 1 Working
income+10 Fri Jan 14 05:31:00 CST 1 New Income
savings+10 Fri Jan 14 05:31:00 CST 1 Payment
sleepiness-50 Fri Jan 14 06:18:00 CST 1 Working
income+10 Fri Jan 14 06:18:00 CST 1 New Income
savings+10 Fri Jan 14 06:18:00 CST 1 Payment
sleepiness+100 Fri Jan 14 07:20:00 CST 1 Going home
sleepiness-50 Fri Jan 14 08:05:00 CST 1 Working
income+10 Fri Jan 14 08:05:00 CST 1 New Income
savings+10 Fri Jan 14 08:05:00 CST 1 Payment
sleepiness-50 Fri Jan 14 08:13:00 CST 1 Working
income+10 Fri Jan 14 08:13:00 CST 1 New Income
savings+10 Fri Jan 14 08:13:00 CST 1 Payment
sleepiness+100 Fri Jan 14 21:18:00 CST 1 Going home
sleepiness-50 Fri Jan 14 22:23:00 CST 1 Working
income+10 Fri Jan 14 22:23:00 CST 1 New Income
savings+10 Fri Jan 14 22:23:00 CST 1 Payment
sleepiness-50 Fri Jan 14 22:56:00 CST 1 Working
income+10 Fri Jan 14 22:56:00 CST 1 New Income
savings+10 Fri Jan 14 22:56:00 CST 1 Payment
sleepiness+100 Fri Jan 14 23:41:00 CST 1 Going home
sleepiness-50 Sat Jan 15 00:52:00 CST 1 Working
income+10 Sat Jan 15 00:52:00 CST 1 New Income
savings+10 Sat Jan 15 00:52:00 CST 1 Payment
sleepiness-50 Sat Jan 15 01:23:00 CST 1 Working
income+10 Sat Jan 15 01:23:00 CST 1 New Income
savings+10 Sat Jan 15 01:23:00 CST 1 Payment
trust+10 Sat Jan 15 03:56:00 CST 1 Voting
