age+0 Sat Jan 01 01:31:00 CST 1 creation
sleepiness-50 Sat Jan 01 01:46:00 CST 1 Working
income+10 Sat Jan 01 01:46:00 CST 1 New Income
debt-10 Sat Jan 01 01:46:00 CST 1 Payment
sleepiness-50 Sat Jan 01 01:53:00 CST 1 Working
income+10 Sat Jan 01 01:53:00 CST 1 New Income
debt-10 Sat Jan 01 01:53:00 CST 1 Payment
sleepiness+100 Sat Jan 01 02:08:00 CST 1 Going home
sleepiness-50 Sat Jan 01 04:33:00 CST 1 Working
income+10 Sat Jan 01 04:33:00 CST 1 New Income
debt-10 Sat Jan 01 04:33:00 CST 1 Payment
sleepiness-50 Sat Jan 01 07:26:00 CST 1 Working
income+10 Sat Jan 01 07:26:00 CST 1 New Income
debt-10 Sat Jan 01 07:26:00 CST 1 Payment
sleepiness+100 Sat Jan 01 09:34:00 CST 1 Going home
sleepiness-50 Sat Jan 01 11:07:00 CST 1 Working
income+10 Sat Jan 01 11:07:00 CST 1 New Income
debt-10 Sat Jan 01 11:07:00 CST 1 Payment
sleepiness-50 Sat Jan 01 15:32:00 CST 1 Working
income+10 Sat Jan 01 15:32:00 CST 1 New Income
debt-10 Sat Jan 01 15:32:00 CST 1 Payment
sleepiness+100 Sun Jan 02 00:11:00 CST 1 Going home
sleepiness-50 Sun Jan 02 03:41:00 CST 1 Working
income+10 Sun Jan 02 03:41:00 CST 1 New Income
debt-10 Sun Jan 02 03:41:00 CST 1 Payment
sleepiness-50 Sun Jan 02 08:28:00 CST 1 Working
income+10 Sun Jan 02 08:28:00 CST 1 New Income
savings+10 Sun Jan 02 08:28:00 CST 1 Payment
sleepiness+100 Mon Jan 03 01:16:00 CST 1 Going home
sleepiness-50 Mon Jan 03 03:24:00 CST 1 Working
income+10 Mon Jan 03 03:24:00 CST 1 New Income
savings+10 Mon Jan 03 03:24:00 CST 1 Payment
sleepiness-50 Mon Jan 03 05:53:00 CST 1 Working
income+10 Mon Jan 03 05:53:00 CST 1 New Income
savings+10 Mon Jan 03 05:53:00 CST 1 Payment
income+0 Mon Jan 03 06:18:00 CST 1 Bought a House
bills+0 Mon Jan 03 06:18:00 CST 1 Bought a House
taxes+0 Mon Jan 03 06:18:00 CST 1 Bought a House
savings+70 Mon Jan 03 06:18:00 CST 1 Bought a House
debt+30 Mon Jan 03 06:18:00 CST 1 Bought a House
sleepiness+100 Mon Jan 03 09:34:00 CST 1 Going home
sleepiness-50 Mon Jan 03 12:17:00 CST 1 Working
income+10 Mon Jan 03 12:17:00 CST 1 New Income
debt-10 Mon Jan 03 12:17:00 CST 1 Payment
sleepiness-50 Mon Jan 03 13:28:00 CST 1 Working
income+10 Mon Jan 03 13:28:00 CST 1 New Income
debt-10 Mon Jan 03 13:28:00 CST 1 Payment
companionship+10 Wed Jan 05 04:29:00 CST 1 Procreating
sleepiness-10 Wed Jan 05 04:29:00 CST 1 Procreating
thirst+90 Sat Jan 08 08:26:00 CST 1 Getting water
thirst+90 Fri Jan 14 14:22:00 CST 1 Getting water
