age+0 Sat Jan 01 01:31:00 CST 1 creation
sleepiness-50 Sat Jan 01 02:38:00 CST 1 Working
income+10 Sat Jan 01 02:38:00 CST 1 New Income
debt-10 Sat Jan 01 02:38:00 CST 1 Payment
sleepiness-50 Sat Jan 01 04:35:00 CST 1 Working
income+10 Sat Jan 01 04:35:00 CST 1 New Income
debt-10 Sat Jan 01 04:35:00 CST 1 Payment
sleepiness+100 Sat Jan 01 06:45:00 CST 1 Going home
sleepiness-50 Sat Jan 01 10:11:00 CST 1 Working
income+10 Sat Jan 01 10:11:00 CST 1 New Income
debt-10 Sat Jan 01 10:11:00 CST 1 Payment
income+0 Sat Jan 01 10:42:00 CST 1 Bought a House
bills+0 Sat Jan 01 10:42:00 CST 1 Bought a House
taxes+0 Sat Jan 01 10:42:00 CST 1 Bought a House
savings+72 Sat Jan 01 10:42:00 CST 1 Bought a House
debt+28 Sat Jan 01 10:42:00 CST 1 Bought a House
sleepiness-50 Sat Jan 01 14:30:00 CST 1 Working
income+10 Sat Jan 01 14:30:00 CST 1 New Income
debt-10 Sat Jan 01 14:30:00 CST 1 Payment
companionship+10 Sun Jan 02 01:01:00 CST 1 Procreating
sleepiness-10 Sun Jan 02 01:01:00 CST 1 Procreating
thirst+90 Mon Jan 03 07:09:00 CST 1 Getting water
thirst+90 Sun Jan 09 13:39:00 CST 1 Getting water
sleepiness+100 Wed Jan 12 23:24:00 CST 1 Going home
sleepiness-50 Thu Jan 13 01:41:00 CST 1 Working
income+10 Thu Jan 13 01:41:00 CST 1 New Income
debt-10 Thu Jan 13 01:41:00 CST 1 Payment
sleepiness-50 Thu Jan 13 05:20:00 CST 1 Working
income+10 Thu Jan 13 05:20:00 CST 1 New Income
debt-10 Thu Jan 13 05:20:00 CST 1 Payment
sleepiness+100 Thu Jan 13 07:53:00 CST 1 Going home
sleepiness-50 Thu Jan 13 11:19:00 CST 1 Working
income+10 Thu Jan 13 11:19:00 CST 1 New Income
debt-10 Thu Jan 13 11:19:00 CST 1 Payment
sleepiness-50 Thu Jan 13 14:47:00 CST 1 Working
income+10 Thu Jan 13 14:47:00 CST 1 New Income
debt-10 Thu Jan 13 14:47:00 CST 1 Payment
sleepiness+100 Thu Jan 13 23:00:00 CST 1 Going home
sleepiness-50 Fri Jan 14 02:13:00 CST 1 Working
income+10 Fri Jan 14 02:13:00 CST 1 New Income
debt-10 Fri Jan 14 02:13:00 CST 1 Payment
sleepiness-50 Fri Jan 14 05:15:00 CST 1 Working
income+10 Fri Jan 14 05:15:00 CST 1 New Income
debt-10 Fri Jan 14 05:15:00 CST 1 Payment
sleepiness+100 Fri Jan 14 07:38:00 CST 1 Going home
sleepiness-50 Fri Jan 14 10:23:00 CST 1 Working
income+10 Fri Jan 14 10:23:00 CST 1 New Income
debt-10 Fri Jan 14 10:23:00 CST 1 Payment
sleepiness-50 Fri Jan 14 11:50:00 CST 1 Working
income+10 Fri Jan 14 11:50:00 CST 1 New Income
debt-10 Fri Jan 14 11:50:00 CST 1 Payment
sleepiness+100 Fri Jan 14 23:22:00 CST 1 Going home
sleepiness-50 Sat Jan 15 00:08:00 CST 1 Working
income+10 Sat Jan 15 00:08:00 CST 1 New Income
debt-10 Sat Jan 15 00:08:00 CST 1 Payment
sleepiness-50 Sat Jan 15 02:58:00 CST 1 Working
income+10 Sat Jan 15 02:58:00 CST 1 New Income
savings+10 Sat Jan 15 02:58:00 CST 1 Payment
