age+0 Sat Jan 01 01:31:00 CST 1 creation
sleepiness-50 Sat Jan 01 05:07:00 CST 1 Working
income+10 Sat Jan 01 05:07:00 CST 1 New Income
debt-10 Sat Jan 01 05:07:00 CST 1 Payment
sleepiness-50 Sat Jan 01 07:23:00 CST 1 Working
income+10 Sat Jan 01 07:23:00 CST 1 New Income
debt-10 Sat Jan 01 07:23:00 CST 1 Payment
companionship+10 Sat Jan 01 11:34:00 CST 1 Procreating
sleepiness-10 Sat Jan 01 11:34:00 CST 1 Procreating
sleepiness+100 Sat Jan 01 22:35:00 CST 1 Going home
sleepiness-50 Sun Jan 02 02:19:00 CST 1 Working
income+10 Sun Jan 02 02:19:00 CST 1 New Income
debt-10 Sun Jan 02 02:19:00 CST 1 Payment
income+0 Sun Jan 02 02:25:00 CST 1 Bought a House
bills+0 Sun Jan 02 02:25:00 CST 1 Bought a House
taxes+0 Sun Jan 02 02:25:00 CST 1 Bought a House
savings+92 Sun Jan 02 02:25:00 CST 1 Bought a House
debt+8 Sun Jan 02 02:25:00 CST 1 Bought a House
sleepiness-50 Sun Jan 02 07:06:00 CST 1 Working
income+10 Sun Jan 02 07:06:00 CST 1 New Income
debt-10 Sun Jan 02 07:06:00 CST 1 Payment
thirst+90 Wed Jan 05 05:07:00 CST 1 Getting water
thirst+90 Tue Jan 11 11:00:00 CST 1 Getting water
