age+0 Sat Jan 01 11:16:00 CST 1 creation
sleepiness-50 Sat Jan 01 12:45:00 CST 1 Working
income+10 Sat Jan 01 12:45:00 CST 1 New Income
debt-10 Sat Jan 01 12:45:00 CST 1 Payment
sleepiness-50 Sat Jan 01 15:25:00 CST 1 Working
income+10 Sat Jan 01 15:25:00 CST 1 New Income
debt-10 Sat Jan 01 15:25:00 CST 1 Payment
sleepiness+100 Sat Jan 01 23:09:00 CST 1 Going home
sleepiness-50 Sun Jan 02 02:52:00 CST 1 Working
income+10 Sun Jan 02 02:52:00 CST 1 New Income
debt-10 Sun Jan 02 02:52:00 CST 1 Payment
income+0 Sun Jan 02 03:23:00 CST 1 Bought a House
bills+0 Sun Jan 02 03:23:00 CST 1 Bought a House
taxes+0 Sun Jan 02 03:23:00 CST 1 Bought a House
savings+98 Sun Jan 02 03:23:00 CST 1 Bought a House
debt+2 Sun Jan 02 03:23:00 CST 1 Bought a House
sleepiness-50 Sun Jan 02 04:56:00 CST 1 Working
income+10 Sun Jan 02 04:56:00 CST 1 New Income
debt-10 Sun Jan 02 04:56:00 CST 1 Payment
companionship+10 Mon Jan 03 02:29:00 CST 1 Procreating
sleepiness-10 Mon Jan 03 02:29:00 CST 1 Procreating
thirst+90 Mon Jan 03 19:33:00 CST 1 Getting water
N/A+0 Thu Jan 06 00:00:00 CST 1 death
