age+0 Sat Jan 01 01:31:00 CST 1 creation
sleepiness-50 Sat Jan 01 01:32:00 CST 1 Working
income+10 Sat Jan 01 01:32:00 CST 1 New Income
debt-10 Sat Jan 01 01:32:00 CST 1 Payment
sleepiness-50 Sat Jan 01 02:16:00 CST 1 Working
income+10 Sat Jan 01 02:16:00 CST 1 New Income
debt-10 Sat Jan 01 02:16:00 CST 1 Payment
sleepiness+100 Sat Jan 01 07:50:00 CST 1 Going home
sleepiness-50 Sat Jan 01 08:14:00 CST 1 Working
income+10 Sat Jan 01 08:14:00 CST 1 New Income
debt-10 Sat Jan 01 08:14:00 CST 1 Payment
sleepiness-50 Sat Jan 01 08:28:00 CST 1 Working
income+10 Sat Jan 01 08:28:00 CST 1 New Income
debt-10 Sat Jan 01 08:28:00 CST 1 Payment
sleepiness+100 Sat Jan 01 21:06:00 CST 1 Going home
sleepiness-50 Sat Jan 01 21:43:00 CST 1 Working
income+10 Sat Jan 01 21:43:00 CST 1 New Income
debt-10 Sat Jan 01 21:43:00 CST 1 Payment
sleepiness-50 Sat Jan 01 22:06:00 CST 1 Working
income+10 Sat Jan 01 22:06:00 CST 1 New Income
debt-10 Sat Jan 01 22:06:00 CST 1 Payment
income+0 Sat Jan 01 22:25:00 CST 1 Bought a House
bills+0 Sat Jan 01 22:25:00 CST 1 Bought a House
taxes+0 Sat Jan 01 22:25:00 CST 1 Bought a House
savings+88 Sat Jan 01 22:25:00 CST 1 Bought a House
debt+12 Sat Jan 01 22:25:00 CST 1 Bought a House
sleepiness+100 Sat Jan 01 22:40:00 CST 1 Going home
sleepiness-50 Sat Jan 01 23:11:00 CST 1 Working
income+10 Sat Jan 01 23:11:00 CST 1 New Income
debt-10 Sat Jan 01 23:11:00 CST 1 Payment
sleepiness-50 Mon Jan 03 00:01:00 CST 1 Working
income+10 Mon Jan 03 00:01:00 CST 1 New Income
debt-10 Mon Jan 03 00:01:00 CST 1 Payment
N/A+0 Tue Jan 04 00:00:00 CST 1 death
