age+0 Sat Jan 01 01:31:00 CST 1 creation
hunger+96 Sat Jan 01 02:21:00 CST 1 Getting food
sleepiness-50 Sat Jan 01 02:40:00 CST 1 Working
income+10 Sat Jan 01 02:40:00 CST 1 New Income
debt-10 Sat Jan 01 02:40:00 CST 1 Payment
sleepiness-50 Sat Jan 01 03:30:00 CST 1 Working
income+10 Sat Jan 01 03:30:00 CST 1 New Income
debt-10 Sat Jan 01 03:30:00 CST 1 Payment
sleepiness+100 Sat Jan 01 05:02:00 CST 1 Going home
sleepiness-50 Sat Jan 01 05:16:00 CST 1 Working
income+10 Sat Jan 01 05:16:00 CST 1 New Income
debt-10 Sat Jan 01 05:16:00 CST 1 Payment
sleepiness-50 Sat Jan 01 05:29:00 CST 1 Working
income+10 Sat Jan 01 05:29:00 CST 1 New Income
debt-10 Sat Jan 01 05:29:00 CST 1 Payment
sleepiness+100 Sat Jan 01 05:48:00 CST 1 Going home
sleepiness-50 Sat Jan 01 06:02:00 CST 1 Working
income+10 Sat Jan 01 06:02:00 CST 1 New Income
debt-10 Sat Jan 01 06:02:00 CST 1 Payment
sleepiness-50 Sat Jan 01 06:15:00 CST 1 Working
income+10 Sat Jan 01 06:15:00 CST 1 New Income
debt-10 Sat Jan 01 06:15:00 CST 1 Payment
sleepiness+100 Sat Jan 01 06:33:00 CST 1 Going home
sleepiness-50 Sat Jan 01 07:33:00 CST 1 Working
income+10 Sat Jan 01 07:33:00 CST 1 New Income
debt-10 Sat Jan 01 07:33:00 CST 1 Payment
sleepiness-50 Sat Jan 01 07:40:00 CST 1 Working
income+10 Sat Jan 01 07:40:00 CST 1 New Income
debt-10 Sat Jan 01 07:40:00 CST 1 Payment
sleepiness+100 Sat Jan 01 07:52:00 CST 1 Going home
sleepiness-50 Sat Jan 01 08:28:00 CST 1 Working
income+10 Sat Jan 01 08:28:00 CST 1 New Income
savings+10 Sat Jan 01 08:28:00 CST 1 Payment
sleepiness-50 Sat Jan 01 08:44:00 CST 1 Working
income+10 Sat Jan 01 08:44:00 CST 1 New Income
savings+10 Sat Jan 01 08:44:00 CST 1 Payment
income+0 Sat Jan 01 09:33:00 CST 1 Bought a House
bills+0 Sat Jan 01 09:33:00 CST 1 Bought a House
taxes+0 Sat Jan 01 09:33:00 CST 1 Bought a House
savings+42 Sat Jan 01 09:33:00 CST 1 Bought a House
debt+58 Sat Jan 01 09:33:00 CST 1 Bought a House
thirst+90 Mon Jan 03 15:09:00 CST 1 Getting water
companionship+10 Sat Jan 08 01:32:00 CST 1 Procreating
sleepiness-10 Sat Jan 08 01:32:00 CST 1 Procreating
thirst+90 Sun Jan 09 23:11:00 CST 1 Getting water
sleepiness+100 Wed Jan 12 05:39:00 CST 1 Going home
sleepiness-50 Wed Jan 12 06:32:00 CST 1 Working
income+10 Wed Jan 12 06:32:00 CST 1 New Income
debt-10 Wed Jan 12 06:32:00 CST 1 Payment
sleepiness-50 Wed Jan 12 06:46:00 CST 1 Working
income+10 Wed Jan 12 06:46:00 CST 1 New Income
debt-10 Wed Jan 12 06:46:00 CST 1 Payment
sleepiness+100 Wed Jan 12 06:58:00 CST 1 Going home
sleepiness-50 Wed Jan 12 07:34:00 CST 1 Working
income+10 Wed Jan 12 07:34:00 CST 1 New Income
debt-10 Wed Jan 12 07:34:00 CST 1 Payment
sleepiness-50 Wed Jan 12 07:47:00 CST 1 Working
income+10 Wed Jan 12 07:47:00 CST 1 New Income
debt-10 Wed Jan 12 07:47:00 CST 1 Payment
sleepiness+100 Wed Jan 12 08:39:00 CST 1 Going home
sleepiness-50 Wed Jan 12 08:34:00 CST 1 Working
income+10 Wed Jan 12 08:34:00 CST 1 New Income
debt-10 Wed Jan 12 08:34:00 CST 1 Payment
sleepiness-50 Wed Jan 12 08:47:00 CST 1 Working
income+10 Wed Jan 12 08:47:00 CST 1 New Income
debt-10 Wed Jan 12 08:47:00 CST 1 Payment
sleepiness+100 Wed Jan 12 21:06:00 CST 1 Going home
sleepiness-50 Wed Jan 12 21:42:00 CST 1 Working
income+10 Wed Jan 12 21:42:00 CST 1 New Income
debt-10 Wed Jan 12 21:42:00 CST 1 Payment
sleepiness-50 Wed Jan 12 21:56:00 CST 1 Working
income+10 Wed Jan 12 21:56:00 CST 1 New Income
debt-10 Wed Jan 12 21:56:00 CST 1 Payment
sleepiness+100 Wed Jan 12 22:08:00 CST 1 Going home
sleepiness-50 Wed Jan 12 22:43:00 CST 1 Working
income+10 Wed Jan 12 22:43:00 CST 1 New Income
debt-10 Wed Jan 12 22:43:00 CST 1 Payment
sleepiness-50 Wed Jan 12 22:56:00 CST 1 Working
income+10 Wed Jan 12 22:56:00 CST 1 New Income
debt-10 Wed Jan 12 22:56:00 CST 1 Payment
sleepiness+100 Wed Jan 12 23:08:00 CST 1 Going home
sleepiness-50 Wed Jan 12 23:44:00 CST 1 Working
income+10 Wed Jan 12 23:44:00 CST 1 New Income
savings+10 Wed Jan 12 23:44:00 CST 1 Payment
sleepiness-50 Wed Jan 12 23:57:00 CST 1 Working
income+10 Wed Jan 12 23:57:00 CST 1 New Income
savings+10 Wed Jan 12 23:57:00 CST 1 Payment
sleepiness+100 Thu Jan 13 00:07:00 CST 1 Going home
sleepiness-50 Thu Jan 13 00:43:00 CST 1 Working
income+10 Thu Jan 13 00:43:00 CST 1 New Income
savings+10 Thu Jan 13 00:43:00 CST 1 Payment
sleepiness-50 Thu Jan 13 00:57:00 CST 1 Working
income+10 Thu Jan 13 00:57:00 CST 1 New Income
savings+10 Thu Jan 13 00:57:00 CST 1 Payment
sleepiness+100 Thu Jan 13 01:09:00 CST 1 Going home
sleepiness-50 Thu Jan 13 01:51:00 CST 1 Working
income+10 Thu Jan 13 01:51:00 CST 1 New Income
savings+10 Thu Jan 13 01:51:00 CST 1 Payment
sleepiness-50 Thu Jan 13 02:04:00 CST 1 Working
income+10 Thu Jan 13 02:04:00 CST 1 New Income
savings+10 Thu Jan 13 02:04:00 CST 1 Payment
sleepiness+100 Thu Jan 13 02:16:00 CST 1 Going home
sleepiness-50 Thu Jan 13 02:52:00 CST 1 Working
income+10 Thu Jan 13 02:52:00 CST 1 New Income
savings+10 Thu Jan 13 02:52:00 CST 1 Payment
sleepiness-50 Thu Jan 13 03:06:00 CST 1 Working
income+10 Thu Jan 13 03:06:00 CST 1 New Income
savings+10 Thu Jan 13 03:06:00 CST 1 Payment
sleepiness+100 Thu Jan 13 03:18:00 CST 1 Going home
sleepiness-50 Thu Jan 13 03:58:00 CST 1 Working
income+10 Thu Jan 13 03:58:00 CST 1 New Income
savings+10 Thu Jan 13 03:58:00 CST 1 Payment
sleepiness-50 Thu Jan 13 04:37:00 CST 1 Working
income+10 Thu Jan 13 04:37:00 CST 1 New Income
savings+10 Thu Jan 13 04:37:00 CST 1 Payment
sleepiness+100 Thu Jan 13 04:53:00 CST 1 Going home
sleepiness-50 Thu Jan 13 05:27:00 CST 1 Working
income+10 Thu Jan 13 05:27:00 CST 1 New Income
savings+10 Thu Jan 13 05:27:00 CST 1 Payment
sleepiness-50 Thu Jan 13 06:06:00 CST 1 Working
income+10 Thu Jan 13 06:06:00 CST 1 New Income
savings+10 Thu Jan 13 06:06:00 CST 1 Payment
sleepiness+100 Thu Jan 13 06:22:00 CST 1 Going home
sleepiness-50 Thu Jan 13 06:56:00 CST 1 Working
income+10 Thu Jan 13 06:56:00 CST 1 New Income
savings+10 Thu Jan 13 06:56:00 CST 1 Payment
sleepiness-50 Thu Jan 13 07:50:00 CST 1 Working
income+10 Thu Jan 13 07:50:00 CST 1 New Income
savings+10 Thu Jan 13 07:50:00 CST 1 Payment
sleepiness+100 Thu Jan 13 21:14:00 CST 1 Going home
sleepiness-50 Thu Jan 13 22:16:00 CST 1 Working
income+10 Thu Jan 13 22:16:00 CST 1 New Income
savings+10 Thu Jan 13 22:16:00 CST 1 Payment
sleepiness-50 Thu Jan 13 22:36:00 CST 1 Working
income+10 Thu Jan 13 22:36:00 CST 1 New Income
savings+10 Thu Jan 13 22:36:00 CST 1 Payment
sleepiness+100 Thu Jan 13 22:56:00 CST 1 Going home
sleepiness-50 Thu Jan 13 23:58:00 CST 1 Working
income+10 Thu Jan 13 23:58:00 CST 1 New Income
savings+10 Thu Jan 13 23:58:00 CST 1 Payment
sleepiness-50 Fri Jan 14 00:16:00 CST 1 Working
income+10 Fri Jan 14 00:16:00 CST 1 New Income
savings+10 Fri Jan 14 00:16:00 CST 1 Payment
sleepiness+100 Fri Jan 14 00:36:00 CST 1 Going home
sleepiness-50 Fri Jan 14 01:39:00 CST 1 Working
income+10 Fri Jan 14 01:39:00 CST 1 New Income
savings+10 Fri Jan 14 01:39:00 CST 1 Payment
sleepiness-50 Fri Jan 14 01:46:00 CST 1 Working
income+10 Fri Jan 14 01:46:00 CST 1 New Income
savings+10 Fri Jan 14 01:46:00 CST 1 Payment
sleepiness+100 Fri Jan 14 02:03:00 CST 1 Going home
sleepiness-50 Fri Jan 14 02:36:00 CST 1 Working
income+10 Fri Jan 14 02:36:00 CST 1 New Income
savings+10 Fri Jan 14 02:36:00 CST 1 Payment
sleepiness-50 Fri Jan 14 02:43:00 CST 1 Working
income+10 Fri Jan 14 02:43:00 CST 1 New Income
savings+10 Fri Jan 14 02:43:00 CST 1 Payment
sleepiness+100 Fri Jan 14 03:00:00 CST 1 Going home
sleepiness-50 Fri Jan 14 03:39:00 CST 1 Working
income+10 Fri Jan 14 03:39:00 CST 1 New Income
savings+10 Fri Jan 14 03:39:00 CST 1 Payment
sleepiness-50 Fri Jan 14 03:46:00 CST 1 Working
income+10 Fri Jan 14 03:46:00 CST 1 New Income
savings+10 Fri Jan 14 03:46:00 CST 1 Payment
sleepiness+100 Fri Jan 14 04:03:00 CST 1 Going home
sleepiness-50 Fri Jan 14 04:36:00 CST 1 Working
income+10 Fri Jan 14 04:36:00 CST 1 New Income
savings+10 Fri Jan 14 04:36:00 CST 1 Payment
sleepiness-50 Fri Jan 14 04:43:00 CST 1 Working
income+10 Fri Jan 14 04:43:00 CST 1 New Income
savings+10 Fri Jan 14 04:43:00 CST 1 Payment
sleepiness+100 Fri Jan 14 05:00:00 CST 1 Going home
sleepiness-50 Fri Jan 14 05:23:00 CST 1 Working
income+10 Fri Jan 14 05:23:00 CST 1 New Income
savings+10 Fri Jan 14 05:23:00 CST 1 Payment
sleepiness-50 Fri Jan 14 05:36:00 CST 1 Working
income+10 Fri Jan 14 05:36:00 CST 1 New Income
savings+10 Fri Jan 14 05:36:00 CST 1 Payment
sleepiness+100 Fri Jan 14 05:52:00 CST 1 Going home
sleepiness-50 Fri Jan 14 06:23:00 CST 1 Working
income+10 Fri Jan 14 06:23:00 CST 1 New Income
savings+10 Fri Jan 14 06:23:00 CST 1 Payment
sleepiness-50 Fri Jan 14 06:54:00 CST 1 Working
income+10 Fri Jan 14 06:54:00 CST 1 New Income
savings+10 Fri Jan 14 06:54:00 CST 1 Payment
sleepiness+100 Fri Jan 14 07:49:00 CST 1 Going home
sleepiness-50 Fri Jan 14 08:10:00 CST 1 Working
income+10 Fri Jan 14 08:10:00 CST 1 New Income
savings+10 Fri Jan 14 08:10:00 CST 1 Payment
sleepiness-50 Fri Jan 14 08:39:00 CST 1 Working
income+10 Fri Jan 14 08:39:00 CST 1 New Income
savings+10 Fri Jan 14 08:39:00 CST 1 Payment
sleepiness+100 Fri Jan 14 21:11:00 CST 1 Going home
sleepiness-50 Fri Jan 14 22:11:00 CST 1 Working
income+10 Fri Jan 14 22:11:00 CST 1 New Income
savings+10 Fri Jan 14 22:11:00 CST 1 Payment
sleepiness-50 Fri Jan 14 22:43:00 CST 1 Working
income+10 Fri Jan 14 22:43:00 CST 1 New Income
savings+10 Fri Jan 14 22:43:00 CST 1 Payment
sleepiness+100 Fri Jan 14 23:00:00 CST 1 Going home
sleepiness-50 Fri Jan 14 23:21:00 CST 1 Working
income+10 Fri Jan 14 23:21:00 CST 1 New Income
savings+10 Fri Jan 14 23:21:00 CST 1 Payment
sleepiness-50 Sat Jan 15 00:06:00 CST 1 Working
income+10 Sat Jan 15 00:06:00 CST 1 New Income
savings+10 Sat Jan 15 00:06:00 CST 1 Payment
sleepiness+100 Sat Jan 15 00:22:00 CST 1 Going home
sleepiness-50 Sat Jan 15 01:22:00 CST 1 Working
income+10 Sat Jan 15 01:22:00 CST 1 New Income
savings+10 Sat Jan 15 01:22:00 CST 1 Payment
sleepiness-50 Sat Jan 15 02:10:00 CST 1 Working
income+10 Sat Jan 15 02:10:00 CST 1 New Income
savings+10 Sat Jan 15 02:10:00 CST 1 Payment
sleepiness+100 Sat Jan 15 02:27:00 CST 1 Going home
sleepiness-50 Sat Jan 15 02:53:00 CST 1 Working
income+10 Sat Jan 15 02:53:00 CST 1 New Income
savings+10 Sat Jan 15 02:53:00 CST 1 Payment
sleepiness-50 Sat Jan 15 03:25:00 CST 1 Working
income+10 Sat Jan 15 03:25:00 CST 1 New Income
savings+10 Sat Jan 15 03:25:00 CST 1 Payment
sleepiness+100 Sat Jan 15 03:44:00 CST 1 Going home
