age+0 Sat Jan 01 01:31:00 CST 1 creation
thirst+97 Sat Jan 01 01:38:00 CST 1 Getting water
sleepiness-50 Sat Jan 01 01:57:00 CST 1 Working
income+10 Sat Jan 01 01:57:00 CST 1 New Income
debt-10 Sat Jan 01 01:57:00 CST 1 Payment
sleepiness-50 Sat Jan 01 02:04:00 CST 1 Working
income+10 Sat Jan 01 02:04:00 CST 1 New Income
debt-10 Sat Jan 01 02:04:00 CST 1 Payment
sleepiness+100 Sat Jan 01 06:30:00 CST 1 Going home
sleepiness-50 Sat Jan 01 07:03:00 CST 1 Working
income+10 Sat Jan 01 07:03:00 CST 1 New Income
debt-10 Sat Jan 01 07:03:00 CST 1 Payment
sleepiness-50 Sat Jan 01 07:16:00 CST 1 Working
income+10 Sat Jan 01 07:16:00 CST 1 New Income
debt-10 Sat Jan 01 07:16:00 CST 1 Payment
sleepiness+100 Sat Jan 01 07:35:00 CST 1 Going home
sleepiness-50 Sat Jan 01 07:52:00 CST 1 Working
income+10 Sat Jan 01 07:52:00 CST 1 New Income
debt-10 Sat Jan 01 07:52:00 CST 1 Payment
sleepiness-50 Sat Jan 01 08:05:00 CST 1 Working
income+10 Sat Jan 01 08:05:00 CST 1 New Income
debt-10 Sat Jan 01 08:05:00 CST 1 Payment
sleepiness+100 Sat Jan 01 21:06:00 CST 1 Going home
sleepiness-50 Sat Jan 01 21:43:00 CST 1 Working
income+10 Sat Jan 01 21:43:00 CST 1 New Income
debt-10 Sat Jan 01 21:43:00 CST 1 Payment
sleepiness-50 Sat Jan 01 22:06:00 CST 1 Working
income+10 Sat Jan 01 22:06:00 CST 1 New Income
debt-10 Sat Jan 01 22:06:00 CST 1 Payment
sleepiness+100 Sat Jan 01 22:40:00 CST 1 Going home
sleepiness-50 Sat Jan 01 23:11:00 CST 1 Working
income+10 Sat Jan 01 23:11:00 CST 1 New Income
debt-10 Sat Jan 01 23:11:00 CST 1 Payment
sleepiness-50 Mon Jan 03 00:01:00 CST 1 Working
income+10 Mon Jan 03 00:01:00 CST 1 New Income
savings+10 Mon Jan 03 00:01:00 CST 1 Payment
income+0 Sun Jan 02 00:05:00 CST 1 Bought a House
bills+0 Sun Jan 02 00:05:00 CST 1 Bought a House
taxes+0 Sun Jan 02 00:05:00 CST 1 Bought a House
savings+42 Sun Jan 02 00:05:00 CST 1 Bought a House
debt+58 Sun Jan 02 00:05:00 CST 1 Bought a House
sleepiness+100 Sun Jan 02 00:22:00 CST 1 Going home
sleepiness-50 Sun Jan 02 00:48:00 CST 1 Working
income+10 Sun Jan 02 00:48:00 CST 1 New Income
debt-10 Sun Jan 02 00:48:00 CST 1 Payment
sleepiness-50 Sun Jan 02 01:14:00 CST 1 Working
income+10 Sun Jan 02 01:14:00 CST 1 New Income
debt-10 Sun Jan 02 01:14:00 CST 1 Payment
N/A+0 Thu Jan 06 00:00:00 CST 1 death
