age+0 Sat Jan 01 16:51:00 CST 1 creation
income+0 Sat Jan 01 16:51:00 CST 1 Bought a House
bills+0 Sat Jan 01 16:51:00 CST 1 Bought a House
taxes+0 Sat Jan 01 16:51:00 CST 1 Bought a House
savings+93 Sat Jan 01 16:51:00 CST 1 Bought a House
debt+7 Sat Jan 01 16:51:00 CST 1 Bought a House
thirst+94 Sat Jan 01 17:02:00 CST 1 Getting water
hunger+97 Sat Jan 01 17:35:00 CST 1 Getting food
sleepiness-50 Sat Jan 01 19:32:00 CST 1 Working
income+10 Sat Jan 01 19:32:00 CST 1 New Income
debt-10 Sat Jan 01 19:32:00 CST 1 Payment
sleepiness-50 Sun Jan 02 00:09:00 CST 1 Working
income+10 Sun Jan 02 00:09:00 CST 1 New Income
debt-10 Sun Jan 02 00:09:00 CST 1 Payment
sleepiness+100 Sun Jan 02 03:53:00 CST 1 Going home
sleepiness-50 Sun Jan 02 07:41:00 CST 1 Working
income+10 Sun Jan 02 07:41:00 CST 1 New Income
debt-10 Sun Jan 02 07:41:00 CST 1 Payment
sleepiness-50 Sun Jan 02 12:27:00 CST 1 Working
income+10 Sun Jan 02 12:27:00 CST 1 New Income
debt-10 Sun Jan 02 12:27:00 CST 1 Payment
sleepiness+100 Mon Jan 03 00:53:00 CST 1 Going home
sleepiness-50 Mon Jan 03 04:39:00 CST 1 Working
income+10 Mon Jan 03 04:39:00 CST 1 New Income
debt-10 Mon Jan 03 04:39:00 CST 1 Payment
sleepiness-50 Mon Jan 03 05:07:00 CST 1 Working
income+10 Mon Jan 03 05:07:00 CST 1 New Income
debt-10 Mon Jan 03 05:07:00 CST 1 Payment
sleepiness+100 Mon Jan 03 08:08:00 CST 1 Going home
sleepiness-50 Mon Jan 03 12:53:00 CST 1 Working
income+10 Mon Jan 03 12:53:00 CST 1 New Income
debt-10 Mon Jan 03 12:53:00 CST 1 Payment
sleepiness-50 Mon Jan 03 14:43:00 CST 1 Working
income+10 Mon Jan 03 14:43:00 CST 1 New Income
debt-10 Mon Jan 03 14:43:00 CST 1 Payment
sleepiness+100 Tue Jan 04 01:01:00 CST 1 Going home
sleepiness-50 Tue Jan 04 02:38:00 CST 1 Working
income+10 Tue Jan 04 02:38:00 CST 1 New Income
debt-10 Tue Jan 04 02:38:00 CST 1 Payment
sleepiness-50 Tue Jan 04 03:11:00 CST 1 Working
income+10 Tue Jan 04 03:11:00 CST 1 New Income
debt-10 Tue Jan 04 03:11:00 CST 1 Payment
sleepiness+100 Tue Jan 04 04:04:00 CST 1 Going home
sleepiness-50 Tue Jan 04 05:11:00 CST 1 Working
income+10 Tue Jan 04 05:11:00 CST 1 New Income
savings+10 Tue Jan 04 05:11:00 CST 1 Payment
sleepiness-50 Tue Jan 04 07:44:00 CST 1 Working
income+10 Tue Jan 04 07:44:00 CST 1 New Income
savings+10 Tue Jan 04 07:44:00 CST 1 Payment
sleepiness+100 Tue Jan 04 23:46:00 CST 1 Going home
sleepiness-50 Wed Jan 05 03:34:00 CST 1 Working
income+10 Wed Jan 05 03:34:00 CST 1 New Income
savings+10 Wed Jan 05 03:34:00 CST 1 Payment
income+0 Wed Jan 05 04:39:00 CST 1 Bought a House
bills+0 Wed Jan 05 04:39:00 CST 1 Bought a House
taxes+0 Wed Jan 05 04:39:00 CST 1 Bought a House
savings+70 Wed Jan 05 04:39:00 CST 1 Bought a House
debt+30 Wed Jan 05 04:39:00 CST 1 Bought a House
sleepiness-50 Wed Jan 05 08:16:00 CST 1 Working
income+10 Wed Jan 05 08:16:00 CST 1 New Income
debt-10 Wed Jan 05 08:16:00 CST 1 Payment
thirst+90 Mon Jan 10 11:42:00 CST 1 Getting water
companionship+10 Tue Jan 11 04:44:00 CST 1 Procreating
sleepiness-10 Tue Jan 11 04:44:00 CST 1 Procreating
