age+0 Sat Jan 01 11:16:00 CST 1 creation
sleepiness-50 Sat Jan 01 11:23:00 CST 1 Working
income+10 Sat Jan 01 11:23:00 CST 1 New Income
debt-10 Sat Jan 01 11:23:00 CST 1 Payment
sleepiness-50 Sat Jan 01 11:33:00 CST 1 Working
income+10 Sat Jan 01 11:33:00 CST 1 New Income
debt-10 Sat Jan 01 11:33:00 CST 1 Payment
sleepiness+100 Sat Jan 01 21:01:00 CST 1 Going home
sleepiness-50 Sun Jan 02 01:07:00 CST 1 Working
income+10 Sun Jan 02 01:07:00 CST 1 New Income
debt-10 Sun Jan 02 01:07:00 CST 1 Payment
sleepiness-50 Sun Jan 02 03:11:00 CST 1 Working
income+10 Sun Jan 02 03:11:00 CST 1 New Income
debt-10 Sun Jan 02 03:11:00 CST 1 Payment
sleepiness+100 Sun Jan 02 05:49:00 CST 1 Going home
sleepiness-50 Sun Jan 02 09:38:00 CST 1 Working
income+10 Sun Jan 02 09:38:00 CST 1 New Income
debt-10 Sun Jan 02 09:38:00 CST 1 Payment
sleepiness-50 Sun Jan 02 14:24:00 CST 1 Working
income+10 Sun Jan 02 14:24:00 CST 1 New Income
debt-10 Sun Jan 02 14:24:00 CST 1 Payment
thirst+90 Sun Jan 02 21:18:00 CST 1 Getting water
sleepiness+100 Mon Jan 03 01:00:00 CST 1 Going home
sleepiness-50 Mon Jan 03 04:19:00 CST 1 Working
income+10 Mon Jan 03 04:19:00 CST 1 New Income
debt-10 Mon Jan 03 04:19:00 CST 1 Payment
sleepiness-50 Mon Jan 03 07:21:00 CST 1 Working
income+10 Mon Jan 03 07:21:00 CST 1 New Income
debt-10 Mon Jan 03 07:21:00 CST 1 Payment
N/A+0 Wed Jan 05 00:00:00 CST 1 death
