age+0 Sat Jan 01 11:16:00 CST 1 creation
hunger+91 Sat Jan 01 12:02:00 CST 1 Getting food
sleepiness-50 Sat Jan 01 12:15:00 CST 1 Working
income+10 Sat Jan 01 12:15:00 CST 1 New Income
debt-10 Sat Jan 01 12:15:00 CST 1 Payment
sleepiness-50 Sat Jan 01 12:51:00 CST 1 Working
income+10 Sat Jan 01 12:51:00 CST 1 New Income
debt-10 Sat Jan 01 12:51:00 CST 1 Payment
sleepiness+100 Sun Jan 02 00:51:00 CST 1 Going home
sleepiness-50 Sun Jan 02 01:43:00 CST 1 Working
income+10 Sun Jan 02 01:43:00 CST 1 New Income
debt-10 Sun Jan 02 01:43:00 CST 1 Payment
sleepiness-50 Sun Jan 02 02:23:00 CST 1 Working
income+10 Sun Jan 02 02:23:00 CST 1 New Income
savings+10 Sun Jan 02 02:23:00 CST 1 Payment
income+0 Sun Jan 02 03:11:00 CST 1 Bought a House
bills+0 Sun Jan 02 03:11:00 CST 1 Bought a House
taxes+0 Sun Jan 02 03:11:00 CST 1 Bought a House
savings+52 Sun Jan 02 03:11:00 CST 1 Bought a House
debt+48 Sun Jan 02 03:11:00 CST 1 Bought a House
sleepiness+100 Sun Jan 02 03:27:00 CST 1 Going home
sleepiness-50 Sun Jan 02 03:56:00 CST 1 Working
income+10 Sun Jan 02 03:56:00 CST 1 New Income
debt-10 Sun Jan 02 03:56:00 CST 1 Payment
sleepiness-50 Sun Jan 02 04:29:00 CST 1 Working
income+10 Sun Jan 02 04:29:00 CST 1 New Income
debt-10 Sun Jan 02 04:29:00 CST 1 Payment
thirst+90 Tue Jan 04 13:39:00 CST 1 Getting water
N/A+0 Thu Jan 06 00:00:00 CST 1 death
