age+0 Fri Jan 07 04:13:00 CST 1 creation
sleepiness-50 Fri Jan 07 04:16:00 CST 1 Working
income+10 Fri Jan 07 04:16:00 CST 1 New Income
debt-10 Fri Jan 07 04:16:00 CST 1 Payment
sleepiness-50 Fri Jan 07 04:42:00 CST 1 Working
income+10 Fri Jan 07 04:42:00 CST 1 New Income
debt-10 Fri Jan 07 04:42:00 CST 1 Payment
thirst+90 Wed Jan 12 11:30:00 CST 1 Getting water
sleepiness+100 Thu Jan 13 04:23:00 CST 1 Going home
sleepiness-50 Thu Jan 13 05:22:00 CST 1 Working
income+10 Thu Jan 13 05:22:00 CST 1 New Income
debt-10 Thu Jan 13 05:22:00 CST 1 Payment
sleepiness-50 Thu Jan 13 06:01:00 CST 1 Working
income+10 Thu Jan 13 06:01:00 CST 1 New Income
debt-10 Thu Jan 13 06:01:00 CST 1 Payment
sleepiness+100 Thu Jan 13 06:18:00 CST 1 Going home
sleepiness-50 Thu Jan 13 06:53:00 CST 1 Working
income+10 Thu Jan 13 06:53:00 CST 1 New Income
debt-10 Thu Jan 13 06:53:00 CST 1 Payment
sleepiness-50 Thu Jan 13 07:49:00 CST 1 Working
income+10 Thu Jan 13 07:49:00 CST 1 New Income
savings+10 Thu Jan 13 07:49:00 CST 1 Payment
sleepiness+100 Thu Jan 13 21:13:00 CST 1 Going home
sleepiness-50 Thu Jan 13 22:14:00 CST 1 Working
income+10 Thu Jan 13 22:14:00 CST 1 New Income
savings+10 Thu Jan 13 22:14:00 CST 1 Payment
sleepiness-50 Thu Jan 13 23:14:00 CST 1 Working
income+10 Thu Jan 13 23:14:00 CST 1 New Income
savings+10 Thu Jan 13 23:14:00 CST 1 Payment
sleepiness+100 Thu Jan 13 23:42:00 CST 1 Going home
sleepiness-50 Fri Jan 14 00:10:00 CST 1 Working
income+10 Fri Jan 14 00:10:00 CST 1 New Income
savings+10 Fri Jan 14 00:10:00 CST 1 Payment
sleepiness-50 Fri Jan 14 00:37:00 CST 1 Working
income+10 Fri Jan 14 00:37:00 CST 1 New Income
savings+10 Fri Jan 14 00:37:00 CST 1 Payment
sleepiness+100 Fri Jan 14 01:39:00 CST 1 Going home
sleepiness-50 Fri Jan 14 01:29:00 CST 1 Working
income+10 Fri Jan 14 01:29:00 CST 1 New Income
savings+10 Fri Jan 14 01:29:00 CST 1 Payment
sleepiness-50 Fri Jan 14 02:19:00 CST 1 Working
income+10 Fri Jan 14 02:19:00 CST 1 New Income
savings+10 Fri Jan 14 02:19:00 CST 1 Payment
sleepiness+100 Fri Jan 14 02:46:00 CST 1 Going home
sleepiness-50 Fri Jan 14 03:29:00 CST 1 Working
income+10 Fri Jan 14 03:29:00 CST 1 New Income
savings+10 Fri Jan 14 03:29:00 CST 1 Payment
sleepiness-50 Fri Jan 14 04:19:00 CST 1 Working
income+10 Fri Jan 14 04:19:00 CST 1 New Income
savings+10 Fri Jan 14 04:19:00 CST 1 Payment
sleepiness+100 Fri Jan 14 04:46:00 CST 1 Going home
sleepiness-50 Fri Jan 14 05:29:00 CST 1 Working
income+10 Fri Jan 14 05:29:00 CST 1 New Income
savings+10 Fri Jan 14 05:29:00 CST 1 Payment
sleepiness-50 Fri Jan 14 06:19:00 CST 1 Working
income+10 Fri Jan 14 06:19:00 CST 1 New Income
savings+10 Fri Jan 14 06:19:00 CST 1 Payment
sleepiness+100 Fri Jan 14 06:46:00 CST 1 Going home
sleepiness-50 Fri Jan 14 07:30:00 CST 1 Working
income+10 Fri Jan 14 07:30:00 CST 1 New Income
savings+10 Fri Jan 14 07:30:00 CST 1 Payment
sleepiness-50 Fri Jan 14 08:20:00 CST 1 Working
income+10 Fri Jan 14 08:20:00 CST 1 New Income
savings+10 Fri Jan 14 08:20:00 CST 1 Payment
sleepiness+100 Fri Jan 14 21:20:00 CST 1 Going home
sleepiness-50 Fri Jan 14 22:26:00 CST 1 Working
income+10 Fri Jan 14 22:26:00 CST 1 New Income
savings+10 Fri Jan 14 22:26:00 CST 1 Payment
sleepiness-50 Fri Jan 14 22:33:00 CST 1 Working
income+10 Fri Jan 14 22:33:00 CST 1 New Income
savings+10 Fri Jan 14 22:33:00 CST 1 Payment
sleepiness+100 Fri Jan 14 22:58:00 CST 1 Going home
sleepiness-50 Fri Jan 14 23:43:00 CST 1 Working
income+10 Fri Jan 14 23:43:00 CST 1 New Income
savings+10 Fri Jan 14 23:43:00 CST 1 Payment
sleepiness-50 Fri Jan 14 23:56:00 CST 1 Working
income+10 Fri Jan 14 23:56:00 CST 1 New Income
savings+10 Fri Jan 14 23:56:00 CST 1 Payment
sleepiness+100 Sat Jan 15 00:58:00 CST 1 Going home
sleepiness-50 Sat Jan 15 02:06:00 CST 1 Working
income+10 Sat Jan 15 02:06:00 CST 1 New Income
savings+10 Sat Jan 15 02:06:00 CST 1 Payment
sleepiness-50 Sat Jan 15 02:57:00 CST 1 Working
income+10 Sat Jan 15 02:57:00 CST 1 New Income
savings+10 Sat Jan 15 02:57:00 CST 1 Payment
sleepiness+100 Sat Jan 15 04:05:00 CST 1 Going home
sleepiness-50 Sat Jan 15 04:55:00 CST 1 Working
income+10 Sat Jan 15 04:55:00 CST 1 New Income
savings+10 Sat Jan 15 04:55:00 CST 1 Payment
sleepiness-50 Sat Jan 15 05:17:00 CST 1 Working
income+10 Sat Jan 15 05:17:00 CST 1 New Income
savings+10 Sat Jan 15 05:17:00 CST 1 Payment
sleepiness+100 Sat Jan 15 06:27:00 CST 1 Going home
sleepiness-50 Sat Jan 15 07:22:00 CST 1 Working
income+10 Sat Jan 15 07:22:00 CST 1 New Income
savings+10 Sat Jan 15 07:22:00 CST 1 Payment
sleepiness-50 Sat Jan 15 07:47:00 CST 1 Working
income+10 Sat Jan 15 07:47:00 CST 1 New Income
savings+10 Sat Jan 15 07:47:00 CST 1 Payment
