age+0 Sat Jan 01 01:31:00 CST 1 creation
sleepiness-50 Sat Jan 01 01:32:00 CST 1 Working
income+10 Sat Jan 01 01:32:00 CST 1 New Income
debt-10 Sat Jan 01 01:32:00 CST 1 Payment
income+0 Sat Jan 01 02:14:00 CST 1 Bought a House
bills+0 Sat Jan 01 02:14:00 CST 1 Bought a House
taxes+0 Sat Jan 01 02:14:00 CST 1 Bought a House
savings+93 Sat Jan 01 02:14:00 CST 1 Bought a House
debt+7 Sat Jan 01 02:14:00 CST 1 Bought a House
sleepiness-50 Sat Jan 01 02:15:00 CST 1 Working
income+10 Sat Jan 01 02:15:00 CST 1 New Income
debt-10 Sat Jan 01 02:15:00 CST 1 Payment
companionship+10 Sat Jan 01 06:48:00 CST 1 Procreating
sleepiness-10 Sat Jan 01 06:48:00 CST 1 Procreating
sleepiness+100 Sat Jan 01 08:26:00 CST 1 Going home
sleepiness-50 Sat Jan 01 09:27:00 CST 1 Working
income+10 Sat Jan 01 09:27:00 CST 1 New Income
debt-10 Sat Jan 01 09:27:00 CST 1 Payment
sleepiness-50 Sat Jan 01 09:47:00 CST 1 Working
income+10 Sat Jan 01 09:47:00 CST 1 New Income
debt-10 Sat Jan 01 09:47:00 CST 1 Payment
sleepiness+100 Sat Jan 01 21:11:00 CST 1 Going home
sleepiness-50 Sat Jan 01 22:12:00 CST 1 Working
income+10 Sat Jan 01 22:12:00 CST 1 New Income
debt-10 Sat Jan 01 22:12:00 CST 1 Payment
sleepiness-50 Sat Jan 01 23:02:00 CST 1 Working
income+10 Sat Jan 01 23:02:00 CST 1 New Income
debt-10 Sat Jan 01 23:02:00 CST 1 Payment
sleepiness+100 Sat Jan 01 23:25:00 CST 1 Going home
sleepiness-50 Sat Jan 01 23:49:00 CST 1 Working
income+10 Sat Jan 01 23:49:00 CST 1 New Income
debt-10 Sat Jan 01 23:49:00 CST 1 Payment
sleepiness-50 Sun Jan 02 00:45:00 CST 1 Working
income+10 Sun Jan 02 00:45:00 CST 1 New Income
debt-10 Sun Jan 02 00:45:00 CST 1 Payment
sleepiness+100 Sun Jan 02 01:37:00 CST 1 Going home
sleepiness-50 Sun Jan 02 02:23:00 CST 1 Working
income+10 Sun Jan 02 02:23:00 CST 1 New Income
debt-10 Sun Jan 02 02:23:00 CST 1 Payment
sleepiness-50 Sun Jan 02 02:50:00 CST 1 Working
income+10 Sun Jan 02 02:50:00 CST 1 New Income
debt-10 Sun Jan 02 02:50:00 CST 1 Payment
thirst+90 Thu Jan 06 07:41:00 CST 1 Getting water
thirst+90 Wed Jan 12 13:38:00 CST 1 Getting water
N/A+0 Sun Jan 16 00:00:00 CST 1 death
