age+0 Sat Jan 01 13:19:00 CST 1 creation
sleepiness-50 Sat Jan 01 13:26:00 CST 1 Working
income+10 Sat Jan 01 13:26:00 CST 1 New Income
debt-10 Sat Jan 01 13:26:00 CST 1 Payment
sleepiness-50 Sat Jan 01 14:16:00 CST 1 Working
income+10 Sat Jan 01 14:16:00 CST 1 New Income
debt-10 Sat Jan 01 14:16:00 CST 1 Payment
companionship+10 Sat Jan 01 18:46:00 CST 1 Procreating
sleepiness-10 Sat Jan 01 18:46:00 CST 1 Procreating
sleepiness+100 Sat Jan 01 22:35:00 CST 1 Going home
sleepiness-50 Sat Jan 01 23:34:00 CST 1 Working
income+10 Sat Jan 01 23:34:00 CST 1 New Income
debt-10 Sat Jan 01 23:34:00 CST 1 Payment
sleepiness-50 Sun Jan 02 00:10:00 CST 1 Working
income+10 Sun Jan 02 00:10:00 CST 1 New Income
debt-10 Sun Jan 02 00:10:00 CST 1 Payment
sleepiness+100 Sun Jan 02 00:39:00 CST 1 Going home
sleepiness-50 Sun Jan 02 01:10:00 CST 1 Working
income+10 Sun Jan 02 01:10:00 CST 1 New Income
debt-10 Sun Jan 02 01:10:00 CST 1 Payment
sleepiness-50 Sun Jan 02 01:55:00 CST 1 Working
income+10 Sun Jan 02 01:55:00 CST 1 New Income
debt-10 Sun Jan 02 01:55:00 CST 1 Payment
income+0 Sun Jan 02 02:44:00 CST 1 Bought a House
bills+0 Sun Jan 02 02:44:00 CST 1 Bought a House
taxes+0 Sun Jan 02 02:44:00 CST 1 Bought a House
savings+41 Sun Jan 02 02:44:00 CST 1 Bought a House
debt+59 Sun Jan 02 02:44:00 CST 1 Bought a House
sleepiness+100 Sun Jan 02 03:02:00 CST 1 Going home
sleepiness-50 Sun Jan 02 04:03:00 CST 1 Working
income+10 Sun Jan 02 04:03:00 CST 1 New Income
debt-10 Sun Jan 02 04:03:00 CST 1 Payment
sleepiness-50 Sun Jan 02 04:53:00 CST 1 Working
income+10 Sun Jan 02 04:53:00 CST 1 New Income
debt-10 Sun Jan 02 04:53:00 CST 1 Payment
thirst+90 Tue Jan 04 13:36:00 CST 1 Getting water
thirst+90 Mon Jan 10 19:26:00 CST 1 Getting water
