age+0 Sat Jan 01 18:22:00 CST 1 creation
sleepiness-50 Sat Jan 01 18:25:00 CST 1 Working
income+10 Sat Jan 01 18:25:00 CST 1 New Income
debt-10 Sat Jan 01 18:25:00 CST 1 Payment
sleepiness-50 Sat Jan 01 18:44:00 CST 1 Working
income+10 Sat Jan 01 18:44:00 CST 1 New Income
debt-10 Sat Jan 01 18:44:00 CST 1 Payment
companionship+10 Sat Jan 01 23:00:00 CST 1 Procreating
sleepiness-10 Sat Jan 01 23:00:00 CST 1 Procreating
sleepiness+100 Sun Jan 02 03:25:00 CST 1 Going home
sleepiness-50 Sun Jan 02 04:23:00 CST 1 Working
income+10 Sun Jan 02 04:23:00 CST 1 New Income
debt-10 Sun Jan 02 04:23:00 CST 1 Payment
sleepiness-50 Sun Jan 02 04:55:00 CST 1 Working
income+10 Sun Jan 02 04:55:00 CST 1 New Income
debt-10 Sun Jan 02 04:55:00 CST 1 Payment
thirst+90 Mon Jan 03 08:07:00 CST 1 Getting water
thirst+90 Sun Jan 09 14:02:00 CST 1 Getting water
sleepiness+100 Tue Jan 11 07:07:00 CST 1 Going home
sleepiness-50 Tue Jan 11 07:25:00 CST 1 Working
income+10 Tue Jan 11 07:25:00 CST 1 New Income
debt-10 Tue Jan 11 07:25:00 CST 1 Payment
sleepiness-50 Tue Jan 11 08:14:00 CST 1 Working
income+10 Tue Jan 11 08:14:00 CST 1 New Income
debt-10 Tue Jan 11 08:14:00 CST 1 Payment
sleepiness+100 Tue Jan 11 21:08:00 CST 1 Going home
sleepiness-50 Tue Jan 11 22:02:00 CST 1 Working
income+10 Tue Jan 11 22:02:00 CST 1 New Income
savings+10 Tue Jan 11 22:02:00 CST 1 Payment
sleepiness-50 Tue Jan 11 22:51:00 CST 1 Working
income+10 Tue Jan 11 22:51:00 CST 1 New Income
savings+10 Tue Jan 11 22:51:00 CST 1 Payment
sleepiness+100 Tue Jan 11 23:05:00 CST 1 Going home
sleepiness-50 Wed Jan 12 00:39:00 CST 1 Working
income+10 Wed Jan 12 00:39:00 CST 1 New Income
savings+10 Wed Jan 12 00:39:00 CST 1 Payment
sleepiness-50 Wed Jan 12 00:46:00 CST 1 Working
income+10 Wed Jan 12 00:46:00 CST 1 New Income
savings+10 Wed Jan 12 00:46:00 CST 1 Payment
sleepiness+100 Wed Jan 12 01:00:00 CST 1 Going home
sleepiness-50 Wed Jan 12 01:54:00 CST 1 Working
income+10 Wed Jan 12 01:54:00 CST 1 New Income
savings+10 Wed Jan 12 01:54:00 CST 1 Payment
sleepiness-50 Wed Jan 12 02:43:00 CST 1 Working
income+10 Wed Jan 12 02:43:00 CST 1 New Income
savings+10 Wed Jan 12 02:43:00 CST 1 Payment
sleepiness+100 Wed Jan 12 02:57:00 CST 1 Going home
sleepiness-50 Wed Jan 12 03:51:00 CST 1 Working
income+10 Wed Jan 12 03:51:00 CST 1 New Income
savings+10 Wed Jan 12 03:51:00 CST 1 Payment
sleepiness-50 Wed Jan 12 04:40:00 CST 1 Working
income+10 Wed Jan 12 04:40:00 CST 1 New Income
savings+10 Wed Jan 12 04:40:00 CST 1 Payment
sleepiness+100 Wed Jan 12 04:54:00 CST 1 Going home
sleepiness-50 Wed Jan 12 05:48:00 CST 1 Working
income+10 Wed Jan 12 05:48:00 CST 1 New Income
savings+10 Wed Jan 12 05:48:00 CST 1 Payment
sleepiness-50 Wed Jan 12 06:37:00 CST 1 Working
income+10 Wed Jan 12 06:37:00 CST 1 New Income
savings+10 Wed Jan 12 06:37:00 CST 1 Payment
sleepiness+100 Wed Jan 12 06:51:00 CST 1 Going home
sleepiness-50 Wed Jan 12 07:45:00 CST 1 Working
income+10 Wed Jan 12 07:45:00 CST 1 New Income
savings+10 Wed Jan 12 07:45:00 CST 1 Payment
sleepiness-50 Wed Jan 12 08:34:00 CST 1 Working
income+10 Wed Jan 12 08:34:00 CST 1 New Income
savings+10 Wed Jan 12 08:34:00 CST 1 Payment
sleepiness+100 Wed Jan 12 21:08:00 CST 1 Going home
sleepiness-50 Wed Jan 12 22:02:00 CST 1 Working
income+10 Wed Jan 12 22:02:00 CST 1 New Income
savings+10 Wed Jan 12 22:02:00 CST 1 Payment
sleepiness-50 Wed Jan 12 22:51:00 CST 1 Working
income+10 Wed Jan 12 22:51:00 CST 1 New Income
savings+10 Wed Jan 12 22:51:00 CST 1 Payment
sleepiness+100 Wed Jan 12 23:05:00 CST 1 Going home
sleepiness-50 Thu Jan 13 00:39:00 CST 1 Working
income+10 Thu Jan 13 00:39:00 CST 1 New Income
savings+10 Thu Jan 13 00:39:00 CST 1 Payment
sleepiness-50 Thu Jan 13 00:46:00 CST 1 Working
income+10 Thu Jan 13 00:46:00 CST 1 New Income
savings+10 Thu Jan 13 00:46:00 CST 1 Payment
sleepiness+100 Thu Jan 13 01:00:00 CST 1 Going home
sleepiness-50 Thu Jan 13 01:54:00 CST 1 Working
income+10 Thu Jan 13 01:54:00 CST 1 New Income
savings+10 Thu Jan 13 01:54:00 CST 1 Payment
sleepiness-50 Thu Jan 13 02:43:00 CST 1 Working
income+10 Thu Jan 13 02:43:00 CST 1 New Income
savings+10 Thu Jan 13 02:43:00 CST 1 Payment
sleepiness+100 Thu Jan 13 02:57:00 CST 1 Going home
sleepiness-50 Thu Jan 13 03:53:00 CST 1 Working
income+10 Thu Jan 13 03:53:00 CST 1 New Income
savings+10 Thu Jan 13 03:53:00 CST 1 Payment
sleepiness-50 Thu Jan 13 04:43:00 CST 1 Working
income+10 Thu Jan 13 04:43:00 CST 1 New Income
savings+10 Thu Jan 13 04:43:00 CST 1 Payment
sleepiness+100 Thu Jan 13 04:58:00 CST 1 Going home
sleepiness-50 Thu Jan 13 05:55:00 CST 1 Working
income+10 Thu Jan 13 05:55:00 CST 1 New Income
savings+10 Thu Jan 13 05:55:00 CST 1 Payment
sleepiness-50 Thu Jan 13 06:45:00 CST 1 Working
income+10 Thu Jan 13 06:45:00 CST 1 New Income
savings+10 Thu Jan 13 06:45:00 CST 1 Payment
sleepiness+100 Thu Jan 13 07:00:00 CST 1 Going home
sleepiness-50 Thu Jan 13 07:57:00 CST 1 Working
income+10 Thu Jan 13 07:57:00 CST 1 New Income
savings+10 Thu Jan 13 07:57:00 CST 1 Payment
sleepiness-50 Thu Jan 13 08:47:00 CST 1 Working
income+10 Thu Jan 13 08:47:00 CST 1 New Income
savings+10 Thu Jan 13 08:47:00 CST 1 Payment
sleepiness+100 Thu Jan 13 21:09:00 CST 1 Going home
sleepiness-50 Thu Jan 13 22:06:00 CST 1 Working
income+10 Thu Jan 13 22:06:00 CST 1 New Income
savings+10 Thu Jan 13 22:06:00 CST 1 Payment
sleepiness-50 Thu Jan 13 22:56:00 CST 1 Working
income+10 Thu Jan 13 22:56:00 CST 1 New Income
savings+10 Thu Jan 13 22:56:00 CST 1 Payment
sleepiness+100 Thu Jan 13 23:11:00 CST 1 Going home
sleepiness-50 Fri Jan 14 00:06:00 CST 1 Working
income+10 Fri Jan 14 00:06:00 CST 1 New Income
savings+10 Fri Jan 14 00:06:00 CST 1 Payment
sleepiness-50 Fri Jan 14 00:56:00 CST 1 Working
income+10 Fri Jan 14 00:56:00 CST 1 New Income
savings+10 Fri Jan 14 00:56:00 CST 1 Payment
sleepiness+100 Fri Jan 14 01:11:00 CST 1 Going home
sleepiness-50 Fri Jan 14 02:08:00 CST 1 Working
income+10 Fri Jan 14 02:08:00 CST 1 New Income
savings+10 Fri Jan 14 02:08:00 CST 1 Payment
sleepiness-50 Fri Jan 14 02:58:00 CST 1 Working
income+10 Fri Jan 14 02:58:00 CST 1 New Income
savings+10 Fri Jan 14 02:58:00 CST 1 Payment
sleepiness+100 Fri Jan 14 03:13:00 CST 1 Going home
sleepiness-50 Fri Jan 14 04:10:00 CST 1 Working
income+10 Fri Jan 14 04:10:00 CST 1 New Income
savings+10 Fri Jan 14 04:10:00 CST 1 Payment
sleepiness-50 Fri Jan 14 05:00:00 CST 1 Working
income+10 Fri Jan 14 05:00:00 CST 1 New Income
savings+10 Fri Jan 14 05:00:00 CST 1 Payment
sleepiness+100 Fri Jan 14 05:15:00 CST 1 Going home
sleepiness-50 Fri Jan 14 06:12:00 CST 1 Working
income+10 Fri Jan 14 06:12:00 CST 1 New Income
savings+10 Fri Jan 14 06:12:00 CST 1 Payment
sleepiness-50 Fri Jan 14 07:02:00 CST 1 Working
income+10 Fri Jan 14 07:02:00 CST 1 New Income
savings+10 Fri Jan 14 07:02:00 CST 1 Payment
sleepiness+100 Fri Jan 14 07:17:00 CST 1 Going home
sleepiness-50 Fri Jan 14 08:14:00 CST 1 Working
income+10 Fri Jan 14 08:14:00 CST 1 New Income
savings+10 Fri Jan 14 08:14:00 CST 1 Payment
sleepiness-50 Fri Jan 14 09:04:00 CST 1 Working
income+10 Fri Jan 14 09:04:00 CST 1 New Income
savings+10 Fri Jan 14 09:04:00 CST 1 Payment
sleepiness+100 Fri Jan 14 21:09:00 CST 1 Going home
sleepiness-50 Fri Jan 14 21:41:00 CST 1 Working
income+10 Fri Jan 14 21:41:00 CST 1 New Income
savings+10 Fri Jan 14 21:41:00 CST 1 Payment
sleepiness-50 Fri Jan 14 22:29:00 CST 1 Working
income+10 Fri Jan 14 22:29:00 CST 1 New Income
savings+10 Fri Jan 14 22:29:00 CST 1 Payment
sleepiness+100 Fri Jan 14 23:24:00 CST 1 Going home
sleepiness-50 Fri Jan 14 23:58:00 CST 1 Working
income+10 Fri Jan 14 23:58:00 CST 1 New Income
savings+10 Fri Jan 14 23:58:00 CST 1 Payment
sleepiness-50 Sat Jan 15 00:43:00 CST 1 Working
income+10 Sat Jan 15 00:43:00 CST 1 New Income
savings+10 Sat Jan 15 00:43:00 CST 1 Payment
trust+10 Sat Jan 15 03:49:00 CST 1 Voting
sleepiness+100 Sat Jan 15 07:19:00 CST 1 Going home
sleepiness-50 Sat Jan 15 08:13:00 CST 1 Working
income+10 Sat Jan 15 08:13:00 CST 1 New Income
savings+10 Sat Jan 15 08:13:00 CST 1 Payment
sleepiness-50 Sat Jan 15 09:00:00 CST 1 Working
income+10 Sat Jan 15 09:00:00 CST 1 New Income
savings+10 Sat Jan 15 09:00:00 CST 1 Payment
