age+0 Sat Jan 01 01:31:00 CST 1 creation
sleepiness-50 Sat Jan 01 04:07:00 CST 1 Working
income+10 Sat Jan 01 04:07:00 CST 1 New Income
debt-10 Sat Jan 01 04:07:00 CST 1 Payment
sleepiness-50 Sat Jan 01 06:22:00 CST 1 Working
income+10 Sat Jan 01 06:22:00 CST 1 New Income
debt-10 Sat Jan 01 06:22:00 CST 1 Payment
sleepiness+100 Sat Jan 01 08:17:00 CST 1 Going home
sleepiness-50 Sat Jan 01 12:08:00 CST 1 Working
income+10 Sat Jan 01 12:08:00 CST 1 New Income
debt-10 Sat Jan 01 12:08:00 CST 1 Payment
sleepiness-50 Sat Jan 01 16:03:00 CST 1 Working
income+10 Sat Jan 01 16:03:00 CST 1 New Income
debt-10 Sat Jan 01 16:03:00 CST 1 Payment
thirst+90 Wed Jan 05 19:18:00 CST 1 Getting water
sleepiness+100 Wed Jan 12 03:52:00 CST 1 Going home
sleepiness-50 Wed Jan 12 06:54:00 CST 1 Working
income+10 Wed Jan 12 06:54:00 CST 1 New Income
debt-10 Wed Jan 12 06:54:00 CST 1 Payment
sleepiness-50 Wed Jan 12 08:00:00 CST 1 Working
income+10 Wed Jan 12 08:00:00 CST 1 New Income
debt-10 Wed Jan 12 08:00:00 CST 1 Payment
thirst+90 Wed Jan 12 09:04:00 CST 1 Getting water
sleepiness+100 Thu Jan 13 00:16:00 CST 1 Going home
sleepiness-50 Thu Jan 13 02:35:00 CST 1 Working
income+10 Thu Jan 13 02:35:00 CST 1 New Income
savings+10 Thu Jan 13 02:35:00 CST 1 Payment
sleepiness-50 Thu Jan 13 06:34:00 CST 1 Working
income+10 Thu Jan 13 06:34:00 CST 1 New Income
savings+10 Thu Jan 13 06:34:00 CST 1 Payment
sleepiness+100 Thu Jan 13 10:02:00 CST 1 Going home
sleepiness-50 Thu Jan 13 12:57:00 CST 1 Working
income+10 Thu Jan 13 12:57:00 CST 1 New Income
savings+10 Thu Jan 13 12:57:00 CST 1 Payment
sleepiness-50 Thu Jan 13 15:10:00 CST 1 Working
income+10 Thu Jan 13 15:10:00 CST 1 New Income
savings+10 Thu Jan 13 15:10:00 CST 1 Payment
sleepiness+100 Fri Jan 14 00:33:00 CST 1 Going home
sleepiness-50 Fri Jan 14 02:55:00 CST 1 Working
income+10 Fri Jan 14 02:55:00 CST 1 New Income
savings+10 Fri Jan 14 02:55:00 CST 1 Payment
sleepiness-50 Fri Jan 14 05:42:00 CST 1 Working
income+10 Fri Jan 14 05:42:00 CST 1 New Income
savings+10 Fri Jan 14 05:42:00 CST 1 Payment
sleepiness+100 Fri Jan 14 07:35:00 CST 1 Going home
sleepiness-50 Fri Jan 14 11:49:00 CST 1 Working
income+10 Fri Jan 14 11:49:00 CST 1 New Income
savings+10 Fri Jan 14 11:49:00 CST 1 Payment
sleepiness-50 Fri Jan 14 12:48:00 CST 1 Working
income+10 Fri Jan 14 12:48:00 CST 1 New Income
savings+10 Fri Jan 14 12:48:00 CST 1 Payment
sleepiness+100 Sat Jan 15 00:10:00 CST 1 Going home
sleepiness-50 Sat Jan 15 04:02:00 CST 1 Working
income+10 Sat Jan 15 04:02:00 CST 1 New Income
savings+10 Sat Jan 15 04:02:00 CST 1 Payment
