age+0 Sat Jan 01 11:16:00 CST 1 creation
sleepiness-50 Sat Jan 01 11:25:00 CST 1 Working
income+10 Sat Jan 01 11:25:00 CST 1 New Income
debt-10 Sat Jan 01 11:25:00 CST 1 Payment
sleepiness-50 Sat Jan 01 12:09:00 CST 1 Working
income+10 Sat Jan 01 12:09:00 CST 1 New Income
debt-10 Sat Jan 01 12:09:00 CST 1 Payment
sleepiness+100 Sun Jan 02 02:25:00 CST 1 Going home
sleepiness-50 Sun Jan 02 03:23:00 CST 1 Working
income+10 Sun Jan 02 03:23:00 CST 1 New Income
debt-10 Sun Jan 02 03:23:00 CST 1 Payment
sleepiness-50 Sun Jan 02 03:56:00 CST 1 Working
income+10 Sun Jan 02 03:56:00 CST 1 New Income
debt-10 Sun Jan 02 03:56:00 CST 1 Payment
sleepiness+100 Sun Jan 02 04:06:00 CST 1 Going home
sleepiness-50 Sun Jan 02 05:05:00 CST 1 Working
income+10 Sun Jan 02 05:05:00 CST 1 New Income
debt-10 Sun Jan 02 05:05:00 CST 1 Payment
sleepiness-50 Sun Jan 02 05:38:00 CST 1 Working
income+10 Sun Jan 02 05:38:00 CST 1 New Income
debt-10 Sun Jan 02 05:38:00 CST 1 Payment
sleepiness+100 Sun Jan 02 05:53:00 CST 1 Going home
sleepiness-50 Sun Jan 02 06:35:00 CST 1 Working
income+10 Sun Jan 02 06:35:00 CST 1 New Income
debt-10 Sun Jan 02 06:35:00 CST 1 Payment
sleepiness-50 Sun Jan 02 06:42:00 CST 1 Working
income+10 Sun Jan 02 06:42:00 CST 1 New Income
debt-10 Sun Jan 02 06:42:00 CST 1 Payment
sleepiness+100 Sun Jan 02 07:39:00 CST 1 Going home
sleepiness-50 Sun Jan 02 08:39:00 CST 1 Working
income+10 Sun Jan 02 08:39:00 CST 1 New Income
debt-10 Sun Jan 02 08:39:00 CST 1 Payment
sleepiness-50 Sun Jan 02 08:06:00 CST 1 Working
income+10 Sun Jan 02 08:06:00 CST 1 New Income
debt-10 Sun Jan 02 08:06:00 CST 1 Payment
sleepiness+100 Sun Jan 02 21:11:00 CST 1 Going home
sleepiness-50 Sun Jan 02 22:12:00 CST 1 Working
income+10 Sun Jan 02 22:12:00 CST 1 New Income
savings+10 Sun Jan 02 22:12:00 CST 1 Payment
income+0 Sun Jan 02 23:01:00 CST 1 Bought a House
bills+0 Sun Jan 02 23:01:00 CST 1 Bought a House
taxes+0 Sun Jan 02 23:01:00 CST 1 Bought a House
savings+44 Sun Jan 02 23:01:00 CST 1 Bought a House
debt+56 Sun Jan 02 23:01:00 CST 1 Bought a House
sleepiness-50 Sun Jan 02 23:02:00 CST 1 Working
income+10 Sun Jan 02 23:02:00 CST 1 New Income
debt-10 Sun Jan 02 23:02:00 CST 1 Payment
N/A+0 Tue Jan 04 00:00:00 CST 1 death
