age+0 Sat Jan 01 10:34:00 CST 1 creation
sleepiness-50 Sat Jan 01 11:01:00 CST 1 Working
income+10 Sat Jan 01 11:01:00 CST 1 New Income
debt-10 Sat Jan 01 11:01:00 CST 1 Payment
sleepiness-50 Sat Jan 01 14:50:00 CST 1 Working
income+10 Sat Jan 01 14:50:00 CST 1 New Income
debt-10 Sat Jan 01 14:50:00 CST 1 Payment
thirst+90 Thu Jan 06 00:48:00 CST 1 Getting water
sleepiness+100 Fri Jan 07 23:15:00 CST 1 Going home
sleepiness-50 Sat Jan 08 01:31:00 CST 1 Working
income+10 Sat Jan 08 01:31:00 CST 1 New Income
debt-10 Sat Jan 08 01:31:00 CST 1 Payment
sleepiness-50 Sat Jan 08 01:51:00 CST 1 Working
income+10 Sat Jan 08 01:51:00 CST 1 New Income
savings+10 Sat Jan 08 01:51:00 CST 1 Payment
trust+10 Sat Jan 08 05:17:00 CST 1 Voting
sleepiness+100 Sat Jan 08 07:17:00 CST 1 Going home
sleepiness-50 Sat Jan 08 10:31:00 CST 1 Working
income+10 Sat Jan 08 10:31:00 CST 1 New Income
savings+10 Sat Jan 08 10:31:00 CST 1 Payment
sleepiness-50 Sat Jan 08 14:01:00 CST 1 Working
income+10 Sat Jan 08 14:01:00 CST 1 New Income
savings+10 Sat Jan 08 14:01:00 CST 1 Payment
sleepiness+100 Sat Jan 08 21:40:00 CST 1 Going home
sleepiness-50 Sun Jan 09 00:12:00 CST 1 Working
income+10 Sun Jan 09 00:12:00 CST 1 New Income
savings+10 Sun Jan 09 00:12:00 CST 1 Payment
sleepiness-50 Sun Jan 09 04:00:00 CST 1 Working
income+10 Sun Jan 09 04:00:00 CST 1 New Income
savings+10 Sun Jan 09 04:00:00 CST 1 Payment
sleepiness+100 Sun Jan 09 06:40:00 CST 1 Going home
sleepiness-50 Sun Jan 09 09:01:00 CST 1 Working
income+10 Sun Jan 09 09:01:00 CST 1 New Income
savings+10 Sun Jan 09 09:01:00 CST 1 Payment
sleepiness-50 Sun Jan 09 11:56:00 CST 1 Working
income+10 Sun Jan 09 11:56:00 CST 1 New Income
savings+10 Sun Jan 09 11:56:00 CST 1 Payment
sleepiness+100 Mon Jan 10 00:30:00 CST 1 Going home
sleepiness-50 Mon Jan 10 01:57:00 CST 1 Working
income+10 Mon Jan 10 01:57:00 CST 1 New Income
savings+10 Mon Jan 10 01:57:00 CST 1 Payment
sleepiness-50 Mon Jan 10 03:57:00 CST 1 Working
income+10 Mon Jan 10 03:57:00 CST 1 New Income
savings+10 Mon Jan 10 03:57:00 CST 1 Payment
sleepiness+100 Mon Jan 10 05:08:00 CST 1 Going home
sleepiness-50 Mon Jan 10 09:41:00 CST 1 Working
income+10 Mon Jan 10 09:41:00 CST 1 New Income
savings+10 Mon Jan 10 09:41:00 CST 1 Payment
sleepiness-50 Mon Jan 10 12:39:00 CST 1 Working
income+10 Mon Jan 10 12:39:00 CST 1 New Income
savings+10 Mon Jan 10 12:39:00 CST 1 Payment
sleepiness+100 Tue Jan 11 00:40:00 CST 1 Going home
sleepiness-50 Tue Jan 11 03:43:00 CST 1 Working
income+10 Tue Jan 11 03:43:00 CST 1 New Income
savings+10 Tue Jan 11 03:43:00 CST 1 Payment
sleepiness-50 Tue Jan 11 08:03:00 CST 1 Working
income+10 Tue Jan 11 08:03:00 CST 1 New Income
savings+10 Tue Jan 11 08:03:00 CST 1 Payment
sleepiness+100 Wed Jan 12 00:48:00 CST 1 Going home
sleepiness-50 Wed Jan 12 02:31:00 CST 1 Working
income+10 Wed Jan 12 02:31:00 CST 1 New Income
savings+10 Wed Jan 12 02:31:00 CST 1 Payment
sleepiness-50 Wed Jan 12 03:03:00 CST 1 Working
income+10 Wed Jan 12 03:03:00 CST 1 New Income
savings+10 Wed Jan 12 03:03:00 CST 1 Payment
sleepiness+100 Fri Jan 14 01:01:00 CST 1 Going home
sleepiness-50 Fri Jan 14 06:57:00 CST 1 Working
income+10 Fri Jan 14 06:57:00 CST 1 New Income
savings+10 Fri Jan 14 06:57:00 CST 1 Payment
sleepiness-50 Fri Jan 14 12:14:00 CST 1 Working
income+10 Fri Jan 14 12:14:00 CST 1 New Income
savings+10 Fri Jan 14 12:14:00 CST 1 Payment
sleepiness+100 Sat Jan 15 00:36:00 CST 1 Going home
sleepiness-50 Sat Jan 15 02:56:00 CST 1 Working
income+10 Sat Jan 15 02:56:00 CST 1 New Income
savings+10 Sat Jan 15 02:56:00 CST 1 Payment
