age+0 Sat Jan 01 11:16:00 CST 1 creation
sleepiness-50 Sat Jan 01 11:18:00 CST 1 Working
income+10 Sat Jan 01 11:18:00 CST 1 New Income
debt-10 Sat Jan 01 11:18:00 CST 1 Payment
sleepiness-50 Sat Jan 01 12:03:00 CST 1 Working
income+10 Sat Jan 01 12:03:00 CST 1 New Income
debt-10 Sat Jan 01 12:03:00 CST 1 Payment
companionship+10 Sat Jan 01 17:06:00 CST 1 Procreating
sleepiness-10 Sat Jan 01 17:06:00 CST 1 Procreating
sleepiness+100 Sun Jan 02 01:18:00 CST 1 Going home
sleepiness-50 Sun Jan 02 02:12:00 CST 1 Working
income+10 Sun Jan 02 02:12:00 CST 1 New Income
debt-10 Sun Jan 02 02:12:00 CST 1 Payment
sleepiness-50 Sun Jan 02 03:02:00 CST 1 Working
income+10 Sun Jan 02 03:02:00 CST 1 New Income
debt-10 Sun Jan 02 03:02:00 CST 1 Payment
sleepiness+100 Sun Jan 02 03:14:00 CST 1 Going home
sleepiness-50 Sun Jan 02 03:48:00 CST 1 Working
income+10 Sun Jan 02 03:48:00 CST 1 New Income
debt-10 Sun Jan 02 03:48:00 CST 1 Payment
sleepiness-50 Sun Jan 02 04:29:00 CST 1 Working
income+10 Sun Jan 02 04:29:00 CST 1 New Income
debt-10 Sun Jan 02 04:29:00 CST 1 Payment
sleepiness+100 Sun Jan 02 05:07:00 CST 1 Going home
sleepiness-50 Sun Jan 02 05:29:00 CST 1 Working
income+10 Sun Jan 02 05:29:00 CST 1 New Income
savings+10 Sun Jan 02 05:29:00 CST 1 Payment
income+0 Sun Jan 02 06:01:00 CST 1 Bought a House
bills+0 Sun Jan 02 06:01:00 CST 1 Bought a House
taxes+0 Sun Jan 02 06:01:00 CST 1 Bought a House
savings+60 Sun Jan 02 06:01:00 CST 1 Bought a House
debt+40 Sun Jan 02 06:01:00 CST 1 Bought a House
sleepiness-50 Sun Jan 02 06:05:00 CST 1 Working
income+10 Sun Jan 02 06:05:00 CST 1 New Income
debt-10 Sun Jan 02 06:05:00 CST 1 Payment
thirst+90 Sun Jan 02 20:10:00 CST 1 Getting water
N/A+0 Sun Jan 09 00:00:00 CST 1 death
