age+0 Sat Jan 01 11:16:00 CST 1 creation
income+0 Sat Jan 01 11:16:00 CST 1 Bought a House
bills+0 Sat Jan 01 11:16:00 CST 1 Bought a House
taxes+0 Sat Jan 01 11:16:00 CST 1 Bought a House
savings+40 Sat Jan 01 11:16:00 CST 1 Bought a House
debt+60 Sat Jan 01 11:16:00 CST 1 Bought a House
sleepiness-50 Sat Jan 01 13:52:00 CST 1 Working
income+10 Sat Jan 01 13:52:00 CST 1 New Income
debt-10 Sat Jan 01 13:52:00 CST 1 Payment
sleepiness-50 Sat Jan 01 16:29:00 CST 1 Working
income+10 Sat Jan 01 16:29:00 CST 1 New Income
debt-10 Sat Jan 01 16:29:00 CST 1 Payment
thirst+90 Sun Jan 02 01:31:00 CST 1 Getting water
sleepiness+100 Tue Jan 04 01:23:00 CST 1 Going home
sleepiness-50 Tue Jan 04 06:05:00 CST 1 Working
income+10 Tue Jan 04 06:05:00 CST 1 New Income
debt-10 Tue Jan 04 06:05:00 CST 1 Payment
sleepiness-50 Tue Jan 04 08:26:00 CST 1 Working
income+10 Tue Jan 04 08:26:00 CST 1 New Income
debt-10 Tue Jan 04 08:26:00 CST 1 Payment
sleepiness+100 Tue Jan 04 22:56:00 CST 1 Going home
sleepiness-50 Wed Jan 05 00:36:00 CST 1 Working
income+10 Wed Jan 05 00:36:00 CST 1 New Income
debt-10 Wed Jan 05 00:36:00 CST 1 Payment
sleepiness-50 Wed Jan 05 01:25:00 CST 1 Working
income+10 Wed Jan 05 01:25:00 CST 1 New Income
debt-10 Wed Jan 05 01:25:00 CST 1 Payment
sleepiness+100 Wed Jan 05 03:04:00 CST 1 Going home
sleepiness-50 Wed Jan 05 08:08:00 CST 1 Working
income+10 Wed Jan 05 08:08:00 CST 1 New Income
debt-10 Wed Jan 05 08:08:00 CST 1 Payment
sleepiness-50 Wed Jan 05 10:04:00 CST 1 Working
income+10 Wed Jan 05 10:04:00 CST 1 New Income
debt-10 Wed Jan 05 10:04:00 CST 1 Payment
sleepiness+100 Thu Jan 06 00:54:00 CST 1 Going home
sleepiness-50 Thu Jan 06 02:28:00 CST 1 Working
income+10 Thu Jan 06 02:28:00 CST 1 New Income
debt-10 Thu Jan 06 02:28:00 CST 1 Payment
sleepiness-50 Thu Jan 06 02:54:00 CST 1 Working
income+10 Thu Jan 06 02:54:00 CST 1 New Income
debt-10 Thu Jan 06 02:54:00 CST 1 Payment
sleepiness+100 Thu Jan 06 04:12:00 CST 1 Going home
sleepiness-50 Thu Jan 06 06:56:00 CST 1 Working
income+10 Thu Jan 06 06:56:00 CST 1 New Income
savings+10 Thu Jan 06 06:56:00 CST 1 Payment
sleepiness-50 Thu Jan 06 11:22:00 CST 1 Working
income+10 Thu Jan 06 11:22:00 CST 1 New Income
savings+10 Thu Jan 06 11:22:00 CST 1 Payment
sleepiness+100 Fri Jan 07 01:18:00 CST 1 Going home
sleepiness-50 Fri Jan 07 05:32:00 CST 1 Working
income+10 Fri Jan 07 05:32:00 CST 1 New Income
savings+10 Fri Jan 07 05:32:00 CST 1 Payment
sleepiness-50 Fri Jan 07 09:54:00 CST 1 Working
income+10 Fri Jan 07 09:54:00 CST 1 New Income
savings+10 Fri Jan 07 09:54:00 CST 1 Payment
sleepiness+100 Sat Jan 08 00:42:00 CST 1 Going home
sleepiness-50 Sat Jan 08 05:38:00 CST 1 Working
income+10 Sat Jan 08 05:38:00 CST 1 New Income
savings+10 Sat Jan 08 05:38:00 CST 1 Payment
sleepiness-50 Sat Jan 08 08:41:00 CST 1 Working
income+10 Sat Jan 08 08:41:00 CST 1 New Income
savings+10 Sat Jan 08 08:41:00 CST 1 Payment
sleepiness+100 Sat Jan 08 22:56:00 CST 1 Going home
sleepiness-50 Sun Jan 09 00:33:00 CST 1 Working
income+10 Sun Jan 09 00:33:00 CST 1 New Income
savings+10 Sun Jan 09 00:33:00 CST 1 Payment
sleepiness-50 Sun Jan 09 02:52:00 CST 1 Working
income+10 Sun Jan 09 02:52:00 CST 1 New Income
savings+10 Sun Jan 09 02:52:00 CST 1 Payment
sleepiness+100 Sun Jan 09 04:40:00 CST 1 Going home
sleepiness-50 Sun Jan 09 06:06:00 CST 1 Working
income+10 Sun Jan 09 06:06:00 CST 1 New Income
savings+10 Sun Jan 09 06:06:00 CST 1 Payment
sleepiness-50 Sun Jan 09 06:38:00 CST 1 Working
income+10 Sun Jan 09 06:38:00 CST 1 New Income
savings+10 Sun Jan 09 06:38:00 CST 1 Payment
sleepiness+100 Sun Jan 09 08:01:00 CST 1 Going home
sleepiness-50 Sun Jan 09 10:55:00 CST 1 Working
income+10 Sun Jan 09 10:55:00 CST 1 New Income
savings+10 Sun Jan 09 10:55:00 CST 1 Payment
sleepiness-50 Sun Jan 09 14:14:00 CST 1 Working
income+10 Sun Jan 09 14:14:00 CST 1 New Income
savings+10 Sun Jan 09 14:14:00 CST 1 Payment
sleepiness+100 Sun Jan 09 22:51:00 CST 1 Going home
sleepiness-50 Mon Jan 10 01:31:00 CST 1 Working
income+10 Mon Jan 10 01:31:00 CST 1 New Income
savings+10 Mon Jan 10 01:31:00 CST 1 Payment
sleepiness-50 Mon Jan 10 02:21:00 CST 1 Working
income+10 Mon Jan 10 02:21:00 CST 1 New Income
savings+10 Mon Jan 10 02:21:00 CST 1 Payment
sleepiness+100 Mon Jan 10 04:18:00 CST 1 Going home
sleepiness-50 Mon Jan 10 08:54:00 CST 1 Working
income+10 Mon Jan 10 08:54:00 CST 1 New Income
savings+10 Mon Jan 10 08:54:00 CST 1 Payment
sleepiness-50 Mon Jan 10 13:51:00 CST 1 Working
income+10 Mon Jan 10 13:51:00 CST 1 New Income
savings+10 Mon Jan 10 13:51:00 CST 1 Payment
sleepiness+100 Mon Jan 10 23:16:00 CST 1 Going home
sleepiness-50 Tue Jan 11 01:58:00 CST 1 Working
income+10 Tue Jan 11 01:58:00 CST 1 New Income
savings+10 Tue Jan 11 01:58:00 CST 1 Payment
sleepiness-50 Tue Jan 11 02:30:00 CST 1 Working
income+10 Tue Jan 11 02:30:00 CST 1 New Income
savings+10 Tue Jan 11 02:30:00 CST 1 Payment
sleepiness+100 Tue Jan 11 04:52:00 CST 1 Going home
sleepiness-50 Tue Jan 11 09:12:00 CST 1 Working
income+10 Tue Jan 11 09:12:00 CST 1 New Income
savings+10 Tue Jan 11 09:12:00 CST 1 Payment
sleepiness-50 Tue Jan 11 11:40:00 CST 1 Working
income+10 Tue Jan 11 11:40:00 CST 1 New Income
savings+10 Tue Jan 11 11:40:00 CST 1 Payment
sleepiness+100 Wed Jan 12 00:22:00 CST 1 Going home
sleepiness-50 Wed Jan 12 04:08:00 CST 1 Working
income+10 Wed Jan 12 04:08:00 CST 1 New Income
savings+10 Wed Jan 12 04:08:00 CST 1 Payment
sleepiness-50 Wed Jan 12 08:20:00 CST 1 Working
income+10 Wed Jan 12 08:20:00 CST 1 New Income
savings+10 Wed Jan 12 08:20:00 CST 1 Payment
thirst+90 Thu Jan 13 15:54:00 CST 1 Getting water
