age+0 Thu Jan 13 04:33:00 CST 1 creation
sleepiness-50 Thu Jan 13 04:33:00 CST 1 Working
income+10 Thu Jan 13 04:33:00 CST 1 New Income
debt-10 Thu Jan 13 04:33:00 CST 1 Payment
sleepiness-50 Thu Jan 13 05:12:00 CST 1 Working
income+10 Thu Jan 13 05:12:00 CST 1 New Income
debt-10 Thu Jan 13 05:12:00 CST 1 Payment
companionship+10 Thu Jan 13 10:06:00 CST 1 Procreating
sleepiness-10 Thu Jan 13 10:06:00 CST 1 Procreating
sleepiness+100 Fri Jan 14 08:23:00 CST 1 Going home
sleepiness-50 Fri Jan 14 09:03:00 CST 1 Working
income+10 Fri Jan 14 09:03:00 CST 1 New Income
debt-10 Fri Jan 14 09:03:00 CST 1 Payment
sleepiness-50 Fri Jan 14 09:51:00 CST 1 Working
income+10 Fri Jan 14 09:51:00 CST 1 New Income
debt-10 Fri Jan 14 09:51:00 CST 1 Payment
sleepiness+100 Fri Jan 14 21:16:00 CST 1 Going home
sleepiness-50 Fri Jan 14 21:46:00 CST 1 Working
income+10 Fri Jan 14 21:46:00 CST 1 New Income
debt-10 Fri Jan 14 21:46:00 CST 1 Payment
sleepiness-50 Fri Jan 14 22:39:00 CST 1 Working
income+10 Fri Jan 14 22:39:00 CST 1 New Income
savings+10 Fri Jan 14 22:39:00 CST 1 Payment
sleepiness+100 Fri Jan 14 22:20:00 CST 1 Going home
sleepiness-50 Fri Jan 14 23:26:00 CST 1 Working
income+10 Fri Jan 14 23:26:00 CST 1 New Income
savings+10 Fri Jan 14 23:26:00 CST 1 Payment
sleepiness-50 Sat Jan 15 00:11:00 CST 1 Working
income+10 Sat Jan 15 00:11:00 CST 1 New Income
savings+10 Sat Jan 15 00:11:00 CST 1 Payment
sleepiness+100 Sat Jan 15 00:33:00 CST 1 Going home
sleepiness-50 Sat Jan 15 01:08:00 CST 1 Working
income+10 Sat Jan 15 01:08:00 CST 1 New Income
savings+10 Sat Jan 15 01:08:00 CST 1 Payment
sleepiness-50 Sat Jan 15 01:27:00 CST 1 Working
income+10 Sat Jan 15 01:27:00 CST 1 New Income
savings+10 Sat Jan 15 01:27:00 CST 1 Payment
sleepiness+100 Sat Jan 15 02:30:00 CST 1 Going home
sleepiness-50 Sat Jan 15 02:58:00 CST 1 Working
income+10 Sat Jan 15 02:58:00 CST 1 New Income
savings+10 Sat Jan 15 02:58:00 CST 1 Payment
sleepiness-50 Sat Jan 15 03:24:00 CST 1 Working
income+10 Sat Jan 15 03:24:00 CST 1 New Income
savings+10 Sat Jan 15 03:24:00 CST 1 Payment
sleepiness+100 Sat Jan 15 04:39:00 CST 1 Going home
