age+0 Sat Jan 08 07:04:00 CST 1 creation
sleepiness-50 Sat Jan 08 09:27:00 CST 1 Working
income+10 Sat Jan 08 09:27:00 CST 1 New Income
debt-10 Sat Jan 08 09:27:00 CST 1 Payment
sleepiness-50 Sat Jan 08 12:49:00 CST 1 Working
income+10 Sat Jan 08 12:49:00 CST 1 New Income
debt-10 Sat Jan 08 12:49:00 CST 1 Payment
companionship+10 Tue Jan 11 04:01:00 CST 1 Procreating
sleepiness-10 Tue Jan 11 04:01:00 CST 1 Procreating
sleepiness+100 Tue Jan 11 08:19:00 CST 1 Going home
sleepiness-50 Tue Jan 11 13:30:00 CST 1 Working
income+10 Tue Jan 11 13:30:00 CST 1 New Income
debt-10 Tue Jan 11 13:30:00 CST 1 Payment
sleepiness-50 Tue Jan 11 18:04:00 CST 1 Working
income+10 Tue Jan 11 18:04:00 CST 1 New Income
debt-10 Tue Jan 11 18:04:00 CST 1 Payment
sleepiness+100 Tue Jan 11 22:36:00 CST 1 Going home
sleepiness-50 Wed Jan 12 01:04:00 CST 1 Working
income+10 Wed Jan 12 01:04:00 CST 1 New Income
debt-10 Wed Jan 12 01:04:00 CST 1 Payment
sleepiness-50 Wed Jan 12 03:35:00 CST 1 Working
income+10 Wed Jan 12 03:35:00 CST 1 New Income
debt-10 Wed Jan 12 03:35:00 CST 1 Payment
sleepiness+100 Wed Jan 12 05:57:00 CST 1 Going home
sleepiness-50 Wed Jan 12 11:22:00 CST 1 Working
income+10 Wed Jan 12 11:22:00 CST 1 New Income
debt-10 Wed Jan 12 11:22:00 CST 1 Payment
sleepiness-50 Wed Jan 12 15:16:00 CST 1 Working
income+10 Wed Jan 12 15:16:00 CST 1 New Income
savings+10 Wed Jan 12 15:16:00 CST 1 Payment
sleepiness+100 Wed Jan 12 22:33:00 CST 1 Going home
sleepiness-50 Thu Jan 13 00:52:00 CST 1 Working
income+10 Thu Jan 13 00:52:00 CST 1 New Income
savings+10 Thu Jan 13 00:52:00 CST 1 Payment
sleepiness-50 Thu Jan 13 03:26:00 CST 1 Working
income+10 Thu Jan 13 03:26:00 CST 1 New Income
savings+10 Thu Jan 13 03:26:00 CST 1 Payment
sleepiness+100 Thu Jan 13 04:19:00 CST 1 Going home
sleepiness-50 Thu Jan 13 09:38:00 CST 1 Working
income+10 Thu Jan 13 09:38:00 CST 1 New Income
savings+10 Thu Jan 13 09:38:00 CST 1 Payment
sleepiness-50 Thu Jan 13 12:25:00 CST 1 Working
income+10 Thu Jan 13 12:25:00 CST 1 New Income
savings+10 Thu Jan 13 12:25:00 CST 1 Payment
sleepiness+100 Fri Jan 14 01:39:00 CST 1 Going home
sleepiness-50 Fri Jan 14 04:16:00 CST 1 Working
income+10 Fri Jan 14 04:16:00 CST 1 New Income
savings+10 Fri Jan 14 04:16:00 CST 1 Payment
sleepiness-50 Fri Jan 14 08:12:00 CST 1 Working
income+10 Fri Jan 14 08:12:00 CST 1 New Income
savings+10 Fri Jan 14 08:12:00 CST 1 Payment
sleepiness+100 Sat Jan 15 00:11:00 CST 1 Going home
