age+0 Sat Jan 01 19:23:00 CST 1 creation
hunger+91 Sat Jan 01 19:58:00 CST 1 Getting food
sleepiness-50 Sun Jan 02 00:08:00 CST 1 Working
income+10 Sun Jan 02 00:08:00 CST 1 New Income
debt-10 Sun Jan 02 00:08:00 CST 1 Payment
income+0 Sun Jan 02 00:33:00 CST 1 Bought a House
bills+0 Sun Jan 02 00:33:00 CST 1 Bought a House
taxes+0 Sun Jan 02 00:33:00 CST 1 Bought a House
savings+50 Sun Jan 02 00:33:00 CST 1 Bought a House
debt+50 Sun Jan 02 00:33:00 CST 1 Bought a House
sleepiness-50 Sun Jan 02 00:34:00 CST 1 Working
income+10 Sun Jan 02 00:34:00 CST 1 New Income
debt-10 Sun Jan 02 00:34:00 CST 1 Payment
thirst+90 Tue Jan 04 04:30:00 CST 1 Getting water
thirst+90 Mon Jan 10 10:22:00 CST 1 Getting water
sleepiness+100 Fri Jan 14 06:40:00 CST 1 Going home
sleepiness-50 Fri Jan 14 09:51:00 CST 1 Working
income+10 Fri Jan 14 09:51:00 CST 1 New Income
debt-10 Fri Jan 14 09:51:00 CST 1 Payment
sleepiness-50 Fri Jan 14 12:52:00 CST 1 Working
income+10 Fri Jan 14 12:52:00 CST 1 New Income
debt-10 Fri Jan 14 12:52:00 CST 1 Payment
sleepiness+100 Fri Jan 14 21:49:00 CST 1 Going home
sleepiness-50 Fri Jan 14 23:07:00 CST 1 Working
income+10 Fri Jan 14 23:07:00 CST 1 New Income
debt-10 Fri Jan 14 23:07:00 CST 1 Payment
sleepiness-50 Sat Jan 15 01:48:00 CST 1 Working
income+10 Sat Jan 15 01:48:00 CST 1 New Income
debt-10 Sat Jan 15 01:48:00 CST 1 Payment
trust+10 Sat Jan 15 07:39:00 CST 1 Voting
sleepiness+100 Sat Jan 15 11:12:00 CST 1 Going home
