age+0 Fri Jan 07 04:34:00 CST 1 creation
income+0 Fri Jan 07 04:34:00 CST 1 Bought a House
bills+0 Fri Jan 07 04:34:00 CST 1 Bought a House
taxes+0 Fri Jan 07 04:34:00 CST 1 Bought a House
savings+82 Fri Jan 07 04:34:00 CST 1 Bought a House
debt+18 Fri Jan 07 04:34:00 CST 1 Bought a House
thirst+93 Fri Jan 07 04:39:00 CST 1 Getting water
sleepiness-50 Fri Jan 07 04:55:00 CST 1 Working
income+10 Fri Jan 07 04:55:00 CST 1 New Income
debt-10 Fri Jan 07 04:55:00 CST 1 Payment
sleepiness-50 Fri Jan 07 05:34:00 CST 1 Working
income+10 Fri Jan 07 05:34:00 CST 1 New Income
debt-10 Fri Jan 07 05:34:00 CST 1 Payment
companionship+10 Tue Jan 11 04:32:00 CST 1 Procreating
sleepiness-10 Tue Jan 11 04:32:00 CST 1 Procreating
sleepiness+100 Wed Jan 12 23:48:00 CST 1 Going home
sleepiness-50 Thu Jan 13 00:07:00 CST 1 Working
income+10 Thu Jan 13 00:07:00 CST 1 New Income
debt-10 Thu Jan 13 00:07:00 CST 1 Payment
sleepiness-50 Thu Jan 13 00:20:00 CST 1 Working
income+10 Thu Jan 13 00:20:00 CST 1 New Income
debt-10 Thu Jan 13 00:20:00 CST 1 Payment
sleepiness+100 Thu Jan 13 00:31:00 CST 1 Going home
sleepiness-50 Thu Jan 13 01:06:00 CST 1 Working
income+10 Thu Jan 13 01:06:00 CST 1 New Income
debt-10 Thu Jan 13 01:06:00 CST 1 Payment
sleepiness-50 Thu Jan 13 01:55:00 CST 1 Working
income+10 Thu Jan 13 01:55:00 CST 1 New Income
debt-10 Thu Jan 13 01:55:00 CST 1 Payment
sleepiness+100 Thu Jan 13 02:04:00 CST 1 Going home
sleepiness-50 Thu Jan 13 02:47:00 CST 1 Working
income+10 Thu Jan 13 02:47:00 CST 1 New Income
debt-10 Thu Jan 13 02:47:00 CST 1 Payment
sleepiness-50 Thu Jan 13 03:37:00 CST 1 Working
income+10 Thu Jan 13 03:37:00 CST 1 New Income
debt-10 Thu Jan 13 03:37:00 CST 1 Payment
sleepiness+100 Thu Jan 13 03:48:00 CST 1 Going home
sleepiness-50 Thu Jan 13 04:14:00 CST 1 Working
income+10 Thu Jan 13 04:14:00 CST 1 New Income
debt-10 Thu Jan 13 04:14:00 CST 1 Payment
sleepiness-50 Thu Jan 13 05:03:00 CST 1 Working
income+10 Thu Jan 13 05:03:00 CST 1 New Income
debt-10 Thu Jan 13 05:03:00 CST 1 Payment
sleepiness+100 Thu Jan 13 05:18:00 CST 1 Going home
sleepiness-50 Thu Jan 13 05:57:00 CST 1 Working
income+10 Thu Jan 13 05:57:00 CST 1 New Income
savings+10 Thu Jan 13 05:57:00 CST 1 Payment
sleepiness-50 Thu Jan 13 06:17:00 CST 1 Working
income+10 Thu Jan 13 06:17:00 CST 1 New Income
savings+10 Thu Jan 13 06:17:00 CST 1 Payment
sleepiness+100 Thu Jan 13 06:30:00 CST 1 Going home
sleepiness-50 Thu Jan 13 07:26:00 CST 1 Working
income+10 Thu Jan 13 07:26:00 CST 1 New Income
savings+10 Thu Jan 13 07:26:00 CST 1 Payment
sleepiness-50 Thu Jan 13 07:46:00 CST 1 Working
income+10 Thu Jan 13 07:46:00 CST 1 New Income
savings+10 Thu Jan 13 07:46:00 CST 1 Payment
sleepiness+100 Thu Jan 13 08:39:00 CST 1 Going home
sleepiness-50 Thu Jan 13 08:56:00 CST 1 Working
income+10 Thu Jan 13 08:56:00 CST 1 New Income
savings+10 Thu Jan 13 08:56:00 CST 1 Payment
sleepiness-50 Thu Jan 13 09:16:00 CST 1 Working
income+10 Thu Jan 13 09:16:00 CST 1 New Income
savings+10 Thu Jan 13 09:16:00 CST 1 Payment
sleepiness+100 Thu Jan 13 21:07:00 CST 1 Going home
sleepiness-50 Thu Jan 13 22:04:00 CST 1 Working
income+10 Thu Jan 13 22:04:00 CST 1 New Income
savings+10 Thu Jan 13 22:04:00 CST 1 Payment
sleepiness-50 Thu Jan 13 22:26:00 CST 1 Working
income+10 Thu Jan 13 22:26:00 CST 1 New Income
savings+10 Thu Jan 13 22:26:00 CST 1 Payment
sleepiness+100 Thu Jan 13 23:26:00 CST 1 Going home
sleepiness-50 Fri Jan 14 00:05:00 CST 1 Working
income+10 Fri Jan 14 00:05:00 CST 1 New Income
savings+10 Fri Jan 14 00:05:00 CST 1 Payment
sleepiness-50 Fri Jan 14 00:54:00 CST 1 Working
income+10 Fri Jan 14 00:54:00 CST 1 New Income
savings+10 Fri Jan 14 00:54:00 CST 1 Payment
sleepiness+100 Fri Jan 14 01:11:00 CST 1 Going home
sleepiness-50 Fri Jan 14 01:47:00 CST 1 Working
income+10 Fri Jan 14 01:47:00 CST 1 New Income
savings+10 Fri Jan 14 01:47:00 CST 1 Payment
sleepiness-50 Fri Jan 14 02:24:00 CST 1 Working
income+10 Fri Jan 14 02:24:00 CST 1 New Income
savings+10 Fri Jan 14 02:24:00 CST 1 Payment
sleepiness+100 Fri Jan 14 03:04:00 CST 1 Going home
sleepiness-50 Fri Jan 14 03:33:00 CST 1 Working
income+10 Fri Jan 14 03:33:00 CST 1 New Income
savings+10 Fri Jan 14 03:33:00 CST 1 Payment
sleepiness-50 Fri Jan 14 04:06:00 CST 1 Working
income+10 Fri Jan 14 04:06:00 CST 1 New Income
savings+10 Fri Jan 14 04:06:00 CST 1 Payment
sleepiness+100 Fri Jan 14 04:22:00 CST 1 Going home
sleepiness-50 Fri Jan 14 05:20:00 CST 1 Working
income+10 Fri Jan 14 05:20:00 CST 1 New Income
savings+10 Fri Jan 14 05:20:00 CST 1 Payment
sleepiness-50 Fri Jan 14 05:57:00 CST 1 Working
income+10 Fri Jan 14 05:57:00 CST 1 New Income
savings+10 Fri Jan 14 05:57:00 CST 1 Payment
sleepiness+100 Fri Jan 14 06:12:00 CST 1 Going home
sleepiness-50 Fri Jan 14 06:41:00 CST 1 Working
income+10 Fri Jan 14 06:41:00 CST 1 New Income
savings+10 Fri Jan 14 06:41:00 CST 1 Payment
sleepiness-50 Fri Jan 14 07:27:00 CST 1 Working
income+10 Fri Jan 14 07:27:00 CST 1 New Income
savings+10 Fri Jan 14 07:27:00 CST 1 Payment
thirst+90 Fri Jan 14 15:19:00 CST 1 Getting water
sleepiness+100 Fri Jan 14 21:25:00 CST 1 Going home
sleepiness-50 Fri Jan 14 21:48:00 CST 1 Working
income+10 Fri Jan 14 21:48:00 CST 1 New Income
savings+10 Fri Jan 14 21:48:00 CST 1 Payment
sleepiness-50 Fri Jan 14 22:14:00 CST 1 Working
income+10 Fri Jan 14 22:14:00 CST 1 New Income
savings+10 Fri Jan 14 22:14:00 CST 1 Payment
sleepiness+100 Fri Jan 14 23:16:00 CST 1 Going home
sleepiness-50 Fri Jan 14 23:34:00 CST 1 Working
income+10 Fri Jan 14 23:34:00 CST 1 New Income
savings+10 Fri Jan 14 23:34:00 CST 1 Payment
sleepiness-50 Fri Jan 14 23:55:00 CST 1 Working
income+10 Fri Jan 14 23:55:00 CST 1 New Income
savings+10 Fri Jan 14 23:55:00 CST 1 Payment
sleepiness+100 Sat Jan 15 00:57:00 CST 1 Going home
sleepiness-50 Sat Jan 15 01:42:00 CST 1 Working
income+10 Sat Jan 15 01:42:00 CST 1 New Income
savings+10 Sat Jan 15 01:42:00 CST 1 Payment
sleepiness-50 Sat Jan 15 01:49:00 CST 1 Working
income+10 Sat Jan 15 01:49:00 CST 1 New Income
savings+10 Sat Jan 15 01:49:00 CST 1 Payment
sleepiness+100 Sat Jan 15 02:10:00 CST 1 Going home
sleepiness-50 Sat Jan 15 03:10:00 CST 1 Working
income+10 Sat Jan 15 03:10:00 CST 1 New Income
savings+10 Sat Jan 15 03:10:00 CST 1 Payment
sleepiness-50 Sat Jan 15 03:22:00 CST 1 Working
income+10 Sat Jan 15 03:22:00 CST 1 New Income
savings+10 Sat Jan 15 03:22:00 CST 1 Payment
sleepiness+100 Sat Jan 15 03:42:00 CST 1 Going home
sleepiness-50 Sat Jan 15 04:08:00 CST 1 Working
income+10 Sat Jan 15 04:08:00 CST 1 New Income
savings+10 Sat Jan 15 04:08:00 CST 1 Payment
sleepiness-50 Sat Jan 15 04:15:00 CST 1 Working
income+10 Sat Jan 15 04:15:00 CST 1 New Income
savings+10 Sat Jan 15 04:15:00 CST 1 Payment
