age+0 Wed Jan 12 18:20:00 CST 1 creation
thirst+100 Wed Jan 12 19:02:00 CST 1 Getting water
sleepiness-50 Wed Jan 12 22:38:00 CST 1 Working
income+10 Wed Jan 12 22:38:00 CST 1 New Income
debt-10 Wed Jan 12 22:38:00 CST 1 Payment
sleepiness-50 Thu Jan 13 02:20:00 CST 1 Working
income+10 Thu Jan 13 02:20:00 CST 1 New Income
debt-10 Thu Jan 13 02:20:00 CST 1 Payment
sleepiness+100 Thu Jan 13 03:32:00 CST 1 Going home
sleepiness-50 Thu Jan 13 05:41:00 CST 1 Working
income+10 Thu Jan 13 05:41:00 CST 1 New Income
debt-10 Thu Jan 13 05:41:00 CST 1 Payment
sleepiness-50 Thu Jan 13 10:30:00 CST 1 Working
income+10 Thu Jan 13 10:30:00 CST 1 New Income
debt-10 Thu Jan 13 10:30:00 CST 1 Payment
companionship+10 Thu Jan 13 16:13:00 CST 1 Procreating
sleepiness-10 Thu Jan 13 16:13:00 CST 1 Procreating
sleepiness+100 Thu Jan 13 23:43:00 CST 1 Going home
sleepiness-50 Fri Jan 14 03:10:00 CST 1 Working
income+10 Fri Jan 14 03:10:00 CST 1 New Income
savings+10 Fri Jan 14 03:10:00 CST 1 Payment
sleepiness-50 Fri Jan 14 05:52:00 CST 1 Working
income+10 Fri Jan 14 05:52:00 CST 1 New Income
savings+10 Fri Jan 14 05:52:00 CST 1 Payment
sleepiness+100 Fri Jan 14 09:16:00 CST 1 Going home
sleepiness-50 Fri Jan 14 12:08:00 CST 1 Working
income+10 Fri Jan 14 12:08:00 CST 1 New Income
savings+10 Fri Jan 14 12:08:00 CST 1 Payment
sleepiness-50 Fri Jan 14 14:45:00 CST 1 Working
income+10 Fri Jan 14 14:45:00 CST 1 New Income
savings+10 Fri Jan 14 14:45:00 CST 1 Payment
sleepiness+100 Fri Jan 14 22:37:00 CST 1 Going home
sleepiness-50 Sun Jan 16 00:00:00 CST 1 Working
income+10 Sun Jan 16 00:00:00 CST 1 New Income
savings+10 Sun Jan 16 00:00:00 CST 1 Payment
sleepiness-50 Sat Jan 15 02:47:00 CST 1 Working
income+10 Sat Jan 15 02:47:00 CST 1 New Income
savings+10 Sat Jan 15 02:47:00 CST 1 Payment
