age+0 Sat Jan 01 11:16:00 CST 1 creation
income+0 Sat Jan 01 11:16:00 CST 1 Bought a House
bills+0 Sat Jan 01 11:16:00 CST 1 Bought a House
taxes+0 Sat Jan 01 11:16:00 CST 1 Bought a House
savings+76 Sat Jan 01 11:16:00 CST 1 Bought a House
debt+24 Sat Jan 01 11:16:00 CST 1 Bought a House
sleepiness-50 Sat Jan 01 13:18:00 CST 1 Working
income+10 Sat Jan 01 13:18:00 CST 1 New Income
debt-10 Sat Jan 01 13:18:00 CST 1 Payment
sleepiness-50 Sat Jan 01 16:17:00 CST 1 Working
income+10 Sat Jan 01 16:17:00 CST 1 New Income
debt-10 Sat Jan 01 16:17:00 CST 1 Payment
sleepiness+100 Wed Jan 05 07:36:00 CST 1 Going home
sleepiness-50 Wed Jan 05 12:16:00 CST 1 Working
income+10 Wed Jan 05 12:16:00 CST 1 New Income
debt-10 Wed Jan 05 12:16:00 CST 1 Payment
sleepiness-50 Wed Jan 05 16:55:00 CST 1 Working
income+10 Wed Jan 05 16:55:00 CST 1 New Income
debt-10 Wed Jan 05 16:55:00 CST 1 Payment
sleepiness+100 Wed Jan 05 23:36:00 CST 1 Going home
sleepiness-50 Thu Jan 06 02:26:00 CST 1 Working
income+10 Thu Jan 06 02:26:00 CST 1 New Income
debt-10 Thu Jan 06 02:26:00 CST 1 Payment
sleepiness-50 Thu Jan 06 03:16:00 CST 1 Working
income+10 Thu Jan 06 03:16:00 CST 1 New Income
debt-10 Thu Jan 06 03:16:00 CST 1 Payment
sleepiness+100 Thu Jan 06 05:58:00 CST 1 Going home
sleepiness-50 Thu Jan 06 10:01:00 CST 1 Working
income+10 Thu Jan 06 10:01:00 CST 1 New Income
debt-10 Thu Jan 06 10:01:00 CST 1 Payment
sleepiness-50 Thu Jan 06 10:50:00 CST 1 Working
income+10 Thu Jan 06 10:50:00 CST 1 New Income
debt-10 Thu Jan 06 10:50:00 CST 1 Payment
sleepiness+100 Fri Jan 07 00:42:00 CST 1 Going home
sleepiness-50 Fri Jan 07 03:52:00 CST 1 Working
income+10 Fri Jan 07 03:52:00 CST 1 New Income
debt-10 Fri Jan 07 03:52:00 CST 1 Payment
sleepiness-50 Fri Jan 07 08:39:00 CST 1 Working
income+10 Fri Jan 07 08:39:00 CST 1 New Income
debt-10 Fri Jan 07 08:39:00 CST 1 Payment
sleepiness+100 Sat Jan 08 01:28:00 CST 1 Going home
sleepiness-50 Sat Jan 08 07:12:00 CST 1 Working
income+10 Sat Jan 08 07:12:00 CST 1 New Income
savings+10 Sat Jan 08 07:12:00 CST 1 Payment
sleepiness-50 Sat Jan 08 08:58:00 CST 1 Working
income+10 Sat Jan 08 08:58:00 CST 1 New Income
savings+10 Sat Jan 08 08:58:00 CST 1 Payment
thirst+90 Sun Jan 09 15:14:00 CST 1 Getting water
sleepiness+100 Thu Jan 13 01:44:00 CST 1 Going home
sleepiness-50 Thu Jan 13 06:58:00 CST 1 Working
income+10 Thu Jan 13 06:58:00 CST 1 New Income
savings+10 Thu Jan 13 06:58:00 CST 1 Payment
sleepiness-50 Thu Jan 13 10:00:00 CST 1 Working
income+10 Thu Jan 13 10:00:00 CST 1 New Income
savings+10 Thu Jan 13 10:00:00 CST 1 Payment
sleepiness+100 Thu Jan 13 23:34:00 CST 1 Going home
sleepiness-50 Fri Jan 14 02:21:00 CST 1 Working
income+10 Fri Jan 14 02:21:00 CST 1 New Income
savings+10 Fri Jan 14 02:21:00 CST 1 Payment
sleepiness-50 Fri Jan 14 04:05:00 CST 1 Working
income+10 Fri Jan 14 04:05:00 CST 1 New Income
savings+10 Fri Jan 14 04:05:00 CST 1 Payment
sleepiness+100 Fri Jan 14 08:07:00 CST 1 Going home
sleepiness-50 Fri Jan 14 12:08:00 CST 1 Working
income+10 Fri Jan 14 12:08:00 CST 1 New Income
savings+10 Fri Jan 14 12:08:00 CST 1 Payment
sleepiness-50 Fri Jan 14 14:32:00 CST 1 Working
income+10 Fri Jan 14 14:32:00 CST 1 New Income
savings+10 Fri Jan 14 14:32:00 CST 1 Payment
sleepiness+100 Sat Jan 15 01:02:00 CST 1 Going home
sleepiness-50 Sat Jan 15 04:48:00 CST 1 Working
income+10 Sat Jan 15 04:48:00 CST 1 New Income
savings+10 Sat Jan 15 04:48:00 CST 1 Payment
sleepiness-50 Sat Jan 15 08:50:00 CST 1 Working
income+10 Sat Jan 15 08:50:00 CST 1 New Income
savings+10 Sat Jan 15 08:50:00 CST 1 Payment
