age+0 Sat Jan 01 11:16:00 CST 1 creation
sleepiness-50 Sat Jan 01 14:07:00 CST 1 Working
income+10 Sat Jan 01 14:07:00 CST 1 New Income
debt-10 Sat Jan 01 14:07:00 CST 1 Payment
sleepiness-50 Sat Jan 01 16:53:00 CST 1 Working
income+10 Sat Jan 01 16:53:00 CST 1 New Income
debt-10 Sat Jan 01 16:53:00 CST 1 Payment
sleepiness+100 Sat Jan 01 23:45:00 CST 1 Going home
sleepiness-50 Sun Jan 02 03:22:00 CST 1 Working
income+10 Sun Jan 02 03:22:00 CST 1 New Income
debt-10 Sun Jan 02 03:22:00 CST 1 Payment
sleepiness-50 Sun Jan 02 05:27:00 CST 1 Working
income+10 Sun Jan 02 05:27:00 CST 1 New Income
debt-10 Sun Jan 02 05:27:00 CST 1 Payment
sleepiness+100 Sun Jan 02 08:05:00 CST 1 Going home
sleepiness-50 Sun Jan 02 12:12:00 CST 1 Working
income+10 Sun Jan 02 12:12:00 CST 1 New Income
debt-10 Sun Jan 02 12:12:00 CST 1 Payment
sleepiness-50 Sun Jan 02 15:48:00 CST 1 Working
income+10 Sun Jan 02 15:48:00 CST 1 New Income
debt-10 Sun Jan 02 15:48:00 CST 1 Payment
sleepiness+100 Sun Jan 02 23:38:00 CST 1 Going home
sleepiness-50 Mon Jan 03 02:23:00 CST 1 Working
income+10 Mon Jan 03 02:23:00 CST 1 New Income
savings+10 Mon Jan 03 02:23:00 CST 1 Payment
sleepiness-50 Mon Jan 03 04:47:00 CST 1 Working
income+10 Mon Jan 03 04:47:00 CST 1 New Income
savings+10 Mon Jan 03 04:47:00 CST 1 Payment
income+0 Mon Jan 03 05:36:00 CST 1 Bought a House
bills+0 Mon Jan 03 05:36:00 CST 1 Bought a House
taxes+0 Mon Jan 03 05:36:00 CST 1 Bought a House
savings+54 Mon Jan 03 05:36:00 CST 1 Bought a House
debt+46 Mon Jan 03 05:36:00 CST 1 Bought a House
sleepiness+100 Mon Jan 03 06:44:00 CST 1 Going home
sleepiness-50 Mon Jan 03 11:54:00 CST 1 Working
income+10 Mon Jan 03 11:54:00 CST 1 New Income
debt-10 Mon Jan 03 11:54:00 CST 1 Payment
sleepiness-50 Mon Jan 03 13:44:00 CST 1 Working
income+10 Mon Jan 03 13:44:00 CST 1 New Income
debt-10 Mon Jan 03 13:44:00 CST 1 Payment
thirst+90 Fri Jan 07 14:44:00 CST 1 Getting water
N/A+0 Wed Jan 12 00:00:00 CST 1 death
