age+0 Mon Jan 10 14:29:00 CST 1 creation
hunger+98 Mon Jan 10 14:46:00 CST 1 Getting food
sleepiness-50 Mon Jan 10 19:00:00 CST 1 Working
income+10 Mon Jan 10 19:00:00 CST 1 New Income
debt-10 Mon Jan 10 19:00:00 CST 1 Payment
sleepiness-50 Mon Jan 10 19:07:00 CST 1 Working
income+10 Mon Jan 10 19:07:00 CST 1 New Income
debt-10 Mon Jan 10 19:07:00 CST 1 Payment
companionship+10 Tue Jan 11 00:22:00 CST 1 Procreating
sleepiness-10 Tue Jan 11 00:22:00 CST 1 Procreating
sleepiness+100 Tue Jan 11 04:42:00 CST 1 Going home
sleepiness-50 Tue Jan 11 09:27:00 CST 1 Working
income+10 Tue Jan 11 09:27:00 CST 1 New Income
debt-10 Tue Jan 11 09:27:00 CST 1 Payment
sleepiness-50 Tue Jan 11 11:00:00 CST 1 Working
income+10 Tue Jan 11 11:00:00 CST 1 New Income
debt-10 Tue Jan 11 11:00:00 CST 1 Payment
sleepiness+100 Wed Jan 12 02:02:00 CST 1 Going home
sleepiness-50 Wed Jan 12 04:01:00 CST 1 Working
income+10 Wed Jan 12 04:01:00 CST 1 New Income
savings+10 Wed Jan 12 04:01:00 CST 1 Payment
sleepiness-50 Wed Jan 12 07:17:00 CST 1 Working
income+10 Wed Jan 12 07:17:00 CST 1 New Income
savings+10 Wed Jan 12 07:17:00 CST 1 Payment
sleepiness+100 Wed Jan 12 12:13:00 CST 1 Going home
sleepiness-50 Wed Jan 12 14:37:00 CST 1 Working
income+10 Wed Jan 12 14:37:00 CST 1 New Income
savings+10 Wed Jan 12 14:37:00 CST 1 Payment
sleepiness-50 Wed Jan 12 16:44:00 CST 1 Working
income+10 Wed Jan 12 16:44:00 CST 1 New Income
savings+10 Wed Jan 12 16:44:00 CST 1 Payment
sleepiness+100 Thu Jan 13 00:16:00 CST 1 Going home
sleepiness-50 Thu Jan 13 01:21:00 CST 1 Working
income+10 Thu Jan 13 01:21:00 CST 1 New Income
savings+10 Thu Jan 13 01:21:00 CST 1 Payment
sleepiness-50 Thu Jan 13 05:44:00 CST 1 Working
income+10 Thu Jan 13 05:44:00 CST 1 New Income
savings+10 Thu Jan 13 05:44:00 CST 1 Payment
sleepiness+100 Thu Jan 13 09:43:00 CST 1 Going home
sleepiness-50 Thu Jan 13 13:57:00 CST 1 Working
income+10 Thu Jan 13 13:57:00 CST 1 New Income
savings+10 Thu Jan 13 13:57:00 CST 1 Payment
sleepiness-50 Thu Jan 13 15:53:00 CST 1 Working
income+10 Thu Jan 13 15:53:00 CST 1 New Income
savings+10 Thu Jan 13 15:53:00 CST 1 Payment
sleepiness+100 Fri Jan 14 02:15:00 CST 1 Going home
sleepiness-50 Fri Jan 14 03:46:00 CST 1 Working
income+10 Fri Jan 14 03:46:00 CST 1 New Income
savings+10 Fri Jan 14 03:46:00 CST 1 Payment
sleepiness-50 Fri Jan 14 07:58:00 CST 1 Working
income+10 Fri Jan 14 07:58:00 CST 1 New Income
savings+10 Fri Jan 14 07:58:00 CST 1 Payment
sleepiness+100 Sat Jan 15 00:11:00 CST 1 Going home
