age+0 Sat Jan 01 11:16:00 CST 1 creation
sleepiness-50 Sat Jan 01 11:17:00 CST 1 Working
income+10 Sat Jan 01 11:17:00 CST 1 New Income
debt-10 Sat Jan 01 11:17:00 CST 1 Payment
sleepiness-50 Sat Jan 01 11:58:00 CST 1 Working
income+10 Sat Jan 01 11:58:00 CST 1 New Income
debt-10 Sat Jan 01 11:58:00 CST 1 Payment
thirst+90 Sat Jan 01 14:39:00 CST 1 Getting water
sleepiness+100 Sun Jan 02 00:16:00 CST 1 Going home
sleepiness-50 Sun Jan 02 00:26:00 CST 1 Working
income+10 Sun Jan 02 00:26:00 CST 1 New Income
debt-10 Sun Jan 02 00:26:00 CST 1 Payment
sleepiness-50 Sun Jan 02 01:39:00 CST 1 Working
income+10 Sun Jan 02 01:39:00 CST 1 New Income
debt-10 Sun Jan 02 01:39:00 CST 1 Payment
sleepiness+100 Sun Jan 02 01:13:00 CST 1 Going home
sleepiness-50 Sun Jan 02 01:52:00 CST 1 Working
income+10 Sun Jan 02 01:52:00 CST 1 New Income
debt-10 Sun Jan 02 01:52:00 CST 1 Payment
sleepiness-50 Sun Jan 02 02:42:00 CST 1 Working
income+10 Sun Jan 02 02:42:00 CST 1 New Income
debt-10 Sun Jan 02 02:42:00 CST 1 Payment
sleepiness+100 Sun Jan 02 03:23:00 CST 1 Going home
sleepiness-50 Sun Jan 02 03:58:00 CST 1 Working
income+10 Sun Jan 02 03:58:00 CST 1 New Income
debt-10 Sun Jan 02 03:58:00 CST 1 Payment
sleepiness-50 Sun Jan 02 04:30:00 CST 1 Working
income+10 Sun Jan 02 04:30:00 CST 1 New Income
debt-10 Sun Jan 02 04:30:00 CST 1 Payment
sleepiness+100 Sun Jan 02 04:49:00 CST 1 Going home
sleepiness-50 Sun Jan 02 05:48:00 CST 1 Working
income+10 Sun Jan 02 05:48:00 CST 1 New Income
debt-10 Sun Jan 02 05:48:00 CST 1 Payment
income+0 Sun Jan 02 06:37:00 CST 1 Bought a House
bills+0 Sun Jan 02 06:37:00 CST 1 Bought a House
taxes+0 Sun Jan 02 06:37:00 CST 1 Bought a House
savings+54 Sun Jan 02 06:37:00 CST 1 Bought a House
debt+46 Sun Jan 02 06:37:00 CST 1 Bought a House
sleepiness-50 Sun Jan 02 06:40:00 CST 1 Working
income+10 Sun Jan 02 06:40:00 CST 1 New Income
debt-10 Sun Jan 02 06:40:00 CST 1 Payment
thirst+90 Sat Jan 08 07:11:00 CST 1 Getting water
thirst+90 Fri Jan 14 13:09:00 CST 1 Getting water
