age+0 Sat Jan 01 01:31:00 CST 1 creation
sleepiness-50 Sat Jan 01 01:32:00 CST 1 Working
income+10 Sat Jan 01 01:32:00 CST 1 New Income
debt-10 Sat Jan 01 01:32:00 CST 1 Payment
sleepiness-50 Sat Jan 01 02:15:00 CST 1 Working
income+10 Sat Jan 01 02:15:00 CST 1 New Income
debt-10 Sat Jan 01 02:15:00 CST 1 Payment
sleepiness+100 Sat Jan 01 06:55:00 CST 1 Going home
sleepiness-50 Sat Jan 01 07:51:00 CST 1 Working
income+10 Sat Jan 01 07:51:00 CST 1 New Income
debt-10 Sat Jan 01 07:51:00 CST 1 Payment
sleepiness-50 Sat Jan 01 08:11:00 CST 1 Working
income+10 Sat Jan 01 08:11:00 CST 1 New Income
debt-10 Sat Jan 01 08:11:00 CST 1 Payment
income+0 Sat Jan 01 08:17:00 CST 1 Bought a House
bills+0 Sat Jan 01 08:17:00 CST 1 Bought a House
taxes+0 Sat Jan 01 08:17:00 CST 1 Bought a House
savings+55 Sat Jan 01 08:17:00 CST 1 Bought a House
debt+45 Sat Jan 01 08:17:00 CST 1 Bought a House
companionship+10 Sat Jan 01 09:51:00 CST 1 Procreating
sleepiness-10 Sat Jan 01 09:51:00 CST 1 Procreating
thirst+90 Fri Jan 07 07:52:00 CST 1 Getting water
sleepiness+100 Wed Jan 12 01:24:00 CST 1 Going home
sleepiness-50 Wed Jan 12 01:56:00 CST 1 Working
income+10 Wed Jan 12 01:56:00 CST 1 New Income
debt-10 Wed Jan 12 01:56:00 CST 1 Payment
sleepiness-50 Wed Jan 12 02:46:00 CST 1 Working
income+10 Wed Jan 12 02:46:00 CST 1 New Income
debt-10 Wed Jan 12 02:46:00 CST 1 Payment
sleepiness+100 Wed Jan 12 03:39:00 CST 1 Going home
sleepiness-50 Wed Jan 12 03:31:00 CST 1 Working
income+10 Wed Jan 12 03:31:00 CST 1 New Income
debt-10 Wed Jan 12 03:31:00 CST 1 Payment
sleepiness-50 Wed Jan 12 04:10:00 CST 1 Working
income+10 Wed Jan 12 04:10:00 CST 1 New Income
debt-10 Wed Jan 12 04:10:00 CST 1 Payment
sleepiness+100 Wed Jan 12 04:23:00 CST 1 Going home
sleepiness-50 Wed Jan 12 04:55:00 CST 1 Working
income+10 Wed Jan 12 04:55:00 CST 1 New Income
debt-10 Wed Jan 12 04:55:00 CST 1 Payment
sleepiness-50 Wed Jan 12 05:37:00 CST 1 Working
income+10 Wed Jan 12 05:37:00 CST 1 New Income
debt-10 Wed Jan 12 05:37:00 CST 1 Payment
sleepiness+100 Wed Jan 12 05:54:00 CST 1 Going home
sleepiness-50 Wed Jan 12 06:52:00 CST 1 Working
income+10 Wed Jan 12 06:52:00 CST 1 New Income
debt-10 Wed Jan 12 06:52:00 CST 1 Payment
sleepiness-50 Wed Jan 12 07:39:00 CST 1 Working
income+10 Wed Jan 12 07:39:00 CST 1 New Income
debt-10 Wed Jan 12 07:39:00 CST 1 Payment
sleepiness+100 Wed Jan 12 07:12:00 CST 1 Going home
sleepiness-50 Wed Jan 12 08:10:00 CST 1 Working
income+10 Wed Jan 12 08:10:00 CST 1 New Income
debt-10 Wed Jan 12 08:10:00 CST 1 Payment
sleepiness-50 Wed Jan 12 09:39:00 CST 1 Working
income+10 Wed Jan 12 09:39:00 CST 1 New Income
debt-10 Wed Jan 12 09:39:00 CST 1 Payment
sleepiness+100 Wed Jan 12 21:07:00 CST 1 Going home
sleepiness-50 Wed Jan 12 22:05:00 CST 1 Working
income+10 Wed Jan 12 22:05:00 CST 1 New Income
savings+10 Wed Jan 12 22:05:00 CST 1 Payment
sleepiness-50 Wed Jan 12 22:54:00 CST 1 Working
income+10 Wed Jan 12 22:54:00 CST 1 New Income
savings+10 Wed Jan 12 22:54:00 CST 1 Payment
sleepiness+100 Wed Jan 12 23:07:00 CST 1 Going home
sleepiness-50 Thu Jan 13 00:03:00 CST 1 Working
income+10 Thu Jan 13 00:03:00 CST 1 New Income
savings+10 Thu Jan 13 00:03:00 CST 1 Payment
sleepiness-50 Thu Jan 13 00:52:00 CST 1 Working
income+10 Thu Jan 13 00:52:00 CST 1 New Income
savings+10 Thu Jan 13 00:52:00 CST 1 Payment
sleepiness+100 Thu Jan 13 01:05:00 CST 1 Going home
sleepiness-50 Thu Jan 13 02:03:00 CST 1 Working
income+10 Thu Jan 13 02:03:00 CST 1 New Income
savings+10 Thu Jan 13 02:03:00 CST 1 Payment
sleepiness-50 Thu Jan 13 02:52:00 CST 1 Working
income+10 Thu Jan 13 02:52:00 CST 1 New Income
savings+10 Thu Jan 13 02:52:00 CST 1 Payment
sleepiness+100 Thu Jan 13 03:05:00 CST 1 Going home
sleepiness-50 Thu Jan 13 04:03:00 CST 1 Working
income+10 Thu Jan 13 04:03:00 CST 1 New Income
savings+10 Thu Jan 13 04:03:00 CST 1 Payment
sleepiness-50 Thu Jan 13 04:52:00 CST 1 Working
income+10 Thu Jan 13 04:52:00 CST 1 New Income
savings+10 Thu Jan 13 04:52:00 CST 1 Payment
sleepiness+100 Thu Jan 13 05:05:00 CST 1 Going home
sleepiness-50 Thu Jan 13 06:03:00 CST 1 Working
income+10 Thu Jan 13 06:03:00 CST 1 New Income
savings+10 Thu Jan 13 06:03:00 CST 1 Payment
sleepiness-50 Thu Jan 13 06:52:00 CST 1 Working
income+10 Thu Jan 13 06:52:00 CST 1 New Income
savings+10 Thu Jan 13 06:52:00 CST 1 Payment
sleepiness+100 Thu Jan 13 07:05:00 CST 1 Going home
sleepiness-50 Thu Jan 13 08:03:00 CST 1 Working
income+10 Thu Jan 13 08:03:00 CST 1 New Income
savings+10 Thu Jan 13 08:03:00 CST 1 Payment
sleepiness-50 Thu Jan 13 08:52:00 CST 1 Working
income+10 Thu Jan 13 08:52:00 CST 1 New Income
savings+10 Thu Jan 13 08:52:00 CST 1 Payment
sleepiness+100 Thu Jan 13 21:07:00 CST 1 Going home
sleepiness-50 Thu Jan 13 22:05:00 CST 1 Working
income+10 Thu Jan 13 22:05:00 CST 1 New Income
savings+10 Thu Jan 13 22:05:00 CST 1 Payment
sleepiness-50 Thu Jan 13 22:12:00 CST 1 Working
income+10 Thu Jan 13 22:12:00 CST 1 New Income
savings+10 Thu Jan 13 22:12:00 CST 1 Payment
sleepiness+100 Thu Jan 13 22:25:00 CST 1 Going home
sleepiness-50 Thu Jan 13 23:23:00 CST 1 Working
income+10 Thu Jan 13 23:23:00 CST 1 New Income
savings+10 Thu Jan 13 23:23:00 CST 1 Payment
sleepiness-50 Fri Jan 14 00:10:00 CST 1 Working
income+10 Fri Jan 14 00:10:00 CST 1 New Income
savings+10 Fri Jan 14 00:10:00 CST 1 Payment
sleepiness+100 Fri Jan 14 00:23:00 CST 1 Going home
sleepiness-50 Fri Jan 14 01:23:00 CST 1 Working
income+10 Fri Jan 14 01:23:00 CST 1 New Income
savings+10 Fri Jan 14 01:23:00 CST 1 Payment
sleepiness-50 Fri Jan 14 01:43:00 CST 1 Working
income+10 Fri Jan 14 01:43:00 CST 1 New Income
savings+10 Fri Jan 14 01:43:00 CST 1 Payment
sleepiness+100 Fri Jan 14 01:57:00 CST 1 Going home
sleepiness-50 Fri Jan 14 02:57:00 CST 1 Working
income+10 Fri Jan 14 02:57:00 CST 1 New Income
savings+10 Fri Jan 14 02:57:00 CST 1 Payment
sleepiness-50 Fri Jan 14 03:16:00 CST 1 Working
income+10 Fri Jan 14 03:16:00 CST 1 New Income
savings+10 Fri Jan 14 03:16:00 CST 1 Payment
sleepiness+100 Fri Jan 14 03:30:00 CST 1 Going home
sleepiness-50 Fri Jan 14 04:30:00 CST 1 Working
income+10 Fri Jan 14 04:30:00 CST 1 New Income
savings+10 Fri Jan 14 04:30:00 CST 1 Payment
sleepiness-50 Fri Jan 14 04:49:00 CST 1 Working
income+10 Fri Jan 14 04:49:00 CST 1 New Income
savings+10 Fri Jan 14 04:49:00 CST 1 Payment
sleepiness+100 Fri Jan 14 05:03:00 CST 1 Going home
sleepiness-50 Fri Jan 14 05:56:00 CST 1 Working
income+10 Fri Jan 14 05:56:00 CST 1 New Income
savings+10 Fri Jan 14 05:56:00 CST 1 Payment
sleepiness-50 Fri Jan 14 06:15:00 CST 1 Working
income+10 Fri Jan 14 06:15:00 CST 1 New Income
savings+10 Fri Jan 14 06:15:00 CST 1 Payment
sleepiness+100 Fri Jan 14 06:29:00 CST 1 Going home
sleepiness-50 Fri Jan 14 06:46:00 CST 1 Working
income+10 Fri Jan 14 06:46:00 CST 1 New Income
savings+10 Fri Jan 14 06:46:00 CST 1 Payment
sleepiness-50 Fri Jan 14 06:53:00 CST 1 Working
income+10 Fri Jan 14 06:53:00 CST 1 New Income
savings+10 Fri Jan 14 06:53:00 CST 1 Payment
sleepiness+100 Fri Jan 14 07:45:00 CST 1 Going home
sleepiness-50 Fri Jan 14 08:41:00 CST 1 Working
income+10 Fri Jan 14 08:41:00 CST 1 New Income
savings+10 Fri Jan 14 08:41:00 CST 1 Payment
sleepiness-50 Fri Jan 14 09:09:00 CST 1 Working
income+10 Fri Jan 14 09:09:00 CST 1 New Income
savings+10 Fri Jan 14 09:09:00 CST 1 Payment
sleepiness+100 Fri Jan 14 21:08:00 CST 1 Going home
sleepiness-50 Fri Jan 14 21:49:00 CST 1 Working
income+10 Fri Jan 14 21:49:00 CST 1 New Income
savings+10 Fri Jan 14 21:49:00 CST 1 Payment
sleepiness-50 Fri Jan 14 22:26:00 CST 1 Working
income+10 Fri Jan 14 22:26:00 CST 1 New Income
savings+10 Fri Jan 14 22:26:00 CST 1 Payment
sleepiness+100 Fri Jan 14 23:21:00 CST 1 Going home
sleepiness-50 Sat Jan 15 00:00:00 CST 1 Working
income+10 Sat Jan 15 00:00:00 CST 1 New Income
savings+10 Sat Jan 15 00:00:00 CST 1 Payment
sleepiness-50 Sat Jan 15 00:48:00 CST 1 Working
income+10 Sat Jan 15 00:48:00 CST 1 New Income
savings+10 Sat Jan 15 00:48:00 CST 1 Payment
