age+0 Sat Jan 01 01:31:00 CST 1 creation
sleepiness-50 Sat Jan 01 05:32:00 CST 1 Working
income+10 Sat Jan 01 05:32:00 CST 1 New Income
debt-10 Sat Jan 01 05:32:00 CST 1 Payment
sleepiness-50 Sat Jan 01 07:47:00 CST 1 Working
income+10 Sat Jan 01 07:47:00 CST 1 New Income
debt-10 Sat Jan 01 07:47:00 CST 1 Payment
companionship+10 Sat Jan 01 11:54:00 CST 1 Procreating
sleepiness-10 Sat Jan 01 11:54:00 CST 1 Procreating
sleepiness+100 Sat Jan 01 22:35:00 CST 1 Going home
sleepiness-50 Sun Jan 02 02:19:00 CST 1 Working
income+10 Sun Jan 02 02:19:00 CST 1 New Income
debt-10 Sun Jan 02 02:19:00 CST 1 Payment
sleepiness-50 Sun Jan 02 07:06:00 CST 1 Working
income+10 Sun Jan 02 07:06:00 CST 1 New Income
debt-10 Sun Jan 02 07:06:00 CST 1 Payment
sleepiness+100 Sun Jan 02 12:13:00 CST 1 Going home
sleepiness-50 Sun Jan 02 15:04:00 CST 1 Working
income+10 Sun Jan 02 15:04:00 CST 1 New Income
debt-10 Sun Jan 02 15:04:00 CST 1 Payment
sleepiness-50 Sun Jan 02 20:21:00 CST 1 Working
income+10 Sun Jan 02 20:21:00 CST 1 New Income
debt-10 Sun Jan 02 20:21:00 CST 1 Payment
sleepiness+100 Mon Jan 03 01:27:00 CST 1 Going home
sleepiness-50 Mon Jan 03 04:11:00 CST 1 Working
income+10 Mon Jan 03 04:11:00 CST 1 New Income
debt-10 Mon Jan 03 04:11:00 CST 1 Payment
sleepiness-50 Mon Jan 03 06:29:00 CST 1 Working
income+10 Mon Jan 03 06:29:00 CST 1 New Income
debt-10 Mon Jan 03 06:29:00 CST 1 Payment
sleepiness+100 Mon Jan 03 10:04:00 CST 1 Going home
sleepiness-50 Mon Jan 03 12:47:00 CST 1 Working
income+10 Mon Jan 03 12:47:00 CST 1 New Income
debt-10 Mon Jan 03 12:47:00 CST 1 Payment
sleepiness-50 Mon Jan 03 16:49:00 CST 1 Working
income+10 Mon Jan 03 16:49:00 CST 1 New Income
debt-10 Mon Jan 03 16:49:00 CST 1 Payment
sleepiness+100 Mon Jan 03 23:35:00 CST 1 Going home
N/A+0 Wed Jan 05 00:00:00 CST 1 death
