age+0 Sat Jan 01 01:31:00 CST 1 creation
hunger+100 Sat Jan 01 02:09:00 CST 1 Getting food
sleepiness-50 Sat Jan 01 04:57:00 CST 1 Working
income+10 Sat Jan 01 04:57:00 CST 1 New Income
debt-10 Sat Jan 01 04:57:00 CST 1 Payment
sleepiness-50 Sat Jan 01 07:31:00 CST 1 Working
income+10 Sat Jan 01 07:31:00 CST 1 New Income
debt-10 Sat Jan 01 07:31:00 CST 1 Payment
sleepiness+100 Sat Jan 01 09:39:00 CST 1 Going home
sleepiness-50 Sat Jan 01 11:12:00 CST 1 Working
income+10 Sat Jan 01 11:12:00 CST 1 New Income
savings+10 Sat Jan 01 11:12:00 CST 1 Payment
sleepiness-50 Sat Jan 01 15:38:00 CST 1 Working
income+10 Sat Jan 01 15:38:00 CST 1 New Income
savings+10 Sat Jan 01 15:38:00 CST 1 Payment
income+0 Sat Jan 01 16:03:00 CST 1 Bought a House
bills+0 Sat Jan 01 16:03:00 CST 1 Bought a House
taxes+0 Sat Jan 01 16:03:00 CST 1 Bought a House
savings+38 Sat Jan 01 16:03:00 CST 1 Bought a House
debt+62 Sat Jan 01 16:03:00 CST 1 Bought a House
