age+0 Sat Jan 01 09:30:00 CST 1 creation
sleepiness-50 Sat Jan 01 13:36:00 CST 1 Working
income+10 Sat Jan 01 13:36:00 CST 1 New Income
debt-10 Sat Jan 01 13:36:00 CST 1 Payment
sleepiness-50 Sat Jan 01 18:42:00 CST 1 Working
income+10 Sat Jan 01 18:42:00 CST 1 New Income
debt-10 Sat Jan 01 18:42:00 CST 1 Payment
thirst+90 Thu Jan 06 13:50:00 CST 1 Getting water
sleepiness+100 Mon Jan 10 21:21:00 CST 1 Going home
sleepiness-50 Tue Jan 11 01:49:00 CST 1 Working
income+10 Tue Jan 11 01:49:00 CST 1 New Income
debt-10 Tue Jan 11 01:49:00 CST 1 Payment
sleepiness-50 Tue Jan 11 03:33:00 CST 1 Working
income+10 Tue Jan 11 03:33:00 CST 1 New Income
debt-10 Tue Jan 11 03:33:00 CST 1 Payment
sleepiness+100 Tue Jan 11 08:22:00 CST 1 Going home
sleepiness-50 Tue Jan 11 10:57:00 CST 1 Working
income+10 Tue Jan 11 10:57:00 CST 1 New Income
savings+10 Tue Jan 11 10:57:00 CST 1 Payment
sleepiness-50 Tue Jan 11 15:09:00 CST 1 Working
income+10 Tue Jan 11 15:09:00 CST 1 New Income
savings+10 Tue Jan 11 15:09:00 CST 1 Payment
sleepiness+100 Wed Jan 12 00:49:00 CST 1 Going home
sleepiness-50 Wed Jan 12 04:12:00 CST 1 Working
income+10 Wed Jan 12 04:12:00 CST 1 New Income
savings+10 Wed Jan 12 04:12:00 CST 1 Payment
sleepiness-50 Wed Jan 12 07:48:00 CST 1 Working
income+10 Wed Jan 12 07:48:00 CST 1 New Income
savings+10 Wed Jan 12 07:48:00 CST 1 Payment
thirst+90 Fri Jan 14 01:52:00 CST 1 Getting water
