age+0 Sat Jan 01 01:31:00 CST 1 creation
sleepiness-50 Sat Jan 01 05:00:00 CST 1 Working
income+10 Sat Jan 01 05:00:00 CST 1 New Income
debt-10 Sat Jan 01 05:00:00 CST 1 Payment
sleepiness-50 Sat Jan 01 07:09:00 CST 1 Working
income+10 Sat Jan 01 07:09:00 CST 1 New Income
debt-10 Sat Jan 01 07:09:00 CST 1 Payment
income+0 Sat Jan 01 07:57:00 CST 1 Bought a House
bills+0 Sat Jan 01 07:57:00 CST 1 Bought a House
taxes+0 Sat Jan 01 07:57:00 CST 1 Bought a House
savings+91 Sat Jan 01 07:57:00 CST 1 Bought a House
debt+9 Sat Jan 01 07:57:00 CST 1 Bought a House
sleepiness+100 Sat Jan 01 09:46:00 CST 1 Going home
sleepiness-50 Sat Jan 01 11:20:00 CST 1 Working
income+10 Sat Jan 01 11:20:00 CST 1 New Income
debt-10 Sat Jan 01 11:20:00 CST 1 Payment
sleepiness-50 Sat Jan 01 15:35:00 CST 1 Working
income+10 Sat Jan 01 15:35:00 CST 1 New Income
debt-10 Sat Jan 01 15:35:00 CST 1 Payment
N/A+0 Mon Jan 03 00:00:00 CST 1 death
