age+0 Sat Jan 01 23:00:00 CST 1 creation
hunger+99 Sat Jan 01 23:27:00 CST 1 Getting food
sleepiness-50 Sun Jan 02 02:50:00 CST 1 Working
income+10 Sun Jan 02 02:50:00 CST 1 New Income
debt-10 Sun Jan 02 02:50:00 CST 1 Payment
sleepiness-50 Sun Jan 02 05:12:00 CST 1 Working
income+10 Sun Jan 02 05:12:00 CST 1 New Income
debt-10 Sun Jan 02 05:12:00 CST 1 Payment
thirst+90 Fri Jan 07 07:42:00 CST 1 Getting water
sleepiness+100 Tue Jan 11 05:03:00 CST 1 Going home
sleepiness-50 Tue Jan 11 08:14:00 CST 1 Working
income+10 Tue Jan 11 08:14:00 CST 1 New Income
debt-10 Tue Jan 11 08:14:00 CST 1 Payment
sleepiness-50 Tue Jan 11 11:01:00 CST 1 Working
income+10 Tue Jan 11 11:01:00 CST 1 New Income
debt-10 Tue Jan 11 11:01:00 CST 1 Payment
sleepiness+100 Wed Jan 12 00:57:00 CST 1 Going home
sleepiness-50 Wed Jan 12 05:53:00 CST 1 Working
income+10 Wed Jan 12 05:53:00 CST 1 New Income
debt-10 Wed Jan 12 05:53:00 CST 1 Payment
sleepiness-50 Wed Jan 12 07:40:00 CST 1 Working
income+10 Wed Jan 12 07:40:00 CST 1 New Income
savings+10 Wed Jan 12 07:40:00 CST 1 Payment
sleepiness+100 Thu Jan 13 01:48:00 CST 1 Going home
sleepiness-50 Thu Jan 13 05:37:00 CST 1 Working
income+10 Thu Jan 13 05:37:00 CST 1 New Income
savings+10 Thu Jan 13 05:37:00 CST 1 Payment
sleepiness-50 Thu Jan 13 11:27:00 CST 1 Working
income+10 Thu Jan 13 11:27:00 CST 1 New Income
savings+10 Thu Jan 13 11:27:00 CST 1 Payment
sleepiness+100 Fri Jan 14 00:10:00 CST 1 Going home
sleepiness-50 Fri Jan 14 03:32:00 CST 1 Working
income+10 Fri Jan 14 03:32:00 CST 1 New Income
savings+10 Fri Jan 14 03:32:00 CST 1 Payment
sleepiness-50 Fri Jan 14 06:37:00 CST 1 Working
income+10 Fri Jan 14 06:37:00 CST 1 New Income
savings+10 Fri Jan 14 06:37:00 CST 1 Payment
sleepiness+100 Fri Jan 14 09:02:00 CST 1 Going home
sleepiness-50 Fri Jan 14 09:50:00 CST 1 Working
income+10 Fri Jan 14 09:50:00 CST 1 New Income
savings+10 Fri Jan 14 09:50:00 CST 1 Payment
sleepiness-50 Fri Jan 14 13:43:00 CST 1 Working
income+10 Fri Jan 14 13:43:00 CST 1 New Income
savings+10 Fri Jan 14 13:43:00 CST 1 Payment
sleepiness+100 Sat Jan 15 01:02:00 CST 1 Going home
sleepiness-50 Sat Jan 15 03:47:00 CST 1 Working
income+10 Sat Jan 15 03:47:00 CST 1 New Income
savings+10 Sat Jan 15 03:47:00 CST 1 Payment
sleepiness-50 Sat Jan 15 07:40:00 CST 1 Working
income+10 Sat Jan 15 07:40:00 CST 1 New Income
savings+10 Sat Jan 15 07:40:00 CST 1 Payment
