age+0 Sat Jan 01 01:31:00 CST 1 creation
sleepiness-50 Sat Jan 01 04:29:00 CST 1 Working
income+10 Sat Jan 01 04:29:00 CST 1 New Income
debt-10 Sat Jan 01 04:29:00 CST 1 Payment
sleepiness-50 Sat Jan 01 06:32:00 CST 1 Working
income+10 Sat Jan 01 06:32:00 CST 1 New Income
debt-10 Sat Jan 01 06:32:00 CST 1 Payment
income+0 Sat Jan 01 07:20:00 CST 1 Bought a House
bills+0 Sat Jan 01 07:20:00 CST 1 Bought a House
taxes+0 Sat Jan 01 07:20:00 CST 1 Bought a House
savings+50 Sat Jan 01 07:20:00 CST 1 Bought a House
debt+50 Sat Jan 01 07:20:00 CST 1 Bought a House
sleepiness+100 Sat Jan 01 09:09:00 CST 1 Going home
sleepiness-50 Sat Jan 01 12:39:00 CST 1 Working
income+10 Sat Jan 01 12:39:00 CST 1 New Income
debt-10 Sat Jan 01 12:39:00 CST 1 Payment
sleepiness-50 Sat Jan 01 17:55:00 CST 1 Working
income+10 Sat Jan 01 17:55:00 CST 1 New Income
debt-10 Sat Jan 01 17:55:00 CST 1 Payment
companionship+10 Tue Jan 04 02:27:00 CST 1 Procreating
sleepiness-10 Tue Jan 04 02:27:00 CST 1 Procreating
thirst+90 Wed Jan 05 06:34:00 CST 1 Getting water
thirst+90 Tue Jan 11 12:24:00 CST 1 Getting water
sleepiness+100 Wed Jan 12 23:29:00 CST 1 Going home
sleepiness-50 Thu Jan 13 04:08:00 CST 1 Working
income+10 Thu Jan 13 04:08:00 CST 1 New Income
debt-10 Thu Jan 13 04:08:00 CST 1 Payment
sleepiness-50 Thu Jan 13 08:00:00 CST 1 Working
income+10 Thu Jan 13 08:00:00 CST 1 New Income
debt-10 Thu Jan 13 08:00:00 CST 1 Payment
sleepiness+100 Thu Jan 13 23:11:00 CST 1 Going home
sleepiness-50 Fri Jan 14 03:15:00 CST 1 Working
income+10 Fri Jan 14 03:15:00 CST 1 New Income
debt-10 Fri Jan 14 03:15:00 CST 1 Payment
sleepiness-50 Fri Jan 14 05:50:00 CST 1 Working
income+10 Fri Jan 14 05:50:00 CST 1 New Income
debt-10 Fri Jan 14 05:50:00 CST 1 Payment
sleepiness+100 Fri Jan 14 10:35:00 CST 1 Going home
sleepiness-50 Fri Jan 14 13:08:00 CST 1 Working
income+10 Fri Jan 14 13:08:00 CST 1 New Income
debt-10 Fri Jan 14 13:08:00 CST 1 Payment
sleepiness-50 Fri Jan 14 15:42:00 CST 1 Working
income+10 Fri Jan 14 15:42:00 CST 1 New Income
debt-10 Fri Jan 14 15:42:00 CST 1 Payment
sleepiness+100 Fri Jan 14 23:50:00 CST 1 Going home
sleepiness-50 Sat Jan 15 00:56:00 CST 1 Working
income+10 Sat Jan 15 00:56:00 CST 1 New Income
debt-10 Sat Jan 15 00:56:00 CST 1 Payment
sleepiness-50 Sat Jan 15 01:15:00 CST 1 Working
income+10 Sat Jan 15 01:15:00 CST 1 New Income
debt-10 Sat Jan 15 01:15:00 CST 1 Payment
trust+10 Sat Jan 15 03:35:00 CST 1 Voting
