age+0 Sat Jan 01 11:16:00 CST 1 creation
sleepiness-50 Sat Jan 01 12:57:00 CST 1 Working
income+10 Sat Jan 01 12:57:00 CST 1 New Income
debt-10 Sat Jan 01 12:57:00 CST 1 Payment
sleepiness-50 Sat Jan 01 15:15:00 CST 1 Working
income+10 Sat Jan 01 15:15:00 CST 1 New Income
debt-10 Sat Jan 01 15:15:00 CST 1 Payment
sleepiness+100 Sat Jan 01 23:09:00 CST 1 Going home
sleepiness-50 Sun Jan 02 02:52:00 CST 1 Working
income+10 Sun Jan 02 02:52:00 CST 1 New Income
debt-10 Sun Jan 02 02:52:00 CST 1 Payment
sleepiness-50 Sun Jan 02 04:56:00 CST 1 Working
income+10 Sun Jan 02 04:56:00 CST 1 New Income
savings+10 Sun Jan 02 04:56:00 CST 1 Payment
sleepiness+100 Sun Jan 02 07:34:00 CST 1 Going home
sleepiness-50 Sun Jan 02 11:22:00 CST 1 Working
income+10 Sun Jan 02 11:22:00 CST 1 New Income
savings+10 Sun Jan 02 11:22:00 CST 1 Payment
income+0 Sun Jan 02 11:54:00 CST 1 Bought a House
bills+0 Sun Jan 02 11:54:00 CST 1 Bought a House
taxes+0 Sun Jan 02 11:54:00 CST 1 Bought a House
savings+34 Sun Jan 02 11:54:00 CST 1 Bought a House
debt+66 Sun Jan 02 11:54:00 CST 1 Bought a House
sleepiness-50 Sun Jan 02 16:08:00 CST 1 Working
income+10 Sun Jan 02 16:08:00 CST 1 New Income
debt-10 Sun Jan 02 16:08:00 CST 1 Payment
thirst+90 Tue Jan 04 21:32:00 CST 1 Getting water
companionship+10 Thu Jan 06 01:41:00 CST 1 Procreating
sleepiness-10 Thu Jan 06 01:41:00 CST 1 Procreating
thirst+90 Tue Jan 11 05:31:00 CST 1 Getting water
