age+0 Sat Jan 08 01:58:00 CST 1 creation
sleepiness-50 Sat Jan 08 03:07:00 CST 1 Working
income+10 Sat Jan 08 03:07:00 CST 1 New Income
debt-10 Sat Jan 08 03:07:00 CST 1 Payment
sleepiness-50 Sat Jan 08 03:40:00 CST 1 Working
income+10 Sat Jan 08 03:40:00 CST 1 New Income
debt-10 Sat Jan 08 03:40:00 CST 1 Payment
sleepiness+100 Sat Jan 08 05:52:00 CST 1 Going home
sleepiness-50 Sat Jan 08 09:26:00 CST 1 Working
income+10 Sat Jan 08 09:26:00 CST 1 New Income
debt-10 Sat Jan 08 09:26:00 CST 1 Payment
sleepiness-50 Sat Jan 08 13:10:00 CST 1 Working
income+10 Sat Jan 08 13:10:00 CST 1 New Income
debt-10 Sat Jan 08 13:10:00 CST 1 Payment
thirst+90 Mon Jan 10 06:18:00 CST 1 Getting water
sleepiness+100 Wed Jan 12 22:40:00 CST 1 Going home
sleepiness-50 Wed Jan 12 23:41:00 CST 1 Working
income+10 Wed Jan 12 23:41:00 CST 1 New Income
savings+10 Wed Jan 12 23:41:00 CST 1 Payment
sleepiness-50 Thu Jan 13 02:07:00 CST 1 Working
income+10 Thu Jan 13 02:07:00 CST 1 New Income
savings+10 Thu Jan 13 02:07:00 CST 1 Payment
sleepiness+100 Thu Jan 13 04:27:00 CST 1 Going home
sleepiness-50 Thu Jan 13 07:19:00 CST 1 Working
income+10 Thu Jan 13 07:19:00 CST 1 New Income
savings+10 Thu Jan 13 07:19:00 CST 1 Payment
sleepiness-50 Thu Jan 13 08:40:00 CST 1 Working
income+10 Thu Jan 13 08:40:00 CST 1 New Income
savings+10 Thu Jan 13 08:40:00 CST 1 Payment
sleepiness+100 Thu Jan 13 23:46:00 CST 1 Going home
sleepiness-50 Fri Jan 14 02:40:00 CST 1 Working
income+10 Fri Jan 14 02:40:00 CST 1 New Income
savings+10 Fri Jan 14 02:40:00 CST 1 Payment
sleepiness-50 Fri Jan 14 05:58:00 CST 1 Working
income+10 Fri Jan 14 05:58:00 CST 1 New Income
savings+10 Fri Jan 14 05:58:00 CST 1 Payment
sleepiness+100 Fri Jan 14 08:28:00 CST 1 Going home
sleepiness-50 Fri Jan 14 11:19:00 CST 1 Working
income+10 Fri Jan 14 11:19:00 CST 1 New Income
savings+10 Fri Jan 14 11:19:00 CST 1 Payment
sleepiness-50 Fri Jan 14 12:27:00 CST 1 Working
income+10 Fri Jan 14 12:27:00 CST 1 New Income
savings+10 Fri Jan 14 12:27:00 CST 1 Payment
sleepiness+100 Fri Jan 14 23:11:00 CST 1 Going home
sleepiness-50 Sat Jan 15 00:25:00 CST 1 Working
income+10 Sat Jan 15 00:25:00 CST 1 New Income
savings+10 Sat Jan 15 00:25:00 CST 1 Payment
sleepiness-50 Sat Jan 15 03:05:00 CST 1 Working
income+10 Sat Jan 15 03:05:00 CST 1 New Income
savings+10 Sat Jan 15 03:05:00 CST 1 Payment
