age+0 Sat Jan 01 01:31:00 CST 1 creation
sleepiness-50 Sat Jan 01 01:32:00 CST 1 Working
income+10 Sat Jan 01 01:32:00 CST 1 New Income
debt-10 Sat Jan 01 01:32:00 CST 1 Payment
sleepiness-50 Sat Jan 01 02:16:00 CST 1 Working
income+10 Sat Jan 01 02:16:00 CST 1 New Income
debt-10 Sat Jan 01 02:16:00 CST 1 Payment
sleepiness+100 Sat Jan 01 06:56:00 CST 1 Going home
sleepiness-50 Sat Jan 01 07:52:00 CST 1 Working
income+10 Sat Jan 01 07:52:00 CST 1 New Income
debt-10 Sat Jan 01 07:52:00 CST 1 Payment
sleepiness-50 Sat Jan 01 08:11:00 CST 1 Working
income+10 Sat Jan 01 08:11:00 CST 1 New Income
debt-10 Sat Jan 01 08:11:00 CST 1 Payment
sleepiness+100 Sat Jan 01 21:05:00 CST 1 Going home
sleepiness-50 Sat Jan 01 22:04:00 CST 1 Working
income+10 Sat Jan 01 22:04:00 CST 1 New Income
debt-10 Sat Jan 01 22:04:00 CST 1 Payment
sleepiness-50 Sat Jan 01 22:37:00 CST 1 Working
income+10 Sat Jan 01 22:37:00 CST 1 New Income
debt-10 Sat Jan 01 22:37:00 CST 1 Payment
sleepiness+100 Sat Jan 01 22:55:00 CST 1 Going home
sleepiness-50 Sat Jan 01 23:25:00 CST 1 Working
income+10 Sat Jan 01 23:25:00 CST 1 New Income
debt-10 Sat Jan 01 23:25:00 CST 1 Payment
sleepiness-50 Sun Jan 02 00:01:00 CST 1 Working
income+10 Sun Jan 02 00:01:00 CST 1 New Income
savings+10 Sun Jan 02 00:01:00 CST 1 Payment
income+0 Sun Jan 02 00:13:00 CST 1 Bought a House
bills+0 Sun Jan 02 00:13:00 CST 1 Bought a House
taxes+0 Sun Jan 02 00:13:00 CST 1 Bought a House
savings+68 Sun Jan 02 00:13:00 CST 1 Bought a House
debt+32 Sun Jan 02 00:13:00 CST 1 Bought a House
sleepiness+100 Sun Jan 02 00:30:00 CST 1 Going home
sleepiness-50 Sun Jan 02 01:00:00 CST 1 Working
income+10 Sun Jan 02 01:00:00 CST 1 New Income
debt-10 Sun Jan 02 01:00:00 CST 1 Payment
sleepiness-50 Sun Jan 02 01:45:00 CST 1 Working
income+10 Sun Jan 02 01:45:00 CST 1 New Income
debt-10 Sun Jan 02 01:45:00 CST 1 Payment
thirst+90 Sun Jan 02 19:57:00 CST 1 Getting water
companionship+10 Mon Jan 03 01:58:00 CST 1 Procreating
sleepiness-10 Mon Jan 03 01:58:00 CST 1 Procreating
N/A+0 Thu Jan 06 00:00:00 CST 1 death
