age+0 Sun Jan 09 03:49:00 CST 1 creation
sleepiness-50 Sun Jan 09 06:48:00 CST 1 Working
income+10 Sun Jan 09 06:48:00 CST 1 New Income
debt-10 Sun Jan 09 06:48:00 CST 1 Payment
sleepiness-50 Sun Jan 09 10:18:00 CST 1 Working
income+10 Sun Jan 09 10:18:00 CST 1 New Income
debt-10 Sun Jan 09 10:18:00 CST 1 Payment
thirst+90 Wed Jan 12 03:40:00 CST 1 Getting water
sleepiness+100 Thu Jan 13 21:38:00 CST 1 Going home
sleepiness-50 Thu Jan 13 23:16:00 CST 1 Working
income+10 Thu Jan 13 23:16:00 CST 1 New Income
debt-10 Thu Jan 13 23:16:00 CST 1 Payment
sleepiness-50 Fri Jan 14 01:06:00 CST 1 Working
income+10 Fri Jan 14 01:06:00 CST 1 New Income
debt-10 Fri Jan 14 01:06:00 CST 1 Payment
sleepiness+100 Fri Jan 14 02:26:00 CST 1 Going home
sleepiness-50 Fri Jan 14 04:21:00 CST 1 Working
income+10 Fri Jan 14 04:21:00 CST 1 New Income
debt-10 Fri Jan 14 04:21:00 CST 1 Payment
sleepiness-50 Fri Jan 14 08:33:00 CST 1 Working
income+10 Fri Jan 14 08:33:00 CST 1 New Income
debt-10 Fri Jan 14 08:33:00 CST 1 Payment
sleepiness+100 Fri Jan 14 23:03:00 CST 1 Going home
sleepiness-50 Sat Jan 15 02:05:00 CST 1 Working
income+10 Sat Jan 15 02:05:00 CST 1 New Income
debt-10 Sat Jan 15 02:05:00 CST 1 Payment
sleepiness-50 Sat Jan 15 05:53:00 CST 1 Working
income+10 Sat Jan 15 05:53:00 CST 1 New Income
savings+10 Sat Jan 15 05:53:00 CST 1 Payment
sleepiness+100 Sat Jan 15 07:35:00 CST 1 Going home
sleepiness-50 Sat Jan 15 10:07:00 CST 1 Working
income+10 Sat Jan 15 10:07:00 CST 1 New Income
savings+10 Sat Jan 15 10:07:00 CST 1 Payment
