age+0 Sat Jan 01 01:31:00 CST 1 creation
sleepiness-50 Sat Jan 01 01:33:00 CST 1 Working
income+10 Sat Jan 01 01:33:00 CST 1 New Income
debt-10 Sat Jan 01 01:33:00 CST 1 Payment
sleepiness-50 Sat Jan 01 02:22:00 CST 1 Working
income+10 Sat Jan 01 02:22:00 CST 1 New Income
debt-10 Sat Jan 01 02:22:00 CST 1 Payment
sleepiness+100 Sat Jan 01 04:40:00 CST 1 Going home
sleepiness-50 Sat Jan 01 04:49:00 CST 1 Working
income+10 Sat Jan 01 04:49:00 CST 1 New Income
debt-10 Sat Jan 01 04:49:00 CST 1 Payment
sleepiness-50 Sat Jan 01 05:38:00 CST 1 Working
income+10 Sat Jan 01 05:38:00 CST 1 New Income
debt-10 Sat Jan 01 05:38:00 CST 1 Payment
sleepiness+100 Sat Jan 01 05:48:00 CST 1 Going home
sleepiness-50 Sat Jan 01 06:40:00 CST 1 Working
income+10 Sat Jan 01 06:40:00 CST 1 New Income
debt-10 Sat Jan 01 06:40:00 CST 1 Payment
sleepiness-50 Sat Jan 01 07:12:00 CST 1 Working
income+10 Sat Jan 01 07:12:00 CST 1 New Income
debt-10 Sat Jan 01 07:12:00 CST 1 Payment
income+0 Sat Jan 01 07:18:00 CST 1 Bought a House
bills+0 Sat Jan 01 07:18:00 CST 1 Bought a House
taxes+0 Sat Jan 01 07:18:00 CST 1 Bought a House
savings+65 Sat Jan 01 07:18:00 CST 1 Bought a House
debt+35 Sat Jan 01 07:18:00 CST 1 Bought a House
sleepiness+100 Sat Jan 01 07:26:00 CST 1 Going home
sleepiness-50 Sat Jan 01 08:06:00 CST 1 Working
income+10 Sat Jan 01 08:06:00 CST 1 New Income
debt-10 Sat Jan 01 08:06:00 CST 1 Payment
sleepiness-50 Sat Jan 01 08:19:00 CST 1 Working
income+10 Sat Jan 01 08:19:00 CST 1 New Income
debt-10 Sat Jan 01 08:19:00 CST 1 Payment
thirst+90 Wed Jan 05 11:03:00 CST 1 Getting water
sleepiness+100 Sun Jan 09 22:37:00 CST 1 Going home
sleepiness-50 Sun Jan 09 23:30:00 CST 1 Working
income+10 Sun Jan 09 23:30:00 CST 1 New Income
debt-10 Sun Jan 09 23:30:00 CST 1 Payment
sleepiness-50 Mon Jan 10 00:17:00 CST 1 Working
income+10 Mon Jan 10 00:17:00 CST 1 New Income
debt-10 Mon Jan 10 00:17:00 CST 1 Payment
sleepiness+100 Mon Jan 10 00:28:00 CST 1 Going home
sleepiness-50 Mon Jan 10 01:11:00 CST 1 Working
income+10 Mon Jan 10 01:11:00 CST 1 New Income
debt-10 Mon Jan 10 01:11:00 CST 1 Payment
sleepiness-50 Mon Jan 10 02:00:00 CST 1 Working
income+10 Mon Jan 10 02:00:00 CST 1 New Income
debt-10 Mon Jan 10 02:00:00 CST 1 Payment
sleepiness+100 Mon Jan 10 02:11:00 CST 1 Going home
sleepiness-50 Mon Jan 10 02:54:00 CST 1 Working
income+10 Mon Jan 10 02:54:00 CST 1 New Income
debt-10 Mon Jan 10 02:54:00 CST 1 Payment
sleepiness-50 Mon Jan 10 03:49:00 CST 1 Working
income+10 Mon Jan 10 03:49:00 CST 1 New Income
debt-10 Mon Jan 10 03:49:00 CST 1 Payment
sleepiness+100 Mon Jan 10 04:49:00 CST 1 Going home
sleepiness-50 Mon Jan 10 05:46:00 CST 1 Working
income+10 Mon Jan 10 05:46:00 CST 1 New Income
debt-10 Mon Jan 10 05:46:00 CST 1 Payment
sleepiness-50 Mon Jan 10 05:53:00 CST 1 Working
income+10 Mon Jan 10 05:53:00 CST 1 New Income
debt-10 Mon Jan 10 05:53:00 CST 1 Payment
sleepiness+100 Mon Jan 10 06:05:00 CST 1 Going home
sleepiness-50 Mon Jan 10 06:32:00 CST 1 Working
income+10 Mon Jan 10 06:32:00 CST 1 New Income
savings+10 Mon Jan 10 06:32:00 CST 1 Payment
sleepiness-50 Mon Jan 10 06:39:00 CST 1 Working
income+10 Mon Jan 10 06:39:00 CST 1 New Income
savings+10 Mon Jan 10 06:39:00 CST 1 Payment
sleepiness+100 Mon Jan 10 06:51:00 CST 1 Going home
sleepiness-50 Mon Jan 10 07:18:00 CST 1 Working
income+10 Mon Jan 10 07:18:00 CST 1 New Income
savings+10 Mon Jan 10 07:18:00 CST 1 Payment
sleepiness-50 Mon Jan 10 07:25:00 CST 1 Working
income+10 Mon Jan 10 07:25:00 CST 1 New Income
savings+10 Mon Jan 10 07:25:00 CST 1 Payment
sleepiness+100 Mon Jan 10 07:37:00 CST 1 Going home
sleepiness-50 Mon Jan 10 08:03:00 CST 1 Working
income+10 Mon Jan 10 08:03:00 CST 1 New Income
savings+10 Mon Jan 10 08:03:00 CST 1 Payment
sleepiness-50 Mon Jan 10 08:10:00 CST 1 Working
income+10 Mon Jan 10 08:10:00 CST 1 New Income
savings+10 Mon Jan 10 08:10:00 CST 1 Payment
sleepiness+100 Mon Jan 10 21:06:00 CST 1 Going home
sleepiness-50 Mon Jan 10 21:33:00 CST 1 Working
income+10 Mon Jan 10 21:33:00 CST 1 New Income
savings+10 Mon Jan 10 21:33:00 CST 1 Payment
sleepiness-50 Mon Jan 10 21:40:00 CST 1 Working
income+10 Mon Jan 10 21:40:00 CST 1 New Income
savings+10 Mon Jan 10 21:40:00 CST 1 Payment
sleepiness+100 Mon Jan 10 21:52:00 CST 1 Going home
sleepiness-50 Mon Jan 10 22:19:00 CST 1 Working
income+10 Mon Jan 10 22:19:00 CST 1 New Income
savings+10 Mon Jan 10 22:19:00 CST 1 Payment
sleepiness-50 Mon Jan 10 22:26:00 CST 1 Working
income+10 Mon Jan 10 22:26:00 CST 1 New Income
savings+10 Mon Jan 10 22:26:00 CST 1 Payment
sleepiness+100 Mon Jan 10 22:38:00 CST 1 Going home
sleepiness-50 Mon Jan 10 23:04:00 CST 1 Working
income+10 Mon Jan 10 23:04:00 CST 1 New Income
savings+10 Mon Jan 10 23:04:00 CST 1 Payment
sleepiness-50 Mon Jan 10 23:37:00 CST 1 Working
income+10 Mon Jan 10 23:37:00 CST 1 New Income
savings+10 Mon Jan 10 23:37:00 CST 1 Payment
sleepiness+100 Mon Jan 10 23:49:00 CST 1 Going home
sleepiness-50 Tue Jan 11 00:13:00 CST 1 Working
income+10 Tue Jan 11 00:13:00 CST 1 New Income
savings+10 Tue Jan 11 00:13:00 CST 1 Payment
sleepiness-50 Tue Jan 11 00:20:00 CST 1 Working
income+10 Tue Jan 11 00:20:00 CST 1 New Income
savings+10 Tue Jan 11 00:20:00 CST 1 Payment
sleepiness+100 Tue Jan 11 00:32:00 CST 1 Going home
sleepiness-50 Tue Jan 11 01:39:00 CST 1 Working
income+10 Tue Jan 11 01:39:00 CST 1 New Income
savings+10 Tue Jan 11 01:39:00 CST 1 Payment
sleepiness-50 Tue Jan 11 01:06:00 CST 1 Working
income+10 Tue Jan 11 01:06:00 CST 1 New Income
savings+10 Tue Jan 11 01:06:00 CST 1 Payment
sleepiness+100 Tue Jan 11 01:18:00 CST 1 Going home
sleepiness-50 Tue Jan 11 01:46:00 CST 1 Working
income+10 Tue Jan 11 01:46:00 CST 1 New Income
savings+10 Tue Jan 11 01:46:00 CST 1 Payment
sleepiness-50 Tue Jan 11 02:25:00 CST 1 Working
income+10 Tue Jan 11 02:25:00 CST 1 New Income
savings+10 Tue Jan 11 02:25:00 CST 1 Payment
sleepiness+100 Tue Jan 11 02:42:00 CST 1 Going home
sleepiness-50 Tue Jan 11 03:40:00 CST 1 Working
income+10 Tue Jan 11 03:40:00 CST 1 New Income
savings+10 Tue Jan 11 03:40:00 CST 1 Payment
sleepiness-50 Tue Jan 11 04:19:00 CST 1 Working
income+10 Tue Jan 11 04:19:00 CST 1 New Income
savings+10 Tue Jan 11 04:19:00 CST 1 Payment
sleepiness+100 Tue Jan 11 04:36:00 CST 1 Going home
sleepiness-50 Tue Jan 11 05:38:00 CST 1 Working
income+10 Tue Jan 11 05:38:00 CST 1 New Income
savings+10 Tue Jan 11 05:38:00 CST 1 Payment
sleepiness-50 Tue Jan 11 06:04:00 CST 1 Working
income+10 Tue Jan 11 06:04:00 CST 1 New Income
savings+10 Tue Jan 11 06:04:00 CST 1 Payment
thirst+90 Wed Jan 12 12:52:00 CST 1 Getting water
sleepiness+100 Wed Jan 12 23:21:00 CST 1 Going home
sleepiness-50 Wed Jan 12 23:36:00 CST 1 Working
income+10 Wed Jan 12 23:36:00 CST 1 New Income
savings+10 Wed Jan 12 23:36:00 CST 1 Payment
sleepiness-50 Wed Jan 12 23:50:00 CST 1 Working
income+10 Wed Jan 12 23:50:00 CST 1 New Income
savings+10 Wed Jan 12 23:50:00 CST 1 Payment
sleepiness+100 Fri Jan 14 00:01:00 CST 1 Going home
sleepiness-50 Thu Jan 13 00:34:00 CST 1 Working
income+10 Thu Jan 13 00:34:00 CST 1 New Income
savings+10 Thu Jan 13 00:34:00 CST 1 Payment
sleepiness-50 Thu Jan 13 01:24:00 CST 1 Working
income+10 Thu Jan 13 01:24:00 CST 1 New Income
savings+10 Thu Jan 13 01:24:00 CST 1 Payment
sleepiness+100 Thu Jan 13 01:33:00 CST 1 Going home
sleepiness-50 Thu Jan 13 02:27:00 CST 1 Working
income+10 Thu Jan 13 02:27:00 CST 1 New Income
savings+10 Thu Jan 13 02:27:00 CST 1 Payment
sleepiness-50 Thu Jan 13 03:17:00 CST 1 Working
income+10 Thu Jan 13 03:17:00 CST 1 New Income
savings+10 Thu Jan 13 03:17:00 CST 1 Payment
sleepiness+100 Thu Jan 13 03:28:00 CST 1 Going home
sleepiness-50 Thu Jan 13 03:54:00 CST 1 Working
income+10 Thu Jan 13 03:54:00 CST 1 New Income
savings+10 Thu Jan 13 03:54:00 CST 1 Payment
sleepiness-50 Thu Jan 13 04:43:00 CST 1 Working
income+10 Thu Jan 13 04:43:00 CST 1 New Income
savings+10 Thu Jan 13 04:43:00 CST 1 Payment
sleepiness+100 Thu Jan 13 04:58:00 CST 1 Going home
sleepiness-50 Thu Jan 13 05:38:00 CST 1 Working
income+10 Thu Jan 13 05:38:00 CST 1 New Income
savings+10 Thu Jan 13 05:38:00 CST 1 Payment
sleepiness-50 Thu Jan 13 05:57:00 CST 1 Working
income+10 Thu Jan 13 05:57:00 CST 1 New Income
savings+10 Thu Jan 13 05:57:00 CST 1 Payment
sleepiness+100 Thu Jan 13 06:10:00 CST 1 Going home
sleepiness-50 Thu Jan 13 07:06:00 CST 1 Working
income+10 Thu Jan 13 07:06:00 CST 1 New Income
savings+10 Thu Jan 13 07:06:00 CST 1 Payment
sleepiness-50 Thu Jan 13 07:26:00 CST 1 Working
income+10 Thu Jan 13 07:26:00 CST 1 New Income
savings+10 Thu Jan 13 07:26:00 CST 1 Payment
sleepiness+100 Thu Jan 13 07:39:00 CST 1 Going home
sleepiness-50 Thu Jan 13 08:36:00 CST 1 Working
income+10 Thu Jan 13 08:36:00 CST 1 New Income
savings+10 Thu Jan 13 08:36:00 CST 1 Payment
sleepiness-50 Thu Jan 13 08:56:00 CST 1 Working
income+10 Thu Jan 13 08:56:00 CST 1 New Income
savings+10 Thu Jan 13 08:56:00 CST 1 Payment
sleepiness+100 Thu Jan 13 21:07:00 CST 1 Going home
sleepiness-50 Thu Jan 13 22:04:00 CST 1 Working
income+10 Thu Jan 13 22:04:00 CST 1 New Income
savings+10 Thu Jan 13 22:04:00 CST 1 Payment
sleepiness-50 Thu Jan 13 22:26:00 CST 1 Working
income+10 Thu Jan 13 22:26:00 CST 1 New Income
savings+10 Thu Jan 13 22:26:00 CST 1 Payment
sleepiness+100 Thu Jan 13 23:26:00 CST 1 Going home
sleepiness-50 Fri Jan 14 00:05:00 CST 1 Working
income+10 Fri Jan 14 00:05:00 CST 1 New Income
savings+10 Fri Jan 14 00:05:00 CST 1 Payment
sleepiness-50 Fri Jan 14 00:54:00 CST 1 Working
income+10 Fri Jan 14 00:54:00 CST 1 New Income
savings+10 Fri Jan 14 00:54:00 CST 1 Payment
sleepiness+100 Fri Jan 14 01:11:00 CST 1 Going home
sleepiness-50 Fri Jan 14 01:47:00 CST 1 Working
income+10 Fri Jan 14 01:47:00 CST 1 New Income
savings+10 Fri Jan 14 01:47:00 CST 1 Payment
sleepiness-50 Fri Jan 14 02:24:00 CST 1 Working
income+10 Fri Jan 14 02:24:00 CST 1 New Income
savings+10 Fri Jan 14 02:24:00 CST 1 Payment
sleepiness+100 Fri Jan 14 03:04:00 CST 1 Going home
sleepiness-50 Fri Jan 14 03:33:00 CST 1 Working
income+10 Fri Jan 14 03:33:00 CST 1 New Income
savings+10 Fri Jan 14 03:33:00 CST 1 Payment
sleepiness-50 Fri Jan 14 04:06:00 CST 1 Working
income+10 Fri Jan 14 04:06:00 CST 1 New Income
savings+10 Fri Jan 14 04:06:00 CST 1 Payment
sleepiness+100 Fri Jan 14 04:22:00 CST 1 Going home
sleepiness-50 Fri Jan 14 05:20:00 CST 1 Working
income+10 Fri Jan 14 05:20:00 CST 1 New Income
savings+10 Fri Jan 14 05:20:00 CST 1 Payment
sleepiness-50 Fri Jan 14 05:51:00 CST 1 Working
income+10 Fri Jan 14 05:51:00 CST 1 New Income
savings+10 Fri Jan 14 05:51:00 CST 1 Payment
sleepiness+100 Fri Jan 14 06:06:00 CST 1 Going home
sleepiness-50 Fri Jan 14 06:47:00 CST 1 Working
income+10 Fri Jan 14 06:47:00 CST 1 New Income
savings+10 Fri Jan 14 06:47:00 CST 1 Payment
sleepiness-50 Fri Jan 14 06:54:00 CST 1 Working
income+10 Fri Jan 14 06:54:00 CST 1 New Income
savings+10 Fri Jan 14 06:54:00 CST 1 Payment
sleepiness+100 Fri Jan 14 07:47:00 CST 1 Going home
sleepiness-50 Fri Jan 14 08:44:00 CST 1 Working
income+10 Fri Jan 14 08:44:00 CST 1 New Income
savings+10 Fri Jan 14 08:44:00 CST 1 Payment
sleepiness-50 Fri Jan 14 09:35:00 CST 1 Working
income+10 Fri Jan 14 09:35:00 CST 1 New Income
savings+10 Fri Jan 14 09:35:00 CST 1 Payment
sleepiness+100 Fri Jan 14 21:13:00 CST 1 Going home
sleepiness-50 Fri Jan 14 21:42:00 CST 1 Working
income+10 Fri Jan 14 21:42:00 CST 1 New Income
savings+10 Fri Jan 14 21:42:00 CST 1 Payment
sleepiness-50 Fri Jan 14 22:01:00 CST 1 Working
income+10 Fri Jan 14 22:01:00 CST 1 New Income
savings+10 Fri Jan 14 22:01:00 CST 1 Payment
sleepiness+100 Fri Jan 14 22:20:00 CST 1 Going home
sleepiness-50 Fri Jan 14 23:19:00 CST 1 Working
income+10 Fri Jan 14 23:19:00 CST 1 New Income
savings+10 Fri Jan 14 23:19:00 CST 1 Payment
sleepiness-50 Sat Jan 15 00:07:00 CST 1 Working
income+10 Sat Jan 15 00:07:00 CST 1 New Income
savings+10 Sat Jan 15 00:07:00 CST 1 Payment
trust+10 Sat Jan 15 03:34:00 CST 1 Voting
