age+0 Sun Jan 02 04:07:00 CST 1 creation
income+0 Sun Jan 02 04:07:00 CST 1 Bought a House
bills+0 Sun Jan 02 04:07:00 CST 1 Bought a House
taxes+0 Sun Jan 02 04:07:00 CST 1 Bought a House
savings+82 Sun Jan 02 04:07:00 CST 1 Bought a House
debt+18 Sun Jan 02 04:07:00 CST 1 Bought a House
sleepiness-50 Sun Jan 02 05:30:00 CST 1 Working
income+10 Sun Jan 02 05:30:00 CST 1 New Income
debt-10 Sun Jan 02 05:30:00 CST 1 Payment
sleepiness-50 Sun Jan 02 06:19:00 CST 1 Working
income+10 Sun Jan 02 06:19:00 CST 1 New Income
debt-10 Sun Jan 02 06:19:00 CST 1 Payment
sleepiness+100 Mon Jan 03 02:29:00 CST 1 Going home
sleepiness-50 Mon Jan 03 04:33:00 CST 1 Working
income+10 Mon Jan 03 04:33:00 CST 1 New Income
debt-10 Mon Jan 03 04:33:00 CST 1 Payment
sleepiness-50 Mon Jan 03 06:25:00 CST 1 Working
income+10 Mon Jan 03 06:25:00 CST 1 New Income
debt-10 Mon Jan 03 06:25:00 CST 1 Payment
sleepiness+100 Mon Jan 03 08:04:00 CST 1 Going home
sleepiness-50 Mon Jan 03 09:25:00 CST 1 Working
income+10 Mon Jan 03 09:25:00 CST 1 New Income
debt-10 Mon Jan 03 09:25:00 CST 1 Payment
sleepiness-50 Mon Jan 03 09:57:00 CST 1 Working
income+10 Mon Jan 03 09:57:00 CST 1 New Income
debt-10 Mon Jan 03 09:57:00 CST 1 Payment
sleepiness+100 Mon Jan 03 21:55:00 CST 1 Going home
sleepiness-50 Tue Jan 04 02:34:00 CST 1 Working
income+10 Tue Jan 04 02:34:00 CST 1 New Income
debt-10 Tue Jan 04 02:34:00 CST 1 Payment
sleepiness-50 Tue Jan 04 03:06:00 CST 1 Working
income+10 Tue Jan 04 03:06:00 CST 1 New Income
debt-10 Tue Jan 04 03:06:00 CST 1 Payment
sleepiness+100 Tue Jan 04 07:02:00 CST 1 Going home
sleepiness-50 Tue Jan 04 11:29:00 CST 1 Working
income+10 Tue Jan 04 11:29:00 CST 1 New Income
debt-10 Tue Jan 04 11:29:00 CST 1 Payment
sleepiness-50 Tue Jan 04 12:18:00 CST 1 Working
income+10 Tue Jan 04 12:18:00 CST 1 New Income
debt-10 Tue Jan 04 12:18:00 CST 1 Payment
sleepiness+100 Wed Jan 05 00:49:00 CST 1 Going home
sleepiness-50 Wed Jan 05 05:29:00 CST 1 Working
income+10 Wed Jan 05 05:29:00 CST 1 New Income
savings+10 Wed Jan 05 05:29:00 CST 1 Payment
sleepiness-50 Wed Jan 05 06:02:00 CST 1 Working
income+10 Wed Jan 05 06:02:00 CST 1 New Income
savings+10 Wed Jan 05 06:02:00 CST 1 Payment
sleepiness+100 Wed Jan 05 10:39:00 CST 1 Going home
sleepiness-50 Wed Jan 05 12:44:00 CST 1 Working
income+10 Wed Jan 05 12:44:00 CST 1 New Income
savings+10 Wed Jan 05 12:44:00 CST 1 Payment
sleepiness-50 Wed Jan 05 16:47:00 CST 1 Working
income+10 Wed Jan 05 16:47:00 CST 1 New Income
savings+10 Wed Jan 05 16:47:00 CST 1 Payment
sleepiness+100 Thu Jan 06 01:39:00 CST 1 Going home
sleepiness-50 Thu Jan 06 04:36:00 CST 1 Working
income+10 Thu Jan 06 04:36:00 CST 1 New Income
savings+10 Thu Jan 06 04:36:00 CST 1 Payment
sleepiness-50 Thu Jan 06 07:18:00 CST 1 Working
income+10 Thu Jan 06 07:18:00 CST 1 New Income
savings+10 Thu Jan 06 07:18:00 CST 1 Payment
sleepiness+100 Thu Jan 06 10:19:00 CST 1 Going home
sleepiness-50 Thu Jan 06 13:22:00 CST 1 Working
income+10 Thu Jan 06 13:22:00 CST 1 New Income
savings+10 Thu Jan 06 13:22:00 CST 1 Payment
sleepiness-50 Thu Jan 06 13:29:00 CST 1 Working
income+10 Thu Jan 06 13:29:00 CST 1 New Income
savings+10 Thu Jan 06 13:29:00 CST 1 Payment
sleepiness+100 Thu Jan 06 23:16:00 CST 1 Going home
sleepiness-50 Fri Jan 07 02:00:00 CST 1 Working
income+10 Fri Jan 07 02:00:00 CST 1 New Income
savings+10 Fri Jan 07 02:00:00 CST 1 Payment
sleepiness-50 Fri Jan 07 02:07:00 CST 1 Working
income+10 Fri Jan 07 02:07:00 CST 1 New Income
savings+10 Fri Jan 07 02:07:00 CST 1 Payment
sleepiness+100 Fri Jan 07 04:29:00 CST 1 Going home
sleepiness-50 Fri Jan 07 09:32:00 CST 1 Working
income+10 Fri Jan 07 09:32:00 CST 1 New Income
savings+10 Fri Jan 07 09:32:00 CST 1 Payment
sleepiness-50 Fri Jan 07 13:25:00 CST 1 Working
income+10 Fri Jan 07 13:25:00 CST 1 New Income
savings+10 Fri Jan 07 13:25:00 CST 1 Payment
sleepiness+100 Fri Jan 07 21:48:00 CST 1 Going home
sleepiness-50 Sat Jan 08 02:43:00 CST 1 Working
income+10 Sat Jan 08 02:43:00 CST 1 New Income
savings+10 Sat Jan 08 02:43:00 CST 1 Payment
sleepiness-50 Sat Jan 08 05:27:00 CST 1 Working
income+10 Sat Jan 08 05:27:00 CST 1 New Income
savings+10 Sat Jan 08 05:27:00 CST 1 Payment
trust+10 Sat Jan 08 07:23:00 CST 1 Voting
sleepiness+100 Sat Jan 08 10:07:00 CST 1 Going home
sleepiness-50 Sat Jan 08 11:05:00 CST 1 Working
income+10 Sat Jan 08 11:05:00 CST 1 New Income
savings+10 Sat Jan 08 11:05:00 CST 1 Payment
sleepiness-50 Sat Jan 08 11:19:00 CST 1 Working
income+10 Sat Jan 08 11:19:00 CST 1 New Income
savings+10 Sat Jan 08 11:19:00 CST 1 Payment
sleepiness+100 Sat Jan 08 21:09:00 CST 1 Going home
sleepiness-50 Sun Jan 09 00:31:00 CST 1 Working
income+10 Sun Jan 09 00:31:00 CST 1 New Income
savings+10 Sun Jan 09 00:31:00 CST 1 Payment
sleepiness-50 Sun Jan 09 04:06:00 CST 1 Working
income+10 Sun Jan 09 04:06:00 CST 1 New Income
savings+10 Sun Jan 09 04:06:00 CST 1 Payment
sleepiness+100 Sun Jan 09 07:30:00 CST 1 Going home
sleepiness-50 Sun Jan 09 10:08:00 CST 1 Working
income+10 Sun Jan 09 10:08:00 CST 1 New Income
savings+10 Sun Jan 09 10:08:00 CST 1 Payment
sleepiness-50 Sun Jan 09 12:26:00 CST 1 Working
income+10 Sun Jan 09 12:26:00 CST 1 New Income
savings+10 Sun Jan 09 12:26:00 CST 1 Payment
sleepiness+100 Mon Jan 10 01:18:00 CST 1 Going home
sleepiness-50 Mon Jan 10 02:15:00 CST 1 Working
income+10 Mon Jan 10 02:15:00 CST 1 New Income
savings+10 Mon Jan 10 02:15:00 CST 1 Payment
sleepiness-50 Mon Jan 10 04:09:00 CST 1 Working
income+10 Mon Jan 10 04:09:00 CST 1 New Income
savings+10 Mon Jan 10 04:09:00 CST 1 Payment
sleepiness+100 Mon Jan 10 05:45:00 CST 1 Going home
sleepiness-50 Mon Jan 10 11:05:00 CST 1 Working
income+10 Mon Jan 10 11:05:00 CST 1 New Income
savings+10 Mon Jan 10 11:05:00 CST 1 Payment
sleepiness-50 Mon Jan 10 13:57:00 CST 1 Working
income+10 Mon Jan 10 13:57:00 CST 1 New Income
savings+10 Mon Jan 10 13:57:00 CST 1 Payment
sleepiness+100 Tue Jan 11 01:18:00 CST 1 Going home
sleepiness-50 Tue Jan 11 04:12:00 CST 1 Working
income+10 Tue Jan 11 04:12:00 CST 1 New Income
savings+10 Tue Jan 11 04:12:00 CST 1 Payment
sleepiness-50 Tue Jan 11 08:19:00 CST 1 Working
income+10 Tue Jan 11 08:19:00 CST 1 New Income
savings+10 Tue Jan 11 08:19:00 CST 1 Payment
sleepiness+100 Wed Jan 12 01:35:00 CST 1 Going home
sleepiness-50 Wed Jan 12 03:53:00 CST 1 Working
income+10 Wed Jan 12 03:53:00 CST 1 New Income
savings+10 Wed Jan 12 03:53:00 CST 1 Payment
sleepiness-50 Wed Jan 12 07:09:00 CST 1 Working
income+10 Wed Jan 12 07:09:00 CST 1 New Income
savings+10 Wed Jan 12 07:09:00 CST 1 Payment
sleepiness+100 Wed Jan 12 12:39:00 CST 1 Going home
sleepiness-50 Wed Jan 12 14:11:00 CST 1 Working
income+10 Wed Jan 12 14:11:00 CST 1 New Income
savings+10 Wed Jan 12 14:11:00 CST 1 Payment
sleepiness-50 Wed Jan 12 16:18:00 CST 1 Working
income+10 Wed Jan 12 16:18:00 CST 1 New Income
savings+10 Wed Jan 12 16:18:00 CST 1 Payment
sleepiness+100 Thu Jan 13 00:16:00 CST 1 Going home
sleepiness-50 Thu Jan 13 01:21:00 CST 1 Working
income+10 Thu Jan 13 01:21:00 CST 1 New Income
savings+10 Thu Jan 13 01:21:00 CST 1 Payment
sleepiness-50 Thu Jan 13 05:44:00 CST 1 Working
income+10 Thu Jan 13 05:44:00 CST 1 New Income
savings+10 Thu Jan 13 05:44:00 CST 1 Payment
sleepiness+100 Thu Jan 13 09:43:00 CST 1 Going home
sleepiness-50 Thu Jan 13 13:57:00 CST 1 Working
income+10 Thu Jan 13 13:57:00 CST 1 New Income
savings+10 Thu Jan 13 13:57:00 CST 1 Payment
sleepiness-50 Thu Jan 13 15:53:00 CST 1 Working
income+10 Thu Jan 13 15:53:00 CST 1 New Income
savings+10 Thu Jan 13 15:53:00 CST 1 Payment
sleepiness+100 Fri Jan 14 02:15:00 CST 1 Going home
sleepiness-50 Fri Jan 14 03:46:00 CST 1 Working
income+10 Fri Jan 14 03:46:00 CST 1 New Income
savings+10 Fri Jan 14 03:46:00 CST 1 Payment
sleepiness-50 Fri Jan 14 07:58:00 CST 1 Working
income+10 Fri Jan 14 07:58:00 CST 1 New Income
savings+10 Fri Jan 14 07:58:00 CST 1 Payment
sleepiness+100 Sat Jan 15 00:11:00 CST 1 Going home
