age+0 Sun Jan 02 06:52:00 CST 1 creation
sleepiness-50 Sun Jan 02 08:35:00 CST 1 Working
income+10 Sun Jan 02 08:35:00 CST 1 New Income
debt-10 Sun Jan 02 08:35:00 CST 1 Payment
sleepiness-50 Sun Jan 02 13:38:00 CST 1 Working
income+10 Sun Jan 02 13:38:00 CST 1 New Income
debt-10 Sun Jan 02 13:38:00 CST 1 Payment
thirst+90 Wed Jan 05 08:55:00 CST 1 Getting water
trust+10 Sat Jan 08 03:32:00 CST 1 Voting
companionship+10 Sat Jan 08 08:43:00 CST 1 Procreating
sleepiness-10 Sat Jan 08 08:43:00 CST 1 Procreating
thirst+90 Wed Jan 12 00:39:00 CST 1 Getting water
sleepiness+100 Thu Jan 13 02:16:00 CST 1 Going home
sleepiness-50 Thu Jan 13 05:46:00 CST 1 Working
income+10 Thu Jan 13 05:46:00 CST 1 New Income
debt-10 Thu Jan 13 05:46:00 CST 1 Payment
sleepiness-50 Thu Jan 13 05:53:00 CST 1 Working
income+10 Thu Jan 13 05:53:00 CST 1 New Income
debt-10 Thu Jan 13 05:53:00 CST 1 Payment
sleepiness+100 Thu Jan 13 09:02:00 CST 1 Going home
sleepiness-50 Thu Jan 13 13:39:00 CST 1 Working
income+10 Thu Jan 13 13:39:00 CST 1 New Income
debt-10 Thu Jan 13 13:39:00 CST 1 Payment
sleepiness-50 Thu Jan 13 15:45:00 CST 1 Working
income+10 Thu Jan 13 15:45:00 CST 1 New Income
debt-10 Thu Jan 13 15:45:00 CST 1 Payment
sleepiness+100 Thu Jan 13 23:55:00 CST 1 Going home
sleepiness-50 Fri Jan 14 02:44:00 CST 1 Working
income+10 Fri Jan 14 02:44:00 CST 1 New Income
savings+10 Fri Jan 14 02:44:00 CST 1 Payment
sleepiness-50 Fri Jan 14 06:18:00 CST 1 Working
income+10 Fri Jan 14 06:18:00 CST 1 New Income
savings+10 Fri Jan 14 06:18:00 CST 1 Payment
sleepiness+100 Fri Jan 14 11:00:00 CST 1 Going home
sleepiness-50 Fri Jan 14 12:57:00 CST 1 Working
income+10 Fri Jan 14 12:57:00 CST 1 New Income
savings+10 Fri Jan 14 12:57:00 CST 1 Payment
sleepiness-50 Fri Jan 14 14:32:00 CST 1 Working
income+10 Fri Jan 14 14:32:00 CST 1 New Income
savings+10 Fri Jan 14 14:32:00 CST 1 Payment
sleepiness+100 Fri Jan 14 23:44:00 CST 1 Going home
sleepiness-50 Sat Jan 15 03:31:00 CST 1 Working
income+10 Sat Jan 15 03:31:00 CST 1 New Income
savings+10 Sat Jan 15 03:31:00 CST 1 Payment
sleepiness-50 Sat Jan 15 05:42:00 CST 1 Working
income+10 Sat Jan 15 05:42:00 CST 1 New Income
savings+10 Sat Jan 15 05:42:00 CST 1 Payment
trust+10 Sat Jan 15 11:40:00 CST 1 Voting
