age+0 Thu Jan 06 02:25:00 CST 1 creation
sleepiness-50 Thu Jan 06 02:25:00 CST 1 Working
income+10 Thu Jan 06 02:25:00 CST 1 New Income
debt-10 Thu Jan 06 02:25:00 CST 1 Payment
sleepiness-50 Thu Jan 06 03:15:00 CST 1 Working
income+10 Thu Jan 06 03:15:00 CST 1 New Income
debt-10 Thu Jan 06 03:15:00 CST 1 Payment
sleepiness+100 Thu Jan 06 23:03:00 CST 1 Going home
sleepiness-50 Thu Jan 06 23:55:00 CST 1 Working
income+10 Thu Jan 06 23:55:00 CST 1 New Income
savings+10 Thu Jan 06 23:55:00 CST 1 Payment
sleepiness-50 Fri Jan 07 00:43:00 CST 1 Working
income+10 Fri Jan 07 00:43:00 CST 1 New Income
savings+10 Fri Jan 07 00:43:00 CST 1 Payment
sleepiness+100 Fri Jan 07 00:54:00 CST 1 Going home
sleepiness-50 Fri Jan 07 01:28:00 CST 1 Working
income+10 Fri Jan 07 01:28:00 CST 1 New Income
savings+10 Fri Jan 07 01:28:00 CST 1 Payment
sleepiness-50 Fri Jan 07 02:18:00 CST 1 Working
income+10 Fri Jan 07 02:18:00 CST 1 New Income
savings+10 Fri Jan 07 02:18:00 CST 1 Payment
sleepiness+100 Fri Jan 07 02:29:00 CST 1 Going home
sleepiness-50 Fri Jan 07 03:03:00 CST 1 Working
income+10 Fri Jan 07 03:03:00 CST 1 New Income
savings+10 Fri Jan 07 03:03:00 CST 1 Payment
sleepiness-50 Fri Jan 07 03:53:00 CST 1 Working
income+10 Fri Jan 07 03:53:00 CST 1 New Income
savings+10 Fri Jan 07 03:53:00 CST 1 Payment
sleepiness+100 Fri Jan 07 04:04:00 CST 1 Going home
sleepiness-50 Fri Jan 07 04:39:00 CST 1 Working
income+10 Fri Jan 07 04:39:00 CST 1 New Income
savings+10 Fri Jan 07 04:39:00 CST 1 Payment
sleepiness-50 Fri Jan 07 05:36:00 CST 1 Working
income+10 Fri Jan 07 05:36:00 CST 1 New Income
savings+10 Fri Jan 07 05:36:00 CST 1 Payment
sleepiness+100 Fri Jan 07 06:10:00 CST 1 Going home
sleepiness-50 Fri Jan 07 06:48:00 CST 1 Working
income+10 Fri Jan 07 06:48:00 CST 1 New Income
savings+10 Fri Jan 07 06:48:00 CST 1 Payment
sleepiness-50 Fri Jan 07 07:14:00 CST 1 Working
income+10 Fri Jan 07 07:14:00 CST 1 New Income
savings+10 Fri Jan 07 07:14:00 CST 1 Payment
sleepiness+100 Fri Jan 07 07:28:00 CST 1 Going home
sleepiness-50 Fri Jan 07 08:03:00 CST 1 Working
income+10 Fri Jan 07 08:03:00 CST 1 New Income
savings+10 Fri Jan 07 08:03:00 CST 1 Payment
sleepiness-50 Fri Jan 07 08:17:00 CST 1 Working
income+10 Fri Jan 07 08:17:00 CST 1 New Income
savings+10 Fri Jan 07 08:17:00 CST 1 Payment
sleepiness+100 Fri Jan 07 21:12:00 CST 1 Going home
sleepiness-50 Fri Jan 07 21:35:00 CST 1 Working
income+10 Fri Jan 07 21:35:00 CST 1 New Income
savings+10 Fri Jan 07 21:35:00 CST 1 Payment
sleepiness-50 Fri Jan 07 21:49:00 CST 1 Working
income+10 Fri Jan 07 21:49:00 CST 1 New Income
savings+10 Fri Jan 07 21:49:00 CST 1 Payment
sleepiness+100 Fri Jan 07 22:07:00 CST 1 Going home
sleepiness-50 Fri Jan 07 22:30:00 CST 1 Working
income+10 Fri Jan 07 22:30:00 CST 1 New Income
savings+10 Fri Jan 07 22:30:00 CST 1 Payment
sleepiness-50 Fri Jan 07 22:43:00 CST 1 Working
income+10 Fri Jan 07 22:43:00 CST 1 New Income
savings+10 Fri Jan 07 22:43:00 CST 1 Payment
sleepiness+100 Fri Jan 07 23:01:00 CST 1 Going home
sleepiness-50 Fri Jan 07 23:23:00 CST 1 Working
income+10 Fri Jan 07 23:23:00 CST 1 New Income
savings+10 Fri Jan 07 23:23:00 CST 1 Payment
sleepiness-50 Fri Jan 07 23:43:00 CST 1 Working
income+10 Fri Jan 07 23:43:00 CST 1 New Income
savings+10 Fri Jan 07 23:43:00 CST 1 Payment
sleepiness+100 Fri Jan 07 23:57:00 CST 1 Going home
sleepiness-50 Sat Jan 08 00:54:00 CST 1 Working
income+10 Sat Jan 08 00:54:00 CST 1 New Income
savings+10 Sat Jan 08 00:54:00 CST 1 Payment
sleepiness-50 Sat Jan 08 01:14:00 CST 1 Working
income+10 Sat Jan 08 01:14:00 CST 1 New Income
savings+10 Sat Jan 08 01:14:00 CST 1 Payment
sleepiness+100 Sat Jan 08 01:28:00 CST 1 Going home
sleepiness-50 Sat Jan 08 02:27:00 CST 1 Working
income+10 Sat Jan 08 02:27:00 CST 1 New Income
savings+10 Sat Jan 08 02:27:00 CST 1 Payment
sleepiness-50 Sat Jan 08 02:48:00 CST 1 Working
income+10 Sat Jan 08 02:48:00 CST 1 New Income
savings+10 Sat Jan 08 02:48:00 CST 1 Payment
sleepiness+100 Sat Jan 08 03:36:00 CST 1 Going home
sleepiness-50 Sat Jan 08 04:36:00 CST 1 Working
income+10 Sat Jan 08 04:36:00 CST 1 New Income
savings+10 Sat Jan 08 04:36:00 CST 1 Payment
sleepiness-50 Sat Jan 08 05:25:00 CST 1 Working
income+10 Sat Jan 08 05:25:00 CST 1 New Income
savings+10 Sat Jan 08 05:25:00 CST 1 Payment
sleepiness+100 Sat Jan 08 05:41:00 CST 1 Going home
sleepiness-50 Sat Jan 08 06:40:00 CST 1 Working
income+10 Sat Jan 08 06:40:00 CST 1 New Income
savings+10 Sat Jan 08 06:40:00 CST 1 Payment
sleepiness-50 Sat Jan 08 07:29:00 CST 1 Working
income+10 Sat Jan 08 07:29:00 CST 1 New Income
savings+10 Sat Jan 08 07:29:00 CST 1 Payment
sleepiness+100 Sat Jan 08 07:45:00 CST 1 Going home
sleepiness-50 Sat Jan 08 08:44:00 CST 1 Working
income+10 Sat Jan 08 08:44:00 CST 1 New Income
savings+10 Sat Jan 08 08:44:00 CST 1 Payment
sleepiness-50 Sat Jan 08 09:40:00 CST 1 Working
income+10 Sat Jan 08 09:40:00 CST 1 New Income
savings+10 Sat Jan 08 09:40:00 CST 1 Payment
sleepiness+100 Sat Jan 08 21:15:00 CST 1 Going home
sleepiness-50 Sat Jan 08 21:58:00 CST 1 Working
income+10 Sat Jan 08 21:58:00 CST 1 New Income
savings+10 Sat Jan 08 21:58:00 CST 1 Payment
sleepiness-50 Sat Jan 08 22:05:00 CST 1 Working
income+10 Sat Jan 08 22:05:00 CST 1 New Income
savings+10 Sat Jan 08 22:05:00 CST 1 Payment
sleepiness+100 Sat Jan 08 22:24:00 CST 1 Going home
sleepiness-50 Sat Jan 08 23:25:00 CST 1 Working
income+10 Sat Jan 08 23:25:00 CST 1 New Income
savings+10 Sat Jan 08 23:25:00 CST 1 Payment
sleepiness-50 Sun Jan 09 00:13:00 CST 1 Working
income+10 Sun Jan 09 00:13:00 CST 1 New Income
savings+10 Sun Jan 09 00:13:00 CST 1 Payment
sleepiness+100 Sun Jan 09 00:34:00 CST 1 Going home
sleepiness-50 Sun Jan 09 01:13:00 CST 1 Working
income+10 Sun Jan 09 01:13:00 CST 1 New Income
savings+10 Sun Jan 09 01:13:00 CST 1 Payment
sleepiness-50 Sun Jan 09 01:26:00 CST 1 Working
income+10 Sun Jan 09 01:26:00 CST 1 New Income
savings+10 Sun Jan 09 01:26:00 CST 1 Payment
sleepiness+100 Sun Jan 09 02:24:00 CST 1 Going home
sleepiness-50 Sun Jan 09 03:09:00 CST 1 Working
income+10 Sun Jan 09 03:09:00 CST 1 New Income
savings+10 Sun Jan 09 03:09:00 CST 1 Payment
sleepiness-50 Sun Jan 09 04:39:00 CST 1 Working
income+10 Sun Jan 09 04:39:00 CST 1 New Income
savings+10 Sun Jan 09 04:39:00 CST 1 Payment
sleepiness+100 Sun Jan 09 04:20:00 CST 1 Going home
sleepiness-50 Sun Jan 09 05:22:00 CST 1 Working
income+10 Sun Jan 09 05:22:00 CST 1 New Income
savings+10 Sun Jan 09 05:22:00 CST 1 Payment
sleepiness-50 Sun Jan 09 06:12:00 CST 1 Working
income+10 Sun Jan 09 06:12:00 CST 1 New Income
savings+10 Sun Jan 09 06:12:00 CST 1 Payment
sleepiness+100 Sun Jan 09 06:33:00 CST 1 Going home
sleepiness-50 Sun Jan 09 07:35:00 CST 1 Working
income+10 Sun Jan 09 07:35:00 CST 1 New Income
savings+10 Sun Jan 09 07:35:00 CST 1 Payment
sleepiness-50 Sun Jan 09 08:18:00 CST 1 Working
income+10 Sun Jan 09 08:18:00 CST 1 New Income
savings+10 Sun Jan 09 08:18:00 CST 1 Payment
sleepiness+100 Sun Jan 09 21:17:00 CST 1 Going home
sleepiness-50 Sun Jan 09 22:22:00 CST 1 Working
income+10 Sun Jan 09 22:22:00 CST 1 New Income
savings+10 Sun Jan 09 22:22:00 CST 1 Payment
sleepiness-50 Sun Jan 09 22:35:00 CST 1 Working
income+10 Sun Jan 09 22:35:00 CST 1 New Income
savings+10 Sun Jan 09 22:35:00 CST 1 Payment
sleepiness+100 Sun Jan 09 23:25:00 CST 1 Going home
sleepiness-50 Sun Jan 09 23:53:00 CST 1 Working
income+10 Sun Jan 09 23:53:00 CST 1 New Income
savings+10 Sun Jan 09 23:53:00 CST 1 Payment
sleepiness-50 Mon Jan 10 00:09:00 CST 1 Working
income+10 Mon Jan 10 00:09:00 CST 1 New Income
savings+10 Mon Jan 10 00:09:00 CST 1 Payment
sleepiness+100 Mon Jan 10 00:43:00 CST 1 Going home
sleepiness-50 Mon Jan 10 01:04:00 CST 1 Working
income+10 Mon Jan 10 01:04:00 CST 1 New Income
savings+10 Mon Jan 10 01:04:00 CST 1 Payment
sleepiness-50 Mon Jan 10 01:54:00 CST 1 Working
income+10 Mon Jan 10 01:54:00 CST 1 New Income
savings+10 Mon Jan 10 01:54:00 CST 1 Payment
sleepiness+100 Mon Jan 10 02:18:00 CST 1 Going home
sleepiness-50 Mon Jan 10 02:53:00 CST 1 Working
income+10 Mon Jan 10 02:53:00 CST 1 New Income
savings+10 Mon Jan 10 02:53:00 CST 1 Payment
sleepiness-50 Mon Jan 10 03:43:00 CST 1 Working
income+10 Mon Jan 10 03:43:00 CST 1 New Income
savings+10 Mon Jan 10 03:43:00 CST 1 Payment
sleepiness+100 Mon Jan 10 04:08:00 CST 1 Going home
sleepiness-50 Mon Jan 10 04:43:00 CST 1 Working
income+10 Mon Jan 10 04:43:00 CST 1 New Income
savings+10 Mon Jan 10 04:43:00 CST 1 Payment
sleepiness-50 Mon Jan 10 05:36:00 CST 1 Working
income+10 Mon Jan 10 05:36:00 CST 1 New Income
savings+10 Mon Jan 10 05:36:00 CST 1 Payment
sleepiness+100 Mon Jan 10 06:47:00 CST 1 Going home
sleepiness-50 Mon Jan 10 07:28:00 CST 1 Working
income+10 Mon Jan 10 07:28:00 CST 1 New Income
savings+10 Mon Jan 10 07:28:00 CST 1 Payment
sleepiness-50 Mon Jan 10 08:24:00 CST 1 Working
income+10 Mon Jan 10 08:24:00 CST 1 New Income
savings+10 Mon Jan 10 08:24:00 CST 1 Payment
sleepiness+100 Mon Jan 10 21:21:00 CST 1 Going home
sleepiness-50 Mon Jan 10 22:26:00 CST 1 Working
income+10 Mon Jan 10 22:26:00 CST 1 New Income
savings+10 Mon Jan 10 22:26:00 CST 1 Payment
sleepiness-50 Mon Jan 10 22:58:00 CST 1 Working
income+10 Mon Jan 10 22:58:00 CST 1 New Income
savings+10 Mon Jan 10 22:58:00 CST 1 Payment
sleepiness+100 Mon Jan 10 23:19:00 CST 1 Going home
sleepiness-50 Tue Jan 11 00:06:00 CST 1 Working
income+10 Tue Jan 11 00:06:00 CST 1 New Income
savings+10 Tue Jan 11 00:06:00 CST 1 Payment
sleepiness-50 Tue Jan 11 00:39:00 CST 1 Working
income+10 Tue Jan 11 00:39:00 CST 1 New Income
savings+10 Tue Jan 11 00:39:00 CST 1 Payment
sleepiness+100 Tue Jan 11 01:00:00 CST 1 Going home
sleepiness-50 Tue Jan 11 01:48:00 CST 1 Working
income+10 Tue Jan 11 01:48:00 CST 1 New Income
savings+10 Tue Jan 11 01:48:00 CST 1 Payment
sleepiness-50 Tue Jan 11 02:38:00 CST 1 Working
income+10 Tue Jan 11 02:38:00 CST 1 New Income
savings+10 Tue Jan 11 02:38:00 CST 1 Payment
sleepiness+100 Tue Jan 11 03:01:00 CST 1 Going home
sleepiness-50 Tue Jan 11 04:07:00 CST 1 Working
income+10 Tue Jan 11 04:07:00 CST 1 New Income
savings+10 Tue Jan 11 04:07:00 CST 1 Payment
sleepiness-50 Tue Jan 11 04:57:00 CST 1 Working
income+10 Tue Jan 11 04:57:00 CST 1 New Income
savings+10 Tue Jan 11 04:57:00 CST 1 Payment
sleepiness+100 Tue Jan 11 05:20:00 CST 1 Going home
sleepiness-50 Tue Jan 11 06:26:00 CST 1 Working
income+10 Tue Jan 11 06:26:00 CST 1 New Income
savings+10 Tue Jan 11 06:26:00 CST 1 Payment
sleepiness-50 Tue Jan 11 07:19:00 CST 1 Working
income+10 Tue Jan 11 07:19:00 CST 1 New Income
savings+10 Tue Jan 11 07:19:00 CST 1 Payment
sleepiness+100 Tue Jan 11 08:18:00 CST 1 Going home
sleepiness-50 Tue Jan 11 09:01:00 CST 1 Working
income+10 Tue Jan 11 09:01:00 CST 1 New Income
savings+10 Tue Jan 11 09:01:00 CST 1 Payment
sleepiness-50 Tue Jan 11 09:38:00 CST 1 Working
income+10 Tue Jan 11 09:38:00 CST 1 New Income
savings+10 Tue Jan 11 09:38:00 CST 1 Payment
sleepiness+100 Tue Jan 11 21:23:00 CST 1 Going home
sleepiness-50 Tue Jan 11 22:01:00 CST 1 Working
income+10 Tue Jan 11 22:01:00 CST 1 New Income
savings+10 Tue Jan 11 22:01:00 CST 1 Payment
sleepiness-50 Tue Jan 11 22:51:00 CST 1 Working
income+10 Tue Jan 11 22:51:00 CST 1 New Income
savings+10 Tue Jan 11 22:51:00 CST 1 Payment
sleepiness+100 Tue Jan 11 23:19:00 CST 1 Going home
sleepiness-50 Wed Jan 12 00:02:00 CST 1 Working
income+10 Wed Jan 12 00:02:00 CST 1 New Income
savings+10 Wed Jan 12 00:02:00 CST 1 Payment
sleepiness-50 Wed Jan 12 00:52:00 CST 1 Working
income+10 Wed Jan 12 00:52:00 CST 1 New Income
savings+10 Wed Jan 12 00:52:00 CST 1 Payment
sleepiness+100 Wed Jan 12 01:20:00 CST 1 Going home
sleepiness-50 Wed Jan 12 01:52:00 CST 1 Working
income+10 Wed Jan 12 01:52:00 CST 1 New Income
savings+10 Wed Jan 12 01:52:00 CST 1 Payment
sleepiness-50 Wed Jan 12 02:21:00 CST 1 Working
income+10 Wed Jan 12 02:21:00 CST 1 New Income
savings+10 Wed Jan 12 02:21:00 CST 1 Payment
sleepiness+100 Wed Jan 12 02:56:00 CST 1 Going home
sleepiness-50 Wed Jan 12 03:35:00 CST 1 Working
income+10 Wed Jan 12 03:35:00 CST 1 New Income
savings+10 Wed Jan 12 03:35:00 CST 1 Payment
sleepiness-50 Wed Jan 12 04:13:00 CST 1 Working
income+10 Wed Jan 12 04:13:00 CST 1 New Income
savings+10 Wed Jan 12 04:13:00 CST 1 Payment
sleepiness+100 Wed Jan 12 05:26:00 CST 1 Going home
sleepiness-50 Wed Jan 12 06:25:00 CST 1 Working
income+10 Wed Jan 12 06:25:00 CST 1 New Income
savings+10 Wed Jan 12 06:25:00 CST 1 Payment
sleepiness-50 Wed Jan 12 06:39:00 CST 1 Working
income+10 Wed Jan 12 06:39:00 CST 1 New Income
savings+10 Wed Jan 12 06:39:00 CST 1 Payment
sleepiness+100 Wed Jan 12 07:05:00 CST 1 Going home
sleepiness-50 Wed Jan 12 07:57:00 CST 1 Working
income+10 Wed Jan 12 07:57:00 CST 1 New Income
savings+10 Wed Jan 12 07:57:00 CST 1 Payment
sleepiness-50 Wed Jan 12 08:10:00 CST 1 Working
income+10 Wed Jan 12 08:10:00 CST 1 New Income
savings+10 Wed Jan 12 08:10:00 CST 1 Payment
sleepiness+100 Wed Jan 12 21:20:00 CST 1 Going home
sleepiness-50 Wed Jan 12 22:13:00 CST 1 Working
income+10 Wed Jan 12 22:13:00 CST 1 New Income
savings+10 Wed Jan 12 22:13:00 CST 1 Payment
sleepiness-50 Wed Jan 12 22:45:00 CST 1 Working
income+10 Wed Jan 12 22:45:00 CST 1 New Income
savings+10 Wed Jan 12 22:45:00 CST 1 Payment
sleepiness+100 Wed Jan 12 23:12:00 CST 1 Going home
sleepiness-50 Wed Jan 12 23:58:00 CST 1 Working
income+10 Wed Jan 12 23:58:00 CST 1 New Income
savings+10 Wed Jan 12 23:58:00 CST 1 Payment
sleepiness-50 Thu Jan 13 00:29:00 CST 1 Working
income+10 Thu Jan 13 00:29:00 CST 1 New Income
savings+10 Thu Jan 13 00:29:00 CST 1 Payment
sleepiness+100 Thu Jan 13 00:56:00 CST 1 Going home
sleepiness-50 Thu Jan 13 01:32:00 CST 1 Working
income+10 Thu Jan 13 01:32:00 CST 1 New Income
savings+10 Thu Jan 13 01:32:00 CST 1 Payment
sleepiness-50 Thu Jan 13 02:32:00 CST 1 Working
income+10 Thu Jan 13 02:32:00 CST 1 New Income
savings+10 Thu Jan 13 02:32:00 CST 1 Payment
sleepiness+100 Thu Jan 13 03:18:00 CST 1 Going home
sleepiness-50 Thu Jan 13 04:27:00 CST 1 Working
income+10 Thu Jan 13 04:27:00 CST 1 New Income
savings+10 Thu Jan 13 04:27:00 CST 1 Payment
sleepiness-50 Thu Jan 13 05:17:00 CST 1 Working
income+10 Thu Jan 13 05:17:00 CST 1 New Income
savings+10 Thu Jan 13 05:17:00 CST 1 Payment
sleepiness+100 Thu Jan 13 05:43:00 CST 1 Going home
sleepiness-50 Thu Jan 13 06:53:00 CST 1 Working
income+10 Thu Jan 13 06:53:00 CST 1 New Income
savings+10 Thu Jan 13 06:53:00 CST 1 Payment
sleepiness-50 Thu Jan 13 07:43:00 CST 1 Working
income+10 Thu Jan 13 07:43:00 CST 1 New Income
savings+10 Thu Jan 13 07:43:00 CST 1 Payment
sleepiness+100 Thu Jan 13 08:09:00 CST 1 Going home
sleepiness-50 Thu Jan 13 09:20:00 CST 1 Working
income+10 Thu Jan 13 09:20:00 CST 1 New Income
savings+10 Thu Jan 13 09:20:00 CST 1 Payment
sleepiness-50 Thu Jan 13 09:47:00 CST 1 Working
income+10 Thu Jan 13 09:47:00 CST 1 New Income
savings+10 Thu Jan 13 09:47:00 CST 1 Payment
sleepiness+100 Thu Jan 13 21:25:00 CST 1 Going home
sleepiness-50 Thu Jan 13 22:05:00 CST 1 Working
income+10 Thu Jan 13 22:05:00 CST 1 New Income
savings+10 Thu Jan 13 22:05:00 CST 1 Payment
sleepiness-50 Thu Jan 13 22:37:00 CST 1 Working
income+10 Thu Jan 13 22:37:00 CST 1 New Income
savings+10 Thu Jan 13 22:37:00 CST 1 Payment
sleepiness+100 Thu Jan 13 23:57:00 CST 1 Going home
sleepiness-50 Fri Jan 14 00:42:00 CST 1 Working
income+10 Fri Jan 14 00:42:00 CST 1 New Income
savings+10 Fri Jan 14 00:42:00 CST 1 Payment
sleepiness-50 Fri Jan 14 01:09:00 CST 1 Working
income+10 Fri Jan 14 01:09:00 CST 1 New Income
savings+10 Fri Jan 14 01:09:00 CST 1 Payment
sleepiness+100 Fri Jan 14 01:36:00 CST 1 Going home
sleepiness-50 Fri Jan 14 02:46:00 CST 1 Working
income+10 Fri Jan 14 02:46:00 CST 1 New Income
savings+10 Fri Jan 14 02:46:00 CST 1 Payment
sleepiness-50 Fri Jan 14 03:12:00 CST 1 Working
income+10 Fri Jan 14 03:12:00 CST 1 New Income
savings+10 Fri Jan 14 03:12:00 CST 1 Payment
sleepiness+100 Fri Jan 14 03:39:00 CST 1 Going home
sleepiness-50 Fri Jan 14 04:49:00 CST 1 Working
income+10 Fri Jan 14 04:49:00 CST 1 New Income
savings+10 Fri Jan 14 04:49:00 CST 1 Payment
sleepiness-50 Fri Jan 14 05:43:00 CST 1 Working
income+10 Fri Jan 14 05:43:00 CST 1 New Income
savings+10 Fri Jan 14 05:43:00 CST 1 Payment
sleepiness+100 Fri Jan 14 06:56:00 CST 1 Going home
sleepiness-50 Fri Jan 14 07:44:00 CST 1 Working
income+10 Fri Jan 14 07:44:00 CST 1 New Income
savings+10 Fri Jan 14 07:44:00 CST 1 Payment
sleepiness-50 Fri Jan 14 07:57:00 CST 1 Working
income+10 Fri Jan 14 07:57:00 CST 1 New Income
savings+10 Fri Jan 14 07:57:00 CST 1 Payment
sleepiness+100 Fri Jan 14 21:30:00 CST 1 Going home
sleepiness-50 Fri Jan 14 22:17:00 CST 1 Working
income+10 Fri Jan 14 22:17:00 CST 1 New Income
savings+10 Fri Jan 14 22:17:00 CST 1 Payment
sleepiness-50 Fri Jan 14 22:54:00 CST 1 Working
income+10 Fri Jan 14 22:54:00 CST 1 New Income
savings+10 Fri Jan 14 22:54:00 CST 1 Payment
sleepiness+100 Fri Jan 14 23:20:00 CST 1 Going home
sleepiness-50 Sat Jan 15 00:17:00 CST 1 Working
income+10 Sat Jan 15 00:17:00 CST 1 New Income
savings+10 Sat Jan 15 00:17:00 CST 1 Payment
sleepiness-50 Sat Jan 15 00:36:00 CST 1 Working
income+10 Sat Jan 15 00:36:00 CST 1 New Income
savings+10 Sat Jan 15 00:36:00 CST 1 Payment
sleepiness+100 Sat Jan 15 01:35:00 CST 1 Going home
sleepiness-50 Sat Jan 15 02:07:00 CST 1 Working
income+10 Sat Jan 15 02:07:00 CST 1 New Income
savings+10 Sat Jan 15 02:07:00 CST 1 Payment
sleepiness-50 Sat Jan 15 02:53:00 CST 1 Working
income+10 Sat Jan 15 02:53:00 CST 1 New Income
savings+10 Sat Jan 15 02:53:00 CST 1 Payment
sleepiness+100 Sat Jan 15 03:30:00 CST 1 Going home
sleepiness-50 Sat Jan 15 04:06:00 CST 1 Working
income+10 Sat Jan 15 04:06:00 CST 1 New Income
savings+10 Sat Jan 15 04:06:00 CST 1 Payment
sleepiness-50 Sat Jan 15 04:22:00 CST 1 Working
income+10 Sat Jan 15 04:22:00 CST 1 New Income
savings+10 Sat Jan 15 04:22:00 CST 1 Payment
sleepiness+100 Sat Jan 15 05:26:00 CST 1 Going home
sleepiness-50 Sat Jan 15 06:36:00 CST 1 Working
income+10 Sat Jan 15 06:36:00 CST 1 New Income
savings+10 Sat Jan 15 06:36:00 CST 1 Payment
sleepiness-50 Sat Jan 15 06:44:00 CST 1 Working
income+10 Sat Jan 15 06:44:00 CST 1 New Income
savings+10 Sat Jan 15 06:44:00 CST 1 Payment
sleepiness+100 Sat Jan 15 07:55:00 CST 1 Going home
sleepiness-50 Sat Jan 15 08:32:00 CST 1 Working
income+10 Sat Jan 15 08:32:00 CST 1 New Income
savings+10 Sat Jan 15 08:32:00 CST 1 Payment
sleepiness-50 Sat Jan 15 08:40:00 CST 1 Working
income+10 Sat Jan 15 08:40:00 CST 1 New Income
savings+10 Sat Jan 15 08:40:00 CST 1 Payment
