age+0 Tue Jan 04 02:27:00 CST 1 creation
hunger+97 Tue Jan 04 02:57:00 CST 1 Getting food
sleepiness-50 Tue Jan 04 06:25:00 CST 1 Working
income+10 Tue Jan 04 06:25:00 CST 1 New Income
debt-10 Tue Jan 04 06:25:00 CST 1 Payment
sleepiness-50 Tue Jan 04 06:58:00 CST 1 Working
income+10 Tue Jan 04 06:58:00 CST 1 New Income
debt-10 Tue Jan 04 06:58:00 CST 1 Payment
thirst+90 Sat Jan 08 09:46:00 CST 1 Getting water
companionship+10 Tue Jan 11 02:22:00 CST 1 Procreating
sleepiness-10 Tue Jan 11 02:22:00 CST 1 Procreating
sleepiness+100 Wed Jan 12 23:48:00 CST 1 Going home
sleepiness-50 Thu Jan 13 04:26:00 CST 1 Working
income+10 Thu Jan 13 04:26:00 CST 1 New Income
debt-10 Thu Jan 13 04:26:00 CST 1 Payment
sleepiness-50 Thu Jan 13 08:47:00 CST 1 Working
income+10 Thu Jan 13 08:47:00 CST 1 New Income
debt-10 Thu Jan 13 08:47:00 CST 1 Payment
sleepiness+100 Thu Jan 13 23:30:00 CST 1 Going home
sleepiness-50 Fri Jan 14 03:47:00 CST 1 Working
income+10 Fri Jan 14 03:47:00 CST 1 New Income
debt-10 Fri Jan 14 03:47:00 CST 1 Payment
sleepiness-50 Fri Jan 14 07:05:00 CST 1 Working
income+10 Fri Jan 14 07:05:00 CST 1 New Income
debt-10 Fri Jan 14 07:05:00 CST 1 Payment
sleepiness+100 Fri Jan 14 09:01:00 CST 1 Going home
sleepiness-50 Fri Jan 14 12:06:00 CST 1 Working
income+10 Fri Jan 14 12:06:00 CST 1 New Income
savings+10 Fri Jan 14 12:06:00 CST 1 Payment
sleepiness-50 Fri Jan 14 13:11:00 CST 1 Working
income+10 Fri Jan 14 13:11:00 CST 1 New Income
savings+10 Fri Jan 14 13:11:00 CST 1 Payment
sleepiness+100 Fri Jan 14 22:29:00 CST 1 Going home
sleepiness-50 Sat Jan 15 01:28:00 CST 1 Working
income+10 Sat Jan 15 01:28:00 CST 1 New Income
savings+10 Sat Jan 15 01:28:00 CST 1 Payment
sleepiness-50 Sat Jan 15 03:43:00 CST 1 Working
income+10 Sat Jan 15 03:43:00 CST 1 New Income
savings+10 Sat Jan 15 03:43:00 CST 1 Payment
