age+0 Sat Jan 01 01:31:00 CST 1 creation
sleepiness-50 Sat Jan 01 01:32:00 CST 1 Working
income+10 Sat Jan 01 01:32:00 CST 1 New Income
debt-10 Sat Jan 01 01:32:00 CST 1 Payment
sleepiness-50 Sat Jan 01 02:16:00 CST 1 Working
income+10 Sat Jan 01 02:16:00 CST 1 New Income
debt-10 Sat Jan 01 02:16:00 CST 1 Payment
sleepiness+100 Sat Jan 01 06:01:00 CST 1 Going home
sleepiness-50 Sat Jan 01 06:57:00 CST 1 Working
income+10 Sat Jan 01 06:57:00 CST 1 New Income
debt-10 Sat Jan 01 06:57:00 CST 1 Payment
sleepiness-50 Sat Jan 01 07:10:00 CST 1 Working
income+10 Sat Jan 01 07:10:00 CST 1 New Income
savings+10 Sat Jan 01 07:10:00 CST 1 Payment
income+0 Sat Jan 01 07:16:00 CST 1 Bought a House
bills+0 Sat Jan 01 07:16:00 CST 1 Bought a House
taxes+0 Sat Jan 01 07:16:00 CST 1 Bought a House
savings+36 Sat Jan 01 07:16:00 CST 1 Bought a House
debt+64 Sat Jan 01 07:16:00 CST 1 Bought a House
sleepiness+100 Sat Jan 01 07:29:00 CST 1 Going home
sleepiness-50 Sat Jan 01 07:46:00 CST 1 Working
income+10 Sat Jan 01 07:46:00 CST 1 New Income
debt-10 Sat Jan 01 07:46:00 CST 1 Payment
sleepiness-50 Sat Jan 01 08:39:00 CST 1 Working
income+10 Sat Jan 01 08:39:00 CST 1 New Income
debt-10 Sat Jan 01 08:39:00 CST 1 Payment
companionship+10 Wed Jan 05 01:28:00 CST 1 Procreating
sleepiness-10 Wed Jan 05 01:28:00 CST 1 Procreating
thirst+90 Wed Jan 05 12:13:00 CST 1 Getting water
sleepiness+100 Sun Jan 09 04:49:00 CST 1 Going home
sleepiness-50 Sun Jan 09 05:44:00 CST 1 Working
income+10 Sun Jan 09 05:44:00 CST 1 New Income
debt-10 Sun Jan 09 05:44:00 CST 1 Payment
sleepiness-50 Sun Jan 09 06:23:00 CST 1 Working
income+10 Sun Jan 09 06:23:00 CST 1 New Income
debt-10 Sun Jan 09 06:23:00 CST 1 Payment
sleepiness+100 Sun Jan 09 06:37:00 CST 1 Going home
sleepiness-50 Sun Jan 09 07:32:00 CST 1 Working
income+10 Sun Jan 09 07:32:00 CST 1 New Income
debt-10 Sun Jan 09 07:32:00 CST 1 Payment
sleepiness-50 Sun Jan 09 08:10:00 CST 1 Working
income+10 Sun Jan 09 08:10:00 CST 1 New Income
debt-10 Sun Jan 09 08:10:00 CST 1 Payment
sleepiness+100 Sun Jan 09 21:08:00 CST 1 Going home
sleepiness-50 Sun Jan 09 22:03:00 CST 1 Working
income+10 Sun Jan 09 22:03:00 CST 1 New Income
debt-10 Sun Jan 09 22:03:00 CST 1 Payment
sleepiness-50 Sun Jan 09 22:53:00 CST 1 Working
income+10 Sun Jan 09 22:53:00 CST 1 New Income
debt-10 Sun Jan 09 22:53:00 CST 1 Payment
sleepiness+100 Sun Jan 09 23:07:00 CST 1 Going home
sleepiness-50 Mon Jan 10 00:00:00 CST 1 Working
income+10 Mon Jan 10 00:00:00 CST 1 New Income
debt-10 Mon Jan 10 00:00:00 CST 1 Payment
sleepiness-50 Mon Jan 10 00:50:00 CST 1 Working
income+10 Mon Jan 10 00:50:00 CST 1 New Income
debt-10 Mon Jan 10 00:50:00 CST 1 Payment
sleepiness+100 Mon Jan 10 01:04:00 CST 1 Going home
sleepiness-50 Mon Jan 10 02:39:00 CST 1 Working
income+10 Mon Jan 10 02:39:00 CST 1 New Income
savings+10 Mon Jan 10 02:39:00 CST 1 Payment
sleepiness-50 Mon Jan 10 02:49:00 CST 1 Working
income+10 Mon Jan 10 02:49:00 CST 1 New Income
savings+10 Mon Jan 10 02:49:00 CST 1 Payment
sleepiness+100 Mon Jan 10 03:03:00 CST 1 Going home
sleepiness-50 Mon Jan 10 04:01:00 CST 1 Working
income+10 Mon Jan 10 04:01:00 CST 1 New Income
savings+10 Mon Jan 10 04:01:00 CST 1 Payment
sleepiness-50 Mon Jan 10 04:21:00 CST 1 Working
income+10 Mon Jan 10 04:21:00 CST 1 New Income
savings+10 Mon Jan 10 04:21:00 CST 1 Payment
sleepiness+100 Mon Jan 10 04:38:00 CST 1 Going home
sleepiness-50 Mon Jan 10 05:25:00 CST 1 Working
income+10 Mon Jan 10 05:25:00 CST 1 New Income
savings+10 Mon Jan 10 05:25:00 CST 1 Payment
sleepiness-50 Mon Jan 10 05:52:00 CST 1 Working
income+10 Mon Jan 10 05:52:00 CST 1 New Income
savings+10 Mon Jan 10 05:52:00 CST 1 Payment
sleepiness+100 Mon Jan 10 06:58:00 CST 1 Going home
sleepiness-50 Mon Jan 10 07:26:00 CST 1 Working
income+10 Mon Jan 10 07:26:00 CST 1 New Income
savings+10 Mon Jan 10 07:26:00 CST 1 Payment
sleepiness-50 Mon Jan 10 07:58:00 CST 1 Working
income+10 Mon Jan 10 07:58:00 CST 1 New Income
savings+10 Mon Jan 10 07:58:00 CST 1 Payment
sleepiness+100 Mon Jan 10 21:09:00 CST 1 Going home
sleepiness-50 Mon Jan 10 22:06:00 CST 1 Working
income+10 Mon Jan 10 22:06:00 CST 1 New Income
savings+10 Mon Jan 10 22:06:00 CST 1 Payment
sleepiness-50 Mon Jan 10 22:46:00 CST 1 Working
income+10 Mon Jan 10 22:46:00 CST 1 New Income
savings+10 Mon Jan 10 22:46:00 CST 1 Payment
sleepiness+100 Mon Jan 10 23:06:00 CST 1 Going home
sleepiness-50 Mon Jan 10 23:30:00 CST 1 Working
income+10 Mon Jan 10 23:30:00 CST 1 New Income
savings+10 Mon Jan 10 23:30:00 CST 1 Payment
sleepiness-50 Mon Jan 10 23:49:00 CST 1 Working
income+10 Mon Jan 10 23:49:00 CST 1 New Income
savings+10 Mon Jan 10 23:49:00 CST 1 Payment
sleepiness+100 Tue Jan 11 00:01:00 CST 1 Going home
sleepiness-50 Tue Jan 11 01:01:00 CST 1 Working
income+10 Tue Jan 11 01:01:00 CST 1 New Income
savings+10 Tue Jan 11 01:01:00 CST 1 Payment
sleepiness-50 Tue Jan 11 01:20:00 CST 1 Working
income+10 Tue Jan 11 01:20:00 CST 1 New Income
savings+10 Tue Jan 11 01:20:00 CST 1 Payment
sleepiness+100 Tue Jan 11 02:16:00 CST 1 Going home
sleepiness-50 Tue Jan 11 03:16:00 CST 1 Working
income+10 Tue Jan 11 03:16:00 CST 1 New Income
savings+10 Tue Jan 11 03:16:00 CST 1 Payment
sleepiness-50 Tue Jan 11 03:36:00 CST 1 Working
income+10 Tue Jan 11 03:36:00 CST 1 New Income
savings+10 Tue Jan 11 03:36:00 CST 1 Payment
sleepiness+100 Tue Jan 11 03:50:00 CST 1 Going home
sleepiness-50 Tue Jan 11 04:50:00 CST 1 Working
income+10 Tue Jan 11 04:50:00 CST 1 New Income
savings+10 Tue Jan 11 04:50:00 CST 1 Payment
sleepiness-50 Tue Jan 11 05:10:00 CST 1 Working
income+10 Tue Jan 11 05:10:00 CST 1 New Income
savings+10 Tue Jan 11 05:10:00 CST 1 Payment
sleepiness+100 Tue Jan 11 05:24:00 CST 1 Going home
sleepiness-50 Tue Jan 11 06:24:00 CST 1 Working
income+10 Tue Jan 11 06:24:00 CST 1 New Income
savings+10 Tue Jan 11 06:24:00 CST 1 Payment
sleepiness-50 Tue Jan 11 06:44:00 CST 1 Working
income+10 Tue Jan 11 06:44:00 CST 1 New Income
savings+10 Tue Jan 11 06:44:00 CST 1 Payment
sleepiness+100 Tue Jan 11 06:58:00 CST 1 Going home
sleepiness-50 Tue Jan 11 08:01:00 CST 1 Working
income+10 Tue Jan 11 08:01:00 CST 1 New Income
savings+10 Tue Jan 11 08:01:00 CST 1 Payment
sleepiness-50 Tue Jan 11 08:33:00 CST 1 Working
income+10 Tue Jan 11 08:33:00 CST 1 New Income
savings+10 Tue Jan 11 08:33:00 CST 1 Payment
sleepiness+100 Tue Jan 11 21:17:00 CST 1 Going home
sleepiness-50 Tue Jan 11 21:50:00 CST 1 Working
income+10 Tue Jan 11 21:50:00 CST 1 New Income
savings+10 Tue Jan 11 21:50:00 CST 1 Payment
sleepiness-50 Tue Jan 11 22:22:00 CST 1 Working
income+10 Tue Jan 11 22:22:00 CST 1 New Income
savings+10 Tue Jan 11 22:22:00 CST 1 Payment
sleepiness+100 Tue Jan 11 22:45:00 CST 1 Going home
sleepiness-50 Tue Jan 11 23:18:00 CST 1 Working
income+10 Tue Jan 11 23:18:00 CST 1 New Income
savings+10 Tue Jan 11 23:18:00 CST 1 Payment
sleepiness-50 Tue Jan 11 23:51:00 CST 1 Working
income+10 Tue Jan 11 23:51:00 CST 1 New Income
savings+10 Tue Jan 11 23:51:00 CST 1 Payment
sleepiness+100 Wed Jan 12 00:12:00 CST 1 Going home
sleepiness-50 Wed Jan 12 00:45:00 CST 1 Working
income+10 Wed Jan 12 00:45:00 CST 1 New Income
savings+10 Wed Jan 12 00:45:00 CST 1 Payment
sleepiness-50 Wed Jan 12 01:17:00 CST 1 Working
income+10 Wed Jan 12 01:17:00 CST 1 New Income
savings+10 Wed Jan 12 01:17:00 CST 1 Payment
sleepiness+100 Wed Jan 12 01:40:00 CST 1 Going home
sleepiness-50 Wed Jan 12 02:13:00 CST 1 Working
income+10 Wed Jan 12 02:13:00 CST 1 New Income
savings+10 Wed Jan 12 02:13:00 CST 1 Payment
sleepiness-50 Wed Jan 12 02:51:00 CST 1 Working
income+10 Wed Jan 12 02:51:00 CST 1 New Income
savings+10 Wed Jan 12 02:51:00 CST 1 Payment
sleepiness+100 Wed Jan 12 03:38:00 CST 1 Going home
sleepiness-50 Wed Jan 12 04:13:00 CST 1 Working
income+10 Wed Jan 12 04:13:00 CST 1 New Income
savings+10 Wed Jan 12 04:13:00 CST 1 Payment
sleepiness-50 Wed Jan 12 04:32:00 CST 1 Working
income+10 Wed Jan 12 04:32:00 CST 1 New Income
savings+10 Wed Jan 12 04:32:00 CST 1 Payment
sleepiness+100 Wed Jan 12 04:52:00 CST 1 Going home
sleepiness-50 Wed Jan 12 05:35:00 CST 1 Working
income+10 Wed Jan 12 05:35:00 CST 1 New Income
savings+10 Wed Jan 12 05:35:00 CST 1 Payment
sleepiness-50 Wed Jan 12 06:25:00 CST 1 Working
income+10 Wed Jan 12 06:25:00 CST 1 New Income
savings+10 Wed Jan 12 06:25:00 CST 1 Payment
sleepiness+100 Wed Jan 12 06:52:00 CST 1 Going home
sleepiness-50 Wed Jan 12 07:16:00 CST 1 Working
income+10 Wed Jan 12 07:16:00 CST 1 New Income
savings+10 Wed Jan 12 07:16:00 CST 1 Payment
sleepiness-50 Wed Jan 12 08:06:00 CST 1 Working
income+10 Wed Jan 12 08:06:00 CST 1 New Income
savings+10 Wed Jan 12 08:06:00 CST 1 Payment
sleepiness+100 Wed Jan 12 21:21:00 CST 1 Going home
sleepiness-50 Wed Jan 12 21:45:00 CST 1 Working
income+10 Wed Jan 12 21:45:00 CST 1 New Income
savings+10 Wed Jan 12 21:45:00 CST 1 Payment
sleepiness-50 Wed Jan 12 22:35:00 CST 1 Working
income+10 Wed Jan 12 22:35:00 CST 1 New Income
savings+10 Wed Jan 12 22:35:00 CST 1 Payment
sleepiness+100 Wed Jan 12 23:02:00 CST 1 Going home
sleepiness-50 Wed Jan 12 23:26:00 CST 1 Working
income+10 Wed Jan 12 23:26:00 CST 1 New Income
savings+10 Wed Jan 12 23:26:00 CST 1 Payment
sleepiness-50 Thu Jan 13 00:14:00 CST 1 Working
income+10 Thu Jan 13 00:14:00 CST 1 New Income
savings+10 Thu Jan 13 00:14:00 CST 1 Payment
sleepiness+100 Thu Jan 13 00:41:00 CST 1 Going home
sleepiness-50 Thu Jan 13 01:05:00 CST 1 Working
income+10 Thu Jan 13 01:05:00 CST 1 New Income
savings+10 Thu Jan 13 01:05:00 CST 1 Payment
sleepiness-50 Thu Jan 13 01:55:00 CST 1 Working
income+10 Thu Jan 13 01:55:00 CST 1 New Income
savings+10 Thu Jan 13 01:55:00 CST 1 Payment
sleepiness+100 Thu Jan 13 02:22:00 CST 1 Going home
sleepiness-50 Thu Jan 13 02:47:00 CST 1 Working
income+10 Thu Jan 13 02:47:00 CST 1 New Income
savings+10 Thu Jan 13 02:47:00 CST 1 Payment
sleepiness-50 Thu Jan 13 03:37:00 CST 1 Working
income+10 Thu Jan 13 03:37:00 CST 1 New Income
savings+10 Thu Jan 13 03:37:00 CST 1 Payment
sleepiness+100 Thu Jan 13 04:05:00 CST 1 Going home
sleepiness-50 Thu Jan 13 04:43:00 CST 1 Working
income+10 Thu Jan 13 04:43:00 CST 1 New Income
savings+10 Thu Jan 13 04:43:00 CST 1 Payment
sleepiness-50 Thu Jan 13 05:22:00 CST 1 Working
income+10 Thu Jan 13 05:22:00 CST 1 New Income
savings+10 Thu Jan 13 05:22:00 CST 1 Payment
sleepiness+100 Thu Jan 13 05:50:00 CST 1 Going home
sleepiness-50 Thu Jan 13 06:28:00 CST 1 Working
income+10 Thu Jan 13 06:28:00 CST 1 New Income
savings+10 Thu Jan 13 06:28:00 CST 1 Payment
sleepiness-50 Thu Jan 13 07:17:00 CST 1 Working
income+10 Thu Jan 13 07:17:00 CST 1 New Income
savings+10 Thu Jan 13 07:17:00 CST 1 Payment
sleepiness+100 Thu Jan 13 07:45:00 CST 1 Going home
sleepiness-50 Thu Jan 13 08:23:00 CST 1 Working
income+10 Thu Jan 13 08:23:00 CST 1 New Income
savings+10 Thu Jan 13 08:23:00 CST 1 Payment
sleepiness-50 Thu Jan 13 09:02:00 CST 1 Working
income+10 Thu Jan 13 09:02:00 CST 1 New Income
savings+10 Thu Jan 13 09:02:00 CST 1 Payment
thirst+90 Thu Jan 13 18:58:00 CST 1 Getting water
sleepiness+100 Thu Jan 13 21:24:00 CST 1 Going home
sleepiness-50 Thu Jan 13 22:32:00 CST 1 Working
income+10 Thu Jan 13 22:32:00 CST 1 New Income
savings+10 Thu Jan 13 22:32:00 CST 1 Payment
sleepiness-50 Thu Jan 13 23:19:00 CST 1 Working
income+10 Thu Jan 13 23:19:00 CST 1 New Income
savings+10 Thu Jan 13 23:19:00 CST 1 Payment
sleepiness+100 Fri Jan 14 00:16:00 CST 1 Going home
sleepiness-50 Fri Jan 14 01:02:00 CST 1 Working
income+10 Fri Jan 14 01:02:00 CST 1 New Income
savings+10 Fri Jan 14 01:02:00 CST 1 Payment
sleepiness-50 Fri Jan 14 01:15:00 CST 1 Working
income+10 Fri Jan 14 01:15:00 CST 1 New Income
savings+10 Fri Jan 14 01:15:00 CST 1 Payment
sleepiness+100 Fri Jan 14 01:39:00 CST 1 Going home
sleepiness-50 Fri Jan 14 02:49:00 CST 1 Working
income+10 Fri Jan 14 02:49:00 CST 1 New Income
savings+10 Fri Jan 14 02:49:00 CST 1 Payment
sleepiness-50 Fri Jan 14 03:02:00 CST 1 Working
income+10 Fri Jan 14 03:02:00 CST 1 New Income
savings+10 Fri Jan 14 03:02:00 CST 1 Payment
sleepiness+100 Fri Jan 14 03:26:00 CST 1 Going home
sleepiness-50 Fri Jan 14 04:36:00 CST 1 Working
income+10 Fri Jan 14 04:36:00 CST 1 New Income
savings+10 Fri Jan 14 04:36:00 CST 1 Payment
sleepiness-50 Fri Jan 14 04:49:00 CST 1 Working
income+10 Fri Jan 14 04:49:00 CST 1 New Income
savings+10 Fri Jan 14 04:49:00 CST 1 Payment
sleepiness+100 Fri Jan 14 05:09:00 CST 1 Going home
sleepiness-50 Fri Jan 14 05:54:00 CST 1 Working
income+10 Fri Jan 14 05:54:00 CST 1 New Income
savings+10 Fri Jan 14 05:54:00 CST 1 Payment
sleepiness-50 Fri Jan 14 06:13:00 CST 1 Working
income+10 Fri Jan 14 06:13:00 CST 1 New Income
savings+10 Fri Jan 14 06:13:00 CST 1 Payment
sleepiness+100 Fri Jan 14 07:15:00 CST 1 Going home
sleepiness-50 Fri Jan 14 08:20:00 CST 1 Working
income+10 Fri Jan 14 08:20:00 CST 1 New Income
savings+10 Fri Jan 14 08:20:00 CST 1 Payment
sleepiness-50 Fri Jan 14 08:38:00 CST 1 Working
income+10 Fri Jan 14 08:38:00 CST 1 New Income
savings+10 Fri Jan 14 08:38:00 CST 1 Payment
sleepiness+100 Fri Jan 14 21:18:00 CST 1 Going home
sleepiness-50 Fri Jan 14 21:52:00 CST 1 Working
income+10 Fri Jan 14 21:52:00 CST 1 New Income
savings+10 Fri Jan 14 21:52:00 CST 1 Payment
sleepiness-50 Fri Jan 14 22:39:00 CST 1 Working
income+10 Fri Jan 14 22:39:00 CST 1 New Income
savings+10 Fri Jan 14 22:39:00 CST 1 Payment
sleepiness+100 Fri Jan 14 23:08:00 CST 1 Going home
sleepiness-50 Fri Jan 14 23:48:00 CST 1 Working
income+10 Fri Jan 14 23:48:00 CST 1 New Income
savings+10 Fri Jan 14 23:48:00 CST 1 Payment
sleepiness-50 Sat Jan 15 00:33:00 CST 1 Working
income+10 Sat Jan 15 00:33:00 CST 1 New Income
savings+10 Sat Jan 15 00:33:00 CST 1 Payment
trust+10 Sat Jan 15 01:28:00 CST 1 Voting
sleepiness+100 Sat Jan 15 02:34:00 CST 1 Going home
sleepiness-50 Sat Jan 15 03:07:00 CST 1 Working
income+10 Sat Jan 15 03:07:00 CST 1 New Income
savings+10 Sat Jan 15 03:07:00 CST 1 Payment
sleepiness-50 Sat Jan 15 03:22:00 CST 1 Working
income+10 Sat Jan 15 03:22:00 CST 1 New Income
savings+10 Sat Jan 15 03:22:00 CST 1 Payment
sleepiness+100 Sat Jan 15 03:50:00 CST 1 Going home
