age+0 Sat Jan 01 11:16:00 CST 1 creation
sleepiness-50 Sat Jan 01 11:17:00 CST 1 Working
income+10 Sat Jan 01 11:17:00 CST 1 New Income
debt-10 Sat Jan 01 11:17:00 CST 1 Payment
sleepiness-50 Sat Jan 01 11:58:00 CST 1 Working
income+10 Sat Jan 01 11:58:00 CST 1 New Income
debt-10 Sat Jan 01 11:58:00 CST 1 Payment
sleepiness+100 Sun Jan 02 01:18:00 CST 1 Going home
sleepiness-50 Sun Jan 02 01:34:00 CST 1 Working
income+10 Sun Jan 02 01:34:00 CST 1 New Income
debt-10 Sun Jan 02 01:34:00 CST 1 Payment
sleepiness-50 Sun Jan 02 02:14:00 CST 1 Working
income+10 Sun Jan 02 02:14:00 CST 1 New Income
debt-10 Sun Jan 02 02:14:00 CST 1 Payment
sleepiness+100 Sun Jan 02 02:45:00 CST 1 Going home
sleepiness-50 Sun Jan 02 03:19:00 CST 1 Working
income+10 Sun Jan 02 03:19:00 CST 1 New Income
debt-10 Sun Jan 02 03:19:00 CST 1 Payment
sleepiness-50 Sun Jan 02 03:52:00 CST 1 Working
income+10 Sun Jan 02 03:52:00 CST 1 New Income
debt-10 Sun Jan 02 03:52:00 CST 1 Payment
income+0 Sun Jan 02 03:58:00 CST 1 Bought a House
bills+0 Sun Jan 02 03:58:00 CST 1 Bought a House
taxes+0 Sun Jan 02 03:58:00 CST 1 Bought a House
savings+76 Sun Jan 02 03:58:00 CST 1 Bought a House
debt+24 Sun Jan 02 03:58:00 CST 1 Bought a House
sleepiness+100 Sun Jan 02 04:02:00 CST 1 Going home
sleepiness-50 Sun Jan 02 05:01:00 CST 1 Working
income+10 Sun Jan 02 05:01:00 CST 1 New Income
debt-10 Sun Jan 02 05:01:00 CST 1 Payment
sleepiness-50 Sun Jan 02 05:33:00 CST 1 Working
income+10 Sun Jan 02 05:33:00 CST 1 New Income
debt-10 Sun Jan 02 05:33:00 CST 1 Payment
thirst+90 Tue Jan 04 13:01:00 CST 1 Getting water
thirst+90 Mon Jan 10 18:55:00 CST 1 Getting water
sleepiness+100 Fri Jan 14 02:12:00 CST 1 Going home
sleepiness-50 Fri Jan 14 02:48:00 CST 1 Working
income+10 Fri Jan 14 02:48:00 CST 1 New Income
debt-10 Fri Jan 14 02:48:00 CST 1 Payment
sleepiness-50 Fri Jan 14 03:37:00 CST 1 Working
income+10 Fri Jan 14 03:37:00 CST 1 New Income
debt-10 Fri Jan 14 03:37:00 CST 1 Payment
