age+0 Sat Jan 01 01:31:00 CST 1 creation
sleepiness-50 Sat Jan 01 03:04:00 CST 1 Working
income+10 Sat Jan 01 03:04:00 CST 1 New Income
debt-10 Sat Jan 01 03:04:00 CST 1 Payment
sleepiness-50 Sat Jan 01 04:48:00 CST 1 Working
income+10 Sat Jan 01 04:48:00 CST 1 New Income
debt-10 Sat Jan 01 04:48:00 CST 1 Payment
sleepiness+100 Sat Jan 01 06:58:00 CST 1 Going home
sleepiness-50 Sat Jan 01 10:24:00 CST 1 Working
income+10 Sat Jan 01 10:24:00 CST 1 New Income
debt-10 Sat Jan 01 10:24:00 CST 1 Payment
sleepiness-50 Sat Jan 01 14:44:00 CST 1 Working
income+10 Sat Jan 01 14:44:00 CST 1 New Income
debt-10 Sat Jan 01 14:44:00 CST 1 Payment
sleepiness+100 Sat Jan 01 22:39:00 CST 1 Going home
sleepiness-50 Sun Jan 02 01:44:00 CST 1 Working
income+10 Sun Jan 02 01:44:00 CST 1 New Income
debt-10 Sun Jan 02 01:44:00 CST 1 Payment
sleepiness-50 Sun Jan 02 01:51:00 CST 1 Working
income+10 Sun Jan 02 01:51:00 CST 1 New Income
debt-10 Sun Jan 02 01:51:00 CST 1 Payment
sleepiness+100 Sun Jan 02 05:00:00 CST 1 Going home
sleepiness-50 Sun Jan 02 10:06:00 CST 1 Working
income+10 Sun Jan 02 10:06:00 CST 1 New Income
debt-10 Sun Jan 02 10:06:00 CST 1 Payment
sleepiness-50 Sun Jan 02 15:49:00 CST 1 Working
income+10 Sun Jan 02 15:49:00 CST 1 New Income
debt-10 Sun Jan 02 15:49:00 CST 1 Payment
thirst+90 Tue Jan 04 15:54:00 CST 1 Getting water
sleepiness+100 Wed Jan 05 11:56:00 CST 1 Going home
sleepiness-50 Wed Jan 05 14:03:00 CST 1 Working
income+10 Wed Jan 05 14:03:00 CST 1 New Income
debt-10 Wed Jan 05 14:03:00 CST 1 Payment
sleepiness-50 Wed Jan 05 17:47:00 CST 1 Working
income+10 Wed Jan 05 17:47:00 CST 1 New Income
savings+10 Wed Jan 05 17:47:00 CST 1 Payment
sleepiness+100 Thu Jan 06 00:57:00 CST 1 Going home
sleepiness-50 Thu Jan 06 02:20:00 CST 1 Working
income+10 Thu Jan 06 02:20:00 CST 1 New Income
savings+10 Thu Jan 06 02:20:00 CST 1 Payment
sleepiness-50 Thu Jan 06 03:48:00 CST 1 Working
income+10 Thu Jan 06 03:48:00 CST 1 New Income
savings+10 Thu Jan 06 03:48:00 CST 1 Payment
sleepiness+100 Thu Jan 06 05:18:00 CST 1 Going home
sleepiness-50 Thu Jan 06 08:00:00 CST 1 Working
income+10 Thu Jan 06 08:00:00 CST 1 New Income
savings+10 Thu Jan 06 08:00:00 CST 1 Payment
sleepiness-50 Thu Jan 06 10:24:00 CST 1 Working
income+10 Thu Jan 06 10:24:00 CST 1 New Income
savings+10 Thu Jan 06 10:24:00 CST 1 Payment
sleepiness+100 Thu Jan 06 21:49:00 CST 1 Going home
sleepiness-50 Fri Jan 07 02:11:00 CST 1 Working
income+10 Fri Jan 07 02:11:00 CST 1 New Income
savings+10 Fri Jan 07 02:11:00 CST 1 Payment
sleepiness-50 Fri Jan 07 04:33:00 CST 1 Working
income+10 Fri Jan 07 04:33:00 CST 1 New Income
savings+10 Fri Jan 07 04:33:00 CST 1 Payment
sleepiness+100 Fri Jan 07 07:10:00 CST 1 Going home
sleepiness-50 Fri Jan 07 10:31:00 CST 1 Working
income+10 Fri Jan 07 10:31:00 CST 1 New Income
savings+10 Fri Jan 07 10:31:00 CST 1 Payment
sleepiness-50 Fri Jan 07 13:06:00 CST 1 Working
income+10 Fri Jan 07 13:06:00 CST 1 New Income
savings+10 Fri Jan 07 13:06:00 CST 1 Payment
sleepiness+100 Fri Jan 07 21:42:00 CST 1 Going home
sleepiness-50 Fri Jan 07 22:56:00 CST 1 Working
income+10 Fri Jan 07 22:56:00 CST 1 New Income
savings+10 Fri Jan 07 22:56:00 CST 1 Payment
sleepiness-50 Sat Jan 08 01:57:00 CST 1 Working
income+10 Sat Jan 08 01:57:00 CST 1 New Income
savings+10 Sat Jan 08 01:57:00 CST 1 Payment
sleepiness+100 Sat Jan 08 04:55:00 CST 1 Going home
sleepiness-50 Sat Jan 08 07:11:00 CST 1 Working
income+10 Sat Jan 08 07:11:00 CST 1 New Income
savings+10 Sat Jan 08 07:11:00 CST 1 Payment
sleepiness-50 Sat Jan 08 08:35:00 CST 1 Working
income+10 Sat Jan 08 08:35:00 CST 1 New Income
savings+10 Sat Jan 08 08:35:00 CST 1 Payment
sleepiness+100 Sat Jan 08 21:46:00 CST 1 Going home
sleepiness-50 Sun Jan 09 00:20:00 CST 1 Working
income+10 Sun Jan 09 00:20:00 CST 1 New Income
savings+10 Sun Jan 09 00:20:00 CST 1 Payment
sleepiness-50 Sun Jan 09 04:21:00 CST 1 Working
income+10 Sun Jan 09 04:21:00 CST 1 New Income
savings+10 Sun Jan 09 04:21:00 CST 1 Payment
sleepiness+100 Sun Jan 09 06:36:00 CST 1 Going home
sleepiness-50 Sun Jan 09 08:34:00 CST 1 Working
income+10 Sun Jan 09 08:34:00 CST 1 New Income
savings+10 Sun Jan 09 08:34:00 CST 1 Payment
sleepiness-50 Sun Jan 09 11:28:00 CST 1 Working
income+10 Sun Jan 09 11:28:00 CST 1 New Income
savings+10 Sun Jan 09 11:28:00 CST 1 Payment
sleepiness+100 Sun Jan 09 21:37:00 CST 1 Going home
sleepiness-50 Mon Jan 10 02:19:00 CST 1 Working
income+10 Mon Jan 10 02:19:00 CST 1 New Income
savings+10 Mon Jan 10 02:19:00 CST 1 Payment
sleepiness-50 Mon Jan 10 04:55:00 CST 1 Working
income+10 Mon Jan 10 04:55:00 CST 1 New Income
savings+10 Mon Jan 10 04:55:00 CST 1 Payment
sleepiness+100 Mon Jan 10 08:41:00 CST 1 Going home
sleepiness-50 Mon Jan 10 09:40:00 CST 1 Working
income+10 Mon Jan 10 09:40:00 CST 1 New Income
savings+10 Mon Jan 10 09:40:00 CST 1 Payment
sleepiness-50 Mon Jan 10 13:01:00 CST 1 Working
income+10 Mon Jan 10 13:01:00 CST 1 New Income
savings+10 Mon Jan 10 13:01:00 CST 1 Payment
sleepiness+100 Mon Jan 10 22:57:00 CST 1 Going home
sleepiness-50 Tue Jan 11 02:15:00 CST 1 Working
income+10 Tue Jan 11 02:15:00 CST 1 New Income
savings+10 Tue Jan 11 02:15:00 CST 1 Payment
sleepiness-50 Tue Jan 11 06:46:00 CST 1 Working
income+10 Tue Jan 11 06:46:00 CST 1 New Income
savings+10 Tue Jan 11 06:46:00 CST 1 Payment
sleepiness+100 Tue Jan 11 07:41:00 CST 1 Going home
sleepiness-50 Tue Jan 11 10:22:00 CST 1 Working
income+10 Tue Jan 11 10:22:00 CST 1 New Income
savings+10 Tue Jan 11 10:22:00 CST 1 Payment
sleepiness-50 Tue Jan 11 14:22:00 CST 1 Working
income+10 Tue Jan 11 14:22:00 CST 1 New Income
savings+10 Tue Jan 11 14:22:00 CST 1 Payment
sleepiness+100 Wed Jan 12 00:01:00 CST 1 Going home
sleepiness-50 Wed Jan 12 03:00:00 CST 1 Working
income+10 Wed Jan 12 03:00:00 CST 1 New Income
savings+10 Wed Jan 12 03:00:00 CST 1 Payment
sleepiness-50 Wed Jan 12 06:42:00 CST 1 Working
income+10 Wed Jan 12 06:42:00 CST 1 New Income
savings+10 Wed Jan 12 06:42:00 CST 1 Payment
sleepiness+100 Wed Jan 12 07:36:00 CST 1 Going home
sleepiness-50 Wed Jan 12 09:20:00 CST 1 Working
income+10 Wed Jan 12 09:20:00 CST 1 New Income
savings+10 Wed Jan 12 09:20:00 CST 1 Payment
sleepiness-50 Wed Jan 12 12:33:00 CST 1 Working
income+10 Wed Jan 12 12:33:00 CST 1 New Income
savings+10 Wed Jan 12 12:33:00 CST 1 Payment
sleepiness+100 Wed Jan 12 22:37:00 CST 1 Going home
sleepiness-50 Thu Jan 13 00:27:00 CST 1 Working
income+10 Thu Jan 13 00:27:00 CST 1 New Income
savings+10 Thu Jan 13 00:27:00 CST 1 Payment
sleepiness-50 Thu Jan 13 02:55:00 CST 1 Working
income+10 Thu Jan 13 02:55:00 CST 1 New Income
savings+10 Thu Jan 13 02:55:00 CST 1 Payment
sleepiness+100 Thu Jan 13 06:50:00 CST 1 Going home
sleepiness-50 Thu Jan 13 10:16:00 CST 1 Working
income+10 Thu Jan 13 10:16:00 CST 1 New Income
savings+10 Thu Jan 13 10:16:00 CST 1 Payment
sleepiness-50 Thu Jan 13 15:30:00 CST 1 Working
income+10 Thu Jan 13 15:30:00 CST 1 New Income
savings+10 Thu Jan 13 15:30:00 CST 1 Payment
sleepiness+100 Thu Jan 13 23:36:00 CST 1 Going home
sleepiness-50 Fri Jan 14 03:32:00 CST 1 Working
income+10 Fri Jan 14 03:32:00 CST 1 New Income
savings+10 Fri Jan 14 03:32:00 CST 1 Payment
sleepiness-50 Fri Jan 14 07:31:00 CST 1 Working
income+10 Fri Jan 14 07:31:00 CST 1 New Income
savings+10 Fri Jan 14 07:31:00 CST 1 Payment
sleepiness+100 Fri Jan 14 08:32:00 CST 1 Going home
sleepiness-50 Fri Jan 14 11:33:00 CST 1 Working
income+10 Fri Jan 14 11:33:00 CST 1 New Income
savings+10 Fri Jan 14 11:33:00 CST 1 Payment
sleepiness-50 Fri Jan 14 12:45:00 CST 1 Working
income+10 Fri Jan 14 12:45:00 CST 1 New Income
savings+10 Fri Jan 14 12:45:00 CST 1 Payment
sleepiness+100 Fri Jan 14 22:40:00 CST 1 Going home
sleepiness-50 Sat Jan 15 00:34:00 CST 1 Working
income+10 Sat Jan 15 00:34:00 CST 1 New Income
savings+10 Sat Jan 15 00:34:00 CST 1 Payment
sleepiness-50 Sat Jan 15 03:23:00 CST 1 Working
income+10 Sat Jan 15 03:23:00 CST 1 New Income
savings+10 Sat Jan 15 03:23:00 CST 1 Payment
