age+0 Sat Jan 01 11:16:00 CST 1 creation
sleepiness-50 Sat Jan 01 11:17:00 CST 1 Working
income+10 Sat Jan 01 11:17:00 CST 1 New Income
debt-10 Sat Jan 01 11:17:00 CST 1 Payment
sleepiness-50 Sat Jan 01 11:58:00 CST 1 Working
income+10 Sat Jan 01 11:58:00 CST 1 New Income
savings+10 Sat Jan 01 11:58:00 CST 1 Payment
thirst+90 Sat Jan 01 19:39:00 CST 1 Getting water
sleepiness+100 Sun Jan 02 01:08:00 CST 1 Going home
sleepiness-50 Sun Jan 02 01:24:00 CST 1 Working
income+10 Sun Jan 02 01:24:00 CST 1 New Income
savings+10 Sun Jan 02 01:24:00 CST 1 Payment
income+0 Sun Jan 02 01:55:00 CST 1 Bought a House
bills+0 Sun Jan 02 01:55:00 CST 1 Bought a House
taxes+0 Sun Jan 02 01:55:00 CST 1 Bought a House
savings+66 Sun Jan 02 01:55:00 CST 1 Bought a House
debt+34 Sun Jan 02 01:55:00 CST 1 Bought a House
sleepiness-50 Sun Jan 02 02:03:00 CST 1 Working
income+10 Sun Jan 02 02:03:00 CST 1 New Income
debt-10 Sun Jan 02 02:03:00 CST 1 Payment
N/A+0 Tue Jan 04 00:00:00 CST 1 death
