age+0 Sat Jan 01 11:16:00 CST 1 creation
hunger+95 Sat Jan 01 11:29:00 CST 1 Getting food
sleepiness-50 Sat Jan 01 11:43:00 CST 1 Working
income+10 Sat Jan 01 11:43:00 CST 1 New Income
debt-10 Sat Jan 01 11:43:00 CST 1 Payment
sleepiness-50 Sat Jan 01 11:50:00 CST 1 Working
income+10 Sat Jan 01 11:50:00 CST 1 New Income
debt-10 Sat Jan 01 11:50:00 CST 1 Payment
companionship+10 Sat Jan 01 15:13:00 CST 1 Procreating
sleepiness-10 Sat Jan 01 15:13:00 CST 1 Procreating
thirst+90 Thu Jan 06 00:18:00 CST 1 Getting water
sleepiness+100 Thu Jan 06 10:08:00 CST 1 Going home
sleepiness-50 Thu Jan 06 10:36:00 CST 1 Working
income+10 Thu Jan 06 10:36:00 CST 1 New Income
debt-10 Thu Jan 06 10:36:00 CST 1 Payment
sleepiness-50 Thu Jan 06 11:25:00 CST 1 Working
income+10 Thu Jan 06 11:25:00 CST 1 New Income
debt-10 Thu Jan 06 11:25:00 CST 1 Payment
sleepiness+100 Thu Jan 06 21:04:00 CST 1 Going home
sleepiness-50 Thu Jan 06 21:19:00 CST 1 Working
income+10 Thu Jan 06 21:19:00 CST 1 New Income
debt-10 Thu Jan 06 21:19:00 CST 1 Payment
sleepiness-50 Thu Jan 06 22:08:00 CST 1 Working
income+10 Thu Jan 06 22:08:00 CST 1 New Income
debt-10 Thu Jan 06 22:08:00 CST 1 Payment
sleepiness+100 Thu Jan 06 22:18:00 CST 1 Going home
sleepiness-50 Thu Jan 06 22:33:00 CST 1 Working
income+10 Thu Jan 06 22:33:00 CST 1 New Income
debt-10 Thu Jan 06 22:33:00 CST 1 Payment
sleepiness-50 Thu Jan 06 23:22:00 CST 1 Working
income+10 Thu Jan 06 23:22:00 CST 1 New Income
debt-10 Thu Jan 06 23:22:00 CST 1 Payment
sleepiness+100 Thu Jan 06 23:32:00 CST 1 Going home
sleepiness-50 Thu Jan 06 23:47:00 CST 1 Working
income+10 Thu Jan 06 23:47:00 CST 1 New Income
debt-10 Thu Jan 06 23:47:00 CST 1 Payment
sleepiness-50 Fri Jan 07 00:34:00 CST 1 Working
income+10 Fri Jan 07 00:34:00 CST 1 New Income
savings+10 Fri Jan 07 00:34:00 CST 1 Payment
sleepiness+100 Fri Jan 07 00:44:00 CST 1 Going home
sleepiness-50 Fri Jan 07 01:39:00 CST 1 Working
income+10 Fri Jan 07 01:39:00 CST 1 New Income
savings+10 Fri Jan 07 01:39:00 CST 1 Payment
sleepiness-50 Fri Jan 07 01:48:00 CST 1 Working
income+10 Fri Jan 07 01:48:00 CST 1 New Income
savings+10 Fri Jan 07 01:48:00 CST 1 Payment
sleepiness+100 Fri Jan 07 01:58:00 CST 1 Going home
sleepiness-50 Fri Jan 07 02:13:00 CST 1 Working
income+10 Fri Jan 07 02:13:00 CST 1 New Income
savings+10 Fri Jan 07 02:13:00 CST 1 Payment
sleepiness-50 Fri Jan 07 03:02:00 CST 1 Working
income+10 Fri Jan 07 03:02:00 CST 1 New Income
savings+10 Fri Jan 07 03:02:00 CST 1 Payment
sleepiness+100 Fri Jan 07 03:12:00 CST 1 Going home
sleepiness-50 Fri Jan 07 03:27:00 CST 1 Working
income+10 Fri Jan 07 03:27:00 CST 1 New Income
savings+10 Fri Jan 07 03:27:00 CST 1 Payment
sleepiness-50 Fri Jan 07 04:16:00 CST 1 Working
income+10 Fri Jan 07 04:16:00 CST 1 New Income
savings+10 Fri Jan 07 04:16:00 CST 1 Payment
sleepiness+100 Fri Jan 07 04:26:00 CST 1 Going home
sleepiness-50 Fri Jan 07 04:41:00 CST 1 Working
income+10 Fri Jan 07 04:41:00 CST 1 New Income
savings+10 Fri Jan 07 04:41:00 CST 1 Payment
sleepiness-50 Fri Jan 07 05:30:00 CST 1 Working
income+10 Fri Jan 07 05:30:00 CST 1 New Income
savings+10 Fri Jan 07 05:30:00 CST 1 Payment
sleepiness+100 Fri Jan 07 05:40:00 CST 1 Going home
sleepiness-50 Fri Jan 07 05:55:00 CST 1 Working
income+10 Fri Jan 07 05:55:00 CST 1 New Income
savings+10 Fri Jan 07 05:55:00 CST 1 Payment
sleepiness-50 Fri Jan 07 06:44:00 CST 1 Working
income+10 Fri Jan 07 06:44:00 CST 1 New Income
savings+10 Fri Jan 07 06:44:00 CST 1 Payment
sleepiness+100 Fri Jan 07 06:54:00 CST 1 Going home
sleepiness-50 Fri Jan 07 07:10:00 CST 1 Working
income+10 Fri Jan 07 07:10:00 CST 1 New Income
savings+10 Fri Jan 07 07:10:00 CST 1 Payment
sleepiness-50 Fri Jan 07 08:39:00 CST 1 Working
income+10 Fri Jan 07 08:39:00 CST 1 New Income
savings+10 Fri Jan 07 08:39:00 CST 1 Payment
sleepiness+100 Fri Jan 07 21:04:00 CST 1 Going home
sleepiness-50 Fri Jan 07 21:20:00 CST 1 Working
income+10 Fri Jan 07 21:20:00 CST 1 New Income
savings+10 Fri Jan 07 21:20:00 CST 1 Payment
sleepiness-50 Fri Jan 07 21:52:00 CST 1 Working
income+10 Fri Jan 07 21:52:00 CST 1 New Income
savings+10 Fri Jan 07 21:52:00 CST 1 Payment
sleepiness+100 Fri Jan 07 22:05:00 CST 1 Going home
sleepiness-50 Fri Jan 07 22:28:00 CST 1 Working
income+10 Fri Jan 07 22:28:00 CST 1 New Income
savings+10 Fri Jan 07 22:28:00 CST 1 Payment
sleepiness-50 Fri Jan 07 23:00:00 CST 1 Working
income+10 Fri Jan 07 23:00:00 CST 1 New Income
savings+10 Fri Jan 07 23:00:00 CST 1 Payment
sleepiness+100 Fri Jan 07 23:13:00 CST 1 Going home
sleepiness-50 Fri Jan 07 23:29:00 CST 1 Working
income+10 Fri Jan 07 23:29:00 CST 1 New Income
savings+10 Fri Jan 07 23:29:00 CST 1 Payment
sleepiness-50 Sat Jan 08 00:00:00 CST 1 Working
income+10 Sat Jan 08 00:00:00 CST 1 New Income
savings+10 Sat Jan 08 00:00:00 CST 1 Payment
sleepiness+100 Sat Jan 08 00:13:00 CST 1 Going home
sleepiness-50 Sat Jan 08 00:36:00 CST 1 Working
income+10 Sat Jan 08 00:36:00 CST 1 New Income
savings+10 Sat Jan 08 00:36:00 CST 1 Payment
sleepiness-50 Sat Jan 08 01:08:00 CST 1 Working
income+10 Sat Jan 08 01:08:00 CST 1 New Income
savings+10 Sat Jan 08 01:08:00 CST 1 Payment
sleepiness+100 Sat Jan 08 01:21:00 CST 1 Going home
sleepiness-50 Sat Jan 08 01:44:00 CST 1 Working
income+10 Sat Jan 08 01:44:00 CST 1 New Income
savings+10 Sat Jan 08 01:44:00 CST 1 Payment
sleepiness-50 Sat Jan 08 02:17:00 CST 1 Working
income+10 Sat Jan 08 02:17:00 CST 1 New Income
savings+10 Sat Jan 08 02:17:00 CST 1 Payment
trust+10 Sat Jan 08 07:05:00 CST 1 Voting
sleepiness+100 Sat Jan 08 12:05:00 CST 1 Going home
sleepiness-50 Sat Jan 08 12:47:00 CST 1 Working
income+10 Sat Jan 08 12:47:00 CST 1 New Income
savings+10 Sat Jan 08 12:47:00 CST 1 Payment
sleepiness-50 Sat Jan 08 13:20:00 CST 1 Working
income+10 Sat Jan 08 13:20:00 CST 1 New Income
savings+10 Sat Jan 08 13:20:00 CST 1 Payment
sleepiness+100 Sat Jan 08 21:07:00 CST 1 Going home
sleepiness-50 Sat Jan 08 21:30:00 CST 1 Working
income+10 Sat Jan 08 21:30:00 CST 1 New Income
savings+10 Sat Jan 08 21:30:00 CST 1 Payment
sleepiness-50 Sat Jan 08 22:02:00 CST 1 Working
income+10 Sat Jan 08 22:02:00 CST 1 New Income
savings+10 Sat Jan 08 22:02:00 CST 1 Payment
sleepiness+100 Sat Jan 08 22:15:00 CST 1 Going home
sleepiness-50 Sat Jan 08 22:31:00 CST 1 Working
income+10 Sat Jan 08 22:31:00 CST 1 New Income
savings+10 Sat Jan 08 22:31:00 CST 1 Payment
sleepiness-50 Sat Jan 08 23:03:00 CST 1 Working
income+10 Sat Jan 08 23:03:00 CST 1 New Income
savings+10 Sat Jan 08 23:03:00 CST 1 Payment
sleepiness+100 Sat Jan 08 23:16:00 CST 1 Going home
sleepiness-50 Sat Jan 08 23:32:00 CST 1 Working
income+10 Sat Jan 08 23:32:00 CST 1 New Income
savings+10 Sat Jan 08 23:32:00 CST 1 Payment
sleepiness-50 Sun Jan 09 00:03:00 CST 1 Working
income+10 Sun Jan 09 00:03:00 CST 1 New Income
savings+10 Sun Jan 09 00:03:00 CST 1 Payment
sleepiness+100 Sun Jan 09 00:16:00 CST 1 Going home
sleepiness-50 Sun Jan 09 00:32:00 CST 1 Working
income+10 Sun Jan 09 00:32:00 CST 1 New Income
savings+10 Sun Jan 09 00:32:00 CST 1 Payment
sleepiness-50 Sun Jan 09 01:05:00 CST 1 Working
income+10 Sun Jan 09 01:05:00 CST 1 New Income
savings+10 Sun Jan 09 01:05:00 CST 1 Payment
sleepiness+100 Sun Jan 09 01:18:00 CST 1 Going home
sleepiness-50 Sun Jan 09 01:42:00 CST 1 Working
income+10 Sun Jan 09 01:42:00 CST 1 New Income
savings+10 Sun Jan 09 01:42:00 CST 1 Payment
sleepiness-50 Sun Jan 09 02:21:00 CST 1 Working
income+10 Sun Jan 09 02:21:00 CST 1 New Income
savings+10 Sun Jan 09 02:21:00 CST 1 Payment
sleepiness+100 Sun Jan 09 02:34:00 CST 1 Going home
sleepiness-50 Sun Jan 09 03:29:00 CST 1 Working
income+10 Sun Jan 09 03:29:00 CST 1 New Income
savings+10 Sun Jan 09 03:29:00 CST 1 Payment
sleepiness-50 Sun Jan 09 04:19:00 CST 1 Working
income+10 Sun Jan 09 04:19:00 CST 1 New Income
savings+10 Sun Jan 09 04:19:00 CST 1 Payment
sleepiness+100 Sun Jan 09 04:32:00 CST 1 Going home
sleepiness-50 Sun Jan 09 05:27:00 CST 1 Working
income+10 Sun Jan 09 05:27:00 CST 1 New Income
savings+10 Sun Jan 09 05:27:00 CST 1 Payment
sleepiness-50 Sun Jan 09 06:17:00 CST 1 Working
income+10 Sun Jan 09 06:17:00 CST 1 New Income
savings+10 Sun Jan 09 06:17:00 CST 1 Payment
sleepiness+100 Sun Jan 09 06:30:00 CST 1 Going home
sleepiness-50 Sun Jan 09 07:25:00 CST 1 Working
income+10 Sun Jan 09 07:25:00 CST 1 New Income
savings+10 Sun Jan 09 07:25:00 CST 1 Payment
sleepiness-50 Sun Jan 09 08:15:00 CST 1 Working
income+10 Sun Jan 09 08:15:00 CST 1 New Income
savings+10 Sun Jan 09 08:15:00 CST 1 Payment
sleepiness+100 Sun Jan 09 21:07:00 CST 1 Going home
sleepiness-50 Sun Jan 09 22:02:00 CST 1 Working
income+10 Sun Jan 09 22:02:00 CST 1 New Income
savings+10 Sun Jan 09 22:02:00 CST 1 Payment
sleepiness-50 Sun Jan 09 22:41:00 CST 1 Working
income+10 Sun Jan 09 22:41:00 CST 1 New Income
savings+10 Sun Jan 09 22:41:00 CST 1 Payment
sleepiness+100 Sun Jan 09 22:54:00 CST 1 Going home
sleepiness-50 Sun Jan 09 23:49:00 CST 1 Working
income+10 Sun Jan 09 23:49:00 CST 1 New Income
savings+10 Sun Jan 09 23:49:00 CST 1 Payment
sleepiness-50 Mon Jan 10 00:25:00 CST 1 Working
income+10 Mon Jan 10 00:25:00 CST 1 New Income
savings+10 Mon Jan 10 00:25:00 CST 1 Payment
sleepiness+100 Mon Jan 10 00:38:00 CST 1 Going home
sleepiness-50 Mon Jan 10 01:33:00 CST 1 Working
income+10 Mon Jan 10 01:33:00 CST 1 New Income
savings+10 Mon Jan 10 01:33:00 CST 1 Payment
sleepiness-50 Mon Jan 10 02:23:00 CST 1 Working
income+10 Mon Jan 10 02:23:00 CST 1 New Income
savings+10 Mon Jan 10 02:23:00 CST 1 Payment
sleepiness+100 Mon Jan 10 02:36:00 CST 1 Going home
sleepiness-50 Mon Jan 10 03:31:00 CST 1 Working
income+10 Mon Jan 10 03:31:00 CST 1 New Income
savings+10 Mon Jan 10 03:31:00 CST 1 Payment
sleepiness-50 Mon Jan 10 04:21:00 CST 1 Working
income+10 Mon Jan 10 04:21:00 CST 1 New Income
savings+10 Mon Jan 10 04:21:00 CST 1 Payment
sleepiness+100 Mon Jan 10 04:34:00 CST 1 Going home
sleepiness-50 Mon Jan 10 05:29:00 CST 1 Working
income+10 Mon Jan 10 05:29:00 CST 1 New Income
savings+10 Mon Jan 10 05:29:00 CST 1 Payment
sleepiness-50 Mon Jan 10 06:08:00 CST 1 Working
income+10 Mon Jan 10 06:08:00 CST 1 New Income
savings+10 Mon Jan 10 06:08:00 CST 1 Payment
sleepiness+100 Mon Jan 10 06:21:00 CST 1 Going home
sleepiness-50 Mon Jan 10 07:16:00 CST 1 Working
income+10 Mon Jan 10 07:16:00 CST 1 New Income
savings+10 Mon Jan 10 07:16:00 CST 1 Payment
sleepiness-50 Mon Jan 10 08:06:00 CST 1 Working
income+10 Mon Jan 10 08:06:00 CST 1 New Income
savings+10 Mon Jan 10 08:06:00 CST 1 Payment
sleepiness+100 Mon Jan 10 21:07:00 CST 1 Going home
sleepiness-50 Mon Jan 10 22:02:00 CST 1 Working
income+10 Mon Jan 10 22:02:00 CST 1 New Income
savings+10 Mon Jan 10 22:02:00 CST 1 Payment
sleepiness-50 Mon Jan 10 22:52:00 CST 1 Working
income+10 Mon Jan 10 22:52:00 CST 1 New Income
savings+10 Mon Jan 10 22:52:00 CST 1 Payment
sleepiness+100 Mon Jan 10 23:04:00 CST 1 Going home
sleepiness-50 Mon Jan 10 23:22:00 CST 1 Working
income+10 Mon Jan 10 23:22:00 CST 1 New Income
savings+10 Mon Jan 10 23:22:00 CST 1 Payment
sleepiness-50 Tue Jan 11 00:10:00 CST 1 Working
income+10 Tue Jan 11 00:10:00 CST 1 New Income
savings+10 Tue Jan 11 00:10:00 CST 1 Payment
sleepiness+100 Tue Jan 11 00:22:00 CST 1 Going home
sleepiness-50 Tue Jan 11 00:40:00 CST 1 Working
income+10 Tue Jan 11 00:40:00 CST 1 New Income
savings+10 Tue Jan 11 00:40:00 CST 1 Payment
sleepiness-50 Tue Jan 11 01:30:00 CST 1 Working
income+10 Tue Jan 11 01:30:00 CST 1 New Income
savings+10 Tue Jan 11 01:30:00 CST 1 Payment
sleepiness+100 Tue Jan 11 01:42:00 CST 1 Going home
sleepiness-50 Tue Jan 11 02:00:00 CST 1 Working
income+10 Tue Jan 11 02:00:00 CST 1 New Income
savings+10 Tue Jan 11 02:00:00 CST 1 Payment
sleepiness-50 Tue Jan 11 02:39:00 CST 1 Working
income+10 Tue Jan 11 02:39:00 CST 1 New Income
savings+10 Tue Jan 11 02:39:00 CST 1 Payment
sleepiness+100 Tue Jan 11 02:51:00 CST 1 Going home
sleepiness-50 Tue Jan 11 03:10:00 CST 1 Working
income+10 Tue Jan 11 03:10:00 CST 1 New Income
savings+10 Tue Jan 11 03:10:00 CST 1 Payment
sleepiness-50 Tue Jan 11 03:49:00 CST 1 Working
income+10 Tue Jan 11 03:49:00 CST 1 New Income
savings+10 Tue Jan 11 03:49:00 CST 1 Payment
sleepiness+100 Tue Jan 11 04:01:00 CST 1 Going home
sleepiness-50 Tue Jan 11 04:19:00 CST 1 Working
income+10 Tue Jan 11 04:19:00 CST 1 New Income
savings+10 Tue Jan 11 04:19:00 CST 1 Payment
sleepiness-50 Tue Jan 11 05:09:00 CST 1 Working
income+10 Tue Jan 11 05:09:00 CST 1 New Income
savings+10 Tue Jan 11 05:09:00 CST 1 Payment
sleepiness+100 Tue Jan 11 05:21:00 CST 1 Going home
sleepiness-50 Tue Jan 11 05:39:00 CST 1 Working
income+10 Tue Jan 11 05:39:00 CST 1 New Income
savings+10 Tue Jan 11 05:39:00 CST 1 Payment
sleepiness-50 Tue Jan 11 06:18:00 CST 1 Working
income+10 Tue Jan 11 06:18:00 CST 1 New Income
savings+10 Tue Jan 11 06:18:00 CST 1 Payment
sleepiness+100 Tue Jan 11 06:30:00 CST 1 Going home
sleepiness-50 Tue Jan 11 06:48:00 CST 1 Working
income+10 Tue Jan 11 06:48:00 CST 1 New Income
savings+10 Tue Jan 11 06:48:00 CST 1 Payment
sleepiness-50 Tue Jan 11 07:38:00 CST 1 Working
income+10 Tue Jan 11 07:38:00 CST 1 New Income
savings+10 Tue Jan 11 07:38:00 CST 1 Payment
sleepiness+100 Tue Jan 11 07:50:00 CST 1 Going home
sleepiness-50 Tue Jan 11 08:08:00 CST 1 Working
income+10 Tue Jan 11 08:08:00 CST 1 New Income
savings+10 Tue Jan 11 08:08:00 CST 1 Payment
sleepiness-50 Tue Jan 11 08:47:00 CST 1 Working
income+10 Tue Jan 11 08:47:00 CST 1 New Income
savings+10 Tue Jan 11 08:47:00 CST 1 Payment
sleepiness+100 Tue Jan 11 21:06:00 CST 1 Going home
sleepiness-50 Tue Jan 11 21:24:00 CST 1 Working
income+10 Tue Jan 11 21:24:00 CST 1 New Income
savings+10 Tue Jan 11 21:24:00 CST 1 Payment
sleepiness-50 Tue Jan 11 22:03:00 CST 1 Working
income+10 Tue Jan 11 22:03:00 CST 1 New Income
savings+10 Tue Jan 11 22:03:00 CST 1 Payment
sleepiness+100 Tue Jan 11 22:15:00 CST 1 Going home
sleepiness-50 Tue Jan 11 22:35:00 CST 1 Working
income+10 Tue Jan 11 22:35:00 CST 1 New Income
savings+10 Tue Jan 11 22:35:00 CST 1 Payment
sleepiness-50 Tue Jan 11 22:48:00 CST 1 Working
income+10 Tue Jan 11 22:48:00 CST 1 New Income
savings+10 Tue Jan 11 22:48:00 CST 1 Payment
sleepiness+100 Tue Jan 11 23:04:00 CST 1 Going home
sleepiness-50 Tue Jan 11 23:44:00 CST 1 Working
income+10 Tue Jan 11 23:44:00 CST 1 New Income
savings+10 Tue Jan 11 23:44:00 CST 1 Payment
sleepiness-50 Tue Jan 11 23:57:00 CST 1 Working
income+10 Tue Jan 11 23:57:00 CST 1 New Income
savings+10 Tue Jan 11 23:57:00 CST 1 Payment
sleepiness+100 Wed Jan 12 00:11:00 CST 1 Going home
sleepiness-50 Wed Jan 12 00:51:00 CST 1 Working
income+10 Wed Jan 12 00:51:00 CST 1 New Income
savings+10 Wed Jan 12 00:51:00 CST 1 Payment
sleepiness-50 Wed Jan 12 01:07:00 CST 1 Working
income+10 Wed Jan 12 01:07:00 CST 1 New Income
savings+10 Wed Jan 12 01:07:00 CST 1 Payment
sleepiness+100 Wed Jan 12 02:06:00 CST 1 Going home
sleepiness-50 Wed Jan 12 02:34:00 CST 1 Working
income+10 Wed Jan 12 02:34:00 CST 1 New Income
savings+10 Wed Jan 12 02:34:00 CST 1 Payment
sleepiness-50 Wed Jan 12 03:00:00 CST 1 Working
income+10 Wed Jan 12 03:00:00 CST 1 New Income
savings+10 Wed Jan 12 03:00:00 CST 1 Payment
sleepiness+100 Wed Jan 12 03:17:00 CST 1 Going home
sleepiness-50 Wed Jan 12 03:45:00 CST 1 Working
income+10 Wed Jan 12 03:45:00 CST 1 New Income
savings+10 Wed Jan 12 03:45:00 CST 1 Payment
sleepiness-50 Wed Jan 12 04:11:00 CST 1 Working
income+10 Wed Jan 12 04:11:00 CST 1 New Income
savings+10 Wed Jan 12 04:11:00 CST 1 Payment
sleepiness+100 Wed Jan 12 04:28:00 CST 1 Going home
sleepiness-50 Wed Jan 12 04:57:00 CST 1 Working
income+10 Wed Jan 12 04:57:00 CST 1 New Income
savings+10 Wed Jan 12 04:57:00 CST 1 Payment
sleepiness-50 Wed Jan 12 05:23:00 CST 1 Working
income+10 Wed Jan 12 05:23:00 CST 1 New Income
savings+10 Wed Jan 12 05:23:00 CST 1 Payment
sleepiness+100 Wed Jan 12 05:37:00 CST 1 Going home
sleepiness-50 Wed Jan 12 06:39:00 CST 1 Working
income+10 Wed Jan 12 06:39:00 CST 1 New Income
savings+10 Wed Jan 12 06:39:00 CST 1 Payment
sleepiness-50 Wed Jan 12 06:25:00 CST 1 Working
income+10 Wed Jan 12 06:25:00 CST 1 New Income
savings+10 Wed Jan 12 06:25:00 CST 1 Payment
sleepiness+100 Wed Jan 12 06:39:00 CST 1 Going home
sleepiness-50 Wed Jan 12 07:02:00 CST 1 Working
income+10 Wed Jan 12 07:02:00 CST 1 New Income
savings+10 Wed Jan 12 07:02:00 CST 1 Payment
sleepiness-50 Wed Jan 12 07:34:00 CST 1 Working
income+10 Wed Jan 12 07:34:00 CST 1 New Income
savings+10 Wed Jan 12 07:34:00 CST 1 Payment
sleepiness+100 Wed Jan 12 21:14:00 CST 1 Going home
sleepiness-50 Wed Jan 12 22:13:00 CST 1 Working
income+10 Wed Jan 12 22:13:00 CST 1 New Income
savings+10 Wed Jan 12 22:13:00 CST 1 Payment
sleepiness-50 Wed Jan 12 23:03:00 CST 1 Working
income+10 Wed Jan 12 23:03:00 CST 1 New Income
savings+10 Wed Jan 12 23:03:00 CST 1 Payment
sleepiness+100 Wed Jan 12 23:20:00 CST 1 Going home
sleepiness-50 Thu Jan 13 00:16:00 CST 1 Working
income+10 Thu Jan 13 00:16:00 CST 1 New Income
savings+10 Thu Jan 13 00:16:00 CST 1 Payment
sleepiness-50 Thu Jan 13 01:06:00 CST 1 Working
income+10 Thu Jan 13 01:06:00 CST 1 New Income
savings+10 Thu Jan 13 01:06:00 CST 1 Payment
sleepiness+100 Thu Jan 13 01:23:00 CST 1 Going home
sleepiness-50 Thu Jan 13 02:21:00 CST 1 Working
income+10 Thu Jan 13 02:21:00 CST 1 New Income
savings+10 Thu Jan 13 02:21:00 CST 1 Payment
sleepiness-50 Thu Jan 13 03:15:00 CST 1 Working
income+10 Thu Jan 13 03:15:00 CST 1 New Income
savings+10 Thu Jan 13 03:15:00 CST 1 Payment
sleepiness+100 Thu Jan 13 03:42:00 CST 1 Going home
sleepiness-50 Thu Jan 13 04:05:00 CST 1 Working
income+10 Thu Jan 13 04:05:00 CST 1 New Income
savings+10 Thu Jan 13 04:05:00 CST 1 Payment
sleepiness-50 Thu Jan 13 04:18:00 CST 1 Working
income+10 Thu Jan 13 04:18:00 CST 1 New Income
savings+10 Thu Jan 13 04:18:00 CST 1 Payment
sleepiness+100 Thu Jan 13 04:32:00 CST 1 Going home
sleepiness-50 Thu Jan 13 05:14:00 CST 1 Working
income+10 Thu Jan 13 05:14:00 CST 1 New Income
savings+10 Thu Jan 13 05:14:00 CST 1 Payment
sleepiness-50 Thu Jan 13 05:27:00 CST 1 Working
income+10 Thu Jan 13 05:27:00 CST 1 New Income
savings+10 Thu Jan 13 05:27:00 CST 1 Payment
sleepiness+100 Thu Jan 13 05:41:00 CST 1 Going home
sleepiness-50 Thu Jan 13 06:23:00 CST 1 Working
income+10 Thu Jan 13 06:23:00 CST 1 New Income
savings+10 Thu Jan 13 06:23:00 CST 1 Payment
sleepiness-50 Thu Jan 13 06:36:00 CST 1 Working
income+10 Thu Jan 13 06:36:00 CST 1 New Income
savings+10 Thu Jan 13 06:36:00 CST 1 Payment
sleepiness+100 Thu Jan 13 06:50:00 CST 1 Going home
sleepiness-50 Thu Jan 13 07:32:00 CST 1 Working
income+10 Thu Jan 13 07:32:00 CST 1 New Income
savings+10 Thu Jan 13 07:32:00 CST 1 Payment
sleepiness-50 Thu Jan 13 07:45:00 CST 1 Working
income+10 Thu Jan 13 07:45:00 CST 1 New Income
savings+10 Thu Jan 13 07:45:00 CST 1 Payment
sleepiness+100 Thu Jan 13 08:39:00 CST 1 Going home
sleepiness-50 Thu Jan 13 08:41:00 CST 1 Working
income+10 Thu Jan 13 08:41:00 CST 1 New Income
savings+10 Thu Jan 13 08:41:00 CST 1 Payment
sleepiness-50 Thu Jan 13 08:48:00 CST 1 Working
income+10 Thu Jan 13 08:48:00 CST 1 New Income
savings+10 Thu Jan 13 08:48:00 CST 1 Payment
sleepiness+100 Thu Jan 13 21:08:00 CST 1 Going home
sleepiness-50 Thu Jan 13 21:50:00 CST 1 Working
income+10 Thu Jan 13 21:50:00 CST 1 New Income
savings+10 Thu Jan 13 21:50:00 CST 1 Payment
sleepiness-50 Thu Jan 13 22:03:00 CST 1 Working
income+10 Thu Jan 13 22:03:00 CST 1 New Income
savings+10 Thu Jan 13 22:03:00 CST 1 Payment
sleepiness+100 Thu Jan 13 22:17:00 CST 1 Going home
sleepiness-50 Thu Jan 13 23:00:00 CST 1 Working
income+10 Thu Jan 13 23:00:00 CST 1 New Income
savings+10 Thu Jan 13 23:00:00 CST 1 Payment
sleepiness-50 Thu Jan 13 23:13:00 CST 1 Working
income+10 Thu Jan 13 23:13:00 CST 1 New Income
savings+10 Thu Jan 13 23:13:00 CST 1 Payment
sleepiness+100 Thu Jan 13 23:27:00 CST 1 Going home
sleepiness-50 Fri Jan 14 00:07:00 CST 1 Working
income+10 Fri Jan 14 00:07:00 CST 1 New Income
savings+10 Fri Jan 14 00:07:00 CST 1 Payment
sleepiness-50 Fri Jan 14 00:14:00 CST 1 Working
income+10 Fri Jan 14 00:14:00 CST 1 New Income
savings+10 Fri Jan 14 00:14:00 CST 1 Payment
sleepiness+100 Fri Jan 14 00:28:00 CST 1 Going home
sleepiness-50 Fri Jan 14 01:11:00 CST 1 Working
income+10 Fri Jan 14 01:11:00 CST 1 New Income
savings+10 Fri Jan 14 01:11:00 CST 1 Payment
sleepiness-50 Fri Jan 14 01:18:00 CST 1 Working
income+10 Fri Jan 14 01:18:00 CST 1 New Income
savings+10 Fri Jan 14 01:18:00 CST 1 Payment
sleepiness+100 Fri Jan 14 01:32:00 CST 1 Going home
sleepiness-50 Fri Jan 14 02:14:00 CST 1 Working
income+10 Fri Jan 14 02:14:00 CST 1 New Income
savings+10 Fri Jan 14 02:14:00 CST 1 Payment
sleepiness-50 Fri Jan 14 02:21:00 CST 1 Working
income+10 Fri Jan 14 02:21:00 CST 1 New Income
savings+10 Fri Jan 14 02:21:00 CST 1 Payment
sleepiness+100 Fri Jan 14 02:35:00 CST 1 Going home
sleepiness-50 Fri Jan 14 03:17:00 CST 1 Working
income+10 Fri Jan 14 03:17:00 CST 1 New Income
savings+10 Fri Jan 14 03:17:00 CST 1 Payment
sleepiness-50 Fri Jan 14 03:50:00 CST 1 Working
income+10 Fri Jan 14 03:50:00 CST 1 New Income
savings+10 Fri Jan 14 03:50:00 CST 1 Payment
sleepiness+100 Fri Jan 14 04:06:00 CST 1 Going home
sleepiness-50 Fri Jan 14 05:05:00 CST 1 Working
income+10 Fri Jan 14 05:05:00 CST 1 New Income
savings+10 Fri Jan 14 05:05:00 CST 1 Payment
sleepiness-50 Fri Jan 14 05:38:00 CST 1 Working
income+10 Fri Jan 14 05:38:00 CST 1 New Income
savings+10 Fri Jan 14 05:38:00 CST 1 Payment
sleepiness+100 Fri Jan 14 05:54:00 CST 1 Going home
sleepiness-50 Fri Jan 14 06:53:00 CST 1 Working
income+10 Fri Jan 14 06:53:00 CST 1 New Income
savings+10 Fri Jan 14 06:53:00 CST 1 Payment
sleepiness-50 Fri Jan 14 07:25:00 CST 1 Working
income+10 Fri Jan 14 07:25:00 CST 1 New Income
savings+10 Fri Jan 14 07:25:00 CST 1 Payment
sleepiness+100 Fri Jan 14 07:41:00 CST 1 Going home
sleepiness-50 Fri Jan 14 08:40:00 CST 1 Working
income+10 Fri Jan 14 08:40:00 CST 1 New Income
savings+10 Fri Jan 14 08:40:00 CST 1 Payment
sleepiness-50 Fri Jan 14 09:12:00 CST 1 Working
income+10 Fri Jan 14 09:12:00 CST 1 New Income
savings+10 Fri Jan 14 09:12:00 CST 1 Payment
sleepiness+100 Fri Jan 14 21:09:00 CST 1 Going home
sleepiness-50 Fri Jan 14 21:52:00 CST 1 Working
income+10 Fri Jan 14 21:52:00 CST 1 New Income
savings+10 Fri Jan 14 21:52:00 CST 1 Payment
sleepiness-50 Fri Jan 14 22:11:00 CST 1 Working
income+10 Fri Jan 14 22:11:00 CST 1 New Income
savings+10 Fri Jan 14 22:11:00 CST 1 Payment
sleepiness+100 Fri Jan 14 23:06:00 CST 1 Going home
sleepiness-50 Fri Jan 14 23:46:00 CST 1 Working
income+10 Fri Jan 14 23:46:00 CST 1 New Income
savings+10 Fri Jan 14 23:46:00 CST 1 Payment
sleepiness-50 Sat Jan 15 00:39:00 CST 1 Working
income+10 Sat Jan 15 00:39:00 CST 1 New Income
savings+10 Sat Jan 15 00:39:00 CST 1 Payment
trust+10 Sat Jan 15 05:09:00 CST 1 Voting
sleepiness+100 Sat Jan 15 10:16:00 CST 1 Going home
sleepiness-50 Sat Jan 15 10:43:00 CST 1 Working
income+10 Sat Jan 15 10:43:00 CST 1 New Income
savings+10 Sat Jan 15 10:43:00 CST 1 Payment
sleepiness-50 Sat Jan 15 10:51:00 CST 1 Working
income+10 Sat Jan 15 10:51:00 CST 1 New Income
savings+10 Sat Jan 15 10:51:00 CST 1 Payment
