age+0 Wed Jan 12 11:44:00 CST 1 creation
sleepiness-50 Wed Jan 12 13:58:00 CST 1 Working
income+10 Wed Jan 12 13:58:00 CST 1 New Income
debt-10 Wed Jan 12 13:58:00 CST 1 Payment
sleepiness-50 Wed Jan 12 16:18:00 CST 1 Working
income+10 Wed Jan 12 16:18:00 CST 1 New Income
debt-10 Wed Jan 12 16:18:00 CST 1 Payment
thirst+90 Thu Jan 13 21:06:00 CST 1 Getting water
sleepiness+100 Fri Jan 14 00:20:00 CST 1 Going home
sleepiness-50 Fri Jan 14 02:21:00 CST 1 Working
income+10 Fri Jan 14 02:21:00 CST 1 New Income
debt-10 Fri Jan 14 02:21:00 CST 1 Payment
sleepiness-50 Fri Jan 14 05:08:00 CST 1 Working
income+10 Fri Jan 14 05:08:00 CST 1 New Income
debt-10 Fri Jan 14 05:08:00 CST 1 Payment
sleepiness+100 Fri Jan 14 09:02:00 CST 1 Going home
sleepiness-50 Fri Jan 14 14:26:00 CST 1 Working
income+10 Fri Jan 14 14:26:00 CST 1 New Income
debt-10 Fri Jan 14 14:26:00 CST 1 Payment
sleepiness-50 Fri Jan 14 20:36:00 CST 1 Working
income+10 Fri Jan 14 20:36:00 CST 1 New Income
debt-10 Fri Jan 14 20:36:00 CST 1 Payment
sleepiness+100 Fri Jan 14 23:09:00 CST 1 Going home
sleepiness-50 Sat Jan 15 02:57:00 CST 1 Working
income+10 Sat Jan 15 02:57:00 CST 1 New Income
debt-10 Sat Jan 15 02:57:00 CST 1 Payment
