age+0 Sun Jan 02 00:31:00 CST 1 creation
sleepiness-50 Sun Jan 02 00:37:00 CST 1 Working
income+10 Sun Jan 02 00:37:00 CST 1 New Income
debt-10 Sun Jan 02 00:37:00 CST 1 Payment
sleepiness-50 Sun Jan 02 00:57:00 CST 1 Working
income+10 Sun Jan 02 00:57:00 CST 1 New Income
debt-10 Sun Jan 02 00:57:00 CST 1 Payment
sleepiness+100 Sun Jan 02 02:21:00 CST 1 Going home
sleepiness-50 Sun Jan 02 02:52:00 CST 1 Working
income+10 Sun Jan 02 02:52:00 CST 1 New Income
debt-10 Sun Jan 02 02:52:00 CST 1 Payment
sleepiness-50 Sun Jan 02 03:34:00 CST 1 Working
income+10 Sun Jan 02 03:34:00 CST 1 New Income
debt-10 Sun Jan 02 03:34:00 CST 1 Payment
companionship+10 Tue Jan 04 04:10:00 CST 1 Procreating
sleepiness-10 Tue Jan 04 04:10:00 CST 1 Procreating
thirst+90 Tue Jan 04 15:29:00 CST 1 Getting water
thirst+90 Mon Jan 10 21:26:00 CST 1 Getting water
sleepiness+100 Thu Jan 13 09:31:00 CST 1 Going home
sleepiness-50 Thu Jan 13 10:34:00 CST 1 Working
income+10 Thu Jan 13 10:34:00 CST 1 New Income
savings+10 Thu Jan 13 10:34:00 CST 1 Payment
sleepiness-50 Thu Jan 13 11:24:00 CST 1 Working
income+10 Thu Jan 13 11:24:00 CST 1 New Income
savings+10 Thu Jan 13 11:24:00 CST 1 Payment
sleepiness+100 Thu Jan 13 21:13:00 CST 1 Going home
sleepiness-50 Thu Jan 13 21:47:00 CST 1 Working
income+10 Thu Jan 13 21:47:00 CST 1 New Income
savings+10 Thu Jan 13 21:47:00 CST 1 Payment
sleepiness-50 Thu Jan 13 22:37:00 CST 1 Working
income+10 Thu Jan 13 22:37:00 CST 1 New Income
savings+10 Thu Jan 13 22:37:00 CST 1 Payment
sleepiness+100 Thu Jan 13 22:56:00 CST 1 Going home
sleepiness-50 Thu Jan 13 23:30:00 CST 1 Working
income+10 Thu Jan 13 23:30:00 CST 1 New Income
savings+10 Thu Jan 13 23:30:00 CST 1 Payment
sleepiness-50 Fri Jan 14 00:20:00 CST 1 Working
income+10 Fri Jan 14 00:20:00 CST 1 New Income
savings+10 Fri Jan 14 00:20:00 CST 1 Payment
sleepiness+100 Fri Jan 14 01:24:00 CST 1 Going home
sleepiness-50 Fri Jan 14 02:07:00 CST 1 Working
income+10 Fri Jan 14 02:07:00 CST 1 New Income
savings+10 Fri Jan 14 02:07:00 CST 1 Payment
sleepiness-50 Fri Jan 14 02:14:00 CST 1 Working
income+10 Fri Jan 14 02:14:00 CST 1 New Income
savings+10 Fri Jan 14 02:14:00 CST 1 Payment
sleepiness+100 Fri Jan 14 02:35:00 CST 1 Going home
sleepiness-50 Fri Jan 14 03:18:00 CST 1 Working
income+10 Fri Jan 14 03:18:00 CST 1 New Income
savings+10 Fri Jan 14 03:18:00 CST 1 Payment
sleepiness-50 Fri Jan 14 03:25:00 CST 1 Working
income+10 Fri Jan 14 03:25:00 CST 1 New Income
savings+10 Fri Jan 14 03:25:00 CST 1 Payment
sleepiness+100 Fri Jan 14 03:46:00 CST 1 Going home
sleepiness-50 Fri Jan 14 04:30:00 CST 1 Working
income+10 Fri Jan 14 04:30:00 CST 1 New Income
savings+10 Fri Jan 14 04:30:00 CST 1 Payment
sleepiness-50 Fri Jan 14 05:20:00 CST 1 Working
income+10 Fri Jan 14 05:20:00 CST 1 New Income
savings+10 Fri Jan 14 05:20:00 CST 1 Payment
sleepiness+100 Fri Jan 14 05:45:00 CST 1 Going home
sleepiness-50 Fri Jan 14 06:35:00 CST 1 Working
income+10 Fri Jan 14 06:35:00 CST 1 New Income
savings+10 Fri Jan 14 06:35:00 CST 1 Payment
sleepiness-50 Fri Jan 14 07:14:00 CST 1 Working
income+10 Fri Jan 14 07:14:00 CST 1 New Income
savings+10 Fri Jan 14 07:14:00 CST 1 Payment
sleepiness+100 Fri Jan 14 07:39:00 CST 1 Going home
sleepiness-50 Fri Jan 14 08:29:00 CST 1 Working
income+10 Fri Jan 14 08:29:00 CST 1 New Income
savings+10 Fri Jan 14 08:29:00 CST 1 Payment
sleepiness-50 Fri Jan 14 09:12:00 CST 1 Working
income+10 Fri Jan 14 09:12:00 CST 1 New Income
savings+10 Fri Jan 14 09:12:00 CST 1 Payment
sleepiness+100 Fri Jan 14 21:23:00 CST 1 Going home
sleepiness-50 Fri Jan 14 22:15:00 CST 1 Working
income+10 Fri Jan 14 22:15:00 CST 1 New Income
savings+10 Fri Jan 14 22:15:00 CST 1 Payment
sleepiness-50 Fri Jan 14 22:28:00 CST 1 Working
income+10 Fri Jan 14 22:28:00 CST 1 New Income
savings+10 Fri Jan 14 22:28:00 CST 1 Payment
sleepiness+100 Fri Jan 14 22:55:00 CST 1 Going home
sleepiness-50 Fri Jan 14 23:27:00 CST 1 Working
income+10 Fri Jan 14 23:27:00 CST 1 New Income
savings+10 Fri Jan 14 23:27:00 CST 1 Payment
sleepiness-50 Sat Jan 15 00:13:00 CST 1 Working
income+10 Sat Jan 15 00:13:00 CST 1 New Income
savings+10 Sat Jan 15 00:13:00 CST 1 Payment
trust+10 Sat Jan 15 06:03:00 CST 1 Voting
sleepiness+100 Sat Jan 15 11:39:00 CST 1 Going home
sleepiness-50 Sat Jan 15 12:05:00 CST 1 Working
income+10 Sat Jan 15 12:05:00 CST 1 New Income
savings+10 Sat Jan 15 12:05:00 CST 1 Payment
sleepiness-50 Sat Jan 15 12:29:00 CST 1 Working
income+10 Sat Jan 15 12:29:00 CST 1 New Income
savings+10 Sat Jan 15 12:29:00 CST 1 Payment
