age+0 Sat Jan 01 01:31:00 CST 1 creation
sleepiness-50 Sat Jan 01 05:31:00 CST 1 Working
income+10 Sat Jan 01 05:31:00 CST 1 New Income
debt-10 Sat Jan 01 05:31:00 CST 1 Payment
sleepiness-50 Sat Jan 01 08:39:00 CST 1 Working
income+10 Sat Jan 01 08:39:00 CST 1 New Income
debt-10 Sat Jan 01 08:39:00 CST 1 Payment
sleepiness+100 Sat Jan 01 22:50:00 CST 1 Going home
sleepiness-50 Sun Jan 02 01:52:00 CST 1 Working
income+10 Sun Jan 02 01:52:00 CST 1 New Income
debt-10 Sun Jan 02 01:52:00 CST 1 Payment
income+0 Sun Jan 02 01:58:00 CST 1 Bought a House
bills+0 Sun Jan 02 01:58:00 CST 1 Bought a House
taxes+0 Sun Jan 02 01:58:00 CST 1 Bought a House
savings+55 Sun Jan 02 01:58:00 CST 1 Bought a House
debt+45 Sun Jan 02 01:58:00 CST 1 Bought a House
sleepiness-50 Sun Jan 02 06:39:00 CST 1 Working
income+10 Sun Jan 02 06:39:00 CST 1 New Income
debt-10 Sun Jan 02 06:39:00 CST 1 Payment
N/A+0 Tue Jan 04 00:00:00 CST 1 death
