age+0 Sat Jan 01 01:31:00 CST 1 creation
sleepiness-50 Sat Jan 01 01:32:00 CST 1 Working
income+10 Sat Jan 01 01:32:00 CST 1 New Income
debt-10 Sat Jan 01 01:32:00 CST 1 Payment
sleepiness-50 Sat Jan 01 02:15:00 CST 1 Working
income+10 Sat Jan 01 02:15:00 CST 1 New Income
debt-10 Sat Jan 01 02:15:00 CST 1 Payment
sleepiness+100 Sat Jan 01 07:01:00 CST 1 Going home
sleepiness-50 Sat Jan 01 07:44:00 CST 1 Working
income+10 Sat Jan 01 07:44:00 CST 1 New Income
debt-10 Sat Jan 01 07:44:00 CST 1 Payment
sleepiness-50 Sat Jan 01 07:57:00 CST 1 Working
income+10 Sat Jan 01 07:57:00 CST 1 New Income
debt-10 Sat Jan 01 07:57:00 CST 1 Payment
sleepiness+100 Sat Jan 01 21:06:00 CST 1 Going home
sleepiness-50 Sat Jan 01 21:43:00 CST 1 Working
income+10 Sat Jan 01 21:43:00 CST 1 New Income
debt-10 Sat Jan 01 21:43:00 CST 1 Payment
sleepiness-50 Sat Jan 01 22:06:00 CST 1 Working
income+10 Sat Jan 01 22:06:00 CST 1 New Income
debt-10 Sat Jan 01 22:06:00 CST 1 Payment
sleepiness+100 Sat Jan 01 22:40:00 CST 1 Going home
sleepiness-50 Sat Jan 01 23:11:00 CST 1 Working
income+10 Sat Jan 01 23:11:00 CST 1 New Income
debt-10 Sat Jan 01 23:11:00 CST 1 Payment
income+0 Mon Jan 03 00:00:00 CST 1 Bought a House
bills+0 Mon Jan 03 00:00:00 CST 1 Bought a House
taxes+0 Mon Jan 03 00:00:00 CST 1 Bought a House
savings+41 Mon Jan 03 00:00:00 CST 1 Bought a House
debt+59 Mon Jan 03 00:00:00 CST 1 Bought a House
sleepiness-50 Mon Jan 03 00:01:00 CST 1 Working
income+10 Mon Jan 03 00:01:00 CST 1 New Income
debt-10 Mon Jan 03 00:01:00 CST 1 Payment
thirst+90 Thu Jan 06 12:52:00 CST 1 Getting water
companionship+10 Sun Jan 09 01:58:00 CST 1 Procreating
sleepiness-10 Sun Jan 09 01:58:00 CST 1 Procreating
N/A+0 Wed Jan 12 00:00:00 CST 1 death
