age+0 Sat Jan 01 11:16:00 CST 1 creation
thirst+92 Sat Jan 01 11:17:00 CST 1 Getting water
sleepiness-50 Sat Jan 01 11:26:00 CST 1 Working
income+10 Sat Jan 01 11:26:00 CST 1 New Income
debt-10 Sat Jan 01 11:26:00 CST 1 Payment
sleepiness-50 Sat Jan 01 11:37:00 CST 1 Working
income+10 Sat Jan 01 11:37:00 CST 1 New Income
debt-10 Sat Jan 01 11:37:00 CST 1 Payment
sleepiness+100 Sun Jan 02 01:09:00 CST 1 Going home
sleepiness-50 Sun Jan 02 01:19:00 CST 1 Working
income+10 Sun Jan 02 01:19:00 CST 1 New Income
debt-10 Sun Jan 02 01:19:00 CST 1 Payment
sleepiness-50 Sun Jan 02 01:56:00 CST 1 Working
income+10 Sun Jan 02 01:56:00 CST 1 New Income
debt-10 Sun Jan 02 01:56:00 CST 1 Payment
sleepiness+100 Sun Jan 02 02:48:00 CST 1 Going home
sleepiness-50 Sun Jan 02 03:46:00 CST 1 Working
income+10 Sun Jan 02 03:46:00 CST 1 New Income
debt-10 Sun Jan 02 03:46:00 CST 1 Payment
sleepiness-50 Sun Jan 02 04:26:00 CST 1 Working
income+10 Sun Jan 02 04:26:00 CST 1 New Income
debt-10 Sun Jan 02 04:26:00 CST 1 Payment
sleepiness+100 Sun Jan 02 05:04:00 CST 1 Going home
sleepiness-50 Sun Jan 02 05:27:00 CST 1 Working
income+10 Sun Jan 02 05:27:00 CST 1 New Income
debt-10 Sun Jan 02 05:27:00 CST 1 Payment
sleepiness-50 Sun Jan 02 06:04:00 CST 1 Working
income+10 Sun Jan 02 06:04:00 CST 1 New Income
debt-10 Sun Jan 02 06:04:00 CST 1 Payment
sleepiness+100 Sun Jan 02 07:03:00 CST 1 Going home
sleepiness-50 Sun Jan 02 08:03:00 CST 1 Working
income+10 Sun Jan 02 08:03:00 CST 1 New Income
savings+10 Sun Jan 02 08:03:00 CST 1 Payment
income+0 Sun Jan 02 08:09:00 CST 1 Bought a House
bills+0 Sun Jan 02 08:09:00 CST 1 Bought a House
taxes+0 Sun Jan 02 08:09:00 CST 1 Bought a House
savings+32 Sun Jan 02 08:09:00 CST 1 Bought a House
debt+68 Sun Jan 02 08:09:00 CST 1 Bought a House
sleepiness-50 Sun Jan 02 08:10:00 CST 1 Working
income+10 Sun Jan 02 08:10:00 CST 1 New Income
debt-10 Sun Jan 02 08:10:00 CST 1 Payment
N/A+0 Tue Jan 04 00:00:00 CST 1 death
