age+0 Sat Jan 08 04:39:00 CST 1 creation
thirst+98 Sat Jan 08 04:46:00 CST 1 Getting water
sleepiness-50 Sat Jan 08 05:10:00 CST 1 Working
income+10 Sat Jan 08 05:10:00 CST 1 New Income
debt-10 Sat Jan 08 05:10:00 CST 1 Payment
sleepiness-50 Sat Jan 08 05:30:00 CST 1 Working
income+10 Sat Jan 08 05:30:00 CST 1 New Income
debt-10 Sat Jan 08 05:30:00 CST 1 Payment
companionship+10 Sat Jan 08 07:04:00 CST 1 Procreating
sleepiness-10 Sat Jan 08 07:04:00 CST 1 Procreating
sleepiness+100 Thu Jan 13 00:04:00 CST 1 Going home
sleepiness-50 Thu Jan 13 02:21:00 CST 1 Working
income+10 Thu Jan 13 02:21:00 CST 1 New Income
debt-10 Thu Jan 13 02:21:00 CST 1 Payment
sleepiness-50 Thu Jan 13 06:14:00 CST 1 Working
income+10 Thu Jan 13 06:14:00 CST 1 New Income
debt-10 Thu Jan 13 06:14:00 CST 1 Payment
sleepiness+100 Thu Jan 13 08:54:00 CST 1 Going home
sleepiness-50 Thu Jan 13 11:02:00 CST 1 Working
income+10 Thu Jan 13 11:02:00 CST 1 New Income
debt-10 Thu Jan 13 11:02:00 CST 1 Payment
sleepiness-50 Thu Jan 13 13:47:00 CST 1 Working
income+10 Thu Jan 13 13:47:00 CST 1 New Income
debt-10 Thu Jan 13 13:47:00 CST 1 Payment
sleepiness+100 Thu Jan 13 23:21:00 CST 1 Going home
sleepiness-50 Fri Jan 14 01:56:00 CST 1 Working
income+10 Fri Jan 14 01:56:00 CST 1 New Income
debt-10 Fri Jan 14 01:56:00 CST 1 Payment
sleepiness-50 Fri Jan 14 05:15:00 CST 1 Working
income+10 Fri Jan 14 05:15:00 CST 1 New Income
debt-10 Fri Jan 14 05:15:00 CST 1 Payment
sleepiness+100 Fri Jan 14 07:58:00 CST 1 Going home
sleepiness-50 Fri Jan 14 11:39:00 CST 1 Working
income+10 Fri Jan 14 11:39:00 CST 1 New Income
debt-10 Fri Jan 14 11:39:00 CST 1 Payment
sleepiness-50 Fri Jan 14 12:36:00 CST 1 Working
income+10 Fri Jan 14 12:36:00 CST 1 New Income
savings+10 Fri Jan 14 12:36:00 CST 1 Payment
sleepiness+100 Fri Jan 14 23:11:00 CST 1 Going home
sleepiness-50 Sat Jan 15 00:25:00 CST 1 Working
income+10 Sat Jan 15 00:25:00 CST 1 New Income
savings+10 Sat Jan 15 00:25:00 CST 1 Payment
sleepiness-50 Sat Jan 15 03:05:00 CST 1 Working
income+10 Sat Jan 15 03:05:00 CST 1 New Income
savings+10 Sat Jan 15 03:05:00 CST 1 Payment
