age+0 Sat Jan 01 11:16:00 CST 1 creation
sleepiness-50 Sat Jan 01 14:45:00 CST 1 Working
income+10 Sat Jan 01 14:45:00 CST 1 New Income
debt-10 Sat Jan 01 14:45:00 CST 1 Payment
sleepiness-50 Sat Jan 01 17:29:00 CST 1 Working
income+10 Sat Jan 01 17:29:00 CST 1 New Income
debt-10 Sat Jan 01 17:29:00 CST 1 Payment
sleepiness+100 Sat Jan 01 23:45:00 CST 1 Going home
sleepiness-50 Sun Jan 02 03:22:00 CST 1 Working
income+10 Sun Jan 02 03:22:00 CST 1 New Income
debt-10 Sun Jan 02 03:22:00 CST 1 Payment
sleepiness-50 Sun Jan 02 05:27:00 CST 1 Working
income+10 Sun Jan 02 05:27:00 CST 1 New Income
debt-10 Sun Jan 02 05:27:00 CST 1 Payment
sleepiness+100 Sun Jan 02 08:05:00 CST 1 Going home
sleepiness-50 Sun Jan 02 12:12:00 CST 1 Working
income+10 Sun Jan 02 12:12:00 CST 1 New Income
debt-10 Sun Jan 02 12:12:00 CST 1 Payment
income+0 Sun Jan 02 13:01:00 CST 1 Bought a House
bills+0 Sun Jan 02 13:01:00 CST 1 Bought a House
taxes+0 Sun Jan 02 13:01:00 CST 1 Bought a House
savings+79 Sun Jan 02 13:01:00 CST 1 Bought a House
debt+21 Sun Jan 02 13:01:00 CST 1 Bought a House
sleepiness-50 Sun Jan 02 15:48:00 CST 1 Working
income+10 Sun Jan 02 15:48:00 CST 1 New Income
debt-10 Sun Jan 02 15:48:00 CST 1 Payment
companionship+10 Mon Jan 03 04:06:00 CST 1 Procreating
sleepiness-10 Mon Jan 03 04:06:00 CST 1 Procreating
thirst+90 Thu Jan 06 20:39:00 CST 1 Getting water
thirst+90 Thu Jan 13 01:54:00 CST 1 Getting water
