age+0 Sat Jan 01 11:16:00 CST 1 creation
sleepiness-50 Sat Jan 01 11:17:00 CST 1 Working
income+10 Sat Jan 01 11:17:00 CST 1 New Income
debt-10 Sat Jan 01 11:17:00 CST 1 Payment
sleepiness-50 Sat Jan 01 11:58:00 CST 1 Working
income+10 Sat Jan 01 11:58:00 CST 1 New Income
debt-10 Sat Jan 01 11:58:00 CST 1 Payment
sleepiness+100 Sun Jan 02 00:05:00 CST 1 Going home
sleepiness-50 Sun Jan 02 00:57:00 CST 1 Working
income+10 Sun Jan 02 00:57:00 CST 1 New Income
debt-10 Sun Jan 02 00:57:00 CST 1 Payment
sleepiness-50 Sun Jan 02 01:30:00 CST 1 Working
income+10 Sun Jan 02 01:30:00 CST 1 New Income
debt-10 Sun Jan 02 01:30:00 CST 1 Payment
sleepiness+100 Sun Jan 02 01:44:00 CST 1 Going home
sleepiness-50 Sun Jan 02 02:26:00 CST 1 Working
income+10 Sun Jan 02 02:26:00 CST 1 New Income
debt-10 Sun Jan 02 02:26:00 CST 1 Payment
sleepiness-50 Sun Jan 02 03:39:00 CST 1 Working
income+10 Sun Jan 02 03:39:00 CST 1 New Income
debt-10 Sun Jan 02 03:39:00 CST 1 Payment
sleepiness+100 Sun Jan 02 03:18:00 CST 1 Going home
sleepiness-50 Sun Jan 02 04:16:00 CST 1 Working
income+10 Sun Jan 02 04:16:00 CST 1 New Income
debt-10 Sun Jan 02 04:16:00 CST 1 Payment
income+0 Sun Jan 02 04:47:00 CST 1 Bought a House
bills+0 Sun Jan 02 04:47:00 CST 1 Bought a House
taxes+0 Sun Jan 02 04:47:00 CST 1 Bought a House
savings+53 Sun Jan 02 04:47:00 CST 1 Bought a House
debt+47 Sun Jan 02 04:47:00 CST 1 Bought a House
sleepiness-50 Sun Jan 02 04:55:00 CST 1 Working
income+10 Sun Jan 02 04:55:00 CST 1 New Income
debt-10 Sun Jan 02 04:55:00 CST 1 Payment
thirst+90 Sun Jan 02 23:45:00 CST 1 Getting water
companionship+10 Sun Jan 09 04:42:00 CST 1 Procreating
sleepiness-10 Sun Jan 09 04:42:00 CST 1 Procreating
thirst+90 Sun Jan 09 10:39:00 CST 1 Getting water
