age+0 Sat Jan 08 01:25:00 CST 1 creation
sleepiness-50 Sat Jan 08 02:02:00 CST 1 Working
income+10 Sat Jan 08 02:02:00 CST 1 New Income
debt-10 Sat Jan 08 02:02:00 CST 1 Payment
sleepiness-50 Sat Jan 08 04:44:00 CST 1 Working
income+10 Sat Jan 08 04:44:00 CST 1 New Income
debt-10 Sat Jan 08 04:44:00 CST 1 Payment
thirst+90 Sun Jan 09 15:08:00 CST 1 Getting water
sleepiness+100 Thu Jan 13 23:18:00 CST 1 Going home
sleepiness-50 Fri Jan 14 04:14:00 CST 1 Working
income+10 Fri Jan 14 04:14:00 CST 1 New Income
debt-10 Fri Jan 14 04:14:00 CST 1 Payment
sleepiness-50 Fri Jan 14 08:39:00 CST 1 Working
income+10 Fri Jan 14 08:39:00 CST 1 New Income
debt-10 Fri Jan 14 08:39:00 CST 1 Payment
sleepiness+100 Fri Jan 14 22:48:00 CST 1 Going home
sleepiness-50 Sat Jan 15 01:08:00 CST 1 Working
income+10 Sat Jan 15 01:08:00 CST 1 New Income
debt-10 Sat Jan 15 01:08:00 CST 1 Payment
sleepiness-50 Sat Jan 15 03:17:00 CST 1 Working
income+10 Sat Jan 15 03:17:00 CST 1 New Income
debt-10 Sat Jan 15 03:17:00 CST 1 Payment
