age+0 Sat Jan 01 01:31:00 CST 1 creation
sleepiness-50 Sat Jan 01 03:08:00 CST 1 Working
income+10 Sat Jan 01 03:08:00 CST 1 New Income
debt-10 Sat Jan 01 03:08:00 CST 1 Payment
sleepiness-50 Sat Jan 01 05:35:00 CST 1 Working
income+10 Sat Jan 01 05:35:00 CST 1 New Income
debt-10 Sat Jan 01 05:35:00 CST 1 Payment
sleepiness+100 Sat Jan 01 07:51:00 CST 1 Going home
sleepiness-50 Sat Jan 01 11:10:00 CST 1 Working
income+10 Sat Jan 01 11:10:00 CST 1 New Income
debt-10 Sat Jan 01 11:10:00 CST 1 Payment
sleepiness-50 Sat Jan 01 12:34:00 CST 1 Working
income+10 Sat Jan 01 12:34:00 CST 1 New Income
debt-10 Sat Jan 01 12:34:00 CST 1 Payment
sleepiness+100 Sun Jan 02 00:11:00 CST 1 Going home
sleepiness-50 Sun Jan 02 03:41:00 CST 1 Working
income+10 Sun Jan 02 03:41:00 CST 1 New Income
debt-10 Sun Jan 02 03:41:00 CST 1 Payment
sleepiness-50 Sun Jan 02 08:28:00 CST 1 Working
income+10 Sun Jan 02 08:28:00 CST 1 New Income
debt-10 Sun Jan 02 08:28:00 CST 1 Payment
sleepiness+100 Mon Jan 03 01:16:00 CST 1 Going home
sleepiness-50 Mon Jan 03 03:24:00 CST 1 Working
income+10 Mon Jan 03 03:24:00 CST 1 New Income
debt-10 Mon Jan 03 03:24:00 CST 1 Payment
sleepiness-50 Mon Jan 03 05:53:00 CST 1 Working
income+10 Mon Jan 03 05:53:00 CST 1 New Income
debt-10 Mon Jan 03 05:53:00 CST 1 Payment
income+0 Mon Jan 03 06:18:00 CST 1 Bought a House
bills+0 Mon Jan 03 06:18:00 CST 1 Bought a House
taxes+0 Mon Jan 03 06:18:00 CST 1 Bought a House
savings+85 Mon Jan 03 06:18:00 CST 1 Bought a House
debt+15 Mon Jan 03 06:18:00 CST 1 Bought a House
sleepiness+100 Mon Jan 03 09:34:00 CST 1 Going home
sleepiness-50 Mon Jan 03 12:17:00 CST 1 Working
income+10 Mon Jan 03 12:17:00 CST 1 New Income
debt-10 Mon Jan 03 12:17:00 CST 1 Payment
sleepiness-50 Mon Jan 03 13:28:00 CST 1 Working
income+10 Mon Jan 03 13:28:00 CST 1 New Income
debt-10 Mon Jan 03 13:28:00 CST 1 Payment
companionship+10 Fri Jan 07 04:28:00 CST 1 Procreating
sleepiness-10 Fri Jan 07 04:28:00 CST 1 Procreating
thirst+90 Sat Jan 08 07:19:00 CST 1 Getting water
thirst+90 Fri Jan 14 13:09:00 CST 1 Getting water
