age+0 Sat Jan 01 01:31:00 CST 1 creation
hunger+92 Sat Jan 01 02:51:00 CST 1 Getting food
sleepiness-50 Sat Jan 01 03:05:00 CST 1 Working
income+10 Sat Jan 01 03:05:00 CST 1 New Income
debt-10 Sat Jan 01 03:05:00 CST 1 Payment
sleepiness-50 Sat Jan 01 03:55:00 CST 1 Working
income+10 Sat Jan 01 03:55:00 CST 1 New Income
debt-10 Sat Jan 01 03:55:00 CST 1 Payment
sleepiness+100 Sat Jan 01 08:20:00 CST 1 Going home
sleepiness-50 Sat Jan 01 08:47:00 CST 1 Working
income+10 Sat Jan 01 08:47:00 CST 1 New Income
debt-10 Sat Jan 01 08:47:00 CST 1 Payment
sleepiness-50 Sat Jan 01 09:07:00 CST 1 Working
income+10 Sat Jan 01 09:07:00 CST 1 New Income
debt-10 Sat Jan 01 09:07:00 CST 1 Payment
income+0 Sat Jan 01 09:13:00 CST 1 Bought a House
bills+0 Sat Jan 01 09:13:00 CST 1 Bought a House
taxes+0 Sat Jan 01 09:13:00 CST 1 Bought a House
savings+43 Sat Jan 01 09:13:00 CST 1 Bought a House
debt+57 Sat Jan 01 09:13:00 CST 1 Bought a House
N/A+0 Mon Jan 03 00:00:00 CST 1 death
