age+0 Sat Jan 01 11:16:00 CST 1 creation
hunger+96 Sat Jan 01 12:21:00 CST 1 Getting food
sleepiness-50 Sat Jan 01 12:39:00 CST 1 Working
income+10 Sat Jan 01 12:39:00 CST 1 New Income
debt-10 Sat Jan 01 12:39:00 CST 1 Payment
sleepiness-50 Sat Jan 01 13:26:00 CST 1 Working
income+10 Sat Jan 01 13:26:00 CST 1 New Income
debt-10 Sat Jan 01 13:26:00 CST 1 Payment
companionship+10 Sat Jan 01 19:23:00 CST 1 Procreating
sleepiness-10 Sat Jan 01 19:23:00 CST 1 Procreating
sleepiness+100 Sun Jan 02 01:18:00 CST 1 Going home
sleepiness-50 Sun Jan 02 01:28:00 CST 1 Working
income+10 Sun Jan 02 01:28:00 CST 1 New Income
debt-10 Sun Jan 02 01:28:00 CST 1 Payment
sleepiness-50 Sun Jan 02 02:07:00 CST 1 Working
income+10 Sun Jan 02 02:07:00 CST 1 New Income
debt-10 Sun Jan 02 02:07:00 CST 1 Payment
sleepiness+100 Sun Jan 02 02:43:00 CST 1 Going home
sleepiness-50 Sun Jan 02 03:41:00 CST 1 Working
income+10 Sun Jan 02 03:41:00 CST 1 New Income
debt-10 Sun Jan 02 03:41:00 CST 1 Payment
income+0 Sun Jan 02 04:12:00 CST 1 Bought a House
bills+0 Sun Jan 02 04:12:00 CST 1 Bought a House
taxes+0 Sun Jan 02 04:12:00 CST 1 Bought a House
savings+60 Sun Jan 02 04:12:00 CST 1 Bought a House
debt+40 Sun Jan 02 04:12:00 CST 1 Bought a House
sleepiness-50 Sun Jan 02 04:13:00 CST 1 Working
income+10 Sun Jan 02 04:13:00 CST 1 New Income
debt-10 Sun Jan 02 04:13:00 CST 1 Payment
N/A+0 Tue Jan 04 00:00:00 CST 1 death
