age+0 Thu Jan 13 16:13:00 CST 1 creation
thirst+96 Thu Jan 13 16:34:00 CST 1 Getting water
hunger+96 Thu Jan 13 18:53:00 CST 1 Getting food
sleepiness-50 Thu Jan 13 22:54:00 CST 1 Working
income+10 Thu Jan 13 22:54:00 CST 1 New Income
debt-10 Thu Jan 13 22:54:00 CST 1 Payment
sleepiness-50 Thu Jan 13 23:44:00 CST 1 Working
income+10 Thu Jan 13 23:44:00 CST 1 New Income
debt-10 Thu Jan 13 23:44:00 CST 1 Payment
sleepiness+100 Fri Jan 14 02:48:00 CST 1 Going home
sleepiness-50 Fri Jan 14 06:09:00 CST 1 Working
income+10 Fri Jan 14 06:09:00 CST 1 New Income
debt-10 Fri Jan 14 06:09:00 CST 1 Payment
sleepiness-50 Fri Jan 14 10:21:00 CST 1 Working
income+10 Fri Jan 14 10:21:00 CST 1 New Income
debt-10 Fri Jan 14 10:21:00 CST 1 Payment
sleepiness+100 Fri Jan 14 21:23:00 CST 1 Going home
sleepiness-50 Fri Jan 14 23:03:00 CST 1 Working
income+10 Fri Jan 14 23:03:00 CST 1 New Income
debt-10 Fri Jan 14 23:03:00 CST 1 Payment
sleepiness-50 Sat Jan 15 01:52:00 CST 1 Working
income+10 Sat Jan 15 01:52:00 CST 1 New Income
debt-10 Sat Jan 15 01:52:00 CST 1 Payment
sleepiness+100 Sat Jan 15 03:11:00 CST 1 Going home
