age+0 Sat Jan 01 11:34:00 CST 1 creation
sleepiness-50 Sat Jan 01 11:36:00 CST 1 Working
income+10 Sat Jan 01 11:36:00 CST 1 New Income
debt-10 Sat Jan 01 11:36:00 CST 1 Payment
sleepiness-50 Sat Jan 01 11:52:00 CST 1 Working
income+10 Sat Jan 01 11:52:00 CST 1 New Income
debt-10 Sat Jan 01 11:52:00 CST 1 Payment
sleepiness+100 Sun Jan 02 00:17:00 CST 1 Going home
sleepiness-50 Sun Jan 02 01:19:00 CST 1 Working
income+10 Sun Jan 02 01:19:00 CST 1 New Income
debt-10 Sun Jan 02 01:19:00 CST 1 Payment
sleepiness-50 Sun Jan 02 01:45:00 CST 1 Working
income+10 Sun Jan 02 01:45:00 CST 1 New Income
debt-10 Sun Jan 02 01:45:00 CST 1 Payment
sleepiness+100 Sun Jan 02 02:00:00 CST 1 Going home
sleepiness-50 Sun Jan 02 02:45:00 CST 1 Working
income+10 Sun Jan 02 02:45:00 CST 1 New Income
debt-10 Sun Jan 02 02:45:00 CST 1 Payment
sleepiness-50 Sun Jan 02 03:11:00 CST 1 Working
income+10 Sun Jan 02 03:11:00 CST 1 New Income
debt-10 Sun Jan 02 03:11:00 CST 1 Payment
thirst+90 Mon Jan 03 01:19:00 CST 1 Getting water
thirst+90 Sun Jan 09 07:16:00 CST 1 Getting water
companionship+10 Mon Jan 10 01:32:00 CST 1 Procreating
sleepiness-10 Mon Jan 10 01:32:00 CST 1 Procreating
