age+0 Sat Jan 01 01:31:00 CST 1 creation
sleepiness-50 Sat Jan 01 02:17:00 CST 1 Working
income+10 Sat Jan 01 02:17:00 CST 1 New Income
debt-10 Sat Jan 01 02:17:00 CST 1 Payment
sleepiness-50 Sat Jan 01 04:01:00 CST 1 Working
income+10 Sat Jan 01 04:01:00 CST 1 New Income
debt-10 Sat Jan 01 04:01:00 CST 1 Payment
sleepiness+100 Sat Jan 01 06:04:00 CST 1 Going home
sleepiness-50 Sat Jan 01 09:36:00 CST 1 Working
income+10 Sat Jan 01 09:36:00 CST 1 New Income
debt-10 Sat Jan 01 09:36:00 CST 1 Payment
income+0 Sat Jan 01 10:08:00 CST 1 Bought a House
bills+0 Sat Jan 01 10:08:00 CST 1 Bought a House
taxes+0 Sat Jan 01 10:08:00 CST 1 Bought a House
savings+80 Sat Jan 01 10:08:00 CST 1 Bought a House
debt+20 Sat Jan 01 10:08:00 CST 1 Bought a House
sleepiness-50 Sat Jan 01 13:56:00 CST 1 Working
income+10 Sat Jan 01 13:56:00 CST 1 New Income
debt-10 Sat Jan 01 13:56:00 CST 1 Payment
sleepiness+100 Sat Jan 01 22:39:00 CST 1 Going home
sleepiness-50 Sun Jan 02 01:44:00 CST 1 Working
income+10 Sun Jan 02 01:44:00 CST 1 New Income
debt-10 Sun Jan 02 01:44:00 CST 1 Payment
sleepiness-50 Sun Jan 02 01:51:00 CST 1 Working
income+10 Sun Jan 02 01:51:00 CST 1 New Income
debt-10 Sun Jan 02 01:51:00 CST 1 Payment
sleepiness+100 Sun Jan 02 05:00:00 CST 1 Going home
sleepiness-50 Sun Jan 02 10:06:00 CST 1 Working
income+10 Sun Jan 02 10:06:00 CST 1 New Income
debt-10 Sun Jan 02 10:06:00 CST 1 Payment
sleepiness-50 Sun Jan 02 15:49:00 CST 1 Working
income+10 Sun Jan 02 15:49:00 CST 1 New Income
debt-10 Sun Jan 02 15:49:00 CST 1 Payment
thirst+90 Tue Jan 04 23:37:00 CST 1 Getting water
thirst+90 Tue Jan 11 05:28:00 CST 1 Getting water
N/A+0 Thu Jan 13 00:00:00 CST 1 death
