age+0 Sat Jan 01 15:13:00 CST 1 creation
sleepiness-50 Sat Jan 01 16:13:00 CST 1 Working
income+10 Sat Jan 01 16:13:00 CST 1 New Income
debt-10 Sat Jan 01 16:13:00 CST 1 Payment
sleepiness-50 Sat Jan 01 19:39:00 CST 1 Working
income+10 Sat Jan 01 19:39:00 CST 1 New Income
debt-10 Sat Jan 01 19:39:00 CST 1 Payment
sleepiness+100 Mon Jan 03 06:36:00 CST 1 Going home
sleepiness-50 Mon Jan 03 09:31:00 CST 1 Working
income+10 Mon Jan 03 09:31:00 CST 1 New Income
debt-10 Mon Jan 03 09:31:00 CST 1 Payment
sleepiness-50 Mon Jan 03 11:34:00 CST 1 Working
income+10 Mon Jan 03 11:34:00 CST 1 New Income
debt-10 Mon Jan 03 11:34:00 CST 1 Payment
sleepiness+100 Wed Jan 05 00:01:00 CST 1 Going home
sleepiness-50 Tue Jan 04 02:13:00 CST 1 Working
income+10 Tue Jan 04 02:13:00 CST 1 New Income
savings+10 Tue Jan 04 02:13:00 CST 1 Payment
sleepiness-50 Tue Jan 04 03:02:00 CST 1 Working
income+10 Tue Jan 04 03:02:00 CST 1 New Income
savings+10 Tue Jan 04 03:02:00 CST 1 Payment
sleepiness+100 Tue Jan 04 05:03:00 CST 1 Going home
sleepiness-50 Tue Jan 04 06:29:00 CST 1 Working
income+10 Tue Jan 04 06:29:00 CST 1 New Income
savings+10 Tue Jan 04 06:29:00 CST 1 Payment
sleepiness-50 Tue Jan 04 07:19:00 CST 1 Working
income+10 Tue Jan 04 07:19:00 CST 1 New Income
savings+10 Tue Jan 04 07:19:00 CST 1 Payment
sleepiness+100 Tue Jan 04 08:04:00 CST 1 Going home
sleepiness-50 Tue Jan 04 09:35:00 CST 1 Working
income+10 Tue Jan 04 09:35:00 CST 1 New Income
savings+10 Tue Jan 04 09:35:00 CST 1 Payment
sleepiness-50 Tue Jan 04 10:13:00 CST 1 Working
income+10 Tue Jan 04 10:13:00 CST 1 New Income
savings+10 Tue Jan 04 10:13:00 CST 1 Payment
sleepiness+100 Tue Jan 04 22:07:00 CST 1 Going home
sleepiness-50 Thu Jan 06 00:01:00 CST 1 Working
income+10 Thu Jan 06 00:01:00 CST 1 New Income
savings+10 Thu Jan 06 00:01:00 CST 1 Payment
sleepiness-50 Wed Jan 05 00:37:00 CST 1 Working
income+10 Wed Jan 05 00:37:00 CST 1 New Income
savings+10 Wed Jan 05 00:37:00 CST 1 Payment
sleepiness+100 Wed Jan 05 01:50:00 CST 1 Going home
sleepiness-50 Wed Jan 05 03:44:00 CST 1 Working
income+10 Wed Jan 05 03:44:00 CST 1 New Income
savings+10 Wed Jan 05 03:44:00 CST 1 Payment
sleepiness-50 Wed Jan 05 08:39:00 CST 1 Working
income+10 Wed Jan 05 08:39:00 CST 1 New Income
savings+10 Wed Jan 05 08:39:00 CST 1 Payment
thirst+90 Wed Jan 05 17:48:00 CST 1 Getting water
sleepiness+100 Thu Jan 06 00:08:00 CST 1 Going home
sleepiness-50 Thu Jan 06 03:25:00 CST 1 Working
income+10 Thu Jan 06 03:25:00 CST 1 New Income
savings+10 Thu Jan 06 03:25:00 CST 1 Payment
sleepiness-50 Thu Jan 06 05:31:00 CST 1 Working
income+10 Thu Jan 06 05:31:00 CST 1 New Income
savings+10 Thu Jan 06 05:31:00 CST 1 Payment
sleepiness+100 Thu Jan 06 10:22:00 CST 1 Going home
sleepiness-50 Thu Jan 06 13:23:00 CST 1 Working
income+10 Thu Jan 06 13:23:00 CST 1 New Income
savings+10 Thu Jan 06 13:23:00 CST 1 Payment
sleepiness-50 Thu Jan 06 15:46:00 CST 1 Working
income+10 Thu Jan 06 15:46:00 CST 1 New Income
savings+10 Thu Jan 06 15:46:00 CST 1 Payment
sleepiness+100 Thu Jan 06 23:28:00 CST 1 Going home
sleepiness-50 Fri Jan 07 00:26:00 CST 1 Working
income+10 Fri Jan 07 00:26:00 CST 1 New Income
savings+10 Fri Jan 07 00:26:00 CST 1 Payment
sleepiness-50 Fri Jan 07 00:46:00 CST 1 Working
income+10 Fri Jan 07 00:46:00 CST 1 New Income
savings+10 Fri Jan 07 00:46:00 CST 1 Payment
sleepiness+100 Fri Jan 07 01:41:00 CST 1 Going home
sleepiness-50 Fri Jan 07 03:30:00 CST 1 Working
income+10 Fri Jan 07 03:30:00 CST 1 New Income
savings+10 Fri Jan 07 03:30:00 CST 1 Payment
sleepiness-50 Fri Jan 07 08:24:00 CST 1 Working
income+10 Fri Jan 07 08:24:00 CST 1 New Income
savings+10 Fri Jan 07 08:24:00 CST 1 Payment
sleepiness+100 Sat Jan 08 01:25:00 CST 1 Going home
sleepiness-50 Sat Jan 08 07:05:00 CST 1 Working
income+10 Sat Jan 08 07:05:00 CST 1 New Income
savings+10 Sat Jan 08 07:05:00 CST 1 Payment
sleepiness-50 Sat Jan 08 08:31:00 CST 1 Working
income+10 Sat Jan 08 08:31:00 CST 1 New Income
savings+10 Sat Jan 08 08:31:00 CST 1 Payment
sleepiness+100 Sun Jan 09 01:56:00 CST 1 Going home
sleepiness-50 Sun Jan 09 05:56:00 CST 1 Working
income+10 Sun Jan 09 05:56:00 CST 1 New Income
savings+10 Sun Jan 09 05:56:00 CST 1 Payment
sleepiness-50 Sun Jan 09 06:35:00 CST 1 Working
income+10 Sun Jan 09 06:35:00 CST 1 New Income
savings+10 Sun Jan 09 06:35:00 CST 1 Payment
sleepiness+100 Sun Jan 09 10:12:00 CST 1 Going home
sleepiness-50 Sun Jan 09 11:51:00 CST 1 Working
income+10 Sun Jan 09 11:51:00 CST 1 New Income
savings+10 Sun Jan 09 11:51:00 CST 1 Payment
sleepiness-50 Sun Jan 09 12:23:00 CST 1 Working
income+10 Sun Jan 09 12:23:00 CST 1 New Income
savings+10 Sun Jan 09 12:23:00 CST 1 Payment
sleepiness+100 Sun Jan 09 21:50:00 CST 1 Going home
sleepiness-50 Sun Jan 09 23:05:00 CST 1 Working
income+10 Sun Jan 09 23:05:00 CST 1 New Income
savings+10 Sun Jan 09 23:05:00 CST 1 Payment
sleepiness-50 Sun Jan 09 23:37:00 CST 1 Working
income+10 Sun Jan 09 23:37:00 CST 1 New Income
savings+10 Sun Jan 09 23:37:00 CST 1 Payment
sleepiness+100 Mon Jan 10 00:31:00 CST 1 Going home
sleepiness-50 Mon Jan 10 01:39:00 CST 1 Working
income+10 Mon Jan 10 01:39:00 CST 1 New Income
savings+10 Mon Jan 10 01:39:00 CST 1 Payment
sleepiness-50 Mon Jan 10 02:12:00 CST 1 Working
income+10 Mon Jan 10 02:12:00 CST 1 New Income
savings+10 Mon Jan 10 02:12:00 CST 1 Payment
sleepiness+100 Mon Jan 10 03:08:00 CST 1 Going home
sleepiness-50 Mon Jan 10 04:23:00 CST 1 Working
income+10 Mon Jan 10 04:23:00 CST 1 New Income
savings+10 Mon Jan 10 04:23:00 CST 1 Payment
sleepiness-50 Mon Jan 10 09:35:00 CST 1 Working
income+10 Mon Jan 10 09:35:00 CST 1 New Income
savings+10 Mon Jan 10 09:35:00 CST 1 Payment
sleepiness+100 Tue Jan 11 01:29:00 CST 1 Going home
sleepiness-50 Tue Jan 11 02:45:00 CST 1 Working
income+10 Tue Jan 11 02:45:00 CST 1 New Income
savings+10 Tue Jan 11 02:45:00 CST 1 Payment
sleepiness-50 Tue Jan 11 03:35:00 CST 1 Working
income+10 Tue Jan 11 03:35:00 CST 1 New Income
savings+10 Tue Jan 11 03:35:00 CST 1 Payment
sleepiness+100 Tue Jan 11 04:08:00 CST 1 Going home
sleepiness-50 Tue Jan 11 07:00:00 CST 1 Working
income+10 Tue Jan 11 07:00:00 CST 1 New Income
savings+10 Tue Jan 11 07:00:00 CST 1 Payment
sleepiness-50 Tue Jan 11 10:00:00 CST 1 Working
income+10 Tue Jan 11 10:00:00 CST 1 New Income
savings+10 Tue Jan 11 10:00:00 CST 1 Payment
sleepiness+100 Wed Jan 12 00:40:00 CST 1 Going home
sleepiness-50 Wed Jan 12 03:22:00 CST 1 Working
income+10 Wed Jan 12 03:22:00 CST 1 New Income
savings+10 Wed Jan 12 03:22:00 CST 1 Payment
sleepiness-50 Wed Jan 12 06:47:00 CST 1 Working
income+10 Wed Jan 12 06:47:00 CST 1 New Income
savings+10 Wed Jan 12 06:47:00 CST 1 Payment
sleepiness+100 Wed Jan 12 11:20:00 CST 1 Going home
sleepiness-50 Wed Jan 12 13:58:00 CST 1 Working
income+10 Wed Jan 12 13:58:00 CST 1 New Income
savings+10 Wed Jan 12 13:58:00 CST 1 Payment
sleepiness-50 Wed Jan 12 14:24:00 CST 1 Working
income+10 Wed Jan 12 14:24:00 CST 1 New Income
savings+10 Wed Jan 12 14:24:00 CST 1 Payment
sleepiness+100 Wed Jan 12 23:01:00 CST 1 Going home
sleepiness-50 Thu Jan 13 02:05:00 CST 1 Working
income+10 Thu Jan 13 02:05:00 CST 1 New Income
savings+10 Thu Jan 13 02:05:00 CST 1 Payment
sleepiness-50 Thu Jan 13 06:28:00 CST 1 Working
income+10 Thu Jan 13 06:28:00 CST 1 New Income
savings+10 Thu Jan 13 06:28:00 CST 1 Payment
sleepiness+100 Thu Jan 13 09:57:00 CST 1 Going home
sleepiness-50 Thu Jan 13 11:46:00 CST 1 Working
income+10 Thu Jan 13 11:46:00 CST 1 New Income
savings+10 Thu Jan 13 11:46:00 CST 1 Payment
sleepiness-50 Thu Jan 13 14:08:00 CST 1 Working
income+10 Thu Jan 13 14:08:00 CST 1 New Income
savings+10 Thu Jan 13 14:08:00 CST 1 Payment
sleepiness+100 Thu Jan 13 23:57:00 CST 1 Going home
sleepiness-50 Fri Jan 14 03:08:00 CST 1 Working
income+10 Fri Jan 14 03:08:00 CST 1 New Income
savings+10 Fri Jan 14 03:08:00 CST 1 Payment
sleepiness-50 Fri Jan 14 04:27:00 CST 1 Working
income+10 Fri Jan 14 04:27:00 CST 1 New Income
savings+10 Fri Jan 14 04:27:00 CST 1 Payment
sleepiness+100 Fri Jan 14 08:30:00 CST 1 Going home
sleepiness-50 Fri Jan 14 08:50:00 CST 1 Working
income+10 Fri Jan 14 08:50:00 CST 1 New Income
savings+10 Fri Jan 14 08:50:00 CST 1 Payment
sleepiness-50 Fri Jan 14 09:40:00 CST 1 Working
income+10 Fri Jan 14 09:40:00 CST 1 New Income
savings+10 Fri Jan 14 09:40:00 CST 1 Payment
sleepiness+100 Fri Jan 14 21:04:00 CST 1 Going home
sleepiness-50 Sat Jan 15 00:32:00 CST 1 Working
income+10 Sat Jan 15 00:32:00 CST 1 New Income
savings+10 Sat Jan 15 00:32:00 CST 1 Payment
sleepiness-50 Sat Jan 15 03:42:00 CST 1 Working
income+10 Sat Jan 15 03:42:00 CST 1 New Income
savings+10 Sat Jan 15 03:42:00 CST 1 Payment
trust+10 Sat Jan 15 08:39:00 CST 1 Voting
