age+0 Sat Jan 01 20:27:00 CST 1 creation
sleepiness-50 Sat Jan 01 20:35:00 CST 1 Working
income+10 Sat Jan 01 20:35:00 CST 1 New Income
debt-10 Sat Jan 01 20:35:00 CST 1 Payment
sleepiness-50 Sat Jan 01 21:01:00 CST 1 Working
income+10 Sat Jan 01 21:01:00 CST 1 New Income
debt-10 Sat Jan 01 21:01:00 CST 1 Payment
thirst+90 Tue Jan 04 12:39:00 CST 1 Getting water
companionship+10 Sun Jan 09 03:49:00 CST 1 Procreating
sleepiness-10 Sun Jan 09 03:49:00 CST 1 Procreating
thirst+90 Mon Jan 10 22:06:00 CST 1 Getting water
sleepiness+100 Fri Jan 14 00:01:00 CST 1 Going home
sleepiness-50 Fri Jan 14 00:18:00 CST 1 Working
income+10 Fri Jan 14 00:18:00 CST 1 New Income
savings+10 Fri Jan 14 00:18:00 CST 1 Payment
sleepiness-50 Fri Jan 14 00:50:00 CST 1 Working
income+10 Fri Jan 14 00:50:00 CST 1 New Income
savings+10 Fri Jan 14 00:50:00 CST 1 Payment
sleepiness+100 Fri Jan 14 01:02:00 CST 1 Going home
sleepiness-50 Fri Jan 14 01:55:00 CST 1 Working
income+10 Fri Jan 14 01:55:00 CST 1 New Income
savings+10 Fri Jan 14 01:55:00 CST 1 Payment
sleepiness-50 Fri Jan 14 02:29:00 CST 1 Working
income+10 Fri Jan 14 02:29:00 CST 1 New Income
savings+10 Fri Jan 14 02:29:00 CST 1 Payment
sleepiness+100 Fri Jan 14 03:26:00 CST 1 Going home
sleepiness-50 Fri Jan 14 04:22:00 CST 1 Working
income+10 Fri Jan 14 04:22:00 CST 1 New Income
savings+10 Fri Jan 14 04:22:00 CST 1 Payment
sleepiness-50 Fri Jan 14 04:35:00 CST 1 Working
income+10 Fri Jan 14 04:35:00 CST 1 New Income
savings+10 Fri Jan 14 04:35:00 CST 1 Payment
sleepiness+100 Fri Jan 14 04:49:00 CST 1 Going home
sleepiness-50 Fri Jan 14 05:45:00 CST 1 Working
income+10 Fri Jan 14 05:45:00 CST 1 New Income
savings+10 Fri Jan 14 05:45:00 CST 1 Payment
sleepiness-50 Fri Jan 14 06:03:00 CST 1 Working
income+10 Fri Jan 14 06:03:00 CST 1 New Income
savings+10 Fri Jan 14 06:03:00 CST 1 Payment
sleepiness+100 Fri Jan 14 07:05:00 CST 1 Going home
sleepiness-50 Fri Jan 14 07:30:00 CST 1 Working
income+10 Fri Jan 14 07:30:00 CST 1 New Income
savings+10 Fri Jan 14 07:30:00 CST 1 Payment
sleepiness-50 Fri Jan 14 08:02:00 CST 1 Working
income+10 Fri Jan 14 08:02:00 CST 1 New Income
savings+10 Fri Jan 14 08:02:00 CST 1 Payment
sleepiness+100 Fri Jan 14 21:10:00 CST 1 Going home
sleepiness-50 Fri Jan 14 22:06:00 CST 1 Working
income+10 Fri Jan 14 22:06:00 CST 1 New Income
savings+10 Fri Jan 14 22:06:00 CST 1 Payment
sleepiness-50 Fri Jan 14 22:13:00 CST 1 Working
income+10 Fri Jan 14 22:13:00 CST 1 New Income
savings+10 Fri Jan 14 22:13:00 CST 1 Payment
sleepiness+100 Fri Jan 14 22:26:00 CST 1 Going home
sleepiness-50 Fri Jan 14 22:52:00 CST 1 Working
income+10 Fri Jan 14 22:52:00 CST 1 New Income
savings+10 Fri Jan 14 22:52:00 CST 1 Payment
sleepiness-50 Fri Jan 14 23:29:00 CST 1 Working
income+10 Fri Jan 14 23:29:00 CST 1 New Income
savings+10 Fri Jan 14 23:29:00 CST 1 Payment
sleepiness+100 Fri Jan 14 23:43:00 CST 1 Going home
sleepiness-50 Sat Jan 15 00:13:00 CST 1 Working
income+10 Sat Jan 15 00:13:00 CST 1 New Income
savings+10 Sat Jan 15 00:13:00 CST 1 Payment
sleepiness-50 Sat Jan 15 01:01:00 CST 1 Working
income+10 Sat Jan 15 01:01:00 CST 1 New Income
savings+10 Sat Jan 15 01:01:00 CST 1 Payment
sleepiness+100 Sat Jan 15 01:55:00 CST 1 Going home
sleepiness-50 Sat Jan 15 02:26:00 CST 1 Working
income+10 Sat Jan 15 02:26:00 CST 1 New Income
savings+10 Sat Jan 15 02:26:00 CST 1 Payment
sleepiness-50 Sat Jan 15 02:51:00 CST 1 Working
income+10 Sat Jan 15 02:51:00 CST 1 New Income
savings+10 Sat Jan 15 02:51:00 CST 1 Payment
sleepiness+100 Sat Jan 15 03:44:00 CST 1 Going home
sleepiness-50 Sat Jan 15 04:07:00 CST 1 Working
income+10 Sat Jan 15 04:07:00 CST 1 New Income
savings+10 Sat Jan 15 04:07:00 CST 1 Payment
sleepiness-50 Sat Jan 15 04:32:00 CST 1 Working
income+10 Sat Jan 15 04:32:00 CST 1 New Income
savings+10 Sat Jan 15 04:32:00 CST 1 Payment
sleepiness+100 Sat Jan 15 05:25:00 CST 1 Going home
sleepiness-50 Sat Jan 15 05:47:00 CST 1 Working
income+10 Sat Jan 15 05:47:00 CST 1 New Income
savings+10 Sat Jan 15 05:47:00 CST 1 Payment
sleepiness-50 Sat Jan 15 06:39:00 CST 1 Working
income+10 Sat Jan 15 06:39:00 CST 1 New Income
savings+10 Sat Jan 15 06:39:00 CST 1 Payment
sleepiness+100 Sat Jan 15 06:58:00 CST 1 Going home
sleepiness-50 Sat Jan 15 07:43:00 CST 1 Working
income+10 Sat Jan 15 07:43:00 CST 1 New Income
savings+10 Sat Jan 15 07:43:00 CST 1 Payment
sleepiness-50 Sat Jan 15 07:52:00 CST 1 Working
income+10 Sat Jan 15 07:52:00 CST 1 New Income
savings+10 Sat Jan 15 07:52:00 CST 1 Payment
