age+0 Sat Jan 01 18:35:00 CST 1 creation
sleepiness-50 Sat Jan 01 20:09:00 CST 1 Working
income+10 Sat Jan 01 20:09:00 CST 1 New Income
debt-10 Sat Jan 01 20:09:00 CST 1 Payment
income+0 Sat Jan 01 20:40:00 CST 1 Bought a House
bills+0 Sat Jan 01 20:40:00 CST 1 Bought a House
taxes+0 Sat Jan 01 20:40:00 CST 1 Bought a House
savings+85 Sat Jan 01 20:40:00 CST 1 Bought a House
debt+15 Sat Jan 01 20:40:00 CST 1 Bought a House
sleepiness-50 Sun Jan 02 00:45:00 CST 1 Working
income+10 Sun Jan 02 00:45:00 CST 1 New Income
debt-10 Sun Jan 02 00:45:00 CST 1 Payment
thirst+90 Mon Jan 03 06:07:00 CST 1 Getting water
thirst+90 Sun Jan 09 11:57:00 CST 1 Getting water
sleepiness+100 Fri Jan 14 06:40:00 CST 1 Going home
sleepiness-50 Fri Jan 14 09:51:00 CST 1 Working
income+10 Fri Jan 14 09:51:00 CST 1 New Income
debt-10 Fri Jan 14 09:51:00 CST 1 Payment
sleepiness-50 Fri Jan 14 12:52:00 CST 1 Working
income+10 Fri Jan 14 12:52:00 CST 1 New Income
debt-10 Fri Jan 14 12:52:00 CST 1 Payment
sleepiness+100 Fri Jan 14 21:49:00 CST 1 Going home
sleepiness-50 Fri Jan 14 23:07:00 CST 1 Working
income+10 Fri Jan 14 23:07:00 CST 1 New Income
debt-10 Fri Jan 14 23:07:00 CST 1 Payment
sleepiness-50 Sat Jan 15 01:48:00 CST 1 Working
income+10 Sat Jan 15 01:48:00 CST 1 New Income
debt-10 Sat Jan 15 01:48:00 CST 1 Payment
sleepiness+100 Sat Jan 15 05:23:00 CST 1 Going home
sleepiness-50 Sat Jan 15 07:25:00 CST 1 Working
income+10 Sat Jan 15 07:25:00 CST 1 New Income
debt-10 Sat Jan 15 07:25:00 CST 1 Payment
sleepiness-50 Sat Jan 15 07:57:00 CST 1 Working
income+10 Sat Jan 15 07:57:00 CST 1 New Income
debt-10 Sat Jan 15 07:57:00 CST 1 Payment
