age+0 Fri Jan 07 05:33:00 CST 1 creation
sleepiness-50 Fri Jan 07 05:33:00 CST 1 Working
income+10 Fri Jan 07 05:33:00 CST 1 New Income
debt-10 Fri Jan 07 05:33:00 CST 1 Payment
sleepiness-50 Fri Jan 07 06:23:00 CST 1 Working
income+10 Fri Jan 07 06:23:00 CST 1 New Income
debt-10 Fri Jan 07 06:23:00 CST 1 Payment
thirst+90 Fri Jan 07 21:43:00 CST 1 Getting water
sleepiness+100 Sat Jan 08 23:57:00 CST 1 Going home
sleepiness-50 Sun Jan 09 00:32:00 CST 1 Working
income+10 Sun Jan 09 00:32:00 CST 1 New Income
debt-10 Sun Jan 09 00:32:00 CST 1 Payment
sleepiness-50 Sun Jan 09 00:46:00 CST 1 Working
income+10 Sun Jan 09 00:46:00 CST 1 New Income
debt-10 Sun Jan 09 00:46:00 CST 1 Payment
sleepiness+100 Sun Jan 09 01:39:00 CST 1 Going home
sleepiness-50 Sun Jan 09 01:52:00 CST 1 Working
income+10 Sun Jan 09 01:52:00 CST 1 New Income
debt-10 Sun Jan 09 01:52:00 CST 1 Payment
sleepiness-50 Sun Jan 09 02:05:00 CST 1 Working
income+10 Sun Jan 09 02:05:00 CST 1 New Income
debt-10 Sun Jan 09 02:05:00 CST 1 Payment
sleepiness+100 Sun Jan 09 02:18:00 CST 1 Going home
sleepiness-50 Sun Jan 09 03:11:00 CST 1 Working
income+10 Sun Jan 09 03:11:00 CST 1 New Income
savings+10 Sun Jan 09 03:11:00 CST 1 Payment
sleepiness-50 Sun Jan 09 03:32:00 CST 1 Working
income+10 Sun Jan 09 03:32:00 CST 1 New Income
savings+10 Sun Jan 09 03:32:00 CST 1 Payment
sleepiness+100 Sun Jan 09 04:04:00 CST 1 Going home
sleepiness-50 Sun Jan 09 04:17:00 CST 1 Working
income+10 Sun Jan 09 04:17:00 CST 1 New Income
savings+10 Sun Jan 09 04:17:00 CST 1 Payment
sleepiness-50 Sun Jan 09 04:30:00 CST 1 Working
income+10 Sun Jan 09 04:30:00 CST 1 New Income
savings+10 Sun Jan 09 04:30:00 CST 1 Payment
sleepiness+100 Sun Jan 09 04:40:00 CST 1 Going home
sleepiness-50 Sun Jan 09 05:12:00 CST 1 Working
income+10 Sun Jan 09 05:12:00 CST 1 New Income
savings+10 Sun Jan 09 05:12:00 CST 1 Payment
sleepiness-50 Sun Jan 09 05:25:00 CST 1 Working
income+10 Sun Jan 09 05:25:00 CST 1 New Income
savings+10 Sun Jan 09 05:25:00 CST 1 Payment
sleepiness+100 Sun Jan 09 05:35:00 CST 1 Going home
sleepiness-50 Sun Jan 09 06:07:00 CST 1 Working
income+10 Sun Jan 09 06:07:00 CST 1 New Income
savings+10 Sun Jan 09 06:07:00 CST 1 Payment
sleepiness-50 Sun Jan 09 06:23:00 CST 1 Working
income+10 Sun Jan 09 06:23:00 CST 1 New Income
savings+10 Sun Jan 09 06:23:00 CST 1 Payment
sleepiness+100 Sun Jan 09 07:19:00 CST 1 Going home
sleepiness-50 Sun Jan 09 07:34:00 CST 1 Working
income+10 Sun Jan 09 07:34:00 CST 1 New Income
savings+10 Sun Jan 09 07:34:00 CST 1 Payment
sleepiness-50 Sun Jan 09 07:41:00 CST 1 Working
income+10 Sun Jan 09 07:41:00 CST 1 New Income
savings+10 Sun Jan 09 07:41:00 CST 1 Payment
sleepiness+100 Sun Jan 09 07:54:00 CST 1 Going home
sleepiness-50 Sun Jan 09 08:09:00 CST 1 Working
income+10 Sun Jan 09 08:09:00 CST 1 New Income
savings+10 Sun Jan 09 08:09:00 CST 1 Payment
sleepiness-50 Sun Jan 09 08:22:00 CST 1 Working
income+10 Sun Jan 09 08:22:00 CST 1 New Income
savings+10 Sun Jan 09 08:22:00 CST 1 Payment
sleepiness+100 Sun Jan 09 21:12:00 CST 1 Going home
sleepiness-50 Sun Jan 09 21:57:00 CST 1 Working
income+10 Sun Jan 09 21:57:00 CST 1 New Income
savings+10 Sun Jan 09 21:57:00 CST 1 Payment
sleepiness-50 Sun Jan 09 22:30:00 CST 1 Working
income+10 Sun Jan 09 22:30:00 CST 1 New Income
savings+10 Sun Jan 09 22:30:00 CST 1 Payment
sleepiness+100 Sun Jan 09 22:49:00 CST 1 Going home
sleepiness-50 Sun Jan 09 23:34:00 CST 1 Working
income+10 Sun Jan 09 23:34:00 CST 1 New Income
savings+10 Sun Jan 09 23:34:00 CST 1 Payment
sleepiness-50 Mon Jan 10 00:04:00 CST 1 Working
income+10 Mon Jan 10 00:04:00 CST 1 New Income
savings+10 Mon Jan 10 00:04:00 CST 1 Payment
sleepiness+100 Mon Jan 10 00:22:00 CST 1 Going home
sleepiness-50 Mon Jan 10 01:07:00 CST 1 Working
income+10 Mon Jan 10 01:07:00 CST 1 New Income
savings+10 Mon Jan 10 01:07:00 CST 1 Payment
sleepiness-50 Mon Jan 10 01:33:00 CST 1 Working
income+10 Mon Jan 10 01:33:00 CST 1 New Income
savings+10 Mon Jan 10 01:33:00 CST 1 Payment
sleepiness+100 Mon Jan 10 01:51:00 CST 1 Going home
sleepiness-50 Mon Jan 10 02:54:00 CST 1 Working
income+10 Mon Jan 10 02:54:00 CST 1 New Income
savings+10 Mon Jan 10 02:54:00 CST 1 Payment
sleepiness-50 Mon Jan 10 03:20:00 CST 1 Working
income+10 Mon Jan 10 03:20:00 CST 1 New Income
savings+10 Mon Jan 10 03:20:00 CST 1 Payment
sleepiness+100 Mon Jan 10 03:38:00 CST 1 Going home
sleepiness-50 Mon Jan 10 04:41:00 CST 1 Working
income+10 Mon Jan 10 04:41:00 CST 1 New Income
savings+10 Mon Jan 10 04:41:00 CST 1 Payment
sleepiness-50 Mon Jan 10 05:07:00 CST 1 Working
income+10 Mon Jan 10 05:07:00 CST 1 New Income
savings+10 Mon Jan 10 05:07:00 CST 1 Payment
sleepiness+100 Mon Jan 10 05:25:00 CST 1 Going home
sleepiness-50 Mon Jan 10 06:28:00 CST 1 Working
income+10 Mon Jan 10 06:28:00 CST 1 New Income
savings+10 Mon Jan 10 06:28:00 CST 1 Payment
sleepiness-50 Mon Jan 10 06:54:00 CST 1 Working
income+10 Mon Jan 10 06:54:00 CST 1 New Income
savings+10 Mon Jan 10 06:54:00 CST 1 Payment
sleepiness+100 Mon Jan 10 07:12:00 CST 1 Going home
sleepiness-50 Mon Jan 10 08:04:00 CST 1 Working
income+10 Mon Jan 10 08:04:00 CST 1 New Income
savings+10 Mon Jan 10 08:04:00 CST 1 Payment
sleepiness-50 Mon Jan 10 08:30:00 CST 1 Working
income+10 Mon Jan 10 08:30:00 CST 1 New Income
savings+10 Mon Jan 10 08:30:00 CST 1 Payment
sleepiness+100 Mon Jan 10 21:12:00 CST 1 Going home
sleepiness-50 Mon Jan 10 22:04:00 CST 1 Working
income+10 Mon Jan 10 22:04:00 CST 1 New Income
savings+10 Mon Jan 10 22:04:00 CST 1 Payment
sleepiness-50 Mon Jan 10 22:30:00 CST 1 Working
income+10 Mon Jan 10 22:30:00 CST 1 New Income
savings+10 Mon Jan 10 22:30:00 CST 1 Payment
sleepiness+100 Mon Jan 10 22:48:00 CST 1 Going home
sleepiness-50 Mon Jan 10 23:51:00 CST 1 Working
income+10 Mon Jan 10 23:51:00 CST 1 New Income
savings+10 Mon Jan 10 23:51:00 CST 1 Payment
sleepiness-50 Tue Jan 11 00:15:00 CST 1 Working
income+10 Tue Jan 11 00:15:00 CST 1 New Income
savings+10 Tue Jan 11 00:15:00 CST 1 Payment
sleepiness+100 Tue Jan 11 00:33:00 CST 1 Going home
sleepiness-50 Tue Jan 11 01:25:00 CST 1 Working
income+10 Tue Jan 11 01:25:00 CST 1 New Income
savings+10 Tue Jan 11 01:25:00 CST 1 Payment
sleepiness-50 Tue Jan 11 01:51:00 CST 1 Working
income+10 Tue Jan 11 01:51:00 CST 1 New Income
savings+10 Tue Jan 11 01:51:00 CST 1 Payment
sleepiness+100 Tue Jan 11 02:09:00 CST 1 Going home
sleepiness-50 Tue Jan 11 03:01:00 CST 1 Working
income+10 Tue Jan 11 03:01:00 CST 1 New Income
savings+10 Tue Jan 11 03:01:00 CST 1 Payment
sleepiness-50 Tue Jan 11 03:27:00 CST 1 Working
income+10 Tue Jan 11 03:27:00 CST 1 New Income
savings+10 Tue Jan 11 03:27:00 CST 1 Payment
sleepiness+100 Tue Jan 11 03:45:00 CST 1 Going home
sleepiness-50 Tue Jan 11 04:36:00 CST 1 Working
income+10 Tue Jan 11 04:36:00 CST 1 New Income
savings+10 Tue Jan 11 04:36:00 CST 1 Payment
sleepiness-50 Tue Jan 11 05:02:00 CST 1 Working
income+10 Tue Jan 11 05:02:00 CST 1 New Income
savings+10 Tue Jan 11 05:02:00 CST 1 Payment
sleepiness+100 Tue Jan 11 05:20:00 CST 1 Going home
sleepiness-50 Tue Jan 11 06:14:00 CST 1 Working
income+10 Tue Jan 11 06:14:00 CST 1 New Income
savings+10 Tue Jan 11 06:14:00 CST 1 Payment
sleepiness-50 Tue Jan 11 07:04:00 CST 1 Working
income+10 Tue Jan 11 07:04:00 CST 1 New Income
savings+10 Tue Jan 11 07:04:00 CST 1 Payment
sleepiness+100 Tue Jan 11 07:24:00 CST 1 Going home
sleepiness-50 Tue Jan 11 08:29:00 CST 1 Working
income+10 Tue Jan 11 08:29:00 CST 1 New Income
savings+10 Tue Jan 11 08:29:00 CST 1 Payment
sleepiness-50 Tue Jan 11 09:19:00 CST 1 Working
income+10 Tue Jan 11 09:19:00 CST 1 New Income
savings+10 Tue Jan 11 09:19:00 CST 1 Payment
sleepiness+100 Tue Jan 11 21:14:00 CST 1 Going home
sleepiness-50 Tue Jan 11 22:19:00 CST 1 Working
income+10 Tue Jan 11 22:19:00 CST 1 New Income
savings+10 Tue Jan 11 22:19:00 CST 1 Payment
sleepiness-50 Tue Jan 11 23:09:00 CST 1 Working
income+10 Tue Jan 11 23:09:00 CST 1 New Income
savings+10 Tue Jan 11 23:09:00 CST 1 Payment
sleepiness+100 Tue Jan 11 23:29:00 CST 1 Going home
sleepiness-50 Wed Jan 12 00:32:00 CST 1 Working
income+10 Wed Jan 12 00:32:00 CST 1 New Income
savings+10 Wed Jan 12 00:32:00 CST 1 Payment
sleepiness-50 Wed Jan 12 01:22:00 CST 1 Working
income+10 Wed Jan 12 01:22:00 CST 1 New Income
savings+10 Wed Jan 12 01:22:00 CST 1 Payment
sleepiness+100 Wed Jan 12 01:42:00 CST 1 Going home
sleepiness-50 Wed Jan 12 02:47:00 CST 1 Working
income+10 Wed Jan 12 02:47:00 CST 1 New Income
savings+10 Wed Jan 12 02:47:00 CST 1 Payment
sleepiness-50 Wed Jan 12 03:37:00 CST 1 Working
income+10 Wed Jan 12 03:37:00 CST 1 New Income
savings+10 Wed Jan 12 03:37:00 CST 1 Payment
sleepiness+100 Wed Jan 12 03:57:00 CST 1 Going home
sleepiness-50 Wed Jan 12 05:02:00 CST 1 Working
income+10 Wed Jan 12 05:02:00 CST 1 New Income
savings+10 Wed Jan 12 05:02:00 CST 1 Payment
sleepiness-50 Wed Jan 12 05:52:00 CST 1 Working
income+10 Wed Jan 12 05:52:00 CST 1 New Income
savings+10 Wed Jan 12 05:52:00 CST 1 Payment
sleepiness+100 Wed Jan 12 06:12:00 CST 1 Going home
sleepiness-50 Wed Jan 12 07:17:00 CST 1 Working
income+10 Wed Jan 12 07:17:00 CST 1 New Income
savings+10 Wed Jan 12 07:17:00 CST 1 Payment
sleepiness-50 Wed Jan 12 08:07:00 CST 1 Working
income+10 Wed Jan 12 08:07:00 CST 1 New Income
savings+10 Wed Jan 12 08:07:00 CST 1 Payment
sleepiness+100 Wed Jan 12 21:14:00 CST 1 Going home
sleepiness-50 Wed Jan 12 22:19:00 CST 1 Working
income+10 Wed Jan 12 22:19:00 CST 1 New Income
savings+10 Wed Jan 12 22:19:00 CST 1 Payment
sleepiness-50 Wed Jan 12 23:09:00 CST 1 Working
income+10 Wed Jan 12 23:09:00 CST 1 New Income
savings+10 Wed Jan 12 23:09:00 CST 1 Payment
sleepiness+100 Wed Jan 12 23:29:00 CST 1 Going home
sleepiness-50 Thu Jan 13 00:32:00 CST 1 Working
income+10 Thu Jan 13 00:32:00 CST 1 New Income
savings+10 Thu Jan 13 00:32:00 CST 1 Payment
sleepiness-50 Thu Jan 13 01:22:00 CST 1 Working
income+10 Thu Jan 13 01:22:00 CST 1 New Income
savings+10 Thu Jan 13 01:22:00 CST 1 Payment
sleepiness+100 Thu Jan 13 01:42:00 CST 1 Going home
sleepiness-50 Thu Jan 13 02:47:00 CST 1 Working
income+10 Thu Jan 13 02:47:00 CST 1 New Income
savings+10 Thu Jan 13 02:47:00 CST 1 Payment
sleepiness-50 Thu Jan 13 03:37:00 CST 1 Working
income+10 Thu Jan 13 03:37:00 CST 1 New Income
savings+10 Thu Jan 13 03:37:00 CST 1 Payment
sleepiness+100 Thu Jan 13 03:57:00 CST 1 Going home
sleepiness-50 Thu Jan 13 05:03:00 CST 1 Working
income+10 Thu Jan 13 05:03:00 CST 1 New Income
savings+10 Thu Jan 13 05:03:00 CST 1 Payment
sleepiness-50 Thu Jan 13 05:29:00 CST 1 Working
income+10 Thu Jan 13 05:29:00 CST 1 New Income
savings+10 Thu Jan 13 05:29:00 CST 1 Payment
sleepiness+100 Thu Jan 13 05:52:00 CST 1 Going home
sleepiness-50 Thu Jan 13 06:58:00 CST 1 Working
income+10 Thu Jan 13 06:58:00 CST 1 New Income
savings+10 Thu Jan 13 06:58:00 CST 1 Payment
sleepiness-50 Thu Jan 13 07:24:00 CST 1 Working
income+10 Thu Jan 13 07:24:00 CST 1 New Income
savings+10 Thu Jan 13 07:24:00 CST 1 Payment
sleepiness+100 Thu Jan 13 07:47:00 CST 1 Going home
sleepiness-50 Thu Jan 13 08:53:00 CST 1 Working
income+10 Thu Jan 13 08:53:00 CST 1 New Income
savings+10 Thu Jan 13 08:53:00 CST 1 Payment
sleepiness-50 Thu Jan 13 09:25:00 CST 1 Working
income+10 Thu Jan 13 09:25:00 CST 1 New Income
savings+10 Thu Jan 13 09:25:00 CST 1 Payment
sleepiness+100 Thu Jan 13 21:22:00 CST 1 Going home
sleepiness-50 Thu Jan 13 21:46:00 CST 1 Working
income+10 Thu Jan 13 21:46:00 CST 1 New Income
savings+10 Thu Jan 13 21:46:00 CST 1 Payment
sleepiness-50 Thu Jan 13 22:39:00 CST 1 Working
income+10 Thu Jan 13 22:39:00 CST 1 New Income
savings+10 Thu Jan 13 22:39:00 CST 1 Payment
sleepiness+100 Thu Jan 13 22:23:00 CST 1 Going home
sleepiness-50 Thu Jan 13 23:39:00 CST 1 Working
income+10 Thu Jan 13 23:39:00 CST 1 New Income
savings+10 Thu Jan 13 23:39:00 CST 1 Payment
sleepiness-50 Thu Jan 13 23:12:00 CST 1 Working
income+10 Thu Jan 13 23:12:00 CST 1 New Income
savings+10 Thu Jan 13 23:12:00 CST 1 Payment
sleepiness+100 Thu Jan 13 23:36:00 CST 1 Going home
sleepiness-50 Fri Jan 14 00:11:00 CST 1 Working
income+10 Fri Jan 14 00:11:00 CST 1 New Income
savings+10 Fri Jan 14 00:11:00 CST 1 Payment
sleepiness-50 Fri Jan 14 00:26:00 CST 1 Working
income+10 Fri Jan 14 00:26:00 CST 1 New Income
savings+10 Fri Jan 14 00:26:00 CST 1 Payment
sleepiness+100 Fri Jan 14 01:11:00 CST 1 Going home
sleepiness-50 Fri Jan 14 01:42:00 CST 1 Working
income+10 Fri Jan 14 01:42:00 CST 1 New Income
savings+10 Fri Jan 14 01:42:00 CST 1 Payment
sleepiness-50 Fri Jan 14 02:01:00 CST 1 Working
income+10 Fri Jan 14 02:01:00 CST 1 New Income
savings+10 Fri Jan 14 02:01:00 CST 1 Payment
sleepiness+100 Fri Jan 14 02:23:00 CST 1 Going home
sleepiness-50 Fri Jan 14 03:29:00 CST 1 Working
income+10 Fri Jan 14 03:29:00 CST 1 New Income
savings+10 Fri Jan 14 03:29:00 CST 1 Payment
sleepiness-50 Fri Jan 14 03:49:00 CST 1 Working
income+10 Fri Jan 14 03:49:00 CST 1 New Income
savings+10 Fri Jan 14 03:49:00 CST 1 Payment
sleepiness+100 Fri Jan 14 04:11:00 CST 1 Going home
sleepiness-50 Fri Jan 14 05:17:00 CST 1 Working
income+10 Fri Jan 14 05:17:00 CST 1 New Income
savings+10 Fri Jan 14 05:17:00 CST 1 Payment
sleepiness-50 Fri Jan 14 05:46:00 CST 1 Working
income+10 Fri Jan 14 05:46:00 CST 1 New Income
savings+10 Fri Jan 14 05:46:00 CST 1 Payment
sleepiness+100 Fri Jan 14 06:54:00 CST 1 Going home
sleepiness-50 Fri Jan 14 07:30:00 CST 1 Working
income+10 Fri Jan 14 07:30:00 CST 1 New Income
savings+10 Fri Jan 14 07:30:00 CST 1 Payment
sleepiness-50 Fri Jan 14 08:20:00 CST 1 Working
income+10 Fri Jan 14 08:20:00 CST 1 New Income
savings+10 Fri Jan 14 08:20:00 CST 1 Payment
sleepiness+100 Fri Jan 14 21:18:00 CST 1 Going home
sleepiness-50 Fri Jan 14 22:01:00 CST 1 Working
income+10 Fri Jan 14 22:01:00 CST 1 New Income
savings+10 Fri Jan 14 22:01:00 CST 1 Payment
sleepiness-50 Fri Jan 14 22:14:00 CST 1 Working
income+10 Fri Jan 14 22:14:00 CST 1 New Income
savings+10 Fri Jan 14 22:14:00 CST 1 Payment
sleepiness+100 Fri Jan 14 22:38:00 CST 1 Going home
sleepiness-50 Fri Jan 14 23:14:00 CST 1 Working
income+10 Fri Jan 14 23:14:00 CST 1 New Income
savings+10 Fri Jan 14 23:14:00 CST 1 Payment
sleepiness-50 Fri Jan 14 23:20:00 CST 1 Working
income+10 Fri Jan 14 23:20:00 CST 1 New Income
savings+10 Fri Jan 14 23:20:00 CST 1 Payment
sleepiness+100 Sat Jan 15 00:22:00 CST 1 Going home
sleepiness-50 Sat Jan 15 01:05:00 CST 1 Working
income+10 Sat Jan 15 01:05:00 CST 1 New Income
savings+10 Sat Jan 15 01:05:00 CST 1 Payment
sleepiness-50 Sat Jan 15 01:20:00 CST 1 Working
income+10 Sat Jan 15 01:20:00 CST 1 New Income
savings+10 Sat Jan 15 01:20:00 CST 1 Payment
sleepiness+100 Sat Jan 15 02:23:00 CST 1 Going home
sleepiness-50 Sat Jan 15 02:50:00 CST 1 Working
income+10 Sat Jan 15 02:50:00 CST 1 New Income
savings+10 Sat Jan 15 02:50:00 CST 1 Payment
sleepiness-50 Sat Jan 15 03:36:00 CST 1 Working
income+10 Sat Jan 15 03:36:00 CST 1 New Income
savings+10 Sat Jan 15 03:36:00 CST 1 Payment
sleepiness+100 Sat Jan 15 04:39:00 CST 1 Going home
sleepiness-50 Sat Jan 15 05:42:00 CST 1 Working
income+10 Sat Jan 15 05:42:00 CST 1 New Income
savings+10 Sat Jan 15 05:42:00 CST 1 Payment
sleepiness-50 Sat Jan 15 06:39:00 CST 1 Working
income+10 Sat Jan 15 06:39:00 CST 1 New Income
savings+10 Sat Jan 15 06:39:00 CST 1 Payment
sleepiness+100 Sat Jan 15 07:02:00 CST 1 Going home
sleepiness-50 Sat Jan 15 08:05:00 CST 1 Working
income+10 Sat Jan 15 08:05:00 CST 1 New Income
savings+10 Sat Jan 15 08:05:00 CST 1 Payment
sleepiness-50 Sat Jan 15 08:52:00 CST 1 Working
income+10 Sat Jan 15 08:52:00 CST 1 New Income
savings+10 Sat Jan 15 08:52:00 CST 1 Payment
