age+0 Sat Jan 01 01:31:00 CST 1 creation
sleepiness-50 Sat Jan 01 03:01:00 CST 1 Working
income+10 Sat Jan 01 03:01:00 CST 1 New Income
debt-10 Sat Jan 01 03:01:00 CST 1 Payment
sleepiness-50 Sat Jan 01 05:28:00 CST 1 Working
income+10 Sat Jan 01 05:28:00 CST 1 New Income
savings+10 Sat Jan 01 05:28:00 CST 1 Payment
income+0 Sat Jan 01 06:17:00 CST 1 Bought a House
bills+0 Sat Jan 01 06:17:00 CST 1 Bought a House
taxes+0 Sat Jan 01 06:17:00 CST 1 Bought a House
savings+34 Sat Jan 01 06:17:00 CST 1 Bought a House
debt+66 Sat Jan 01 06:17:00 CST 1 Bought a House
sleepiness+100 Sat Jan 01 07:55:00 CST 1 Going home
sleepiness-50 Sat Jan 01 11:21:00 CST 1 Working
income+10 Sat Jan 01 11:21:00 CST 1 New Income
debt-10 Sat Jan 01 11:21:00 CST 1 Payment
sleepiness-50 Sat Jan 01 12:45:00 CST 1 Working
income+10 Sat Jan 01 12:45:00 CST 1 New Income
debt-10 Sat Jan 01 12:45:00 CST 1 Payment
N/A+0 Mon Jan 03 00:00:00 CST 1 death
