age+0 Sat Jan 01 01:31:00 CST 1 creation
sleepiness-50 Sat Jan 01 02:38:00 CST 1 Working
income+10 Sat Jan 01 02:38:00 CST 1 New Income
debt-10 Sat Jan 01 02:38:00 CST 1 Payment
sleepiness-50 Sat Jan 01 05:04:00 CST 1 Working
income+10 Sat Jan 01 05:04:00 CST 1 New Income
debt-10 Sat Jan 01 05:04:00 CST 1 Payment
sleepiness+100 Sat Jan 01 07:20:00 CST 1 Going home
sleepiness-50 Sat Jan 01 10:39:00 CST 1 Working
income+10 Sat Jan 01 10:39:00 CST 1 New Income
debt-10 Sat Jan 01 10:39:00 CST 1 Payment
sleepiness-50 Sat Jan 01 12:04:00 CST 1 Working
income+10 Sat Jan 01 12:04:00 CST 1 New Income
savings+10 Sat Jan 01 12:04:00 CST 1 Payment
income+0 Sat Jan 01 12:33:00 CST 1 Bought a House
bills+0 Sat Jan 01 12:33:00 CST 1 Bought a House
taxes+0 Sat Jan 01 12:33:00 CST 1 Bought a House
savings+42 Sat Jan 01 12:33:00 CST 1 Bought a House
debt+58 Sat Jan 01 12:33:00 CST 1 Bought a House
companionship+10 Sat Jan 01 17:15:00 CST 1 Procreating
sleepiness-10 Sat Jan 01 17:15:00 CST 1 Procreating
N/A+0 Mon Jan 03 00:00:00 CST 1 death
