age+0 Sat Jan 01 01:31:00 CST 1 creation
sleepiness-50 Sat Jan 01 01:33:00 CST 1 Working
income+10 Sat Jan 01 01:33:00 CST 1 New Income
debt-10 Sat Jan 01 01:33:00 CST 1 Payment
sleepiness-50 Sat Jan 01 02:22:00 CST 1 Working
income+10 Sat Jan 01 02:22:00 CST 1 New Income
debt-10 Sat Jan 01 02:22:00 CST 1 Payment
sleepiness+100 Sat Jan 01 03:45:00 CST 1 Going home
sleepiness-50 Sat Jan 01 04:00:00 CST 1 Working
income+10 Sat Jan 01 04:00:00 CST 1 New Income
debt-10 Sat Jan 01 04:00:00 CST 1 Payment
sleepiness-50 Sat Jan 01 04:49:00 CST 1 Working
income+10 Sat Jan 01 04:49:00 CST 1 New Income
debt-10 Sat Jan 01 04:49:00 CST 1 Payment
sleepiness+100 Sat Jan 01 05:39:00 CST 1 Going home
sleepiness-50 Sat Jan 01 05:40:00 CST 1 Working
income+10 Sat Jan 01 05:40:00 CST 1 New Income
debt-10 Sat Jan 01 05:40:00 CST 1 Payment
sleepiness-50 Sat Jan 01 06:32:00 CST 1 Working
income+10 Sat Jan 01 06:32:00 CST 1 New Income
debt-10 Sat Jan 01 06:32:00 CST 1 Payment
sleepiness+100 Sat Jan 01 07:29:00 CST 1 Going home
sleepiness-50 Sat Jan 01 08:08:00 CST 1 Working
income+10 Sat Jan 01 08:08:00 CST 1 New Income
debt-10 Sat Jan 01 08:08:00 CST 1 Payment
sleepiness-50 Sat Jan 01 08:22:00 CST 1 Working
income+10 Sat Jan 01 08:22:00 CST 1 New Income
debt-10 Sat Jan 01 08:22:00 CST 1 Payment
sleepiness+100 Sat Jan 01 21:05:00 CST 1 Going home
sleepiness-50 Sat Jan 01 22:04:00 CST 1 Working
income+10 Sat Jan 01 22:04:00 CST 1 New Income
debt-10 Sat Jan 01 22:04:00 CST 1 Payment
income+0 Sat Jan 01 22:36:00 CST 1 Bought a House
bills+0 Sat Jan 01 22:36:00 CST 1 Bought a House
taxes+0 Sat Jan 01 22:36:00 CST 1 Bought a House
savings+76 Sat Jan 01 22:36:00 CST 1 Bought a House
debt+24 Sat Jan 01 22:36:00 CST 1 Bought a House
sleepiness-50 Sat Jan 01 22:37:00 CST 1 Working
income+10 Sat Jan 01 22:37:00 CST 1 New Income
debt-10 Sat Jan 01 22:37:00 CST 1 Payment
thirst+90 Sun Jan 02 06:17:00 CST 1 Getting water
thirst+90 Sat Jan 08 12:10:00 CST 1 Getting water
companionship+10 Wed Jan 12 01:32:00 CST 1 Procreating
sleepiness-10 Wed Jan 12 01:32:00 CST 1 Procreating
sleepiness+100 Fri Jan 14 01:06:00 CST 1 Going home
sleepiness-50 Fri Jan 14 01:42:00 CST 1 Working
income+10 Fri Jan 14 01:42:00 CST 1 New Income
debt-10 Fri Jan 14 01:42:00 CST 1 Payment
sleepiness-50 Fri Jan 14 01:49:00 CST 1 Working
income+10 Fri Jan 14 01:49:00 CST 1 New Income
debt-10 Fri Jan 14 01:49:00 CST 1 Payment
sleepiness+100 Fri Jan 14 02:01:00 CST 1 Going home
sleepiness-50 Fri Jan 14 02:43:00 CST 1 Working
income+10 Fri Jan 14 02:43:00 CST 1 New Income
debt-10 Fri Jan 14 02:43:00 CST 1 Payment
sleepiness-50 Fri Jan 14 02:50:00 CST 1 Working
income+10 Fri Jan 14 02:50:00 CST 1 New Income
debt-10 Fri Jan 14 02:50:00 CST 1 Payment
sleepiness+100 Fri Jan 14 03:02:00 CST 1 Going home
sleepiness-50 Fri Jan 14 03:44:00 CST 1 Working
income+10 Fri Jan 14 03:44:00 CST 1 New Income
debt-10 Fri Jan 14 03:44:00 CST 1 Payment
sleepiness-50 Fri Jan 14 03:53:00 CST 1 Working
income+10 Fri Jan 14 03:53:00 CST 1 New Income
debt-10 Fri Jan 14 03:53:00 CST 1 Payment
sleepiness+100 Fri Jan 14 04:07:00 CST 1 Going home
sleepiness-50 Fri Jan 14 04:43:00 CST 1 Working
income+10 Fri Jan 14 04:43:00 CST 1 New Income
debt-10 Fri Jan 14 04:43:00 CST 1 Payment
sleepiness-50 Fri Jan 14 04:50:00 CST 1 Working
income+10 Fri Jan 14 04:50:00 CST 1 New Income
debt-10 Fri Jan 14 04:50:00 CST 1 Payment
sleepiness+100 Fri Jan 14 05:01:00 CST 1 Going home
sleepiness-50 Fri Jan 14 05:32:00 CST 1 Working
income+10 Fri Jan 14 05:32:00 CST 1 New Income
debt-10 Fri Jan 14 05:32:00 CST 1 Payment
sleepiness-50 Fri Jan 14 06:04:00 CST 1 Working
income+10 Fri Jan 14 06:04:00 CST 1 New Income
savings+10 Fri Jan 14 06:04:00 CST 1 Payment
sleepiness+100 Fri Jan 14 06:46:00 CST 1 Going home
sleepiness-50 Fri Jan 14 07:15:00 CST 1 Working
income+10 Fri Jan 14 07:15:00 CST 1 New Income
savings+10 Fri Jan 14 07:15:00 CST 1 Payment
sleepiness-50 Fri Jan 14 08:00:00 CST 1 Working
income+10 Fri Jan 14 08:00:00 CST 1 New Income
savings+10 Fri Jan 14 08:00:00 CST 1 Payment
sleepiness+100 Fri Jan 14 21:08:00 CST 1 Going home
sleepiness-50 Fri Jan 14 21:32:00 CST 1 Working
income+10 Fri Jan 14 21:32:00 CST 1 New Income
savings+10 Fri Jan 14 21:32:00 CST 1 Payment
sleepiness-50 Fri Jan 14 22:19:00 CST 1 Working
income+10 Fri Jan 14 22:19:00 CST 1 New Income
savings+10 Fri Jan 14 22:19:00 CST 1 Payment
sleepiness+100 Fri Jan 14 23:14:00 CST 1 Going home
sleepiness-50 Fri Jan 14 23:50:00 CST 1 Working
income+10 Fri Jan 14 23:50:00 CST 1 New Income
savings+10 Fri Jan 14 23:50:00 CST 1 Payment
sleepiness-50 Sat Jan 15 00:36:00 CST 1 Working
income+10 Sat Jan 15 00:36:00 CST 1 New Income
savings+10 Sat Jan 15 00:36:00 CST 1 Payment
sleepiness+100 Sat Jan 15 00:49:00 CST 1 Going home
sleepiness-50 Sat Jan 15 01:13:00 CST 1 Working
income+10 Sat Jan 15 01:13:00 CST 1 New Income
savings+10 Sat Jan 15 01:13:00 CST 1 Payment
sleepiness-50 Sat Jan 15 02:00:00 CST 1 Working
income+10 Sat Jan 15 02:00:00 CST 1 New Income
savings+10 Sat Jan 15 02:00:00 CST 1 Payment
sleepiness+100 Sat Jan 15 02:54:00 CST 1 Going home
sleepiness-50 Sat Jan 15 03:18:00 CST 1 Working
income+10 Sat Jan 15 03:18:00 CST 1 New Income
savings+10 Sat Jan 15 03:18:00 CST 1 Payment
sleepiness-50 Sat Jan 15 04:05:00 CST 1 Working
income+10 Sat Jan 15 04:05:00 CST 1 New Income
savings+10 Sat Jan 15 04:05:00 CST 1 Payment
sleepiness+100 Sat Jan 15 04:19:00 CST 1 Going home
