age+0 Sat Jan 01 01:31:00 CST 1 creation
sleepiness-50 Sat Jan 01 01:32:00 CST 1 Working
income+10 Sat Jan 01 01:32:00 CST 1 New Income
debt-10 Sat Jan 01 01:32:00 CST 1 Payment
sleepiness-50 Sat Jan 01 02:16:00 CST 1 Working
income+10 Sat Jan 01 02:16:00 CST 1 New Income
debt-10 Sat Jan 01 02:16:00 CST 1 Payment
sleepiness+100 Sat Jan 01 05:29:00 CST 1 Going home
sleepiness-50 Sat Jan 01 05:43:00 CST 1 Working
income+10 Sat Jan 01 05:43:00 CST 1 New Income
debt-10 Sat Jan 01 05:43:00 CST 1 Payment
sleepiness-50 Sat Jan 01 05:57:00 CST 1 Working
income+10 Sat Jan 01 05:57:00 CST 1 New Income
debt-10 Sat Jan 01 05:57:00 CST 1 Payment
sleepiness+100 Sat Jan 01 06:16:00 CST 1 Going home
sleepiness-50 Sat Jan 01 06:30:00 CST 1 Working
income+10 Sat Jan 01 06:30:00 CST 1 New Income
debt-10 Sat Jan 01 06:30:00 CST 1 Payment
sleepiness-50 Sat Jan 01 07:26:00 CST 1 Working
income+10 Sat Jan 01 07:26:00 CST 1 New Income
debt-10 Sat Jan 01 07:26:00 CST 1 Payment
sleepiness+100 Sat Jan 01 21:17:00 CST 1 Going home
sleepiness-50 Sat Jan 01 21:41:00 CST 1 Working
income+10 Sat Jan 01 21:41:00 CST 1 New Income
debt-10 Sat Jan 01 21:41:00 CST 1 Payment
sleepiness-50 Sat Jan 01 22:05:00 CST 1 Working
income+10 Sat Jan 01 22:05:00 CST 1 New Income
debt-10 Sat Jan 01 22:05:00 CST 1 Payment
sleepiness+100 Sat Jan 01 22:39:00 CST 1 Going home
sleepiness-50 Sat Jan 01 23:09:00 CST 1 Working
income+10 Sat Jan 01 23:09:00 CST 1 New Income
debt-10 Sat Jan 01 23:09:00 CST 1 Payment
income+0 Sat Jan 01 23:58:00 CST 1 Bought a House
bills+0 Sat Jan 01 23:58:00 CST 1 Bought a House
taxes+0 Sat Jan 01 23:58:00 CST 1 Bought a House
savings+41 Sat Jan 01 23:58:00 CST 1 Bought a House
debt+59 Sat Jan 01 23:58:00 CST 1 Bought a House
sleepiness-50 Sun Jan 02 00:39:00 CST 1 Working
income+10 Sun Jan 02 00:39:00 CST 1 New Income
debt-10 Sun Jan 02 00:39:00 CST 1 Payment
N/A+0 Mon Jan 03 00:00:00 CST 1 death
