age+0 Sat Jan 01 01:31:00 CST 1 creation
sleepiness-50 Sat Jan 01 02:52:00 CST 1 Working
income+10 Sat Jan 01 02:52:00 CST 1 New Income
debt-10 Sat Jan 01 02:52:00 CST 1 Payment
sleepiness-50 Sat Jan 01 05:08:00 CST 1 Working
income+10 Sat Jan 01 05:08:00 CST 1 New Income
debt-10 Sat Jan 01 05:08:00 CST 1 Payment
sleepiness+100 Sat Jan 01 07:35:00 CST 1 Going home
sleepiness-50 Sat Jan 01 11:01:00 CST 1 Working
income+10 Sat Jan 01 11:01:00 CST 1 New Income
debt-10 Sat Jan 01 11:01:00 CST 1 Payment
sleepiness-50 Sat Jan 01 12:17:00 CST 1 Working
income+10 Sat Jan 01 12:17:00 CST 1 New Income
debt-10 Sat Jan 01 12:17:00 CST 1 Payment
companionship+10 Sat Jan 01 17:48:00 CST 1 Procreating
sleepiness-10 Sat Jan 01 17:48:00 CST 1 Procreating
sleepiness+100 Sat Jan 01 22:35:00 CST 1 Going home
sleepiness-50 Sun Jan 02 02:19:00 CST 1 Working
income+10 Sun Jan 02 02:19:00 CST 1 New Income
debt-10 Sun Jan 02 02:19:00 CST 1 Payment
sleepiness-50 Sun Jan 02 07:06:00 CST 1 Working
income+10 Sun Jan 02 07:06:00 CST 1 New Income
debt-10 Sun Jan 02 07:06:00 CST 1 Payment
sleepiness+100 Sun Jan 02 11:56:00 CST 1 Going home
sleepiness-50 Sun Jan 02 14:47:00 CST 1 Working
income+10 Sun Jan 02 14:47:00 CST 1 New Income
debt-10 Sun Jan 02 14:47:00 CST 1 Payment
sleepiness-50 Sun Jan 02 20:03:00 CST 1 Working
income+10 Sun Jan 02 20:03:00 CST 1 New Income
savings+10 Sun Jan 02 20:03:00 CST 1 Payment
N/A+0 Sat Jan 08 00:00:00 CST 1 death
