age+0 Tue Jan 04 04:10:00 CST 1 creation
sleepiness-50 Tue Jan 04 05:06:00 CST 1 Working
income+10 Tue Jan 04 05:06:00 CST 1 New Income
debt-10 Tue Jan 04 05:06:00 CST 1 Payment
sleepiness-50 Tue Jan 04 07:26:00 CST 1 Working
income+10 Tue Jan 04 07:26:00 CST 1 New Income
debt-10 Tue Jan 04 07:26:00 CST 1 Payment
companionship+10 Tue Jan 04 09:37:00 CST 1 Procreating
sleepiness-10 Tue Jan 04 09:37:00 CST 1 Procreating
thirst+90 Mon Jan 10 07:18:00 CST 1 Getting water
sleepiness+100 Thu Jan 13 09:31:00 CST 1 Going home
sleepiness-50 Thu Jan 13 12:39:00 CST 1 Working
income+10 Thu Jan 13 12:39:00 CST 1 New Income
debt-10 Thu Jan 13 12:39:00 CST 1 Payment
sleepiness-50 Thu Jan 13 14:49:00 CST 1 Working
income+10 Thu Jan 13 14:49:00 CST 1 New Income
debt-10 Thu Jan 13 14:49:00 CST 1 Payment
sleepiness+100 Thu Jan 13 21:23:00 CST 1 Going home
sleepiness-50 Fri Jan 14 00:04:00 CST 1 Working
income+10 Fri Jan 14 00:04:00 CST 1 New Income
debt-10 Fri Jan 14 00:04:00 CST 1 Payment
sleepiness-50 Fri Jan 14 01:57:00 CST 1 Working
income+10 Fri Jan 14 01:57:00 CST 1 New Income
debt-10 Fri Jan 14 01:57:00 CST 1 Payment
sleepiness+100 Fri Jan 14 04:28:00 CST 1 Going home
sleepiness-50 Fri Jan 14 09:06:00 CST 1 Working
income+10 Fri Jan 14 09:06:00 CST 1 New Income
debt-10 Fri Jan 14 09:06:00 CST 1 Payment
sleepiness-50 Fri Jan 14 11:01:00 CST 1 Working
income+10 Fri Jan 14 11:01:00 CST 1 New Income
debt-10 Fri Jan 14 11:01:00 CST 1 Payment
sleepiness+100 Sat Jan 15 00:06:00 CST 1 Going home
sleepiness-50 Sat Jan 15 01:23:00 CST 1 Working
income+10 Sat Jan 15 01:23:00 CST 1 New Income
debt-10 Sat Jan 15 01:23:00 CST 1 Payment
sleepiness-50 Sat Jan 15 05:10:00 CST 1 Working
income+10 Sat Jan 15 05:10:00 CST 1 New Income
debt-10 Sat Jan 15 05:10:00 CST 1 Payment
trust+10 Sat Jan 15 07:34:00 CST 1 Voting
