age+0 Sat Jan 01 01:31:00 CST 1 creation
sleepiness-50 Sat Jan 01 01:32:00 CST 1 Working
income+10 Sat Jan 01 01:32:00 CST 1 New Income
debt-10 Sat Jan 01 01:32:00 CST 1 Payment
sleepiness-50 Sat Jan 01 02:15:00 CST 1 Working
income+10 Sat Jan 01 02:15:00 CST 1 New Income
debt-10 Sat Jan 01 02:15:00 CST 1 Payment
sleepiness+100 Sat Jan 01 07:31:00 CST 1 Going home
sleepiness-50 Sat Jan 01 08:11:00 CST 1 Working
income+10 Sat Jan 01 08:11:00 CST 1 New Income
debt-10 Sat Jan 01 08:11:00 CST 1 Payment
sleepiness-50 Sat Jan 01 08:31:00 CST 1 Working
income+10 Sat Jan 01 08:31:00 CST 1 New Income
debt-10 Sat Jan 01 08:31:00 CST 1 Payment
sleepiness+100 Sat Jan 01 21:04:00 CST 1 Going home
sleepiness-50 Sat Jan 01 22:04:00 CST 1 Working
income+10 Sat Jan 01 22:04:00 CST 1 New Income
debt-10 Sat Jan 01 22:04:00 CST 1 Payment
sleepiness-50 Sat Jan 01 22:37:00 CST 1 Working
income+10 Sat Jan 01 22:37:00 CST 1 New Income
debt-10 Sat Jan 01 22:37:00 CST 1 Payment
sleepiness+100 Sat Jan 01 22:55:00 CST 1 Going home
sleepiness-50 Sat Jan 01 23:25:00 CST 1 Working
income+10 Sat Jan 01 23:25:00 CST 1 New Income
debt-10 Sat Jan 01 23:25:00 CST 1 Payment
sleepiness-50 Sun Jan 02 00:01:00 CST 1 Working
income+10 Sun Jan 02 00:01:00 CST 1 New Income
debt-10 Sun Jan 02 00:01:00 CST 1 Payment
sleepiness+100 Sun Jan 02 00:30:00 CST 1 Going home
sleepiness-50 Sun Jan 02 01:00:00 CST 1 Working
income+10 Sun Jan 02 01:00:00 CST 1 New Income
debt-10 Sun Jan 02 01:00:00 CST 1 Payment
sleepiness-50 Sun Jan 02 01:45:00 CST 1 Working
income+10 Sun Jan 02 01:45:00 CST 1 New Income
savings+10 Sun Jan 02 01:45:00 CST 1 Payment
income+0 Sun Jan 02 02:34:00 CST 1 Bought a House
bills+0 Sun Jan 02 02:34:00 CST 1 Bought a House
taxes+0 Sun Jan 02 02:34:00 CST 1 Bought a House
savings+58 Sun Jan 02 02:34:00 CST 1 Bought a House
debt+42 Sun Jan 02 02:34:00 CST 1 Bought a House
sleepiness+100 Sun Jan 02 02:52:00 CST 1 Going home
sleepiness-50 Sun Jan 02 03:53:00 CST 1 Working
income+10 Sun Jan 02 03:53:00 CST 1 New Income
debt-10 Sun Jan 02 03:53:00 CST 1 Payment
sleepiness-50 Sun Jan 02 04:43:00 CST 1 Working
income+10 Sun Jan 02 04:43:00 CST 1 New Income
debt-10 Sun Jan 02 04:43:00 CST 1 Payment
thirst+90 Wed Jan 05 05:45:00 CST 1 Getting water
companionship+10 Fri Jan 07 01:57:00 CST 1 Procreating
sleepiness-10 Fri Jan 07 01:57:00 CST 1 Procreating
thirst+90 Tue Jan 11 14:21:00 CST 1 Getting water
N/A+0 Sat Jan 15 00:00:00 CST 1 death
