age+0 Mon Jan 10 04:42:00 CST 1 creation
sleepiness-50 Mon Jan 10 04:43:00 CST 1 Working
income+10 Mon Jan 10 04:43:00 CST 1 New Income
debt-10 Mon Jan 10 04:43:00 CST 1 Payment
sleepiness-50 Mon Jan 10 05:22:00 CST 1 Working
income+10 Mon Jan 10 05:22:00 CST 1 New Income
debt-10 Mon Jan 10 05:22:00 CST 1 Payment
thirst+90 Tue Jan 11 04:51:00 CST 1 Getting water
sleepiness+100 Fri Jan 14 21:31:00 CST 1 Going home
sleepiness-50 Fri Jan 14 22:30:00 CST 1 Working
income+10 Fri Jan 14 22:30:00 CST 1 New Income
debt-10 Fri Jan 14 22:30:00 CST 1 Payment
sleepiness-50 Fri Jan 14 22:43:00 CST 1 Working
income+10 Fri Jan 14 22:43:00 CST 1 New Income
debt-10 Fri Jan 14 22:43:00 CST 1 Payment
sleepiness+100 Fri Jan 14 23:02:00 CST 1 Going home
sleepiness-50 Sat Jan 15 00:00:00 CST 1 Working
income+10 Sat Jan 15 00:00:00 CST 1 New Income
debt-10 Sat Jan 15 00:00:00 CST 1 Payment
sleepiness-50 Sat Jan 15 00:32:00 CST 1 Working
income+10 Sat Jan 15 00:32:00 CST 1 New Income
debt-10 Sat Jan 15 00:32:00 CST 1 Payment
sleepiness+100 Sat Jan 15 01:29:00 CST 1 Going home
sleepiness-50 Sat Jan 15 02:26:00 CST 1 Working
income+10 Sat Jan 15 02:26:00 CST 1 New Income
debt-10 Sat Jan 15 02:26:00 CST 1 Payment
sleepiness-50 Sat Jan 15 03:15:00 CST 1 Working
income+10 Sat Jan 15 03:15:00 CST 1 New Income
savings+10 Sat Jan 15 03:15:00 CST 1 Payment
sleepiness+100 Sat Jan 15 03:41:00 CST 1 Going home
sleepiness-50 Sat Jan 15 04:39:00 CST 1 Working
income+10 Sat Jan 15 04:39:00 CST 1 New Income
savings+10 Sat Jan 15 04:39:00 CST 1 Payment
sleepiness-50 Sat Jan 15 05:26:00 CST 1 Working
income+10 Sat Jan 15 05:26:00 CST 1 New Income
savings+10 Sat Jan 15 05:26:00 CST 1 Payment
sleepiness+100 Sat Jan 15 06:28:00 CST 1 Going home
sleepiness-50 Sat Jan 15 07:03:00 CST 1 Working
income+10 Sat Jan 15 07:03:00 CST 1 New Income
savings+10 Sat Jan 15 07:03:00 CST 1 Payment
sleepiness-50 Sat Jan 15 07:50:00 CST 1 Working
income+10 Sat Jan 15 07:50:00 CST 1 New Income
savings+10 Sat Jan 15 07:50:00 CST 1 Payment
