age+0 Sat Jan 01 01:31:00 CST 1 creation
sleepiness-50 Sat Jan 01 02:29:00 CST 1 Working
income+10 Sat Jan 01 02:29:00 CST 1 New Income
debt-10 Sat Jan 01 02:29:00 CST 1 Payment
sleepiness-50 Sat Jan 01 04:32:00 CST 1 Working
income+10 Sat Jan 01 04:32:00 CST 1 New Income
debt-10 Sat Jan 01 04:32:00 CST 1 Payment
sleepiness+100 Sat Jan 01 06:42:00 CST 1 Going home
sleepiness-50 Sat Jan 01 10:02:00 CST 1 Working
income+10 Sat Jan 01 10:02:00 CST 1 New Income
debt-10 Sat Jan 01 10:02:00 CST 1 Payment
sleepiness-50 Sat Jan 01 14:21:00 CST 1 Working
income+10 Sat Jan 01 14:21:00 CST 1 New Income
debt-10 Sat Jan 01 14:21:00 CST 1 Payment
companionship+10 Sat Jan 01 16:02:00 CST 1 Procreating
sleepiness-10 Sat Jan 01 16:02:00 CST 1 Procreating
sleepiness+100 Sat Jan 01 22:35:00 CST 1 Going home
sleepiness-50 Sun Jan 02 02:19:00 CST 1 Working
income+10 Sun Jan 02 02:19:00 CST 1 New Income
debt-10 Sun Jan 02 02:19:00 CST 1 Payment
sleepiness-50 Sun Jan 02 07:06:00 CST 1 Working
income+10 Sun Jan 02 07:06:00 CST 1 New Income
debt-10 Sun Jan 02 07:06:00 CST 1 Payment
sleepiness+100 Sun Jan 02 12:13:00 CST 1 Going home
sleepiness-50 Sun Jan 02 15:04:00 CST 1 Working
income+10 Sun Jan 02 15:04:00 CST 1 New Income
savings+10 Sun Jan 02 15:04:00 CST 1 Payment
income+0 Sun Jan 02 15:23:00 CST 1 Bought a House
bills+0 Sun Jan 02 15:23:00 CST 1 Bought a House
taxes+0 Sun Jan 02 15:23:00 CST 1 Bought a House
savings+68 Sun Jan 02 15:23:00 CST 1 Bought a House
debt+32 Sun Jan 02 15:23:00 CST 1 Bought a House
sleepiness-50 Sun Jan 02 20:21:00 CST 1 Working
income+10 Sun Jan 02 20:21:00 CST 1 New Income
debt-10 Sun Jan 02 20:21:00 CST 1 Payment
N/A+0 Tue Jan 04 00:00:00 CST 1 death
