age+0 Sat Jan 01 01:31:00 CST 1 creation
sleepiness-50 Sat Jan 01 01:32:00 CST 1 Working
income+10 Sat Jan 01 01:32:00 CST 1 New Income
debt-10 Sat Jan 01 01:32:00 CST 1 Payment
sleepiness-50 Sat Jan 01 02:15:00 CST 1 Working
income+10 Sat Jan 01 02:15:00 CST 1 New Income
debt-10 Sat Jan 01 02:15:00 CST 1 Payment
sleepiness+100 Sat Jan 01 05:02:00 CST 1 Going home
sleepiness-50 Sat Jan 01 05:11:00 CST 1 Working
income+10 Sat Jan 01 05:11:00 CST 1 New Income
debt-10 Sat Jan 01 05:11:00 CST 1 Payment
sleepiness-50 Sat Jan 01 06:03:00 CST 1 Working
income+10 Sat Jan 01 06:03:00 CST 1 New Income
debt-10 Sat Jan 01 06:03:00 CST 1 Payment
sleepiness+100 Sat Jan 01 07:00:00 CST 1 Going home
sleepiness-50 Sat Jan 01 07:35:00 CST 1 Working
income+10 Sat Jan 01 07:35:00 CST 1 New Income
debt-10 Sat Jan 01 07:35:00 CST 1 Payment
sleepiness-50 Sat Jan 01 08:12:00 CST 1 Working
income+10 Sat Jan 01 08:12:00 CST 1 New Income
debt-10 Sat Jan 01 08:12:00 CST 1 Payment
companionship+10 Sat Jan 01 10:04:00 CST 1 Procreating
sleepiness-10 Sat Jan 01 10:04:00 CST 1 Procreating
sleepiness+100 Sat Jan 01 22:35:00 CST 1 Going home
sleepiness-50 Sat Jan 01 23:34:00 CST 1 Working
income+10 Sat Jan 01 23:34:00 CST 1 New Income
debt-10 Sat Jan 01 23:34:00 CST 1 Payment
sleepiness-50 Sun Jan 02 00:10:00 CST 1 Working
income+10 Sun Jan 02 00:10:00 CST 1 New Income
savings+10 Sun Jan 02 00:10:00 CST 1 Payment
sleepiness+100 Sun Jan 02 00:39:00 CST 1 Going home
sleepiness-50 Sun Jan 02 01:10:00 CST 1 Working
income+10 Sun Jan 02 01:10:00 CST 1 New Income
savings+10 Sun Jan 02 01:10:00 CST 1 Payment
income+0 Sun Jan 02 01:48:00 CST 1 Bought a House
bills+0 Sun Jan 02 01:48:00 CST 1 Bought a House
taxes+0 Sun Jan 02 01:48:00 CST 1 Bought a House
savings+50 Sun Jan 02 01:48:00 CST 1 Bought a House
debt+50 Sun Jan 02 01:48:00 CST 1 Bought a House
sleepiness-50 Sun Jan 02 01:55:00 CST 1 Working
income+10 Sun Jan 02 01:55:00 CST 1 New Income
debt-10 Sun Jan 02 01:55:00 CST 1 Payment
thirst+90 Sun Jan 02 23:41:00 CST 1 Getting water
N/A+0 Tue Jan 04 00:00:00 CST 1 death
