age+0 Sat Jan 01 17:15:00 CST 1 creation
sleepiness-50 Sat Jan 01 17:55:00 CST 1 Working
income+10 Sat Jan 01 17:55:00 CST 1 New Income
debt-10 Sat Jan 01 17:55:00 CST 1 Payment
sleepiness-50 Sat Jan 01 18:28:00 CST 1 Working
income+10 Sat Jan 01 18:28:00 CST 1 New Income
debt-10 Sat Jan 01 18:28:00 CST 1 Payment
thirst+90 Wed Jan 05 04:17:00 CST 1 Getting water
thirst+90 Tue Jan 11 10:15:00 CST 1 Getting water
sleepiness+100 Wed Jan 12 22:40:00 CST 1 Going home
sleepiness-50 Wed Jan 12 23:41:00 CST 1 Working
income+10 Wed Jan 12 23:41:00 CST 1 New Income
debt-10 Wed Jan 12 23:41:00 CST 1 Payment
sleepiness-50 Thu Jan 13 02:07:00 CST 1 Working
income+10 Thu Jan 13 02:07:00 CST 1 New Income
debt-10 Thu Jan 13 02:07:00 CST 1 Payment
sleepiness+100 Thu Jan 13 04:33:00 CST 1 Going home
sleepiness-50 Thu Jan 13 07:24:00 CST 1 Working
income+10 Thu Jan 13 07:24:00 CST 1 New Income
debt-10 Thu Jan 13 07:24:00 CST 1 Payment
sleepiness-50 Thu Jan 13 08:45:00 CST 1 Working
income+10 Thu Jan 13 08:45:00 CST 1 New Income
debt-10 Thu Jan 13 08:45:00 CST 1 Payment
sleepiness+100 Thu Jan 13 23:46:00 CST 1 Going home
sleepiness-50 Fri Jan 14 02:40:00 CST 1 Working
income+10 Fri Jan 14 02:40:00 CST 1 New Income
debt-10 Fri Jan 14 02:40:00 CST 1 Payment
sleepiness-50 Fri Jan 14 05:58:00 CST 1 Working
income+10 Fri Jan 14 05:58:00 CST 1 New Income
debt-10 Fri Jan 14 05:58:00 CST 1 Payment
sleepiness+100 Fri Jan 14 08:28:00 CST 1 Going home
sleepiness-50 Fri Jan 14 11:19:00 CST 1 Working
income+10 Fri Jan 14 11:19:00 CST 1 New Income
savings+10 Fri Jan 14 11:19:00 CST 1 Payment
sleepiness-50 Fri Jan 14 12:27:00 CST 1 Working
income+10 Fri Jan 14 12:27:00 CST 1 New Income
savings+10 Fri Jan 14 12:27:00 CST 1 Payment
sleepiness+100 Fri Jan 14 23:11:00 CST 1 Going home
sleepiness-50 Sat Jan 15 00:25:00 CST 1 Working
income+10 Sat Jan 15 00:25:00 CST 1 New Income
savings+10 Sat Jan 15 00:25:00 CST 1 Payment
sleepiness-50 Sat Jan 15 03:05:00 CST 1 Working
income+10 Sat Jan 15 03:05:00 CST 1 New Income
savings+10 Sat Jan 15 03:05:00 CST 1 Payment
