age+0 Sat Jan 01 11:16:00 CST 1 creation
sleepiness-50 Sat Jan 01 11:17:00 CST 1 Working
income+10 Sat Jan 01 11:17:00 CST 1 New Income
debt-10 Sat Jan 01 11:17:00 CST 1 Payment
sleepiness-50 Sat Jan 01 11:58:00 CST 1 Working
income+10 Sat Jan 01 11:58:00 CST 1 New Income
savings+10 Sat Jan 01 11:58:00 CST 1 Payment
sleepiness+100 Sun Jan 02 01:07:00 CST 1 Going home
sleepiness-50 Sun Jan 02 01:42:00 CST 1 Working
income+10 Sun Jan 02 01:42:00 CST 1 New Income
savings+10 Sun Jan 02 01:42:00 CST 1 Payment
income+0 Sun Jan 02 02:13:00 CST 1 Bought a House
bills+0 Sun Jan 02 02:13:00 CST 1 Bought a House
taxes+0 Sun Jan 02 02:13:00 CST 1 Bought a House
savings+42 Sun Jan 02 02:13:00 CST 1 Bought a House
debt+58 Sun Jan 02 02:13:00 CST 1 Bought a House
sleepiness-50 Sun Jan 02 02:22:00 CST 1 Working
income+10 Sun Jan 02 02:22:00 CST 1 New Income
debt-10 Sun Jan 02 02:22:00 CST 1 Payment
companionship+10 Sun Jan 02 07:32:00 CST 1 Procreating
sleepiness-10 Sun Jan 02 07:32:00 CST 1 Procreating
thirst+90 Mon Jan 03 08:49:00 CST 1 Getting water
thirst+90 Sun Jan 09 14:46:00 CST 1 Getting water
sleepiness+100 Thu Jan 13 02:16:00 CST 1 Going home
sleepiness-50 Thu Jan 13 02:46:00 CST 1 Working
income+10 Thu Jan 13 02:46:00 CST 1 New Income
debt-10 Thu Jan 13 02:46:00 CST 1 Payment
sleepiness-50 Thu Jan 13 03:39:00 CST 1 Working
income+10 Thu Jan 13 03:39:00 CST 1 New Income
debt-10 Thu Jan 13 03:39:00 CST 1 Payment
sleepiness+100 Thu Jan 13 03:12:00 CST 1 Going home
sleepiness-50 Thu Jan 13 04:05:00 CST 1 Working
income+10 Thu Jan 13 04:05:00 CST 1 New Income
debt-10 Thu Jan 13 04:05:00 CST 1 Payment
sleepiness-50 Thu Jan 13 04:18:00 CST 1 Working
income+10 Thu Jan 13 04:18:00 CST 1 New Income
debt-10 Thu Jan 13 04:18:00 CST 1 Payment
sleepiness+100 Thu Jan 13 04:31:00 CST 1 Going home
sleepiness-50 Thu Jan 13 05:24:00 CST 1 Working
income+10 Thu Jan 13 05:24:00 CST 1 New Income
debt-10 Thu Jan 13 05:24:00 CST 1 Payment
sleepiness-50 Thu Jan 13 05:37:00 CST 1 Working
income+10 Thu Jan 13 05:37:00 CST 1 New Income
debt-10 Thu Jan 13 05:37:00 CST 1 Payment
sleepiness+100 Thu Jan 13 05:50:00 CST 1 Going home
sleepiness-50 Thu Jan 13 06:43:00 CST 1 Working
income+10 Thu Jan 13 06:43:00 CST 1 New Income
debt-10 Thu Jan 13 06:43:00 CST 1 Payment
sleepiness-50 Thu Jan 13 06:56:00 CST 1 Working
income+10 Thu Jan 13 06:56:00 CST 1 New Income
debt-10 Thu Jan 13 06:56:00 CST 1 Payment
sleepiness+100 Thu Jan 13 07:09:00 CST 1 Going home
sleepiness-50 Thu Jan 13 08:02:00 CST 1 Working
income+10 Thu Jan 13 08:02:00 CST 1 New Income
debt-10 Thu Jan 13 08:02:00 CST 1 Payment
sleepiness-50 Thu Jan 13 08:15:00 CST 1 Working
income+10 Thu Jan 13 08:15:00 CST 1 New Income
savings+10 Thu Jan 13 08:15:00 CST 1 Payment
sleepiness+100 Thu Jan 13 21:07:00 CST 1 Going home
sleepiness-50 Thu Jan 13 22:00:00 CST 1 Working
income+10 Thu Jan 13 22:00:00 CST 1 New Income
savings+10 Thu Jan 13 22:00:00 CST 1 Payment
sleepiness-50 Thu Jan 13 22:13:00 CST 1 Working
income+10 Thu Jan 13 22:13:00 CST 1 New Income
savings+10 Thu Jan 13 22:13:00 CST 1 Payment
sleepiness+100 Thu Jan 13 22:26:00 CST 1 Going home
sleepiness-50 Thu Jan 13 23:19:00 CST 1 Working
income+10 Thu Jan 13 23:19:00 CST 1 New Income
savings+10 Thu Jan 13 23:19:00 CST 1 Payment
sleepiness-50 Thu Jan 13 23:33:00 CST 1 Working
income+10 Thu Jan 13 23:33:00 CST 1 New Income
savings+10 Thu Jan 13 23:33:00 CST 1 Payment
sleepiness+100 Thu Jan 13 23:46:00 CST 1 Going home
sleepiness-50 Fri Jan 14 00:37:00 CST 1 Working
income+10 Fri Jan 14 00:37:00 CST 1 New Income
savings+10 Fri Jan 14 00:37:00 CST 1 Payment
sleepiness-50 Fri Jan 14 00:50:00 CST 1 Working
income+10 Fri Jan 14 00:50:00 CST 1 New Income
savings+10 Fri Jan 14 00:50:00 CST 1 Payment
sleepiness+100 Fri Jan 14 01:03:00 CST 1 Going home
sleepiness-50 Fri Jan 14 01:56:00 CST 1 Working
income+10 Fri Jan 14 01:56:00 CST 1 New Income
savings+10 Fri Jan 14 01:56:00 CST 1 Payment
sleepiness-50 Fri Jan 14 02:09:00 CST 1 Working
income+10 Fri Jan 14 02:09:00 CST 1 New Income
savings+10 Fri Jan 14 02:09:00 CST 1 Payment
sleepiness+100 Fri Jan 14 02:22:00 CST 1 Going home
sleepiness-50 Fri Jan 14 03:15:00 CST 1 Working
income+10 Fri Jan 14 03:15:00 CST 1 New Income
savings+10 Fri Jan 14 03:15:00 CST 1 Payment
sleepiness-50 Fri Jan 14 03:28:00 CST 1 Working
income+10 Fri Jan 14 03:28:00 CST 1 New Income
savings+10 Fri Jan 14 03:28:00 CST 1 Payment
sleepiness+100 Fri Jan 14 03:42:00 CST 1 Going home
sleepiness-50 Fri Jan 14 04:38:00 CST 1 Working
income+10 Fri Jan 14 04:38:00 CST 1 New Income
savings+10 Fri Jan 14 04:38:00 CST 1 Payment
sleepiness-50 Fri Jan 14 04:58:00 CST 1 Working
income+10 Fri Jan 14 04:58:00 CST 1 New Income
savings+10 Fri Jan 14 04:58:00 CST 1 Payment
sleepiness+100 Fri Jan 14 05:14:00 CST 1 Going home
sleepiness-50 Fri Jan 14 05:47:00 CST 1 Working
income+10 Fri Jan 14 05:47:00 CST 1 New Income
savings+10 Fri Jan 14 05:47:00 CST 1 Payment
sleepiness-50 Fri Jan 14 06:07:00 CST 1 Working
income+10 Fri Jan 14 06:07:00 CST 1 New Income
savings+10 Fri Jan 14 06:07:00 CST 1 Payment
sleepiness+100 Fri Jan 14 06:23:00 CST 1 Going home
sleepiness-50 Fri Jan 14 06:56:00 CST 1 Working
income+10 Fri Jan 14 06:56:00 CST 1 New Income
savings+10 Fri Jan 14 06:56:00 CST 1 Payment
sleepiness-50 Fri Jan 14 07:17:00 CST 1 Working
income+10 Fri Jan 14 07:17:00 CST 1 New Income
savings+10 Fri Jan 14 07:17:00 CST 1 Payment
sleepiness+100 Fri Jan 14 07:46:00 CST 1 Going home
sleepiness-50 Fri Jan 14 08:43:00 CST 1 Working
income+10 Fri Jan 14 08:43:00 CST 1 New Income
savings+10 Fri Jan 14 08:43:00 CST 1 Payment
sleepiness-50 Fri Jan 14 09:09:00 CST 1 Working
income+10 Fri Jan 14 09:09:00 CST 1 New Income
savings+10 Fri Jan 14 09:09:00 CST 1 Payment
sleepiness+100 Fri Jan 14 21:10:00 CST 1 Going home
sleepiness-50 Fri Jan 14 21:37:00 CST 1 Working
income+10 Fri Jan 14 21:37:00 CST 1 New Income
savings+10 Fri Jan 14 21:37:00 CST 1 Payment
sleepiness-50 Fri Jan 14 21:57:00 CST 1 Working
income+10 Fri Jan 14 21:57:00 CST 1 New Income
savings+10 Fri Jan 14 21:57:00 CST 1 Payment
sleepiness+100 Fri Jan 14 22:13:00 CST 1 Going home
sleepiness-50 Fri Jan 14 22:51:00 CST 1 Working
income+10 Fri Jan 14 22:51:00 CST 1 New Income
savings+10 Fri Jan 14 22:51:00 CST 1 Payment
sleepiness-50 Fri Jan 14 23:03:00 CST 1 Working
income+10 Fri Jan 14 23:03:00 CST 1 New Income
savings+10 Fri Jan 14 23:03:00 CST 1 Payment
sleepiness+100 Fri Jan 14 23:19:00 CST 1 Going home
sleepiness-50 Sat Jan 15 00:11:00 CST 1 Working
income+10 Sat Jan 15 00:11:00 CST 1 New Income
savings+10 Sat Jan 15 00:11:00 CST 1 Payment
sleepiness-50 Sat Jan 15 00:18:00 CST 1 Working
income+10 Sat Jan 15 00:18:00 CST 1 New Income
savings+10 Sat Jan 15 00:18:00 CST 1 Payment
trust+10 Sat Jan 15 05:34:00 CST 1 Voting
sleepiness+100 Sat Jan 15 10:06:00 CST 1 Going home
sleepiness-50 Sat Jan 15 10:43:00 CST 1 Working
income+10 Sat Jan 15 10:43:00 CST 1 New Income
savings+10 Sat Jan 15 10:43:00 CST 1 Payment
sleepiness-50 Sat Jan 15 10:51:00 CST 1 Working
income+10 Sat Jan 15 10:51:00 CST 1 New Income
savings+10 Sat Jan 15 10:51:00 CST 1 Payment
