age+0 Mon Jan 03 08:25:00 CST 1 creation
sleepiness-50 Mon Jan 03 08:26:00 CST 1 Working
income+10 Mon Jan 03 08:26:00 CST 1 New Income
debt-10 Mon Jan 03 08:26:00 CST 1 Payment
sleepiness-50 Mon Jan 03 08:32:00 CST 1 Working
income+10 Mon Jan 03 08:32:00 CST 1 New Income
debt-10 Mon Jan 03 08:32:00 CST 1 Payment
companionship+10 Thu Jan 06 04:36:00 CST 1 Procreating
sleepiness-10 Thu Jan 06 04:36:00 CST 1 Procreating
sleepiness+100 Fri Jan 07 01:26:00 CST 1 Going home
sleepiness-50 Fri Jan 07 01:54:00 CST 1 Working
income+10 Fri Jan 07 01:54:00 CST 1 New Income
debt-10 Fri Jan 07 01:54:00 CST 1 Payment
sleepiness-50 Fri Jan 07 02:44:00 CST 1 Working
income+10 Fri Jan 07 02:44:00 CST 1 New Income
debt-10 Fri Jan 07 02:44:00 CST 1 Payment
sleepiness+100 Fri Jan 07 02:55:00 CST 1 Going home
sleepiness-50 Fri Jan 07 03:30:00 CST 1 Working
income+10 Fri Jan 07 03:30:00 CST 1 New Income
debt-10 Fri Jan 07 03:30:00 CST 1 Payment
sleepiness-50 Fri Jan 07 04:20:00 CST 1 Working
income+10 Fri Jan 07 04:20:00 CST 1 New Income
debt-10 Fri Jan 07 04:20:00 CST 1 Payment
sleepiness+100 Fri Jan 07 04:31:00 CST 1 Going home
sleepiness-50 Fri Jan 07 05:06:00 CST 1 Working
income+10 Fri Jan 07 05:06:00 CST 1 New Income
savings+10 Fri Jan 07 05:06:00 CST 1 Payment
sleepiness-50 Fri Jan 07 06:03:00 CST 1 Working
income+10 Fri Jan 07 06:03:00 CST 1 New Income
savings+10 Fri Jan 07 06:03:00 CST 1 Payment
sleepiness+100 Fri Jan 07 06:37:00 CST 1 Going home
sleepiness-50 Fri Jan 07 07:15:00 CST 1 Working
income+10 Fri Jan 07 07:15:00 CST 1 New Income
savings+10 Fri Jan 07 07:15:00 CST 1 Payment
sleepiness-50 Fri Jan 07 07:46:00 CST 1 Working
income+10 Fri Jan 07 07:46:00 CST 1 New Income
savings+10 Fri Jan 07 07:46:00 CST 1 Payment
sleepiness+100 Fri Jan 07 21:12:00 CST 1 Going home
sleepiness-50 Fri Jan 07 21:35:00 CST 1 Working
income+10 Fri Jan 07 21:35:00 CST 1 New Income
savings+10 Fri Jan 07 21:35:00 CST 1 Payment
sleepiness-50 Fri Jan 07 21:49:00 CST 1 Working
income+10 Fri Jan 07 21:49:00 CST 1 New Income
savings+10 Fri Jan 07 21:49:00 CST 1 Payment
sleepiness+100 Fri Jan 07 22:07:00 CST 1 Going home
sleepiness-50 Fri Jan 07 22:30:00 CST 1 Working
income+10 Fri Jan 07 22:30:00 CST 1 New Income
savings+10 Fri Jan 07 22:30:00 CST 1 Payment
sleepiness-50 Fri Jan 07 22:43:00 CST 1 Working
income+10 Fri Jan 07 22:43:00 CST 1 New Income
savings+10 Fri Jan 07 22:43:00 CST 1 Payment
sleepiness+100 Fri Jan 07 23:01:00 CST 1 Going home
sleepiness-50 Fri Jan 07 23:23:00 CST 1 Working
income+10 Fri Jan 07 23:23:00 CST 1 New Income
savings+10 Fri Jan 07 23:23:00 CST 1 Payment
sleepiness-50 Fri Jan 07 23:43:00 CST 1 Working
income+10 Fri Jan 07 23:43:00 CST 1 New Income
savings+10 Fri Jan 07 23:43:00 CST 1 Payment
sleepiness+100 Fri Jan 07 23:57:00 CST 1 Going home
sleepiness-50 Sat Jan 08 00:54:00 CST 1 Working
income+10 Sat Jan 08 00:54:00 CST 1 New Income
savings+10 Sat Jan 08 00:54:00 CST 1 Payment
sleepiness-50 Sat Jan 08 01:14:00 CST 1 Working
income+10 Sat Jan 08 01:14:00 CST 1 New Income
savings+10 Sat Jan 08 01:14:00 CST 1 Payment
sleepiness+100 Sat Jan 08 01:28:00 CST 1 Going home
sleepiness-50 Sat Jan 08 02:27:00 CST 1 Working
income+10 Sat Jan 08 02:27:00 CST 1 New Income
savings+10 Sat Jan 08 02:27:00 CST 1 Payment
sleepiness-50 Sat Jan 08 02:48:00 CST 1 Working
income+10 Sat Jan 08 02:48:00 CST 1 New Income
savings+10 Sat Jan 08 02:48:00 CST 1 Payment
sleepiness+100 Sat Jan 08 03:36:00 CST 1 Going home
sleepiness-50 Sat Jan 08 04:36:00 CST 1 Working
income+10 Sat Jan 08 04:36:00 CST 1 New Income
savings+10 Sat Jan 08 04:36:00 CST 1 Payment
sleepiness-50 Sat Jan 08 05:25:00 CST 1 Working
income+10 Sat Jan 08 05:25:00 CST 1 New Income
savings+10 Sat Jan 08 05:25:00 CST 1 Payment
sleepiness+100 Sat Jan 08 05:41:00 CST 1 Going home
sleepiness-50 Sat Jan 08 06:40:00 CST 1 Working
income+10 Sat Jan 08 06:40:00 CST 1 New Income
savings+10 Sat Jan 08 06:40:00 CST 1 Payment
sleepiness-50 Sat Jan 08 07:29:00 CST 1 Working
income+10 Sat Jan 08 07:29:00 CST 1 New Income
savings+10 Sat Jan 08 07:29:00 CST 1 Payment
sleepiness+100 Sat Jan 08 07:45:00 CST 1 Going home
sleepiness-50 Sat Jan 08 08:44:00 CST 1 Working
income+10 Sat Jan 08 08:44:00 CST 1 New Income
savings+10 Sat Jan 08 08:44:00 CST 1 Payment
sleepiness-50 Sat Jan 08 09:40:00 CST 1 Working
income+10 Sat Jan 08 09:40:00 CST 1 New Income
savings+10 Sat Jan 08 09:40:00 CST 1 Payment
thirst+90 Sat Jan 08 15:56:00 CST 1 Getting water
sleepiness+100 Sat Jan 08 21:28:00 CST 1 Going home
sleepiness-50 Sat Jan 08 22:29:00 CST 1 Working
income+10 Sat Jan 08 22:29:00 CST 1 New Income
savings+10 Sat Jan 08 22:29:00 CST 1 Payment
sleepiness-50 Sat Jan 08 22:41:00 CST 1 Working
income+10 Sat Jan 08 22:41:00 CST 1 New Income
savings+10 Sat Jan 08 22:41:00 CST 1 Payment
sleepiness+100 Sat Jan 08 23:20:00 CST 1 Going home
sleepiness-50 Sun Jan 09 00:19:00 CST 1 Working
income+10 Sun Jan 09 00:19:00 CST 1 New Income
savings+10 Sun Jan 09 00:19:00 CST 1 Payment
sleepiness-50 Sun Jan 09 01:13:00 CST 1 Working
income+10 Sun Jan 09 01:13:00 CST 1 New Income
savings+10 Sun Jan 09 01:13:00 CST 1 Payment
sleepiness+100 Sun Jan 09 02:19:00 CST 1 Going home
sleepiness-50 Sun Jan 09 03:21:00 CST 1 Working
income+10 Sun Jan 09 03:21:00 CST 1 New Income
savings+10 Sun Jan 09 03:21:00 CST 1 Payment
sleepiness-50 Sun Jan 09 04:11:00 CST 1 Working
income+10 Sun Jan 09 04:11:00 CST 1 New Income
savings+10 Sun Jan 09 04:11:00 CST 1 Payment
sleepiness+100 Sun Jan 09 04:32:00 CST 1 Going home
sleepiness-50 Sun Jan 09 05:34:00 CST 1 Working
income+10 Sun Jan 09 05:34:00 CST 1 New Income
savings+10 Sun Jan 09 05:34:00 CST 1 Payment
sleepiness-50 Sun Jan 09 06:13:00 CST 1 Working
income+10 Sun Jan 09 06:13:00 CST 1 New Income
savings+10 Sun Jan 09 06:13:00 CST 1 Payment
sleepiness+100 Sun Jan 09 06:34:00 CST 1 Going home
sleepiness-50 Sun Jan 09 07:36:00 CST 1 Working
income+10 Sun Jan 09 07:36:00 CST 1 New Income
savings+10 Sun Jan 09 07:36:00 CST 1 Payment
sleepiness-50 Sun Jan 09 08:30:00 CST 1 Working
income+10 Sun Jan 09 08:30:00 CST 1 New Income
savings+10 Sun Jan 09 08:30:00 CST 1 Payment
sleepiness+100 Sun Jan 09 21:17:00 CST 1 Going home
sleepiness-50 Sun Jan 09 22:22:00 CST 1 Working
income+10 Sun Jan 09 22:22:00 CST 1 New Income
savings+10 Sun Jan 09 22:22:00 CST 1 Payment
sleepiness-50 Sun Jan 09 22:35:00 CST 1 Working
income+10 Sun Jan 09 22:35:00 CST 1 New Income
savings+10 Sun Jan 09 22:35:00 CST 1 Payment
sleepiness+100 Sun Jan 09 23:25:00 CST 1 Going home
sleepiness-50 Sun Jan 09 23:53:00 CST 1 Working
income+10 Sun Jan 09 23:53:00 CST 1 New Income
savings+10 Sun Jan 09 23:53:00 CST 1 Payment
sleepiness-50 Mon Jan 10 00:09:00 CST 1 Working
income+10 Mon Jan 10 00:09:00 CST 1 New Income
savings+10 Mon Jan 10 00:09:00 CST 1 Payment
sleepiness+100 Mon Jan 10 00:43:00 CST 1 Going home
sleepiness-50 Mon Jan 10 01:04:00 CST 1 Working
income+10 Mon Jan 10 01:04:00 CST 1 New Income
savings+10 Mon Jan 10 01:04:00 CST 1 Payment
sleepiness-50 Mon Jan 10 01:54:00 CST 1 Working
income+10 Mon Jan 10 01:54:00 CST 1 New Income
savings+10 Mon Jan 10 01:54:00 CST 1 Payment
sleepiness+100 Mon Jan 10 02:18:00 CST 1 Going home
sleepiness-50 Mon Jan 10 02:53:00 CST 1 Working
income+10 Mon Jan 10 02:53:00 CST 1 New Income
savings+10 Mon Jan 10 02:53:00 CST 1 Payment
sleepiness-50 Mon Jan 10 03:43:00 CST 1 Working
income+10 Mon Jan 10 03:43:00 CST 1 New Income
savings+10 Mon Jan 10 03:43:00 CST 1 Payment
sleepiness+100 Mon Jan 10 04:08:00 CST 1 Going home
sleepiness-50 Mon Jan 10 04:43:00 CST 1 Working
income+10 Mon Jan 10 04:43:00 CST 1 New Income
savings+10 Mon Jan 10 04:43:00 CST 1 Payment
sleepiness-50 Mon Jan 10 05:36:00 CST 1 Working
income+10 Mon Jan 10 05:36:00 CST 1 New Income
savings+10 Mon Jan 10 05:36:00 CST 1 Payment
sleepiness+100 Mon Jan 10 06:47:00 CST 1 Going home
sleepiness-50 Mon Jan 10 07:28:00 CST 1 Working
income+10 Mon Jan 10 07:28:00 CST 1 New Income
savings+10 Mon Jan 10 07:28:00 CST 1 Payment
sleepiness-50 Mon Jan 10 08:24:00 CST 1 Working
income+10 Mon Jan 10 08:24:00 CST 1 New Income
savings+10 Mon Jan 10 08:24:00 CST 1 Payment
sleepiness+100 Mon Jan 10 21:21:00 CST 1 Going home
sleepiness-50 Mon Jan 10 22:26:00 CST 1 Working
income+10 Mon Jan 10 22:26:00 CST 1 New Income
savings+10 Mon Jan 10 22:26:00 CST 1 Payment
sleepiness-50 Mon Jan 10 22:58:00 CST 1 Working
income+10 Mon Jan 10 22:58:00 CST 1 New Income
savings+10 Mon Jan 10 22:58:00 CST 1 Payment
sleepiness+100 Mon Jan 10 23:19:00 CST 1 Going home
sleepiness-50 Tue Jan 11 00:06:00 CST 1 Working
income+10 Tue Jan 11 00:06:00 CST 1 New Income
savings+10 Tue Jan 11 00:06:00 CST 1 Payment
sleepiness-50 Tue Jan 11 00:39:00 CST 1 Working
income+10 Tue Jan 11 00:39:00 CST 1 New Income
savings+10 Tue Jan 11 00:39:00 CST 1 Payment
sleepiness+100 Tue Jan 11 01:00:00 CST 1 Going home
sleepiness-50 Tue Jan 11 01:48:00 CST 1 Working
income+10 Tue Jan 11 01:48:00 CST 1 New Income
savings+10 Tue Jan 11 01:48:00 CST 1 Payment
sleepiness-50 Tue Jan 11 02:38:00 CST 1 Working
income+10 Tue Jan 11 02:38:00 CST 1 New Income
savings+10 Tue Jan 11 02:38:00 CST 1 Payment
sleepiness+100 Tue Jan 11 03:01:00 CST 1 Going home
sleepiness-50 Tue Jan 11 04:07:00 CST 1 Working
income+10 Tue Jan 11 04:07:00 CST 1 New Income
savings+10 Tue Jan 11 04:07:00 CST 1 Payment
sleepiness-50 Tue Jan 11 04:57:00 CST 1 Working
income+10 Tue Jan 11 04:57:00 CST 1 New Income
savings+10 Tue Jan 11 04:57:00 CST 1 Payment
sleepiness+100 Tue Jan 11 05:20:00 CST 1 Going home
sleepiness-50 Tue Jan 11 06:26:00 CST 1 Working
income+10 Tue Jan 11 06:26:00 CST 1 New Income
savings+10 Tue Jan 11 06:26:00 CST 1 Payment
sleepiness-50 Tue Jan 11 07:19:00 CST 1 Working
income+10 Tue Jan 11 07:19:00 CST 1 New Income
savings+10 Tue Jan 11 07:19:00 CST 1 Payment
sleepiness+100 Tue Jan 11 08:12:00 CST 1 Going home
sleepiness-50 Tue Jan 11 08:55:00 CST 1 Working
income+10 Tue Jan 11 08:55:00 CST 1 New Income
savings+10 Tue Jan 11 08:55:00 CST 1 Payment
sleepiness-50 Tue Jan 11 09:27:00 CST 1 Working
income+10 Tue Jan 11 09:27:00 CST 1 New Income
savings+10 Tue Jan 11 09:27:00 CST 1 Payment
sleepiness+100 Tue Jan 11 21:20:00 CST 1 Going home
sleepiness-50 Tue Jan 11 22:28:00 CST 1 Working
income+10 Tue Jan 11 22:28:00 CST 1 New Income
savings+10 Tue Jan 11 22:28:00 CST 1 Payment
sleepiness-50 Tue Jan 11 23:18:00 CST 1 Working
income+10 Tue Jan 11 23:18:00 CST 1 New Income
savings+10 Tue Jan 11 23:18:00 CST 1 Payment
sleepiness+100 Tue Jan 11 23:46:00 CST 1 Going home
sleepiness-50 Wed Jan 12 00:28:00 CST 1 Working
income+10 Wed Jan 12 00:28:00 CST 1 New Income
savings+10 Wed Jan 12 00:28:00 CST 1 Payment
sleepiness-50 Wed Jan 12 01:18:00 CST 1 Working
income+10 Wed Jan 12 01:18:00 CST 1 New Income
savings+10 Wed Jan 12 01:18:00 CST 1 Payment
sleepiness+100 Wed Jan 12 01:46:00 CST 1 Going home
sleepiness-50 Wed Jan 12 02:31:00 CST 1 Working
income+10 Wed Jan 12 02:31:00 CST 1 New Income
savings+10 Wed Jan 12 02:31:00 CST 1 Payment
sleepiness-50 Wed Jan 12 03:03:00 CST 1 Working
income+10 Wed Jan 12 03:03:00 CST 1 New Income
savings+10 Wed Jan 12 03:03:00 CST 1 Payment
sleepiness+100 Wed Jan 12 03:31:00 CST 1 Going home
sleepiness-50 Wed Jan 12 04:10:00 CST 1 Working
income+10 Wed Jan 12 04:10:00 CST 1 New Income
savings+10 Wed Jan 12 04:10:00 CST 1 Payment
sleepiness-50 Wed Jan 12 04:23:00 CST 1 Working
income+10 Wed Jan 12 04:23:00 CST 1 New Income
savings+10 Wed Jan 12 04:23:00 CST 1 Payment
sleepiness+100 Wed Jan 12 04:49:00 CST 1 Going home
sleepiness-50 Wed Jan 12 05:42:00 CST 1 Working
income+10 Wed Jan 12 05:42:00 CST 1 New Income
savings+10 Wed Jan 12 05:42:00 CST 1 Payment
sleepiness-50 Wed Jan 12 05:55:00 CST 1 Working
income+10 Wed Jan 12 05:55:00 CST 1 New Income
savings+10 Wed Jan 12 05:55:00 CST 1 Payment
sleepiness+100 Wed Jan 12 06:21:00 CST 1 Going home
sleepiness-50 Wed Jan 12 07:14:00 CST 1 Working
income+10 Wed Jan 12 07:14:00 CST 1 New Income
savings+10 Wed Jan 12 07:14:00 CST 1 Payment
sleepiness-50 Wed Jan 12 07:27:00 CST 1 Working
income+10 Wed Jan 12 07:27:00 CST 1 New Income
savings+10 Wed Jan 12 07:27:00 CST 1 Payment
sleepiness+100 Wed Jan 12 07:53:00 CST 1 Going home
sleepiness-50 Wed Jan 12 08:45:00 CST 1 Working
income+10 Wed Jan 12 08:45:00 CST 1 New Income
savings+10 Wed Jan 12 08:45:00 CST 1 Payment
sleepiness-50 Wed Jan 12 08:58:00 CST 1 Working
income+10 Wed Jan 12 08:58:00 CST 1 New Income
savings+10 Wed Jan 12 08:58:00 CST 1 Payment
sleepiness+100 Wed Jan 12 21:20:00 CST 1 Going home
sleepiness-50 Wed Jan 12 22:13:00 CST 1 Working
income+10 Wed Jan 12 22:13:00 CST 1 New Income
savings+10 Wed Jan 12 22:13:00 CST 1 Payment
sleepiness-50 Wed Jan 12 22:45:00 CST 1 Working
income+10 Wed Jan 12 22:45:00 CST 1 New Income
savings+10 Wed Jan 12 22:45:00 CST 1 Payment
sleepiness+100 Wed Jan 12 23:12:00 CST 1 Going home
sleepiness-50 Wed Jan 12 23:58:00 CST 1 Working
income+10 Wed Jan 12 23:58:00 CST 1 New Income
savings+10 Wed Jan 12 23:58:00 CST 1 Payment
sleepiness-50 Thu Jan 13 00:29:00 CST 1 Working
income+10 Thu Jan 13 00:29:00 CST 1 New Income
savings+10 Thu Jan 13 00:29:00 CST 1 Payment
sleepiness+100 Thu Jan 13 00:56:00 CST 1 Going home
sleepiness-50 Thu Jan 13 01:32:00 CST 1 Working
income+10 Thu Jan 13 01:32:00 CST 1 New Income
savings+10 Thu Jan 13 01:32:00 CST 1 Payment
sleepiness-50 Thu Jan 13 02:32:00 CST 1 Working
income+10 Thu Jan 13 02:32:00 CST 1 New Income
savings+10 Thu Jan 13 02:32:00 CST 1 Payment
sleepiness+100 Thu Jan 13 03:18:00 CST 1 Going home
sleepiness-50 Thu Jan 13 04:27:00 CST 1 Working
income+10 Thu Jan 13 04:27:00 CST 1 New Income
savings+10 Thu Jan 13 04:27:00 CST 1 Payment
sleepiness-50 Thu Jan 13 05:17:00 CST 1 Working
income+10 Thu Jan 13 05:17:00 CST 1 New Income
savings+10 Thu Jan 13 05:17:00 CST 1 Payment
sleepiness+100 Thu Jan 13 05:43:00 CST 1 Going home
sleepiness-50 Thu Jan 13 06:53:00 CST 1 Working
income+10 Thu Jan 13 06:53:00 CST 1 New Income
savings+10 Thu Jan 13 06:53:00 CST 1 Payment
sleepiness-50 Thu Jan 13 07:43:00 CST 1 Working
income+10 Thu Jan 13 07:43:00 CST 1 New Income
savings+10 Thu Jan 13 07:43:00 CST 1 Payment
sleepiness+100 Thu Jan 13 08:09:00 CST 1 Going home
sleepiness-50 Thu Jan 13 09:20:00 CST 1 Working
income+10 Thu Jan 13 09:20:00 CST 1 New Income
savings+10 Thu Jan 13 09:20:00 CST 1 Payment
sleepiness-50 Thu Jan 13 09:47:00 CST 1 Working
income+10 Thu Jan 13 09:47:00 CST 1 New Income
savings+10 Thu Jan 13 09:47:00 CST 1 Payment
sleepiness+100 Thu Jan 13 21:25:00 CST 1 Going home
sleepiness-50 Thu Jan 13 22:05:00 CST 1 Working
income+10 Thu Jan 13 22:05:00 CST 1 New Income
savings+10 Thu Jan 13 22:05:00 CST 1 Payment
sleepiness-50 Thu Jan 13 22:37:00 CST 1 Working
income+10 Thu Jan 13 22:37:00 CST 1 New Income
savings+10 Thu Jan 13 22:37:00 CST 1 Payment
sleepiness+100 Thu Jan 13 23:46:00 CST 1 Going home
sleepiness-50 Fri Jan 14 00:31:00 CST 1 Working
income+10 Fri Jan 14 00:31:00 CST 1 New Income
savings+10 Fri Jan 14 00:31:00 CST 1 Payment
sleepiness-50 Fri Jan 14 00:57:00 CST 1 Working
income+10 Fri Jan 14 00:57:00 CST 1 New Income
savings+10 Fri Jan 14 00:57:00 CST 1 Payment
sleepiness+100 Fri Jan 14 01:24:00 CST 1 Going home
sleepiness-50 Fri Jan 14 02:34:00 CST 1 Working
income+10 Fri Jan 14 02:34:00 CST 1 New Income
savings+10 Fri Jan 14 02:34:00 CST 1 Payment
sleepiness-50 Fri Jan 14 03:00:00 CST 1 Working
income+10 Fri Jan 14 03:00:00 CST 1 New Income
savings+10 Fri Jan 14 03:00:00 CST 1 Payment
sleepiness+100 Fri Jan 14 03:27:00 CST 1 Going home
sleepiness-50 Fri Jan 14 04:37:00 CST 1 Working
income+10 Fri Jan 14 04:37:00 CST 1 New Income
savings+10 Fri Jan 14 04:37:00 CST 1 Payment
sleepiness-50 Fri Jan 14 05:27:00 CST 1 Working
income+10 Fri Jan 14 05:27:00 CST 1 New Income
savings+10 Fri Jan 14 05:27:00 CST 1 Payment
sleepiness+100 Fri Jan 14 05:53:00 CST 1 Going home
sleepiness-50 Fri Jan 14 07:04:00 CST 1 Working
income+10 Fri Jan 14 07:04:00 CST 1 New Income
savings+10 Fri Jan 14 07:04:00 CST 1 Payment
sleepiness-50 Fri Jan 14 07:11:00 CST 1 Working
income+10 Fri Jan 14 07:11:00 CST 1 New Income
savings+10 Fri Jan 14 07:11:00 CST 1 Payment
sleepiness+100 Fri Jan 14 07:42:00 CST 1 Going home
sleepiness-50 Fri Jan 14 08:24:00 CST 1 Working
income+10 Fri Jan 14 08:24:00 CST 1 New Income
savings+10 Fri Jan 14 08:24:00 CST 1 Payment
sleepiness-50 Fri Jan 14 08:44:00 CST 1 Working
income+10 Fri Jan 14 08:44:00 CST 1 New Income
savings+10 Fri Jan 14 08:44:00 CST 1 Payment
sleepiness+100 Fri Jan 14 21:20:00 CST 1 Going home
sleepiness-50 Fri Jan 14 21:53:00 CST 1 Working
income+10 Fri Jan 14 21:53:00 CST 1 New Income
savings+10 Fri Jan 14 21:53:00 CST 1 Payment
sleepiness-50 Fri Jan 14 22:31:00 CST 1 Working
income+10 Fri Jan 14 22:31:00 CST 1 New Income
savings+10 Fri Jan 14 22:31:00 CST 1 Payment
sleepiness+100 Fri Jan 14 22:56:00 CST 1 Going home
sleepiness-50 Sat Jan 15 00:03:00 CST 1 Working
income+10 Sat Jan 15 00:03:00 CST 1 New Income
savings+10 Sat Jan 15 00:03:00 CST 1 Payment
sleepiness-50 Sat Jan 15 00:22:00 CST 1 Working
income+10 Sat Jan 15 00:22:00 CST 1 New Income
savings+10 Sat Jan 15 00:22:00 CST 1 Payment
sleepiness+100 Sat Jan 15 00:48:00 CST 1 Going home
sleepiness-50 Sat Jan 15 01:50:00 CST 1 Working
income+10 Sat Jan 15 01:50:00 CST 1 New Income
savings+10 Sat Jan 15 01:50:00 CST 1 Payment
sleepiness-50 Sat Jan 15 02:37:00 CST 1 Working
income+10 Sat Jan 15 02:37:00 CST 1 New Income
savings+10 Sat Jan 15 02:37:00 CST 1 Payment
sleepiness+100 Sat Jan 15 03:40:00 CST 1 Going home
sleepiness-50 Sat Jan 15 04:34:00 CST 1 Working
income+10 Sat Jan 15 04:34:00 CST 1 New Income
savings+10 Sat Jan 15 04:34:00 CST 1 Payment
sleepiness-50 Sat Jan 15 05:28:00 CST 1 Working
income+10 Sat Jan 15 05:28:00 CST 1 New Income
savings+10 Sat Jan 15 05:28:00 CST 1 Payment
sleepiness+100 Sat Jan 15 06:01:00 CST 1 Going home
sleepiness-50 Sat Jan 15 06:39:00 CST 1 Working
income+10 Sat Jan 15 06:39:00 CST 1 New Income
savings+10 Sat Jan 15 06:39:00 CST 1 Payment
sleepiness-50 Sat Jan 15 06:48:00 CST 1 Working
income+10 Sat Jan 15 06:48:00 CST 1 New Income
savings+10 Sat Jan 15 06:48:00 CST 1 Payment
sleepiness+100 Sat Jan 15 08:39:00 CST 1 Going home
sleepiness-50 Sat Jan 15 08:29:00 CST 1 Working
income+10 Sat Jan 15 08:29:00 CST 1 New Income
savings+10 Sat Jan 15 08:29:00 CST 1 Payment
sleepiness-50 Sat Jan 15 08:37:00 CST 1 Working
income+10 Sat Jan 15 08:37:00 CST 1 New Income
savings+10 Sat Jan 15 08:37:00 CST 1 Payment
