age+0 Sat Jan 01 11:16:00 CST 1 creation
hunger+97 Sat Jan 01 11:29:00 CST 1 Getting food
sleepiness-50 Sat Jan 01 11:38:00 CST 1 Working
income+10 Sat Jan 01 11:38:00 CST 1 New Income
debt-10 Sat Jan 01 11:38:00 CST 1 Payment
sleepiness-50 Sat Jan 01 12:23:00 CST 1 Working
income+10 Sat Jan 01 12:23:00 CST 1 New Income
debt-10 Sat Jan 01 12:23:00 CST 1 Payment
income+0 Sat Jan 01 12:30:00 CST 1 Bought a House
bills+0 Sat Jan 01 12:30:00 CST 1 Bought a House
taxes+0 Sat Jan 01 12:30:00 CST 1 Bought a House
savings+94 Sat Jan 01 12:30:00 CST 1 Bought a House
debt+6 Sat Jan 01 12:30:00 CST 1 Bought a House
companionship+10 Sat Jan 01 14:08:00 CST 1 Procreating
sleepiness-10 Sat Jan 01 14:08:00 CST 1 Procreating
thirst+90 Sun Jan 02 02:04:00 CST 1 Getting water
sleepiness+100 Thu Jan 06 10:08:00 CST 1 Going home
sleepiness-50 Thu Jan 06 10:41:00 CST 1 Working
income+10 Thu Jan 06 10:41:00 CST 1 New Income
debt-10 Thu Jan 06 10:41:00 CST 1 Payment
sleepiness-50 Thu Jan 06 10:54:00 CST 1 Working
income+10 Thu Jan 06 10:54:00 CST 1 New Income
debt-10 Thu Jan 06 10:54:00 CST 1 Payment
sleepiness+100 Thu Jan 06 21:08:00 CST 1 Going home
sleepiness-50 Thu Jan 06 21:41:00 CST 1 Working
income+10 Thu Jan 06 21:41:00 CST 1 New Income
debt-10 Thu Jan 06 21:41:00 CST 1 Payment
sleepiness-50 Thu Jan 06 21:54:00 CST 1 Working
income+10 Thu Jan 06 21:54:00 CST 1 New Income
debt-10 Thu Jan 06 21:54:00 CST 1 Payment
sleepiness+100 Thu Jan 06 22:08:00 CST 1 Going home
sleepiness-50 Thu Jan 06 22:41:00 CST 1 Working
income+10 Thu Jan 06 22:41:00 CST 1 New Income
debt-10 Thu Jan 06 22:41:00 CST 1 Payment
sleepiness-50 Thu Jan 06 22:58:00 CST 1 Working
income+10 Thu Jan 06 22:58:00 CST 1 New Income
debt-10 Thu Jan 06 22:58:00 CST 1 Payment
sleepiness+100 Thu Jan 06 23:11:00 CST 1 Going home
sleepiness-50 Fri Jan 07 00:06:00 CST 1 Working
income+10 Fri Jan 07 00:06:00 CST 1 New Income
debt-10 Fri Jan 07 00:06:00 CST 1 Payment
sleepiness-50 Fri Jan 07 00:38:00 CST 1 Working
income+10 Fri Jan 07 00:38:00 CST 1 New Income
debt-10 Fri Jan 07 00:38:00 CST 1 Payment
sleepiness+100 Fri Jan 07 00:54:00 CST 1 Going home
sleepiness-50 Fri Jan 07 01:27:00 CST 1 Working
income+10 Fri Jan 07 01:27:00 CST 1 New Income
debt-10 Fri Jan 07 01:27:00 CST 1 Payment
sleepiness-50 Fri Jan 07 02:39:00 CST 1 Working
income+10 Fri Jan 07 02:39:00 CST 1 New Income
debt-10 Fri Jan 07 02:39:00 CST 1 Payment
sleepiness+100 Fri Jan 07 02:15:00 CST 1 Going home
sleepiness-50 Fri Jan 07 02:48:00 CST 1 Working
income+10 Fri Jan 07 02:48:00 CST 1 New Income
savings+10 Fri Jan 07 02:48:00 CST 1 Payment
sleepiness-50 Fri Jan 07 03:29:00 CST 1 Working
income+10 Fri Jan 07 03:29:00 CST 1 New Income
savings+10 Fri Jan 07 03:29:00 CST 1 Payment
sleepiness+100 Fri Jan 07 03:53:00 CST 1 Going home
sleepiness-50 Fri Jan 07 04:14:00 CST 1 Working
income+10 Fri Jan 07 04:14:00 CST 1 New Income
savings+10 Fri Jan 07 04:14:00 CST 1 Payment
sleepiness-50 Fri Jan 07 05:03:00 CST 1 Working
income+10 Fri Jan 07 05:03:00 CST 1 New Income
savings+10 Fri Jan 07 05:03:00 CST 1 Payment
sleepiness+100 Fri Jan 07 05:16:00 CST 1 Going home
sleepiness-50 Fri Jan 07 06:14:00 CST 1 Working
income+10 Fri Jan 07 06:14:00 CST 1 New Income
savings+10 Fri Jan 07 06:14:00 CST 1 Payment
sleepiness-50 Fri Jan 07 07:03:00 CST 1 Working
income+10 Fri Jan 07 07:03:00 CST 1 New Income
savings+10 Fri Jan 07 07:03:00 CST 1 Payment
sleepiness+100 Fri Jan 07 07:16:00 CST 1 Going home
sleepiness-50 Fri Jan 07 08:16:00 CST 1 Working
income+10 Fri Jan 07 08:16:00 CST 1 New Income
savings+10 Fri Jan 07 08:16:00 CST 1 Payment
sleepiness-50 Fri Jan 07 08:42:00 CST 1 Working
income+10 Fri Jan 07 08:42:00 CST 1 New Income
savings+10 Fri Jan 07 08:42:00 CST 1 Payment
sleepiness+100 Fri Jan 07 21:08:00 CST 1 Going home
sleepiness-50 Fri Jan 07 22:08:00 CST 1 Working
income+10 Fri Jan 07 22:08:00 CST 1 New Income
savings+10 Fri Jan 07 22:08:00 CST 1 Payment
sleepiness-50 Fri Jan 07 22:34:00 CST 1 Working
income+10 Fri Jan 07 22:34:00 CST 1 New Income
savings+10 Fri Jan 07 22:34:00 CST 1 Payment
sleepiness+100 Fri Jan 07 22:48:00 CST 1 Going home
sleepiness-50 Fri Jan 07 23:37:00 CST 1 Working
income+10 Fri Jan 07 23:37:00 CST 1 New Income
savings+10 Fri Jan 07 23:37:00 CST 1 Payment
sleepiness-50 Sat Jan 08 00:09:00 CST 1 Working
income+10 Sat Jan 08 00:09:00 CST 1 New Income
savings+10 Sat Jan 08 00:09:00 CST 1 Payment
sleepiness+100 Sat Jan 08 01:09:00 CST 1 Going home
sleepiness-50 Sat Jan 08 02:00:00 CST 1 Working
income+10 Sat Jan 08 02:00:00 CST 1 New Income
savings+10 Sat Jan 08 02:00:00 CST 1 Payment
sleepiness-50 Sat Jan 08 02:20:00 CST 1 Working
income+10 Sat Jan 08 02:20:00 CST 1 New Income
savings+10 Sat Jan 08 02:20:00 CST 1 Payment
sleepiness+100 Sat Jan 08 02:37:00 CST 1 Going home
sleepiness-50 Sat Jan 08 03:15:00 CST 1 Working
income+10 Sat Jan 08 03:15:00 CST 1 New Income
savings+10 Sat Jan 08 03:15:00 CST 1 Payment
sleepiness-50 Sat Jan 08 03:35:00 CST 1 Working
income+10 Sat Jan 08 03:35:00 CST 1 New Income
savings+10 Sat Jan 08 03:35:00 CST 1 Payment
sleepiness+100 Sat Jan 08 03:52:00 CST 1 Going home
sleepiness-50 Sat Jan 08 04:30:00 CST 1 Working
income+10 Sat Jan 08 04:30:00 CST 1 New Income
savings+10 Sat Jan 08 04:30:00 CST 1 Payment
sleepiness-50 Sat Jan 08 04:55:00 CST 1 Working
income+10 Sat Jan 08 04:55:00 CST 1 New Income
savings+10 Sat Jan 08 04:55:00 CST 1 Payment
sleepiness+100 Sat Jan 08 06:01:00 CST 1 Going home
sleepiness-50 Sat Jan 08 06:40:00 CST 1 Working
income+10 Sat Jan 08 06:40:00 CST 1 New Income
savings+10 Sat Jan 08 06:40:00 CST 1 Payment
sleepiness-50 Sat Jan 08 07:06:00 CST 1 Working
income+10 Sat Jan 08 07:06:00 CST 1 New Income
savings+10 Sat Jan 08 07:06:00 CST 1 Payment
sleepiness+100 Sat Jan 08 07:24:00 CST 1 Going home
sleepiness-50 Sat Jan 08 08:16:00 CST 1 Working
income+10 Sat Jan 08 08:16:00 CST 1 New Income
savings+10 Sat Jan 08 08:16:00 CST 1 Payment
sleepiness-50 Sat Jan 08 08:42:00 CST 1 Working
income+10 Sat Jan 08 08:42:00 CST 1 New Income
savings+10 Sat Jan 08 08:42:00 CST 1 Payment
sleepiness+100 Sat Jan 08 21:12:00 CST 1 Going home
sleepiness-50 Sat Jan 08 22:04:00 CST 1 Working
income+10 Sat Jan 08 22:04:00 CST 1 New Income
savings+10 Sat Jan 08 22:04:00 CST 1 Payment
sleepiness-50 Sat Jan 08 22:30:00 CST 1 Working
income+10 Sat Jan 08 22:30:00 CST 1 New Income
savings+10 Sat Jan 08 22:30:00 CST 1 Payment
sleepiness+100 Sat Jan 08 22:48:00 CST 1 Going home
sleepiness-50 Sat Jan 08 23:34:00 CST 1 Working
income+10 Sat Jan 08 23:34:00 CST 1 New Income
savings+10 Sat Jan 08 23:34:00 CST 1 Payment
sleepiness-50 Mon Jan 10 00:00:00 CST 1 Working
income+10 Mon Jan 10 00:00:00 CST 1 New Income
savings+10 Mon Jan 10 00:00:00 CST 1 Payment
sleepiness+100 Sun Jan 09 00:58:00 CST 1 Going home
sleepiness-50 Sun Jan 09 01:50:00 CST 1 Working
income+10 Sun Jan 09 01:50:00 CST 1 New Income
savings+10 Sun Jan 09 01:50:00 CST 1 Payment
sleepiness-50 Sun Jan 09 02:16:00 CST 1 Working
income+10 Sun Jan 09 02:16:00 CST 1 New Income
savings+10 Sun Jan 09 02:16:00 CST 1 Payment
sleepiness+100 Sun Jan 09 02:34:00 CST 1 Going home
sleepiness-50 Sun Jan 09 03:26:00 CST 1 Working
income+10 Sun Jan 09 03:26:00 CST 1 New Income
savings+10 Sun Jan 09 03:26:00 CST 1 Payment
sleepiness-50 Sun Jan 09 03:52:00 CST 1 Working
income+10 Sun Jan 09 03:52:00 CST 1 New Income
savings+10 Sun Jan 09 03:52:00 CST 1 Payment
sleepiness+100 Sun Jan 09 04:10:00 CST 1 Going home
sleepiness-50 Sun Jan 09 05:13:00 CST 1 Working
income+10 Sun Jan 09 05:13:00 CST 1 New Income
savings+10 Sun Jan 09 05:13:00 CST 1 Payment
sleepiness-50 Sun Jan 09 05:39:00 CST 1 Working
income+10 Sun Jan 09 05:39:00 CST 1 New Income
savings+10 Sun Jan 09 05:39:00 CST 1 Payment
sleepiness+100 Sun Jan 09 05:57:00 CST 1 Going home
sleepiness-50 Sun Jan 09 06:49:00 CST 1 Working
income+10 Sun Jan 09 06:49:00 CST 1 New Income
savings+10 Sun Jan 09 06:49:00 CST 1 Payment
sleepiness-50 Sun Jan 09 07:15:00 CST 1 Working
income+10 Sun Jan 09 07:15:00 CST 1 New Income
savings+10 Sun Jan 09 07:15:00 CST 1 Payment
sleepiness+100 Sun Jan 09 07:33:00 CST 1 Going home
sleepiness-50 Sun Jan 09 08:36:00 CST 1 Working
income+10 Sun Jan 09 08:36:00 CST 1 New Income
savings+10 Sun Jan 09 08:36:00 CST 1 Payment
sleepiness-50 Sun Jan 09 09:02:00 CST 1 Working
income+10 Sun Jan 09 09:02:00 CST 1 New Income
savings+10 Sun Jan 09 09:02:00 CST 1 Payment
sleepiness+100 Sun Jan 09 21:12:00 CST 1 Going home
sleepiness-50 Sun Jan 09 22:04:00 CST 1 Working
income+10 Sun Jan 09 22:04:00 CST 1 New Income
savings+10 Sun Jan 09 22:04:00 CST 1 Payment
sleepiness-50 Sun Jan 09 22:38:00 CST 1 Working
income+10 Sun Jan 09 22:38:00 CST 1 New Income
savings+10 Sun Jan 09 22:38:00 CST 1 Payment
sleepiness+100 Sun Jan 09 23:31:00 CST 1 Going home
sleepiness-50 Sun Jan 09 23:58:00 CST 1 Working
income+10 Sun Jan 09 23:58:00 CST 1 New Income
savings+10 Sun Jan 09 23:58:00 CST 1 Payment
sleepiness-50 Mon Jan 10 00:31:00 CST 1 Working
income+10 Mon Jan 10 00:31:00 CST 1 New Income
savings+10 Mon Jan 10 00:31:00 CST 1 Payment
sleepiness+100 Mon Jan 10 00:55:00 CST 1 Going home
sleepiness-50 Mon Jan 10 01:22:00 CST 1 Working
income+10 Mon Jan 10 01:22:00 CST 1 New Income
savings+10 Mon Jan 10 01:22:00 CST 1 Payment
sleepiness-50 Mon Jan 10 02:01:00 CST 1 Working
income+10 Mon Jan 10 02:01:00 CST 1 New Income
savings+10 Mon Jan 10 02:01:00 CST 1 Payment
sleepiness+100 Mon Jan 10 02:25:00 CST 1 Going home
sleepiness-50 Mon Jan 10 02:53:00 CST 1 Working
income+10 Mon Jan 10 02:53:00 CST 1 New Income
savings+10 Mon Jan 10 02:53:00 CST 1 Payment
sleepiness-50 Mon Jan 10 03:31:00 CST 1 Working
income+10 Mon Jan 10 03:31:00 CST 1 New Income
savings+10 Mon Jan 10 03:31:00 CST 1 Payment
sleepiness+100 Mon Jan 10 03:55:00 CST 1 Going home
sleepiness-50 Mon Jan 10 04:22:00 CST 1 Working
income+10 Mon Jan 10 04:22:00 CST 1 New Income
savings+10 Mon Jan 10 04:22:00 CST 1 Payment
sleepiness-50 Mon Jan 10 05:01:00 CST 1 Working
income+10 Mon Jan 10 05:01:00 CST 1 New Income
savings+10 Mon Jan 10 05:01:00 CST 1 Payment
sleepiness+100 Mon Jan 10 05:25:00 CST 1 Going home
sleepiness-50 Mon Jan 10 05:52:00 CST 1 Working
income+10 Mon Jan 10 05:52:00 CST 1 New Income
savings+10 Mon Jan 10 05:52:00 CST 1 Payment
sleepiness-50 Mon Jan 10 06:31:00 CST 1 Working
income+10 Mon Jan 10 06:31:00 CST 1 New Income
savings+10 Mon Jan 10 06:31:00 CST 1 Payment
sleepiness+100 Mon Jan 10 06:55:00 CST 1 Going home
sleepiness-50 Mon Jan 10 07:22:00 CST 1 Working
income+10 Mon Jan 10 07:22:00 CST 1 New Income
savings+10 Mon Jan 10 07:22:00 CST 1 Payment
sleepiness-50 Mon Jan 10 08:12:00 CST 1 Working
income+10 Mon Jan 10 08:12:00 CST 1 New Income
savings+10 Mon Jan 10 08:12:00 CST 1 Payment
thirst+90 Mon Jan 10 11:06:00 CST 1 Getting water
sleepiness+100 Mon Jan 10 21:14:00 CST 1 Going home
sleepiness-50 Mon Jan 10 22:17:00 CST 1 Working
income+10 Mon Jan 10 22:17:00 CST 1 New Income
savings+10 Mon Jan 10 22:17:00 CST 1 Payment
sleepiness-50 Mon Jan 10 22:56:00 CST 1 Working
income+10 Mon Jan 10 22:56:00 CST 1 New Income
savings+10 Mon Jan 10 22:56:00 CST 1 Payment
sleepiness+100 Mon Jan 10 23:20:00 CST 1 Going home
sleepiness-50 Mon Jan 10 23:48:00 CST 1 Working
income+10 Mon Jan 10 23:48:00 CST 1 New Income
savings+10 Mon Jan 10 23:48:00 CST 1 Payment
sleepiness-50 Tue Jan 11 00:36:00 CST 1 Working
income+10 Tue Jan 11 00:36:00 CST 1 New Income
savings+10 Tue Jan 11 00:36:00 CST 1 Payment
sleepiness+100 Tue Jan 11 01:00:00 CST 1 Going home
sleepiness-50 Tue Jan 11 01:27:00 CST 1 Working
income+10 Tue Jan 11 01:27:00 CST 1 New Income
savings+10 Tue Jan 11 01:27:00 CST 1 Payment
sleepiness-50 Tue Jan 11 02:06:00 CST 1 Working
income+10 Tue Jan 11 02:06:00 CST 1 New Income
savings+10 Tue Jan 11 02:06:00 CST 1 Payment
sleepiness+100 Tue Jan 11 02:30:00 CST 1 Going home
sleepiness-50 Tue Jan 11 02:57:00 CST 1 Working
income+10 Tue Jan 11 02:57:00 CST 1 New Income
savings+10 Tue Jan 11 02:57:00 CST 1 Payment
sleepiness-50 Tue Jan 11 03:50:00 CST 1 Working
income+10 Tue Jan 11 03:50:00 CST 1 New Income
savings+10 Tue Jan 11 03:50:00 CST 1 Payment
sleepiness+100 Tue Jan 11 05:01:00 CST 1 Going home
sleepiness-50 Tue Jan 11 05:23:00 CST 1 Working
income+10 Tue Jan 11 05:23:00 CST 1 New Income
savings+10 Tue Jan 11 05:23:00 CST 1 Payment
sleepiness-50 Tue Jan 11 06:02:00 CST 1 Working
income+10 Tue Jan 11 06:02:00 CST 1 New Income
savings+10 Tue Jan 11 06:02:00 CST 1 Payment
sleepiness+100 Tue Jan 11 06:27:00 CST 1 Going home
sleepiness-50 Tue Jan 11 07:08:00 CST 1 Working
income+10 Tue Jan 11 07:08:00 CST 1 New Income
savings+10 Tue Jan 11 07:08:00 CST 1 Payment
sleepiness-50 Tue Jan 11 07:47:00 CST 1 Working
income+10 Tue Jan 11 07:47:00 CST 1 New Income
savings+10 Tue Jan 11 07:47:00 CST 1 Payment
sleepiness+100 Tue Jan 11 08:12:00 CST 1 Going home
sleepiness-50 Tue Jan 11 08:53:00 CST 1 Working
income+10 Tue Jan 11 08:53:00 CST 1 New Income
savings+10 Tue Jan 11 08:53:00 CST 1 Payment
sleepiness-50 Tue Jan 11 09:43:00 CST 1 Working
income+10 Tue Jan 11 09:43:00 CST 1 New Income
savings+10 Tue Jan 11 09:43:00 CST 1 Payment
sleepiness+100 Tue Jan 11 21:19:00 CST 1 Going home
sleepiness-50 Tue Jan 11 22:00:00 CST 1 Working
income+10 Tue Jan 11 22:00:00 CST 1 New Income
savings+10 Tue Jan 11 22:00:00 CST 1 Payment
sleepiness-50 Tue Jan 11 22:50:00 CST 1 Working
income+10 Tue Jan 11 22:50:00 CST 1 New Income
savings+10 Tue Jan 11 22:50:00 CST 1 Payment
sleepiness+100 Tue Jan 11 23:15:00 CST 1 Going home
sleepiness-50 Tue Jan 11 23:56:00 CST 1 Working
income+10 Tue Jan 11 23:56:00 CST 1 New Income
savings+10 Tue Jan 11 23:56:00 CST 1 Payment
sleepiness-50 Wed Jan 12 00:33:00 CST 1 Working
income+10 Wed Jan 12 00:33:00 CST 1 New Income
savings+10 Wed Jan 12 00:33:00 CST 1 Payment
sleepiness+100 Wed Jan 12 00:58:00 CST 1 Going home
sleepiness-50 Wed Jan 12 01:39:00 CST 1 Working
income+10 Wed Jan 12 01:39:00 CST 1 New Income
savings+10 Wed Jan 12 01:39:00 CST 1 Payment
sleepiness-50 Wed Jan 12 02:29:00 CST 1 Working
income+10 Wed Jan 12 02:29:00 CST 1 New Income
savings+10 Wed Jan 12 02:29:00 CST 1 Payment
sleepiness+100 Wed Jan 12 02:54:00 CST 1 Going home
sleepiness-50 Wed Jan 12 03:35:00 CST 1 Working
income+10 Wed Jan 12 03:35:00 CST 1 New Income
savings+10 Wed Jan 12 03:35:00 CST 1 Payment
sleepiness-50 Wed Jan 12 04:25:00 CST 1 Working
income+10 Wed Jan 12 04:25:00 CST 1 New Income
savings+10 Wed Jan 12 04:25:00 CST 1 Payment
sleepiness+100 Wed Jan 12 04:50:00 CST 1 Going home
sleepiness-50 Wed Jan 12 05:31:00 CST 1 Working
income+10 Wed Jan 12 05:31:00 CST 1 New Income
savings+10 Wed Jan 12 05:31:00 CST 1 Payment
sleepiness-50 Wed Jan 12 06:10:00 CST 1 Working
income+10 Wed Jan 12 06:10:00 CST 1 New Income
savings+10 Wed Jan 12 06:10:00 CST 1 Payment
sleepiness+100 Wed Jan 12 06:35:00 CST 1 Going home
sleepiness-50 Wed Jan 12 07:16:00 CST 1 Working
income+10 Wed Jan 12 07:16:00 CST 1 New Income
savings+10 Wed Jan 12 07:16:00 CST 1 Payment
sleepiness-50 Wed Jan 12 07:55:00 CST 1 Working
income+10 Wed Jan 12 07:55:00 CST 1 New Income
savings+10 Wed Jan 12 07:55:00 CST 1 Payment
sleepiness+100 Wed Jan 12 21:19:00 CST 1 Going home
sleepiness-50 Wed Jan 12 22:00:00 CST 1 Working
income+10 Wed Jan 12 22:00:00 CST 1 New Income
savings+10 Wed Jan 12 22:00:00 CST 1 Payment
sleepiness-50 Wed Jan 12 22:50:00 CST 1 Working
income+10 Wed Jan 12 22:50:00 CST 1 New Income
savings+10 Wed Jan 12 22:50:00 CST 1 Payment
sleepiness+100 Wed Jan 12 23:15:00 CST 1 Going home
sleepiness-50 Thu Jan 13 00:39:00 CST 1 Working
income+10 Thu Jan 13 00:39:00 CST 1 New Income
savings+10 Thu Jan 13 00:39:00 CST 1 Payment
sleepiness-50 Thu Jan 13 00:17:00 CST 1 Working
income+10 Thu Jan 13 00:17:00 CST 1 New Income
savings+10 Thu Jan 13 00:17:00 CST 1 Payment
sleepiness+100 Thu Jan 13 00:40:00 CST 1 Going home
sleepiness-50 Thu Jan 13 01:31:00 CST 1 Working
income+10 Thu Jan 13 01:31:00 CST 1 New Income
savings+10 Thu Jan 13 01:31:00 CST 1 Payment
sleepiness-50 Thu Jan 13 01:51:00 CST 1 Working
income+10 Thu Jan 13 01:51:00 CST 1 New Income
savings+10 Thu Jan 13 01:51:00 CST 1 Payment
sleepiness+100 Thu Jan 13 02:14:00 CST 1 Going home
sleepiness-50 Thu Jan 13 03:05:00 CST 1 Working
income+10 Thu Jan 13 03:05:00 CST 1 New Income
savings+10 Thu Jan 13 03:05:00 CST 1 Payment
sleepiness-50 Thu Jan 13 03:38:00 CST 1 Working
income+10 Thu Jan 13 03:38:00 CST 1 New Income
savings+10 Thu Jan 13 03:38:00 CST 1 Payment
sleepiness+100 Thu Jan 13 04:06:00 CST 1 Going home
sleepiness-50 Thu Jan 13 04:31:00 CST 1 Working
income+10 Thu Jan 13 04:31:00 CST 1 New Income
savings+10 Thu Jan 13 04:31:00 CST 1 Payment
sleepiness-50 Thu Jan 13 05:04:00 CST 1 Working
income+10 Thu Jan 13 05:04:00 CST 1 New Income
savings+10 Thu Jan 13 05:04:00 CST 1 Payment
sleepiness+100 Thu Jan 13 05:32:00 CST 1 Going home
sleepiness-50 Thu Jan 13 05:57:00 CST 1 Working
income+10 Thu Jan 13 05:57:00 CST 1 New Income
savings+10 Thu Jan 13 05:57:00 CST 1 Payment
sleepiness-50 Thu Jan 13 06:30:00 CST 1 Working
income+10 Thu Jan 13 06:30:00 CST 1 New Income
savings+10 Thu Jan 13 06:30:00 CST 1 Payment
sleepiness+100 Thu Jan 13 06:58:00 CST 1 Going home
sleepiness-50 Thu Jan 13 07:23:00 CST 1 Working
income+10 Thu Jan 13 07:23:00 CST 1 New Income
savings+10 Thu Jan 13 07:23:00 CST 1 Payment
sleepiness-50 Thu Jan 13 07:56:00 CST 1 Working
income+10 Thu Jan 13 07:56:00 CST 1 New Income
savings+10 Thu Jan 13 07:56:00 CST 1 Payment
sleepiness+100 Thu Jan 13 21:22:00 CST 1 Going home
sleepiness-50 Thu Jan 13 21:47:00 CST 1 Working
income+10 Thu Jan 13 21:47:00 CST 1 New Income
savings+10 Thu Jan 13 21:47:00 CST 1 Payment
sleepiness-50 Thu Jan 13 22:20:00 CST 1 Working
income+10 Thu Jan 13 22:20:00 CST 1 New Income
savings+10 Thu Jan 13 22:20:00 CST 1 Payment
sleepiness+100 Thu Jan 13 22:48:00 CST 1 Going home
sleepiness-50 Thu Jan 13 23:13:00 CST 1 Working
income+10 Thu Jan 13 23:13:00 CST 1 New Income
savings+10 Thu Jan 13 23:13:00 CST 1 Payment
sleepiness-50 Thu Jan 13 23:45:00 CST 1 Working
income+10 Thu Jan 13 23:45:00 CST 1 New Income
savings+10 Thu Jan 13 23:45:00 CST 1 Payment
sleepiness+100 Fri Jan 14 00:11:00 CST 1 Going home
sleepiness-50 Fri Jan 14 00:36:00 CST 1 Working
income+10 Fri Jan 14 00:36:00 CST 1 New Income
savings+10 Fri Jan 14 00:36:00 CST 1 Payment
sleepiness-50 Fri Jan 14 01:09:00 CST 1 Working
income+10 Fri Jan 14 01:09:00 CST 1 New Income
savings+10 Fri Jan 14 01:09:00 CST 1 Payment
sleepiness+100 Fri Jan 14 01:37:00 CST 1 Going home
sleepiness-50 Fri Jan 14 02:02:00 CST 1 Working
income+10 Fri Jan 14 02:02:00 CST 1 New Income
savings+10 Fri Jan 14 02:02:00 CST 1 Payment
sleepiness-50 Fri Jan 14 02:35:00 CST 1 Working
income+10 Fri Jan 14 02:35:00 CST 1 New Income
savings+10 Fri Jan 14 02:35:00 CST 1 Payment
sleepiness+100 Fri Jan 14 03:03:00 CST 1 Going home
sleepiness-50 Fri Jan 14 03:28:00 CST 1 Working
income+10 Fri Jan 14 03:28:00 CST 1 New Income
savings+10 Fri Jan 14 03:28:00 CST 1 Payment
sleepiness-50 Fri Jan 14 04:01:00 CST 1 Working
income+10 Fri Jan 14 04:01:00 CST 1 New Income
savings+10 Fri Jan 14 04:01:00 CST 1 Payment
sleepiness+100 Fri Jan 14 04:29:00 CST 1 Going home
sleepiness-50 Fri Jan 14 04:54:00 CST 1 Working
income+10 Fri Jan 14 04:54:00 CST 1 New Income
savings+10 Fri Jan 14 04:54:00 CST 1 Payment
sleepiness-50 Fri Jan 14 05:30:00 CST 1 Working
income+10 Fri Jan 14 05:30:00 CST 1 New Income
savings+10 Fri Jan 14 05:30:00 CST 1 Payment
sleepiness+100 Fri Jan 14 06:41:00 CST 1 Going home
sleepiness-50 Fri Jan 14 07:25:00 CST 1 Working
income+10 Fri Jan 14 07:25:00 CST 1 New Income
savings+10 Fri Jan 14 07:25:00 CST 1 Payment
sleepiness-50 Fri Jan 14 08:04:00 CST 1 Working
income+10 Fri Jan 14 08:04:00 CST 1 New Income
savings+10 Fri Jan 14 08:04:00 CST 1 Payment
sleepiness+100 Fri Jan 14 21:21:00 CST 1 Going home
sleepiness-50 Fri Jan 14 22:16:00 CST 1 Working
income+10 Fri Jan 14 22:16:00 CST 1 New Income
savings+10 Fri Jan 14 22:16:00 CST 1 Payment
sleepiness-50 Fri Jan 14 22:35:00 CST 1 Working
income+10 Fri Jan 14 22:35:00 CST 1 New Income
savings+10 Fri Jan 14 22:35:00 CST 1 Payment
sleepiness+100 Fri Jan 14 23:42:00 CST 1 Going home
sleepiness-50 Sat Jan 15 00:35:00 CST 1 Working
income+10 Sat Jan 15 00:35:00 CST 1 New Income
savings+10 Sat Jan 15 00:35:00 CST 1 Payment
sleepiness-50 Sat Jan 15 01:00:00 CST 1 Working
income+10 Sat Jan 15 01:00:00 CST 1 New Income
savings+10 Sat Jan 15 01:00:00 CST 1 Payment
trust+10 Sat Jan 15 06:29:00 CST 1 Voting
sleepiness+100 Sat Jan 15 11:35:00 CST 1 Going home
sleepiness-50 Sat Jan 15 12:13:00 CST 1 Working
income+10 Sat Jan 15 12:13:00 CST 1 New Income
savings+10 Sat Jan 15 12:13:00 CST 1 Payment
sleepiness-50 Sat Jan 15 12:34:00 CST 1 Working
income+10 Sat Jan 15 12:34:00 CST 1 New Income
savings+10 Sat Jan 15 12:34:00 CST 1 Payment
