age+0 Sat Jan 01 15:46:00 CST 1 creation
sleepiness-50 Sat Jan 01 15:47:00 CST 1 Working
income+10 Sat Jan 01 15:47:00 CST 1 New Income
debt-10 Sat Jan 01 15:47:00 CST 1 Payment
sleepiness-50 Sat Jan 01 16:32:00 CST 1 Working
income+10 Sat Jan 01 16:32:00 CST 1 New Income
debt-10 Sat Jan 01 16:32:00 CST 1 Payment
sleepiness+100 Sun Jan 02 01:11:00 CST 1 Going home
sleepiness-50 Sun Jan 02 01:21:00 CST 1 Working
income+10 Sun Jan 02 01:21:00 CST 1 New Income
debt-10 Sun Jan 02 01:21:00 CST 1 Payment
sleepiness-50 Sun Jan 02 01:58:00 CST 1 Working
income+10 Sun Jan 02 01:58:00 CST 1 New Income
debt-10 Sun Jan 02 01:58:00 CST 1 Payment
sleepiness+100 Sun Jan 02 02:49:00 CST 1 Going home
sleepiness-50 Sun Jan 02 03:47:00 CST 1 Working
income+10 Sun Jan 02 03:47:00 CST 1 New Income
debt-10 Sun Jan 02 03:47:00 CST 1 Payment
sleepiness-50 Sun Jan 02 04:27:00 CST 1 Working
income+10 Sun Jan 02 04:27:00 CST 1 New Income
debt-10 Sun Jan 02 04:27:00 CST 1 Payment
sleepiness+100 Sun Jan 02 05:05:00 CST 1 Going home
sleepiness-50 Sun Jan 02 05:27:00 CST 1 Working
income+10 Sun Jan 02 05:27:00 CST 1 New Income
debt-10 Sun Jan 02 05:27:00 CST 1 Payment
sleepiness-50 Sun Jan 02 06:03:00 CST 1 Working
income+10 Sun Jan 02 06:03:00 CST 1 New Income
debt-10 Sun Jan 02 06:03:00 CST 1 Payment
sleepiness+100 Sun Jan 02 07:03:00 CST 1 Going home
sleepiness-50 Sun Jan 02 08:03:00 CST 1 Working
income+10 Sun Jan 02 08:03:00 CST 1 New Income
debt-10 Sun Jan 02 08:03:00 CST 1 Payment
sleepiness-50 Sun Jan 02 08:10:00 CST 1 Working
income+10 Sun Jan 02 08:10:00 CST 1 New Income
debt-10 Sun Jan 02 08:10:00 CST 1 Payment
thirst+90 Wed Jan 05 16:09:00 CST 1 Getting water
thirst+90 Tue Jan 11 22:06:00 CST 1 Getting water
