age+0 Sat Jan 01 01:31:00 CST 1 creation
sleepiness-50 Sat Jan 01 05:33:00 CST 1 Working
income+10 Sat Jan 01 05:33:00 CST 1 New Income
debt-10 Sat Jan 01 05:33:00 CST 1 Payment
sleepiness-50 Sat Jan 01 07:48:00 CST 1 Working
income+10 Sat Jan 01 07:48:00 CST 1 New Income
debt-10 Sat Jan 01 07:48:00 CST 1 Payment
sleepiness+100 Sat Jan 01 22:50:00 CST 1 Going home
sleepiness-50 Sun Jan 02 02:34:00 CST 1 Working
income+10 Sun Jan 02 02:34:00 CST 1 New Income
debt-10 Sun Jan 02 02:34:00 CST 1 Payment
sleepiness-50 Sun Jan 02 07:21:00 CST 1 Working
income+10 Sun Jan 02 07:21:00 CST 1 New Income
debt-10 Sun Jan 02 07:21:00 CST 1 Payment
sleepiness+100 Sun Jan 02 12:11:00 CST 1 Going home
sleepiness-50 Sun Jan 02 15:02:00 CST 1 Working
income+10 Sun Jan 02 15:02:00 CST 1 New Income
debt-10 Sun Jan 02 15:02:00 CST 1 Payment
sleepiness-50 Sun Jan 02 20:19:00 CST 1 Working
income+10 Sun Jan 02 20:19:00 CST 1 New Income
debt-10 Sun Jan 02 20:19:00 CST 1 Payment
thirst+90 Wed Jan 05 01:52:00 CST 1 Getting water
thirst+90 Tue Jan 11 07:44:00 CST 1 Getting water
sleepiness+100 Thu Jan 13 00:34:00 CST 1 Going home
sleepiness-50 Thu Jan 13 02:30:00 CST 1 Working
income+10 Thu Jan 13 02:30:00 CST 1 New Income
debt-10 Thu Jan 13 02:30:00 CST 1 Payment
sleepiness-50 Thu Jan 13 06:52:00 CST 1 Working
income+10 Thu Jan 13 06:52:00 CST 1 New Income
debt-10 Thu Jan 13 06:52:00 CST 1 Payment
sleepiness+100 Thu Jan 13 09:06:00 CST 1 Going home
sleepiness-50 Thu Jan 13 11:55:00 CST 1 Working
income+10 Thu Jan 13 11:55:00 CST 1 New Income
debt-10 Thu Jan 13 11:55:00 CST 1 Payment
sleepiness-50 Thu Jan 13 15:23:00 CST 1 Working
income+10 Thu Jan 13 15:23:00 CST 1 New Income
savings+10 Thu Jan 13 15:23:00 CST 1 Payment
sleepiness+100 Thu Jan 13 23:00:00 CST 1 Going home
sleepiness-50 Fri Jan 14 02:13:00 CST 1 Working
income+10 Fri Jan 14 02:13:00 CST 1 New Income
savings+10 Fri Jan 14 02:13:00 CST 1 Payment
sleepiness-50 Fri Jan 14 05:15:00 CST 1 Working
income+10 Fri Jan 14 05:15:00 CST 1 New Income
savings+10 Fri Jan 14 05:15:00 CST 1 Payment
sleepiness+100 Fri Jan 14 07:38:00 CST 1 Going home
sleepiness-50 Fri Jan 14 10:23:00 CST 1 Working
income+10 Fri Jan 14 10:23:00 CST 1 New Income
savings+10 Fri Jan 14 10:23:00 CST 1 Payment
sleepiness-50 Fri Jan 14 11:50:00 CST 1 Working
income+10 Fri Jan 14 11:50:00 CST 1 New Income
savings+10 Fri Jan 14 11:50:00 CST 1 Payment
sleepiness+100 Fri Jan 14 23:22:00 CST 1 Going home
sleepiness-50 Sat Jan 15 00:08:00 CST 1 Working
income+10 Sat Jan 15 00:08:00 CST 1 New Income
savings+10 Sat Jan 15 00:08:00 CST 1 Payment
sleepiness-50 Sat Jan 15 02:58:00 CST 1 Working
income+10 Sat Jan 15 02:58:00 CST 1 New Income
savings+10 Sat Jan 15 02:58:00 CST 1 Payment
