age+0 Sat Jan 01 16:02:00 CST 1 creation
sleepiness-50 Sat Jan 01 17:24:00 CST 1 Working
income+10 Sat Jan 01 17:24:00 CST 1 New Income
debt-10 Sat Jan 01 17:24:00 CST 1 Payment
sleepiness-50 Sat Jan 01 21:43:00 CST 1 Working
income+10 Sat Jan 01 21:43:00 CST 1 New Income
debt-10 Sat Jan 01 21:43:00 CST 1 Payment
sleepiness+100 Sun Jan 02 00:14:00 CST 1 Going home
sleepiness-50 Sun Jan 02 04:01:00 CST 1 Working
income+10 Sun Jan 02 04:01:00 CST 1 New Income
debt-10 Sun Jan 02 04:01:00 CST 1 Payment
sleepiness-50 Sun Jan 02 08:48:00 CST 1 Working
income+10 Sun Jan 02 08:48:00 CST 1 New Income
debt-10 Sun Jan 02 08:48:00 CST 1 Payment
income+0 Sun Jan 02 09:19:00 CST 1 Bought a House
bills+0 Sun Jan 02 09:19:00 CST 1 Bought a House
taxes+0 Sun Jan 02 09:19:00 CST 1 Bought a House
savings+98 Sun Jan 02 09:19:00 CST 1 Bought a House
debt+2 Sun Jan 02 09:19:00 CST 1 Bought a House
thirst+90 Mon Jan 03 08:55:00 CST 1 Getting water
