age+0 Wed Jan 05 04:13:00 CST 1 creation
sleepiness-50 Wed Jan 05 07:47:00 CST 1 Working
income+10 Wed Jan 05 07:47:00 CST 1 New Income
debt-10 Wed Jan 05 07:47:00 CST 1 Payment
sleepiness-50 Wed Jan 05 10:01:00 CST 1 Working
income+10 Wed Jan 05 10:01:00 CST 1 New Income
debt-10 Wed Jan 05 10:01:00 CST 1 Payment
thirst+90 Wed Jan 05 12:49:00 CST 1 Getting water
thirst+90 Tue Jan 11 18:42:00 CST 1 Getting water
sleepiness+100 Wed Jan 12 00:31:00 CST 1 Going home
sleepiness-50 Wed Jan 12 04:03:00 CST 1 Working
income+10 Wed Jan 12 04:03:00 CST 1 New Income
debt-10 Wed Jan 12 04:03:00 CST 1 Payment
sleepiness-50 Wed Jan 12 07:57:00 CST 1 Working
income+10 Wed Jan 12 07:57:00 CST 1 New Income
debt-10 Wed Jan 12 07:57:00 CST 1 Payment
sleepiness+100 Wed Jan 12 21:42:00 CST 1 Going home
sleepiness-50 Thu Jan 13 01:13:00 CST 1 Working
income+10 Thu Jan 13 01:13:00 CST 1 New Income
debt-10 Thu Jan 13 01:13:00 CST 1 Payment
sleepiness-50 Thu Jan 13 04:03:00 CST 1 Working
income+10 Thu Jan 13 04:03:00 CST 1 New Income
debt-10 Thu Jan 13 04:03:00 CST 1 Payment
sleepiness+100 Thu Jan 13 08:55:00 CST 1 Going home
sleepiness-50 Thu Jan 13 12:39:00 CST 1 Working
income+10 Thu Jan 13 12:39:00 CST 1 New Income
debt-10 Thu Jan 13 12:39:00 CST 1 Payment
sleepiness-50 Thu Jan 13 14:08:00 CST 1 Working
income+10 Thu Jan 13 14:08:00 CST 1 New Income
debt-10 Thu Jan 13 14:08:00 CST 1 Payment
sleepiness+100 Thu Jan 13 21:50:00 CST 1 Going home
sleepiness-50 Fri Jan 14 00:08:00 CST 1 Working
income+10 Fri Jan 14 00:08:00 CST 1 New Income
savings+10 Fri Jan 14 00:08:00 CST 1 Payment
sleepiness-50 Fri Jan 14 02:00:00 CST 1 Working
income+10 Fri Jan 14 02:00:00 CST 1 New Income
savings+10 Fri Jan 14 02:00:00 CST 1 Payment
sleepiness+100 Fri Jan 14 03:40:00 CST 1 Going home
sleepiness-50 Fri Jan 14 07:34:00 CST 1 Working
income+10 Fri Jan 14 07:34:00 CST 1 New Income
savings+10 Fri Jan 14 07:34:00 CST 1 Payment
sleepiness-50 Fri Jan 14 09:28:00 CST 1 Working
income+10 Fri Jan 14 09:28:00 CST 1 New Income
savings+10 Fri Jan 14 09:28:00 CST 1 Payment
