age+0 Fri Jan 14 11:04:00 CST 1 creation
sleepiness-50 Fri Jan 14 11:06:00 CST 1 Working
income+10 Fri Jan 14 11:06:00 CST 1 New Income
debt-10 Fri Jan 14 11:06:00 CST 1 Payment
sleepiness-50 Fri Jan 14 11:33:00 CST 1 Working
income+10 Fri Jan 14 11:33:00 CST 1 New Income
debt-10 Fri Jan 14 11:33:00 CST 1 Payment
sleepiness+100 Fri Jan 14 23:34:00 CST 1 Going home
sleepiness-50 Fri Jan 14 23:52:00 CST 1 Working
income+10 Fri Jan 14 23:52:00 CST 1 New Income
debt-10 Fri Jan 14 23:52:00 CST 1 Payment
sleepiness-50 Sat Jan 15 00:11:00 CST 1 Working
income+10 Sat Jan 15 00:11:00 CST 1 New Income
debt-10 Sat Jan 15 00:11:00 CST 1 Payment
sleepiness+100 Sat Jan 15 01:15:00 CST 1 Going home
sleepiness-50 Sat Jan 15 02:05:00 CST 1 Working
income+10 Sat Jan 15 02:05:00 CST 1 New Income
debt-10 Sat Jan 15 02:05:00 CST 1 Payment
sleepiness-50 Sat Jan 15 02:41:00 CST 1 Working
income+10 Sat Jan 15 02:41:00 CST 1 New Income
debt-10 Sat Jan 15 02:41:00 CST 1 Payment
sleepiness+100 Sat Jan 15 03:02:00 CST 1 Going home
sleepiness-50 Sat Jan 15 04:03:00 CST 1 Working
income+10 Sat Jan 15 04:03:00 CST 1 New Income
savings+10 Sat Jan 15 04:03:00 CST 1 Payment
sleepiness-50 Sat Jan 15 04:10:00 CST 1 Working
income+10 Sat Jan 15 04:10:00 CST 1 New Income
savings+10 Sat Jan 15 04:10:00 CST 1 Payment
