age+0 Wed Jan 12 10:22:00 CST 1 creation
hunger+94 Wed Jan 12 12:20:00 CST 1 Getting food
sleepiness-50 Wed Jan 12 16:35:00 CST 1 Working
income+10 Wed Jan 12 16:35:00 CST 1 New Income
debt-10 Wed Jan 12 16:35:00 CST 1 Payment
sleepiness-50 Wed Jan 12 20:45:00 CST 1 Working
income+10 Wed Jan 12 20:45:00 CST 1 New Income
debt-10 Wed Jan 12 20:45:00 CST 1 Payment
sleepiness+100 Thu Jan 13 23:58:00 CST 1 Going home
sleepiness-50 Fri Jan 14 01:32:00 CST 1 Working
income+10 Fri Jan 14 01:32:00 CST 1 New Income
debt-10 Fri Jan 14 01:32:00 CST 1 Payment
sleepiness-50 Fri Jan 14 04:20:00 CST 1 Working
income+10 Fri Jan 14 04:20:00 CST 1 New Income
debt-10 Fri Jan 14 04:20:00 CST 1 Payment
sleepiness+100 Fri Jan 14 08:44:00 CST 1 Going home
sleepiness-50 Fri Jan 14 14:20:00 CST 1 Working
income+10 Fri Jan 14 14:20:00 CST 1 New Income
debt-10 Fri Jan 14 14:20:00 CST 1 Payment
sleepiness-50 Fri Jan 14 20:30:00 CST 1 Working
income+10 Fri Jan 14 20:30:00 CST 1 New Income
debt-10 Fri Jan 14 20:30:00 CST 1 Payment
sleepiness+100 Fri Jan 14 23:03:00 CST 1 Going home
sleepiness-50 Sat Jan 15 02:57:00 CST 1 Working
income+10 Sat Jan 15 02:57:00 CST 1 New Income
debt-10 Sat Jan 15 02:57:00 CST 1 Payment
