age+0 Sat Jan 01 11:30:00 CST 1 creation
sleepiness-50 Sat Jan 01 11:31:00 CST 1 Working
income+10 Sat Jan 01 11:31:00 CST 1 New Income
debt-10 Sat Jan 01 11:31:00 CST 1 Payment
sleepiness-50 Sat Jan 01 12:39:00 CST 1 Working
income+10 Sat Jan 01 12:39:00 CST 1 New Income
savings+10 Sat Jan 01 12:39:00 CST 1 Payment
thirst+90 Fri Jan 07 16:35:00 CST 1 Getting water
sleepiness+100 Wed Jan 12 02:30:00 CST 1 Going home
sleepiness-50 Wed Jan 12 02:41:00 CST 1 Working
income+10 Wed Jan 12 02:41:00 CST 1 New Income
savings+10 Wed Jan 12 02:41:00 CST 1 Payment
sleepiness-50 Wed Jan 12 03:07:00 CST 1 Working
income+10 Wed Jan 12 03:07:00 CST 1 New Income
savings+10 Wed Jan 12 03:07:00 CST 1 Payment
sleepiness+100 Wed Jan 12 03:21:00 CST 1 Going home
sleepiness-50 Wed Jan 12 03:39:00 CST 1 Working
income+10 Wed Jan 12 03:39:00 CST 1 New Income
savings+10 Wed Jan 12 03:39:00 CST 1 Payment
sleepiness-50 Wed Jan 12 04:05:00 CST 1 Working
income+10 Wed Jan 12 04:05:00 CST 1 New Income
savings+10 Wed Jan 12 04:05:00 CST 1 Payment
sleepiness+100 Wed Jan 12 04:19:00 CST 1 Going home
sleepiness-50 Wed Jan 12 04:36:00 CST 1 Working
income+10 Wed Jan 12 04:36:00 CST 1 New Income
savings+10 Wed Jan 12 04:36:00 CST 1 Payment
sleepiness-50 Wed Jan 12 05:02:00 CST 1 Working
income+10 Wed Jan 12 05:02:00 CST 1 New Income
savings+10 Wed Jan 12 05:02:00 CST 1 Payment
sleepiness+100 Wed Jan 12 05:16:00 CST 1 Going home
sleepiness-50 Wed Jan 12 05:33:00 CST 1 Working
income+10 Wed Jan 12 05:33:00 CST 1 New Income
savings+10 Wed Jan 12 05:33:00 CST 1 Payment
sleepiness-50 Wed Jan 12 06:39:00 CST 1 Working
income+10 Wed Jan 12 06:39:00 CST 1 New Income
savings+10 Wed Jan 12 06:39:00 CST 1 Payment
sleepiness+100 Wed Jan 12 06:13:00 CST 1 Going home
sleepiness-50 Wed Jan 12 06:30:00 CST 1 Working
income+10 Wed Jan 12 06:30:00 CST 1 New Income
savings+10 Wed Jan 12 06:30:00 CST 1 Payment
sleepiness-50 Wed Jan 12 06:56:00 CST 1 Working
income+10 Wed Jan 12 06:56:00 CST 1 New Income
savings+10 Wed Jan 12 06:56:00 CST 1 Payment
sleepiness+100 Wed Jan 12 07:10:00 CST 1 Going home
sleepiness-50 Wed Jan 12 07:21:00 CST 1 Working
income+10 Wed Jan 12 07:21:00 CST 1 New Income
savings+10 Wed Jan 12 07:21:00 CST 1 Payment
sleepiness-50 Wed Jan 12 07:47:00 CST 1 Working
income+10 Wed Jan 12 07:47:00 CST 1 New Income
savings+10 Wed Jan 12 07:47:00 CST 1 Payment
sleepiness+100 Wed Jan 12 08:01:00 CST 1 Going home
sleepiness-50 Wed Jan 12 08:18:00 CST 1 Working
income+10 Wed Jan 12 08:18:00 CST 1 New Income
savings+10 Wed Jan 12 08:18:00 CST 1 Payment
sleepiness-50 Wed Jan 12 08:47:00 CST 1 Working
income+10 Wed Jan 12 08:47:00 CST 1 New Income
savings+10 Wed Jan 12 08:47:00 CST 1 Payment
sleepiness+100 Wed Jan 12 21:11:00 CST 1 Going home
sleepiness-50 Wed Jan 12 22:07:00 CST 1 Working
income+10 Wed Jan 12 22:07:00 CST 1 New Income
savings+10 Wed Jan 12 22:07:00 CST 1 Payment
sleepiness-50 Wed Jan 12 22:56:00 CST 1 Working
income+10 Wed Jan 12 22:56:00 CST 1 New Income
savings+10 Wed Jan 12 22:56:00 CST 1 Payment
sleepiness+100 Wed Jan 12 23:08:00 CST 1 Going home
sleepiness-50 Thu Jan 13 00:02:00 CST 1 Working
income+10 Thu Jan 13 00:02:00 CST 1 New Income
savings+10 Thu Jan 13 00:02:00 CST 1 Payment
sleepiness-50 Thu Jan 13 00:52:00 CST 1 Working
income+10 Thu Jan 13 00:52:00 CST 1 New Income
savings+10 Thu Jan 13 00:52:00 CST 1 Payment
sleepiness+100 Thu Jan 13 01:47:00 CST 1 Going home
sleepiness-50 Thu Jan 13 02:25:00 CST 1 Working
income+10 Thu Jan 13 02:25:00 CST 1 New Income
savings+10 Thu Jan 13 02:25:00 CST 1 Payment
sleepiness-50 Thu Jan 13 03:15:00 CST 1 Working
income+10 Thu Jan 13 03:15:00 CST 1 New Income
savings+10 Thu Jan 13 03:15:00 CST 1 Payment
sleepiness+100 Thu Jan 13 03:28:00 CST 1 Going home
sleepiness-50 Thu Jan 13 04:07:00 CST 1 Working
income+10 Thu Jan 13 04:07:00 CST 1 New Income
savings+10 Thu Jan 13 04:07:00 CST 1 Payment
sleepiness-50 Thu Jan 13 04:57:00 CST 1 Working
income+10 Thu Jan 13 04:57:00 CST 1 New Income
savings+10 Thu Jan 13 04:57:00 CST 1 Payment
thirst+90 Fri Jan 14 14:46:00 CST 1 Getting water
