age+0 Sat Jan 01 11:16:00 CST 1 creation
hunger+93 Sat Jan 01 11:40:00 CST 1 Getting food
sleepiness-50 Sat Jan 01 11:52:00 CST 1 Working
income+10 Sat Jan 01 11:52:00 CST 1 New Income
debt-10 Sat Jan 01 11:52:00 CST 1 Payment
sleepiness-50 Sat Jan 01 12:37:00 CST 1 Working
income+10 Sat Jan 01 12:37:00 CST 1 New Income
debt-10 Sat Jan 01 12:37:00 CST 1 Payment
sleepiness+100 Sun Jan 02 00:43:00 CST 1 Going home
sleepiness-50 Sun Jan 02 01:36:00 CST 1 Working
income+10 Sun Jan 02 01:36:00 CST 1 New Income
debt-10 Sun Jan 02 01:36:00 CST 1 Payment
sleepiness-50 Sun Jan 02 02:17:00 CST 1 Working
income+10 Sun Jan 02 02:17:00 CST 1 New Income
debt-10 Sun Jan 02 02:17:00 CST 1 Payment
sleepiness+100 Sun Jan 02 03:21:00 CST 1 Going home
sleepiness-50 Sun Jan 02 03:56:00 CST 1 Working
income+10 Sun Jan 02 03:56:00 CST 1 New Income
debt-10 Sun Jan 02 03:56:00 CST 1 Payment
sleepiness-50 Sun Jan 02 04:29:00 CST 1 Working
income+10 Sun Jan 02 04:29:00 CST 1 New Income
debt-10 Sun Jan 02 04:29:00 CST 1 Payment
income+0 Sun Jan 02 04:36:00 CST 1 Bought a House
bills+0 Sun Jan 02 04:36:00 CST 1 Bought a House
taxes+0 Sun Jan 02 04:36:00 CST 1 Bought a House
savings+61 Sun Jan 02 04:36:00 CST 1 Bought a House
debt+39 Sun Jan 02 04:36:00 CST 1 Bought a House
sleepiness+100 Sun Jan 02 04:49:00 CST 1 Going home
sleepiness-50 Sun Jan 02 05:48:00 CST 1 Working
income+10 Sun Jan 02 05:48:00 CST 1 New Income
debt-10 Sun Jan 02 05:48:00 CST 1 Payment
sleepiness-50 Sun Jan 02 06:28:00 CST 1 Working
income+10 Sun Jan 02 06:28:00 CST 1 New Income
debt-10 Sun Jan 02 06:28:00 CST 1 Payment
N/A+0 Fri Jan 07 00:00:00 CST 1 death
