age+0 Sat Jan 01 11:16:00 CST 1 creation
sleepiness-50 Sat Jan 01 11:17:00 CST 1 Working
income+10 Sat Jan 01 11:17:00 CST 1 New Income
debt-10 Sat Jan 01 11:17:00 CST 1 Payment
sleepiness-50 Sat Jan 01 11:58:00 CST 1 Working
income+10 Sat Jan 01 11:58:00 CST 1 New Income
debt-10 Sat Jan 01 11:58:00 CST 1 Payment
income+0 Sat Jan 01 12:43:00 CST 1 Bought a House
bills+0 Sat Jan 01 12:43:00 CST 1 Bought a House
taxes+0 Sat Jan 01 12:43:00 CST 1 Bought a House
savings+62 Sat Jan 01 12:43:00 CST 1 Bought a House
debt+38 Sat Jan 01 12:43:00 CST 1 Bought a House
thirst+90 Mon Jan 03 20:21:00 CST 1 Getting water
companionship+10 Wed Jan 05 03:14:00 CST 1 Procreating
sleepiness-10 Wed Jan 05 03:14:00 CST 1 Procreating
sleepiness+100 Fri Jan 07 01:26:00 CST 1 Going home
sleepiness-50 Fri Jan 07 02:01:00 CST 1 Working
income+10 Fri Jan 07 02:01:00 CST 1 New Income
debt-10 Fri Jan 07 02:01:00 CST 1 Payment
sleepiness-50 Fri Jan 07 02:34:00 CST 1 Working
income+10 Fri Jan 07 02:34:00 CST 1 New Income
debt-10 Fri Jan 07 02:34:00 CST 1 Payment
sleepiness+100 Fri Jan 07 02:51:00 CST 1 Going home
sleepiness-50 Fri Jan 07 03:13:00 CST 1 Working
income+10 Fri Jan 07 03:13:00 CST 1 New Income
debt-10 Fri Jan 07 03:13:00 CST 1 Payment
sleepiness-50 Fri Jan 07 03:45:00 CST 1 Working
income+10 Fri Jan 07 03:45:00 CST 1 New Income
debt-10 Fri Jan 07 03:45:00 CST 1 Payment
sleepiness+100 Fri Jan 07 04:02:00 CST 1 Going home
sleepiness-50 Fri Jan 07 04:25:00 CST 1 Working
income+10 Fri Jan 07 04:25:00 CST 1 New Income
debt-10 Fri Jan 07 04:25:00 CST 1 Payment
sleepiness-50 Fri Jan 07 04:51:00 CST 1 Working
income+10 Fri Jan 07 04:51:00 CST 1 New Income
debt-10 Fri Jan 07 04:51:00 CST 1 Payment
sleepiness+100 Fri Jan 07 05:08:00 CST 1 Going home
sleepiness-50 Fri Jan 07 05:31:00 CST 1 Working
income+10 Fri Jan 07 05:31:00 CST 1 New Income
debt-10 Fri Jan 07 05:31:00 CST 1 Payment
sleepiness-50 Fri Jan 07 06:07:00 CST 1 Working
income+10 Fri Jan 07 06:07:00 CST 1 New Income
debt-10 Fri Jan 07 06:07:00 CST 1 Payment
sleepiness+100 Fri Jan 07 07:08:00 CST 1 Going home
sleepiness-50 Fri Jan 07 07:39:00 CST 1 Working
income+10 Fri Jan 07 07:39:00 CST 1 New Income
debt-10 Fri Jan 07 07:39:00 CST 1 Payment
sleepiness-50 Fri Jan 07 08:11:00 CST 1 Working
income+10 Fri Jan 07 08:11:00 CST 1 New Income
debt-10 Fri Jan 07 08:11:00 CST 1 Payment
sleepiness+100 Fri Jan 07 21:10:00 CST 1 Going home
sleepiness-50 Fri Jan 07 21:47:00 CST 1 Working
income+10 Fri Jan 07 21:47:00 CST 1 New Income
savings+10 Fri Jan 07 21:47:00 CST 1 Payment
sleepiness-50 Fri Jan 07 22:20:00 CST 1 Working
income+10 Fri Jan 07 22:20:00 CST 1 New Income
savings+10 Fri Jan 07 22:20:00 CST 1 Payment
sleepiness+100 Fri Jan 07 22:36:00 CST 1 Going home
sleepiness-50 Fri Jan 07 23:13:00 CST 1 Working
income+10 Fri Jan 07 23:13:00 CST 1 New Income
savings+10 Fri Jan 07 23:13:00 CST 1 Payment
sleepiness-50 Fri Jan 07 23:45:00 CST 1 Working
income+10 Fri Jan 07 23:45:00 CST 1 New Income
savings+10 Fri Jan 07 23:45:00 CST 1 Payment
sleepiness+100 Sun Jan 09 00:01:00 CST 1 Going home
sleepiness-50 Sat Jan 08 00:36:00 CST 1 Working
income+10 Sat Jan 08 00:36:00 CST 1 New Income
savings+10 Sat Jan 08 00:36:00 CST 1 Payment
sleepiness-50 Sat Jan 08 01:26:00 CST 1 Working
income+10 Sat Jan 08 01:26:00 CST 1 New Income
savings+10 Sat Jan 08 01:26:00 CST 1 Payment
sleepiness+100 Sat Jan 08 01:47:00 CST 1 Going home
sleepiness-50 Sat Jan 08 02:18:00 CST 1 Working
income+10 Sat Jan 08 02:18:00 CST 1 New Income
savings+10 Sat Jan 08 02:18:00 CST 1 Payment
sleepiness-50 Sat Jan 08 03:08:00 CST 1 Working
income+10 Sat Jan 08 03:08:00 CST 1 New Income
savings+10 Sat Jan 08 03:08:00 CST 1 Payment
sleepiness+100 Sat Jan 08 03:29:00 CST 1 Going home
sleepiness-50 Sat Jan 08 04:00:00 CST 1 Working
income+10 Sat Jan 08 04:00:00 CST 1 New Income
savings+10 Sat Jan 08 04:00:00 CST 1 Payment
sleepiness-50 Sat Jan 08 04:39:00 CST 1 Working
income+10 Sat Jan 08 04:39:00 CST 1 New Income
savings+10 Sat Jan 08 04:39:00 CST 1 Payment
sleepiness+100 Sat Jan 08 05:00:00 CST 1 Going home
sleepiness-50 Sat Jan 08 05:30:00 CST 1 Working
income+10 Sat Jan 08 05:30:00 CST 1 New Income
savings+10 Sat Jan 08 05:30:00 CST 1 Payment
sleepiness-50 Sat Jan 08 06:20:00 CST 1 Working
income+10 Sat Jan 08 06:20:00 CST 1 New Income
savings+10 Sat Jan 08 06:20:00 CST 1 Payment
sleepiness+100 Sat Jan 08 06:41:00 CST 1 Going home
sleepiness-50 Sat Jan 08 07:14:00 CST 1 Working
income+10 Sat Jan 08 07:14:00 CST 1 New Income
savings+10 Sat Jan 08 07:14:00 CST 1 Payment
sleepiness-50 Sat Jan 08 07:21:00 CST 1 Working
income+10 Sat Jan 08 07:21:00 CST 1 New Income
savings+10 Sat Jan 08 07:21:00 CST 1 Payment
sleepiness+100 Sat Jan 08 07:38:00 CST 1 Going home
sleepiness-50 Sat Jan 08 08:17:00 CST 1 Working
income+10 Sat Jan 08 08:17:00 CST 1 New Income
savings+10 Sat Jan 08 08:17:00 CST 1 Payment
sleepiness-50 Sat Jan 08 08:28:00 CST 1 Working
income+10 Sat Jan 08 08:28:00 CST 1 New Income
savings+10 Sat Jan 08 08:28:00 CST 1 Payment
sleepiness+100 Sat Jan 08 21:15:00 CST 1 Going home
sleepiness-50 Sat Jan 08 22:18:00 CST 1 Working
income+10 Sat Jan 08 22:18:00 CST 1 New Income
savings+10 Sat Jan 08 22:18:00 CST 1 Payment
sleepiness-50 Sat Jan 08 22:51:00 CST 1 Working
income+10 Sat Jan 08 22:51:00 CST 1 New Income
savings+10 Sat Jan 08 22:51:00 CST 1 Payment
sleepiness+100 Sat Jan 08 23:14:00 CST 1 Going home
sleepiness-50 Sat Jan 08 23:40:00 CST 1 Working
income+10 Sat Jan 08 23:40:00 CST 1 New Income
savings+10 Sat Jan 08 23:40:00 CST 1 Payment
sleepiness-50 Sun Jan 09 00:11:00 CST 1 Working
income+10 Sun Jan 09 00:11:00 CST 1 New Income
savings+10 Sun Jan 09 00:11:00 CST 1 Payment
sleepiness+100 Sun Jan 09 00:34:00 CST 1 Going home
sleepiness-50 Sun Jan 09 01:00:00 CST 1 Working
income+10 Sun Jan 09 01:00:00 CST 1 New Income
savings+10 Sun Jan 09 01:00:00 CST 1 Payment
sleepiness-50 Sun Jan 09 01:33:00 CST 1 Working
income+10 Sun Jan 09 01:33:00 CST 1 New Income
savings+10 Sun Jan 09 01:33:00 CST 1 Payment
sleepiness+100 Sun Jan 09 01:56:00 CST 1 Going home
sleepiness-50 Sun Jan 09 02:22:00 CST 1 Working
income+10 Sun Jan 09 02:22:00 CST 1 New Income
savings+10 Sun Jan 09 02:22:00 CST 1 Payment
sleepiness-50 Sun Jan 09 02:58:00 CST 1 Working
income+10 Sun Jan 09 02:58:00 CST 1 New Income
savings+10 Sun Jan 09 02:58:00 CST 1 Payment
sleepiness+100 Sun Jan 09 03:33:00 CST 1 Going home
sleepiness-50 Sun Jan 09 04:39:00 CST 1 Working
income+10 Sun Jan 09 04:39:00 CST 1 New Income
savings+10 Sun Jan 09 04:39:00 CST 1 Payment
sleepiness-50 Sun Jan 09 04:52:00 CST 1 Working
income+10 Sun Jan 09 04:52:00 CST 1 New Income
savings+10 Sun Jan 09 04:52:00 CST 1 Payment
sleepiness+100 Sun Jan 09 05:15:00 CST 1 Going home
sleepiness-50 Sun Jan 09 06:20:00 CST 1 Working
income+10 Sun Jan 09 06:20:00 CST 1 New Income
savings+10 Sun Jan 09 06:20:00 CST 1 Payment
sleepiness-50 Sun Jan 09 06:34:00 CST 1 Working
income+10 Sun Jan 09 06:34:00 CST 1 New Income
savings+10 Sun Jan 09 06:34:00 CST 1 Payment
sleepiness+100 Sun Jan 09 06:57:00 CST 1 Going home
sleepiness-50 Sun Jan 09 08:02:00 CST 1 Working
income+10 Sun Jan 09 08:02:00 CST 1 New Income
savings+10 Sun Jan 09 08:02:00 CST 1 Payment
sleepiness-50 Sun Jan 09 08:15:00 CST 1 Working
income+10 Sun Jan 09 08:15:00 CST 1 New Income
savings+10 Sun Jan 09 08:15:00 CST 1 Payment
sleepiness+100 Sun Jan 09 21:17:00 CST 1 Going home
sleepiness-50 Sun Jan 09 22:22:00 CST 1 Working
income+10 Sun Jan 09 22:22:00 CST 1 New Income
savings+10 Sun Jan 09 22:22:00 CST 1 Payment
sleepiness-50 Sun Jan 09 22:35:00 CST 1 Working
income+10 Sun Jan 09 22:35:00 CST 1 New Income
savings+10 Sun Jan 09 22:35:00 CST 1 Payment
sleepiness+100 Sun Jan 09 22:58:00 CST 1 Going home
sleepiness-50 Mon Jan 10 00:02:00 CST 1 Working
income+10 Mon Jan 10 00:02:00 CST 1 New Income
savings+10 Mon Jan 10 00:02:00 CST 1 Payment
sleepiness-50 Mon Jan 10 00:22:00 CST 1 Working
income+10 Mon Jan 10 00:22:00 CST 1 New Income
savings+10 Mon Jan 10 00:22:00 CST 1 Payment
sleepiness+100 Mon Jan 10 00:43:00 CST 1 Going home
sleepiness-50 Mon Jan 10 01:38:00 CST 1 Working
income+10 Mon Jan 10 01:38:00 CST 1 New Income
savings+10 Mon Jan 10 01:38:00 CST 1 Payment
sleepiness-50 Mon Jan 10 02:04:00 CST 1 Working
income+10 Mon Jan 10 02:04:00 CST 1 New Income
savings+10 Mon Jan 10 02:04:00 CST 1 Payment
sleepiness+100 Mon Jan 10 02:25:00 CST 1 Going home
sleepiness-50 Mon Jan 10 03:32:00 CST 1 Working
income+10 Mon Jan 10 03:32:00 CST 1 New Income
savings+10 Mon Jan 10 03:32:00 CST 1 Payment
sleepiness-50 Mon Jan 10 03:58:00 CST 1 Working
income+10 Mon Jan 10 03:58:00 CST 1 New Income
savings+10 Mon Jan 10 03:58:00 CST 1 Payment
sleepiness+100 Mon Jan 10 04:19:00 CST 1 Going home
sleepiness-50 Mon Jan 10 05:16:00 CST 1 Working
income+10 Mon Jan 10 05:16:00 CST 1 New Income
savings+10 Mon Jan 10 05:16:00 CST 1 Payment
sleepiness-50 Mon Jan 10 06:05:00 CST 1 Working
income+10 Mon Jan 10 06:05:00 CST 1 New Income
savings+10 Mon Jan 10 06:05:00 CST 1 Payment
sleepiness+100 Mon Jan 10 06:27:00 CST 1 Going home
sleepiness-50 Mon Jan 10 07:39:00 CST 1 Working
income+10 Mon Jan 10 07:39:00 CST 1 New Income
savings+10 Mon Jan 10 07:39:00 CST 1 Payment
sleepiness-50 Mon Jan 10 07:48:00 CST 1 Working
income+10 Mon Jan 10 07:48:00 CST 1 New Income
savings+10 Mon Jan 10 07:48:00 CST 1 Payment
sleepiness+100 Mon Jan 10 21:17:00 CST 1 Going home
sleepiness-50 Mon Jan 10 21:56:00 CST 1 Working
income+10 Mon Jan 10 21:56:00 CST 1 New Income
savings+10 Mon Jan 10 21:56:00 CST 1 Payment
sleepiness-50 Mon Jan 10 22:45:00 CST 1 Working
income+10 Mon Jan 10 22:45:00 CST 1 New Income
savings+10 Mon Jan 10 22:45:00 CST 1 Payment
sleepiness+100 Mon Jan 10 23:08:00 CST 1 Going home
sleepiness-50 Mon Jan 10 23:47:00 CST 1 Working
income+10 Mon Jan 10 23:47:00 CST 1 New Income
savings+10 Mon Jan 10 23:47:00 CST 1 Payment
sleepiness-50 Tue Jan 11 00:34:00 CST 1 Working
income+10 Tue Jan 11 00:34:00 CST 1 New Income
savings+10 Tue Jan 11 00:34:00 CST 1 Payment
sleepiness+100 Tue Jan 11 00:58:00 CST 1 Going home
sleepiness-50 Tue Jan 11 01:37:00 CST 1 Working
income+10 Tue Jan 11 01:37:00 CST 1 New Income
savings+10 Tue Jan 11 01:37:00 CST 1 Payment
sleepiness-50 Tue Jan 11 02:31:00 CST 1 Working
income+10 Tue Jan 11 02:31:00 CST 1 New Income
savings+10 Tue Jan 11 02:31:00 CST 1 Payment
sleepiness+100 Tue Jan 11 03:04:00 CST 1 Going home
sleepiness-50 Tue Jan 11 03:55:00 CST 1 Working
income+10 Tue Jan 11 03:55:00 CST 1 New Income
savings+10 Tue Jan 11 03:55:00 CST 1 Payment
sleepiness-50 Tue Jan 11 04:29:00 CST 1 Working
income+10 Tue Jan 11 04:29:00 CST 1 New Income
savings+10 Tue Jan 11 04:29:00 CST 1 Payment
sleepiness+100 Tue Jan 11 05:11:00 CST 1 Going home
sleepiness-50 Tue Jan 11 06:20:00 CST 1 Working
income+10 Tue Jan 11 06:20:00 CST 1 New Income
savings+10 Tue Jan 11 06:20:00 CST 1 Payment
sleepiness-50 Tue Jan 11 06:51:00 CST 1 Working
income+10 Tue Jan 11 06:51:00 CST 1 New Income
savings+10 Tue Jan 11 06:51:00 CST 1 Payment
sleepiness+100 Tue Jan 11 08:09:00 CST 1 Going home
sleepiness-50 Tue Jan 11 09:20:00 CST 1 Working
income+10 Tue Jan 11 09:20:00 CST 1 New Income
savings+10 Tue Jan 11 09:20:00 CST 1 Payment
sleepiness-50 Tue Jan 11 10:10:00 CST 1 Working
income+10 Tue Jan 11 10:10:00 CST 1 New Income
savings+10 Tue Jan 11 10:10:00 CST 1 Payment
sleepiness+100 Tue Jan 11 21:23:00 CST 1 Going home
sleepiness-50 Tue Jan 11 22:33:00 CST 1 Working
income+10 Tue Jan 11 22:33:00 CST 1 New Income
savings+10 Tue Jan 11 22:33:00 CST 1 Payment
sleepiness-50 Tue Jan 11 23:23:00 CST 1 Working
income+10 Tue Jan 11 23:23:00 CST 1 New Income
savings+10 Tue Jan 11 23:23:00 CST 1 Payment
sleepiness+100 Tue Jan 11 23:52:00 CST 1 Going home
sleepiness-50 Wed Jan 12 01:00:00 CST 1 Working
income+10 Wed Jan 12 01:00:00 CST 1 New Income
savings+10 Wed Jan 12 01:00:00 CST 1 Payment
sleepiness-50 Wed Jan 12 01:38:00 CST 1 Working
income+10 Wed Jan 12 01:38:00 CST 1 New Income
savings+10 Wed Jan 12 01:38:00 CST 1 Payment
sleepiness+100 Wed Jan 12 02:07:00 CST 1 Going home
sleepiness-50 Wed Jan 12 03:17:00 CST 1 Working
income+10 Wed Jan 12 03:17:00 CST 1 New Income
savings+10 Wed Jan 12 03:17:00 CST 1 Payment
sleepiness-50 Wed Jan 12 04:17:00 CST 1 Working
income+10 Wed Jan 12 04:17:00 CST 1 New Income
savings+10 Wed Jan 12 04:17:00 CST 1 Payment
sleepiness+100 Wed Jan 12 05:39:00 CST 1 Going home
sleepiness-50 Wed Jan 12 06:34:00 CST 1 Working
income+10 Wed Jan 12 06:34:00 CST 1 New Income
savings+10 Wed Jan 12 06:34:00 CST 1 Payment
sleepiness-50 Wed Jan 12 06:54:00 CST 1 Working
income+10 Wed Jan 12 06:54:00 CST 1 New Income
savings+10 Wed Jan 12 06:54:00 CST 1 Payment
sleepiness+100 Wed Jan 12 07:21:00 CST 1 Going home
sleepiness-50 Wed Jan 12 08:16:00 CST 1 Working
income+10 Wed Jan 12 08:16:00 CST 1 New Income
savings+10 Wed Jan 12 08:16:00 CST 1 Payment
sleepiness-50 Wed Jan 12 08:35:00 CST 1 Working
income+10 Wed Jan 12 08:35:00 CST 1 New Income
savings+10 Wed Jan 12 08:35:00 CST 1 Payment
sleepiness+100 Wed Jan 12 21:21:00 CST 1 Going home
sleepiness-50 Wed Jan 12 22:17:00 CST 1 Working
income+10 Wed Jan 12 22:17:00 CST 1 New Income
savings+10 Wed Jan 12 22:17:00 CST 1 Payment
sleepiness-50 Wed Jan 12 22:37:00 CST 1 Working
income+10 Wed Jan 12 22:37:00 CST 1 New Income
savings+10 Wed Jan 12 22:37:00 CST 1 Payment
sleepiness+100 Wed Jan 12 23:04:00 CST 1 Going home
sleepiness-50 Fri Jan 14 00:00:00 CST 1 Working
income+10 Fri Jan 14 00:00:00 CST 1 New Income
savings+10 Fri Jan 14 00:00:00 CST 1 Payment
sleepiness-50 Thu Jan 13 00:24:00 CST 1 Working
income+10 Thu Jan 13 00:24:00 CST 1 New Income
savings+10 Thu Jan 13 00:24:00 CST 1 Payment
sleepiness+100 Thu Jan 13 00:56:00 CST 1 Going home
sleepiness-50 Thu Jan 13 01:32:00 CST 1 Working
income+10 Thu Jan 13 01:32:00 CST 1 New Income
savings+10 Thu Jan 13 01:32:00 CST 1 Payment
sleepiness-50 Thu Jan 13 01:58:00 CST 1 Working
income+10 Thu Jan 13 01:58:00 CST 1 New Income
savings+10 Thu Jan 13 01:58:00 CST 1 Payment
sleepiness+100 Thu Jan 13 02:30:00 CST 1 Going home
sleepiness-50 Thu Jan 13 03:06:00 CST 1 Working
income+10 Thu Jan 13 03:06:00 CST 1 New Income
savings+10 Thu Jan 13 03:06:00 CST 1 Payment
sleepiness-50 Thu Jan 13 03:32:00 CST 1 Working
income+10 Thu Jan 13 03:32:00 CST 1 New Income
savings+10 Thu Jan 13 03:32:00 CST 1 Payment
sleepiness+100 Thu Jan 13 04:04:00 CST 1 Going home
sleepiness-50 Thu Jan 13 04:40:00 CST 1 Working
income+10 Thu Jan 13 04:40:00 CST 1 New Income
savings+10 Thu Jan 13 04:40:00 CST 1 Payment
sleepiness-50 Thu Jan 13 05:11:00 CST 1 Working
income+10 Thu Jan 13 05:11:00 CST 1 New Income
savings+10 Thu Jan 13 05:11:00 CST 1 Payment
sleepiness+100 Thu Jan 13 06:28:00 CST 1 Going home
sleepiness-50 Thu Jan 13 07:12:00 CST 1 Working
income+10 Thu Jan 13 07:12:00 CST 1 New Income
savings+10 Thu Jan 13 07:12:00 CST 1 Payment
sleepiness-50 Thu Jan 13 07:19:00 CST 1 Working
income+10 Thu Jan 13 07:19:00 CST 1 New Income
savings+10 Thu Jan 13 07:19:00 CST 1 Payment
sleepiness+100 Thu Jan 13 07:52:00 CST 1 Going home
sleepiness-50 Thu Jan 13 08:42:00 CST 1 Working
income+10 Thu Jan 13 08:42:00 CST 1 New Income
savings+10 Thu Jan 13 08:42:00 CST 1 Payment
sleepiness-50 Thu Jan 13 08:49:00 CST 1 Working
income+10 Thu Jan 13 08:49:00 CST 1 New Income
savings+10 Thu Jan 13 08:49:00 CST 1 Payment
thirst+90 Thu Jan 13 14:01:00 CST 1 Getting water
sleepiness+100 Thu Jan 13 21:32:00 CST 1 Going home
sleepiness-50 Thu Jan 13 22:46:00 CST 1 Working
income+10 Thu Jan 13 22:46:00 CST 1 New Income
savings+10 Thu Jan 13 22:46:00 CST 1 Payment
sleepiness-50 Thu Jan 13 22:53:00 CST 1 Working
income+10 Thu Jan 13 22:53:00 CST 1 New Income
savings+10 Thu Jan 13 22:53:00 CST 1 Payment
sleepiness+100 Thu Jan 13 23:26:00 CST 1 Going home
sleepiness-50 Fri Jan 14 00:14:00 CST 1 Working
income+10 Fri Jan 14 00:14:00 CST 1 New Income
savings+10 Fri Jan 14 00:14:00 CST 1 Payment
sleepiness-50 Fri Jan 14 00:34:00 CST 1 Working
income+10 Fri Jan 14 00:34:00 CST 1 New Income
savings+10 Fri Jan 14 00:34:00 CST 1 Payment
sleepiness+100 Fri Jan 14 01:04:00 CST 1 Going home
sleepiness-50 Fri Jan 14 01:42:00 CST 1 Working
income+10 Fri Jan 14 01:42:00 CST 1 New Income
savings+10 Fri Jan 14 01:42:00 CST 1 Payment
sleepiness-50 Fri Jan 14 02:01:00 CST 1 Working
income+10 Fri Jan 14 02:01:00 CST 1 New Income
savings+10 Fri Jan 14 02:01:00 CST 1 Payment
sleepiness+100 Fri Jan 14 02:31:00 CST 1 Going home
sleepiness-50 Fri Jan 14 03:09:00 CST 1 Working
income+10 Fri Jan 14 03:09:00 CST 1 New Income
savings+10 Fri Jan 14 03:09:00 CST 1 Payment
sleepiness-50 Fri Jan 14 03:29:00 CST 1 Working
income+10 Fri Jan 14 03:29:00 CST 1 New Income
savings+10 Fri Jan 14 03:29:00 CST 1 Payment
sleepiness+100 Fri Jan 14 04:39:00 CST 1 Going home
sleepiness-50 Fri Jan 14 04:36:00 CST 1 Working
income+10 Fri Jan 14 04:36:00 CST 1 New Income
savings+10 Fri Jan 14 04:36:00 CST 1 Payment
sleepiness-50 Fri Jan 14 04:56:00 CST 1 Working
income+10 Fri Jan 14 04:56:00 CST 1 New Income
savings+10 Fri Jan 14 04:56:00 CST 1 Payment
sleepiness+100 Fri Jan 14 05:26:00 CST 1 Going home
sleepiness-50 Fri Jan 14 06:04:00 CST 1 Working
income+10 Fri Jan 14 06:04:00 CST 1 New Income
savings+10 Fri Jan 14 06:04:00 CST 1 Payment
sleepiness-50 Fri Jan 14 06:23:00 CST 1 Working
income+10 Fri Jan 14 06:23:00 CST 1 New Income
savings+10 Fri Jan 14 06:23:00 CST 1 Payment
sleepiness+100 Fri Jan 14 07:22:00 CST 1 Going home
sleepiness-50 Fri Jan 14 08:37:00 CST 1 Working
income+10 Fri Jan 14 08:37:00 CST 1 New Income
savings+10 Fri Jan 14 08:37:00 CST 1 Payment
sleepiness-50 Fri Jan 14 08:44:00 CST 1 Working
income+10 Fri Jan 14 08:44:00 CST 1 New Income
savings+10 Fri Jan 14 08:44:00 CST 1 Payment
sleepiness+100 Fri Jan 14 21:23:00 CST 1 Going home
sleepiness-50 Fri Jan 14 22:20:00 CST 1 Working
income+10 Fri Jan 14 22:20:00 CST 1 New Income
savings+10 Fri Jan 14 22:20:00 CST 1 Payment
sleepiness-50 Fri Jan 14 22:51:00 CST 1 Working
income+10 Fri Jan 14 22:51:00 CST 1 New Income
savings+10 Fri Jan 14 22:51:00 CST 1 Payment
sleepiness+100 Sat Jan 15 00:39:00 CST 1 Going home
sleepiness-50 Sat Jan 15 00:47:00 CST 1 Working
income+10 Sat Jan 15 00:47:00 CST 1 New Income
savings+10 Sat Jan 15 00:47:00 CST 1 Payment
sleepiness-50 Sat Jan 15 01:00:00 CST 1 Working
income+10 Sat Jan 15 01:00:00 CST 1 New Income
savings+10 Sat Jan 15 01:00:00 CST 1 Payment
trust+10 Sat Jan 15 02:06:00 CST 1 Voting
sleepiness+100 Sat Jan 15 03:10:00 CST 1 Going home
sleepiness-50 Sat Jan 15 03:46:00 CST 1 Working
income+10 Sat Jan 15 03:46:00 CST 1 New Income
savings+10 Sat Jan 15 03:46:00 CST 1 Payment
sleepiness-50 Sat Jan 15 04:33:00 CST 1 Working
income+10 Sat Jan 15 04:33:00 CST 1 New Income
savings+10 Sat Jan 15 04:33:00 CST 1 Payment
sleepiness+100 Sat Jan 15 05:22:00 CST 1 Going home
sleepiness-50 Sat Jan 15 05:58:00 CST 1 Working
income+10 Sat Jan 15 05:58:00 CST 1 New Income
savings+10 Sat Jan 15 05:58:00 CST 1 Payment
sleepiness-50 Sat Jan 15 06:30:00 CST 1 Working
income+10 Sat Jan 15 06:30:00 CST 1 New Income
savings+10 Sat Jan 15 06:30:00 CST 1 Payment
sleepiness+100 Sat Jan 15 07:44:00 CST 1 Going home
sleepiness-50 Sat Jan 15 08:17:00 CST 1 Working
income+10 Sat Jan 15 08:17:00 CST 1 New Income
savings+10 Sat Jan 15 08:17:00 CST 1 Payment
sleepiness-50 Sat Jan 15 09:04:00 CST 1 Working
income+10 Sat Jan 15 09:04:00 CST 1 New Income
savings+10 Sat Jan 15 09:04:00 CST 1 Payment
