age+0 Sat Jan 01 06:28:00 CST 1 creation
sleepiness-50 Sat Jan 01 06:28:00 CST 1 Working
income+10 Sat Jan 01 06:28:00 CST 1 New Income
debt-10 Sat Jan 01 06:28:00 CST 1 Payment
sleepiness-50 Sat Jan 01 07:18:00 CST 1 Working
income+10 Sat Jan 01 07:18:00 CST 1 New Income
debt-10 Sat Jan 01 07:18:00 CST 1 Payment
companionship+10 Sat Jan 01 10:34:00 CST 1 Procreating
sleepiness-10 Sat Jan 01 10:34:00 CST 1 Procreating
thirst+90 Sun Jan 02 07:01:00 CST 1 Getting water
sleepiness+100 Sat Jan 08 00:04:00 CST 1 Going home
sleepiness-50 Sat Jan 08 00:56:00 CST 1 Working
income+10 Sat Jan 08 00:56:00 CST 1 New Income
debt-10 Sat Jan 08 00:56:00 CST 1 Payment
sleepiness-50 Sat Jan 08 01:46:00 CST 1 Working
income+10 Sat Jan 08 01:46:00 CST 1 New Income
debt-10 Sat Jan 08 01:46:00 CST 1 Payment
sleepiness+100 Sat Jan 08 01:57:00 CST 1 Going home
sleepiness-50 Sat Jan 08 02:32:00 CST 1 Working
income+10 Sat Jan 08 02:32:00 CST 1 New Income
debt-10 Sat Jan 08 02:32:00 CST 1 Payment
sleepiness-50 Sat Jan 08 03:21:00 CST 1 Working
income+10 Sat Jan 08 03:21:00 CST 1 New Income
debt-10 Sat Jan 08 03:21:00 CST 1 Payment
sleepiness+100 Sat Jan 08 03:32:00 CST 1 Going home
sleepiness-50 Sat Jan 08 04:00:00 CST 1 Working
income+10 Sat Jan 08 04:00:00 CST 1 New Income
debt-10 Sat Jan 08 04:00:00 CST 1 Payment
sleepiness-50 Sat Jan 08 04:50:00 CST 1 Working
income+10 Sat Jan 08 04:50:00 CST 1 New Income
savings+10 Sat Jan 08 04:50:00 CST 1 Payment
sleepiness+100 Sat Jan 08 05:01:00 CST 1 Going home
sleepiness-50 Sat Jan 08 05:35:00 CST 1 Working
income+10 Sat Jan 08 05:35:00 CST 1 New Income
savings+10 Sat Jan 08 05:35:00 CST 1 Payment
sleepiness-50 Sat Jan 08 06:24:00 CST 1 Working
income+10 Sat Jan 08 06:24:00 CST 1 New Income
savings+10 Sat Jan 08 06:24:00 CST 1 Payment
sleepiness+100 Sat Jan 08 06:35:00 CST 1 Going home
sleepiness-50 Sat Jan 08 07:09:00 CST 1 Working
income+10 Sat Jan 08 07:09:00 CST 1 New Income
savings+10 Sat Jan 08 07:09:00 CST 1 Payment
sleepiness-50 Sat Jan 08 08:39:00 CST 1 Working
income+10 Sat Jan 08 08:39:00 CST 1 New Income
savings+10 Sat Jan 08 08:39:00 CST 1 Payment
sleepiness+100 Sat Jan 08 21:05:00 CST 1 Going home
sleepiness-50 Sat Jan 08 21:33:00 CST 1 Working
income+10 Sat Jan 08 21:33:00 CST 1 New Income
savings+10 Sat Jan 08 21:33:00 CST 1 Payment
sleepiness-50 Sat Jan 08 22:23:00 CST 1 Working
income+10 Sat Jan 08 22:23:00 CST 1 New Income
savings+10 Sat Jan 08 22:23:00 CST 1 Payment
sleepiness+100 Sat Jan 08 22:34:00 CST 1 Going home
sleepiness-50 Sat Jan 08 23:08:00 CST 1 Working
income+10 Sat Jan 08 23:08:00 CST 1 New Income
savings+10 Sat Jan 08 23:08:00 CST 1 Payment
sleepiness-50 Sat Jan 08 23:58:00 CST 1 Working
income+10 Sat Jan 08 23:58:00 CST 1 New Income
savings+10 Sat Jan 08 23:58:00 CST 1 Payment
sleepiness+100 Sun Jan 09 00:07:00 CST 1 Going home
sleepiness-50 Sun Jan 09 00:41:00 CST 1 Working
income+10 Sun Jan 09 00:41:00 CST 1 New Income
savings+10 Sun Jan 09 00:41:00 CST 1 Payment
sleepiness-50 Sun Jan 09 01:31:00 CST 1 Working
income+10 Sun Jan 09 01:31:00 CST 1 New Income
savings+10 Sun Jan 09 01:31:00 CST 1 Payment
sleepiness+100 Sun Jan 09 01:42:00 CST 1 Going home
sleepiness-50 Sun Jan 09 02:16:00 CST 1 Working
income+10 Sun Jan 09 02:16:00 CST 1 New Income
savings+10 Sun Jan 09 02:16:00 CST 1 Payment
sleepiness-50 Sun Jan 09 03:06:00 CST 1 Working
income+10 Sun Jan 09 03:06:00 CST 1 New Income
savings+10 Sun Jan 09 03:06:00 CST 1 Payment
sleepiness+100 Sun Jan 09 03:17:00 CST 1 Going home
sleepiness-50 Sun Jan 09 03:51:00 CST 1 Working
income+10 Sun Jan 09 03:51:00 CST 1 New Income
savings+10 Sun Jan 09 03:51:00 CST 1 Payment
sleepiness-50 Sun Jan 09 04:41:00 CST 1 Working
income+10 Sun Jan 09 04:41:00 CST 1 New Income
savings+10 Sun Jan 09 04:41:00 CST 1 Payment
sleepiness+100 Sun Jan 09 04:52:00 CST 1 Going home
sleepiness-50 Sun Jan 09 05:27:00 CST 1 Working
income+10 Sun Jan 09 05:27:00 CST 1 New Income
savings+10 Sun Jan 09 05:27:00 CST 1 Payment
sleepiness-50 Sun Jan 09 05:40:00 CST 1 Working
income+10 Sun Jan 09 05:40:00 CST 1 New Income
savings+10 Sun Jan 09 05:40:00 CST 1 Payment
sleepiness+100 Sun Jan 09 05:49:00 CST 1 Going home
sleepiness-50 Sun Jan 09 06:39:00 CST 1 Working
income+10 Sun Jan 09 06:39:00 CST 1 New Income
savings+10 Sun Jan 09 06:39:00 CST 1 Payment
sleepiness-50 Sun Jan 09 06:12:00 CST 1 Working
income+10 Sun Jan 09 06:12:00 CST 1 New Income
savings+10 Sun Jan 09 06:12:00 CST 1 Payment
sleepiness+100 Sun Jan 09 06:21:00 CST 1 Going home
sleepiness-50 Sun Jan 09 06:31:00 CST 1 Working
income+10 Sun Jan 09 06:31:00 CST 1 New Income
savings+10 Sun Jan 09 06:31:00 CST 1 Payment
sleepiness-50 Sun Jan 09 06:52:00 CST 1 Working
income+10 Sun Jan 09 06:52:00 CST 1 New Income
savings+10 Sun Jan 09 06:52:00 CST 1 Payment
sleepiness+100 Sun Jan 09 07:13:00 CST 1 Going home
sleepiness-50 Sun Jan 09 07:50:00 CST 1 Working
income+10 Sun Jan 09 07:50:00 CST 1 New Income
savings+10 Sun Jan 09 07:50:00 CST 1 Payment
sleepiness-50 Sun Jan 09 08:39:00 CST 1 Working
income+10 Sun Jan 09 08:39:00 CST 1 New Income
savings+10 Sun Jan 09 08:39:00 CST 1 Payment
thirst+90 Sun Jan 09 11:12:00 CST 1 Getting water
sleepiness+100 Sun Jan 09 21:19:00 CST 1 Going home
sleepiness-50 Sun Jan 09 21:56:00 CST 1 Working
income+10 Sun Jan 09 21:56:00 CST 1 New Income
savings+10 Sun Jan 09 21:56:00 CST 1 Payment
sleepiness-50 Sun Jan 09 22:45:00 CST 1 Working
income+10 Sun Jan 09 22:45:00 CST 1 New Income
savings+10 Sun Jan 09 22:45:00 CST 1 Payment
sleepiness+100 Sun Jan 09 23:39:00 CST 1 Going home
sleepiness-50 Sun Jan 09 23:36:00 CST 1 Working
income+10 Sun Jan 09 23:36:00 CST 1 New Income
savings+10 Sun Jan 09 23:36:00 CST 1 Payment
sleepiness-50 Mon Jan 10 00:23:00 CST 1 Working
income+10 Mon Jan 10 00:23:00 CST 1 New Income
savings+10 Mon Jan 10 00:23:00 CST 1 Payment
sleepiness+100 Mon Jan 10 00:37:00 CST 1 Going home
sleepiness-50 Mon Jan 10 01:14:00 CST 1 Working
income+10 Mon Jan 10 01:14:00 CST 1 New Income
savings+10 Mon Jan 10 01:14:00 CST 1 Payment
sleepiness-50 Mon Jan 10 02:03:00 CST 1 Working
income+10 Mon Jan 10 02:03:00 CST 1 New Income
savings+10 Mon Jan 10 02:03:00 CST 1 Payment
sleepiness+100 Mon Jan 10 02:17:00 CST 1 Going home
sleepiness-50 Mon Jan 10 02:54:00 CST 1 Working
income+10 Mon Jan 10 02:54:00 CST 1 New Income
savings+10 Mon Jan 10 02:54:00 CST 1 Payment
sleepiness-50 Mon Jan 10 03:43:00 CST 1 Working
income+10 Mon Jan 10 03:43:00 CST 1 New Income
savings+10 Mon Jan 10 03:43:00 CST 1 Payment
sleepiness+100 Mon Jan 10 03:57:00 CST 1 Going home
sleepiness-50 Mon Jan 10 04:34:00 CST 1 Working
income+10 Mon Jan 10 04:34:00 CST 1 New Income
savings+10 Mon Jan 10 04:34:00 CST 1 Payment
sleepiness-50 Mon Jan 10 05:23:00 CST 1 Working
income+10 Mon Jan 10 05:23:00 CST 1 New Income
savings+10 Mon Jan 10 05:23:00 CST 1 Payment
sleepiness+100 Mon Jan 10 05:37:00 CST 1 Going home
sleepiness-50 Mon Jan 10 06:14:00 CST 1 Working
income+10 Mon Jan 10 06:14:00 CST 1 New Income
savings+10 Mon Jan 10 06:14:00 CST 1 Payment
sleepiness-50 Mon Jan 10 07:03:00 CST 1 Working
income+10 Mon Jan 10 07:03:00 CST 1 New Income
savings+10 Mon Jan 10 07:03:00 CST 1 Payment
sleepiness+100 Mon Jan 10 07:17:00 CST 1 Going home
sleepiness-50 Mon Jan 10 07:54:00 CST 1 Working
income+10 Mon Jan 10 07:54:00 CST 1 New Income
savings+10 Mon Jan 10 07:54:00 CST 1 Payment
sleepiness-50 Mon Jan 10 08:43:00 CST 1 Working
income+10 Mon Jan 10 08:43:00 CST 1 New Income
savings+10 Mon Jan 10 08:43:00 CST 1 Payment
sleepiness+100 Mon Jan 10 21:08:00 CST 1 Going home
sleepiness-50 Mon Jan 10 21:45:00 CST 1 Working
income+10 Mon Jan 10 21:45:00 CST 1 New Income
savings+10 Mon Jan 10 21:45:00 CST 1 Payment
sleepiness-50 Mon Jan 10 22:34:00 CST 1 Working
income+10 Mon Jan 10 22:34:00 CST 1 New Income
savings+10 Mon Jan 10 22:34:00 CST 1 Payment
sleepiness+100 Mon Jan 10 22:48:00 CST 1 Going home
sleepiness-50 Mon Jan 10 23:25:00 CST 1 Working
income+10 Mon Jan 10 23:25:00 CST 1 New Income
savings+10 Mon Jan 10 23:25:00 CST 1 Payment
sleepiness-50 Tue Jan 11 00:20:00 CST 1 Working
income+10 Tue Jan 11 00:20:00 CST 1 New Income
savings+10 Tue Jan 11 00:20:00 CST 1 Payment
sleepiness+100 Tue Jan 11 01:24:00 CST 1 Going home
sleepiness-50 Tue Jan 11 01:57:00 CST 1 Working
income+10 Tue Jan 11 01:57:00 CST 1 New Income
savings+10 Tue Jan 11 01:57:00 CST 1 Payment
sleepiness-50 Tue Jan 11 02:30:00 CST 1 Working
income+10 Tue Jan 11 02:30:00 CST 1 New Income
savings+10 Tue Jan 11 02:30:00 CST 1 Payment
sleepiness+100 Tue Jan 11 02:44:00 CST 1 Going home
sleepiness-50 Tue Jan 11 03:23:00 CST 1 Working
income+10 Tue Jan 11 03:23:00 CST 1 New Income
savings+10 Tue Jan 11 03:23:00 CST 1 Payment
sleepiness-50 Tue Jan 11 03:56:00 CST 1 Working
income+10 Tue Jan 11 03:56:00 CST 1 New Income
savings+10 Tue Jan 11 03:56:00 CST 1 Payment
sleepiness+100 Tue Jan 11 04:10:00 CST 1 Going home
sleepiness-50 Tue Jan 11 04:50:00 CST 1 Working
income+10 Tue Jan 11 04:50:00 CST 1 New Income
savings+10 Tue Jan 11 04:50:00 CST 1 Payment
sleepiness-50 Tue Jan 11 05:22:00 CST 1 Working
income+10 Tue Jan 11 05:22:00 CST 1 New Income
savings+10 Tue Jan 11 05:22:00 CST 1 Payment
sleepiness+100 Tue Jan 11 05:36:00 CST 1 Going home
sleepiness-50 Tue Jan 11 06:15:00 CST 1 Working
income+10 Tue Jan 11 06:15:00 CST 1 New Income
savings+10 Tue Jan 11 06:15:00 CST 1 Payment
sleepiness-50 Tue Jan 11 06:47:00 CST 1 Working
income+10 Tue Jan 11 06:47:00 CST 1 New Income
savings+10 Tue Jan 11 06:47:00 CST 1 Payment
sleepiness+100 Tue Jan 11 07:01:00 CST 1 Going home
sleepiness-50 Tue Jan 11 07:40:00 CST 1 Working
income+10 Tue Jan 11 07:40:00 CST 1 New Income
savings+10 Tue Jan 11 07:40:00 CST 1 Payment
sleepiness-50 Tue Jan 11 08:12:00 CST 1 Working
income+10 Tue Jan 11 08:12:00 CST 1 New Income
savings+10 Tue Jan 11 08:12:00 CST 1 Payment
sleepiness+100 Tue Jan 11 21:08:00 CST 1 Going home
sleepiness-50 Tue Jan 11 21:48:00 CST 1 Working
income+10 Tue Jan 11 21:48:00 CST 1 New Income
savings+10 Tue Jan 11 21:48:00 CST 1 Payment
sleepiness-50 Tue Jan 11 22:21:00 CST 1 Working
income+10 Tue Jan 11 22:21:00 CST 1 New Income
savings+10 Tue Jan 11 22:21:00 CST 1 Payment
sleepiness+100 Tue Jan 11 22:35:00 CST 1 Going home
sleepiness-50 Tue Jan 11 23:14:00 CST 1 Working
income+10 Tue Jan 11 23:14:00 CST 1 New Income
savings+10 Tue Jan 11 23:14:00 CST 1 Payment
sleepiness-50 Tue Jan 11 23:46:00 CST 1 Working
income+10 Tue Jan 11 23:46:00 CST 1 New Income
savings+10 Tue Jan 11 23:46:00 CST 1 Payment
sleepiness+100 Thu Jan 13 00:00:00 CST 1 Going home
sleepiness-50 Wed Jan 12 00:37:00 CST 1 Working
income+10 Wed Jan 12 00:37:00 CST 1 New Income
savings+10 Wed Jan 12 00:37:00 CST 1 Payment
sleepiness-50 Wed Jan 12 01:09:00 CST 1 Working
income+10 Wed Jan 12 01:09:00 CST 1 New Income
savings+10 Wed Jan 12 01:09:00 CST 1 Payment
sleepiness+100 Wed Jan 12 01:23:00 CST 1 Going home
sleepiness-50 Wed Jan 12 02:03:00 CST 1 Working
income+10 Wed Jan 12 02:03:00 CST 1 New Income
savings+10 Wed Jan 12 02:03:00 CST 1 Payment
sleepiness-50 Wed Jan 12 02:35:00 CST 1 Working
income+10 Wed Jan 12 02:35:00 CST 1 New Income
savings+10 Wed Jan 12 02:35:00 CST 1 Payment
sleepiness+100 Wed Jan 12 02:49:00 CST 1 Going home
sleepiness-50 Wed Jan 12 03:28:00 CST 1 Working
income+10 Wed Jan 12 03:28:00 CST 1 New Income
savings+10 Wed Jan 12 03:28:00 CST 1 Payment
sleepiness-50 Wed Jan 12 04:01:00 CST 1 Working
income+10 Wed Jan 12 04:01:00 CST 1 New Income
savings+10 Wed Jan 12 04:01:00 CST 1 Payment
sleepiness+100 Wed Jan 12 04:15:00 CST 1 Going home
sleepiness-50 Wed Jan 12 04:58:00 CST 1 Working
income+10 Wed Jan 12 04:58:00 CST 1 New Income
savings+10 Wed Jan 12 04:58:00 CST 1 Payment
sleepiness-50 Wed Jan 12 05:37:00 CST 1 Working
income+10 Wed Jan 12 05:37:00 CST 1 New Income
savings+10 Wed Jan 12 05:37:00 CST 1 Payment
sleepiness+100 Wed Jan 12 05:54:00 CST 1 Going home
sleepiness-50 Wed Jan 12 06:54:00 CST 1 Working
income+10 Wed Jan 12 06:54:00 CST 1 New Income
savings+10 Wed Jan 12 06:54:00 CST 1 Payment
sleepiness-50 Wed Jan 12 07:33:00 CST 1 Working
income+10 Wed Jan 12 07:33:00 CST 1 New Income
savings+10 Wed Jan 12 07:33:00 CST 1 Payment
sleepiness+100 Wed Jan 12 07:50:00 CST 1 Going home
sleepiness-50 Wed Jan 12 08:50:00 CST 1 Working
income+10 Wed Jan 12 08:50:00 CST 1 New Income
savings+10 Wed Jan 12 08:50:00 CST 1 Payment
sleepiness-50 Wed Jan 12 09:46:00 CST 1 Working
income+10 Wed Jan 12 09:46:00 CST 1 New Income
savings+10 Wed Jan 12 09:46:00 CST 1 Payment
sleepiness+100 Wed Jan 12 21:12:00 CST 1 Going home
sleepiness-50 Wed Jan 12 21:57:00 CST 1 Working
income+10 Wed Jan 12 21:57:00 CST 1 New Income
savings+10 Wed Jan 12 21:57:00 CST 1 Payment
sleepiness-50 Wed Jan 12 22:36:00 CST 1 Working
income+10 Wed Jan 12 22:36:00 CST 1 New Income
savings+10 Wed Jan 12 22:36:00 CST 1 Payment
sleepiness+100 Wed Jan 12 22:58:00 CST 1 Going home
sleepiness-50 Wed Jan 12 23:36:00 CST 1 Working
income+10 Wed Jan 12 23:36:00 CST 1 New Income
savings+10 Wed Jan 12 23:36:00 CST 1 Payment
sleepiness-50 Thu Jan 13 00:13:00 CST 1 Working
income+10 Thu Jan 13 00:13:00 CST 1 New Income
savings+10 Thu Jan 13 00:13:00 CST 1 Payment
sleepiness+100 Thu Jan 13 00:35:00 CST 1 Going home
sleepiness-50 Thu Jan 13 01:14:00 CST 1 Working
income+10 Thu Jan 13 01:14:00 CST 1 New Income
savings+10 Thu Jan 13 01:14:00 CST 1 Payment
sleepiness-50 Thu Jan 13 02:03:00 CST 1 Working
income+10 Thu Jan 13 02:03:00 CST 1 New Income
savings+10 Thu Jan 13 02:03:00 CST 1 Payment
sleepiness+100 Thu Jan 13 02:21:00 CST 1 Going home
sleepiness-50 Thu Jan 13 03:13:00 CST 1 Working
income+10 Thu Jan 13 03:13:00 CST 1 New Income
savings+10 Thu Jan 13 03:13:00 CST 1 Payment
sleepiness-50 Thu Jan 13 04:02:00 CST 1 Working
income+10 Thu Jan 13 04:02:00 CST 1 New Income
savings+10 Thu Jan 13 04:02:00 CST 1 Payment
sleepiness+100 Thu Jan 13 04:20:00 CST 1 Going home
sleepiness-50 Thu Jan 13 05:05:00 CST 1 Working
income+10 Thu Jan 13 05:05:00 CST 1 New Income
savings+10 Thu Jan 13 05:05:00 CST 1 Payment
sleepiness-50 Thu Jan 13 05:54:00 CST 1 Working
income+10 Thu Jan 13 05:54:00 CST 1 New Income
savings+10 Thu Jan 13 05:54:00 CST 1 Payment
sleepiness+100 Thu Jan 13 06:12:00 CST 1 Going home
sleepiness-50 Thu Jan 13 06:57:00 CST 1 Working
income+10 Thu Jan 13 06:57:00 CST 1 New Income
savings+10 Thu Jan 13 06:57:00 CST 1 Payment
sleepiness-50 Thu Jan 13 07:46:00 CST 1 Working
income+10 Thu Jan 13 07:46:00 CST 1 New Income
savings+10 Thu Jan 13 07:46:00 CST 1 Payment
sleepiness+100 Thu Jan 13 08:04:00 CST 1 Going home
sleepiness-50 Thu Jan 13 08:49:00 CST 1 Working
income+10 Thu Jan 13 08:49:00 CST 1 New Income
savings+10 Thu Jan 13 08:49:00 CST 1 Payment
sleepiness-50 Thu Jan 13 09:38:00 CST 1 Working
income+10 Thu Jan 13 09:38:00 CST 1 New Income
savings+10 Thu Jan 13 09:38:00 CST 1 Payment
sleepiness+100 Thu Jan 13 21:12:00 CST 1 Going home
sleepiness-50 Thu Jan 13 22:15:00 CST 1 Working
income+10 Thu Jan 13 22:15:00 CST 1 New Income
savings+10 Thu Jan 13 22:15:00 CST 1 Payment
sleepiness-50 Thu Jan 13 23:04:00 CST 1 Working
income+10 Thu Jan 13 23:04:00 CST 1 New Income
savings+10 Thu Jan 13 23:04:00 CST 1 Payment
sleepiness+100 Thu Jan 13 23:22:00 CST 1 Going home
sleepiness-50 Fri Jan 14 00:23:00 CST 1 Working
income+10 Fri Jan 14 00:23:00 CST 1 New Income
savings+10 Fri Jan 14 00:23:00 CST 1 Payment
sleepiness-50 Fri Jan 14 01:12:00 CST 1 Working
income+10 Fri Jan 14 01:12:00 CST 1 New Income
savings+10 Fri Jan 14 01:12:00 CST 1 Payment
sleepiness+100 Fri Jan 14 01:30:00 CST 1 Going home
sleepiness-50 Fri Jan 14 02:16:00 CST 1 Working
income+10 Fri Jan 14 02:16:00 CST 1 New Income
savings+10 Fri Jan 14 02:16:00 CST 1 Payment
sleepiness-50 Fri Jan 14 03:05:00 CST 1 Working
income+10 Fri Jan 14 03:05:00 CST 1 New Income
savings+10 Fri Jan 14 03:05:00 CST 1 Payment
sleepiness+100 Fri Jan 14 03:23:00 CST 1 Going home
sleepiness-50 Fri Jan 14 04:09:00 CST 1 Working
income+10 Fri Jan 14 04:09:00 CST 1 New Income
savings+10 Fri Jan 14 04:09:00 CST 1 Payment
sleepiness-50 Fri Jan 14 04:57:00 CST 1 Working
income+10 Fri Jan 14 04:57:00 CST 1 New Income
savings+10 Fri Jan 14 04:57:00 CST 1 Payment
sleepiness+100 Fri Jan 14 05:10:00 CST 1 Going home
sleepiness-50 Fri Jan 14 06:39:00 CST 1 Working
income+10 Fri Jan 14 06:39:00 CST 1 New Income
savings+10 Fri Jan 14 06:39:00 CST 1 Payment
sleepiness-50 Fri Jan 14 06:52:00 CST 1 Working
income+10 Fri Jan 14 06:52:00 CST 1 New Income
savings+10 Fri Jan 14 06:52:00 CST 1 Payment
sleepiness+100 Fri Jan 14 07:55:00 CST 1 Going home
sleepiness-50 Fri Jan 14 08:30:00 CST 1 Working
income+10 Fri Jan 14 08:30:00 CST 1 New Income
savings+10 Fri Jan 14 08:30:00 CST 1 Payment
sleepiness-50 Fri Jan 14 08:41:00 CST 1 Working
income+10 Fri Jan 14 08:41:00 CST 1 New Income
savings+10 Fri Jan 14 08:41:00 CST 1 Payment
sleepiness+100 Fri Jan 14 21:12:00 CST 1 Going home
sleepiness-50 Fri Jan 14 21:38:00 CST 1 Working
income+10 Fri Jan 14 21:38:00 CST 1 New Income
savings+10 Fri Jan 14 21:38:00 CST 1 Payment
sleepiness-50 Fri Jan 14 22:09:00 CST 1 Working
income+10 Fri Jan 14 22:09:00 CST 1 New Income
savings+10 Fri Jan 14 22:09:00 CST 1 Payment
sleepiness+100 Fri Jan 14 22:27:00 CST 1 Going home
sleepiness-50 Fri Jan 14 23:39:00 CST 1 Working
income+10 Fri Jan 14 23:39:00 CST 1 New Income
savings+10 Fri Jan 14 23:39:00 CST 1 Payment
sleepiness-50 Fri Jan 14 23:49:00 CST 1 Working
income+10 Fri Jan 14 23:49:00 CST 1 New Income
savings+10 Fri Jan 14 23:49:00 CST 1 Payment
sleepiness+100 Sat Jan 15 00:12:00 CST 1 Going home
sleepiness-50 Sat Jan 15 00:45:00 CST 1 Working
income+10 Sat Jan 15 00:45:00 CST 1 New Income
savings+10 Sat Jan 15 00:45:00 CST 1 Payment
sleepiness-50 Sat Jan 15 00:52:00 CST 1 Working
income+10 Sat Jan 15 00:52:00 CST 1 New Income
savings+10 Sat Jan 15 00:52:00 CST 1 Payment
sleepiness+100 Sat Jan 15 01:55:00 CST 1 Going home
sleepiness-50 Sat Jan 15 02:28:00 CST 1 Working
income+10 Sat Jan 15 02:28:00 CST 1 New Income
savings+10 Sat Jan 15 02:28:00 CST 1 Payment
sleepiness-50 Sat Jan 15 02:53:00 CST 1 Working
income+10 Sat Jan 15 02:53:00 CST 1 New Income
savings+10 Sat Jan 15 02:53:00 CST 1 Payment
sleepiness+100 Sat Jan 15 03:15:00 CST 1 Going home
sleepiness-50 Sat Jan 15 03:55:00 CST 1 Working
income+10 Sat Jan 15 03:55:00 CST 1 New Income
savings+10 Sat Jan 15 03:55:00 CST 1 Payment
sleepiness-50 Sat Jan 15 04:09:00 CST 1 Working
income+10 Sat Jan 15 04:09:00 CST 1 New Income
savings+10 Sat Jan 15 04:09:00 CST 1 Payment
