age+0 Sat Jan 01 01:31:00 CST 1 creation
sleepiness-50 Sat Jan 01 01:32:00 CST 1 Working
income+10 Sat Jan 01 01:32:00 CST 1 New Income
debt-10 Sat Jan 01 01:32:00 CST 1 Payment
sleepiness-50 Sat Jan 01 02:16:00 CST 1 Working
income+10 Sat Jan 01 02:16:00 CST 1 New Income
debt-10 Sat Jan 01 02:16:00 CST 1 Payment
sleepiness+100 Sat Jan 01 03:27:00 CST 1 Going home
sleepiness-50 Sat Jan 01 03:55:00 CST 1 Working
income+10 Sat Jan 01 03:55:00 CST 1 New Income
savings+10 Sat Jan 01 03:55:00 CST 1 Payment
income+0 Sat Jan 01 04:43:00 CST 1 Bought a House
bills+0 Sat Jan 01 04:43:00 CST 1 Bought a House
taxes+0 Sat Jan 01 04:43:00 CST 1 Bought a House
savings+38 Sat Jan 01 04:43:00 CST 1 Bought a House
debt+62 Sat Jan 01 04:43:00 CST 1 Bought a House
sleepiness-50 Sat Jan 01 04:44:00 CST 1 Working
income+10 Sat Jan 01 04:44:00 CST 1 New Income
debt-10 Sat Jan 01 04:44:00 CST 1 Payment
companionship+10 Sat Jan 01 06:28:00 CST 1 Procreating
sleepiness-10 Sat Jan 01 06:28:00 CST 1 Procreating
thirst+90 Fri Jan 07 07:46:00 CST 1 Getting water
sleepiness+100 Sat Jan 08 00:04:00 CST 1 Going home
sleepiness-50 Sat Jan 08 01:10:00 CST 1 Working
income+10 Sat Jan 08 01:10:00 CST 1 New Income
debt-10 Sat Jan 08 01:10:00 CST 1 Payment
sleepiness-50 Sat Jan 08 01:30:00 CST 1 Working
income+10 Sat Jan 08 01:30:00 CST 1 New Income
debt-10 Sat Jan 08 01:30:00 CST 1 Payment
sleepiness+100 Sat Jan 08 01:52:00 CST 1 Going home
sleepiness-50 Sat Jan 08 02:46:00 CST 1 Working
income+10 Sat Jan 08 02:46:00 CST 1 New Income
debt-10 Sat Jan 08 02:46:00 CST 1 Payment
sleepiness-50 Sat Jan 08 03:12:00 CST 1 Working
income+10 Sat Jan 08 03:12:00 CST 1 New Income
debt-10 Sat Jan 08 03:12:00 CST 1 Payment
sleepiness+100 Sat Jan 08 03:34:00 CST 1 Going home
sleepiness-50 Sat Jan 08 04:29:00 CST 1 Working
income+10 Sat Jan 08 04:29:00 CST 1 New Income
debt-10 Sat Jan 08 04:29:00 CST 1 Payment
sleepiness-50 Sat Jan 08 04:49:00 CST 1 Working
income+10 Sat Jan 08 04:49:00 CST 1 New Income
debt-10 Sat Jan 08 04:49:00 CST 1 Payment
sleepiness+100 Sat Jan 08 05:11:00 CST 1 Going home
sleepiness-50 Sat Jan 08 06:06:00 CST 1 Working
income+10 Sat Jan 08 06:06:00 CST 1 New Income
debt-10 Sat Jan 08 06:06:00 CST 1 Payment
sleepiness-50 Sat Jan 08 06:26:00 CST 1 Working
income+10 Sat Jan 08 06:26:00 CST 1 New Income
debt-10 Sat Jan 08 06:26:00 CST 1 Payment
sleepiness+100 Sat Jan 08 06:48:00 CST 1 Going home
sleepiness-50 Sat Jan 08 07:24:00 CST 1 Working
income+10 Sat Jan 08 07:24:00 CST 1 New Income
debt-10 Sat Jan 08 07:24:00 CST 1 Payment
sleepiness-50 Sat Jan 08 07:44:00 CST 1 Working
income+10 Sat Jan 08 07:44:00 CST 1 New Income
savings+10 Sat Jan 08 07:44:00 CST 1 Payment
sleepiness+100 Sat Jan 08 08:06:00 CST 1 Going home
sleepiness-50 Sat Jan 08 08:48:00 CST 1 Working
income+10 Sat Jan 08 08:48:00 CST 1 New Income
savings+10 Sat Jan 08 08:48:00 CST 1 Payment
sleepiness-50 Sat Jan 08 09:07:00 CST 1 Working
income+10 Sat Jan 08 09:07:00 CST 1 New Income
savings+10 Sat Jan 08 09:07:00 CST 1 Payment
sleepiness+100 Sat Jan 08 21:16:00 CST 1 Going home
sleepiness-50 Sat Jan 08 21:58:00 CST 1 Working
income+10 Sat Jan 08 21:58:00 CST 1 New Income
savings+10 Sat Jan 08 21:58:00 CST 1 Payment
sleepiness-50 Sat Jan 08 22:18:00 CST 1 Working
income+10 Sat Jan 08 22:18:00 CST 1 New Income
savings+10 Sat Jan 08 22:18:00 CST 1 Payment
sleepiness+100 Sat Jan 08 22:40:00 CST 1 Going home
sleepiness-50 Sat Jan 08 23:35:00 CST 1 Working
income+10 Sat Jan 08 23:35:00 CST 1 New Income
savings+10 Sat Jan 08 23:35:00 CST 1 Payment
sleepiness-50 Sat Jan 08 23:55:00 CST 1 Working
income+10 Sat Jan 08 23:55:00 CST 1 New Income
savings+10 Sat Jan 08 23:55:00 CST 1 Payment
N/A+0 Mon Jan 10 00:00:00 CST 1 death
