age+0 Sat Jan 01 01:31:00 CST 1 creation
hunger+91 Sat Jan 01 01:39:00 CST 1 Getting food
sleepiness-50 Sat Jan 01 01:58:00 CST 1 Working
income+10 Sat Jan 01 01:58:00 CST 1 New Income
debt-10 Sat Jan 01 01:58:00 CST 1 Payment
sleepiness-50 Sat Jan 01 02:18:00 CST 1 Working
income+10 Sat Jan 01 02:18:00 CST 1 New Income
debt-10 Sat Jan 01 02:18:00 CST 1 Payment
sleepiness+100 Sat Jan 01 06:36:00 CST 1 Going home
sleepiness-50 Sat Jan 01 07:35:00 CST 1 Working
income+10 Sat Jan 01 07:35:00 CST 1 New Income
debt-10 Sat Jan 01 07:35:00 CST 1 Payment
income+0 Sat Jan 01 07:47:00 CST 1 Bought a House
bills+0 Sat Jan 01 07:47:00 CST 1 Bought a House
taxes+0 Sat Jan 01 07:47:00 CST 1 Bought a House
savings+66 Sat Jan 01 07:47:00 CST 1 Bought a House
debt+34 Sat Jan 01 07:47:00 CST 1 Bought a House
sleepiness-50 Sat Jan 01 07:48:00 CST 1 Working
income+10 Sat Jan 01 07:48:00 CST 1 New Income
debt-10 Sat Jan 01 07:48:00 CST 1 Payment
thirst+90 Wed Jan 05 17:15:00 CST 1 Getting water
sleepiness+100 Mon Jan 10 05:11:00 CST 1 Going home
sleepiness-50 Mon Jan 10 06:07:00 CST 1 Working
income+10 Mon Jan 10 06:07:00 CST 1 New Income
debt-10 Mon Jan 10 06:07:00 CST 1 Payment
sleepiness-50 Mon Jan 10 06:45:00 CST 1 Working
income+10 Mon Jan 10 06:45:00 CST 1 New Income
debt-10 Mon Jan 10 06:45:00 CST 1 Payment
sleepiness+100 Mon Jan 10 07:00:00 CST 1 Going home
sleepiness-50 Mon Jan 10 07:13:00 CST 1 Working
income+10 Mon Jan 10 07:13:00 CST 1 New Income
debt-10 Mon Jan 10 07:13:00 CST 1 Payment
sleepiness-50 Mon Jan 10 07:52:00 CST 1 Working
income+10 Mon Jan 10 07:52:00 CST 1 New Income
debt-10 Mon Jan 10 07:52:00 CST 1 Payment
sleepiness+100 Mon Jan 10 08:07:00 CST 1 Going home
sleepiness-50 Mon Jan 10 09:02:00 CST 1 Working
income+10 Mon Jan 10 09:02:00 CST 1 New Income
debt-10 Mon Jan 10 09:02:00 CST 1 Payment
sleepiness-50 Mon Jan 10 09:48:00 CST 1 Working
income+10 Mon Jan 10 09:48:00 CST 1 New Income
debt-10 Mon Jan 10 09:48:00 CST 1 Payment
sleepiness+100 Mon Jan 10 21:16:00 CST 1 Going home
sleepiness-50 Mon Jan 10 22:07:00 CST 1 Working
income+10 Mon Jan 10 22:07:00 CST 1 New Income
debt-10 Mon Jan 10 22:07:00 CST 1 Payment
sleepiness-50 Mon Jan 10 22:14:00 CST 1 Working
income+10 Mon Jan 10 22:14:00 CST 1 New Income
debt-10 Mon Jan 10 22:14:00 CST 1 Payment
sleepiness+100 Mon Jan 10 22:31:00 CST 1 Going home
sleepiness-50 Mon Jan 10 23:32:00 CST 1 Working
income+10 Mon Jan 10 23:32:00 CST 1 New Income
debt-10 Mon Jan 10 23:32:00 CST 1 Payment
sleepiness-50 Mon Jan 10 23:39:00 CST 1 Working
income+10 Mon Jan 10 23:39:00 CST 1 New Income
savings+10 Mon Jan 10 23:39:00 CST 1 Payment
sleepiness+100 Mon Jan 10 23:56:00 CST 1 Going home
sleepiness-50 Tue Jan 11 00:55:00 CST 1 Working
income+10 Tue Jan 11 00:55:00 CST 1 New Income
savings+10 Tue Jan 11 00:55:00 CST 1 Payment
sleepiness-50 Tue Jan 11 01:12:00 CST 1 Working
income+10 Tue Jan 11 01:12:00 CST 1 New Income
savings+10 Tue Jan 11 01:12:00 CST 1 Payment
sleepiness+100 Tue Jan 11 02:18:00 CST 1 Going home
sleepiness-50 Tue Jan 11 03:22:00 CST 1 Working
income+10 Tue Jan 11 03:22:00 CST 1 New Income
savings+10 Tue Jan 11 03:22:00 CST 1 Payment
sleepiness-50 Tue Jan 11 03:29:00 CST 1 Working
income+10 Tue Jan 11 03:29:00 CST 1 New Income
savings+10 Tue Jan 11 03:29:00 CST 1 Payment
sleepiness+100 Tue Jan 11 03:51:00 CST 1 Going home
sleepiness-50 Tue Jan 11 04:55:00 CST 1 Working
income+10 Tue Jan 11 04:55:00 CST 1 New Income
savings+10 Tue Jan 11 04:55:00 CST 1 Payment
sleepiness-50 Tue Jan 11 05:02:00 CST 1 Working
income+10 Tue Jan 11 05:02:00 CST 1 New Income
savings+10 Tue Jan 11 05:02:00 CST 1 Payment
sleepiness+100 Tue Jan 11 05:24:00 CST 1 Going home
sleepiness-50 Tue Jan 11 06:17:00 CST 1 Working
income+10 Tue Jan 11 06:17:00 CST 1 New Income
savings+10 Tue Jan 11 06:17:00 CST 1 Payment
sleepiness-50 Tue Jan 11 06:24:00 CST 1 Working
income+10 Tue Jan 11 06:24:00 CST 1 New Income
savings+10 Tue Jan 11 06:24:00 CST 1 Payment
sleepiness+100 Tue Jan 11 06:46:00 CST 1 Going home
sleepiness-50 Tue Jan 11 07:50:00 CST 1 Working
income+10 Tue Jan 11 07:50:00 CST 1 New Income
savings+10 Tue Jan 11 07:50:00 CST 1 Payment
sleepiness-50 Tue Jan 11 08:39:00 CST 1 Working
income+10 Tue Jan 11 08:39:00 CST 1 New Income
savings+10 Tue Jan 11 08:39:00 CST 1 Payment
sleepiness+100 Tue Jan 11 21:16:00 CST 1 Going home
sleepiness-50 Tue Jan 11 22:09:00 CST 1 Working
income+10 Tue Jan 11 22:09:00 CST 1 New Income
savings+10 Tue Jan 11 22:09:00 CST 1 Payment
sleepiness-50 Tue Jan 11 22:16:00 CST 1 Working
income+10 Tue Jan 11 22:16:00 CST 1 New Income
savings+10 Tue Jan 11 22:16:00 CST 1 Payment
sleepiness+100 Tue Jan 11 22:38:00 CST 1 Going home
sleepiness-50 Tue Jan 11 23:31:00 CST 1 Working
income+10 Tue Jan 11 23:31:00 CST 1 New Income
savings+10 Tue Jan 11 23:31:00 CST 1 Payment
sleepiness-50 Tue Jan 11 23:38:00 CST 1 Working
income+10 Tue Jan 11 23:38:00 CST 1 New Income
savings+10 Tue Jan 11 23:38:00 CST 1 Payment
sleepiness+100 Thu Jan 13 00:00:00 CST 1 Going home
sleepiness-50 Wed Jan 12 01:02:00 CST 1 Working
income+10 Wed Jan 12 01:02:00 CST 1 New Income
savings+10 Wed Jan 12 01:02:00 CST 1 Payment
sleepiness-50 Wed Jan 12 01:09:00 CST 1 Working
income+10 Wed Jan 12 01:09:00 CST 1 New Income
savings+10 Wed Jan 12 01:09:00 CST 1 Payment
sleepiness+100 Wed Jan 12 01:31:00 CST 1 Going home
sleepiness-50 Wed Jan 12 02:35:00 CST 1 Working
income+10 Wed Jan 12 02:35:00 CST 1 New Income
savings+10 Wed Jan 12 02:35:00 CST 1 Payment
sleepiness-50 Wed Jan 12 02:42:00 CST 1 Working
income+10 Wed Jan 12 02:42:00 CST 1 New Income
savings+10 Wed Jan 12 02:42:00 CST 1 Payment
sleepiness+100 Wed Jan 12 03:04:00 CST 1 Going home
sleepiness-50 Wed Jan 12 04:08:00 CST 1 Working
income+10 Wed Jan 12 04:08:00 CST 1 New Income
savings+10 Wed Jan 12 04:08:00 CST 1 Payment
sleepiness-50 Wed Jan 12 04:57:00 CST 1 Working
income+10 Wed Jan 12 04:57:00 CST 1 New Income
savings+10 Wed Jan 12 04:57:00 CST 1 Payment
sleepiness+100 Wed Jan 12 05:19:00 CST 1 Going home
sleepiness-50 Wed Jan 12 06:23:00 CST 1 Working
income+10 Wed Jan 12 06:23:00 CST 1 New Income
savings+10 Wed Jan 12 06:23:00 CST 1 Payment
sleepiness-50 Wed Jan 12 07:25:00 CST 1 Working
income+10 Wed Jan 12 07:25:00 CST 1 New Income
savings+10 Wed Jan 12 07:25:00 CST 1 Payment
sleepiness+100 Wed Jan 12 21:26:00 CST 1 Going home
sleepiness-50 Wed Jan 12 22:30:00 CST 1 Working
income+10 Wed Jan 12 22:30:00 CST 1 New Income
savings+10 Wed Jan 12 22:30:00 CST 1 Payment
sleepiness-50 Wed Jan 12 22:56:00 CST 1 Working
income+10 Wed Jan 12 22:56:00 CST 1 New Income
savings+10 Wed Jan 12 22:56:00 CST 1 Payment
sleepiness+100 Wed Jan 12 23:15:00 CST 1 Going home
sleepiness-50 Thu Jan 13 00:17:00 CST 1 Working
income+10 Thu Jan 13 00:17:00 CST 1 New Income
savings+10 Thu Jan 13 00:17:00 CST 1 Payment
sleepiness-50 Thu Jan 13 00:43:00 CST 1 Working
income+10 Thu Jan 13 00:43:00 CST 1 New Income
savings+10 Thu Jan 13 00:43:00 CST 1 Payment
sleepiness+100 Thu Jan 13 01:02:00 CST 1 Going home
sleepiness-50 Thu Jan 13 02:06:00 CST 1 Working
income+10 Thu Jan 13 02:06:00 CST 1 New Income
savings+10 Thu Jan 13 02:06:00 CST 1 Payment
sleepiness-50 Thu Jan 13 02:35:00 CST 1 Working
income+10 Thu Jan 13 02:35:00 CST 1 New Income
savings+10 Thu Jan 13 02:35:00 CST 1 Payment
sleepiness+100 Thu Jan 13 03:17:00 CST 1 Going home
sleepiness-50 Thu Jan 13 03:54:00 CST 1 Working
income+10 Thu Jan 13 03:54:00 CST 1 New Income
savings+10 Thu Jan 13 03:54:00 CST 1 Payment
sleepiness-50 Thu Jan 13 04:14:00 CST 1 Working
income+10 Thu Jan 13 04:14:00 CST 1 New Income
savings+10 Thu Jan 13 04:14:00 CST 1 Payment
thirst+90 Thu Jan 13 13:35:00 CST 1 Getting water
N/A+0 Sat Jan 15 00:00:00 CST 1 death
