age+0 Sat Jan 01 11:49:00 CST 1 creation
sleepiness-50 Sat Jan 01 11:50:00 CST 1 Working
income+10 Sat Jan 01 11:50:00 CST 1 New Income
debt-10 Sat Jan 01 11:50:00 CST 1 Payment
sleepiness-50 Sat Jan 01 12:03:00 CST 1 Working
income+10 Sat Jan 01 12:03:00 CST 1 New Income
debt-10 Sat Jan 01 12:03:00 CST 1 Payment
income+0 Sat Jan 01 12:09:00 CST 1 Bought a House
bills+0 Sat Jan 01 12:09:00 CST 1 Bought a House
taxes+0 Sat Jan 01 12:09:00 CST 1 Bought a House
savings+68 Sat Jan 01 12:09:00 CST 1 Bought a House
debt+32 Sat Jan 01 12:09:00 CST 1 Bought a House
companionship+10 Sat Jan 01 15:47:00 CST 1 Procreating
sleepiness-10 Sat Jan 01 15:47:00 CST 1 Procreating
thirst+90 Mon Jan 03 04:57:00 CST 1 Getting water
thirst+90 Sun Jan 09 10:47:00 CST 1 Getting water
sleepiness+100 Wed Jan 12 04:40:00 CST 1 Going home
sleepiness-50 Wed Jan 12 05:10:00 CST 1 Working
income+10 Wed Jan 12 05:10:00 CST 1 New Income
debt-10 Wed Jan 12 05:10:00 CST 1 Payment
sleepiness-50 Wed Jan 12 05:36:00 CST 1 Working
income+10 Wed Jan 12 05:36:00 CST 1 New Income
debt-10 Wed Jan 12 05:36:00 CST 1 Payment
sleepiness+100 Wed Jan 12 05:50:00 CST 1 Going home
sleepiness-50 Wed Jan 12 06:08:00 CST 1 Working
income+10 Wed Jan 12 06:08:00 CST 1 New Income
debt-10 Wed Jan 12 06:08:00 CST 1 Payment
sleepiness-50 Wed Jan 12 06:34:00 CST 1 Working
income+10 Wed Jan 12 06:34:00 CST 1 New Income
debt-10 Wed Jan 12 06:34:00 CST 1 Payment
sleepiness+100 Wed Jan 12 06:48:00 CST 1 Going home
sleepiness-50 Wed Jan 12 07:05:00 CST 1 Working
income+10 Wed Jan 12 07:05:00 CST 1 New Income
debt-10 Wed Jan 12 07:05:00 CST 1 Payment
sleepiness-50 Wed Jan 12 07:31:00 CST 1 Working
income+10 Wed Jan 12 07:31:00 CST 1 New Income
debt-10 Wed Jan 12 07:31:00 CST 1 Payment
sleepiness+100 Wed Jan 12 07:45:00 CST 1 Going home
sleepiness-50 Wed Jan 12 08:02:00 CST 1 Working
income+10 Wed Jan 12 08:02:00 CST 1 New Income
debt-10 Wed Jan 12 08:02:00 CST 1 Payment
sleepiness-50 Wed Jan 12 08:32:00 CST 1 Working
income+10 Wed Jan 12 08:32:00 CST 1 New Income
debt-10 Wed Jan 12 08:32:00 CST 1 Payment
sleepiness+100 Wed Jan 12 21:11:00 CST 1 Going home
sleepiness-50 Wed Jan 12 22:07:00 CST 1 Working
income+10 Wed Jan 12 22:07:00 CST 1 New Income
debt-10 Wed Jan 12 22:07:00 CST 1 Payment
sleepiness-50 Wed Jan 12 22:56:00 CST 1 Working
income+10 Wed Jan 12 22:56:00 CST 1 New Income
debt-10 Wed Jan 12 22:56:00 CST 1 Payment
sleepiness+100 Wed Jan 12 23:08:00 CST 1 Going home
sleepiness-50 Thu Jan 13 00:02:00 CST 1 Working
income+10 Thu Jan 13 00:02:00 CST 1 New Income
savings+10 Thu Jan 13 00:02:00 CST 1 Payment
sleepiness-50 Thu Jan 13 00:52:00 CST 1 Working
income+10 Thu Jan 13 00:52:00 CST 1 New Income
savings+10 Thu Jan 13 00:52:00 CST 1 Payment
sleepiness+100 Thu Jan 13 01:47:00 CST 1 Going home
sleepiness-50 Thu Jan 13 02:25:00 CST 1 Working
income+10 Thu Jan 13 02:25:00 CST 1 New Income
savings+10 Thu Jan 13 02:25:00 CST 1 Payment
sleepiness-50 Thu Jan 13 03:15:00 CST 1 Working
income+10 Thu Jan 13 03:15:00 CST 1 New Income
savings+10 Thu Jan 13 03:15:00 CST 1 Payment
sleepiness+100 Thu Jan 13 03:28:00 CST 1 Going home
sleepiness-50 Thu Jan 13 04:07:00 CST 1 Working
income+10 Thu Jan 13 04:07:00 CST 1 New Income
savings+10 Thu Jan 13 04:07:00 CST 1 Payment
sleepiness-50 Thu Jan 13 04:57:00 CST 1 Working
income+10 Thu Jan 13 04:57:00 CST 1 New Income
savings+10 Thu Jan 13 04:57:00 CST 1 Payment
sleepiness+100 Thu Jan 13 05:10:00 CST 1 Going home
sleepiness-50 Thu Jan 13 05:48:00 CST 1 Working
income+10 Thu Jan 13 05:48:00 CST 1 New Income
savings+10 Thu Jan 13 05:48:00 CST 1 Payment
sleepiness-50 Thu Jan 13 06:27:00 CST 1 Working
income+10 Thu Jan 13 06:27:00 CST 1 New Income
savings+10 Thu Jan 13 06:27:00 CST 1 Payment
sleepiness+100 Thu Jan 13 06:40:00 CST 1 Going home
sleepiness-50 Thu Jan 13 07:12:00 CST 1 Working
income+10 Thu Jan 13 07:12:00 CST 1 New Income
savings+10 Thu Jan 13 07:12:00 CST 1 Payment
sleepiness-50 Thu Jan 13 07:51:00 CST 1 Working
income+10 Thu Jan 13 07:51:00 CST 1 New Income
savings+10 Thu Jan 13 07:51:00 CST 1 Payment
sleepiness+100 Thu Jan 13 08:04:00 CST 1 Going home
sleepiness-50 Thu Jan 13 08:42:00 CST 1 Working
income+10 Thu Jan 13 08:42:00 CST 1 New Income
savings+10 Thu Jan 13 08:42:00 CST 1 Payment
sleepiness-50 Thu Jan 13 09:32:00 CST 1 Working
income+10 Thu Jan 13 09:32:00 CST 1 New Income
savings+10 Thu Jan 13 09:32:00 CST 1 Payment
sleepiness+100 Thu Jan 13 21:07:00 CST 1 Going home
sleepiness-50 Thu Jan 13 21:46:00 CST 1 Working
income+10 Thu Jan 13 21:46:00 CST 1 New Income
savings+10 Thu Jan 13 21:46:00 CST 1 Payment
sleepiness-50 Thu Jan 13 22:25:00 CST 1 Working
income+10 Thu Jan 13 22:25:00 CST 1 New Income
savings+10 Thu Jan 13 22:25:00 CST 1 Payment
sleepiness+100 Thu Jan 13 22:38:00 CST 1 Going home
sleepiness-50 Thu Jan 13 23:17:00 CST 1 Working
income+10 Thu Jan 13 23:17:00 CST 1 New Income
savings+10 Thu Jan 13 23:17:00 CST 1 Payment
sleepiness-50 Thu Jan 13 23:56:00 CST 1 Working
income+10 Thu Jan 13 23:56:00 CST 1 New Income
savings+10 Thu Jan 13 23:56:00 CST 1 Payment
sleepiness+100 Fri Jan 14 00:07:00 CST 1 Going home
sleepiness-50 Fri Jan 14 00:46:00 CST 1 Working
income+10 Fri Jan 14 00:46:00 CST 1 New Income
savings+10 Fri Jan 14 00:46:00 CST 1 Payment
sleepiness-50 Fri Jan 14 01:36:00 CST 1 Working
income+10 Fri Jan 14 01:36:00 CST 1 New Income
savings+10 Fri Jan 14 01:36:00 CST 1 Payment
sleepiness+100 Fri Jan 14 01:48:00 CST 1 Going home
sleepiness-50 Fri Jan 14 02:44:00 CST 1 Working
income+10 Fri Jan 14 02:44:00 CST 1 New Income
savings+10 Fri Jan 14 02:44:00 CST 1 Payment
sleepiness-50 Fri Jan 14 03:34:00 CST 1 Working
income+10 Fri Jan 14 03:34:00 CST 1 New Income
savings+10 Fri Jan 14 03:34:00 CST 1 Payment
sleepiness+100 Fri Jan 14 03:46:00 CST 1 Going home
sleepiness-50 Fri Jan 14 04:42:00 CST 1 Working
income+10 Fri Jan 14 04:42:00 CST 1 New Income
savings+10 Fri Jan 14 04:42:00 CST 1 Payment
sleepiness-50 Fri Jan 14 05:17:00 CST 1 Working
income+10 Fri Jan 14 05:17:00 CST 1 New Income
savings+10 Fri Jan 14 05:17:00 CST 1 Payment
sleepiness+100 Fri Jan 14 06:12:00 CST 1 Going home
sleepiness-50 Fri Jan 14 07:05:00 CST 1 Working
income+10 Fri Jan 14 07:05:00 CST 1 New Income
savings+10 Fri Jan 14 07:05:00 CST 1 Payment
sleepiness-50 Fri Jan 14 07:25:00 CST 1 Working
income+10 Fri Jan 14 07:25:00 CST 1 New Income
savings+10 Fri Jan 14 07:25:00 CST 1 Payment
sleepiness+100 Fri Jan 14 21:09:00 CST 1 Going home
sleepiness-50 Fri Jan 14 22:02:00 CST 1 Working
income+10 Fri Jan 14 22:02:00 CST 1 New Income
savings+10 Fri Jan 14 22:02:00 CST 1 Payment
sleepiness-50 Fri Jan 14 22:33:00 CST 1 Working
income+10 Fri Jan 14 22:33:00 CST 1 New Income
savings+10 Fri Jan 14 22:33:00 CST 1 Payment
sleepiness+100 Fri Jan 14 22:48:00 CST 1 Going home
sleepiness-50 Fri Jan 14 23:42:00 CST 1 Working
income+10 Fri Jan 14 23:42:00 CST 1 New Income
savings+10 Fri Jan 14 23:42:00 CST 1 Payment
sleepiness-50 Sat Jan 15 00:28:00 CST 1 Working
income+10 Sat Jan 15 00:28:00 CST 1 New Income
savings+10 Sat Jan 15 00:28:00 CST 1 Payment
sleepiness+100 Sat Jan 15 01:23:00 CST 1 Going home
sleepiness-50 Sat Jan 15 01:36:00 CST 1 Working
income+10 Sat Jan 15 01:36:00 CST 1 New Income
savings+10 Sat Jan 15 01:36:00 CST 1 Payment
sleepiness-50 Sat Jan 15 02:24:00 CST 1 Working
income+10 Sat Jan 15 02:24:00 CST 1 New Income
savings+10 Sat Jan 15 02:24:00 CST 1 Payment
sleepiness+100 Sat Jan 15 02:38:00 CST 1 Going home
sleepiness-50 Sat Jan 15 03:32:00 CST 1 Working
income+10 Sat Jan 15 03:32:00 CST 1 New Income
savings+10 Sat Jan 15 03:32:00 CST 1 Payment
sleepiness-50 Sat Jan 15 04:20:00 CST 1 Working
income+10 Sat Jan 15 04:20:00 CST 1 New Income
savings+10 Sat Jan 15 04:20:00 CST 1 Payment
