age+0 Sat Jan 01 11:16:00 CST 1 creation
sleepiness-50 Sat Jan 01 14:45:00 CST 1 Working
income+10 Sat Jan 01 14:45:00 CST 1 New Income
debt-10 Sat Jan 01 14:45:00 CST 1 Payment
sleepiness-50 Sat Jan 01 17:49:00 CST 1 Working
income+10 Sat Jan 01 17:49:00 CST 1 New Income
debt-10 Sat Jan 01 17:49:00 CST 1 Payment
sleepiness+100 Sat Jan 01 23:45:00 CST 1 Going home
sleepiness-50 Sun Jan 02 03:15:00 CST 1 Working
income+10 Sun Jan 02 03:15:00 CST 1 New Income
debt-10 Sun Jan 02 03:15:00 CST 1 Payment
sleepiness-50 Sun Jan 02 05:20:00 CST 1 Working
income+10 Sun Jan 02 05:20:00 CST 1 New Income
debt-10 Sun Jan 02 05:20:00 CST 1 Payment
sleepiness+100 Sun Jan 02 07:58:00 CST 1 Going home
sleepiness-50 Sun Jan 02 12:05:00 CST 1 Working
income+10 Sun Jan 02 12:05:00 CST 1 New Income
debt-10 Sun Jan 02 12:05:00 CST 1 Payment
sleepiness-50 Sun Jan 02 15:30:00 CST 1 Working
income+10 Sun Jan 02 15:30:00 CST 1 New Income
debt-10 Sun Jan 02 15:30:00 CST 1 Payment
sleepiness+100 Sun Jan 02 23:38:00 CST 1 Going home
sleepiness-50 Mon Jan 03 02:23:00 CST 1 Working
income+10 Mon Jan 03 02:23:00 CST 1 New Income
debt-10 Mon Jan 03 02:23:00 CST 1 Payment
sleepiness-50 Mon Jan 03 04:47:00 CST 1 Working
income+10 Mon Jan 03 04:47:00 CST 1 New Income
debt-10 Mon Jan 03 04:47:00 CST 1 Payment
sleepiness+100 Mon Jan 03 06:44:00 CST 1 Going home
sleepiness-50 Mon Jan 03 12:05:00 CST 1 Working
income+10 Mon Jan 03 12:05:00 CST 1 New Income
debt-10 Mon Jan 03 12:05:00 CST 1 Payment
income+0 Mon Jan 03 12:12:00 CST 1 Bought a House
bills+0 Mon Jan 03 12:12:00 CST 1 Bought a House
taxes+0 Mon Jan 03 12:12:00 CST 1 Bought a House
savings+70 Mon Jan 03 12:12:00 CST 1 Bought a House
debt+30 Mon Jan 03 12:12:00 CST 1 Bought a House
sleepiness-50 Mon Jan 03 13:56:00 CST 1 Working
income+10 Mon Jan 03 13:56:00 CST 1 New Income
debt-10 Mon Jan 03 13:56:00 CST 1 Payment
companionship+10 Thu Jan 06 03:35:00 CST 1 Procreating
sleepiness-10 Thu Jan 06 03:35:00 CST 1 Procreating
thirst+90 Sat Jan 08 17:27:00 CST 1 Getting water
thirst+90 Fri Jan 14 23:24:00 CST 1 Getting water
