age+0 Sat Jan 01 01:31:00 CST 1 creation
sleepiness-50 Sat Jan 01 05:01:00 CST 1 Working
income+10 Sat Jan 01 05:01:00 CST 1 New Income
debt-10 Sat Jan 01 05:01:00 CST 1 Payment
sleepiness-50 Sat Jan 01 07:03:00 CST 1 Working
income+10 Sat Jan 01 07:03:00 CST 1 New Income
debt-10 Sat Jan 01 07:03:00 CST 1 Payment
sleepiness+100 Sat Jan 01 09:40:00 CST 1 Going home
sleepiness-50 Sat Jan 01 11:31:00 CST 1 Working
income+10 Sat Jan 01 11:31:00 CST 1 New Income
debt-10 Sat Jan 01 11:31:00 CST 1 Payment
sleepiness-50 Sat Jan 01 12:57:00 CST 1 Working
income+10 Sat Jan 01 12:57:00 CST 1 New Income
debt-10 Sat Jan 01 12:57:00 CST 1 Payment
sleepiness+100 Sat Jan 01 22:23:00 CST 1 Going home
sleepiness-50 Sun Jan 02 01:57:00 CST 1 Working
income+10 Sun Jan 02 01:57:00 CST 1 New Income
debt-10 Sun Jan 02 01:57:00 CST 1 Payment
sleepiness-50 Sun Jan 02 06:44:00 CST 1 Working
income+10 Sun Jan 02 06:44:00 CST 1 New Income
debt-10 Sun Jan 02 06:44:00 CST 1 Payment
sleepiness+100 Sun Jan 02 11:34:00 CST 1 Going home
sleepiness-50 Sun Jan 02 14:25:00 CST 1 Working
income+10 Sun Jan 02 14:25:00 CST 1 New Income
debt-10 Sun Jan 02 14:25:00 CST 1 Payment
sleepiness-50 Sun Jan 02 14:45:00 CST 1 Working
income+10 Sun Jan 02 14:45:00 CST 1 New Income
debt-10 Sun Jan 02 14:45:00 CST 1 Payment
sleepiness+100 Sun Jan 02 23:37:00 CST 1 Going home
sleepiness-50 Mon Jan 03 02:19:00 CST 1 Working
income+10 Mon Jan 03 02:19:00 CST 1 New Income
debt-10 Mon Jan 03 02:19:00 CST 1 Payment
income+0 Mon Jan 03 03:08:00 CST 1 Bought a House
bills+0 Mon Jan 03 03:08:00 CST 1 Bought a House
taxes+0 Mon Jan 03 03:08:00 CST 1 Bought a House
savings+69 Mon Jan 03 03:08:00 CST 1 Bought a House
debt+31 Mon Jan 03 03:08:00 CST 1 Bought a House
sleepiness-50 Mon Jan 03 03:09:00 CST 1 Working
income+10 Mon Jan 03 03:09:00 CST 1 New Income
debt-10 Mon Jan 03 03:09:00 CST 1 Payment
thirst+90 Thu Jan 06 10:20:00 CST 1 Getting water
thirst+90 Wed Jan 12 16:13:00 CST 1 Getting water
companionship+10 Thu Jan 13 03:09:00 CST 1 Procreating
sleepiness-10 Thu Jan 13 03:09:00 CST 1 Procreating
