age+0 Sat Jan 01 11:16:00 CST 1 creation
sleepiness-50 Sat Jan 01 11:17:00 CST 1 Working
income+10 Sat Jan 01 11:17:00 CST 1 New Income
debt-10 Sat Jan 01 11:17:00 CST 1 Payment
income+0 Sat Jan 01 11:57:00 CST 1 Bought a House
bills+0 Sat Jan 01 11:57:00 CST 1 Bought a House
taxes+0 Sat Jan 01 11:57:00 CST 1 Bought a House
savings+35 Sat Jan 01 11:57:00 CST 1 Bought a House
debt+65 Sat Jan 01 11:57:00 CST 1 Bought a House
sleepiness-50 Sat Jan 01 11:58:00 CST 1 Working
income+10 Sat Jan 01 11:58:00 CST 1 New Income
debt-10 Sat Jan 01 11:58:00 CST 1 Payment
sleepiness+100 Wed Jan 05 23:07:00 CST 1 Going home
sleepiness-50 Wed Jan 05 23:57:00 CST 1 Working
income+10 Wed Jan 05 23:57:00 CST 1 New Income
debt-10 Wed Jan 05 23:57:00 CST 1 Payment
sleepiness-50 Thu Jan 06 00:02:00 CST 1 Working
income+10 Thu Jan 06 00:02:00 CST 1 New Income
debt-10 Thu Jan 06 00:02:00 CST 1 Payment
sleepiness+100 Thu Jan 06 00:10:00 CST 1 Going home
sleepiness-50 Thu Jan 06 01:01:00 CST 1 Working
income+10 Thu Jan 06 01:01:00 CST 1 New Income
debt-10 Thu Jan 06 01:01:00 CST 1 Payment
sleepiness-50 Thu Jan 06 01:08:00 CST 1 Working
income+10 Thu Jan 06 01:08:00 CST 1 New Income
debt-10 Thu Jan 06 01:08:00 CST 1 Payment
sleepiness+100 Thu Jan 06 01:16:00 CST 1 Going home
sleepiness-50 Thu Jan 06 02:07:00 CST 1 Working
income+10 Thu Jan 06 02:07:00 CST 1 New Income
debt-10 Thu Jan 06 02:07:00 CST 1 Payment
sleepiness-50 Thu Jan 06 02:21:00 CST 1 Working
income+10 Thu Jan 06 02:21:00 CST 1 New Income
debt-10 Thu Jan 06 02:21:00 CST 1 Payment
sleepiness+100 Thu Jan 06 02:56:00 CST 1 Going home
sleepiness-50 Thu Jan 06 03:10:00 CST 1 Working
income+10 Thu Jan 06 03:10:00 CST 1 New Income
debt-10 Thu Jan 06 03:10:00 CST 1 Payment
sleepiness-50 Thu Jan 06 03:42:00 CST 1 Working
income+10 Thu Jan 06 03:42:00 CST 1 New Income
debt-10 Thu Jan 06 03:42:00 CST 1 Payment
sleepiness+100 Thu Jan 06 03:58:00 CST 1 Going home
sleepiness-50 Thu Jan 06 04:54:00 CST 1 Working
income+10 Thu Jan 06 04:54:00 CST 1 New Income
debt-10 Thu Jan 06 04:54:00 CST 1 Payment
sleepiness-50 Thu Jan 06 05:27:00 CST 1 Working
income+10 Thu Jan 06 05:27:00 CST 1 New Income
savings+10 Thu Jan 06 05:27:00 CST 1 Payment
sleepiness+100 Thu Jan 06 05:43:00 CST 1 Going home
sleepiness-50 Thu Jan 06 06:39:00 CST 1 Working
income+10 Thu Jan 06 06:39:00 CST 1 New Income
savings+10 Thu Jan 06 06:39:00 CST 1 Payment
sleepiness-50 Thu Jan 06 06:06:00 CST 1 Working
income+10 Thu Jan 06 06:06:00 CST 1 New Income
savings+10 Thu Jan 06 06:06:00 CST 1 Payment
sleepiness+100 Thu Jan 06 06:24:00 CST 1 Going home
sleepiness-50 Thu Jan 06 07:39:00 CST 1 Working
income+10 Thu Jan 06 07:39:00 CST 1 New Income
savings+10 Thu Jan 06 07:39:00 CST 1 Payment
sleepiness-50 Thu Jan 06 07:06:00 CST 1 Working
income+10 Thu Jan 06 07:06:00 CST 1 New Income
savings+10 Thu Jan 06 07:06:00 CST 1 Payment
sleepiness+100 Thu Jan 06 07:24:00 CST 1 Going home
sleepiness-50 Thu Jan 06 08:39:00 CST 1 Working
income+10 Thu Jan 06 08:39:00 CST 1 New Income
savings+10 Thu Jan 06 08:39:00 CST 1 Payment
sleepiness-50 Thu Jan 06 08:10:00 CST 1 Working
income+10 Thu Jan 06 08:10:00 CST 1 New Income
savings+10 Thu Jan 06 08:10:00 CST 1 Payment
thirst+90 Thu Jan 06 12:19:00 CST 1 Getting water
sleepiness+100 Thu Jan 06 21:49:00 CST 1 Going home
sleepiness-50 Thu Jan 06 22:18:00 CST 1 Working
income+10 Thu Jan 06 22:18:00 CST 1 New Income
savings+10 Thu Jan 06 22:18:00 CST 1 Payment
sleepiness-50 Thu Jan 06 22:51:00 CST 1 Working
income+10 Thu Jan 06 22:51:00 CST 1 New Income
savings+10 Thu Jan 06 22:51:00 CST 1 Payment
sleepiness+100 Thu Jan 06 23:07:00 CST 1 Going home
sleepiness-50 Fri Jan 07 00:03:00 CST 1 Working
income+10 Fri Jan 07 00:03:00 CST 1 New Income
savings+10 Fri Jan 07 00:03:00 CST 1 Payment
sleepiness-50 Fri Jan 07 00:36:00 CST 1 Working
income+10 Fri Jan 07 00:36:00 CST 1 New Income
savings+10 Fri Jan 07 00:36:00 CST 1 Payment
sleepiness+100 Fri Jan 07 00:52:00 CST 1 Going home
sleepiness-50 Fri Jan 07 01:50:00 CST 1 Working
income+10 Fri Jan 07 01:50:00 CST 1 New Income
savings+10 Fri Jan 07 01:50:00 CST 1 Payment
sleepiness-50 Fri Jan 07 02:22:00 CST 1 Working
income+10 Fri Jan 07 02:22:00 CST 1 New Income
savings+10 Fri Jan 07 02:22:00 CST 1 Payment
sleepiness+100 Fri Jan 07 02:38:00 CST 1 Going home
sleepiness-50 Fri Jan 07 03:36:00 CST 1 Working
income+10 Fri Jan 07 03:36:00 CST 1 New Income
savings+10 Fri Jan 07 03:36:00 CST 1 Payment
sleepiness-50 Fri Jan 07 04:08:00 CST 1 Working
income+10 Fri Jan 07 04:08:00 CST 1 New Income
savings+10 Fri Jan 07 04:08:00 CST 1 Payment
sleepiness+100 Fri Jan 07 04:24:00 CST 1 Going home
sleepiness-50 Fri Jan 07 05:22:00 CST 1 Working
income+10 Fri Jan 07 05:22:00 CST 1 New Income
savings+10 Fri Jan 07 05:22:00 CST 1 Payment
sleepiness-50 Fri Jan 07 05:55:00 CST 1 Working
income+10 Fri Jan 07 05:55:00 CST 1 New Income
savings+10 Fri Jan 07 05:55:00 CST 1 Payment
sleepiness+100 Fri Jan 07 06:11:00 CST 1 Going home
sleepiness-50 Fri Jan 07 07:09:00 CST 1 Working
income+10 Fri Jan 07 07:09:00 CST 1 New Income
savings+10 Fri Jan 07 07:09:00 CST 1 Payment
sleepiness-50 Fri Jan 07 07:42:00 CST 1 Working
income+10 Fri Jan 07 07:42:00 CST 1 New Income
savings+10 Fri Jan 07 07:42:00 CST 1 Payment
sleepiness+100 Fri Jan 07 07:58:00 CST 1 Going home
sleepiness-50 Fri Jan 07 08:56:00 CST 1 Working
income+10 Fri Jan 07 08:56:00 CST 1 New Income
savings+10 Fri Jan 07 08:56:00 CST 1 Payment
sleepiness-50 Fri Jan 07 09:29:00 CST 1 Working
income+10 Fri Jan 07 09:29:00 CST 1 New Income
savings+10 Fri Jan 07 09:29:00 CST 1 Payment
sleepiness+100 Fri Jan 07 21:10:00 CST 1 Going home
sleepiness-50 Fri Jan 07 22:08:00 CST 1 Working
income+10 Fri Jan 07 22:08:00 CST 1 New Income
savings+10 Fri Jan 07 22:08:00 CST 1 Payment
sleepiness-50 Fri Jan 07 22:41:00 CST 1 Working
income+10 Fri Jan 07 22:41:00 CST 1 New Income
savings+10 Fri Jan 07 22:41:00 CST 1 Payment
sleepiness+100 Fri Jan 07 22:57:00 CST 1 Going home
sleepiness-50 Fri Jan 07 23:55:00 CST 1 Working
income+10 Fri Jan 07 23:55:00 CST 1 New Income
savings+10 Fri Jan 07 23:55:00 CST 1 Payment
sleepiness-50 Sat Jan 08 00:26:00 CST 1 Working
income+10 Sat Jan 08 00:26:00 CST 1 New Income
savings+10 Sat Jan 08 00:26:00 CST 1 Payment
sleepiness+100 Sat Jan 08 00:42:00 CST 1 Going home
sleepiness-50 Sat Jan 08 01:40:00 CST 1 Working
income+10 Sat Jan 08 01:40:00 CST 1 New Income
savings+10 Sat Jan 08 01:40:00 CST 1 Payment
sleepiness-50 Sat Jan 08 02:12:00 CST 1 Working
income+10 Sat Jan 08 02:12:00 CST 1 New Income
savings+10 Sat Jan 08 02:12:00 CST 1 Payment
trust+10 Sat Jan 08 03:57:00 CST 1 Voting
sleepiness+100 Sat Jan 08 05:43:00 CST 1 Going home
sleepiness-50 Sat Jan 08 06:26:00 CST 1 Working
income+10 Sat Jan 08 06:26:00 CST 1 New Income
savings+10 Sat Jan 08 06:26:00 CST 1 Payment
sleepiness-50 Sat Jan 08 06:33:00 CST 1 Working
income+10 Sat Jan 08 06:33:00 CST 1 New Income
savings+10 Sat Jan 08 06:33:00 CST 1 Payment
sleepiness+100 Sat Jan 08 06:50:00 CST 1 Going home
sleepiness-50 Sat Jan 08 07:26:00 CST 1 Working
income+10 Sat Jan 08 07:26:00 CST 1 New Income
savings+10 Sat Jan 08 07:26:00 CST 1 Payment
sleepiness-50 Sat Jan 08 07:33:00 CST 1 Working
income+10 Sat Jan 08 07:33:00 CST 1 New Income
savings+10 Sat Jan 08 07:33:00 CST 1 Payment
sleepiness+100 Sat Jan 08 07:50:00 CST 1 Going home
sleepiness-50 Sat Jan 08 08:26:00 CST 1 Working
income+10 Sat Jan 08 08:26:00 CST 1 New Income
savings+10 Sat Jan 08 08:26:00 CST 1 Payment
sleepiness-50 Sat Jan 08 08:33:00 CST 1 Working
income+10 Sat Jan 08 08:33:00 CST 1 New Income
savings+10 Sat Jan 08 08:33:00 CST 1 Payment
sleepiness+100 Sat Jan 08 21:11:00 CST 1 Going home
sleepiness-50 Sat Jan 08 21:47:00 CST 1 Working
income+10 Sat Jan 08 21:47:00 CST 1 New Income
savings+10 Sat Jan 08 21:47:00 CST 1 Payment
sleepiness-50 Sat Jan 08 21:54:00 CST 1 Working
income+10 Sat Jan 08 21:54:00 CST 1 New Income
savings+10 Sat Jan 08 21:54:00 CST 1 Payment
sleepiness+100 Sat Jan 08 22:11:00 CST 1 Going home
sleepiness-50 Sat Jan 08 22:47:00 CST 1 Working
income+10 Sat Jan 08 22:47:00 CST 1 New Income
savings+10 Sat Jan 08 22:47:00 CST 1 Payment
sleepiness-50 Sat Jan 08 22:54:00 CST 1 Working
income+10 Sat Jan 08 22:54:00 CST 1 New Income
savings+10 Sat Jan 08 22:54:00 CST 1 Payment
sleepiness+100 Sat Jan 08 23:11:00 CST 1 Going home
sleepiness-50 Sat Jan 08 23:47:00 CST 1 Working
income+10 Sat Jan 08 23:47:00 CST 1 New Income
savings+10 Sat Jan 08 23:47:00 CST 1 Payment
sleepiness-50 Sat Jan 08 23:54:00 CST 1 Working
income+10 Sat Jan 08 23:54:00 CST 1 New Income
savings+10 Sat Jan 08 23:54:00 CST 1 Payment
sleepiness+100 Sun Jan 09 00:09:00 CST 1 Going home
sleepiness-50 Sun Jan 09 00:45:00 CST 1 Working
income+10 Sun Jan 09 00:45:00 CST 1 New Income
savings+10 Sun Jan 09 00:45:00 CST 1 Payment
sleepiness-50 Sun Jan 09 00:52:00 CST 1 Working
income+10 Sun Jan 09 00:52:00 CST 1 New Income
savings+10 Sun Jan 09 00:52:00 CST 1 Payment
sleepiness+100 Sun Jan 09 01:09:00 CST 1 Going home
sleepiness-50 Sun Jan 09 01:45:00 CST 1 Working
income+10 Sun Jan 09 01:45:00 CST 1 New Income
savings+10 Sun Jan 09 01:45:00 CST 1 Payment
sleepiness-50 Sun Jan 09 01:52:00 CST 1 Working
income+10 Sun Jan 09 01:52:00 CST 1 New Income
savings+10 Sun Jan 09 01:52:00 CST 1 Payment
sleepiness+100 Sun Jan 09 02:09:00 CST 1 Going home
sleepiness-50 Sun Jan 09 02:45:00 CST 1 Working
income+10 Sun Jan 09 02:45:00 CST 1 New Income
savings+10 Sun Jan 09 02:45:00 CST 1 Payment
sleepiness-50 Sun Jan 09 02:52:00 CST 1 Working
income+10 Sun Jan 09 02:52:00 CST 1 New Income
savings+10 Sun Jan 09 02:52:00 CST 1 Payment
sleepiness+100 Sun Jan 09 03:09:00 CST 1 Going home
sleepiness-50 Sun Jan 09 03:45:00 CST 1 Working
income+10 Sun Jan 09 03:45:00 CST 1 New Income
savings+10 Sun Jan 09 03:45:00 CST 1 Payment
sleepiness-50 Sun Jan 09 03:52:00 CST 1 Working
income+10 Sun Jan 09 03:52:00 CST 1 New Income
savings+10 Sun Jan 09 03:52:00 CST 1 Payment
sleepiness+100 Thu Jan 13 23:13:00 CST 1 Going home
sleepiness-50 Thu Jan 13 23:30:00 CST 1 Working
income+10 Thu Jan 13 23:30:00 CST 1 New Income
savings+10 Thu Jan 13 23:30:00 CST 1 Payment
sleepiness-50 Fri Jan 14 00:00:00 CST 1 Working
income+10 Fri Jan 14 00:00:00 CST 1 New Income
savings+10 Fri Jan 14 00:00:00 CST 1 Payment
sleepiness+100 Fri Jan 14 00:09:00 CST 1 Going home
sleepiness-50 Fri Jan 14 00:25:00 CST 1 Working
income+10 Fri Jan 14 00:25:00 CST 1 New Income
savings+10 Fri Jan 14 00:25:00 CST 1 Payment
sleepiness-50 Fri Jan 14 00:58:00 CST 1 Working
income+10 Fri Jan 14 00:58:00 CST 1 New Income
savings+10 Fri Jan 14 00:58:00 CST 1 Payment
sleepiness+100 Fri Jan 14 01:10:00 CST 1 Going home
sleepiness-50 Fri Jan 14 02:04:00 CST 1 Working
income+10 Fri Jan 14 02:04:00 CST 1 New Income
savings+10 Fri Jan 14 02:04:00 CST 1 Payment
sleepiness-50 Fri Jan 14 02:37:00 CST 1 Working
income+10 Fri Jan 14 02:37:00 CST 1 New Income
savings+10 Fri Jan 14 02:37:00 CST 1 Payment
sleepiness+100 Fri Jan 14 02:46:00 CST 1 Going home
sleepiness-50 Fri Jan 14 03:03:00 CST 1 Working
income+10 Fri Jan 14 03:03:00 CST 1 New Income
savings+10 Fri Jan 14 03:03:00 CST 1 Payment
sleepiness-50 Fri Jan 14 03:40:00 CST 1 Working
income+10 Fri Jan 14 03:40:00 CST 1 New Income
savings+10 Fri Jan 14 03:40:00 CST 1 Payment
sleepiness+100 Fri Jan 14 04:38:00 CST 1 Going home
sleepiness-50 Fri Jan 14 05:33:00 CST 1 Working
income+10 Fri Jan 14 05:33:00 CST 1 New Income
savings+10 Fri Jan 14 05:33:00 CST 1 Payment
sleepiness-50 Fri Jan 14 05:50:00 CST 1 Working
income+10 Fri Jan 14 05:50:00 CST 1 New Income
savings+10 Fri Jan 14 05:50:00 CST 1 Payment
sleepiness+100 Fri Jan 14 06:52:00 CST 1 Going home
sleepiness-50 Fri Jan 14 07:18:00 CST 1 Working
income+10 Fri Jan 14 07:18:00 CST 1 New Income
savings+10 Fri Jan 14 07:18:00 CST 1 Payment
sleepiness-50 Fri Jan 14 07:51:00 CST 1 Working
income+10 Fri Jan 14 07:51:00 CST 1 New Income
savings+10 Fri Jan 14 07:51:00 CST 1 Payment
sleepiness+100 Fri Jan 14 08:07:00 CST 1 Going home
sleepiness-50 Fri Jan 14 08:33:00 CST 1 Working
income+10 Fri Jan 14 08:33:00 CST 1 New Income
savings+10 Fri Jan 14 08:33:00 CST 1 Payment
sleepiness-50 Fri Jan 14 09:10:00 CST 1 Working
income+10 Fri Jan 14 09:10:00 CST 1 New Income
savings+10 Fri Jan 14 09:10:00 CST 1 Payment
thirst+90 Fri Jan 14 13:21:00 CST 1 Getting water
sleepiness+100 Fri Jan 14 21:25:00 CST 1 Going home
sleepiness-50 Fri Jan 14 22:20:00 CST 1 Working
income+10 Fri Jan 14 22:20:00 CST 1 New Income
savings+10 Fri Jan 14 22:20:00 CST 1 Payment
sleepiness-50 Fri Jan 14 23:08:00 CST 1 Working
income+10 Fri Jan 14 23:08:00 CST 1 New Income
savings+10 Fri Jan 14 23:08:00 CST 1 Payment
sleepiness+100 Fri Jan 14 23:22:00 CST 1 Going home
sleepiness-50 Fri Jan 14 23:42:00 CST 1 Working
income+10 Fri Jan 14 23:42:00 CST 1 New Income
savings+10 Fri Jan 14 23:42:00 CST 1 Payment
sleepiness-50 Sat Jan 15 00:28:00 CST 1 Working
income+10 Sat Jan 15 00:28:00 CST 1 New Income
savings+10 Sat Jan 15 00:28:00 CST 1 Payment
sleepiness+100 Sat Jan 15 01:22:00 CST 1 Going home
sleepiness-50 Sat Jan 15 01:52:00 CST 1 Working
income+10 Sat Jan 15 01:52:00 CST 1 New Income
savings+10 Sat Jan 15 01:52:00 CST 1 Payment
sleepiness-50 Sat Jan 15 02:39:00 CST 1 Working
income+10 Sat Jan 15 02:39:00 CST 1 New Income
savings+10 Sat Jan 15 02:39:00 CST 1 Payment
sleepiness+100 Sat Jan 15 03:32:00 CST 1 Going home
sleepiness-50 Sat Jan 15 04:02:00 CST 1 Working
income+10 Sat Jan 15 04:02:00 CST 1 New Income
savings+10 Sat Jan 15 04:02:00 CST 1 Payment
sleepiness-50 Sat Jan 15 04:49:00 CST 1 Working
income+10 Sat Jan 15 04:49:00 CST 1 New Income
savings+10 Sat Jan 15 04:49:00 CST 1 Payment
sleepiness+100 Sat Jan 15 05:42:00 CST 1 Going home
sleepiness-50 Sat Jan 15 06:14:00 CST 1 Working
income+10 Sat Jan 15 06:14:00 CST 1 New Income
savings+10 Sat Jan 15 06:14:00 CST 1 Payment
sleepiness-50 Sat Jan 15 07:06:00 CST 1 Working
income+10 Sat Jan 15 07:06:00 CST 1 New Income
savings+10 Sat Jan 15 07:06:00 CST 1 Payment
sleepiness+100 Sat Jan 15 07:24:00 CST 1 Going home
sleepiness-50 Sat Jan 15 07:50:00 CST 1 Working
income+10 Sat Jan 15 07:50:00 CST 1 New Income
savings+10 Sat Jan 15 07:50:00 CST 1 Payment
sleepiness-50 Sat Jan 15 08:36:00 CST 1 Working
income+10 Sat Jan 15 08:36:00 CST 1 New Income
savings+10 Sat Jan 15 08:36:00 CST 1 Payment
