age+0 Sat Jan 01 01:31:00 CST 1 creation
sleepiness-50 Sat Jan 01 04:42:00 CST 1 Working
income+10 Sat Jan 01 04:42:00 CST 1 New Income
debt-10 Sat Jan 01 04:42:00 CST 1 Payment
sleepiness-50 Sat Jan 01 06:57:00 CST 1 Working
income+10 Sat Jan 01 06:57:00 CST 1 New Income
debt-10 Sat Jan 01 06:57:00 CST 1 Payment
sleepiness+100 Sat Jan 01 09:34:00 CST 1 Going home
sleepiness-50 Sat Jan 01 11:07:00 CST 1 Working
income+10 Sat Jan 01 11:07:00 CST 1 New Income
debt-10 Sat Jan 01 11:07:00 CST 1 Payment
sleepiness-50 Sat Jan 01 15:32:00 CST 1 Working
income+10 Sat Jan 01 15:32:00 CST 1 New Income
savings+10 Sat Jan 01 15:32:00 CST 1 Payment
income+0 Sat Jan 01 16:21:00 CST 1 Bought a House
bills+0 Sat Jan 01 16:21:00 CST 1 Bought a House
taxes+0 Sat Jan 01 16:21:00 CST 1 Bought a House
savings+36 Sat Jan 01 16:21:00 CST 1 Bought a House
debt+64 Sat Jan 01 16:21:00 CST 1 Bought a House
companionship+10 Thu Jan 06 04:40:00 CST 1 Procreating
sleepiness-10 Thu Jan 06 04:40:00 CST 1 Procreating
thirst+90 Thu Jan 06 14:39:00 CST 1 Getting water
thirst+90 Wed Jan 12 20:29:00 CST 1 Getting water
sleepiness+100 Fri Jan 14 07:58:00 CST 1 Going home
sleepiness-50 Fri Jan 14 13:16:00 CST 1 Working
income+10 Fri Jan 14 13:16:00 CST 1 New Income
debt-10 Fri Jan 14 13:16:00 CST 1 Payment
sleepiness-50 Fri Jan 14 16:17:00 CST 1 Working
income+10 Fri Jan 14 16:17:00 CST 1 New Income
debt-10 Fri Jan 14 16:17:00 CST 1 Payment
sleepiness+100 Fri Jan 14 23:21:00 CST 1 Going home
sleepiness-50 Sat Jan 15 02:05:00 CST 1 Working
income+10 Sat Jan 15 02:05:00 CST 1 New Income
debt-10 Sat Jan 15 02:05:00 CST 1 Payment
