age+0 Wed Jan 05 01:28:00 CST 1 creation
sleepiness-50 Wed Jan 05 01:30:00 CST 1 Working
income+10 Wed Jan 05 01:30:00 CST 1 New Income
debt-10 Wed Jan 05 01:30:00 CST 1 Payment
sleepiness-50 Wed Jan 05 01:56:00 CST 1 Working
income+10 Wed Jan 05 01:56:00 CST 1 New Income
debt-10 Wed Jan 05 01:56:00 CST 1 Payment
thirst+90 Wed Jan 05 21:03:00 CST 1 Getting water
sleepiness+100 Sun Jan 09 06:53:00 CST 1 Going home
sleepiness-50 Sun Jan 09 07:08:00 CST 1 Working
income+10 Sun Jan 09 07:08:00 CST 1 New Income
debt-10 Sun Jan 09 07:08:00 CST 1 Payment
sleepiness-50 Sun Jan 09 07:15:00 CST 1 Working
income+10 Sun Jan 09 07:15:00 CST 1 New Income
debt-10 Sun Jan 09 07:15:00 CST 1 Payment
sleepiness+100 Sun Jan 09 07:26:00 CST 1 Going home
sleepiness-50 Sun Jan 09 08:18:00 CST 1 Working
income+10 Sun Jan 09 08:18:00 CST 1 New Income
savings+10 Sun Jan 09 08:18:00 CST 1 Payment
sleepiness-50 Sun Jan 09 08:25:00 CST 1 Working
income+10 Sun Jan 09 08:25:00 CST 1 New Income
savings+10 Sun Jan 09 08:25:00 CST 1 Payment
sleepiness+100 Sun Jan 09 21:05:00 CST 1 Going home
sleepiness-50 Sun Jan 09 21:46:00 CST 1 Working
income+10 Sun Jan 09 21:46:00 CST 1 New Income
savings+10 Sun Jan 09 21:46:00 CST 1 Payment
sleepiness-50 Sun Jan 09 21:57:00 CST 1 Working
income+10 Sun Jan 09 21:57:00 CST 1 New Income
savings+10 Sun Jan 09 21:57:00 CST 1 Payment
sleepiness+100 Sun Jan 09 22:53:00 CST 1 Going home
sleepiness-50 Sun Jan 09 23:17:00 CST 1 Working
income+10 Sun Jan 09 23:17:00 CST 1 New Income
savings+10 Sun Jan 09 23:17:00 CST 1 Payment
sleepiness-50 Mon Jan 10 00:05:00 CST 1 Working
income+10 Mon Jan 10 00:05:00 CST 1 New Income
savings+10 Mon Jan 10 00:05:00 CST 1 Payment
sleepiness+100 Mon Jan 10 00:19:00 CST 1 Going home
sleepiness-50 Mon Jan 10 00:43:00 CST 1 Working
income+10 Mon Jan 10 00:43:00 CST 1 New Income
savings+10 Mon Jan 10 00:43:00 CST 1 Payment
sleepiness-50 Mon Jan 10 01:33:00 CST 1 Working
income+10 Mon Jan 10 01:33:00 CST 1 New Income
savings+10 Mon Jan 10 01:33:00 CST 1 Payment
sleepiness+100 Mon Jan 10 01:47:00 CST 1 Going home
sleepiness-50 Mon Jan 10 02:13:00 CST 1 Working
income+10 Mon Jan 10 02:13:00 CST 1 New Income
savings+10 Mon Jan 10 02:13:00 CST 1 Payment
sleepiness-50 Mon Jan 10 02:52:00 CST 1 Working
income+10 Mon Jan 10 02:52:00 CST 1 New Income
savings+10 Mon Jan 10 02:52:00 CST 1 Payment
sleepiness+100 Mon Jan 10 03:06:00 CST 1 Going home
sleepiness-50 Mon Jan 10 04:01:00 CST 1 Working
income+10 Mon Jan 10 04:01:00 CST 1 New Income
savings+10 Mon Jan 10 04:01:00 CST 1 Payment
sleepiness-50 Mon Jan 10 04:40:00 CST 1 Working
income+10 Mon Jan 10 04:40:00 CST 1 New Income
savings+10 Mon Jan 10 04:40:00 CST 1 Payment
sleepiness+100 Mon Jan 10 04:54:00 CST 1 Going home
sleepiness-50 Mon Jan 10 05:49:00 CST 1 Working
income+10 Mon Jan 10 05:49:00 CST 1 New Income
savings+10 Mon Jan 10 05:49:00 CST 1 Payment
sleepiness-50 Mon Jan 10 06:27:00 CST 1 Working
income+10 Mon Jan 10 06:27:00 CST 1 New Income
savings+10 Mon Jan 10 06:27:00 CST 1 Payment
sleepiness+100 Mon Jan 10 06:41:00 CST 1 Going home
sleepiness-50 Mon Jan 10 07:36:00 CST 1 Working
income+10 Mon Jan 10 07:36:00 CST 1 New Income
savings+10 Mon Jan 10 07:36:00 CST 1 Payment
sleepiness-50 Mon Jan 10 08:26:00 CST 1 Working
income+10 Mon Jan 10 08:26:00 CST 1 New Income
savings+10 Mon Jan 10 08:26:00 CST 1 Payment
sleepiness+100 Mon Jan 10 21:08:00 CST 1 Going home
sleepiness-50 Mon Jan 10 22:03:00 CST 1 Working
income+10 Mon Jan 10 22:03:00 CST 1 New Income
savings+10 Mon Jan 10 22:03:00 CST 1 Payment
sleepiness-50 Mon Jan 10 22:42:00 CST 1 Working
income+10 Mon Jan 10 22:42:00 CST 1 New Income
savings+10 Mon Jan 10 22:42:00 CST 1 Payment
sleepiness+100 Mon Jan 10 22:56:00 CST 1 Going home
sleepiness-50 Mon Jan 10 23:51:00 CST 1 Working
income+10 Mon Jan 10 23:51:00 CST 1 New Income
savings+10 Mon Jan 10 23:51:00 CST 1 Payment
sleepiness-50 Tue Jan 11 00:39:00 CST 1 Working
income+10 Tue Jan 11 00:39:00 CST 1 New Income
savings+10 Tue Jan 11 00:39:00 CST 1 Payment
sleepiness+100 Tue Jan 11 00:53:00 CST 1 Going home
sleepiness-50 Tue Jan 11 01:48:00 CST 1 Working
income+10 Tue Jan 11 01:48:00 CST 1 New Income
savings+10 Tue Jan 11 01:48:00 CST 1 Payment
sleepiness-50 Tue Jan 11 02:38:00 CST 1 Working
income+10 Tue Jan 11 02:38:00 CST 1 New Income
savings+10 Tue Jan 11 02:38:00 CST 1 Payment
sleepiness+100 Tue Jan 11 02:52:00 CST 1 Going home
sleepiness-50 Tue Jan 11 03:47:00 CST 1 Working
income+10 Tue Jan 11 03:47:00 CST 1 New Income
savings+10 Tue Jan 11 03:47:00 CST 1 Payment
sleepiness-50 Tue Jan 11 04:37:00 CST 1 Working
income+10 Tue Jan 11 04:37:00 CST 1 New Income
savings+10 Tue Jan 11 04:37:00 CST 1 Payment
sleepiness+100 Tue Jan 11 04:51:00 CST 1 Going home
sleepiness-50 Tue Jan 11 05:46:00 CST 1 Working
income+10 Tue Jan 11 05:46:00 CST 1 New Income
savings+10 Tue Jan 11 05:46:00 CST 1 Payment
sleepiness-50 Tue Jan 11 06:25:00 CST 1 Working
income+10 Tue Jan 11 06:25:00 CST 1 New Income
savings+10 Tue Jan 11 06:25:00 CST 1 Payment
sleepiness+100 Tue Jan 11 06:39:00 CST 1 Going home
sleepiness-50 Tue Jan 11 07:34:00 CST 1 Working
income+10 Tue Jan 11 07:34:00 CST 1 New Income
savings+10 Tue Jan 11 07:34:00 CST 1 Payment
sleepiness-50 Tue Jan 11 08:24:00 CST 1 Working
income+10 Tue Jan 11 08:24:00 CST 1 New Income
savings+10 Tue Jan 11 08:24:00 CST 1 Payment
sleepiness+100 Tue Jan 11 21:08:00 CST 1 Going home
sleepiness-50 Tue Jan 11 22:05:00 CST 1 Working
income+10 Tue Jan 11 22:05:00 CST 1 New Income
savings+10 Tue Jan 11 22:05:00 CST 1 Payment
sleepiness-50 Tue Jan 11 22:25:00 CST 1 Working
income+10 Tue Jan 11 22:25:00 CST 1 New Income
savings+10 Tue Jan 11 22:25:00 CST 1 Payment
sleepiness+100 Tue Jan 11 22:41:00 CST 1 Going home
sleepiness-50 Tue Jan 11 23:21:00 CST 1 Working
income+10 Tue Jan 11 23:21:00 CST 1 New Income
savings+10 Tue Jan 11 23:21:00 CST 1 Payment
sleepiness-50 Tue Jan 11 23:41:00 CST 1 Working
income+10 Tue Jan 11 23:41:00 CST 1 New Income
savings+10 Tue Jan 11 23:41:00 CST 1 Payment
sleepiness+100 Tue Jan 11 23:57:00 CST 1 Going home
sleepiness-50 Wed Jan 12 00:36:00 CST 1 Working
income+10 Wed Jan 12 00:36:00 CST 1 New Income
savings+10 Wed Jan 12 00:36:00 CST 1 Payment
sleepiness-50 Wed Jan 12 00:43:00 CST 1 Working
income+10 Wed Jan 12 00:43:00 CST 1 New Income
savings+10 Wed Jan 12 00:43:00 CST 1 Payment
sleepiness+100 Wed Jan 12 00:56:00 CST 1 Going home
sleepiness-50 Wed Jan 12 01:11:00 CST 1 Working
income+10 Wed Jan 12 01:11:00 CST 1 New Income
savings+10 Wed Jan 12 01:11:00 CST 1 Payment
sleepiness-50 Wed Jan 12 01:18:00 CST 1 Working
income+10 Wed Jan 12 01:18:00 CST 1 New Income
savings+10 Wed Jan 12 01:18:00 CST 1 Payment
sleepiness+100 Wed Jan 12 01:31:00 CST 1 Going home
sleepiness-50 Wed Jan 12 01:46:00 CST 1 Working
income+10 Wed Jan 12 01:46:00 CST 1 New Income
savings+10 Wed Jan 12 01:46:00 CST 1 Payment
sleepiness-50 Wed Jan 12 02:39:00 CST 1 Working
income+10 Wed Jan 12 02:39:00 CST 1 New Income
savings+10 Wed Jan 12 02:39:00 CST 1 Payment
sleepiness+100 Wed Jan 12 03:39:00 CST 1 Going home
sleepiness-50 Wed Jan 12 03:57:00 CST 1 Working
income+10 Wed Jan 12 03:57:00 CST 1 New Income
savings+10 Wed Jan 12 03:57:00 CST 1 Payment
sleepiness-50 Wed Jan 12 04:17:00 CST 1 Working
income+10 Wed Jan 12 04:17:00 CST 1 New Income
savings+10 Wed Jan 12 04:17:00 CST 1 Payment
sleepiness+100 Wed Jan 12 04:33:00 CST 1 Going home
sleepiness-50 Wed Jan 12 05:14:00 CST 1 Working
income+10 Wed Jan 12 05:14:00 CST 1 New Income
savings+10 Wed Jan 12 05:14:00 CST 1 Payment
sleepiness-50 Wed Jan 12 05:34:00 CST 1 Working
income+10 Wed Jan 12 05:34:00 CST 1 New Income
savings+10 Wed Jan 12 05:34:00 CST 1 Payment
sleepiness+100 Wed Jan 12 05:50:00 CST 1 Going home
sleepiness-50 Wed Jan 12 06:31:00 CST 1 Working
income+10 Wed Jan 12 06:31:00 CST 1 New Income
savings+10 Wed Jan 12 06:31:00 CST 1 Payment
sleepiness-50 Wed Jan 12 06:51:00 CST 1 Working
income+10 Wed Jan 12 06:51:00 CST 1 New Income
savings+10 Wed Jan 12 06:51:00 CST 1 Payment
sleepiness+100 Wed Jan 12 07:07:00 CST 1 Going home
sleepiness-50 Wed Jan 12 07:48:00 CST 1 Working
income+10 Wed Jan 12 07:48:00 CST 1 New Income
savings+10 Wed Jan 12 07:48:00 CST 1 Payment
sleepiness-50 Wed Jan 12 08:08:00 CST 1 Working
income+10 Wed Jan 12 08:08:00 CST 1 New Income
savings+10 Wed Jan 12 08:08:00 CST 1 Payment
sleepiness+100 Wed Jan 12 21:10:00 CST 1 Going home
sleepiness-50 Wed Jan 12 21:50:00 CST 1 Working
income+10 Wed Jan 12 21:50:00 CST 1 New Income
savings+10 Wed Jan 12 21:50:00 CST 1 Payment
sleepiness-50 Wed Jan 12 22:10:00 CST 1 Working
income+10 Wed Jan 12 22:10:00 CST 1 New Income
savings+10 Wed Jan 12 22:10:00 CST 1 Payment
sleepiness+100 Wed Jan 12 22:26:00 CST 1 Going home
sleepiness-50 Wed Jan 12 23:06:00 CST 1 Working
income+10 Wed Jan 12 23:06:00 CST 1 New Income
savings+10 Wed Jan 12 23:06:00 CST 1 Payment
sleepiness-50 Wed Jan 12 23:26:00 CST 1 Working
income+10 Wed Jan 12 23:26:00 CST 1 New Income
savings+10 Wed Jan 12 23:26:00 CST 1 Payment
sleepiness+100 Wed Jan 12 23:42:00 CST 1 Going home
sleepiness-50 Thu Jan 13 00:21:00 CST 1 Working
income+10 Thu Jan 13 00:21:00 CST 1 New Income
savings+10 Thu Jan 13 00:21:00 CST 1 Payment
sleepiness-50 Thu Jan 13 00:40:00 CST 1 Working
income+10 Thu Jan 13 00:40:00 CST 1 New Income
savings+10 Thu Jan 13 00:40:00 CST 1 Payment
sleepiness+100 Thu Jan 13 00:56:00 CST 1 Going home
sleepiness-50 Thu Jan 13 01:37:00 CST 1 Working
income+10 Thu Jan 13 01:37:00 CST 1 New Income
savings+10 Thu Jan 13 01:37:00 CST 1 Payment
sleepiness-50 Thu Jan 13 01:57:00 CST 1 Working
income+10 Thu Jan 13 01:57:00 CST 1 New Income
savings+10 Thu Jan 13 01:57:00 CST 1 Payment
sleepiness+100 Thu Jan 13 02:13:00 CST 1 Going home
sleepiness-50 Thu Jan 13 02:54:00 CST 1 Working
income+10 Thu Jan 13 02:54:00 CST 1 New Income
savings+10 Thu Jan 13 02:54:00 CST 1 Payment
sleepiness-50 Thu Jan 13 03:44:00 CST 1 Working
income+10 Thu Jan 13 03:44:00 CST 1 New Income
savings+10 Thu Jan 13 03:44:00 CST 1 Payment
thirst+90 Thu Jan 13 23:21:00 CST 1 Getting water
