age+0 Sat Jan 01 06:39:00 CST 1 creation
thirst+92 Sat Jan 01 07:39:00 CST 1 Getting water
sleepiness-50 Sat Jan 01 08:23:00 CST 1 Working
income+10 Sat Jan 01 08:23:00 CST 1 New Income
debt-10 Sat Jan 01 08:23:00 CST 1 Payment
sleepiness-50 Sat Jan 01 08:36:00 CST 1 Working
income+10 Sat Jan 01 08:36:00 CST 1 New Income
debt-10 Sat Jan 01 08:36:00 CST 1 Payment
companionship+10 Sat Jan 01 13:19:00 CST 1 Procreating
sleepiness-10 Sat Jan 01 13:19:00 CST 1 Procreating
sleepiness+100 Sat Jan 01 22:35:00 CST 1 Going home
sleepiness-50 Sun Jan 02 02:19:00 CST 1 Working
income+10 Sun Jan 02 02:19:00 CST 1 New Income
debt-10 Sun Jan 02 02:19:00 CST 1 Payment
sleepiness-50 Sun Jan 02 07:06:00 CST 1 Working
income+10 Sun Jan 02 07:06:00 CST 1 New Income
debt-10 Sun Jan 02 07:06:00 CST 1 Payment
thirst+90 Sat Jan 08 06:11:00 CST 1 Getting water
thirst+90 Fri Jan 14 12:04:00 CST 1 Getting water
sleepiness+100 Sat Jan 15 01:26:00 CST 1 Going home
