age+0 Sat Jan 01 01:31:00 CST 1 creation
thirst+93 Sat Jan 01 01:41:00 CST 1 Getting water
sleepiness-50 Sat Jan 01 01:48:00 CST 1 Working
income+10 Sat Jan 01 01:48:00 CST 1 New Income
debt-10 Sat Jan 01 01:48:00 CST 1 Payment
sleepiness-50 Sat Jan 01 01:55:00 CST 1 Working
income+10 Sat Jan 01 01:55:00 CST 1 New Income
debt-10 Sat Jan 01 01:55:00 CST 1 Payment
companionship+10 Sat Jan 01 05:07:00 CST 1 Procreating
sleepiness-10 Sat Jan 01 05:07:00 CST 1 Procreating
sleepiness+100 Sat Jan 01 06:42:00 CST 1 Going home
sleepiness-50 Sat Jan 01 07:35:00 CST 1 Working
income+10 Sat Jan 01 07:35:00 CST 1 New Income
debt-10 Sat Jan 01 07:35:00 CST 1 Payment
sleepiness-50 Sat Jan 01 08:12:00 CST 1 Working
income+10 Sat Jan 01 08:12:00 CST 1 New Income
debt-10 Sat Jan 01 08:12:00 CST 1 Payment
sleepiness+100 Sat Jan 01 21:13:00 CST 1 Going home
sleepiness-50 Sat Jan 01 21:55:00 CST 1 Working
income+10 Sat Jan 01 21:55:00 CST 1 New Income
debt-10 Sat Jan 01 21:55:00 CST 1 Payment
sleepiness-50 Sat Jan 01 22:28:00 CST 1 Working
income+10 Sat Jan 01 22:28:00 CST 1 New Income
debt-10 Sat Jan 01 22:28:00 CST 1 Payment
sleepiness+100 Sat Jan 01 22:46:00 CST 1 Going home
sleepiness-50 Sat Jan 01 23:16:00 CST 1 Working
income+10 Sat Jan 01 23:16:00 CST 1 New Income
savings+10 Sat Jan 01 23:16:00 CST 1 Payment
income+0 Sat Jan 01 23:47:00 CST 1 Bought a House
bills+0 Sat Jan 01 23:47:00 CST 1 Bought a House
taxes+0 Sat Jan 01 23:47:00 CST 1 Bought a House
savings+48 Sat Jan 01 23:47:00 CST 1 Bought a House
debt+52 Sat Jan 01 23:47:00 CST 1 Bought a House
sleepiness-50 Sat Jan 01 23:48:00 CST 1 Working
income+10 Sat Jan 01 23:48:00 CST 1 New Income
debt-10 Sat Jan 01 23:48:00 CST 1 Payment
thirst+90 Fri Jan 07 17:09:00 CST 1 Getting water
thirst+90 Thu Jan 13 23:02:00 CST 1 Getting water
sleepiness+100 Fri Jan 14 05:28:00 CST 1 Going home
sleepiness-50 Fri Jan 14 06:20:00 CST 1 Working
income+10 Fri Jan 14 06:20:00 CST 1 New Income
debt-10 Fri Jan 14 06:20:00 CST 1 Payment
sleepiness-50 Fri Jan 14 06:27:00 CST 1 Working
income+10 Fri Jan 14 06:27:00 CST 1 New Income
debt-10 Fri Jan 14 06:27:00 CST 1 Payment
sleepiness+100 Fri Jan 14 06:40:00 CST 1 Going home
sleepiness-50 Fri Jan 14 07:02:00 CST 1 Working
income+10 Fri Jan 14 07:02:00 CST 1 New Income
debt-10 Fri Jan 14 07:02:00 CST 1 Payment
sleepiness-50 Fri Jan 14 07:48:00 CST 1 Working
income+10 Fri Jan 14 07:48:00 CST 1 New Income
debt-10 Fri Jan 14 07:48:00 CST 1 Payment
sleepiness+100 Fri Jan 14 21:07:00 CST 1 Going home
sleepiness-50 Fri Jan 14 21:42:00 CST 1 Working
income+10 Fri Jan 14 21:42:00 CST 1 New Income
debt-10 Fri Jan 14 21:42:00 CST 1 Payment
sleepiness-50 Fri Jan 14 21:49:00 CST 1 Working
income+10 Fri Jan 14 21:49:00 CST 1 New Income
debt-10 Fri Jan 14 21:49:00 CST 1 Payment
sleepiness+100 Fri Jan 14 22:02:00 CST 1 Going home
sleepiness-50 Fri Jan 14 22:26:00 CST 1 Working
income+10 Fri Jan 14 22:26:00 CST 1 New Income
debt-10 Fri Jan 14 22:26:00 CST 1 Payment
sleepiness-50 Fri Jan 14 23:14:00 CST 1 Working
income+10 Fri Jan 14 23:14:00 CST 1 New Income
debt-10 Fri Jan 14 23:14:00 CST 1 Payment
sleepiness+100 Fri Jan 14 23:27:00 CST 1 Going home
sleepiness-50 Sat Jan 15 00:06:00 CST 1 Working
income+10 Sat Jan 15 00:06:00 CST 1 New Income
debt-10 Sat Jan 15 00:06:00 CST 1 Payment
sleepiness-50 Sat Jan 15 00:20:00 CST 1 Working
income+10 Sat Jan 15 00:20:00 CST 1 New Income
savings+10 Sat Jan 15 00:20:00 CST 1 Payment
