age+0 Sat Jan 01 01:31:00 CST 1 creation
sleepiness-50 Sat Jan 01 01:32:00 CST 1 Working
income+10 Sat Jan 01 01:32:00 CST 1 New Income
debt-10 Sat Jan 01 01:32:00 CST 1 Payment
sleepiness-50 Sat Jan 01 02:15:00 CST 1 Working
income+10 Sat Jan 01 02:15:00 CST 1 New Income
debt-10 Sat Jan 01 02:15:00 CST 1 Payment
sleepiness+100 Sat Jan 01 07:12:00 CST 1 Going home
sleepiness-50 Sat Jan 01 07:22:00 CST 1 Working
income+10 Sat Jan 01 07:22:00 CST 1 New Income
debt-10 Sat Jan 01 07:22:00 CST 1 Payment
income+0 Sat Jan 01 07:54:00 CST 1 Bought a House
bills+0 Sat Jan 01 07:54:00 CST 1 Bought a House
taxes+0 Sat Jan 01 07:54:00 CST 1 Bought a House
savings+70 Sat Jan 01 07:54:00 CST 1 Bought a House
debt+30 Sat Jan 01 07:54:00 CST 1 Bought a House
sleepiness-50 Sat Jan 01 08:00:00 CST 1 Working
income+10 Sat Jan 01 08:00:00 CST 1 New Income
debt-10 Sat Jan 01 08:00:00 CST 1 Payment
N/A+0 Mon Jan 03 00:00:00 CST 1 death
