age+0 Sat Jan 01 23:01:00 CST 1 creation
sleepiness-50 Sun Jan 02 03:46:00 CST 1 Working
income+10 Sun Jan 02 03:46:00 CST 1 New Income
debt-10 Sun Jan 02 03:46:00 CST 1 Payment
sleepiness-50 Sun Jan 02 05:31:00 CST 1 Working
income+10 Sun Jan 02 05:31:00 CST 1 New Income
debt-10 Sun Jan 02 05:31:00 CST 1 Payment
sleepiness+100 Sun Jan 02 08:09:00 CST 1 Going home
sleepiness-50 Sun Jan 02 12:16:00 CST 1 Working
income+10 Sun Jan 02 12:16:00 CST 1 New Income
debt-10 Sun Jan 02 12:16:00 CST 1 Payment
sleepiness-50 Sun Jan 02 15:41:00 CST 1 Working
income+10 Sun Jan 02 15:41:00 CST 1 New Income
debt-10 Sun Jan 02 15:41:00 CST 1 Payment
sleepiness+100 Sun Jan 02 23:38:00 CST 1 Going home
sleepiness-50 Mon Jan 03 02:23:00 CST 1 Working
income+10 Mon Jan 03 02:23:00 CST 1 New Income
debt-10 Mon Jan 03 02:23:00 CST 1 Payment
sleepiness-50 Mon Jan 03 04:47:00 CST 1 Working
income+10 Mon Jan 03 04:47:00 CST 1 New Income
debt-10 Mon Jan 03 04:47:00 CST 1 Payment
sleepiness+100 Mon Jan 03 06:44:00 CST 1 Going home
sleepiness-50 Mon Jan 03 12:05:00 CST 1 Working
income+10 Mon Jan 03 12:05:00 CST 1 New Income
savings+10 Mon Jan 03 12:05:00 CST 1 Payment
income+0 Mon Jan 03 12:12:00 CST 1 Bought a House
bills+0 Mon Jan 03 12:12:00 CST 1 Bought a House
taxes+0 Mon Jan 03 12:12:00 CST 1 Bought a House
savings+64 Mon Jan 03 12:12:00 CST 1 Bought a House
debt+36 Mon Jan 03 12:12:00 CST 1 Bought a House
sleepiness-50 Mon Jan 03 13:56:00 CST 1 Working
income+10 Mon Jan 03 13:56:00 CST 1 New Income
debt-10 Mon Jan 03 13:56:00 CST 1 Payment
thirst+90 Fri Jan 07 05:20:00 CST 1 Getting water
companionship+10 Wed Jan 12 03:18:00 CST 1 Procreating
sleepiness-10 Wed Jan 12 03:18:00 CST 1 Procreating
thirst+90 Thu Jan 13 14:55:00 CST 1 Getting water
