age+0 Wed Jan 12 03:09:00 CST 1 creation
sleepiness-50 Wed Jan 12 03:55:00 CST 1 Working
income+10 Wed Jan 12 03:55:00 CST 1 New Income
debt-10 Wed Jan 12 03:55:00 CST 1 Payment
sleepiness-50 Wed Jan 12 07:05:00 CST 1 Working
income+10 Wed Jan 12 07:05:00 CST 1 New Income
debt-10 Wed Jan 12 07:05:00 CST 1 Payment
sleepiness+100 Thu Jan 13 23:45:00 CST 1 Going home
sleepiness-50 Fri Jan 14 01:45:00 CST 1 Working
income+10 Fri Jan 14 01:45:00 CST 1 New Income
debt-10 Fri Jan 14 01:45:00 CST 1 Payment
sleepiness-50 Fri Jan 14 04:33:00 CST 1 Working
income+10 Fri Jan 14 04:33:00 CST 1 New Income
debt-10 Fri Jan 14 04:33:00 CST 1 Payment
sleepiness+100 Fri Jan 14 08:56:00 CST 1 Going home
sleepiness-50 Fri Jan 14 14:13:00 CST 1 Working
income+10 Fri Jan 14 14:13:00 CST 1 New Income
debt-10 Fri Jan 14 14:13:00 CST 1 Payment
sleepiness-50 Fri Jan 14 20:23:00 CST 1 Working
income+10 Fri Jan 14 20:23:00 CST 1 New Income
debt-10 Fri Jan 14 20:23:00 CST 1 Payment
sleepiness+100 Fri Jan 14 22:56:00 CST 1 Going home
sleepiness-50 Sat Jan 15 02:38:00 CST 1 Working
income+10 Sat Jan 15 02:38:00 CST 1 New Income
debt-10 Sat Jan 15 02:38:00 CST 1 Payment
