age+0 Tue Jan 04 01:55:00 CST 1 creation
income+0 Tue Jan 04 01:55:00 CST 1 Bought a House
bills+0 Tue Jan 04 01:55:00 CST 1 Bought a House
taxes+0 Tue Jan 04 01:55:00 CST 1 Bought a House
savings+40 Tue Jan 04 01:55:00 CST 1 Bought a House
debt+60 Tue Jan 04 01:55:00 CST 1 Bought a House
sleepiness-50 Tue Jan 04 01:57:00 CST 1 Working
income+10 Tue Jan 04 01:57:00 CST 1 New Income
debt-10 Tue Jan 04 01:57:00 CST 1 Payment
sleepiness-50 Tue Jan 04 02:23:00 CST 1 Working
income+10 Tue Jan 04 02:23:00 CST 1 New Income
debt-10 Tue Jan 04 02:23:00 CST 1 Payment
thirst+90 Thu Jan 06 14:37:00 CST 1 Getting water
thirst+90 Wed Jan 12 20:34:00 CST 1 Getting water
sleepiness+100 Fri Jan 14 00:00:00 CST 1 Going home
sleepiness-50 Thu Jan 13 01:03:00 CST 1 Working
income+10 Thu Jan 13 01:03:00 CST 1 New Income
debt-10 Thu Jan 13 01:03:00 CST 1 Payment
sleepiness-50 Thu Jan 13 01:53:00 CST 1 Working
income+10 Thu Jan 13 01:53:00 CST 1 New Income
debt-10 Thu Jan 13 01:53:00 CST 1 Payment
sleepiness+100 Thu Jan 13 02:15:00 CST 1 Going home
sleepiness-50 Thu Jan 13 02:56:00 CST 1 Working
income+10 Thu Jan 13 02:56:00 CST 1 New Income
debt-10 Thu Jan 13 02:56:00 CST 1 Payment
sleepiness-50 Thu Jan 13 03:46:00 CST 1 Working
income+10 Thu Jan 13 03:46:00 CST 1 New Income
debt-10 Thu Jan 13 03:46:00 CST 1 Payment
sleepiness+100 Thu Jan 13 04:08:00 CST 1 Going home
sleepiness-50 Thu Jan 13 04:49:00 CST 1 Working
income+10 Thu Jan 13 04:49:00 CST 1 New Income
debt-10 Thu Jan 13 04:49:00 CST 1 Payment
sleepiness-50 Thu Jan 13 05:39:00 CST 1 Working
income+10 Thu Jan 13 05:39:00 CST 1 New Income
debt-10 Thu Jan 13 05:39:00 CST 1 Payment
sleepiness+100 Thu Jan 13 06:01:00 CST 1 Going home
sleepiness-50 Thu Jan 13 06:37:00 CST 1 Working
income+10 Thu Jan 13 06:37:00 CST 1 New Income
debt-10 Thu Jan 13 06:37:00 CST 1 Payment
sleepiness-50 Thu Jan 13 06:50:00 CST 1 Working
income+10 Thu Jan 13 06:50:00 CST 1 New Income
debt-10 Thu Jan 13 06:50:00 CST 1 Payment
sleepiness+100 Thu Jan 13 07:14:00 CST 1 Going home
sleepiness-50 Thu Jan 13 07:43:00 CST 1 Working
income+10 Thu Jan 13 07:43:00 CST 1 New Income
savings+10 Thu Jan 13 07:43:00 CST 1 Payment
sleepiness-50 Thu Jan 13 08:28:00 CST 1 Working
income+10 Thu Jan 13 08:28:00 CST 1 New Income
savings+10 Thu Jan 13 08:28:00 CST 1 Payment
sleepiness+100 Thu Jan 13 21:30:00 CST 1 Going home
sleepiness-50 Thu Jan 13 22:08:00 CST 1 Working
income+10 Thu Jan 13 22:08:00 CST 1 New Income
savings+10 Thu Jan 13 22:08:00 CST 1 Payment
sleepiness-50 Thu Jan 13 22:21:00 CST 1 Working
income+10 Thu Jan 13 22:21:00 CST 1 New Income
savings+10 Thu Jan 13 22:21:00 CST 1 Payment
sleepiness+100 Thu Jan 13 22:43:00 CST 1 Going home
sleepiness-50 Thu Jan 13 23:51:00 CST 1 Working
income+10 Thu Jan 13 23:51:00 CST 1 New Income
savings+10 Thu Jan 13 23:51:00 CST 1 Payment
sleepiness-50 Fri Jan 14 00:02:00 CST 1 Working
income+10 Fri Jan 14 00:02:00 CST 1 New Income
savings+10 Fri Jan 14 00:02:00 CST 1 Payment
sleepiness+100 Fri Jan 14 00:24:00 CST 1 Going home
sleepiness-50 Fri Jan 14 01:32:00 CST 1 Working
income+10 Fri Jan 14 01:32:00 CST 1 New Income
savings+10 Fri Jan 14 01:32:00 CST 1 Payment
sleepiness-50 Fri Jan 14 01:45:00 CST 1 Working
income+10 Fri Jan 14 01:45:00 CST 1 New Income
savings+10 Fri Jan 14 01:45:00 CST 1 Payment
sleepiness+100 Fri Jan 14 02:07:00 CST 1 Going home
sleepiness-50 Fri Jan 14 03:18:00 CST 1 Working
income+10 Fri Jan 14 03:18:00 CST 1 New Income
savings+10 Fri Jan 14 03:18:00 CST 1 Payment
sleepiness-50 Fri Jan 14 03:25:00 CST 1 Working
income+10 Fri Jan 14 03:25:00 CST 1 New Income
savings+10 Fri Jan 14 03:25:00 CST 1 Payment
sleepiness+100 Fri Jan 14 03:56:00 CST 1 Going home
sleepiness-50 Fri Jan 14 05:05:00 CST 1 Working
income+10 Fri Jan 14 05:05:00 CST 1 New Income
savings+10 Fri Jan 14 05:05:00 CST 1 Payment
sleepiness-50 Fri Jan 14 05:17:00 CST 1 Working
income+10 Fri Jan 14 05:17:00 CST 1 New Income
savings+10 Fri Jan 14 05:17:00 CST 1 Payment
sleepiness+100 Fri Jan 14 06:07:00 CST 1 Going home
sleepiness-50 Fri Jan 14 07:17:00 CST 1 Working
income+10 Fri Jan 14 07:17:00 CST 1 New Income
savings+10 Fri Jan 14 07:17:00 CST 1 Payment
sleepiness-50 Fri Jan 14 08:06:00 CST 1 Working
income+10 Fri Jan 14 08:06:00 CST 1 New Income
savings+10 Fri Jan 14 08:06:00 CST 1 Payment
sleepiness+100 Fri Jan 14 21:31:00 CST 1 Going home
sleepiness-50 Fri Jan 14 22:13:00 CST 1 Working
income+10 Fri Jan 14 22:13:00 CST 1 New Income
savings+10 Fri Jan 14 22:13:00 CST 1 Payment
sleepiness-50 Fri Jan 14 22:32:00 CST 1 Working
income+10 Fri Jan 14 22:32:00 CST 1 New Income
savings+10 Fri Jan 14 22:32:00 CST 1 Payment
sleepiness+100 Fri Jan 14 23:02:00 CST 1 Going home
sleepiness-50 Fri Jan 14 23:54:00 CST 1 Working
income+10 Fri Jan 14 23:54:00 CST 1 New Income
savings+10 Fri Jan 14 23:54:00 CST 1 Payment
sleepiness-50 Sat Jan 15 00:06:00 CST 1 Working
income+10 Sat Jan 15 00:06:00 CST 1 New Income
savings+10 Sat Jan 15 00:06:00 CST 1 Payment
sleepiness+100 Sat Jan 15 00:42:00 CST 1 Going home
sleepiness-50 Sat Jan 15 01:56:00 CST 1 Working
income+10 Sat Jan 15 01:56:00 CST 1 New Income
savings+10 Sat Jan 15 01:56:00 CST 1 Payment
sleepiness-50 Sat Jan 15 02:34:00 CST 1 Working
income+10 Sat Jan 15 02:34:00 CST 1 New Income
savings+10 Sat Jan 15 02:34:00 CST 1 Payment
sleepiness+100 Sat Jan 15 03:09:00 CST 1 Going home
sleepiness-50 Sat Jan 15 04:23:00 CST 1 Working
income+10 Sat Jan 15 04:23:00 CST 1 New Income
savings+10 Sat Jan 15 04:23:00 CST 1 Payment
