age+0 Mon Jan 03 04:10:00 CST 1 creation
sleepiness-50 Mon Jan 03 04:54:00 CST 1 Working
income+10 Mon Jan 03 04:54:00 CST 1 New Income
debt-10 Mon Jan 03 04:54:00 CST 1 Payment
sleepiness-50 Mon Jan 03 09:07:00 CST 1 Working
income+10 Mon Jan 03 09:07:00 CST 1 New Income
debt-10 Mon Jan 03 09:07:00 CST 1 Payment
thirst+90 Wed Jan 05 11:22:00 CST 1 Getting water
thirst+90 Tue Jan 11 17:15:00 CST 1 Getting water
sleepiness+100 Thu Jan 13 22:50:00 CST 1 Going home
sleepiness-50 Thu Jan 13 23:32:00 CST 1 Working
income+10 Thu Jan 13 23:32:00 CST 1 New Income
debt-10 Thu Jan 13 23:32:00 CST 1 Payment
sleepiness-50 Fri Jan 14 01:23:00 CST 1 Working
income+10 Fri Jan 14 01:23:00 CST 1 New Income
debt-10 Fri Jan 14 01:23:00 CST 1 Payment
sleepiness+100 Fri Jan 14 03:40:00 CST 1 Going home
sleepiness-50 Fri Jan 14 06:32:00 CST 1 Working
income+10 Fri Jan 14 06:32:00 CST 1 New Income
debt-10 Fri Jan 14 06:32:00 CST 1 Payment
sleepiness-50 Fri Jan 14 08:26:00 CST 1 Working
income+10 Fri Jan 14 08:26:00 CST 1 New Income
savings+10 Fri Jan 14 08:26:00 CST 1 Payment
sleepiness+100 Fri Jan 14 23:14:00 CST 1 Going home
sleepiness-50 Sat Jan 15 01:04:00 CST 1 Working
income+10 Sat Jan 15 01:04:00 CST 1 New Income
savings+10 Sat Jan 15 01:04:00 CST 1 Payment
sleepiness-50 Sat Jan 15 01:11:00 CST 1 Working
income+10 Sat Jan 15 01:11:00 CST 1 New Income
savings+10 Sat Jan 15 01:11:00 CST 1 Payment
sleepiness+100 Sat Jan 15 02:56:00 CST 1 Going home
sleepiness-50 Sat Jan 15 04:55:00 CST 1 Working
income+10 Sat Jan 15 04:55:00 CST 1 New Income
savings+10 Sat Jan 15 04:55:00 CST 1 Payment
sleepiness-50 Sat Jan 15 08:54:00 CST 1 Working
income+10 Sat Jan 15 08:54:00 CST 1 New Income
savings+10 Sat Jan 15 08:54:00 CST 1 Payment
