age+0 Sat Jan 01 11:16:00 CST 1 creation
sleepiness-50 Sat Jan 01 14:02:00 CST 1 Working
income+10 Sat Jan 01 14:02:00 CST 1 New Income
debt-10 Sat Jan 01 14:02:00 CST 1 Payment
sleepiness-50 Sat Jan 01 17:05:00 CST 1 Working
income+10 Sat Jan 01 17:05:00 CST 1 New Income
debt-10 Sat Jan 01 17:05:00 CST 1 Payment
sleepiness+100 Sat Jan 01 23:45:00 CST 1 Going home
sleepiness-50 Sun Jan 02 03:15:00 CST 1 Working
income+10 Sun Jan 02 03:15:00 CST 1 New Income
debt-10 Sun Jan 02 03:15:00 CST 1 Payment
sleepiness-50 Sun Jan 02 05:20:00 CST 1 Working
income+10 Sun Jan 02 05:20:00 CST 1 New Income
debt-10 Sun Jan 02 05:20:00 CST 1 Payment
sleepiness+100 Sun Jan 02 07:58:00 CST 1 Going home
sleepiness-50 Sun Jan 02 12:05:00 CST 1 Working
income+10 Sun Jan 02 12:05:00 CST 1 New Income
debt-10 Sun Jan 02 12:05:00 CST 1 Payment
income+0 Sun Jan 02 12:43:00 CST 1 Bought a House
bills+0 Sun Jan 02 12:43:00 CST 1 Bought a House
taxes+0 Sun Jan 02 12:43:00 CST 1 Bought a House
savings+93 Sun Jan 02 12:43:00 CST 1 Bought a House
debt+7 Sun Jan 02 12:43:00 CST 1 Bought a House
sleepiness-50 Sun Jan 02 15:30:00 CST 1 Working
income+10 Sun Jan 02 15:30:00 CST 1 New Income
debt-10 Sun Jan 02 15:30:00 CST 1 Payment
thirst+90 Wed Jan 05 19:03:00 CST 1 Getting water
companionship+10 Sun Jan 09 03:49:00 CST 1 Procreating
sleepiness-10 Sun Jan 09 03:49:00 CST 1 Procreating
thirst+90 Wed Jan 12 05:02:00 CST 1 Getting water
