age+0 Sat Jan 01 11:16:00 CST 1 creation
sleepiness-50 Sat Jan 01 11:18:00 CST 1 Working
income+10 Sat Jan 01 11:18:00 CST 1 New Income
debt-10 Sat Jan 01 11:18:00 CST 1 Payment
sleepiness-50 Sat Jan 01 12:03:00 CST 1 Working
income+10 Sat Jan 01 12:03:00 CST 1 New Income
debt-10 Sat Jan 01 12:03:00 CST 1 Payment
companionship+10 Sat Jan 01 16:34:00 CST 1 Procreating
sleepiness-10 Sat Jan 01 16:34:00 CST 1 Procreating
sleepiness+100 Sun Jan 02 01:18:00 CST 1 Going home
sleepiness-50 Sun Jan 02 02:12:00 CST 1 Working
income+10 Sun Jan 02 02:12:00 CST 1 New Income
debt-10 Sun Jan 02 02:12:00 CST 1 Payment
sleepiness-50 Sun Jan 02 03:02:00 CST 1 Working
income+10 Sun Jan 02 03:02:00 CST 1 New Income
debt-10 Sun Jan 02 03:02:00 CST 1 Payment
sleepiness+100 Sun Jan 02 03:14:00 CST 1 Going home
sleepiness-50 Sun Jan 02 03:48:00 CST 1 Working
income+10 Sun Jan 02 03:48:00 CST 1 New Income
debt-10 Sun Jan 02 03:48:00 CST 1 Payment
sleepiness-50 Sun Jan 02 04:29:00 CST 1 Working
income+10 Sun Jan 02 04:29:00 CST 1 New Income
debt-10 Sun Jan 02 04:29:00 CST 1 Payment
income+0 Sun Jan 02 04:54:00 CST 1 Bought a House
bills+0 Sun Jan 02 04:54:00 CST 1 Bought a House
taxes+0 Sun Jan 02 04:54:00 CST 1 Bought a House
savings+67 Sun Jan 02 04:54:00 CST 1 Bought a House
debt+33 Sun Jan 02 04:54:00 CST 1 Bought a House
sleepiness+100 Sun Jan 02 05:07:00 CST 1 Going home
sleepiness-50 Sun Jan 02 05:29:00 CST 1 Working
income+10 Sun Jan 02 05:29:00 CST 1 New Income
debt-10 Sun Jan 02 05:29:00 CST 1 Payment
sleepiness-50 Sun Jan 02 06:05:00 CST 1 Working
income+10 Sun Jan 02 06:05:00 CST 1 New Income
debt-10 Sun Jan 02 06:05:00 CST 1 Payment
thirst+90 Wed Jan 05 20:45:00 CST 1 Getting water
thirst+90 Wed Jan 12 02:40:00 CST 1 Getting water
sleepiness+100 Fri Jan 14 22:36:00 CST 1 Going home
sleepiness-50 Fri Jan 14 23:29:00 CST 1 Working
income+10 Fri Jan 14 23:29:00 CST 1 New Income
debt-10 Fri Jan 14 23:29:00 CST 1 Payment
sleepiness-50 Fri Jan 14 23:36:00 CST 1 Working
income+10 Fri Jan 14 23:36:00 CST 1 New Income
debt-10 Fri Jan 14 23:36:00 CST 1 Payment
sleepiness+100 Fri Jan 14 23:47:00 CST 1 Going home
sleepiness-50 Sat Jan 15 00:04:00 CST 1 Working
income+10 Sat Jan 15 00:04:00 CST 1 New Income
debt-10 Sat Jan 15 00:04:00 CST 1 Payment
sleepiness-50 Sat Jan 15 00:14:00 CST 1 Working
income+10 Sat Jan 15 00:14:00 CST 1 New Income
debt-10 Sat Jan 15 00:14:00 CST 1 Payment
trust+10 Sat Jan 15 02:25:00 CST 1 Voting
sleepiness+100 Sat Jan 15 04:31:00 CST 1 Going home
sleepiness-50 Sat Jan 15 05:26:00 CST 1 Working
income+10 Sat Jan 15 05:26:00 CST 1 New Income
debt-10 Sat Jan 15 05:26:00 CST 1 Payment
sleepiness-50 Sat Jan 15 05:35:00 CST 1 Working
income+10 Sat Jan 15 05:35:00 CST 1 New Income
debt-10 Sat Jan 15 05:35:00 CST 1 Payment
sleepiness+100 Sat Jan 15 06:28:00 CST 1 Going home
sleepiness-50 Sat Jan 15 06:44:00 CST 1 Working
income+10 Sat Jan 15 06:44:00 CST 1 New Income
debt-10 Sat Jan 15 06:44:00 CST 1 Payment
sleepiness-50 Sat Jan 15 07:11:00 CST 1 Working
income+10 Sat Jan 15 07:11:00 CST 1 New Income
debt-10 Sat Jan 15 07:11:00 CST 1 Payment
sleepiness+100 Sat Jan 15 08:04:00 CST 1 Going home
sleepiness-50 Sat Jan 15 08:28:00 CST 1 Working
income+10 Sat Jan 15 08:28:00 CST 1 New Income
savings+10 Sat Jan 15 08:28:00 CST 1 Payment
sleepiness-50 Sat Jan 15 09:22:00 CST 1 Working
income+10 Sat Jan 15 09:22:00 CST 1 New Income
savings+10 Sat Jan 15 09:22:00 CST 1 Payment
