age+0 Sat Jan 01 09:51:00 CST 1 creation
hunger+93 Sat Jan 01 10:12:00 CST 1 Getting food
sleepiness-50 Sat Jan 01 10:57:00 CST 1 Working
income+10 Sat Jan 01 10:57:00 CST 1 New Income
debt-10 Sat Jan 01 10:57:00 CST 1 Payment
sleepiness-50 Sat Jan 01 15:11:00 CST 1 Working
income+10 Sat Jan 01 15:11:00 CST 1 New Income
debt-10 Sat Jan 01 15:11:00 CST 1 Payment
companionship+10 Sat Jan 01 20:12:00 CST 1 Procreating
sleepiness-10 Sat Jan 01 20:12:00 CST 1 Procreating
sleepiness+100 Sat Jan 01 22:35:00 CST 1 Going home
sleepiness-50 Sun Jan 02 02:19:00 CST 1 Working
income+10 Sun Jan 02 02:19:00 CST 1 New Income
debt-10 Sun Jan 02 02:19:00 CST 1 Payment
sleepiness-50 Sun Jan 02 07:06:00 CST 1 Working
income+10 Sun Jan 02 07:06:00 CST 1 New Income
debt-10 Sun Jan 02 07:06:00 CST 1 Payment
sleepiness+100 Sun Jan 02 12:13:00 CST 1 Going home
sleepiness-50 Sun Jan 02 15:04:00 CST 1 Working
income+10 Sun Jan 02 15:04:00 CST 1 New Income
debt-10 Sun Jan 02 15:04:00 CST 1 Payment
income+0 Sun Jan 02 15:23:00 CST 1 Bought a House
bills+0 Sun Jan 02 15:23:00 CST 1 Bought a House
taxes+0 Sun Jan 02 15:23:00 CST 1 Bought a House
savings+37 Sun Jan 02 15:23:00 CST 1 Bought a House
debt+63 Sun Jan 02 15:23:00 CST 1 Bought a House
sleepiness-50 Sun Jan 02 20:21:00 CST 1 Working
income+10 Sun Jan 02 20:21:00 CST 1 New Income
debt-10 Sun Jan 02 20:21:00 CST 1 Payment
thirst+90 Mon Jan 03 19:54:00 CST 1 Getting water
thirst+90 Mon Jan 10 01:44:00 CST 1 Getting water
