age+0 Sat Jan 01 11:16:00 CST 1 creation
income+0 Sat Jan 01 11:16:00 CST 1 Bought a House
bills+0 Sat Jan 01 11:16:00 CST 1 Bought a House
taxes+0 Sat Jan 01 11:16:00 CST 1 Bought a House
savings+89 Sat Jan 01 11:16:00 CST 1 Bought a House
debt+11 Sat Jan 01 11:16:00 CST 1 Bought a House
sleepiness-50 Sat Jan 01 11:17:00 CST 1 Working
income+10 Sat Jan 01 11:17:00 CST 1 New Income
debt-10 Sat Jan 01 11:17:00 CST 1 Payment
sleepiness-50 Sat Jan 01 11:58:00 CST 1 Working
income+10 Sat Jan 01 11:58:00 CST 1 New Income
debt-10 Sat Jan 01 11:58:00 CST 1 Payment
companionship+10 Sat Jan 01 16:50:00 CST 1 Procreating
sleepiness-10 Sat Jan 01 16:50:00 CST 1 Procreating
sleepiness+100 Mon Jan 03 06:46:00 CST 1 Going home
sleepiness-50 Mon Jan 03 07:21:00 CST 1 Working
income+10 Mon Jan 03 07:21:00 CST 1 New Income
debt-10 Mon Jan 03 07:21:00 CST 1 Payment
sleepiness-50 Mon Jan 03 07:54:00 CST 1 Working
income+10 Mon Jan 03 07:54:00 CST 1 New Income
debt-10 Mon Jan 03 07:54:00 CST 1 Payment
sleepiness+100 Mon Jan 03 21:18:00 CST 1 Going home
sleepiness-50 Mon Jan 03 22:12:00 CST 1 Working
income+10 Mon Jan 03 22:12:00 CST 1 New Income
debt-10 Mon Jan 03 22:12:00 CST 1 Payment
sleepiness-50 Mon Jan 03 22:44:00 CST 1 Working
income+10 Mon Jan 03 22:44:00 CST 1 New Income
debt-10 Mon Jan 03 22:44:00 CST 1 Payment
sleepiness+100 Mon Jan 03 23:08:00 CST 1 Going home
sleepiness-50 Tue Jan 04 00:00:00 CST 1 Working
income+10 Tue Jan 04 00:00:00 CST 1 New Income
debt-10 Tue Jan 04 00:00:00 CST 1 Payment
sleepiness-50 Tue Jan 04 00:32:00 CST 1 Working
income+10 Tue Jan 04 00:32:00 CST 1 New Income
debt-10 Tue Jan 04 00:32:00 CST 1 Payment
sleepiness+100 Tue Jan 04 00:55:00 CST 1 Going home
sleepiness-50 Tue Jan 04 02:00:00 CST 1 Working
income+10 Tue Jan 04 02:00:00 CST 1 New Income
debt-10 Tue Jan 04 02:00:00 CST 1 Payment
sleepiness-50 Tue Jan 04 02:32:00 CST 1 Working
income+10 Tue Jan 04 02:32:00 CST 1 New Income
debt-10 Tue Jan 04 02:32:00 CST 1 Payment
sleepiness+100 Tue Jan 04 02:56:00 CST 1 Going home
sleepiness-50 Tue Jan 04 03:49:00 CST 1 Working
income+10 Tue Jan 04 03:49:00 CST 1 New Income
savings+10 Tue Jan 04 03:49:00 CST 1 Payment
sleepiness-50 Tue Jan 04 04:21:00 CST 1 Working
income+10 Tue Jan 04 04:21:00 CST 1 New Income
savings+10 Tue Jan 04 04:21:00 CST 1 Payment
sleepiness+100 Tue Jan 04 05:27:00 CST 1 Going home
sleepiness-50 Tue Jan 04 06:21:00 CST 1 Working
income+10 Tue Jan 04 06:21:00 CST 1 New Income
savings+10 Tue Jan 04 06:21:00 CST 1 Payment
sleepiness-50 Tue Jan 04 06:53:00 CST 1 Working
income+10 Tue Jan 04 06:53:00 CST 1 New Income
savings+10 Tue Jan 04 06:53:00 CST 1 Payment
sleepiness+100 Tue Jan 04 07:18:00 CST 1 Going home
sleepiness-50 Tue Jan 04 08:11:00 CST 1 Working
income+10 Tue Jan 04 08:11:00 CST 1 New Income
savings+10 Tue Jan 04 08:11:00 CST 1 Payment
sleepiness-50 Tue Jan 04 08:43:00 CST 1 Working
income+10 Tue Jan 04 08:43:00 CST 1 New Income
savings+10 Tue Jan 04 08:43:00 CST 1 Payment
sleepiness+100 Tue Jan 04 21:18:00 CST 1 Going home
sleepiness-50 Tue Jan 04 22:05:00 CST 1 Working
income+10 Tue Jan 04 22:05:00 CST 1 New Income
savings+10 Tue Jan 04 22:05:00 CST 1 Payment
sleepiness-50 Tue Jan 04 22:37:00 CST 1 Working
income+10 Tue Jan 04 22:37:00 CST 1 New Income
savings+10 Tue Jan 04 22:37:00 CST 1 Payment
sleepiness+100 Tue Jan 04 23:01:00 CST 1 Going home
N/A+0 Thu Jan 06 00:00:00 CST 1 death
