age+0 Sat Jan 01 14:25:00 CST 1 creation
sleepiness-50 Sat Jan 01 15:29:00 CST 1 Working
income+10 Sat Jan 01 15:29:00 CST 1 New Income
debt-10 Sat Jan 01 15:29:00 CST 1 Payment
sleepiness-50 Sat Jan 01 18:51:00 CST 1 Working
income+10 Sat Jan 01 18:51:00 CST 1 New Income
debt-10 Sat Jan 01 18:51:00 CST 1 Payment
thirst+90 Wed Jan 05 22:39:00 CST 1 Getting water
sleepiness+100 Thu Jan 06 22:11:00 CST 1 Going home
sleepiness-50 Fri Jan 07 00:40:00 CST 1 Working
income+10 Fri Jan 07 00:40:00 CST 1 New Income
savings+10 Fri Jan 07 00:40:00 CST 1 Payment
sleepiness-50 Fri Jan 07 00:47:00 CST 1 Working
income+10 Fri Jan 07 00:47:00 CST 1 New Income
savings+10 Fri Jan 07 00:47:00 CST 1 Payment
sleepiness+100 Fri Jan 07 02:33:00 CST 1 Going home
sleepiness-50 Fri Jan 07 04:58:00 CST 1 Working
income+10 Fri Jan 07 04:58:00 CST 1 New Income
savings+10 Fri Jan 07 04:58:00 CST 1 Payment
sleepiness-50 Fri Jan 07 09:20:00 CST 1 Working
income+10 Fri Jan 07 09:20:00 CST 1 New Income
savings+10 Fri Jan 07 09:20:00 CST 1 Payment
sleepiness+100 Tue Jan 11 10:15:00 CST 1 Going home
sleepiness-50 Tue Jan 11 14:25:00 CST 1 Working
income+10 Tue Jan 11 14:25:00 CST 1 New Income
savings+10 Tue Jan 11 14:25:00 CST 1 Payment
sleepiness-50 Tue Jan 11 16:47:00 CST 1 Working
income+10 Tue Jan 11 16:47:00 CST 1 New Income
savings+10 Tue Jan 11 16:47:00 CST 1 Payment
sleepiness+100 Wed Jan 12 00:13:00 CST 1 Going home
sleepiness-50 Wed Jan 12 01:36:00 CST 1 Working
income+10 Wed Jan 12 01:36:00 CST 1 New Income
savings+10 Wed Jan 12 01:36:00 CST 1 Payment
sleepiness-50 Wed Jan 12 04:49:00 CST 1 Working
income+10 Wed Jan 12 04:49:00 CST 1 New Income
savings+10 Wed Jan 12 04:49:00 CST 1 Payment
sleepiness+100 Wed Jan 12 08:53:00 CST 1 Going home
sleepiness-50 Wed Jan 12 11:49:00 CST 1 Working
income+10 Wed Jan 12 11:49:00 CST 1 New Income
savings+10 Wed Jan 12 11:49:00 CST 1 Payment
sleepiness-50 Wed Jan 12 16:56:00 CST 1 Working
income+10 Wed Jan 12 16:56:00 CST 1 New Income
savings+10 Wed Jan 12 16:56:00 CST 1 Payment
sleepiness+100 Thu Jan 13 01:00:00 CST 1 Going home
sleepiness-50 Thu Jan 13 02:31:00 CST 1 Working
income+10 Thu Jan 13 02:31:00 CST 1 New Income
savings+10 Thu Jan 13 02:31:00 CST 1 Payment
sleepiness-50 Thu Jan 13 08:22:00 CST 1 Working
income+10 Thu Jan 13 08:22:00 CST 1 New Income
savings+10 Thu Jan 13 08:22:00 CST 1 Payment
sleepiness+100 Fri Jan 14 01:11:00 CST 1 Going home
sleepiness-50 Fri Jan 14 04:12:00 CST 1 Working
income+10 Fri Jan 14 04:12:00 CST 1 New Income
savings+10 Fri Jan 14 04:12:00 CST 1 Payment
sleepiness-50 Fri Jan 14 07:47:00 CST 1 Working
income+10 Fri Jan 14 07:47:00 CST 1 New Income
savings+10 Fri Jan 14 07:47:00 CST 1 Payment
sleepiness+100 Fri Jan 14 22:10:00 CST 1 Going home
sleepiness-50 Sat Jan 15 01:28:00 CST 1 Working
income+10 Sat Jan 15 01:28:00 CST 1 New Income
savings+10 Sat Jan 15 01:28:00 CST 1 Payment
sleepiness-50 Sat Jan 15 04:05:00 CST 1 Working
income+10 Sat Jan 15 04:05:00 CST 1 New Income
savings+10 Sat Jan 15 04:05:00 CST 1 Payment
sleepiness+100 Sat Jan 15 05:10:00 CST 1 Going home
sleepiness-50 Sat Jan 15 08:41:00 CST 1 Working
income+10 Sat Jan 15 08:41:00 CST 1 New Income
savings+10 Sat Jan 15 08:41:00 CST 1 Payment
