age+0 Tue Jan 04 09:37:00 CST 1 creation
sleepiness-50 Tue Jan 04 10:11:00 CST 1 Working
income+10 Tue Jan 04 10:11:00 CST 1 New Income
debt-10 Tue Jan 04 10:11:00 CST 1 Payment
sleepiness-50 Tue Jan 04 10:25:00 CST 1 Working
income+10 Tue Jan 04 10:25:00 CST 1 New Income
debt-10 Tue Jan 04 10:25:00 CST 1 Payment
thirst+90 Tue Jan 04 17:40:00 CST 1 Getting water
companionship+10 Wed Jan 05 01:24:00 CST 1 Procreating
sleepiness-10 Wed Jan 05 01:24:00 CST 1 Procreating
thirst+90 Tue Jan 11 01:20:00 CST 1 Getting water
sleepiness+100 Thu Jan 13 09:31:00 CST 1 Going home
sleepiness-50 Thu Jan 13 12:39:00 CST 1 Working
income+10 Thu Jan 13 12:39:00 CST 1 New Income
debt-10 Thu Jan 13 12:39:00 CST 1 Payment
sleepiness-50 Thu Jan 13 14:49:00 CST 1 Working
income+10 Thu Jan 13 14:49:00 CST 1 New Income
debt-10 Thu Jan 13 14:49:00 CST 1 Payment
sleepiness+100 Thu Jan 13 21:23:00 CST 1 Going home
sleepiness-50 Fri Jan 14 00:04:00 CST 1 Working
income+10 Fri Jan 14 00:04:00 CST 1 New Income
debt-10 Fri Jan 14 00:04:00 CST 1 Payment
sleepiness-50 Fri Jan 14 01:57:00 CST 1 Working
income+10 Fri Jan 14 01:57:00 CST 1 New Income
debt-10 Fri Jan 14 01:57:00 CST 1 Payment
sleepiness+100 Fri Jan 14 04:28:00 CST 1 Going home
sleepiness-50 Fri Jan 14 09:06:00 CST 1 Working
income+10 Fri Jan 14 09:06:00 CST 1 New Income
savings+10 Fri Jan 14 09:06:00 CST 1 Payment
sleepiness-50 Fri Jan 14 11:01:00 CST 1 Working
income+10 Fri Jan 14 11:01:00 CST 1 New Income
savings+10 Fri Jan 14 11:01:00 CST 1 Payment
sleepiness+100 Sat Jan 15 00:06:00 CST 1 Going home
sleepiness-50 Sat Jan 15 01:23:00 CST 1 Working
income+10 Sat Jan 15 01:23:00 CST 1 New Income
savings+10 Sat Jan 15 01:23:00 CST 1 Payment
sleepiness-50 Sat Jan 15 05:10:00 CST 1 Working
income+10 Sat Jan 15 05:10:00 CST 1 New Income
savings+10 Sat Jan 15 05:10:00 CST 1 Payment
sleepiness+100 Sat Jan 15 09:04:00 CST 1 Going home
sleepiness-50 Sat Jan 15 12:47:00 CST 1 Working
income+10 Sat Jan 15 12:47:00 CST 1 New Income
savings+10 Sat Jan 15 12:47:00 CST 1 Payment
