age+0 Sat Jan 01 01:31:00 CST 1 creation
sleepiness-50 Sat Jan 01 04:22:00 CST 1 Working
income+10 Sat Jan 01 04:22:00 CST 1 New Income
debt-10 Sat Jan 01 04:22:00 CST 1 Payment
sleepiness-50 Sat Jan 01 06:31:00 CST 1 Working
income+10 Sat Jan 01 06:31:00 CST 1 New Income
debt-10 Sat Jan 01 06:31:00 CST 1 Payment
sleepiness+100 Sat Jan 01 09:08:00 CST 1 Going home
sleepiness-50 Sat Jan 01 11:39:00 CST 1 Working
income+10 Sat Jan 01 11:39:00 CST 1 New Income
debt-10 Sat Jan 01 11:39:00 CST 1 Payment
sleepiness-50 Sat Jan 01 15:14:00 CST 1 Working
income+10 Sat Jan 01 15:14:00 CST 1 New Income
debt-10 Sat Jan 01 15:14:00 CST 1 Payment
companionship+10 Sat Jan 01 20:15:00 CST 1 Procreating
sleepiness-10 Sat Jan 01 20:15:00 CST 1 Procreating
sleepiness+100 Sat Jan 01 22:35:00 CST 1 Going home
sleepiness-50 Sun Jan 02 02:19:00 CST 1 Working
income+10 Sun Jan 02 02:19:00 CST 1 New Income
debt-10 Sun Jan 02 02:19:00 CST 1 Payment
sleepiness-50 Sun Jan 02 07:06:00 CST 1 Working
income+10 Sun Jan 02 07:06:00 CST 1 New Income
debt-10 Sun Jan 02 07:06:00 CST 1 Payment
sleepiness+100 Sun Jan 02 11:56:00 CST 1 Going home
sleepiness-50 Sun Jan 02 14:47:00 CST 1 Working
income+10 Sun Jan 02 14:47:00 CST 1 New Income
debt-10 Sun Jan 02 14:47:00 CST 1 Payment
income+0 Sun Jan 02 15:05:00 CST 1 Bought a House
bills+0 Sun Jan 02 15:05:00 CST 1 Bought a House
taxes+0 Sun Jan 02 15:05:00 CST 1 Bought a House
savings+84 Sun Jan 02 15:05:00 CST 1 Bought a House
debt+16 Sun Jan 02 15:05:00 CST 1 Bought a House
sleepiness-50 Sun Jan 02 20:03:00 CST 1 Working
income+10 Sun Jan 02 20:03:00 CST 1 New Income
debt-10 Sun Jan 02 20:03:00 CST 1 Payment
thirst+90 Wed Jan 05 11:34:00 CST 1 Getting water
thirst+90 Tue Jan 11 17:26:00 CST 1 Getting water
