age+0 Sat Jan 01 01:31:00 CST 1 creation
sleepiness-50 Sat Jan 01 04:18:00 CST 1 Working
income+10 Sat Jan 01 04:18:00 CST 1 New Income
debt-10 Sat Jan 01 04:18:00 CST 1 Payment
sleepiness-50 Sat Jan 01 06:33:00 CST 1 Working
income+10 Sat Jan 01 06:33:00 CST 1 New Income
debt-10 Sat Jan 01 06:33:00 CST 1 Payment
sleepiness+100 Sat Jan 01 09:10:00 CST 1 Going home
sleepiness-50 Sat Jan 01 12:41:00 CST 1 Working
income+10 Sat Jan 01 12:41:00 CST 1 New Income
debt-10 Sat Jan 01 12:41:00 CST 1 Payment
sleepiness-50 Sat Jan 01 17:58:00 CST 1 Working
income+10 Sat Jan 01 17:58:00 CST 1 New Income
debt-10 Sat Jan 01 17:58:00 CST 1 Payment
sleepiness+100 Sat Jan 01 23:29:00 CST 1 Going home
sleepiness-50 Sun Jan 02 02:43:00 CST 1 Working
income+10 Sun Jan 02 02:43:00 CST 1 New Income
debt-10 Sun Jan 02 02:43:00 CST 1 Payment
sleepiness-50 Sun Jan 02 07:30:00 CST 1 Working
income+10 Sun Jan 02 07:30:00 CST 1 New Income
debt-10 Sun Jan 02 07:30:00 CST 1 Payment
income+0 Sun Jan 02 08:01:00 CST 1 Bought a House
bills+0 Sun Jan 02 08:01:00 CST 1 Bought a House
taxes+0 Sun Jan 02 08:01:00 CST 1 Bought a House
savings+45 Sun Jan 02 08:01:00 CST 1 Bought a House
debt+55 Sun Jan 02 08:01:00 CST 1 Bought a House
thirst+90 Mon Jan 03 06:24:00 CST 1 Getting water
thirst+90 Sun Jan 09 12:17:00 CST 1 Getting water
companionship+10 Thu Jan 13 04:40:00 CST 1 Procreating
sleepiness-10 Thu Jan 13 04:40:00 CST 1 Procreating
