age+0 Sat Jan 01 11:16:00 CST 1 creation
sleepiness-50 Sat Jan 01 11:17:00 CST 1 Working
income+10 Sat Jan 01 11:17:00 CST 1 New Income
debt-10 Sat Jan 01 11:17:00 CST 1 Payment
sleepiness-50 Sat Jan 01 11:58:00 CST 1 Working
income+10 Sat Jan 01 11:58:00 CST 1 New Income
debt-10 Sat Jan 01 11:58:00 CST 1 Payment
sleepiness+100 Sat Jan 01 22:18:00 CST 1 Going home
sleepiness-50 Sat Jan 01 22:41:00 CST 1 Working
income+10 Sat Jan 01 22:41:00 CST 1 New Income
debt-10 Sat Jan 01 22:41:00 CST 1 Payment
sleepiness-50 Sat Jan 01 23:13:00 CST 1 Working
income+10 Sat Jan 01 23:13:00 CST 1 New Income
debt-10 Sat Jan 01 23:13:00 CST 1 Payment
sleepiness+100 Sat Jan 01 23:27:00 CST 1 Going home
sleepiness-50 Sun Jan 02 00:00:00 CST 1 Working
income+10 Sun Jan 02 00:00:00 CST 1 New Income
debt-10 Sun Jan 02 00:00:00 CST 1 Payment
sleepiness-50 Sun Jan 02 00:33:00 CST 1 Working
income+10 Sun Jan 02 00:33:00 CST 1 New Income
savings+10 Sun Jan 02 00:33:00 CST 1 Payment
sleepiness+100 Sun Jan 02 00:47:00 CST 1 Going home
sleepiness-50 Sun Jan 02 01:23:00 CST 1 Working
income+10 Sun Jan 02 01:23:00 CST 1 New Income
savings+10 Sun Jan 02 01:23:00 CST 1 Payment
income+0 Sun Jan 02 01:54:00 CST 1 Bought a House
bills+0 Sun Jan 02 01:54:00 CST 1 Bought a House
taxes+0 Sun Jan 02 01:54:00 CST 1 Bought a House
savings+38 Sun Jan 02 01:54:00 CST 1 Bought a House
debt+62 Sun Jan 02 01:54:00 CST 1 Bought a House
sleepiness-50 Sun Jan 02 02:02:00 CST 1 Working
income+10 Sun Jan 02 02:02:00 CST 1 New Income
debt-10 Sun Jan 02 02:02:00 CST 1 Payment
companionship+10 Wed Jan 05 04:13:00 CST 1 Procreating
sleepiness-10 Wed Jan 05 04:13:00 CST 1 Procreating
thirst+90 Thu Jan 06 14:15:00 CST 1 Getting water
sleepiness+100 Wed Jan 12 00:26:00 CST 1 Going home
sleepiness-50 Wed Jan 12 01:01:00 CST 1 Working
income+10 Wed Jan 12 01:01:00 CST 1 New Income
debt-10 Wed Jan 12 01:01:00 CST 1 Payment
sleepiness-50 Wed Jan 12 01:08:00 CST 1 Working
income+10 Wed Jan 12 01:08:00 CST 1 New Income
debt-10 Wed Jan 12 01:08:00 CST 1 Payment
sleepiness+100 Wed Jan 12 01:20:00 CST 1 Going home
sleepiness-50 Wed Jan 12 02:02:00 CST 1 Working
income+10 Wed Jan 12 02:02:00 CST 1 New Income
debt-10 Wed Jan 12 02:02:00 CST 1 Payment
sleepiness-50 Wed Jan 12 02:09:00 CST 1 Working
income+10 Wed Jan 12 02:09:00 CST 1 New Income
debt-10 Wed Jan 12 02:09:00 CST 1 Payment
sleepiness+100 Wed Jan 12 02:21:00 CST 1 Going home
sleepiness-50 Wed Jan 12 03:14:00 CST 1 Working
income+10 Wed Jan 12 03:14:00 CST 1 New Income
debt-10 Wed Jan 12 03:14:00 CST 1 Payment
sleepiness-50 Wed Jan 12 03:25:00 CST 1 Working
income+10 Wed Jan 12 03:25:00 CST 1 New Income
debt-10 Wed Jan 12 03:25:00 CST 1 Payment
sleepiness+100 Wed Jan 12 04:23:00 CST 1 Going home
sleepiness-50 Wed Jan 12 04:56:00 CST 1 Working
income+10 Wed Jan 12 04:56:00 CST 1 New Income
debt-10 Wed Jan 12 04:56:00 CST 1 Payment
sleepiness-50 Wed Jan 12 05:45:00 CST 1 Working
income+10 Wed Jan 12 05:45:00 CST 1 New Income
debt-10 Wed Jan 12 05:45:00 CST 1 Payment
sleepiness+100 Wed Jan 12 06:01:00 CST 1 Going home
sleepiness-50 Wed Jan 12 06:34:00 CST 1 Working
income+10 Wed Jan 12 06:34:00 CST 1 New Income
debt-10 Wed Jan 12 06:34:00 CST 1 Payment
sleepiness-50 Wed Jan 12 07:23:00 CST 1 Working
income+10 Wed Jan 12 07:23:00 CST 1 New Income
savings+10 Wed Jan 12 07:23:00 CST 1 Payment
sleepiness+100 Wed Jan 12 07:39:00 CST 1 Going home
sleepiness-50 Wed Jan 12 08:14:00 CST 1 Working
income+10 Wed Jan 12 08:14:00 CST 1 New Income
savings+10 Wed Jan 12 08:14:00 CST 1 Payment
sleepiness-50 Wed Jan 12 08:53:00 CST 1 Working
income+10 Wed Jan 12 08:53:00 CST 1 New Income
savings+10 Wed Jan 12 08:53:00 CST 1 Payment
sleepiness+100 Wed Jan 12 21:10:00 CST 1 Going home
sleepiness-50 Wed Jan 12 21:52:00 CST 1 Working
income+10 Wed Jan 12 21:52:00 CST 1 New Income
savings+10 Wed Jan 12 21:52:00 CST 1 Payment
sleepiness-50 Wed Jan 12 22:42:00 CST 1 Working
income+10 Wed Jan 12 22:42:00 CST 1 New Income
savings+10 Wed Jan 12 22:42:00 CST 1 Payment
sleepiness+100 Wed Jan 12 22:58:00 CST 1 Going home
sleepiness-50 Wed Jan 12 23:39:00 CST 1 Working
income+10 Wed Jan 12 23:39:00 CST 1 New Income
savings+10 Wed Jan 12 23:39:00 CST 1 Payment
sleepiness-50 Thu Jan 13 00:27:00 CST 1 Working
income+10 Thu Jan 13 00:27:00 CST 1 New Income
savings+10 Thu Jan 13 00:27:00 CST 1 Payment
sleepiness+100 Thu Jan 13 00:43:00 CST 1 Going home
sleepiness-50 Thu Jan 13 01:24:00 CST 1 Working
income+10 Thu Jan 13 01:24:00 CST 1 New Income
savings+10 Thu Jan 13 01:24:00 CST 1 Payment
sleepiness-50 Thu Jan 13 02:03:00 CST 1 Working
income+10 Thu Jan 13 02:03:00 CST 1 New Income
savings+10 Thu Jan 13 02:03:00 CST 1 Payment
sleepiness+100 Thu Jan 13 02:19:00 CST 1 Going home
sleepiness-50 Thu Jan 13 03:01:00 CST 1 Working
income+10 Thu Jan 13 03:01:00 CST 1 New Income
savings+10 Thu Jan 13 03:01:00 CST 1 Payment
sleepiness-50 Thu Jan 13 03:40:00 CST 1 Working
income+10 Thu Jan 13 03:40:00 CST 1 New Income
savings+10 Thu Jan 13 03:40:00 CST 1 Payment
sleepiness+100 Thu Jan 13 03:56:00 CST 1 Going home
sleepiness-50 Thu Jan 13 04:38:00 CST 1 Working
income+10 Thu Jan 13 04:38:00 CST 1 New Income
savings+10 Thu Jan 13 04:38:00 CST 1 Payment
sleepiness-50 Thu Jan 13 05:28:00 CST 1 Working
income+10 Thu Jan 13 05:28:00 CST 1 New Income
savings+10 Thu Jan 13 05:28:00 CST 1 Payment
sleepiness+100 Thu Jan 13 05:44:00 CST 1 Going home
sleepiness-50 Thu Jan 13 06:32:00 CST 1 Working
income+10 Thu Jan 13 06:32:00 CST 1 New Income
savings+10 Thu Jan 13 06:32:00 CST 1 Payment
sleepiness-50 Thu Jan 13 07:22:00 CST 1 Working
income+10 Thu Jan 13 07:22:00 CST 1 New Income
savings+10 Thu Jan 13 07:22:00 CST 1 Payment
sleepiness+100 Thu Jan 13 07:38:00 CST 1 Going home
sleepiness-50 Thu Jan 13 08:19:00 CST 1 Working
income+10 Thu Jan 13 08:19:00 CST 1 New Income
savings+10 Thu Jan 13 08:19:00 CST 1 Payment
sleepiness-50 Thu Jan 13 08:58:00 CST 1 Working
income+10 Thu Jan 13 08:58:00 CST 1 New Income
savings+10 Thu Jan 13 08:58:00 CST 1 Payment
thirst+90 Thu Jan 13 19:57:00 CST 1 Getting water
sleepiness+100 Thu Jan 13 21:11:00 CST 1 Going home
sleepiness-50 Thu Jan 13 22:09:00 CST 1 Working
income+10 Thu Jan 13 22:09:00 CST 1 New Income
savings+10 Thu Jan 13 22:09:00 CST 1 Payment
sleepiness-50 Thu Jan 13 22:48:00 CST 1 Working
income+10 Thu Jan 13 22:48:00 CST 1 New Income
savings+10 Thu Jan 13 22:48:00 CST 1 Payment
sleepiness+100 Thu Jan 13 23:04:00 CST 1 Going home
sleepiness-50 Thu Jan 13 23:46:00 CST 1 Working
income+10 Thu Jan 13 23:46:00 CST 1 New Income
savings+10 Thu Jan 13 23:46:00 CST 1 Payment
sleepiness-50 Fri Jan 14 00:34:00 CST 1 Working
income+10 Fri Jan 14 00:34:00 CST 1 New Income
savings+10 Fri Jan 14 00:34:00 CST 1 Payment
sleepiness+100 Fri Jan 14 00:50:00 CST 1 Going home
sleepiness-50 Fri Jan 14 01:34:00 CST 1 Working
income+10 Fri Jan 14 01:34:00 CST 1 New Income
savings+10 Fri Jan 14 01:34:00 CST 1 Payment
sleepiness-50 Fri Jan 14 01:41:00 CST 1 Working
income+10 Fri Jan 14 01:41:00 CST 1 New Income
savings+10 Fri Jan 14 01:41:00 CST 1 Payment
sleepiness+100 Fri Jan 14 02:01:00 CST 1 Going home
sleepiness-50 Fri Jan 14 02:38:00 CST 1 Working
income+10 Fri Jan 14 02:38:00 CST 1 New Income
savings+10 Fri Jan 14 02:38:00 CST 1 Payment
sleepiness-50 Fri Jan 14 02:45:00 CST 1 Working
income+10 Fri Jan 14 02:45:00 CST 1 New Income
savings+10 Fri Jan 14 02:45:00 CST 1 Payment
sleepiness+100 Fri Jan 14 03:05:00 CST 1 Going home
sleepiness-50 Fri Jan 14 03:42:00 CST 1 Working
income+10 Fri Jan 14 03:42:00 CST 1 New Income
savings+10 Fri Jan 14 03:42:00 CST 1 Payment
sleepiness-50 Fri Jan 14 03:49:00 CST 1 Working
income+10 Fri Jan 14 03:49:00 CST 1 New Income
savings+10 Fri Jan 14 03:49:00 CST 1 Payment
sleepiness+100 Fri Jan 14 04:09:00 CST 1 Going home
sleepiness-50 Fri Jan 14 04:46:00 CST 1 Working
income+10 Fri Jan 14 04:46:00 CST 1 New Income
savings+10 Fri Jan 14 04:46:00 CST 1 Payment
sleepiness-50 Fri Jan 14 04:53:00 CST 1 Working
income+10 Fri Jan 14 04:53:00 CST 1 New Income
savings+10 Fri Jan 14 04:53:00 CST 1 Payment
sleepiness+100 Fri Jan 14 05:13:00 CST 1 Going home
sleepiness-50 Fri Jan 14 05:51:00 CST 1 Working
income+10 Fri Jan 14 05:51:00 CST 1 New Income
savings+10 Fri Jan 14 05:51:00 CST 1 Payment
sleepiness-50 Fri Jan 14 05:58:00 CST 1 Working
income+10 Fri Jan 14 05:58:00 CST 1 New Income
savings+10 Fri Jan 14 05:58:00 CST 1 Payment
sleepiness+100 Fri Jan 14 06:18:00 CST 1 Going home
sleepiness-50 Fri Jan 14 06:55:00 CST 1 Working
income+10 Fri Jan 14 06:55:00 CST 1 New Income
savings+10 Fri Jan 14 06:55:00 CST 1 Payment
sleepiness-50 Fri Jan 14 07:02:00 CST 1 Working
income+10 Fri Jan 14 07:02:00 CST 1 New Income
savings+10 Fri Jan 14 07:02:00 CST 1 Payment
sleepiness+100 Fri Jan 14 07:22:00 CST 1 Going home
sleepiness-50 Fri Jan 14 08:39:00 CST 1 Working
income+10 Fri Jan 14 08:39:00 CST 1 New Income
savings+10 Fri Jan 14 08:39:00 CST 1 Payment
sleepiness-50 Fri Jan 14 08:06:00 CST 1 Working
income+10 Fri Jan 14 08:06:00 CST 1 New Income
savings+10 Fri Jan 14 08:06:00 CST 1 Payment
sleepiness+100 Fri Jan 14 21:14:00 CST 1 Going home
sleepiness-50 Fri Jan 14 22:13:00 CST 1 Working
income+10 Fri Jan 14 22:13:00 CST 1 New Income
savings+10 Fri Jan 14 22:13:00 CST 1 Payment
sleepiness-50 Fri Jan 14 23:00:00 CST 1 Working
income+10 Fri Jan 14 23:00:00 CST 1 New Income
savings+10 Fri Jan 14 23:00:00 CST 1 Payment
sleepiness+100 Fri Jan 14 23:19:00 CST 1 Going home
sleepiness-50 Sun Jan 16 00:01:00 CST 1 Working
income+10 Sun Jan 16 00:01:00 CST 1 New Income
savings+10 Sun Jan 16 00:01:00 CST 1 Payment
sleepiness-50 Sat Jan 15 00:36:00 CST 1 Working
income+10 Sat Jan 15 00:36:00 CST 1 New Income
savings+10 Sat Jan 15 00:36:00 CST 1 Payment
sleepiness+100 Sat Jan 15 01:35:00 CST 1 Going home
sleepiness-50 Sat Jan 15 02:32:00 CST 1 Working
income+10 Sat Jan 15 02:32:00 CST 1 New Income
savings+10 Sat Jan 15 02:32:00 CST 1 Payment
sleepiness-50 Sat Jan 15 03:05:00 CST 1 Working
income+10 Sat Jan 15 03:05:00 CST 1 New Income
savings+10 Sat Jan 15 03:05:00 CST 1 Payment
sleepiness+100 Sat Jan 15 04:04:00 CST 1 Going home
sleepiness-50 Sat Jan 15 05:01:00 CST 1 Working
income+10 Sat Jan 15 05:01:00 CST 1 New Income
savings+10 Sat Jan 15 05:01:00 CST 1 Payment
sleepiness-50 Sat Jan 15 05:17:00 CST 1 Working
income+10 Sat Jan 15 05:17:00 CST 1 New Income
savings+10 Sat Jan 15 05:17:00 CST 1 Payment
sleepiness+100 Sat Jan 15 06:14:00 CST 1 Going home
sleepiness-50 Sat Jan 15 06:48:00 CST 1 Working
income+10 Sat Jan 15 06:48:00 CST 1 New Income
savings+10 Sat Jan 15 06:48:00 CST 1 Payment
sleepiness-50 Sat Jan 15 07:03:00 CST 1 Working
income+10 Sat Jan 15 07:03:00 CST 1 New Income
savings+10 Sat Jan 15 07:03:00 CST 1 Payment
sleepiness+100 Sat Jan 15 08:00:00 CST 1 Going home
sleepiness-50 Sat Jan 15 08:27:00 CST 1 Working
income+10 Sat Jan 15 08:27:00 CST 1 New Income
savings+10 Sat Jan 15 08:27:00 CST 1 Payment
sleepiness-50 Sat Jan 15 09:14:00 CST 1 Working
income+10 Sat Jan 15 09:14:00 CST 1 New Income
savings+10 Sat Jan 15 09:14:00 CST 1 Payment
