age+0 Sat Jan 08 08:43:00 CST 1 creation
sleepiness-50 Sat Jan 08 11:45:00 CST 1 Working
income+10 Sat Jan 08 11:45:00 CST 1 New Income
debt-10 Sat Jan 08 11:45:00 CST 1 Payment
sleepiness-50 Sat Jan 08 15:55:00 CST 1 Working
income+10 Sat Jan 08 15:55:00 CST 1 New Income
debt-10 Sat Jan 08 15:55:00 CST 1 Payment
companionship+10 Sat Jan 08 18:52:00 CST 1 Procreating
sleepiness-10 Sat Jan 08 18:52:00 CST 1 Procreating
thirst+90 Mon Jan 10 12:44:00 CST 1 Getting water
sleepiness+100 Thu Jan 13 02:16:00 CST 1 Going home
sleepiness-50 Thu Jan 13 05:46:00 CST 1 Working
income+10 Thu Jan 13 05:46:00 CST 1 New Income
debt-10 Thu Jan 13 05:46:00 CST 1 Payment
sleepiness-50 Thu Jan 13 05:53:00 CST 1 Working
income+10 Thu Jan 13 05:53:00 CST 1 New Income
debt-10 Thu Jan 13 05:53:00 CST 1 Payment
sleepiness+100 Thu Jan 13 09:02:00 CST 1 Going home
sleepiness-50 Thu Jan 13 13:39:00 CST 1 Working
income+10 Thu Jan 13 13:39:00 CST 1 New Income
debt-10 Thu Jan 13 13:39:00 CST 1 Payment
sleepiness-50 Thu Jan 13 15:45:00 CST 1 Working
income+10 Thu Jan 13 15:45:00 CST 1 New Income
debt-10 Thu Jan 13 15:45:00 CST 1 Payment
sleepiness+100 Thu Jan 13 23:55:00 CST 1 Going home
sleepiness-50 Fri Jan 14 02:44:00 CST 1 Working
income+10 Fri Jan 14 02:44:00 CST 1 New Income
debt-10 Fri Jan 14 02:44:00 CST 1 Payment
sleepiness-50 Fri Jan 14 06:18:00 CST 1 Working
income+10 Fri Jan 14 06:18:00 CST 1 New Income
debt-10 Fri Jan 14 06:18:00 CST 1 Payment
sleepiness+100 Fri Jan 14 11:00:00 CST 1 Going home
sleepiness-50 Fri Jan 14 12:57:00 CST 1 Working
income+10 Fri Jan 14 12:57:00 CST 1 New Income
debt-10 Fri Jan 14 12:57:00 CST 1 Payment
sleepiness-50 Fri Jan 14 14:32:00 CST 1 Working
income+10 Fri Jan 14 14:32:00 CST 1 New Income
savings+10 Fri Jan 14 14:32:00 CST 1 Payment
sleepiness+100 Fri Jan 14 23:44:00 CST 1 Going home
sleepiness-50 Sat Jan 15 03:30:00 CST 1 Working
income+10 Sat Jan 15 03:30:00 CST 1 New Income
savings+10 Sat Jan 15 03:30:00 CST 1 Payment
sleepiness-50 Sat Jan 15 05:42:00 CST 1 Working
income+10 Sat Jan 15 05:42:00 CST 1 New Income
savings+10 Sat Jan 15 05:42:00 CST 1 Payment
sleepiness+100 Sat Jan 15 09:26:00 CST 1 Going home
