age+0 Sat Jan 01 01:31:00 CST 1 creation
sleepiness-50 Sat Jan 01 01:32:00 CST 1 Working
income+10 Sat Jan 01 01:32:00 CST 1 New Income
debt-10 Sat Jan 01 01:32:00 CST 1 Payment
sleepiness-50 Sat Jan 01 02:16:00 CST 1 Working
income+10 Sat Jan 01 02:16:00 CST 1 New Income
savings+10 Sat Jan 01 02:16:00 CST 1 Payment
sleepiness+100 Sat Jan 01 04:11:00 CST 1 Going home
sleepiness-50 Sat Jan 01 04:46:00 CST 1 Working
income+10 Sat Jan 01 04:46:00 CST 1 New Income
savings+10 Sat Jan 01 04:46:00 CST 1 Payment
income+0 Sat Jan 01 05:34:00 CST 1 Bought a House
bills+0 Sat Jan 01 05:34:00 CST 1 Bought a House
taxes+0 Sat Jan 01 05:34:00 CST 1 Bought a House
savings+58 Sat Jan 01 05:34:00 CST 1 Bought a House
debt+42 Sat Jan 01 05:34:00 CST 1 Bought a House
sleepiness-50 Sat Jan 01 05:35:00 CST 1 Working
income+10 Sat Jan 01 05:35:00 CST 1 New Income
debt-10 Sat Jan 01 05:35:00 CST 1 Payment
N/A+0 Mon Jan 03 00:00:00 CST 1 death
