age+0 Sat Jan 01 11:16:00 CST 1 creation
sleepiness-50 Sat Jan 01 12:08:00 CST 1 Working
income+10 Sat Jan 01 12:08:00 CST 1 New Income
debt-10 Sat Jan 01 12:08:00 CST 1 Payment
sleepiness-50 Sat Jan 01 14:35:00 CST 1 Working
income+10 Sat Jan 01 14:35:00 CST 1 New Income
debt-10 Sat Jan 01 14:35:00 CST 1 Payment
companionship+10 Sat Jan 01 18:53:00 CST 1 Procreating
sleepiness-10 Sat Jan 01 18:53:00 CST 1 Procreating
sleepiness+100 Sun Jan 02 01:18:00 CST 1 Going home
sleepiness-50 Sun Jan 02 03:15:00 CST 1 Working
income+10 Sun Jan 02 03:15:00 CST 1 New Income
debt-10 Sun Jan 02 03:15:00 CST 1 Payment
sleepiness-50 Sun Jan 02 03:28:00 CST 1 Working
income+10 Sun Jan 02 03:28:00 CST 1 New Income
debt-10 Sun Jan 02 03:28:00 CST 1 Payment
sleepiness+100 Sun Jan 02 05:23:00 CST 1 Going home
sleepiness-50 Sun Jan 02 09:11:00 CST 1 Working
income+10 Sun Jan 02 09:11:00 CST 1 New Income
debt-10 Sun Jan 02 09:11:00 CST 1 Payment
income+0 Sun Jan 02 09:42:00 CST 1 Bought a House
bills+0 Sun Jan 02 09:42:00 CST 1 Bought a House
taxes+0 Sun Jan 02 09:42:00 CST 1 Bought a House
savings+54 Sun Jan 02 09:42:00 CST 1 Bought a House
debt+46 Sun Jan 02 09:42:00 CST 1 Bought a House
sleepiness-50 Sun Jan 02 13:56:00 CST 1 Working
income+10 Sun Jan 02 13:56:00 CST 1 New Income
debt-10 Sun Jan 02 13:56:00 CST 1 Payment
thirst+90 Sun Jan 02 17:33:00 CST 1 Getting water
N/A+0 Wed Jan 05 00:00:00 CST 1 death
