age+0 Tue Jan 11 00:22:00 CST 1 creation
sleepiness-50 Tue Jan 11 00:30:00 CST 1 Working
income+10 Tue Jan 11 00:30:00 CST 1 New Income
debt-10 Tue Jan 11 00:30:00 CST 1 Payment
sleepiness-50 Tue Jan 11 00:50:00 CST 1 Working
income+10 Tue Jan 11 00:50:00 CST 1 New Income
debt-10 Tue Jan 11 00:50:00 CST 1 Payment
sleepiness+100 Tue Jan 11 04:51:00 CST 1 Going home
sleepiness-50 Tue Jan 11 05:42:00 CST 1 Working
income+10 Tue Jan 11 05:42:00 CST 1 New Income
debt-10 Tue Jan 11 05:42:00 CST 1 Payment
sleepiness-50 Tue Jan 11 06:31:00 CST 1 Working
income+10 Tue Jan 11 06:31:00 CST 1 New Income
debt-10 Tue Jan 11 06:31:00 CST 1 Payment
sleepiness+100 Tue Jan 11 06:41:00 CST 1 Going home
sleepiness-50 Tue Jan 11 06:56:00 CST 1 Working
income+10 Tue Jan 11 06:56:00 CST 1 New Income
debt-10 Tue Jan 11 06:56:00 CST 1 Payment
sleepiness-50 Tue Jan 11 07:45:00 CST 1 Working
income+10 Tue Jan 11 07:45:00 CST 1 New Income
debt-10 Tue Jan 11 07:45:00 CST 1 Payment
sleepiness+100 Tue Jan 11 07:54:00 CST 1 Going home
sleepiness-50 Tue Jan 11 08:09:00 CST 1 Working
income+10 Tue Jan 11 08:09:00 CST 1 New Income
savings+10 Tue Jan 11 08:09:00 CST 1 Payment
sleepiness-50 Tue Jan 11 09:02:00 CST 1 Working
income+10 Tue Jan 11 09:02:00 CST 1 New Income
savings+10 Tue Jan 11 09:02:00 CST 1 Payment
thirst+90 Tue Jan 11 20:04:00 CST 1 Getting water
sleepiness+100 Tue Jan 11 21:27:00 CST 1 Going home
sleepiness-50 Tue Jan 11 21:50:00 CST 1 Working
income+10 Tue Jan 11 21:50:00 CST 1 New Income
savings+10 Tue Jan 11 21:50:00 CST 1 Payment
sleepiness-50 Tue Jan 11 22:40:00 CST 1 Working
income+10 Tue Jan 11 22:40:00 CST 1 New Income
savings+10 Tue Jan 11 22:40:00 CST 1 Payment
sleepiness+100 Tue Jan 11 22:50:00 CST 1 Going home
sleepiness-50 Tue Jan 11 23:19:00 CST 1 Working
income+10 Tue Jan 11 23:19:00 CST 1 New Income
savings+10 Tue Jan 11 23:19:00 CST 1 Payment
sleepiness-50 Wed Jan 12 00:07:00 CST 1 Working
income+10 Wed Jan 12 00:07:00 CST 1 New Income
savings+10 Wed Jan 12 00:07:00 CST 1 Payment
sleepiness+100 Wed Jan 12 00:17:00 CST 1 Going home
sleepiness-50 Wed Jan 12 00:46:00 CST 1 Working
income+10 Wed Jan 12 00:46:00 CST 1 New Income
savings+10 Wed Jan 12 00:46:00 CST 1 Payment
sleepiness-50 Wed Jan 12 01:41:00 CST 1 Working
income+10 Wed Jan 12 01:41:00 CST 1 New Income
savings+10 Wed Jan 12 01:41:00 CST 1 Payment
sleepiness+100 Wed Jan 12 02:29:00 CST 1 Going home
sleepiness-50 Wed Jan 12 02:47:00 CST 1 Working
income+10 Wed Jan 12 02:47:00 CST 1 New Income
savings+10 Wed Jan 12 02:47:00 CST 1 Payment
sleepiness-50 Wed Jan 12 03:26:00 CST 1 Working
income+10 Wed Jan 12 03:26:00 CST 1 New Income
savings+10 Wed Jan 12 03:26:00 CST 1 Payment
sleepiness+100 Wed Jan 12 03:40:00 CST 1 Going home
sleepiness-50 Wed Jan 12 03:52:00 CST 1 Working
income+10 Wed Jan 12 03:52:00 CST 1 New Income
savings+10 Wed Jan 12 03:52:00 CST 1 Payment
sleepiness-50 Wed Jan 12 04:42:00 CST 1 Working
income+10 Wed Jan 12 04:42:00 CST 1 New Income
savings+10 Wed Jan 12 04:42:00 CST 1 Payment
sleepiness+100 Wed Jan 12 04:56:00 CST 1 Going home
sleepiness-50 Wed Jan 12 05:08:00 CST 1 Working
income+10 Wed Jan 12 05:08:00 CST 1 New Income
savings+10 Wed Jan 12 05:08:00 CST 1 Payment
sleepiness-50 Wed Jan 12 05:47:00 CST 1 Working
income+10 Wed Jan 12 05:47:00 CST 1 New Income
savings+10 Wed Jan 12 05:47:00 CST 1 Payment
sleepiness+100 Wed Jan 12 06:01:00 CST 1 Going home
sleepiness-50 Wed Jan 12 06:13:00 CST 1 Working
income+10 Wed Jan 12 06:13:00 CST 1 New Income
savings+10 Wed Jan 12 06:13:00 CST 1 Payment
sleepiness-50 Wed Jan 12 07:03:00 CST 1 Working
income+10 Wed Jan 12 07:03:00 CST 1 New Income
savings+10 Wed Jan 12 07:03:00 CST 1 Payment
sleepiness+100 Wed Jan 12 07:17:00 CST 1 Going home
sleepiness-50 Wed Jan 12 07:29:00 CST 1 Working
income+10 Wed Jan 12 07:29:00 CST 1 New Income
savings+10 Wed Jan 12 07:29:00 CST 1 Payment
sleepiness-50 Wed Jan 12 08:08:00 CST 1 Working
income+10 Wed Jan 12 08:08:00 CST 1 New Income
savings+10 Wed Jan 12 08:08:00 CST 1 Payment
sleepiness+100 Wed Jan 12 21:08:00 CST 1 Going home
sleepiness-50 Wed Jan 12 21:20:00 CST 1 Working
income+10 Wed Jan 12 21:20:00 CST 1 New Income
savings+10 Wed Jan 12 21:20:00 CST 1 Payment
sleepiness-50 Wed Jan 12 22:39:00 CST 1 Working
income+10 Wed Jan 12 22:39:00 CST 1 New Income
savings+10 Wed Jan 12 22:39:00 CST 1 Payment
sleepiness+100 Wed Jan 12 22:13:00 CST 1 Going home
sleepiness-50 Wed Jan 12 22:25:00 CST 1 Working
income+10 Wed Jan 12 22:25:00 CST 1 New Income
savings+10 Wed Jan 12 22:25:00 CST 1 Payment
sleepiness-50 Wed Jan 12 23:15:00 CST 1 Working
income+10 Wed Jan 12 23:15:00 CST 1 New Income
savings+10 Wed Jan 12 23:15:00 CST 1 Payment
sleepiness+100 Wed Jan 12 23:29:00 CST 1 Going home
sleepiness-50 Wed Jan 12 23:41:00 CST 1 Working
income+10 Wed Jan 12 23:41:00 CST 1 New Income
savings+10 Wed Jan 12 23:41:00 CST 1 Payment
sleepiness-50 Thu Jan 13 00:29:00 CST 1 Working
income+10 Thu Jan 13 00:29:00 CST 1 New Income
savings+10 Thu Jan 13 00:29:00 CST 1 Payment
sleepiness+100 Thu Jan 13 00:43:00 CST 1 Going home
sleepiness-50 Thu Jan 13 00:55:00 CST 1 Working
income+10 Thu Jan 13 00:55:00 CST 1 New Income
savings+10 Thu Jan 13 00:55:00 CST 1 Payment
sleepiness-50 Thu Jan 13 01:34:00 CST 1 Working
income+10 Thu Jan 13 01:34:00 CST 1 New Income
savings+10 Thu Jan 13 01:34:00 CST 1 Payment
sleepiness+100 Thu Jan 13 01:48:00 CST 1 Going home
sleepiness-50 Thu Jan 13 02:00:00 CST 1 Working
income+10 Thu Jan 13 02:00:00 CST 1 New Income
savings+10 Thu Jan 13 02:00:00 CST 1 Payment
sleepiness-50 Thu Jan 13 02:47:00 CST 1 Working
income+10 Thu Jan 13 02:47:00 CST 1 New Income
savings+10 Thu Jan 13 02:47:00 CST 1 Payment
sleepiness+100 Thu Jan 13 03:18:00 CST 1 Going home
sleepiness-50 Thu Jan 13 03:51:00 CST 1 Working
income+10 Thu Jan 13 03:51:00 CST 1 New Income
savings+10 Thu Jan 13 03:51:00 CST 1 Payment
sleepiness-50 Thu Jan 13 04:23:00 CST 1 Working
income+10 Thu Jan 13 04:23:00 CST 1 New Income
savings+10 Thu Jan 13 04:23:00 CST 1 Payment
sleepiness+100 Thu Jan 13 04:35:00 CST 1 Going home
sleepiness-50 Thu Jan 13 05:08:00 CST 1 Working
income+10 Thu Jan 13 05:08:00 CST 1 New Income
savings+10 Thu Jan 13 05:08:00 CST 1 Payment
sleepiness-50 Thu Jan 13 05:41:00 CST 1 Working
income+10 Thu Jan 13 05:41:00 CST 1 New Income
savings+10 Thu Jan 13 05:41:00 CST 1 Payment
sleepiness+100 Thu Jan 13 05:53:00 CST 1 Going home
sleepiness-50 Thu Jan 13 06:26:00 CST 1 Working
income+10 Thu Jan 13 06:26:00 CST 1 New Income
savings+10 Thu Jan 13 06:26:00 CST 1 Payment
sleepiness-50 Thu Jan 13 06:58:00 CST 1 Working
income+10 Thu Jan 13 06:58:00 CST 1 New Income
savings+10 Thu Jan 13 06:58:00 CST 1 Payment
sleepiness+100 Thu Jan 13 07:10:00 CST 1 Going home
sleepiness-50 Thu Jan 13 07:43:00 CST 1 Working
income+10 Thu Jan 13 07:43:00 CST 1 New Income
savings+10 Thu Jan 13 07:43:00 CST 1 Payment
sleepiness-50 Thu Jan 13 08:15:00 CST 1 Working
income+10 Thu Jan 13 08:15:00 CST 1 New Income
savings+10 Thu Jan 13 08:15:00 CST 1 Payment
sleepiness+100 Thu Jan 13 21:06:00 CST 1 Going home
sleepiness-50 Thu Jan 13 21:39:00 CST 1 Working
income+10 Thu Jan 13 21:39:00 CST 1 New Income
savings+10 Thu Jan 13 21:39:00 CST 1 Payment
sleepiness-50 Thu Jan 13 22:12:00 CST 1 Working
income+10 Thu Jan 13 22:12:00 CST 1 New Income
savings+10 Thu Jan 13 22:12:00 CST 1 Payment
sleepiness+100 Thu Jan 13 22:24:00 CST 1 Going home
sleepiness-50 Thu Jan 13 22:57:00 CST 1 Working
income+10 Thu Jan 13 22:57:00 CST 1 New Income
savings+10 Thu Jan 13 22:57:00 CST 1 Payment
sleepiness-50 Thu Jan 13 23:30:00 CST 1 Working
income+10 Thu Jan 13 23:30:00 CST 1 New Income
savings+10 Thu Jan 13 23:30:00 CST 1 Payment
sleepiness+100 Thu Jan 13 23:42:00 CST 1 Going home
sleepiness-50 Fri Jan 14 00:13:00 CST 1 Working
income+10 Fri Jan 14 00:13:00 CST 1 New Income
savings+10 Fri Jan 14 00:13:00 CST 1 Payment
sleepiness-50 Fri Jan 14 00:46:00 CST 1 Working
income+10 Fri Jan 14 00:46:00 CST 1 New Income
savings+10 Fri Jan 14 00:46:00 CST 1 Payment
sleepiness+100 Fri Jan 14 00:58:00 CST 1 Going home
sleepiness-50 Fri Jan 14 01:31:00 CST 1 Working
income+10 Fri Jan 14 01:31:00 CST 1 New Income
savings+10 Fri Jan 14 01:31:00 CST 1 Payment
sleepiness-50 Fri Jan 14 02:03:00 CST 1 Working
income+10 Fri Jan 14 02:03:00 CST 1 New Income
savings+10 Fri Jan 14 02:03:00 CST 1 Payment
sleepiness+100 Fri Jan 14 02:15:00 CST 1 Going home
sleepiness-50 Fri Jan 14 02:54:00 CST 1 Working
income+10 Fri Jan 14 02:54:00 CST 1 New Income
savings+10 Fri Jan 14 02:54:00 CST 1 Payment
sleepiness-50 Fri Jan 14 03:26:00 CST 1 Working
income+10 Fri Jan 14 03:26:00 CST 1 New Income
savings+10 Fri Jan 14 03:26:00 CST 1 Payment
sleepiness+100 Fri Jan 14 03:38:00 CST 1 Going home
sleepiness-50 Fri Jan 14 04:12:00 CST 1 Working
income+10 Fri Jan 14 04:12:00 CST 1 New Income
savings+10 Fri Jan 14 04:12:00 CST 1 Payment
sleepiness-50 Fri Jan 14 04:48:00 CST 1 Working
income+10 Fri Jan 14 04:48:00 CST 1 New Income
savings+10 Fri Jan 14 04:48:00 CST 1 Payment
sleepiness+100 Fri Jan 14 05:01:00 CST 1 Going home
sleepiness-50 Fri Jan 14 05:52:00 CST 1 Working
income+10 Fri Jan 14 05:52:00 CST 1 New Income
savings+10 Fri Jan 14 05:52:00 CST 1 Payment
sleepiness-50 Fri Jan 14 06:11:00 CST 1 Working
income+10 Fri Jan 14 06:11:00 CST 1 New Income
savings+10 Fri Jan 14 06:11:00 CST 1 Payment
sleepiness+100 Fri Jan 14 06:23:00 CST 1 Going home
sleepiness-50 Fri Jan 14 07:01:00 CST 1 Working
income+10 Fri Jan 14 07:01:00 CST 1 New Income
savings+10 Fri Jan 14 07:01:00 CST 1 Payment
sleepiness-50 Fri Jan 14 07:35:00 CST 1 Working
income+10 Fri Jan 14 07:35:00 CST 1 New Income
savings+10 Fri Jan 14 07:35:00 CST 1 Payment
sleepiness+100 Fri Jan 14 21:06:00 CST 1 Going home
sleepiness-50 Fri Jan 14 21:39:00 CST 1 Working
income+10 Fri Jan 14 21:39:00 CST 1 New Income
savings+10 Fri Jan 14 21:39:00 CST 1 Payment
sleepiness-50 Fri Jan 14 21:48:00 CST 1 Working
income+10 Fri Jan 14 21:48:00 CST 1 New Income
savings+10 Fri Jan 14 21:48:00 CST 1 Payment
sleepiness+100 Fri Jan 14 22:31:00 CST 1 Going home
sleepiness-50 Fri Jan 14 23:18:00 CST 1 Working
income+10 Fri Jan 14 23:18:00 CST 1 New Income
savings+10 Fri Jan 14 23:18:00 CST 1 Payment
sleepiness-50 Fri Jan 14 23:43:00 CST 1 Working
income+10 Fri Jan 14 23:43:00 CST 1 New Income
savings+10 Fri Jan 14 23:43:00 CST 1 Payment
sleepiness+100 Fri Jan 14 23:56:00 CST 1 Going home
sleepiness-50 Sat Jan 15 00:34:00 CST 1 Working
income+10 Sat Jan 15 00:34:00 CST 1 New Income
savings+10 Sat Jan 15 00:34:00 CST 1 Payment
sleepiness-50 Sat Jan 15 01:03:00 CST 1 Working
income+10 Sat Jan 15 01:03:00 CST 1 New Income
savings+10 Sat Jan 15 01:03:00 CST 1 Payment
sleepiness+100 Sat Jan 15 02:00:00 CST 1 Going home
sleepiness-50 Sat Jan 15 02:28:00 CST 1 Working
income+10 Sat Jan 15 02:28:00 CST 1 New Income
savings+10 Sat Jan 15 02:28:00 CST 1 Payment
sleepiness-50 Sat Jan 15 02:53:00 CST 1 Working
income+10 Sat Jan 15 02:53:00 CST 1 New Income
savings+10 Sat Jan 15 02:53:00 CST 1 Payment
sleepiness+100 Sat Jan 15 03:09:00 CST 1 Going home
sleepiness-50 Sat Jan 15 03:25:00 CST 1 Working
income+10 Sat Jan 15 03:25:00 CST 1 New Income
savings+10 Sat Jan 15 03:25:00 CST 1 Payment
sleepiness-50 Sat Jan 15 03:45:00 CST 1 Working
income+10 Sat Jan 15 03:45:00 CST 1 New Income
savings+10 Sat Jan 15 03:45:00 CST 1 Payment
