age+0 Wed Jan 05 03:50:00 CST 1 creation
sleepiness-50 Wed Jan 05 04:13:00 CST 1 Working
income+10 Wed Jan 05 04:13:00 CST 1 New Income
debt-10 Wed Jan 05 04:13:00 CST 1 Payment
sleepiness-50 Wed Jan 05 04:20:00 CST 1 Working
income+10 Wed Jan 05 04:20:00 CST 1 New Income
debt-10 Wed Jan 05 04:20:00 CST 1 Payment
sleepiness+100 Thu Jan 06 00:57:00 CST 1 Going home
sleepiness-50 Thu Jan 06 04:09:00 CST 1 Working
income+10 Thu Jan 06 04:09:00 CST 1 New Income
debt-10 Thu Jan 06 04:09:00 CST 1 Payment
sleepiness-50 Thu Jan 06 06:57:00 CST 1 Working
income+10 Thu Jan 06 06:57:00 CST 1 New Income
debt-10 Thu Jan 06 06:57:00 CST 1 Payment
sleepiness+100 Thu Jan 06 09:06:00 CST 1 Going home
sleepiness-50 Thu Jan 06 14:08:00 CST 1 Working
income+10 Thu Jan 06 14:08:00 CST 1 New Income
debt-10 Thu Jan 06 14:08:00 CST 1 Payment
sleepiness-50 Thu Jan 06 18:40:00 CST 1 Working
income+10 Thu Jan 06 18:40:00 CST 1 New Income
debt-10 Thu Jan 06 18:40:00 CST 1 Payment
sleepiness+100 Thu Jan 06 22:48:00 CST 1 Going home
sleepiness-50 Fri Jan 07 00:47:00 CST 1 Working
income+10 Fri Jan 07 00:47:00 CST 1 New Income
debt-10 Fri Jan 07 00:47:00 CST 1 Payment
sleepiness-50 Fri Jan 07 01:37:00 CST 1 Working
income+10 Fri Jan 07 01:37:00 CST 1 New Income
savings+10 Fri Jan 07 01:37:00 CST 1 Payment
sleepiness+100 Fri Jan 07 03:31:00 CST 1 Going home
sleepiness-50 Fri Jan 07 05:58:00 CST 1 Working
income+10 Fri Jan 07 05:58:00 CST 1 New Income
savings+10 Fri Jan 07 05:58:00 CST 1 Payment
sleepiness-50 Fri Jan 07 07:34:00 CST 1 Working
income+10 Fri Jan 07 07:34:00 CST 1 New Income
savings+10 Fri Jan 07 07:34:00 CST 1 Payment
sleepiness+100 Fri Jan 07 11:11:00 CST 1 Going home
sleepiness-50 Fri Jan 07 15:53:00 CST 1 Working
income+10 Fri Jan 07 15:53:00 CST 1 New Income
savings+10 Fri Jan 07 15:53:00 CST 1 Payment
sleepiness-50 Fri Jan 07 19:56:00 CST 1 Working
income+10 Fri Jan 07 19:56:00 CST 1 New Income
savings+10 Fri Jan 07 19:56:00 CST 1 Payment
sleepiness+100 Sat Jan 08 01:01:00 CST 1 Going home
sleepiness-50 Sat Jan 08 03:08:00 CST 1 Working
income+10 Sat Jan 08 03:08:00 CST 1 New Income
savings+10 Sat Jan 08 03:08:00 CST 1 Payment
sleepiness-50 Sat Jan 08 06:03:00 CST 1 Working
income+10 Sat Jan 08 06:03:00 CST 1 New Income
savings+10 Sat Jan 08 06:03:00 CST 1 Payment
sleepiness+100 Sat Jan 08 10:18:00 CST 1 Going home
sleepiness-50 Sat Jan 08 15:05:00 CST 1 Working
income+10 Sat Jan 08 15:05:00 CST 1 New Income
savings+10 Sat Jan 08 15:05:00 CST 1 Payment
sleepiness-50 Sat Jan 08 19:35:00 CST 1 Working
income+10 Sat Jan 08 19:35:00 CST 1 New Income
savings+10 Sat Jan 08 19:35:00 CST 1 Payment
sleepiness+100 Sat Jan 08 21:18:00 CST 1 Going home
sleepiness-50 Sat Jan 08 23:34:00 CST 1 Working
income+10 Sat Jan 08 23:34:00 CST 1 New Income
savings+10 Sat Jan 08 23:34:00 CST 1 Payment
sleepiness-50 Sat Jan 08 23:47:00 CST 1 Working
income+10 Sat Jan 08 23:47:00 CST 1 New Income
savings+10 Sat Jan 08 23:47:00 CST 1 Payment
sleepiness+100 Sun Jan 09 01:40:00 CST 1 Going home
sleepiness-50 Sun Jan 09 07:46:00 CST 1 Working
income+10 Sun Jan 09 07:46:00 CST 1 New Income
savings+10 Sun Jan 09 07:46:00 CST 1 Payment
sleepiness-50 Sun Jan 09 10:39:00 CST 1 Working
income+10 Sun Jan 09 10:39:00 CST 1 New Income
savings+10 Sun Jan 09 10:39:00 CST 1 Payment
sleepiness+100 Mon Jan 10 01:31:00 CST 1 Going home
sleepiness-50 Mon Jan 10 06:50:00 CST 1 Working
income+10 Mon Jan 10 06:50:00 CST 1 New Income
savings+10 Mon Jan 10 06:50:00 CST 1 Payment
sleepiness-50 Mon Jan 10 10:42:00 CST 1 Working
income+10 Mon Jan 10 10:42:00 CST 1 New Income
savings+10 Mon Jan 10 10:42:00 CST 1 Payment
sleepiness+100 Tue Jan 11 01:43:00 CST 1 Going home
sleepiness-50 Tue Jan 11 02:49:00 CST 1 Working
income+10 Tue Jan 11 02:49:00 CST 1 New Income
savings+10 Tue Jan 11 02:49:00 CST 1 Payment
sleepiness-50 Tue Jan 11 06:58:00 CST 1 Working
income+10 Tue Jan 11 06:58:00 CST 1 New Income
savings+10 Tue Jan 11 06:58:00 CST 1 Payment
sleepiness+100 Tue Jan 11 12:01:00 CST 1 Going home
sleepiness-50 Tue Jan 11 14:37:00 CST 1 Working
income+10 Tue Jan 11 14:37:00 CST 1 New Income
savings+10 Tue Jan 11 14:37:00 CST 1 Payment
sleepiness-50 Tue Jan 11 18:15:00 CST 1 Working
income+10 Tue Jan 11 18:15:00 CST 1 New Income
savings+10 Tue Jan 11 18:15:00 CST 1 Payment
sleepiness+100 Wed Jan 12 01:09:00 CST 1 Going home
sleepiness-50 Wed Jan 12 06:23:00 CST 1 Working
income+10 Wed Jan 12 06:23:00 CST 1 New Income
savings+10 Wed Jan 12 06:23:00 CST 1 Payment
sleepiness-50 Wed Jan 12 10:16:00 CST 1 Working
income+10 Wed Jan 12 10:16:00 CST 1 New Income
savings+10 Wed Jan 12 10:16:00 CST 1 Payment
sleepiness+100 Thu Jan 13 01:45:00 CST 1 Going home
sleepiness-50 Thu Jan 13 08:05:00 CST 1 Working
income+10 Thu Jan 13 08:05:00 CST 1 New Income
savings+10 Thu Jan 13 08:05:00 CST 1 Payment
sleepiness-50 Thu Jan 13 11:05:00 CST 1 Working
income+10 Thu Jan 13 11:05:00 CST 1 New Income
savings+10 Thu Jan 13 11:05:00 CST 1 Payment
sleepiness+100 Fri Jan 14 01:04:00 CST 1 Going home
sleepiness-50 Fri Jan 14 02:22:00 CST 1 Working
income+10 Fri Jan 14 02:22:00 CST 1 New Income
savings+10 Fri Jan 14 02:22:00 CST 1 Payment
sleepiness-50 Fri Jan 14 05:30:00 CST 1 Working
income+10 Fri Jan 14 05:30:00 CST 1 New Income
savings+10 Fri Jan 14 05:30:00 CST 1 Payment
sleepiness+100 Fri Jan 14 08:48:00 CST 1 Going home
sleepiness-50 Fri Jan 14 15:24:00 CST 1 Working
income+10 Fri Jan 14 15:24:00 CST 1 New Income
savings+10 Fri Jan 14 15:24:00 CST 1 Payment
sleepiness-50 Fri Jan 14 21:12:00 CST 1 Working
income+10 Fri Jan 14 21:12:00 CST 1 New Income
savings+10 Fri Jan 14 21:12:00 CST 1 Payment
sleepiness+100 Fri Jan 14 22:40:00 CST 1 Going home
sleepiness-50 Sat Jan 15 02:57:00 CST 1 Working
income+10 Sat Jan 15 02:57:00 CST 1 New Income
savings+10 Sat Jan 15 02:57:00 CST 1 Payment
