age+0 Sat Jan 01 20:15:00 CST 1 creation
sleepiness-50 Sat Jan 01 21:26:00 CST 1 Working
income+10 Sat Jan 01 21:26:00 CST 1 New Income
debt-10 Sat Jan 01 21:26:00 CST 1 Payment
sleepiness-50 Sun Jan 02 01:47:00 CST 1 Working
income+10 Sun Jan 02 01:47:00 CST 1 New Income
debt-10 Sun Jan 02 01:47:00 CST 1 Payment
income+0 Sun Jan 02 02:36:00 CST 1 Bought a House
bills+0 Sun Jan 02 02:36:00 CST 1 Bought a House
taxes+0 Sun Jan 02 02:36:00 CST 1 Bought a House
savings+40 Sun Jan 02 02:36:00 CST 1 Bought a House
debt+60 Sun Jan 02 02:36:00 CST 1 Bought a House
sleepiness+100 Sun Jan 02 05:38:00 CST 1 Going home
sleepiness-50 Sun Jan 02 10:45:00 CST 1 Working
income+10 Sun Jan 02 10:45:00 CST 1 New Income
debt-10 Sun Jan 02 10:45:00 CST 1 Payment
sleepiness-50 Sun Jan 02 16:28:00 CST 1 Working
income+10 Sun Jan 02 16:28:00 CST 1 New Income
debt-10 Sun Jan 02 16:28:00 CST 1 Payment
thirst+90 Sun Jan 02 18:41:00 CST 1 Getting water
companionship+10 Fri Jan 07 04:34:00 CST 1 Procreating
sleepiness-10 Fri Jan 07 04:34:00 CST 1 Procreating
thirst+90 Sun Jan 09 05:38:00 CST 1 Getting water
