age+0 Sat Jan 01 06:48:00 CST 1 creation
sleepiness-50 Sat Jan 01 06:49:00 CST 1 Working
income+10 Sat Jan 01 06:49:00 CST 1 New Income
debt-10 Sat Jan 01 06:49:00 CST 1 Payment
sleepiness-50 Sat Jan 01 07:02:00 CST 1 Working
income+10 Sat Jan 01 07:02:00 CST 1 New Income
debt-10 Sat Jan 01 07:02:00 CST 1 Payment
sleepiness+100 Sat Jan 01 09:20:00 CST 1 Going home
sleepiness-50 Sat Jan 01 10:16:00 CST 1 Working
income+10 Sat Jan 01 10:16:00 CST 1 New Income
debt-10 Sat Jan 01 10:16:00 CST 1 Payment
sleepiness-50 Sat Jan 01 10:35:00 CST 1 Working
income+10 Sat Jan 01 10:35:00 CST 1 New Income
debt-10 Sat Jan 01 10:35:00 CST 1 Payment
companionship+10 Sat Jan 01 12:09:00 CST 1 Procreating
sleepiness-10 Sat Jan 01 12:09:00 CST 1 Procreating
sleepiness+100 Sat Jan 01 22:35:00 CST 1 Going home
sleepiness-50 Sat Jan 01 23:34:00 CST 1 Working
income+10 Sat Jan 01 23:34:00 CST 1 New Income
debt-10 Sat Jan 01 23:34:00 CST 1 Payment
sleepiness-50 Sun Jan 02 00:10:00 CST 1 Working
income+10 Sun Jan 02 00:10:00 CST 1 New Income
debt-10 Sun Jan 02 00:10:00 CST 1 Payment
income+0 Sun Jan 02 00:22:00 CST 1 Bought a House
bills+0 Sun Jan 02 00:22:00 CST 1 Bought a House
taxes+0 Sun Jan 02 00:22:00 CST 1 Bought a House
savings+78 Sun Jan 02 00:22:00 CST 1 Bought a House
debt+22 Sun Jan 02 00:22:00 CST 1 Bought a House
sleepiness+100 Sun Jan 02 00:39:00 CST 1 Going home
sleepiness-50 Sun Jan 02 01:10:00 CST 1 Working
income+10 Sun Jan 02 01:10:00 CST 1 New Income
debt-10 Sun Jan 02 01:10:00 CST 1 Payment
sleepiness-50 Sun Jan 02 01:55:00 CST 1 Working
income+10 Sun Jan 02 01:55:00 CST 1 New Income
debt-10 Sun Jan 02 01:55:00 CST 1 Payment
thirst+90 Wed Jan 05 08:46:00 CST 1 Getting water
thirst+90 Tue Jan 11 14:38:00 CST 1 Getting water
companionship+10 Sat Jan 15 01:54:00 CST 1 Procreating
sleepiness-10 Sat Jan 15 01:54:00 CST 1 Procreating
