age+0 Sat Jan 01 19:35:00 CST 1 creation
sleepiness-50 Sat Jan 01 20:45:00 CST 1 Working
income+10 Sat Jan 01 20:45:00 CST 1 New Income
debt-10 Sat Jan 01 20:45:00 CST 1 Payment
sleepiness-50 Sat Jan 01 21:11:00 CST 1 Working
income+10 Sat Jan 01 21:11:00 CST 1 New Income
debt-10 Sat Jan 01 21:11:00 CST 1 Payment
income+0 Sat Jan 01 21:17:00 CST 1 Bought a House
bills+0 Sat Jan 01 21:17:00 CST 1 Bought a House
taxes+0 Sat Jan 01 21:17:00 CST 1 Bought a House
savings+60 Sat Jan 01 21:17:00 CST 1 Bought a House
debt+40 Sat Jan 01 21:17:00 CST 1 Bought a House
sleepiness+100 Sat Jan 01 23:30:00 CST 1 Going home
sleepiness-50 Sun Jan 02 03:03:00 CST 1 Working
income+10 Sun Jan 02 03:03:00 CST 1 New Income
debt-10 Sun Jan 02 03:03:00 CST 1 Payment
sleepiness-50 Sun Jan 02 07:50:00 CST 1 Working
income+10 Sun Jan 02 07:50:00 CST 1 New Income
debt-10 Sun Jan 02 07:50:00 CST 1 Payment
thirst+90 Mon Jan 03 02:57:00 CST 1 Getting water
thirst+90 Sun Jan 09 08:50:00 CST 1 Getting water
companionship+10 Wed Jan 12 04:40:00 CST 1 Procreating
sleepiness-10 Wed Jan 12 04:40:00 CST 1 Procreating
sleepiness+100 Fri Jan 14 02:28:00 CST 1 Going home
sleepiness-50 Fri Jan 14 06:38:00 CST 1 Working
income+10 Fri Jan 14 06:38:00 CST 1 New Income
debt-10 Fri Jan 14 06:38:00 CST 1 Payment
sleepiness-50 Fri Jan 14 10:50:00 CST 1 Working
income+10 Fri Jan 14 10:50:00 CST 1 New Income
debt-10 Fri Jan 14 10:50:00 CST 1 Payment
sleepiness+100 Sat Jan 15 00:02:00 CST 1 Going home
sleepiness-50 Sat Jan 15 04:24:00 CST 1 Working
income+10 Sat Jan 15 04:24:00 CST 1 New Income
debt-10 Sat Jan 15 04:24:00 CST 1 Payment
