age+0 Sat Jan 01 11:16:00 CST 1 creation
sleepiness-50 Sat Jan 01 15:37:00 CST 1 Working
income+10 Sat Jan 01 15:37:00 CST 1 New Income
debt-10 Sat Jan 01 15:37:00 CST 1 Payment
sleepiness-50 Sat Jan 01 18:15:00 CST 1 Working
income+10 Sat Jan 01 18:15:00 CST 1 New Income
debt-10 Sat Jan 01 18:15:00 CST 1 Payment
sleepiness+100 Sat Jan 01 22:55:00 CST 1 Going home
sleepiness-50 Sun Jan 02 03:02:00 CST 1 Working
income+10 Sun Jan 02 03:02:00 CST 1 New Income
debt-10 Sun Jan 02 03:02:00 CST 1 Payment
income+0 Sun Jan 02 03:33:00 CST 1 Bought a House
bills+0 Sun Jan 02 03:33:00 CST 1 Bought a House
taxes+0 Sun Jan 02 03:33:00 CST 1 Bought a House
savings+59 Sun Jan 02 03:33:00 CST 1 Bought a House
debt+41 Sun Jan 02 03:33:00 CST 1 Bought a House
sleepiness-50 Sun Jan 02 05:06:00 CST 1 Working
income+10 Sun Jan 02 05:06:00 CST 1 New Income
debt-10 Sun Jan 02 05:06:00 CST 1 Payment
companionship+10 Thu Jan 06 02:29:00 CST 1 Procreating
sleepiness-10 Thu Jan 06 02:29:00 CST 1 Procreating
sleepiness+100 Fri Jan 07 01:26:00 CST 1 Going home
sleepiness-50 Fri Jan 07 03:32:00 CST 1 Working
income+10 Fri Jan 07 03:32:00 CST 1 New Income
debt-10 Fri Jan 07 03:32:00 CST 1 Payment
sleepiness-50 Fri Jan 07 08:37:00 CST 1 Working
income+10 Fri Jan 07 08:37:00 CST 1 New Income
debt-10 Fri Jan 07 08:37:00 CST 1 Payment
thirst+90 Fri Jan 07 13:31:00 CST 1 Getting water
sleepiness+100 Sat Jan 08 00:40:00 CST 1 Going home
sleepiness-50 Sat Jan 08 04:33:00 CST 1 Working
income+10 Sat Jan 08 04:33:00 CST 1 New Income
debt-10 Sat Jan 08 04:33:00 CST 1 Payment
sleepiness-50 Sat Jan 08 07:13:00 CST 1 Working
income+10 Sat Jan 08 07:13:00 CST 1 New Income
debt-10 Sat Jan 08 07:13:00 CST 1 Payment
sleepiness+100 Sat Jan 08 23:05:00 CST 1 Going home
sleepiness-50 Sun Jan 09 02:32:00 CST 1 Working
income+10 Sun Jan 09 02:32:00 CST 1 New Income
debt-10 Sun Jan 09 02:32:00 CST 1 Payment
sleepiness-50 Sun Jan 09 04:51:00 CST 1 Working
income+10 Sun Jan 09 04:51:00 CST 1 New Income
debt-10 Sun Jan 09 04:51:00 CST 1 Payment
sleepiness+100 Sun Jan 09 10:13:00 CST 1 Going home
sleepiness-50 Sun Jan 09 14:19:00 CST 1 Working
income+10 Sun Jan 09 14:19:00 CST 1 New Income
debt-10 Sun Jan 09 14:19:00 CST 1 Payment
sleepiness-50 Sun Jan 09 15:09:00 CST 1 Working
income+10 Sun Jan 09 15:09:00 CST 1 New Income
debt-10 Sun Jan 09 15:09:00 CST 1 Payment
sleepiness+100 Mon Jan 10 00:32:00 CST 1 Going home
sleepiness-50 Mon Jan 10 04:38:00 CST 1 Working
income+10 Mon Jan 10 04:38:00 CST 1 New Income
debt-10 Mon Jan 10 04:38:00 CST 1 Payment
sleepiness-50 Mon Jan 10 10:08:00 CST 1 Working
income+10 Mon Jan 10 10:08:00 CST 1 New Income
savings+10 Mon Jan 10 10:08:00 CST 1 Payment
sleepiness+100 Tue Jan 11 00:36:00 CST 1 Going home
sleepiness-50 Tue Jan 11 04:06:00 CST 1 Working
income+10 Tue Jan 11 04:06:00 CST 1 New Income
savings+10 Tue Jan 11 04:06:00 CST 1 Payment
sleepiness-50 Tue Jan 11 07:20:00 CST 1 Working
income+10 Tue Jan 11 07:20:00 CST 1 New Income
savings+10 Tue Jan 11 07:20:00 CST 1 Payment
sleepiness+100 Tue Jan 11 08:14:00 CST 1 Going home
sleepiness-50 Tue Jan 11 11:46:00 CST 1 Working
income+10 Tue Jan 11 11:46:00 CST 1 New Income
savings+10 Tue Jan 11 11:46:00 CST 1 Payment
sleepiness-50 Tue Jan 11 14:06:00 CST 1 Working
income+10 Tue Jan 11 14:06:00 CST 1 New Income
savings+10 Tue Jan 11 14:06:00 CST 1 Payment
sleepiness+100 Wed Jan 12 01:39:00 CST 1 Going home
sleepiness-50 Wed Jan 12 02:42:00 CST 1 Working
income+10 Wed Jan 12 02:42:00 CST 1 New Income
savings+10 Wed Jan 12 02:42:00 CST 1 Payment
sleepiness-50 Wed Jan 12 06:02:00 CST 1 Working
income+10 Wed Jan 12 06:02:00 CST 1 New Income
savings+10 Wed Jan 12 06:02:00 CST 1 Payment
sleepiness+100 Wed Jan 12 10:32:00 CST 1 Going home
sleepiness-50 Wed Jan 12 13:30:00 CST 1 Working
income+10 Wed Jan 12 13:30:00 CST 1 New Income
savings+10 Wed Jan 12 13:30:00 CST 1 Payment
sleepiness-50 Wed Jan 12 19:02:00 CST 1 Working
income+10 Wed Jan 12 19:02:00 CST 1 New Income
savings+10 Wed Jan 12 19:02:00 CST 1 Payment
sleepiness+100 Thu Jan 13 01:23:00 CST 1 Going home
sleepiness-50 Thu Jan 13 02:23:00 CST 1 Working
income+10 Thu Jan 13 02:23:00 CST 1 New Income
savings+10 Thu Jan 13 02:23:00 CST 1 Payment
sleepiness-50 Thu Jan 13 08:03:00 CST 1 Working
income+10 Thu Jan 13 08:03:00 CST 1 New Income
savings+10 Thu Jan 13 08:03:00 CST 1 Payment
sleepiness+100 Fri Jan 14 01:38:00 CST 1 Going home
sleepiness-50 Fri Jan 14 05:35:00 CST 1 Working
income+10 Fri Jan 14 05:35:00 CST 1 New Income
savings+10 Fri Jan 14 05:35:00 CST 1 Payment
sleepiness-50 Fri Jan 14 09:47:00 CST 1 Working
income+10 Fri Jan 14 09:47:00 CST 1 New Income
savings+10 Fri Jan 14 09:47:00 CST 1 Payment
sleepiness+100 Fri Jan 14 22:14:00 CST 1 Going home
sleepiness-50 Sat Jan 15 02:39:00 CST 1 Working
income+10 Sat Jan 15 02:39:00 CST 1 New Income
savings+10 Sat Jan 15 02:39:00 CST 1 Payment
sleepiness-50 Sat Jan 15 04:01:00 CST 1 Working
income+10 Sat Jan 15 04:01:00 CST 1 New Income
savings+10 Sat Jan 15 04:01:00 CST 1 Payment
sleepiness+100 Sat Jan 15 05:33:00 CST 1 Going home
sleepiness-50 Sat Jan 15 09:09:00 CST 1 Working
income+10 Sat Jan 15 09:09:00 CST 1 New Income
savings+10 Sat Jan 15 09:09:00 CST 1 Payment
