age+0 Sat Jan 01 01:31:00 CST 1 creation
sleepiness-50 Sat Jan 01 01:32:00 CST 1 Working
income+10 Sat Jan 01 01:32:00 CST 1 New Income
debt-10 Sat Jan 01 01:32:00 CST 1 Payment
sleepiness-50 Sat Jan 01 02:16:00 CST 1 Working
income+10 Sat Jan 01 02:16:00 CST 1 New Income
debt-10 Sat Jan 01 02:16:00 CST 1 Payment
sleepiness+100 Sat Jan 01 05:02:00 CST 1 Going home
sleepiness-50 Sat Jan 01 05:17:00 CST 1 Working
income+10 Sat Jan 01 05:17:00 CST 1 New Income
debt-10 Sat Jan 01 05:17:00 CST 1 Payment
sleepiness-50 Sat Jan 01 06:09:00 CST 1 Working
income+10 Sat Jan 01 06:09:00 CST 1 New Income
savings+10 Sat Jan 01 06:09:00 CST 1 Payment
sleepiness+100 Sat Jan 01 07:05:00 CST 1 Going home
sleepiness-50 Sat Jan 01 07:44:00 CST 1 Working
income+10 Sat Jan 01 07:44:00 CST 1 New Income
savings+10 Sat Jan 01 07:44:00 CST 1 Payment
income+0 Sat Jan 01 08:02:00 CST 1 Bought a House
bills+0 Sat Jan 01 08:02:00 CST 1 Bought a House
taxes+0 Sat Jan 01 08:02:00 CST 1 Bought a House
savings+38 Sat Jan 01 08:02:00 CST 1 Bought a House
debt+62 Sat Jan 01 08:02:00 CST 1 Bought a House
sleepiness-50 Sat Jan 01 08:03:00 CST 1 Working
income+10 Sat Jan 01 08:03:00 CST 1 New Income
debt-10 Sat Jan 01 08:03:00 CST 1 Payment
thirst+90 Sat Jan 01 13:37:00 CST 1 Getting water
N/A+0 Mon Jan 03 00:00:00 CST 1 death
