age+0 Sat Jan 01 11:16:00 CST 1 creation
sleepiness-50 Sat Jan 01 11:21:00 CST 1 Working
income+10 Sat Jan 01 11:21:00 CST 1 New Income
debt-10 Sat Jan 01 11:21:00 CST 1 Payment
sleepiness-50 Sat Jan 01 12:05:00 CST 1 Working
income+10 Sat Jan 01 12:05:00 CST 1 New Income
debt-10 Sat Jan 01 12:05:00 CST 1 Payment
sleepiness+100 Sat Jan 01 23:44:00 CST 1 Going home
sleepiness-50 Sat Jan 01 23:54:00 CST 1 Working
income+10 Sat Jan 01 23:54:00 CST 1 New Income
debt-10 Sat Jan 01 23:54:00 CST 1 Payment
sleepiness-50 Sun Jan 02 00:25:00 CST 1 Working
income+10 Sun Jan 02 00:25:00 CST 1 New Income
debt-10 Sun Jan 02 00:25:00 CST 1 Payment
sleepiness+100 Sun Jan 02 00:40:00 CST 1 Going home
sleepiness-50 Sun Jan 02 01:09:00 CST 1 Working
income+10 Sun Jan 02 01:09:00 CST 1 New Income
savings+10 Sun Jan 02 01:09:00 CST 1 Payment
income+0 Sun Jan 02 01:41:00 CST 1 Bought a House
bills+0 Sun Jan 02 01:41:00 CST 1 Bought a House
taxes+0 Sun Jan 02 01:41:00 CST 1 Bought a House
savings+44 Sun Jan 02 01:41:00 CST 1 Bought a House
debt+56 Sun Jan 02 01:41:00 CST 1 Bought a House
sleepiness-50 Sun Jan 02 01:42:00 CST 1 Working
income+10 Sun Jan 02 01:42:00 CST 1 New Income
debt-10 Sun Jan 02 01:42:00 CST 1 Payment
thirst+90 Wed Jan 05 10:06:00 CST 1 Getting water
companionship+10 Fri Jan 07 04:42:00 CST 1 Procreating
sleepiness-10 Fri Jan 07 04:42:00 CST 1 Procreating
sleepiness+100 Tue Jan 11 11:12:00 CST 1 Going home
sleepiness-50 Tue Jan 11 11:21:00 CST 1 Working
income+10 Tue Jan 11 11:21:00 CST 1 New Income
debt-10 Tue Jan 11 11:21:00 CST 1 Payment
sleepiness-50 Tue Jan 11 12:11:00 CST 1 Working
income+10 Tue Jan 11 12:11:00 CST 1 New Income
debt-10 Tue Jan 11 12:11:00 CST 1 Payment
sleepiness+100 Tue Jan 11 21:02:00 CST 1 Going home
sleepiness-50 Tue Jan 11 21:54:00 CST 1 Working
income+10 Tue Jan 11 21:54:00 CST 1 New Income
debt-10 Tue Jan 11 21:54:00 CST 1 Payment
sleepiness-50 Tue Jan 11 22:44:00 CST 1 Working
income+10 Tue Jan 11 22:44:00 CST 1 New Income
debt-10 Tue Jan 11 22:44:00 CST 1 Payment
sleepiness+100 Tue Jan 11 22:52:00 CST 1 Going home
sleepiness-50 Tue Jan 11 23:44:00 CST 1 Working
income+10 Tue Jan 11 23:44:00 CST 1 New Income
debt-10 Tue Jan 11 23:44:00 CST 1 Payment
sleepiness-50 Wed Jan 12 00:32:00 CST 1 Working
income+10 Wed Jan 12 00:32:00 CST 1 New Income
debt-10 Wed Jan 12 00:32:00 CST 1 Payment
sleepiness+100 Wed Jan 12 00:40:00 CST 1 Going home
sleepiness-50 Wed Jan 12 01:20:00 CST 1 Working
income+10 Wed Jan 12 01:20:00 CST 1 New Income
debt-10 Wed Jan 12 01:20:00 CST 1 Payment
sleepiness-50 Wed Jan 12 02:39:00 CST 1 Working
income+10 Wed Jan 12 02:39:00 CST 1 New Income
debt-10 Wed Jan 12 02:39:00 CST 1 Payment
sleepiness+100 Wed Jan 12 02:07:00 CST 1 Going home
sleepiness-50 Wed Jan 12 02:48:00 CST 1 Working
income+10 Wed Jan 12 02:48:00 CST 1 New Income
debt-10 Wed Jan 12 02:48:00 CST 1 Payment
sleepiness-50 Wed Jan 12 03:26:00 CST 1 Working
income+10 Wed Jan 12 03:26:00 CST 1 New Income
savings+10 Wed Jan 12 03:26:00 CST 1 Payment
sleepiness+100 Wed Jan 12 03:34:00 CST 1 Going home
sleepiness-50 Wed Jan 12 04:15:00 CST 1 Working
income+10 Wed Jan 12 04:15:00 CST 1 New Income
savings+10 Wed Jan 12 04:15:00 CST 1 Payment
sleepiness-50 Wed Jan 12 04:54:00 CST 1 Working
income+10 Wed Jan 12 04:54:00 CST 1 New Income
savings+10 Wed Jan 12 04:54:00 CST 1 Payment
sleepiness+100 Wed Jan 12 05:02:00 CST 1 Going home
sleepiness-50 Wed Jan 12 05:43:00 CST 1 Working
income+10 Wed Jan 12 05:43:00 CST 1 New Income
savings+10 Wed Jan 12 05:43:00 CST 1 Payment
sleepiness-50 Wed Jan 12 06:33:00 CST 1 Working
income+10 Wed Jan 12 06:33:00 CST 1 New Income
savings+10 Wed Jan 12 06:33:00 CST 1 Payment
sleepiness+100 Wed Jan 12 06:41:00 CST 1 Going home
sleepiness-50 Wed Jan 12 07:21:00 CST 1 Working
income+10 Wed Jan 12 07:21:00 CST 1 New Income
savings+10 Wed Jan 12 07:21:00 CST 1 Payment
sleepiness-50 Wed Jan 12 08:39:00 CST 1 Working
income+10 Wed Jan 12 08:39:00 CST 1 New Income
savings+10 Wed Jan 12 08:39:00 CST 1 Payment
thirst+90 Wed Jan 12 12:54:00 CST 1 Getting water
sleepiness+100 Wed Jan 12 21:10:00 CST 1 Going home
sleepiness-50 Wed Jan 12 22:02:00 CST 1 Working
income+10 Wed Jan 12 22:02:00 CST 1 New Income
savings+10 Wed Jan 12 22:02:00 CST 1 Payment
sleepiness-50 Wed Jan 12 22:52:00 CST 1 Working
income+10 Wed Jan 12 22:52:00 CST 1 New Income
savings+10 Wed Jan 12 22:52:00 CST 1 Payment
sleepiness+100 Wed Jan 12 23:00:00 CST 1 Going home
sleepiness-50 Wed Jan 12 23:52:00 CST 1 Working
income+10 Wed Jan 12 23:52:00 CST 1 New Income
savings+10 Wed Jan 12 23:52:00 CST 1 Payment
sleepiness-50 Thu Jan 13 00:40:00 CST 1 Working
income+10 Thu Jan 13 00:40:00 CST 1 New Income
savings+10 Thu Jan 13 00:40:00 CST 1 Payment
sleepiness+100 Thu Jan 13 00:48:00 CST 1 Going home
sleepiness-50 Thu Jan 13 01:43:00 CST 1 Working
income+10 Thu Jan 13 01:43:00 CST 1 New Income
savings+10 Thu Jan 13 01:43:00 CST 1 Payment
sleepiness-50 Thu Jan 13 02:09:00 CST 1 Working
income+10 Thu Jan 13 02:09:00 CST 1 New Income
savings+10 Thu Jan 13 02:09:00 CST 1 Payment
sleepiness+100 Thu Jan 13 02:21:00 CST 1 Going home
sleepiness-50 Thu Jan 13 02:58:00 CST 1 Working
income+10 Thu Jan 13 02:58:00 CST 1 New Income
savings+10 Thu Jan 13 02:58:00 CST 1 Payment
sleepiness-50 Thu Jan 13 03:24:00 CST 1 Working
income+10 Thu Jan 13 03:24:00 CST 1 New Income
savings+10 Thu Jan 13 03:24:00 CST 1 Payment
sleepiness+100 Thu Jan 13 03:36:00 CST 1 Going home
sleepiness-50 Thu Jan 13 04:14:00 CST 1 Working
income+10 Thu Jan 13 04:14:00 CST 1 New Income
savings+10 Thu Jan 13 04:14:00 CST 1 Payment
sleepiness-50 Thu Jan 13 04:40:00 CST 1 Working
income+10 Thu Jan 13 04:40:00 CST 1 New Income
savings+10 Thu Jan 13 04:40:00 CST 1 Payment
sleepiness+100 Thu Jan 13 04:52:00 CST 1 Going home
sleepiness-50 Thu Jan 13 05:29:00 CST 1 Working
income+10 Thu Jan 13 05:29:00 CST 1 New Income
savings+10 Thu Jan 13 05:29:00 CST 1 Payment
sleepiness-50 Thu Jan 13 05:56:00 CST 1 Working
income+10 Thu Jan 13 05:56:00 CST 1 New Income
savings+10 Thu Jan 13 05:56:00 CST 1 Payment
sleepiness+100 Thu Jan 13 06:08:00 CST 1 Going home
sleepiness-50 Thu Jan 13 06:46:00 CST 1 Working
income+10 Thu Jan 13 06:46:00 CST 1 New Income
savings+10 Thu Jan 13 06:46:00 CST 1 Payment
sleepiness-50 Thu Jan 13 07:12:00 CST 1 Working
income+10 Thu Jan 13 07:12:00 CST 1 New Income
savings+10 Thu Jan 13 07:12:00 CST 1 Payment
sleepiness+100 Thu Jan 13 07:24:00 CST 1 Going home
sleepiness-50 Thu Jan 13 08:02:00 CST 1 Working
income+10 Thu Jan 13 08:02:00 CST 1 New Income
savings+10 Thu Jan 13 08:02:00 CST 1 Payment
sleepiness-50 Thu Jan 13 08:28:00 CST 1 Working
income+10 Thu Jan 13 08:28:00 CST 1 New Income
savings+10 Thu Jan 13 08:28:00 CST 1 Payment
sleepiness+100 Thu Jan 13 21:06:00 CST 1 Going home
sleepiness-50 Thu Jan 13 21:43:00 CST 1 Working
income+10 Thu Jan 13 21:43:00 CST 1 New Income
savings+10 Thu Jan 13 21:43:00 CST 1 Payment
sleepiness-50 Thu Jan 13 22:09:00 CST 1 Working
income+10 Thu Jan 13 22:09:00 CST 1 New Income
savings+10 Thu Jan 13 22:09:00 CST 1 Payment
sleepiness+100 Thu Jan 13 22:21:00 CST 1 Going home
sleepiness-50 Thu Jan 13 23:39:00 CST 1 Working
income+10 Thu Jan 13 23:39:00 CST 1 New Income
savings+10 Thu Jan 13 23:39:00 CST 1 Payment
sleepiness-50 Thu Jan 13 23:25:00 CST 1 Working
income+10 Thu Jan 13 23:25:00 CST 1 New Income
savings+10 Thu Jan 13 23:25:00 CST 1 Payment
sleepiness+100 Thu Jan 13 23:37:00 CST 1 Going home
sleepiness-50 Fri Jan 14 00:13:00 CST 1 Working
income+10 Fri Jan 14 00:13:00 CST 1 New Income
savings+10 Fri Jan 14 00:13:00 CST 1 Payment
sleepiness-50 Fri Jan 14 00:39:00 CST 1 Working
income+10 Fri Jan 14 00:39:00 CST 1 New Income
savings+10 Fri Jan 14 00:39:00 CST 1 Payment
sleepiness+100 Fri Jan 14 00:51:00 CST 1 Going home
sleepiness-50 Fri Jan 14 01:28:00 CST 1 Working
income+10 Fri Jan 14 01:28:00 CST 1 New Income
savings+10 Fri Jan 14 01:28:00 CST 1 Payment
sleepiness-50 Fri Jan 14 01:54:00 CST 1 Working
income+10 Fri Jan 14 01:54:00 CST 1 New Income
savings+10 Fri Jan 14 01:54:00 CST 1 Payment
sleepiness+100 Fri Jan 14 02:06:00 CST 1 Going home
sleepiness-50 Fri Jan 14 02:44:00 CST 1 Working
income+10 Fri Jan 14 02:44:00 CST 1 New Income
savings+10 Fri Jan 14 02:44:00 CST 1 Payment
sleepiness-50 Fri Jan 14 03:10:00 CST 1 Working
income+10 Fri Jan 14 03:10:00 CST 1 New Income
savings+10 Fri Jan 14 03:10:00 CST 1 Payment
sleepiness+100 Fri Jan 14 03:21:00 CST 1 Going home
sleepiness-50 Fri Jan 14 03:40:00 CST 1 Working
income+10 Fri Jan 14 03:40:00 CST 1 New Income
savings+10 Fri Jan 14 03:40:00 CST 1 Payment
sleepiness-50 Fri Jan 14 04:06:00 CST 1 Working
income+10 Fri Jan 14 04:06:00 CST 1 New Income
savings+10 Fri Jan 14 04:06:00 CST 1 Payment
sleepiness+100 Fri Jan 14 04:17:00 CST 1 Going home
sleepiness-50 Fri Jan 14 04:36:00 CST 1 Working
income+10 Fri Jan 14 04:36:00 CST 1 New Income
savings+10 Fri Jan 14 04:36:00 CST 1 Payment
sleepiness-50 Fri Jan 14 05:02:00 CST 1 Working
income+10 Fri Jan 14 05:02:00 CST 1 New Income
savings+10 Fri Jan 14 05:02:00 CST 1 Payment
sleepiness+100 Fri Jan 14 05:13:00 CST 1 Going home
sleepiness-50 Fri Jan 14 05:33:00 CST 1 Working
income+10 Fri Jan 14 05:33:00 CST 1 New Income
savings+10 Fri Jan 14 05:33:00 CST 1 Payment
sleepiness-50 Fri Jan 14 06:39:00 CST 1 Working
income+10 Fri Jan 14 06:39:00 CST 1 New Income
savings+10 Fri Jan 14 06:39:00 CST 1 Payment
sleepiness+100 Fri Jan 14 06:10:00 CST 1 Going home
sleepiness-50 Fri Jan 14 06:29:00 CST 1 Working
income+10 Fri Jan 14 06:29:00 CST 1 New Income
savings+10 Fri Jan 14 06:29:00 CST 1 Payment
sleepiness-50 Fri Jan 14 06:55:00 CST 1 Working
income+10 Fri Jan 14 06:55:00 CST 1 New Income
savings+10 Fri Jan 14 06:55:00 CST 1 Payment
sleepiness+100 Fri Jan 14 07:06:00 CST 1 Going home
sleepiness-50 Fri Jan 14 07:25:00 CST 1 Working
income+10 Fri Jan 14 07:25:00 CST 1 New Income
savings+10 Fri Jan 14 07:25:00 CST 1 Payment
sleepiness-50 Fri Jan 14 07:51:00 CST 1 Working
income+10 Fri Jan 14 07:51:00 CST 1 New Income
savings+10 Fri Jan 14 07:51:00 CST 1 Payment
sleepiness+100 Fri Jan 14 08:02:00 CST 1 Going home
sleepiness-50 Fri Jan 14 08:22:00 CST 1 Working
income+10 Fri Jan 14 08:22:00 CST 1 New Income
savings+10 Fri Jan 14 08:22:00 CST 1 Payment
sleepiness-50 Fri Jan 14 08:48:00 CST 1 Working
income+10 Fri Jan 14 08:48:00 CST 1 New Income
savings+10 Fri Jan 14 08:48:00 CST 1 Payment
sleepiness+100 Fri Jan 14 21:04:00 CST 1 Going home
sleepiness-50 Fri Jan 14 22:39:00 CST 1 Working
income+10 Fri Jan 14 22:39:00 CST 1 New Income
savings+10 Fri Jan 14 22:39:00 CST 1 Payment
sleepiness-50 Fri Jan 14 22:12:00 CST 1 Working
income+10 Fri Jan 14 22:12:00 CST 1 New Income
savings+10 Fri Jan 14 22:12:00 CST 1 Payment
sleepiness+100 Fri Jan 14 22:23:00 CST 1 Going home
sleepiness-50 Fri Jan 14 22:36:00 CST 1 Working
income+10 Fri Jan 14 22:36:00 CST 1 New Income
savings+10 Fri Jan 14 22:36:00 CST 1 Payment
sleepiness-50 Fri Jan 14 22:55:00 CST 1 Working
income+10 Fri Jan 14 22:55:00 CST 1 New Income
savings+10 Fri Jan 14 22:55:00 CST 1 Payment
sleepiness+100 Fri Jan 14 23:46:00 CST 1 Going home
sleepiness-50 Fri Jan 14 23:58:00 CST 1 Working
income+10 Fri Jan 14 23:58:00 CST 1 New Income
savings+10 Fri Jan 14 23:58:00 CST 1 Payment
sleepiness-50 Sat Jan 15 00:14:00 CST 1 Working
income+10 Sat Jan 15 00:14:00 CST 1 New Income
savings+10 Sat Jan 15 00:14:00 CST 1 Payment
trust+10 Sat Jan 15 01:54:00 CST 1 Voting
sleepiness+100 Sat Jan 15 03:34:00 CST 1 Going home
sleepiness-50 Sat Jan 15 04:02:00 CST 1 Working
income+10 Sat Jan 15 04:02:00 CST 1 New Income
savings+10 Sat Jan 15 04:02:00 CST 1 Payment
sleepiness-50 Sat Jan 15 04:48:00 CST 1 Working
income+10 Sat Jan 15 04:48:00 CST 1 New Income
savings+10 Sat Jan 15 04:48:00 CST 1 Payment
sleepiness+100 Sat Jan 15 05:48:00 CST 1 Going home
sleepiness-50 Sat Jan 15 06:07:00 CST 1 Working
income+10 Sat Jan 15 06:07:00 CST 1 New Income
savings+10 Sat Jan 15 06:07:00 CST 1 Payment
sleepiness-50 Sat Jan 15 06:41:00 CST 1 Working
income+10 Sat Jan 15 06:41:00 CST 1 New Income
savings+10 Sat Jan 15 06:41:00 CST 1 Payment
sleepiness+100 Sat Jan 15 07:41:00 CST 1 Going home
sleepiness-50 Sat Jan 15 08:38:00 CST 1 Working
income+10 Sat Jan 15 08:38:00 CST 1 New Income
savings+10 Sat Jan 15 08:38:00 CST 1 Payment
sleepiness-50 Sat Jan 15 09:05:00 CST 1 Working
income+10 Sat Jan 15 09:05:00 CST 1 New Income
savings+10 Sat Jan 15 09:05:00 CST 1 Payment
