age+0 Sat Jan 01 11:16:00 CST 1 creation
sleepiness-50 Sat Jan 01 12:09:00 CST 1 Working
income+10 Sat Jan 01 12:09:00 CST 1 New Income
debt-10 Sat Jan 01 12:09:00 CST 1 Payment
sleepiness-50 Sat Jan 01 14:51:00 CST 1 Working
income+10 Sat Jan 01 14:51:00 CST 1 New Income
debt-10 Sat Jan 01 14:51:00 CST 1 Payment
sleepiness+100 Sat Jan 01 23:09:00 CST 1 Going home
sleepiness-50 Sun Jan 02 02:52:00 CST 1 Working
income+10 Sun Jan 02 02:52:00 CST 1 New Income
debt-10 Sun Jan 02 02:52:00 CST 1 Payment
sleepiness-50 Sun Jan 02 04:56:00 CST 1 Working
income+10 Sun Jan 02 04:56:00 CST 1 New Income
debt-10 Sun Jan 02 04:56:00 CST 1 Payment
sleepiness+100 Sun Jan 02 07:34:00 CST 1 Going home
sleepiness-50 Sun Jan 02 11:22:00 CST 1 Working
income+10 Sun Jan 02 11:22:00 CST 1 New Income
debt-10 Sun Jan 02 11:22:00 CST 1 Payment
sleepiness-50 Sun Jan 02 16:08:00 CST 1 Working
income+10 Sun Jan 02 16:08:00 CST 1 New Income
debt-10 Sun Jan 02 16:08:00 CST 1 Payment
sleepiness+100 Mon Jan 03 00:53:00 CST 1 Going home
sleepiness-50 Mon Jan 03 04:39:00 CST 1 Working
income+10 Mon Jan 03 04:39:00 CST 1 New Income
debt-10 Mon Jan 03 04:39:00 CST 1 Payment
sleepiness-50 Mon Jan 03 05:07:00 CST 1 Working
income+10 Mon Jan 03 05:07:00 CST 1 New Income
debt-10 Mon Jan 03 05:07:00 CST 1 Payment
sleepiness+100 Mon Jan 03 08:14:00 CST 1 Going home
sleepiness-50 Mon Jan 03 13:39:00 CST 1 Working
income+10 Mon Jan 03 13:39:00 CST 1 New Income
debt-10 Mon Jan 03 13:39:00 CST 1 Payment
sleepiness-50 Mon Jan 03 14:49:00 CST 1 Working
income+10 Mon Jan 03 14:49:00 CST 1 New Income
savings+10 Mon Jan 03 14:49:00 CST 1 Payment
income+0 Mon Jan 03 15:37:00 CST 1 Bought a House
bills+0 Mon Jan 03 15:37:00 CST 1 Bought a House
taxes+0 Mon Jan 03 15:37:00 CST 1 Bought a House
savings+64 Mon Jan 03 15:37:00 CST 1 Bought a House
debt+36 Mon Jan 03 15:37:00 CST 1 Bought a House
thirst+90 Sat Jan 08 00:20:00 CST 1 Getting water
companionship+10 Sun Jan 09 03:19:00 CST 1 Procreating
sleepiness-10 Sun Jan 09 03:19:00 CST 1 Procreating
thirst+90 Fri Jan 14 09:47:00 CST 1 Getting water
