age+0 Sat Jan 01 11:16:00 CST 1 creation
sleepiness-50 Sat Jan 01 14:50:00 CST 1 Working
income+10 Sat Jan 01 14:50:00 CST 1 New Income
debt-10 Sat Jan 01 14:50:00 CST 1 Payment
sleepiness-50 Sat Jan 01 17:22:00 CST 1 Working
income+10 Sat Jan 01 17:22:00 CST 1 New Income
debt-10 Sat Jan 01 17:22:00 CST 1 Payment
sleepiness+100 Sat Jan 01 22:55:00 CST 1 Going home
sleepiness-50 Sun Jan 02 02:44:00 CST 1 Working
income+10 Sun Jan 02 02:44:00 CST 1 New Income
debt-10 Sun Jan 02 02:44:00 CST 1 Payment
sleepiness-50 Sun Jan 02 04:49:00 CST 1 Working
income+10 Sun Jan 02 04:49:00 CST 1 New Income
debt-10 Sun Jan 02 04:49:00 CST 1 Payment
sleepiness+100 Sun Jan 02 07:27:00 CST 1 Going home
sleepiness-50 Sun Jan 02 11:15:00 CST 1 Working
income+10 Sun Jan 02 11:15:00 CST 1 New Income
debt-10 Sun Jan 02 11:15:00 CST 1 Payment
sleepiness-50 Sun Jan 02 16:00:00 CST 1 Working
income+10 Sun Jan 02 16:00:00 CST 1 New Income
debt-10 Sun Jan 02 16:00:00 CST 1 Payment
sleepiness+100 Mon Jan 03 00:53:00 CST 1 Going home
sleepiness-50 Mon Jan 03 04:39:00 CST 1 Working
income+10 Mon Jan 03 04:39:00 CST 1 New Income
debt-10 Mon Jan 03 04:39:00 CST 1 Payment
sleepiness-50 Mon Jan 03 05:07:00 CST 1 Working
income+10 Mon Jan 03 05:07:00 CST 1 New Income
debt-10 Mon Jan 03 05:07:00 CST 1 Payment
sleepiness+100 Mon Jan 03 08:14:00 CST 1 Going home
sleepiness-50 Mon Jan 03 13:39:00 CST 1 Working
income+10 Mon Jan 03 13:39:00 CST 1 New Income
debt-10 Mon Jan 03 13:39:00 CST 1 Payment
income+0 Mon Jan 03 13:05:00 CST 1 Bought a House
bills+0 Mon Jan 03 13:05:00 CST 1 Bought a House
taxes+0 Mon Jan 03 13:05:00 CST 1 Bought a House
savings+99 Mon Jan 03 13:05:00 CST 1 Bought a House
debt+1 Mon Jan 03 13:05:00 CST 1 Bought a House
sleepiness-50 Mon Jan 03 14:49:00 CST 1 Working
income+10 Mon Jan 03 14:49:00 CST 1 New Income
debt-10 Mon Jan 03 14:49:00 CST 1 Payment
thirst+90 Thu Jan 06 07:55:00 CST 1 Getting water
companionship+10 Wed Jan 12 03:18:00 CST 1 Procreating
sleepiness-10 Wed Jan 12 03:18:00 CST 1 Procreating
thirst+90 Wed Jan 12 17:30:00 CST 1 Getting water
