age+0 Sat Jan 01 01:31:00 CST 1 creation
sleepiness-50 Sat Jan 01 01:32:00 CST 1 Working
income+10 Sat Jan 01 01:32:00 CST 1 New Income
debt-10 Sat Jan 01 01:32:00 CST 1 Payment
sleepiness-50 Sat Jan 01 02:16:00 CST 1 Working
income+10 Sat Jan 01 02:16:00 CST 1 New Income
debt-10 Sat Jan 01 02:16:00 CST 1 Payment
sleepiness+100 Sat Jan 01 07:39:00 CST 1 Going home
sleepiness-50 Sat Jan 01 07:56:00 CST 1 Working
income+10 Sat Jan 01 07:56:00 CST 1 New Income
debt-10 Sat Jan 01 07:56:00 CST 1 Payment
sleepiness-50 Sat Jan 01 08:16:00 CST 1 Working
income+10 Sat Jan 01 08:16:00 CST 1 New Income
debt-10 Sat Jan 01 08:16:00 CST 1 Payment
sleepiness+100 Sat Jan 01 21:04:00 CST 1 Going home
sleepiness-50 Sat Jan 01 22:04:00 CST 1 Working
income+10 Sat Jan 01 22:04:00 CST 1 New Income
debt-10 Sat Jan 01 22:04:00 CST 1 Payment
sleepiness-50 Sat Jan 01 22:37:00 CST 1 Working
income+10 Sat Jan 01 22:37:00 CST 1 New Income
savings+10 Sat Jan 01 22:37:00 CST 1 Payment
sleepiness+100 Sat Jan 01 22:55:00 CST 1 Going home
sleepiness-50 Sat Jan 01 23:25:00 CST 1 Working
income+10 Sat Jan 01 23:25:00 CST 1 New Income
savings+10 Sat Jan 01 23:25:00 CST 1 Payment
income+0 Sat Jan 01 23:57:00 CST 1 Bought a House
bills+0 Sat Jan 01 23:57:00 CST 1 Bought a House
taxes+0 Sat Jan 01 23:57:00 CST 1 Bought a House
savings+38 Sat Jan 01 23:57:00 CST 1 Bought a House
debt+62 Sat Jan 01 23:57:00 CST 1 Bought a House
sleepiness-50 Sun Jan 02 00:01:00 CST 1 Working
income+10 Sun Jan 02 00:01:00 CST 1 New Income
debt-10 Sun Jan 02 00:01:00 CST 1 Payment
companionship+10 Thu Jan 06 01:35:00 CST 1 Procreating
sleepiness-10 Thu Jan 06 01:35:00 CST 1 Procreating
thirst+90 Thu Jan 06 03:31:00 CST 1 Getting water
thirst+90 Wed Jan 12 09:21:00 CST 1 Getting water
sleepiness+100 Fri Jan 14 07:58:00 CST 1 Going home
sleepiness-50 Fri Jan 14 09:01:00 CST 1 Working
income+10 Fri Jan 14 09:01:00 CST 1 New Income
debt-10 Fri Jan 14 09:01:00 CST 1 Payment
sleepiness-50 Fri Jan 14 09:17:00 CST 1 Working
income+10 Fri Jan 14 09:17:00 CST 1 New Income
debt-10 Fri Jan 14 09:17:00 CST 1 Payment
sleepiness+100 Fri Jan 14 21:19:00 CST 1 Going home
sleepiness-50 Fri Jan 14 22:14:00 CST 1 Working
income+10 Fri Jan 14 22:14:00 CST 1 New Income
debt-10 Fri Jan 14 22:14:00 CST 1 Payment
sleepiness-50 Fri Jan 14 23:02:00 CST 1 Working
income+10 Fri Jan 14 23:02:00 CST 1 New Income
debt-10 Fri Jan 14 23:02:00 CST 1 Payment
sleepiness+100 Fri Jan 14 23:28:00 CST 1 Going home
sleepiness-50 Fri Jan 14 23:58:00 CST 1 Working
income+10 Fri Jan 14 23:58:00 CST 1 New Income
debt-10 Fri Jan 14 23:58:00 CST 1 Payment
sleepiness-50 Sat Jan 15 00:43:00 CST 1 Working
income+10 Sat Jan 15 00:43:00 CST 1 New Income
debt-10 Sat Jan 15 00:43:00 CST 1 Payment
sleepiness+100 Sat Jan 15 01:49:00 CST 1 Going home
sleepiness-50 Sat Jan 15 02:44:00 CST 1 Working
income+10 Sat Jan 15 02:44:00 CST 1 New Income
debt-10 Sat Jan 15 02:44:00 CST 1 Payment
sleepiness-50 Sat Jan 15 03:32:00 CST 1 Working
income+10 Sat Jan 15 03:32:00 CST 1 New Income
debt-10 Sat Jan 15 03:32:00 CST 1 Payment
