age+0 Sat Jan 01 11:16:00 CST 1 creation
sleepiness-50 Sat Jan 01 11:17:00 CST 1 Working
income+10 Sat Jan 01 11:17:00 CST 1 New Income
debt-10 Sat Jan 01 11:17:00 CST 1 Payment
sleepiness-50 Sat Jan 01 11:58:00 CST 1 Working
income+10 Sat Jan 01 11:58:00 CST 1 New Income
debt-10 Sat Jan 01 11:58:00 CST 1 Payment
companionship+10 Sat Jan 01 14:16:00 CST 1 Procreating
sleepiness-10 Sat Jan 01 14:16:00 CST 1 Procreating
sleepiness+100 Sun Jan 02 01:18:00 CST 1 Going home
sleepiness-50 Sun Jan 02 02:13:00 CST 1 Working
income+10 Sun Jan 02 02:13:00 CST 1 New Income
debt-10 Sun Jan 02 02:13:00 CST 1 Payment
sleepiness-50 Sun Jan 02 03:14:00 CST 1 Working
income+10 Sun Jan 02 03:14:00 CST 1 New Income
debt-10 Sun Jan 02 03:14:00 CST 1 Payment
sleepiness+100 Sun Jan 02 03:55:00 CST 1 Going home
sleepiness-50 Sun Jan 02 04:30:00 CST 1 Working
income+10 Sun Jan 02 04:30:00 CST 1 New Income
debt-10 Sun Jan 02 04:30:00 CST 1 Payment
sleepiness-50 Sun Jan 02 05:09:00 CST 1 Working
income+10 Sun Jan 02 05:09:00 CST 1 New Income
debt-10 Sun Jan 02 05:09:00 CST 1 Payment
sleepiness+100 Sun Jan 02 05:47:00 CST 1 Going home
sleepiness-50 Sun Jan 02 06:05:00 CST 1 Working
income+10 Sun Jan 02 06:05:00 CST 1 New Income
debt-10 Sun Jan 02 06:05:00 CST 1 Payment
sleepiness-50 Sun Jan 02 06:54:00 CST 1 Working
income+10 Sun Jan 02 06:54:00 CST 1 New Income
debt-10 Sun Jan 02 06:54:00 CST 1 Payment
income+0 Sun Jan 02 07:00:00 CST 1 Bought a House
bills+0 Sun Jan 02 07:00:00 CST 1 Bought a House
taxes+0 Sun Jan 02 07:00:00 CST 1 Bought a House
savings+60 Sun Jan 02 07:00:00 CST 1 Bought a House
debt+40 Sun Jan 02 07:00:00 CST 1 Bought a House
sleepiness+100 Sun Jan 02 07:16:00 CST 1 Going home
sleepiness-50 Sun Jan 02 08:06:00 CST 1 Working
income+10 Sun Jan 02 08:06:00 CST 1 New Income
debt-10 Sun Jan 02 08:06:00 CST 1 Payment
sleepiness-50 Sun Jan 02 08:55:00 CST 1 Working
income+10 Sun Jan 02 08:55:00 CST 1 New Income
debt-10 Sun Jan 02 08:55:00 CST 1 Payment
thirst+90 Thu Jan 06 02:56:00 CST 1 Getting water
thirst+90 Wed Jan 12 08:54:00 CST 1 Getting water
companionship+10 Sat Jan 15 04:28:00 CST 1 Procreating
sleepiness-10 Sat Jan 15 04:28:00 CST 1 Procreating
