age+0 Mon Jan 03 05:32:00 CST 1 creation
sleepiness-50 Mon Jan 03 05:41:00 CST 1 Working
income+10 Mon Jan 03 05:41:00 CST 1 New Income
debt-10 Mon Jan 03 05:41:00 CST 1 Payment
sleepiness-50 Mon Jan 03 06:01:00 CST 1 Working
income+10 Mon Jan 03 06:01:00 CST 1 New Income
debt-10 Mon Jan 03 06:01:00 CST 1 Payment
companionship+10 Mon Jan 03 10:40:00 CST 1 Procreating
sleepiness-10 Mon Jan 03 10:40:00 CST 1 Procreating
thirst+90 Fri Jan 07 08:21:00 CST 1 Getting water
thirst+90 Thu Jan 13 14:11:00 CST 1 Getting water
sleepiness+100 Fri Jan 14 23:39:00 CST 1 Going home
sleepiness-50 Fri Jan 14 23:52:00 CST 1 Working
income+10 Fri Jan 14 23:52:00 CST 1 New Income
savings+10 Fri Jan 14 23:52:00 CST 1 Payment
sleepiness-50 Sat Jan 15 00:15:00 CST 1 Working
income+10 Sat Jan 15 00:15:00 CST 1 New Income
savings+10 Sat Jan 15 00:15:00 CST 1 Payment
sleepiness+100 Sat Jan 15 00:28:00 CST 1 Going home
sleepiness-50 Sat Jan 15 01:21:00 CST 1 Working
income+10 Sat Jan 15 01:21:00 CST 1 New Income
savings+10 Sat Jan 15 01:21:00 CST 1 Payment
sleepiness-50 Sat Jan 15 01:53:00 CST 1 Working
income+10 Sat Jan 15 01:53:00 CST 1 New Income
savings+10 Sat Jan 15 01:53:00 CST 1 Payment
sleepiness+100 Sat Jan 15 02:05:00 CST 1 Going home
sleepiness-50 Sat Jan 15 02:46:00 CST 1 Working
income+10 Sat Jan 15 02:46:00 CST 1 New Income
savings+10 Sat Jan 15 02:46:00 CST 1 Payment
sleepiness-50 Sat Jan 15 03:12:00 CST 1 Working
income+10 Sat Jan 15 03:12:00 CST 1 New Income
savings+10 Sat Jan 15 03:12:00 CST 1 Payment
sleepiness+100 Sat Jan 15 04:06:00 CST 1 Going home
