age+0 Thu Jan 06 01:35:00 CST 1 creation
sleepiness-50 Thu Jan 06 01:38:00 CST 1 Working
income+10 Thu Jan 06 01:38:00 CST 1 New Income
debt-10 Thu Jan 06 01:38:00 CST 1 Payment
sleepiness-50 Thu Jan 06 02:27:00 CST 1 Working
income+10 Thu Jan 06 02:27:00 CST 1 New Income
debt-10 Thu Jan 06 02:27:00 CST 1 Payment
thirst+90 Fri Jan 07 05:26:00 CST 1 Getting water
companionship+10 Thu Jan 13 04:33:00 CST 1 Procreating
sleepiness-10 Thu Jan 13 04:33:00 CST 1 Procreating
thirst+90 Thu Jan 13 16:28:00 CST 1 Getting water
sleepiness+100 Fri Jan 14 07:58:00 CST 1 Going home
sleepiness-50 Fri Jan 14 09:39:00 CST 1 Working
income+10 Fri Jan 14 09:39:00 CST 1 New Income
debt-10 Fri Jan 14 09:39:00 CST 1 Payment
sleepiness-50 Fri Jan 14 09:22:00 CST 1 Working
income+10 Fri Jan 14 09:22:00 CST 1 New Income
debt-10 Fri Jan 14 09:22:00 CST 1 Payment
sleepiness+100 Fri Jan 14 21:16:00 CST 1 Going home
sleepiness-50 Fri Jan 14 21:46:00 CST 1 Working
income+10 Fri Jan 14 21:46:00 CST 1 New Income
debt-10 Fri Jan 14 21:46:00 CST 1 Payment
sleepiness-50 Fri Jan 14 22:39:00 CST 1 Working
income+10 Fri Jan 14 22:39:00 CST 1 New Income
savings+10 Fri Jan 14 22:39:00 CST 1 Payment
sleepiness+100 Fri Jan 14 22:20:00 CST 1 Going home
sleepiness-50 Fri Jan 14 23:26:00 CST 1 Working
income+10 Fri Jan 14 23:26:00 CST 1 New Income
savings+10 Fri Jan 14 23:26:00 CST 1 Payment
sleepiness-50 Sat Jan 15 00:11:00 CST 1 Working
income+10 Sat Jan 15 00:11:00 CST 1 New Income
savings+10 Sat Jan 15 00:11:00 CST 1 Payment
trust+10 Sat Jan 15 03:25:00 CST 1 Voting
