age+0 Sat Jan 01 01:31:00 CST 1 creation
sleepiness-50 Sat Jan 01 05:21:00 CST 1 Working
income+10 Sat Jan 01 05:21:00 CST 1 New Income
debt-10 Sat Jan 01 05:21:00 CST 1 Payment
sleepiness-50 Sat Jan 01 08:00:00 CST 1 Working
income+10 Sat Jan 01 08:00:00 CST 1 New Income
debt-10 Sat Jan 01 08:00:00 CST 1 Payment
sleepiness+100 Sat Jan 01 22:50:00 CST 1 Going home
sleepiness-50 Sun Jan 02 01:52:00 CST 1 Working
income+10 Sun Jan 02 01:52:00 CST 1 New Income
debt-10 Sun Jan 02 01:52:00 CST 1 Payment
sleepiness-50 Sun Jan 02 06:39:00 CST 1 Working
income+10 Sun Jan 02 06:39:00 CST 1 New Income
debt-10 Sun Jan 02 06:39:00 CST 1 Payment
income+0 Sun Jan 02 07:10:00 CST 1 Bought a House
bills+0 Sun Jan 02 07:10:00 CST 1 Bought a House
taxes+0 Sun Jan 02 07:10:00 CST 1 Bought a House
savings+33 Sun Jan 02 07:10:00 CST 1 Bought a House
debt+67 Sun Jan 02 07:10:00 CST 1 Bought a House
sleepiness+100 Sun Jan 02 11:28:00 CST 1 Going home
sleepiness-50 Sun Jan 02 14:19:00 CST 1 Working
income+10 Sun Jan 02 14:19:00 CST 1 New Income
debt-10 Sun Jan 02 14:19:00 CST 1 Payment
sleepiness-50 Sun Jan 02 14:38:00 CST 1 Working
income+10 Sun Jan 02 14:38:00 CST 1 New Income
debt-10 Sun Jan 02 14:38:00 CST 1 Payment
companionship+10 Wed Jan 05 04:08:00 CST 1 Procreating
sleepiness-10 Wed Jan 05 04:08:00 CST 1 Procreating
sleepiness+100 Thu Jan 06 03:26:00 CST 1 Going home
sleepiness-50 Thu Jan 06 05:52:00 CST 1 Working
income+10 Thu Jan 06 05:52:00 CST 1 New Income
debt-10 Thu Jan 06 05:52:00 CST 1 Payment
sleepiness-50 Thu Jan 06 10:38:00 CST 1 Working
income+10 Thu Jan 06 10:38:00 CST 1 New Income
debt-10 Thu Jan 06 10:38:00 CST 1 Payment
thirst+90 Thu Jan 06 11:16:00 CST 1 Getting water
sleepiness+100 Fri Jan 07 01:53:00 CST 1 Going home
sleepiness-50 Fri Jan 07 04:39:00 CST 1 Working
income+10 Fri Jan 07 04:39:00 CST 1 New Income
debt-10 Fri Jan 07 04:39:00 CST 1 Payment
sleepiness-50 Fri Jan 07 06:15:00 CST 1 Working
income+10 Fri Jan 07 06:15:00 CST 1 New Income
debt-10 Fri Jan 07 06:15:00 CST 1 Payment
sleepiness+100 Fri Jan 07 09:45:00 CST 1 Going home
sleepiness-50 Fri Jan 07 14:27:00 CST 1 Working
income+10 Fri Jan 07 14:27:00 CST 1 New Income
debt-10 Fri Jan 07 14:27:00 CST 1 Payment
sleepiness-50 Fri Jan 07 18:30:00 CST 1 Working
income+10 Fri Jan 07 18:30:00 CST 1 New Income
debt-10 Fri Jan 07 18:30:00 CST 1 Payment
sleepiness+100 Sat Jan 08 01:01:00 CST 1 Going home
sleepiness-50 Sat Jan 08 03:08:00 CST 1 Working
income+10 Sat Jan 08 03:08:00 CST 1 New Income
debt-10 Sat Jan 08 03:08:00 CST 1 Payment
sleepiness-50 Sat Jan 08 06:03:00 CST 1 Working
income+10 Sat Jan 08 06:03:00 CST 1 New Income
debt-10 Sat Jan 08 06:03:00 CST 1 Payment
trust+10 Sat Jan 08 07:52:00 CST 1 Voting
sleepiness+100 Sun Jan 09 02:09:00 CST 1 Going home
sleepiness-50 Sun Jan 09 08:15:00 CST 1 Working
income+10 Sun Jan 09 08:15:00 CST 1 New Income
savings+10 Sun Jan 09 08:15:00 CST 1 Payment
sleepiness-50 Sun Jan 09 11:08:00 CST 1 Working
income+10 Sun Jan 09 11:08:00 CST 1 New Income
savings+10 Sun Jan 09 11:08:00 CST 1 Payment
sleepiness+100 Mon Jan 10 01:31:00 CST 1 Going home
sleepiness-50 Mon Jan 10 06:50:00 CST 1 Working
income+10 Mon Jan 10 06:50:00 CST 1 New Income
savings+10 Mon Jan 10 06:50:00 CST 1 Payment
sleepiness-50 Mon Jan 10 10:42:00 CST 1 Working
income+10 Mon Jan 10 10:42:00 CST 1 New Income
savings+10 Mon Jan 10 10:42:00 CST 1 Payment
sleepiness+100 Tue Jan 11 01:43:00 CST 1 Going home
sleepiness-50 Tue Jan 11 02:49:00 CST 1 Working
income+10 Tue Jan 11 02:49:00 CST 1 New Income
savings+10 Tue Jan 11 02:49:00 CST 1 Payment
sleepiness-50 Tue Jan 11 06:58:00 CST 1 Working
income+10 Tue Jan 11 06:58:00 CST 1 New Income
savings+10 Tue Jan 11 06:58:00 CST 1 Payment
sleepiness+100 Tue Jan 11 12:01:00 CST 1 Going home
sleepiness-50 Tue Jan 11 14:37:00 CST 1 Working
income+10 Tue Jan 11 14:37:00 CST 1 New Income
savings+10 Tue Jan 11 14:37:00 CST 1 Payment
sleepiness-50 Tue Jan 11 18:15:00 CST 1 Working
income+10 Tue Jan 11 18:15:00 CST 1 New Income
savings+10 Tue Jan 11 18:15:00 CST 1 Payment
sleepiness+100 Wed Jan 12 01:09:00 CST 1 Going home
sleepiness-50 Wed Jan 12 06:23:00 CST 1 Working
income+10 Wed Jan 12 06:23:00 CST 1 New Income
savings+10 Wed Jan 12 06:23:00 CST 1 Payment
sleepiness-50 Wed Jan 12 10:16:00 CST 1 Working
income+10 Wed Jan 12 10:16:00 CST 1 New Income
savings+10 Wed Jan 12 10:16:00 CST 1 Payment
sleepiness+100 Thu Jan 13 01:45:00 CST 1 Going home
sleepiness-50 Thu Jan 13 08:05:00 CST 1 Working
income+10 Thu Jan 13 08:05:00 CST 1 New Income
savings+10 Thu Jan 13 08:05:00 CST 1 Payment
sleepiness-50 Thu Jan 13 11:05:00 CST 1 Working
income+10 Thu Jan 13 11:05:00 CST 1 New Income
savings+10 Thu Jan 13 11:05:00 CST 1 Payment
sleepiness+100 Fri Jan 14 01:04:00 CST 1 Going home
sleepiness-50 Fri Jan 14 02:22:00 CST 1 Working
income+10 Fri Jan 14 02:22:00 CST 1 New Income
savings+10 Fri Jan 14 02:22:00 CST 1 Payment
sleepiness-50 Fri Jan 14 05:30:00 CST 1 Working
income+10 Fri Jan 14 05:30:00 CST 1 New Income
savings+10 Fri Jan 14 05:30:00 CST 1 Payment
sleepiness+100 Fri Jan 14 08:48:00 CST 1 Going home
sleepiness-50 Fri Jan 14 15:24:00 CST 1 Working
income+10 Fri Jan 14 15:24:00 CST 1 New Income
savings+10 Fri Jan 14 15:24:00 CST 1 Payment
sleepiness-50 Fri Jan 14 21:12:00 CST 1 Working
income+10 Fri Jan 14 21:12:00 CST 1 New Income
savings+10 Fri Jan 14 21:12:00 CST 1 Payment
sleepiness+100 Fri Jan 14 22:40:00 CST 1 Going home
sleepiness-50 Sat Jan 15 02:57:00 CST 1 Working
income+10 Sat Jan 15 02:57:00 CST 1 New Income
savings+10 Sat Jan 15 02:57:00 CST 1 Payment
