age+0 Sat Jan 01 14:16:00 CST 1 creation
sleepiness-50 Sat Jan 01 15:01:00 CST 1 Working
income+10 Sat Jan 01 15:01:00 CST 1 New Income
debt-10 Sat Jan 01 15:01:00 CST 1 Payment
sleepiness-50 Sat Jan 01 18:21:00 CST 1 Working
income+10 Sat Jan 01 18:21:00 CST 1 New Income
debt-10 Sat Jan 01 18:21:00 CST 1 Payment
sleepiness+100 Sat Jan 01 22:55:00 CST 1 Going home
sleepiness-50 Sun Jan 02 02:44:00 CST 1 Working
income+10 Sun Jan 02 02:44:00 CST 1 New Income
debt-10 Sun Jan 02 02:44:00 CST 1 Payment
sleepiness-50 Sun Jan 02 04:49:00 CST 1 Working
income+10 Sun Jan 02 04:49:00 CST 1 New Income
debt-10 Sun Jan 02 04:49:00 CST 1 Payment
sleepiness+100 Sun Jan 02 07:27:00 CST 1 Going home
sleepiness-50 Sun Jan 02 11:15:00 CST 1 Working
income+10 Sun Jan 02 11:15:00 CST 1 New Income
debt-10 Sun Jan 02 11:15:00 CST 1 Payment
sleepiness-50 Sun Jan 02 16:00:00 CST 1 Working
income+10 Sun Jan 02 16:00:00 CST 1 New Income
debt-10 Sun Jan 02 16:00:00 CST 1 Payment
thirst+90 Thu Jan 06 03:45:00 CST 1 Getting water
thirst+90 Wed Jan 12 09:43:00 CST 1 Getting water
companionship+10 Sat Jan 15 01:37:00 CST 1 Procreating
sleepiness-10 Sat Jan 15 01:37:00 CST 1 Procreating
