age+0 Sat Jan 01 11:16:00 CST 1 creation
sleepiness-50 Sat Jan 01 12:09:00 CST 1 Working
income+10 Sat Jan 01 12:09:00 CST 1 New Income
debt-10 Sat Jan 01 12:09:00 CST 1 Payment
sleepiness-50 Sat Jan 01 14:51:00 CST 1 Working
income+10 Sat Jan 01 14:51:00 CST 1 New Income
debt-10 Sat Jan 01 14:51:00 CST 1 Payment
sleepiness+100 Sat Jan 01 23:09:00 CST 1 Going home
sleepiness-50 Sun Jan 02 03:39:00 CST 1 Working
income+10 Sun Jan 02 03:39:00 CST 1 New Income
debt-10 Sun Jan 02 03:39:00 CST 1 Payment
sleepiness-50 Sun Jan 02 05:03:00 CST 1 Working
income+10 Sun Jan 02 05:03:00 CST 1 New Income
debt-10 Sun Jan 02 05:03:00 CST 1 Payment
sleepiness+100 Sun Jan 02 07:41:00 CST 1 Going home
sleepiness-50 Sun Jan 02 11:48:00 CST 1 Working
income+10 Sun Jan 02 11:48:00 CST 1 New Income
debt-10 Sun Jan 02 11:48:00 CST 1 Payment
sleepiness-50 Sun Jan 02 15:13:00 CST 1 Working
income+10 Sun Jan 02 15:13:00 CST 1 New Income
debt-10 Sun Jan 02 15:13:00 CST 1 Payment
thirst+90 Tue Jan 04 10:28:00 CST 1 Getting water
thirst+90 Mon Jan 10 16:18:00 CST 1 Getting water
companionship+10 Sat Jan 15 03:38:00 CST 1 Procreating
sleepiness-10 Sat Jan 15 03:38:00 CST 1 Procreating
