age+0 Sat Jan 01 11:16:00 CST 1 creation
sleepiness-50 Sat Jan 01 11:17:00 CST 1 Working
income+10 Sat Jan 01 11:17:00 CST 1 New Income
debt-10 Sat Jan 01 11:17:00 CST 1 Payment
sleepiness-50 Sat Jan 01 11:58:00 CST 1 Working
income+10 Sat Jan 01 11:58:00 CST 1 New Income
debt-10 Sat Jan 01 11:58:00 CST 1 Payment
companionship+10 Sat Jan 01 14:39:00 CST 1 Procreating
sleepiness-10 Sat Jan 01 14:39:00 CST 1 Procreating
sleepiness+100 Sun Jan 02 01:18:00 CST 1 Going home
sleepiness-50 Sun Jan 02 01:28:00 CST 1 Working
income+10 Sun Jan 02 01:28:00 CST 1 New Income
debt-10 Sun Jan 02 01:28:00 CST 1 Payment
sleepiness-50 Sun Jan 02 02:05:00 CST 1 Working
income+10 Sun Jan 02 02:05:00 CST 1 New Income
debt-10 Sun Jan 02 02:05:00 CST 1 Payment
sleepiness+100 Sun Jan 02 03:08:00 CST 1 Going home
sleepiness-50 Sun Jan 02 04:06:00 CST 1 Working
income+10 Sun Jan 02 04:06:00 CST 1 New Income
debt-10 Sun Jan 02 04:06:00 CST 1 Payment
sleepiness-50 Sun Jan 02 04:47:00 CST 1 Working
income+10 Sun Jan 02 04:47:00 CST 1 New Income
debt-10 Sun Jan 02 04:47:00 CST 1 Payment
sleepiness+100 Sun Jan 02 05:25:00 CST 1 Going home
sleepiness-50 Sun Jan 02 05:48:00 CST 1 Working
income+10 Sun Jan 02 05:48:00 CST 1 New Income
debt-10 Sun Jan 02 05:48:00 CST 1 Payment
sleepiness-50 Sun Jan 02 06:23:00 CST 1 Working
income+10 Sun Jan 02 06:23:00 CST 1 New Income
savings+10 Sun Jan 02 06:23:00 CST 1 Payment
income+0 Sun Jan 02 07:12:00 CST 1 Bought a House
bills+0 Sun Jan 02 07:12:00 CST 1 Bought a House
taxes+0 Sun Jan 02 07:12:00 CST 1 Bought a House
savings+36 Sun Jan 02 07:12:00 CST 1 Bought a House
debt+64 Sun Jan 02 07:12:00 CST 1 Bought a House
sleepiness+100 Sun Jan 02 07:23:00 CST 1 Going home
sleepiness-50 Sun Jan 02 08:24:00 CST 1 Working
income+10 Sun Jan 02 08:24:00 CST 1 New Income
debt-10 Sun Jan 02 08:24:00 CST 1 Payment
sleepiness-50 Sun Jan 02 09:14:00 CST 1 Working
income+10 Sun Jan 02 09:14:00 CST 1 New Income
debt-10 Sun Jan 02 09:14:00 CST 1 Payment
N/A+0 Wed Jan 05 00:00:00 CST 1 death
