age+0 Sat Jan 01 15:51:00 CST 1 creation
thirst+95 Sat Jan 01 15:53:00 CST 1 Getting water
sleepiness-50 Sat Jan 01 16:09:00 CST 1 Working
income+10 Sat Jan 01 16:09:00 CST 1 New Income
debt-10 Sat Jan 01 16:09:00 CST 1 Payment
sleepiness-50 Sat Jan 01 16:36:00 CST 1 Working
income+10 Sat Jan 01 16:36:00 CST 1 New Income
debt-10 Sat Jan 01 16:36:00 CST 1 Payment
sleepiness+100 Thu Jan 06 05:15:00 CST 1 Going home
sleepiness-50 Thu Jan 06 06:04:00 CST 1 Working
income+10 Thu Jan 06 06:04:00 CST 1 New Income
debt-10 Thu Jan 06 06:04:00 CST 1 Payment
sleepiness-50 Thu Jan 06 06:54:00 CST 1 Working
income+10 Thu Jan 06 06:54:00 CST 1 New Income
debt-10 Thu Jan 06 06:54:00 CST 1 Payment
sleepiness+100 Thu Jan 06 07:25:00 CST 1 Going home
sleepiness-50 Thu Jan 06 07:55:00 CST 1 Working
income+10 Thu Jan 06 07:55:00 CST 1 New Income
debt-10 Thu Jan 06 07:55:00 CST 1 Payment
sleepiness-50 Thu Jan 06 08:34:00 CST 1 Working
income+10 Thu Jan 06 08:34:00 CST 1 New Income
savings+10 Thu Jan 06 08:34:00 CST 1 Payment
sleepiness+100 Thu Jan 06 21:25:00 CST 1 Going home
sleepiness-50 Thu Jan 06 21:55:00 CST 1 Working
income+10 Thu Jan 06 21:55:00 CST 1 New Income
savings+10 Thu Jan 06 21:55:00 CST 1 Payment
sleepiness-50 Thu Jan 06 22:51:00 CST 1 Working
income+10 Thu Jan 06 22:51:00 CST 1 New Income
savings+10 Thu Jan 06 22:51:00 CST 1 Payment
sleepiness+100 Fri Jan 07 00:01:00 CST 1 Going home
sleepiness-50 Fri Jan 07 00:58:00 CST 1 Working
income+10 Fri Jan 07 00:58:00 CST 1 New Income
savings+10 Fri Jan 07 00:58:00 CST 1 Payment
sleepiness-50 Fri Jan 07 01:47:00 CST 1 Working
income+10 Fri Jan 07 01:47:00 CST 1 New Income
savings+10 Fri Jan 07 01:47:00 CST 1 Payment
sleepiness+100 Fri Jan 07 02:17:00 CST 1 Going home
sleepiness-50 Fri Jan 07 03:13:00 CST 1 Working
income+10 Fri Jan 07 03:13:00 CST 1 New Income
savings+10 Fri Jan 07 03:13:00 CST 1 Payment
sleepiness-50 Fri Jan 07 04:02:00 CST 1 Working
income+10 Fri Jan 07 04:02:00 CST 1 New Income
savings+10 Fri Jan 07 04:02:00 CST 1 Payment
sleepiness+100 Fri Jan 07 04:32:00 CST 1 Going home
sleepiness-50 Fri Jan 07 05:35:00 CST 1 Working
income+10 Fri Jan 07 05:35:00 CST 1 New Income
savings+10 Fri Jan 07 05:35:00 CST 1 Payment
sleepiness-50 Fri Jan 07 06:24:00 CST 1 Working
income+10 Fri Jan 07 06:24:00 CST 1 New Income
savings+10 Fri Jan 07 06:24:00 CST 1 Payment
sleepiness+100 Fri Jan 07 06:54:00 CST 1 Going home
sleepiness-50 Fri Jan 07 07:51:00 CST 1 Working
income+10 Fri Jan 07 07:51:00 CST 1 New Income
savings+10 Fri Jan 07 07:51:00 CST 1 Payment
sleepiness-50 Fri Jan 07 08:40:00 CST 1 Working
income+10 Fri Jan 07 08:40:00 CST 1 New Income
savings+10 Fri Jan 07 08:40:00 CST 1 Payment
sleepiness+100 Fri Jan 07 21:24:00 CST 1 Going home
sleepiness-50 Fri Jan 07 22:20:00 CST 1 Working
income+10 Fri Jan 07 22:20:00 CST 1 New Income
savings+10 Fri Jan 07 22:20:00 CST 1 Payment
sleepiness-50 Fri Jan 07 23:09:00 CST 1 Working
income+10 Fri Jan 07 23:09:00 CST 1 New Income
savings+10 Fri Jan 07 23:09:00 CST 1 Payment
sleepiness+100 Fri Jan 07 23:39:00 CST 1 Going home
sleepiness-50 Sat Jan 08 00:34:00 CST 1 Working
income+10 Sat Jan 08 00:34:00 CST 1 New Income
savings+10 Sat Jan 08 00:34:00 CST 1 Payment
sleepiness-50 Sat Jan 08 01:23:00 CST 1 Working
income+10 Sat Jan 08 01:23:00 CST 1 New Income
savings+10 Sat Jan 08 01:23:00 CST 1 Payment
trust+10 Sat Jan 08 05:52:00 CST 1 Voting
sleepiness+100 Sat Jan 08 10:49:00 CST 1 Going home
sleepiness-50 Sat Jan 08 12:02:00 CST 1 Working
income+10 Sat Jan 08 12:02:00 CST 1 New Income
savings+10 Sat Jan 08 12:02:00 CST 1 Payment
sleepiness-50 Sat Jan 08 12:51:00 CST 1 Working
income+10 Sat Jan 08 12:51:00 CST 1 New Income
savings+10 Sat Jan 08 12:51:00 CST 1 Payment
sleepiness+100 Sat Jan 08 21:24:00 CST 1 Going home
sleepiness-50 Sat Jan 08 22:27:00 CST 1 Working
income+10 Sat Jan 08 22:27:00 CST 1 New Income
savings+10 Sat Jan 08 22:27:00 CST 1 Payment
sleepiness-50 Sat Jan 08 23:16:00 CST 1 Working
income+10 Sat Jan 08 23:16:00 CST 1 New Income
savings+10 Sat Jan 08 23:16:00 CST 1 Payment
sleepiness+100 Sat Jan 08 23:46:00 CST 1 Going home
sleepiness-50 Sun Jan 09 00:47:00 CST 1 Working
income+10 Sun Jan 09 00:47:00 CST 1 New Income
savings+10 Sun Jan 09 00:47:00 CST 1 Payment
sleepiness-50 Sun Jan 09 01:36:00 CST 1 Working
income+10 Sun Jan 09 01:36:00 CST 1 New Income
savings+10 Sun Jan 09 01:36:00 CST 1 Payment
sleepiness+100 Sun Jan 09 02:06:00 CST 1 Going home
sleepiness-50 Sun Jan 09 03:03:00 CST 1 Working
income+10 Sun Jan 09 03:03:00 CST 1 New Income
savings+10 Sun Jan 09 03:03:00 CST 1 Payment
sleepiness-50 Sun Jan 09 03:57:00 CST 1 Working
income+10 Sun Jan 09 03:57:00 CST 1 New Income
savings+10 Sun Jan 09 03:57:00 CST 1 Payment
sleepiness+100 Sun Jan 09 04:51:00 CST 1 Going home
sleepiness-50 Sun Jan 09 06:06:00 CST 1 Working
income+10 Sun Jan 09 06:06:00 CST 1 New Income
savings+10 Sun Jan 09 06:06:00 CST 1 Payment
sleepiness-50 Sun Jan 09 06:56:00 CST 1 Working
income+10 Sun Jan 09 06:56:00 CST 1 New Income
savings+10 Sun Jan 09 06:56:00 CST 1 Payment
sleepiness+100 Sun Jan 09 07:26:00 CST 1 Going home
sleepiness-50 Sun Jan 09 08:04:00 CST 1 Working
income+10 Sun Jan 09 08:04:00 CST 1 New Income
savings+10 Sun Jan 09 08:04:00 CST 1 Payment
sleepiness-50 Sun Jan 09 08:54:00 CST 1 Working
income+10 Sun Jan 09 08:54:00 CST 1 New Income
savings+10 Sun Jan 09 08:54:00 CST 1 Payment
thirst+90 Sun Jan 09 18:40:00 CST 1 Getting water
sleepiness+100 Sun Jan 09 21:45:00 CST 1 Going home
sleepiness-50 Sun Jan 09 22:30:00 CST 1 Working
income+10 Sun Jan 09 22:30:00 CST 1 New Income
savings+10 Sun Jan 09 22:30:00 CST 1 Payment
sleepiness-50 Sun Jan 09 23:24:00 CST 1 Working
income+10 Sun Jan 09 23:24:00 CST 1 New Income
savings+10 Sun Jan 09 23:24:00 CST 1 Payment
sleepiness+100 Mon Jan 10 00:40:00 CST 1 Going home
sleepiness-50 Mon Jan 10 01:56:00 CST 1 Working
income+10 Mon Jan 10 01:56:00 CST 1 New Income
savings+10 Mon Jan 10 01:56:00 CST 1 Payment
sleepiness-50 Mon Jan 10 02:45:00 CST 1 Working
income+10 Mon Jan 10 02:45:00 CST 1 New Income
savings+10 Mon Jan 10 02:45:00 CST 1 Payment
sleepiness+100 Mon Jan 10 03:20:00 CST 1 Going home
sleepiness-50 Mon Jan 10 03:54:00 CST 1 Working
income+10 Mon Jan 10 03:54:00 CST 1 New Income
savings+10 Mon Jan 10 03:54:00 CST 1 Payment
sleepiness-50 Mon Jan 10 04:43:00 CST 1 Working
income+10 Mon Jan 10 04:43:00 CST 1 New Income
savings+10 Mon Jan 10 04:43:00 CST 1 Payment
sleepiness+100 Mon Jan 10 05:18:00 CST 1 Going home
sleepiness-50 Mon Jan 10 06:34:00 CST 1 Working
income+10 Mon Jan 10 06:34:00 CST 1 New Income
savings+10 Mon Jan 10 06:34:00 CST 1 Payment
sleepiness-50 Mon Jan 10 07:30:00 CST 1 Working
income+10 Mon Jan 10 07:30:00 CST 1 New Income
savings+10 Mon Jan 10 07:30:00 CST 1 Payment
sleepiness+100 Mon Jan 10 21:32:00 CST 1 Going home
sleepiness-50 Mon Jan 10 22:27:00 CST 1 Working
income+10 Mon Jan 10 22:27:00 CST 1 New Income
savings+10 Mon Jan 10 22:27:00 CST 1 Payment
sleepiness-50 Mon Jan 10 22:47:00 CST 1 Working
income+10 Mon Jan 10 22:47:00 CST 1 New Income
savings+10 Mon Jan 10 22:47:00 CST 1 Payment
sleepiness+100 Mon Jan 10 23:19:00 CST 1 Going home
sleepiness-50 Tue Jan 11 00:18:00 CST 1 Working
income+10 Tue Jan 11 00:18:00 CST 1 New Income
savings+10 Tue Jan 11 00:18:00 CST 1 Payment
sleepiness-50 Tue Jan 11 00:38:00 CST 1 Working
income+10 Tue Jan 11 00:38:00 CST 1 New Income
savings+10 Tue Jan 11 00:38:00 CST 1 Payment
sleepiness+100 Tue Jan 11 01:10:00 CST 1 Going home
sleepiness-50 Tue Jan 11 02:10:00 CST 1 Working
income+10 Tue Jan 11 02:10:00 CST 1 New Income
savings+10 Tue Jan 11 02:10:00 CST 1 Payment
sleepiness-50 Tue Jan 11 02:30:00 CST 1 Working
income+10 Tue Jan 11 02:30:00 CST 1 New Income
savings+10 Tue Jan 11 02:30:00 CST 1 Payment
sleepiness+100 Tue Jan 11 03:02:00 CST 1 Going home
sleepiness-50 Tue Jan 11 04:03:00 CST 1 Working
income+10 Tue Jan 11 04:03:00 CST 1 New Income
savings+10 Tue Jan 11 04:03:00 CST 1 Payment
sleepiness-50 Tue Jan 11 04:23:00 CST 1 Working
income+10 Tue Jan 11 04:23:00 CST 1 New Income
savings+10 Tue Jan 11 04:23:00 CST 1 Payment
sleepiness+100 Tue Jan 11 04:55:00 CST 1 Going home
sleepiness-50 Tue Jan 11 05:55:00 CST 1 Working
income+10 Tue Jan 11 05:55:00 CST 1 New Income
savings+10 Tue Jan 11 05:55:00 CST 1 Payment
sleepiness-50 Tue Jan 11 06:15:00 CST 1 Working
income+10 Tue Jan 11 06:15:00 CST 1 New Income
savings+10 Tue Jan 11 06:15:00 CST 1 Payment
sleepiness+100 Tue Jan 11 06:47:00 CST 1 Going home
sleepiness-50 Tue Jan 11 07:48:00 CST 1 Working
income+10 Tue Jan 11 07:48:00 CST 1 New Income
savings+10 Tue Jan 11 07:48:00 CST 1 Payment
sleepiness-50 Tue Jan 11 08:08:00 CST 1 Working
income+10 Tue Jan 11 08:08:00 CST 1 New Income
savings+10 Tue Jan 11 08:08:00 CST 1 Payment
sleepiness+100 Tue Jan 11 21:26:00 CST 1 Going home
sleepiness-50 Tue Jan 11 22:26:00 CST 1 Working
income+10 Tue Jan 11 22:26:00 CST 1 New Income
savings+10 Tue Jan 11 22:26:00 CST 1 Payment
sleepiness-50 Tue Jan 11 22:46:00 CST 1 Working
income+10 Tue Jan 11 22:46:00 CST 1 New Income
savings+10 Tue Jan 11 22:46:00 CST 1 Payment
sleepiness+100 Tue Jan 11 23:18:00 CST 1 Going home
sleepiness-50 Wed Jan 12 00:16:00 CST 1 Working
income+10 Wed Jan 12 00:16:00 CST 1 New Income
savings+10 Wed Jan 12 00:16:00 CST 1 Payment
sleepiness-50 Wed Jan 12 00:36:00 CST 1 Working
income+10 Wed Jan 12 00:36:00 CST 1 New Income
savings+10 Wed Jan 12 00:36:00 CST 1 Payment
sleepiness+100 Wed Jan 12 01:08:00 CST 1 Going home
sleepiness-50 Wed Jan 12 02:08:00 CST 1 Working
income+10 Wed Jan 12 02:08:00 CST 1 New Income
savings+10 Wed Jan 12 02:08:00 CST 1 Payment
sleepiness-50 Wed Jan 12 02:28:00 CST 1 Working
income+10 Wed Jan 12 02:28:00 CST 1 New Income
savings+10 Wed Jan 12 02:28:00 CST 1 Payment
sleepiness+100 Wed Jan 12 03:00:00 CST 1 Going home
sleepiness-50 Wed Jan 12 04:01:00 CST 1 Working
income+10 Wed Jan 12 04:01:00 CST 1 New Income
savings+10 Wed Jan 12 04:01:00 CST 1 Payment
sleepiness-50 Wed Jan 12 04:21:00 CST 1 Working
income+10 Wed Jan 12 04:21:00 CST 1 New Income
savings+10 Wed Jan 12 04:21:00 CST 1 Payment
