Sat Jan 01 10:40:00 CST 1 CowTown created!
Big Beefy598805: age+0 Sat Jan 01 10:40:00 CST 1 creation
Big Beefy563717: age+0 Sat Jan 01 10:40:00 CST 1 creation
Big Beefy161217: age+0 Sat Jan 01 10:40:00 CST 1 creation
Big Beefy502893: age+0 Sat Jan 01 10:40:00 CST 1 creation
Big Beefy629745: age+0 Sat Jan 01 10:40:00 CST 1 creation
Big Beefy633240: age+0 Sat Jan 01 10:40:00 CST 1 creation
Big Beefy563089: age+0 Sat Jan 01 10:40:00 CST 1 creation
Big Beefy994139: age+0 Sat Jan 01 10:40:00 CST 1 creation
Big Beefy477991: age+0 Sat Jan 01 10:40:00 CST 1 creation
Big Beefy229488: age+0 Sat Jan 01 10:40:00 CST 1 creation
Big Beefy676406: age+0 Sat Jan 01 10:40:00 CST 1 creation
Big Beefy500641: age+0 Sat Jan 01 10:40:00 CST 1 creation
Big Beefy342844: age+0 Sat Jan 01 10:40:00 CST 1 creation
Big Beefy90102: age+0 Sat Jan 01 10:40:00 CST 1 creation
Big Beefy630556: age+0 Sat Jan 01 10:40:00 CST 1 creation
Big Beefy549949: age+0 Sat Jan 01 10:40:00 CST 1 creation
Big Beefy819212: age+0 Sat Jan 01 10:40:00 CST 1 creation
Big Beefy12007: age+0 Sat Jan 01 10:40:00 CST 1 creation
Big Beefy244710: age+0 Sat Jan 01 10:40:00 CST 1 creation
Big Beefy487210: age+0 Sat Jan 01 10:40:00 CST 1 creation
Big Beefy134529: age+0 Sat Jan 01 10:40:00 CST 1 creation
Big Beefy32445: age+0 Sat Jan 01 10:40:00 CST 1 creation
Big Beefy21975: age+0 Sat Jan 01 10:40:00 CST 1 creation
Big Beefy720478: age+0 Sat Jan 01 10:40:00 CST 1 creation
Big Beefy2663: age+0 Sat Jan 01 10:40:00 CST 1 creation
Big Beefy731819: age+0 Sat Jan 01 10:40:00 CST 1 creation
Big Beefy873106: age+0 Sat Jan 01 10:40:00 CST 1 creation
Big Beefy410384: age+0 Sat Jan 01 10:40:00 CST 1 creation
Big Beefy148175: age+0 Sat Jan 01 10:40:00 CST 1 creation
Big Beefy542803: age+0 Sat Jan 01 10:40:00 CST 1 creation
Big Beefy959116: age+0 Sat Jan 01 10:40:00 CST 1 creation
Big Beefy163523: age+0 Sat Jan 01 10:40:00 CST 1 creation
Big Beefy55138: age+0 Sat Jan 01 10:40:00 CST 1 creation
Big Beefy954062: age+0 Sat Jan 01 10:40:00 CST 1 creation
Big Beefy431989: age+0 Sat Jan 01 10:40:00 CST 1 creation
Big Beefy792599: age+0 Sat Jan 01 10:40:00 CST 1 creation
Big Beefy796500: age+0 Sat Jan 01 10:40:00 CST 1 creation
Big Beefy401855: age+0 Sat Jan 01 10:40:00 CST 1 creation
Big Beefy920917: age+0 Sat Jan 01 10:40:00 CST 1 creation
Big Beefy133978: age+0 Sat Jan 01 10:40:00 CST 1 creation
Big Beefy934947: age+0 Sat Jan 01 10:40:00 CST 1 creation
Big Beefy891229: age+0 Sat Jan 01 10:40:00 CST 1 creation
Big Beefy961778: age+0 Sat Jan 01 10:40:00 CST 1 creation
Big Beefy122406: age+0 Sat Jan 01 10:40:00 CST 1 creation
Big Beefy462556: age+0 Sat Jan 01 10:40:00 CST 1 creation
Big Beefy571377: age+0 Sat Jan 01 10:40:00 CST 1 creation
Big Beefy413775: age+0 Sat Jan 01 10:40:00 CST 1 creation
Big Beefy159114: age+0 Sat Jan 01 10:40:00 CST 1 creation
Big Beefy436514: age+0 Sat Jan 01 10:40:00 CST 1 creation
Big Beefy484831: age+0 Sat Jan 01 10:40:00 CST 1 creation
Big Beefy103290: age+0 Sat Jan 01 10:40:00 CST 1 creation
Big Beefy81552: age+0 Sat Jan 01 10:40:00 CST 1 creation
Big Beefy561447: age+0 Sat Jan 01 10:40:00 CST 1 creation
Big Beefy320134: age+0 Sat Jan 01 10:40:00 CST 1 creation
Big Beefy645238: age+0 Sat Jan 01 10:40:00 CST 1 creation
Big Beefy133062: age+0 Sat Jan 01 10:40:00 CST 1 creation
Big Beefy901425: age+0 Sat Jan 01 10:40:00 CST 1 creation
Big Beefy308007: age+0 Sat Jan 01 10:40:00 CST 1 creation
Big Beefy842886: age+0 Sat Jan 01 10:40:00 CST 1 creation
Big Beefy420190: age+0 Sat Jan 01 10:40:00 CST 1 creation
Big Beefy747979: age+0 Sat Jan 01 10:40:00 CST 1 creation
Big Beefy205849: age+0 Sat Jan 01 10:40:00 CST 1 creation
Big Beefy716275: age+0 Sat Jan 01 10:40:00 CST 1 creation
Big Beefy530646: age+0 Sat Jan 01 10:40:00 CST 1 creation
Big Beefy376483: age+0 Sat Jan 01 10:40:00 CST 1 creation
Big Beefy88290: age+0 Sat Jan 01 10:40:00 CST 1 creation
Big Beefy34179: age+0 Sat Jan 01 10:40:00 CST 1 creation
Big Beefy73665: age+0 Sat Jan 01 10:40:00 CST 1 creation
Big Beefy914001: age+0 Sat Jan 01 10:40:00 CST 1 creation
Big Beefy472695: age+0 Sat Jan 01 10:40:00 CST 1 creation
Big Beefy306593: age+0 Sat Jan 01 10:40:00 CST 1 creation
Big Beefy106450: age+0 Sat Jan 01 10:40:00 CST 1 creation
Big Beefy221177: age+0 Sat Jan 01 10:40:00 CST 1 creation
Big Beefy987066: age+0 Sat Jan 01 10:40:00 CST 1 creation
Big Beefy771335: age+0 Sat Jan 01 10:40:00 CST 1 creation
Big Beefy744635: age+0 Sat Jan 01 10:40:00 CST 1 creation
Big Beefy608339: age+0 Sat Jan 01 10:40:00 CST 1 creation
Big Beefy414886: age+0 Sat Jan 01 10:40:00 CST 1 creation
Big Beefy638405: age+0 Sat Jan 01 10:40:00 CST 1 creation
Big Beefy44102: age+0 Sat Jan 01 10:40:00 CST 1 creation
Big Beefy216085: age+0 Sat Jan 01 10:40:00 CST 1 creation
Big Beefy673217: age+0 Sat Jan 01 10:40:00 CST 1 creation
Big Beefy958120: age+0 Sat Jan 01 10:40:00 CST 1 creation
Big Beefy686478: age+0 Sat Jan 01 10:40:00 CST 1 creation
Big Beefy915274: age+0 Sat Jan 01 10:40:00 CST 1 creation
Big Beefy736234: age+0 Sat Jan 01 10:40:00 CST 1 creation
Big Beefy908263: age+0 Sat Jan 01 10:40:00 CST 1 creation
Big Beefy234248: age+0 Sat Jan 01 10:40:00 CST 1 creation
Big Beefy786234: age+0 Sat Jan 01 10:40:00 CST 1 creation
Big Beefy661525: age+0 Sat Jan 01 10:40:00 CST 1 creation
Big Beefy428097: age+0 Sat Jan 01 10:40:00 CST 1 creation
Big Beefy520504: age+0 Sat Jan 01 10:40:00 CST 1 creation
Big Beefy23544: age+0 Sat Jan 01 10:40:00 CST 1 creation
Big Beefy588432: age+0 Sat Jan 01 10:40:00 CST 1 creation
Big Beefy293884: age+0 Sat Jan 01 10:40:00 CST 1 creation
Big Beefy73873: age+0 Sat Jan 01 10:40:00 CST 1 creation
Big Beefy121004: age+0 Sat Jan 01 10:40:00 CST 1 creation
Big Beefy997476: age+0 Sat Jan 01 10:40:00 CST 1 creation
Big Beefy735744: age+0 Sat Jan 01 10:40:00 CST 1 creation
Big Beefy561834: age+0 Sat Jan 01 10:40:00 CST 1 creation
Big Beefy502893: income+0 Sat Jan 01 10:40:00 CST 1 Bought a House
Big Beefy502893: bills+0 Sat Jan 01 10:40:00 CST 1 Bought a House
Big Beefy502893: taxes+0 Sat Jan 01 10:40:00 CST 1 Bought a House
Big Beefy502893: savings+37 Sat Jan 01 10:40:00 CST 1 Bought a House
Big Beefy502893: debt+63 Sat Jan 01 10:40:00 CST 1 Bought a House
Big Beefy549949: income+0 Sat Jan 01 10:40:00 CST 1 Bought a House
Big Beefy549949: bills+0 Sat Jan 01 10:40:00 CST 1 Bought a House
Big Beefy549949: taxes+0 Sat Jan 01 10:40:00 CST 1 Bought a House
Big Beefy549949: savings+32 Sat Jan 01 10:40:00 CST 1 Bought a House
Big Beefy549949: debt+68 Sat Jan 01 10:40:00 CST 1 Bought a House
Big Beefy244710: income+0 Sat Jan 01 10:40:00 CST 1 Bought a House
Big Beefy244710: bills+0 Sat Jan 01 10:40:00 CST 1 Bought a House
Big Beefy244710: taxes+0 Sat Jan 01 10:40:00 CST 1 Bought a House
Big Beefy244710: savings+34 Sat Jan 01 10:40:00 CST 1 Bought a House
Big Beefy244710: debt+66 Sat Jan 01 10:40:00 CST 1 Bought a House
Big Beefy122406: income+0 Sat Jan 01 10:40:00 CST 1 Bought a House
Big Beefy122406: bills+0 Sat Jan 01 10:40:00 CST 1 Bought a House
Big Beefy122406: taxes+0 Sat Jan 01 10:40:00 CST 1 Bought a House
Big Beefy122406: savings+62 Sat Jan 01 10:40:00 CST 1 Bought a House
Big Beefy122406: debt+38 Sat Jan 01 10:40:00 CST 1 Bought a House
Big Beefy914001: income+0 Sat Jan 01 10:40:00 CST 1 Bought a House
Big Beefy914001: bills+0 Sat Jan 01 10:40:00 CST 1 Bought a House
Big Beefy914001: taxes+0 Sat Jan 01 10:40:00 CST 1 Bought a House
Big Beefy914001: savings+45 Sat Jan 01 10:40:00 CST 1 Bought a House
Big Beefy914001: debt+55 Sat Jan 01 10:40:00 CST 1 Bought a House
Big Beefy44102: income+0 Sat Jan 01 10:40:00 CST 1 Bought a House
Big Beefy44102: bills+0 Sat Jan 01 10:40:00 CST 1 Bought a House
Big Beefy44102: taxes+0 Sat Jan 01 10:40:00 CST 1 Bought a House
Big Beefy44102: savings+42 Sat Jan 01 10:40:00 CST 1 Bought a House
Big Beefy44102: debt+58 Sat Jan 01 10:40:00 CST 1 Bought a House
Big Beefy216085: income+0 Sat Jan 01 10:40:00 CST 1 Bought a House
Big Beefy216085: bills+0 Sat Jan 01 10:40:00 CST 1 Bought a House
Big Beefy216085: taxes+0 Sat Jan 01 10:40:00 CST 1 Bought a House
Big Beefy216085: savings+48 Sat Jan 01 10:40:00 CST 1 Bought a House
Big Beefy216085: debt+52 Sat Jan 01 10:40:00 CST 1 Bought a House
Big Beefy915274: income+0 Sat Jan 01 10:40:00 CST 1 Bought a House
Big Beefy915274: bills+0 Sat Jan 01 10:40:00 CST 1 Bought a House
Big Beefy915274: taxes+0 Sat Jan 01 10:40:00 CST 1 Bought a House
Big Beefy915274: savings+66 Sat Jan 01 10:40:00 CST 1 Bought a House
Big Beefy915274: debt+34 Sat Jan 01 10:40:00 CST 1 Bought a House
Big Beefy561834: income+0 Sat Jan 01 10:40:00 CST 1 Bought a House
Big Beefy561834: bills+0 Sat Jan 01 10:40:00 CST 1 Bought a House
Big Beefy561834: taxes+0 Sat Jan 01 10:40:00 CST 1 Bought a House
Big Beefy561834: savings+33 Sat Jan 01 10:40:00 CST 1 Bought a House
Big Beefy561834: debt+67 Sat Jan 01 10:40:00 CST 1 Bought a House
Big Beefy676406: income+0 Sat Jan 01 11:08:00 CST 1 Bought a House
Big Beefy676406: bills+0 Sat Jan 01 11:08:00 CST 1 Bought a House
Big Beefy676406: taxes+0 Sat Jan 01 11:08:00 CST 1 Bought a House
Big Beefy676406: savings+82 Sat Jan 01 11:08:00 CST 1 Bought a House
Big Beefy676406: debt+18 Sat Jan 01 11:08:00 CST 1 Bought a House
